# name/game/hands/seed mildadaptive_v_biasDS_1k ./DeepStack-Leduc/ACPCServer/leduc.game 1000 3
#--t_response 600000
#--t_hand 600000
#--t_per_hand 7000
STATE:0:cc/cc:Ks|Qs/Kh:100|-100:deepstack|mild_adaptive
STATE:1:cc/cc:Qs|Qh/Ks:0|0:mild_adaptive|deepstack
STATE:2:r1200c/:Qh|As/Kh:-1200|1200:deepstack|mild_adaptive
STATE:3:cc/cc:Kh|Ks/Qs:0|0:mild_adaptive|deepstack
STATE:4:r1200f:As|Ks:100|-100:deepstack|mild_adaptive
STATE:5:cc/cc:Kh|Qh/Ah:100|-100:mild_adaptive|deepstack
STATE:6:r1200f:Ah|Ks:100|-100:deepstack|mild_adaptive
STATE:7:cr1200c/:As|Kh/Ah:1200|-1200:mild_adaptive|deepstack
STATE:8:cc/cc:Qh|Qs/Kh:0|0:deepstack|mild_adaptive
STATE:9:cr1200f:Qh|Ks:-100|100:mild_adaptive|deepstack
STATE:10:cc/r1200f:Qh|Kh/As:100|-100:deepstack|mild_adaptive
STATE:11:cr300f:Kh|Ks:-100|100:mild_adaptive|deepstack
STATE:12:cc/r1200f:As|Qh/Ah:100|-100:deepstack|mild_adaptive
STATE:13:cr300f:Qs|As:-100|100:mild_adaptive|deepstack
STATE:14:r1200f:Ah|Qh:100|-100:deepstack|mild_adaptive
STATE:15:cc/cr1200f:Qs|Kh/As:-100|100:mild_adaptive|deepstack
STATE:16:cc/r1200f:Qs|Kh/As:100|-100:deepstack|mild_adaptive
STATE:17:cr300f:Ks|As:-100|100:mild_adaptive|deepstack
STATE:18:r1200f:Ah|Qh:100|-100:deepstack|mild_adaptive
STATE:19:cr300f:Kh|As:-100|100:mild_adaptive|deepstack
STATE:20:cc/r1200f:Ks|Qs/Ah:100|-100:deepstack|mild_adaptive
STATE:21:cc/cr1200f:Qh|Ks/Kh:-100|100:mild_adaptive|deepstack
STATE:22:r300c/cc:Ah|Qs/Ks:300|-300:deepstack|mild_adaptive
STATE:23:cc/cr1200f:Kh|Qs/Qh:-100|100:mild_adaptive|deepstack
STATE:24:r1200c/:As|Ah/Kh:0|0:deepstack|mild_adaptive
STATE:25:cc/cr300c:Ah|Qs/Kh:300|-300:mild_adaptive|deepstack
STATE:26:r1200f:Kh|Qh:100|-100:deepstack|mild_adaptive
STATE:27:cr300f:Qs|As:-100|100:mild_adaptive|deepstack
STATE:28:cc/r1200c:Ah|Qh/Qs:-1200|1200:deepstack|mild_adaptive
STATE:29:cr300r1200c/:As|Ah/Qs:0|0:mild_adaptive|deepstack
STATE:30:cc/r1200f:Qh|As/Ks:100|-100:deepstack|mild_adaptive
STATE:31:cr1200f:Ks|Qh:-100|100:mild_adaptive|deepstack
STATE:32:r1200c/:As|Ah/Qs:0|0:deepstack|mild_adaptive
STATE:33:cc/cr1200f:Kh|Qs/Ah:-100|100:mild_adaptive|deepstack
STATE:34:cc/r300f:Ks|Qs/Kh:100|-100:deepstack|mild_adaptive
STATE:35:cr1200f:Ks|Kh:-100|100:mild_adaptive|deepstack
STATE:36:r1200f:Ah|Qh:100|-100:deepstack|mild_adaptive
STATE:37:cc/cc:Ah|Kh/Qh:100|-100:mild_adaptive|deepstack
STATE:38:cc/cc:Ah|Kh/Qs:100|-100:deepstack|mild_adaptive
STATE:39:cc/r300r1200f:Ks|Qh/As:-300|300:mild_adaptive|deepstack
STATE:40:r1200f:Qh|Ks:100|-100:deepstack|mild_adaptive
STATE:41:cr300f:Qs|Ah:-100|100:mild_adaptive|deepstack
STATE:42:cc/cc:Qh|Qs/Kh:0|0:deepstack|mild_adaptive
STATE:43:cr300f:Qh|As:-100|100:mild_adaptive|deepstack
STATE:44:cc/r1200c:As|Qh/Qs:-1200|1200:deepstack|mild_adaptive
STATE:45:cr1200f:Ks|Ah:-100|100:mild_adaptive|deepstack
STATE:46:cc/cc:Qs|Qh/Ah:0|0:deepstack|mild_adaptive
STATE:47:cc/cr300c:Ah|Qs/Qh:-300|300:mild_adaptive|deepstack
STATE:48:r1200f:Ah|Ks:100|-100:deepstack|mild_adaptive
STATE:49:cc/cc:Kh|As/Qh:-100|100:mild_adaptive|deepstack
STATE:50:cc/cc:Qh|Ks/Qs:100|-100:deepstack|mild_adaptive
STATE:51:cr1200f:Qh|Kh:-100|100:mild_adaptive|deepstack
STATE:52:r1200f:As|Qs:100|-100:deepstack|mild_adaptive
STATE:53:cr1200f:Kh|Ks:-100|100:mild_adaptive|deepstack
STATE:54:r1200c/:Qh|As/Qs:1200|-1200:deepstack|mild_adaptive
STATE:55:cr1200f:Qh|As:-100|100:mild_adaptive|deepstack
STATE:56:cc/cc:Ah|Ks/Qs:100|-100:deepstack|mild_adaptive
STATE:57:r1200f:As|Kh:100|-100:mild_adaptive|deepstack
STATE:58:cc/r1200f:Qs|As/Qh:100|-100:deepstack|mild_adaptive
STATE:59:cr1200c/:Ah|Qs/Qh:-1200|1200:mild_adaptive|deepstack
STATE:60:r1200c/:Qs|As/Ks:-1200|1200:deepstack|mild_adaptive
STATE:61:cr300f:Qh|Ah:-100|100:mild_adaptive|deepstack
STATE:62:r1200c/:Ks|As/Qh:-1200|1200:deepstack|mild_adaptive
STATE:63:cc/cc:Qs|Qh/Kh:0|0:mild_adaptive|deepstack
STATE:64:r1200c/:Ks|As/Qh:-1200|1200:deepstack|mild_adaptive
STATE:65:cc/cc:As|Ks/Qs:100|-100:mild_adaptive|deepstack
STATE:66:cc/cc:Kh|Qs/Ah:100|-100:deepstack|mild_adaptive
STATE:67:cr1200f:Kh|Qh:-100|100:mild_adaptive|deepstack
STATE:68:cc/cc:Qs|Ah/Qh:100|-100:deepstack|mild_adaptive
STATE:69:cc/r300r1200f:Kh|Qs/Qh:-300|300:mild_adaptive|deepstack
STATE:70:cr300c/r1200f:Kh|As/Qh:300|-300:deepstack|mild_adaptive
STATE:71:cr1200f:Ks|Qs:-100|100:mild_adaptive|deepstack
STATE:72:cc/r1200c:Ks|Qs/Qh:-1200|1200:deepstack|mild_adaptive
STATE:73:cr1200f:Qh|As:-100|100:mild_adaptive|deepstack
STATE:74:cr300c/cr1200f:Ks|Qs/Ah:-300|300:deepstack|mild_adaptive
STATE:75:cr300r1200c/:As|Ah/Qs:0|0:mild_adaptive|deepstack
STATE:76:cc/r1200c:Qh|Ah/As:-1200|1200:deepstack|mild_adaptive
STATE:77:r300c/cr900c:As|Qh/Kh:900|-900:mild_adaptive|deepstack
STATE:78:cc/cc:Kh|Ks/Qs:0|0:deepstack|mild_adaptive
STATE:79:cr300f:Qh|Ah:-100|100:mild_adaptive|deepstack
STATE:80:cc/cr300f:Qs|Kh/Ks:-100|100:deepstack|mild_adaptive
STATE:81:cr300f:Qs|As:-100|100:mild_adaptive|deepstack
STATE:82:r1200f:Kh|Qs:100|-100:deepstack|mild_adaptive
STATE:83:cc/cr1200f:Ks|Kh/As:-100|100:mild_adaptive|deepstack
STATE:84:r1200f:As|Qs:100|-100:deepstack|mild_adaptive
STATE:85:cc/cc:Ah|Qs/Ks:100|-100:mild_adaptive|deepstack
STATE:86:cc/cr300c:Ks|As/Ah:-300|300:deepstack|mild_adaptive
STATE:87:cr1200c/:Ah|As/Ks:0|0:mild_adaptive|deepstack
STATE:88:r1200f:As|Qh:100|-100:deepstack|mild_adaptive
STATE:89:cr300r1200f:Ah|Qh:300|-300:mild_adaptive|deepstack
STATE:90:cc/cc:Qh|Qs/Ks:0|0:deepstack|mild_adaptive
STATE:91:cc/cr1200f:As|Kh/Ks:-100|100:mild_adaptive|deepstack
STATE:92:cc/r1200f:Qh|Ks/Ah:100|-100:deepstack|mild_adaptive
STATE:93:cr1200f:Qs|Kh:-100|100:mild_adaptive|deepstack
STATE:94:r1200f:As|Qh:100|-100:deepstack|mild_adaptive
STATE:95:cc/cc:Qs|Qh/Ks:0|0:mild_adaptive|deepstack
STATE:96:cc/r1200f:Ks|Qh/Kh:100|-100:deepstack|mild_adaptive
STATE:97:cr1200c/:As|Ks/Ah:1200|-1200:mild_adaptive|deepstack
STATE:98:r1200c/:Kh|As/Ah:-1200|1200:deepstack|mild_adaptive
STATE:99:cr300r1200f:Ah|Ks:300|-300:mild_adaptive|deepstack
STATE:100:cc/r1200f:Qs|Ah/Ks:100|-100:deepstack|mild_adaptive
STATE:101:cc/cc:Ks|Qs/Ah:100|-100:mild_adaptive|deepstack
STATE:102:cc/cc:Qs|Ah/Kh:-100|100:deepstack|mild_adaptive
STATE:103:cr300f:Qs|Ah:-100|100:mild_adaptive|deepstack
STATE:104:cc/cc:Qh|Qs/Ah:0|0:deepstack|mild_adaptive
STATE:105:cr1200f:Qs|Ah:-100|100:mild_adaptive|deepstack
STATE:106:cr300f:Qh|Ah:-100|100:deepstack|mild_adaptive
STATE:107:cr1200f:Qs|Ah:-100|100:mild_adaptive|deepstack
STATE:108:cc/cc:Ah|Qs/Kh:100|-100:deepstack|mild_adaptive
STATE:109:r1200c/:As|Ah/Kh:0|0:mild_adaptive|deepstack
STATE:110:cr1200f:Qh|Ah:-100|100:deepstack|mild_adaptive
STATE:111:cc/cr1200f:Kh|Qs/Qh:-100|100:mild_adaptive|deepstack
STATE:112:r1200c/:Qh|Ah/Qs:1200|-1200:deepstack|mild_adaptive
STATE:113:cr1200f:Qs|Qh:-100|100:mild_adaptive|deepstack
STATE:114:cc/r300r900f:Ks|Ah/As:-300|300:deepstack|mild_adaptive
STATE:115:cc/cc:Qs|Kh/Ah:-100|100:mild_adaptive|deepstack
STATE:116:r1200f:Qh|Qs:100|-100:deepstack|mild_adaptive
STATE:117:cc/cr1200f:Kh|Qh/As:-100|100:mild_adaptive|deepstack
STATE:118:r1200f:Ah|Ks:100|-100:deepstack|mild_adaptive
STATE:119:cr300f:Kh|As:-100|100:mild_adaptive|deepstack
STATE:120:cr300r1200c/:Ah|As/Qh:0|0:deepstack|mild_adaptive
STATE:121:cr300c/cc:Qh|Ah/Qs:300|-300:mild_adaptive|deepstack
STATE:122:cr300f:Qh|Ah:-100|100:deepstack|mild_adaptive
STATE:123:cc/cr1200f:As|Ks/Kh:-100|100:mild_adaptive|deepstack
STATE:124:cc/cc:Kh|Qh/Ks:100|-100:deepstack|mild_adaptive
STATE:125:cr300f:Qh|Kh:-100|100:mild_adaptive|deepstack
STATE:126:r1200c/:Ks|As/Kh:1200|-1200:deepstack|mild_adaptive
STATE:127:cr1200f:Ks|Qs:-100|100:mild_adaptive|deepstack
STATE:128:r1200f:Qh|Kh:100|-100:deepstack|mild_adaptive
STATE:129:cr300c/cr1200f:Qh|As/Kh:-300|300:mild_adaptive|deepstack
STATE:130:r1200c/:Kh|As/Ah:-1200|1200:deepstack|mild_adaptive
STATE:131:cc/r300r1200c:Kh|Qh/As:1200|-1200:mild_adaptive|deepstack
STATE:132:cr300f:Qs|Ks:-100|100:deepstack|mild_adaptive
STATE:133:cr1200c/:Ah|Qh/Kh:1200|-1200:mild_adaptive|deepstack
STATE:134:cr300r1200c/:Ks|As/Qs:-1200|1200:deepstack|mild_adaptive
STATE:135:cr300r1200c/:As|Ah/Qs:0|0:mild_adaptive|deepstack
STATE:136:r1200f:As|Qh:100|-100:deepstack|mild_adaptive
STATE:137:r1200f:As|Kh:100|-100:mild_adaptive|deepstack
STATE:138:r1200f:As|Qh:100|-100:deepstack|mild_adaptive
STATE:139:cr1200f:Qs|Ks:-100|100:mild_adaptive|deepstack
STATE:140:cc/cc:Qs|As/Ks:-100|100:deepstack|mild_adaptive
STATE:141:cc/cc:Ks|Kh/Qs:0|0:mild_adaptive|deepstack
STATE:142:r1200f:Ah|Kh:100|-100:deepstack|mild_adaptive
STATE:143:cr1200f:Qs|Kh:-100|100:mild_adaptive|deepstack
STATE:144:r1200c/:Qs|Ah/Qh:1200|-1200:deepstack|mild_adaptive
STATE:145:cc/r1200f:Ah|Qh/As:100|-100:mild_adaptive|deepstack
STATE:146:r1200c/:Qh|Ah/Ks:-1200|1200:deepstack|mild_adaptive
STATE:147:cr1200f:Qs|Qh:-100|100:mild_adaptive|deepstack
STATE:148:r1200f:Ah|Qh:100|-100:deepstack|mild_adaptive
STATE:149:cc/cr300c:As|Ks/Qh:300|-300:mild_adaptive|deepstack
STATE:150:cc/cc:As|Qs/Kh:100|-100:deepstack|mild_adaptive
STATE:151:r1200f:As|Ks:100|-100:mild_adaptive|deepstack
STATE:152:cc/r1200f:Ks|Qh/Kh:100|-100:deepstack|mild_adaptive
STATE:153:cr300f:Qs|Kh:-100|100:mild_adaptive|deepstack
STATE:154:r1200c/:Qs|As/Ah:-1200|1200:deepstack|mild_adaptive
STATE:155:cr300c/cr1200f:Ks|Qh/As:-300|300:mild_adaptive|deepstack
STATE:156:r1200f:Qs|Ks:100|-100:deepstack|mild_adaptive
STATE:157:cc/cr1200f:Ah|Qh/Kh:-100|100:mild_adaptive|deepstack
STATE:158:cc/cc:Qh|Ks/As:-100|100:deepstack|mild_adaptive
STATE:159:cr1200f:Qs|Qh:-100|100:mild_adaptive|deepstack
STATE:160:r1200f:Kh|Qh:100|-100:deepstack|mild_adaptive
STATE:161:cr300f:Qs|As:-100|100:mild_adaptive|deepstack
STATE:162:cc/cc:Kh|As/Qs:-100|100:deepstack|mild_adaptive
STATE:163:cr1200f:Kh|Qh:-100|100:mild_adaptive|deepstack
STATE:164:cc/cc:As|Ks/Qh:100|-100:deepstack|mild_adaptive
STATE:165:cr1200c/:As|Ks/Qh:1200|-1200:mild_adaptive|deepstack
STATE:166:r1200f:Qh|Kh:100|-100:deepstack|mild_adaptive
STATE:167:cr300r1200f:Ah|Qh:300|-300:mild_adaptive|deepstack
STATE:168:r1200f:As|Kh:100|-100:deepstack|mild_adaptive
STATE:169:cr300f:Ks|Ah:-100|100:mild_adaptive|deepstack
STATE:170:r1200f:As|Ks:100|-100:deepstack|mild_adaptive
STATE:171:cc/cc:Qh|As/Qs:100|-100:mild_adaptive|deepstack
STATE:172:r300c/cc:Qs|Kh/Qh:300|-300:deepstack|mild_adaptive
STATE:173:cr300f:Ks|Ah:-100|100:mild_adaptive|deepstack
STATE:174:r1200c/:Qs|As/Ks:-1200|1200:deepstack|mild_adaptive
STATE:175:cc/cc:Kh|Qh/Ks:100|-100:mild_adaptive|deepstack
STATE:176:r1200f:Kh|Qh:100|-100:deepstack|mild_adaptive
STATE:177:cr1200c/:Ah|Ks/As:1200|-1200:mild_adaptive|deepstack
STATE:178:cc/cc:Qh|Qs/As:0|0:deepstack|mild_adaptive
STATE:179:cr1200f:Ks|Kh:-100|100:mild_adaptive|deepstack
STATE:180:cc/cc:Qh|Ah/Ks:-100|100:deepstack|mild_adaptive
STATE:181:cr1200c/:As|Ks/Qs:1200|-1200:mild_adaptive|deepstack
STATE:182:cc/cc:Qh|Qs/Kh:0|0:deepstack|mild_adaptive
STATE:183:cc/cr300f:Ah|Qs/Qh:-100|100:mild_adaptive|deepstack
STATE:184:cc/r1200f:Qh|Kh/Qs:100|-100:deepstack|mild_adaptive
STATE:185:cr300f:Kh|Ah:-100|100:mild_adaptive|deepstack
STATE:186:cc/r300f:Qs|Kh/Qh:100|-100:deepstack|mild_adaptive
STATE:187:cr1200c/:As|Qs/Ah:1200|-1200:mild_adaptive|deepstack
STATE:188:cc/cr300f:Qh|Ks/Kh:-100|100:deepstack|mild_adaptive
STATE:189:cr1200c/:As|Kh/Ks:-1200|1200:mild_adaptive|deepstack
STATE:190:cc/cr300r1200f:Kh|Qh/Ks:300|-300:deepstack|mild_adaptive
STATE:191:cr1200f:Kh|Qs:-100|100:mild_adaptive|deepstack
STATE:192:r1200c/:Kh|Ah/Qh:-1200|1200:deepstack|mild_adaptive
STATE:193:cc/cr300f:Qh|Ks/Kh:-100|100:mild_adaptive|deepstack
STATE:194:cc/cr300f:Kh|Qs/Qh:-100|100:deepstack|mild_adaptive
STATE:195:cr300f:Qh|Ah:-100|100:mild_adaptive|deepstack
STATE:196:cc/cr300r1200c:Qs|Ah/As:-1200|1200:deepstack|mild_adaptive
STATE:197:cc/cr300f:Ah|Qh/Qs:-100|100:mild_adaptive|deepstack
STATE:198:cc/r1200f:Qs|Ks/As:100|-100:deepstack|mild_adaptive
STATE:199:cr1200f:Kh|As:-100|100:mild_adaptive|deepstack
STATE:200:cc/cc:Qh|Qs/Kh:0|0:deepstack|mild_adaptive
STATE:201:cc/cc:Qh|Kh/Qs:100|-100:mild_adaptive|deepstack
STATE:202:r1200c/:Qs|Ah/Ks:-1200|1200:deepstack|mild_adaptive
STATE:203:cr1200c/:Ah|Kh/Ks:-1200|1200:mild_adaptive|deepstack
STATE:204:cc/cc:As|Qs/Ks:100|-100:deepstack|mild_adaptive
STATE:205:cr1200f:Ks|Ah:-100|100:mild_adaptive|deepstack
STATE:206:r1200c/:Ah|As/Ks:0|0:deepstack|mild_adaptive
STATE:207:cc/r300r900r1200f:Ah|Qs/As:900|-900:mild_adaptive|deepstack
STATE:208:cc/cr300r1200c:Ah|Ks/Kh:-1200|1200:deepstack|mild_adaptive
STATE:209:cr300f:Qs|As:-100|100:mild_adaptive|deepstack
STATE:210:cc/r300f:Ks|Qh/As:100|-100:deepstack|mild_adaptive
STATE:211:cc/cc:Qh|Qs/As:0|0:mild_adaptive|deepstack
STATE:212:cc/cc:Ks|As/Qs:-100|100:deepstack|mild_adaptive
STATE:213:cc/cc:Qh|Ks/As:-100|100:mild_adaptive|deepstack
STATE:214:cr300r1200c/:Qh|As/Ks:-1200|1200:deepstack|mild_adaptive
STATE:215:cr300f:Ks|Ah:-100|100:mild_adaptive|deepstack
STATE:216:r1200f:As|Qs:100|-100:deepstack|mild_adaptive
STATE:217:cr300f:Ks|Ah:-100|100:mild_adaptive|deepstack
STATE:218:cc/cc:As|Ah/Kh:0|0:deepstack|mild_adaptive
STATE:219:r300r1200f:Qh|Ah:-300|300:mild_adaptive|deepstack
STATE:220:cc/r1200f:Ah|Qs/As:100|-100:deepstack|mild_adaptive
STATE:221:cr1200f:Ks|Qh:-100|100:mild_adaptive|deepstack
STATE:222:cc/r1200f:Kh|Ks/As:100|-100:deepstack|mild_adaptive
STATE:223:cc/cc:Ah|Qh/Kh:100|-100:mild_adaptive|deepstack
STATE:224:cc/cc:Kh|Ah/Qs:-100|100:deepstack|mild_adaptive
STATE:225:cc/cc:Kh|As/Qh:-100|100:mild_adaptive|deepstack
STATE:226:cr300c/r1200f:Kh|Ah/Ks:300|-300:deepstack|mild_adaptive
STATE:227:cr300r1200c/:Ah|As/Ks:0|0:mild_adaptive|deepstack
STATE:228:cr1200c/:As|Ah/Qh:0|0:deepstack|mild_adaptive
STATE:229:cc/cr1200c:Ks|Qh/Kh:1200|-1200:mild_adaptive|deepstack
STATE:230:cc/r1200f:Qs|Kh/Qh:100|-100:deepstack|mild_adaptive
STATE:231:cc/cr300f:As|Kh/Ks:-100|100:mild_adaptive|deepstack
STATE:232:cc/r300f:Kh|Ks/As:100|-100:deepstack|mild_adaptive
STATE:233:cc/r1200f:Qh|Kh/Ah:100|-100:mild_adaptive|deepstack
STATE:234:cc/r300f:Ks|Kh/As:100|-100:deepstack|mild_adaptive
STATE:235:cr300c/r900r1200c:Kh|Qs/Ks:1200|-1200:mild_adaptive|deepstack
STATE:236:r1200f:Qh|Ks:100|-100:deepstack|mild_adaptive
STATE:237:cc/cr300f:Ah|Kh/Ks:-100|100:mild_adaptive|deepstack
STATE:238:r300c/r1200f:As|Ks/Qh:300|-300:deepstack|mild_adaptive
STATE:239:cr1200f:Ks|Qs:-100|100:mild_adaptive|deepstack
STATE:240:cc/cr300f:Ah|Qs/Qh:-100|100:deepstack|mild_adaptive
STATE:241:cc/cr300c:Ah|Ks/Kh:-300|300:mild_adaptive|deepstack
STATE:242:cc/cc:Ks|Kh/Ah:0|0:deepstack|mild_adaptive
STATE:243:cc/cr1200f:Ah|Kh/Qh:-100|100:mild_adaptive|deepstack
STATE:244:cc/r1200f:Ah|Kh/Qs:100|-100:deepstack|mild_adaptive
STATE:245:cr1200f:Qh|Ah:-100|100:mild_adaptive|deepstack
STATE:246:r1200c/:Kh|As/Ah:-1200|1200:deepstack|mild_adaptive
STATE:247:cr1200c/:Ah|Kh/Qs:1200|-1200:mild_adaptive|deepstack
STATE:248:r1200f:Ah|Qs:100|-100:deepstack|mild_adaptive
STATE:249:cr300f:Qs|As:-100|100:mild_adaptive|deepstack
STATE:250:r1200f:Ks|Kh:100|-100:deepstack|mild_adaptive
STATE:251:cr1200f:Qh|As:-100|100:mild_adaptive|deepstack
STATE:252:cc/cr300f:Ah|Kh/Ks:-100|100:deepstack|mild_adaptive
STATE:253:cr1200f:Ks|As:-100|100:mild_adaptive|deepstack
STATE:254:r1200c/:Ah|As/Kh:0|0:deepstack|mild_adaptive
STATE:255:cc/r300f:Kh|Ks/As:100|-100:mild_adaptive|deepstack
STATE:256:r1200f:Ks|Qs:100|-100:deepstack|mild_adaptive
STATE:257:cr300r1200c/:As|Ah/Qs:0|0:mild_adaptive|deepstack
STATE:258:cc/cc:Qh|Qs/Ks:0|0:deepstack|mild_adaptive
STATE:259:cc/cr1200f:Qh|Qs/Ks:-100|100:mild_adaptive|deepstack
STATE:260:cc/cc:Qh|Ks/Ah:-100|100:deepstack|mild_adaptive
STATE:261:cr300f:Ks|As:-100|100:mild_adaptive|deepstack
STATE:262:r1200f:Qh|Kh:100|-100:deepstack|mild_adaptive
STATE:263:cc/r300f:Kh|Ks/As:100|-100:mild_adaptive|deepstack
STATE:264:cc/cc:Kh|As/Qh:-100|100:deepstack|mild_adaptive
STATE:265:cr1200f:Kh|Qh:-100|100:mild_adaptive|deepstack
STATE:266:cr300c/cc:Ks|As/Qs:-300|300:deepstack|mild_adaptive
STATE:267:cc/cr1200f:Qh|Ks/As:-100|100:mild_adaptive|deepstack
STATE:268:r1200f:Ah|Ks:100|-100:deepstack|mild_adaptive
STATE:269:cr300f:Ks|Kh:-100|100:mild_adaptive|deepstack
STATE:270:cr300r1200c/:Ks|Ah/Qh:-1200|1200:deepstack|mild_adaptive
STATE:271:cc/r300f:Ks|Qh/Kh:100|-100:mild_adaptive|deepstack
STATE:272:cc/cr300f:Qs|Ks/Kh:-100|100:deepstack|mild_adaptive
STATE:273:cc/cc:Ks|Qs/Ah:100|-100:mild_adaptive|deepstack
STATE:274:cr300c/cc:Qh|Ah/Kh:-300|300:deepstack|mild_adaptive
STATE:275:cr300f:Kh|Ah:-100|100:mild_adaptive|deepstack
STATE:276:cc/r1200f:Kh|As/Ks:100|-100:deepstack|mild_adaptive
STATE:277:cc/cc:Ks|Kh/Ah:0|0:mild_adaptive|deepstack
STATE:278:cc/cc:Qh|Ah/Qs:100|-100:deepstack|mild_adaptive
STATE:279:cr300f:Ks|As:-100|100:mild_adaptive|deepstack
STATE:280:cc/cc:Qs|Qh/As:0|0:deepstack|mild_adaptive
STATE:281:cc/cr1200f:As|Qs/Qh:-100|100:mild_adaptive|deepstack
STATE:282:r1200c/:Ah|As/Qh:0|0:deepstack|mild_adaptive
STATE:283:cc/cc:Ah|Kh/Qs:100|-100:mild_adaptive|deepstack
STATE:284:cc/r1200f:As|Kh/Ah:100|-100:deepstack|mild_adaptive
STATE:285:cr300c/cc:Qs|Ah/Ks:-300|300:mild_adaptive|deepstack
STATE:286:r1200f:Qs|Qh:100|-100:deepstack|mild_adaptive
STATE:287:cr1200c/:Ah|Ks/As:1200|-1200:mild_adaptive|deepstack
STATE:288:cc/cr300f:Ah|Kh/Ks:-100|100:deepstack|mild_adaptive
STATE:289:cr300r1200c/:As|Ah/Ks:0|0:mild_adaptive|deepstack
STATE:290:r1200f:As|Qs:100|-100:deepstack|mild_adaptive
STATE:291:cc/cr300r1200f:Qs|Ks/Qh:300|-300:mild_adaptive|deepstack
STATE:292:r1200c/:As|Ah/Kh:0|0:deepstack|mild_adaptive
STATE:293:cc/cc:Ah|Ks/Qh:100|-100:mild_adaptive|deepstack
STATE:294:cc/cc:Ks|As/Kh:100|-100:deepstack|mild_adaptive
STATE:295:cr1200c/:As|Ah/Kh:0|0:mild_adaptive|deepstack
STATE:296:r1200c/:Qs|Ah/Kh:-1200|1200:deepstack|mild_adaptive
STATE:297:r1200f:As|Qs:100|-100:mild_adaptive|deepstack
STATE:298:cc/r1200f:As|Qh/Ah:100|-100:deepstack|mild_adaptive
STATE:299:cr1200f:Qs|Ks:-100|100:mild_adaptive|deepstack
STATE:300:cc/cc:Qh|Qs/Kh:0|0:deepstack|mild_adaptive
STATE:301:cr300f:Qs|As:-100|100:mild_adaptive|deepstack
STATE:302:r1200f:As|Kh:100|-100:deepstack|mild_adaptive
STATE:303:cc/cr1200f:Qh|Qs/Ks:-100|100:mild_adaptive|deepstack
STATE:304:cc/cc:Ah|Qs/Kh:100|-100:deepstack|mild_adaptive
STATE:305:cr300r1200f:Ah|Qs:300|-300:mild_adaptive|deepstack
STATE:306:cc/r1200f:Kh|As/Qs:100|-100:deepstack|mild_adaptive
STATE:307:r1200f:As|Ks:100|-100:mild_adaptive|deepstack
STATE:308:cc/r1200f:Kh|Ah/Qs:100|-100:deepstack|mild_adaptive
STATE:309:cc/cr1200f:Qh|Kh/Ah:-100|100:mild_adaptive|deepstack
STATE:310:cr300c/cc:Ah|Ks/As:300|-300:deepstack|mild_adaptive
STATE:311:r1200f:As|Qh:100|-100:mild_adaptive|deepstack
STATE:312:r1200c/:Ks|As/Kh:1200|-1200:deepstack|mild_adaptive
STATE:313:cr300f:Ks|Ah:-100|100:mild_adaptive|deepstack
STATE:314:r1200c/:Qh|As/Kh:-1200|1200:deepstack|mild_adaptive
STATE:315:cc/cr1200c:Ks|As/Kh:1200|-1200:mild_adaptive|deepstack
STATE:316:cc/cc:Kh|Ks/Qh:0|0:deepstack|mild_adaptive
STATE:317:cr1200f:Kh|Qh:-100|100:mild_adaptive|deepstack
STATE:318:r1200f:Qh|Kh:100|-100:deepstack|mild_adaptive
STATE:319:cc/cc:Ks|Qh/Ah:100|-100:mild_adaptive|deepstack
STATE:320:r1200c/:As|Ah/Qs:0|0:deepstack|mild_adaptive
STATE:321:r300r1200f:Ks|Kh:-300|300:mild_adaptive|deepstack
STATE:322:cc/r1200c:Ks|Qs/Qh:-1200|1200:deepstack|mild_adaptive
STATE:323:cc/cc:Ks|Kh/Qh:0|0:mild_adaptive|deepstack
STATE:324:cc/r300f:Kh|Qs/Ks:100|-100:deepstack|mild_adaptive
STATE:325:cr300f:Ks|As:-100|100:mild_adaptive|deepstack
STATE:326:cc/cc:Ks|Ah/Kh:100|-100:deepstack|mild_adaptive
STATE:327:cr300r1200f:Ah|Qs:300|-300:mild_adaptive|deepstack
STATE:328:cc/cc:Kh|Ks/Qs:0|0:deepstack|mild_adaptive
STATE:329:cr300f:Qs|As:-100|100:mild_adaptive|deepstack
STATE:330:cc/cr300r1200c:Ah|Kh/Ks:-1200|1200:deepstack|mild_adaptive
STATE:331:cc/cc:Ks|Qh/Kh:100|-100:mild_adaptive|deepstack
STATE:332:r1200f:Ks|Qs:100|-100:deepstack|mild_adaptive
STATE:333:r1200c/:As|Ah/Qs:0|0:mild_adaptive|deepstack
STATE:334:r1200f:Ks|Qs:100|-100:deepstack|mild_adaptive
STATE:335:cr300r1200f:Ah|Qh:300|-300:mild_adaptive|deepstack
STATE:336:cc/cc:Qs|Qh/Kh:0|0:deepstack|mild_adaptive
STATE:337:cr300f:Kh|Ah:-100|100:mild_adaptive|deepstack
STATE:338:cc/cc:Kh|Ah/Qh:-100|100:deepstack|mild_adaptive
STATE:339:cr1200c/:As|Ks/Kh:-1200|1200:mild_adaptive|deepstack
STATE:340:cr300r1200f:Ks|Kh:300|-300:deepstack|mild_adaptive
STATE:341:cr1200c/:As|Ah/Qh:0|0:mild_adaptive|deepstack
STATE:342:cc/cr300c:Kh|Ah/As:-300|300:deepstack|mild_adaptive
STATE:343:cr1200f:Ks|Qs:-100|100:mild_adaptive|deepstack
STATE:344:r1200f:As|Ks:100|-100:deepstack|mild_adaptive
STATE:345:cr300r1200c/:Ah|As/Qs:0|0:mild_adaptive|deepstack
STATE:346:cc/cc:Ks|Qh/Kh:100|-100:deepstack|mild_adaptive
STATE:347:cc/cc:As|Ks/Qs:100|-100:mild_adaptive|deepstack
STATE:348:r1200f:Qh|Qs:100|-100:deepstack|mild_adaptive
STATE:349:cr300f:Ks|Ah:-100|100:mild_adaptive|deepstack
STATE:350:r1200f:Qh|Ks:100|-100:deepstack|mild_adaptive
STATE:351:cc/cr300f:Kh|Qh/Qs:-100|100:mild_adaptive|deepstack
STATE:352:r1200f:Ks|Qs:100|-100:deepstack|mild_adaptive
STATE:353:cc/cc:Kh|Ah/Qs:-100|100:mild_adaptive|deepstack
STATE:354:cc/cc:Qs|Ks/Qh:100|-100:deepstack|mild_adaptive
STATE:355:cr300f:Qh|Ah:-100|100:mild_adaptive|deepstack
STATE:356:r300c/r1200f:As|Qs/Ks:300|-300:deepstack|mild_adaptive
STATE:357:cr1200c/:Ah|Kh/As:1200|-1200:mild_adaptive|deepstack
STATE:358:cc/cc:Qs|Kh/Ah:-100|100:deepstack|mild_adaptive
STATE:359:cc/cr300f:Ah|Qh/Kh:-100|100:mild_adaptive|deepstack
STATE:360:r1200f:Qh|Ks:100|-100:deepstack|mild_adaptive
STATE:361:cr300f:Kh|Qh:-100|100:mild_adaptive|deepstack
STATE:362:cc/cc:Ah|As/Kh:0|0:deepstack|mild_adaptive
STATE:363:cc/cr1200f:As|Kh/Ks:-100|100:mild_adaptive|deepstack
STATE:364:r1200f:Ah|Ks:100|-100:deepstack|mild_adaptive
STATE:365:cr1200f:Qs|Ks:-100|100:mild_adaptive|deepstack
STATE:366:cc/r1200f:Qh|Kh/Ah:100|-100:deepstack|mild_adaptive
STATE:367:cr1200f:Kh|Qh:-100|100:mild_adaptive|deepstack
STATE:368:cr300r1200f:Ks|Qs:300|-300:deepstack|mild_adaptive
STATE:369:cr300f:Kh|As:-100|100:mild_adaptive|deepstack
STATE:370:cc/cc:Ah|Qh/As:100|-100:deepstack|mild_adaptive
STATE:371:cr1200f:Kh|Ks:-100|100:mild_adaptive|deepstack
STATE:372:cc/cc:Ah|As/Ks:0|0:deepstack|mild_adaptive
STATE:373:cr1200f:Qh|Ks:-100|100:mild_adaptive|deepstack
STATE:374:cc/cc:Ah|Qh/Ks:100|-100:deepstack|mild_adaptive
STATE:375:cc/cc:Ah|Qh/Kh:100|-100:mild_adaptive|deepstack
STATE:376:r1200c/:Ks|As/Qs:-1200|1200:deepstack|mild_adaptive
STATE:377:cc/cc:Kh|Qh/Ks:100|-100:mild_adaptive|deepstack
STATE:378:r1200f:As|Kh:100|-100:deepstack|mild_adaptive
STATE:379:cr1200f:Ks|As:-100|100:mild_adaptive|deepstack
STATE:380:r1200f:Ah|Qh:100|-100:deepstack|mild_adaptive
STATE:381:r1200f:Ah|Ks:100|-100:mild_adaptive|deepstack
STATE:382:r1200c/:Qh|As/Ks:-1200|1200:deepstack|mild_adaptive
STATE:383:cr1200f:Ks|As:-100|100:mild_adaptive|deepstack
STATE:384:r1200f:Ah|Qs:100|-100:deepstack|mild_adaptive
STATE:385:cr1200c/:Ah|Kh/Ks:-1200|1200:mild_adaptive|deepstack
STATE:386:r1200f:Ah|Qs:100|-100:deepstack|mild_adaptive
STATE:387:cc/cc:Qh|Kh/As:-100|100:mild_adaptive|deepstack
STATE:388:r1200f:As|Qs:100|-100:deepstack|mild_adaptive
STATE:389:cr1200f:Ks|Qh:-100|100:mild_adaptive|deepstack
STATE:390:cc/r300f:Ks|As/Qh:100|-100:deepstack|mild_adaptive
STATE:391:cr1200f:Ks|As:-100|100:mild_adaptive|deepstack
STATE:392:r1200f:As|Ks:100|-100:deepstack|mild_adaptive
STATE:393:cr300f:Kh|As:-100|100:mild_adaptive|deepstack
STATE:394:cc/r1200f:Qs|As/Kh:100|-100:deepstack|mild_adaptive
STATE:395:cr300f:Kh|As:-100|100:mild_adaptive|deepstack
STATE:396:cr300r1200f:Ks|Qs:300|-300:deepstack|mild_adaptive
STATE:397:cc/cr300f:Ah|Kh/Ks:-100|100:mild_adaptive|deepstack
STATE:398:cc/r1200f:Qs|Ks/Ah:100|-100:deepstack|mild_adaptive
STATE:399:cr1200f:Qh|Ah:-100|100:mild_adaptive|deepstack
STATE:400:cc/r1200c:Ah|Kh/Ks:-1200|1200:deepstack|mild_adaptive
STATE:401:cr300f:Qh|Ah:-100|100:mild_adaptive|deepstack
STATE:402:cc/cc:Qh|Ah/Kh:-100|100:deepstack|mild_adaptive
STATE:403:cc/r300r1200c:Kh|Qs/Ks:1200|-1200:mild_adaptive|deepstack
STATE:404:cc/r1200c:As|Qh/Qs:-1200|1200:deepstack|mild_adaptive
STATE:405:cr300f:Qs|Ah:-100|100:mild_adaptive|deepstack
STATE:406:cc/cc:Ah|Kh/Qs:100|-100:deepstack|mild_adaptive
STATE:407:cc/cr1200c:Qs|As/Qh:1200|-1200:mild_adaptive|deepstack
STATE:408:cc/r300f:Ks|Qs/As:100|-100:deepstack|mild_adaptive
STATE:409:r1200f:Ah|Qs:100|-100:mild_adaptive|deepstack
STATE:410:r1200f:As|Kh:100|-100:deepstack|mild_adaptive
STATE:411:cr1200f:Ks|Qs:-100|100:mild_adaptive|deepstack
STATE:412:cc/cc:Qs|Kh/Ah:-100|100:deepstack|mild_adaptive
STATE:413:cr300f:Kh|Ks:-100|100:mild_adaptive|deepstack
STATE:414:r1200f:Kh|Qh:100|-100:deepstack|mild_adaptive
STATE:415:cc/cr300f:Qh|Ks/Kh:-100|100:mild_adaptive|deepstack
STATE:416:cc/cc:Qh|Qs/Ah:0|0:deepstack|mild_adaptive
STATE:417:cr300f:Kh|As:-100|100:mild_adaptive|deepstack
STATE:418:cr300r1200f:Ah|Ks:300|-300:deepstack|mild_adaptive
STATE:419:cr300r1200f:Ah|Qs:300|-300:mild_adaptive|deepstack
STATE:420:r1200f:Qs|Ks:100|-100:deepstack|mild_adaptive
STATE:421:r1200f:As|Ks:100|-100:mild_adaptive|deepstack
STATE:422:cr300f:Qs|Ah:-100|100:deepstack|mild_adaptive
STATE:423:cr1200f:Kh|Ks:-100|100:mild_adaptive|deepstack
STATE:424:r1200f:As|Qs:100|-100:deepstack|mild_adaptive
STATE:425:cr300f:Qs|As:-100|100:mild_adaptive|deepstack
STATE:426:cc/cc:Qs|Ah/Ks:-100|100:deepstack|mild_adaptive
STATE:427:cc/cc:Qs|Kh/Qh:100|-100:mild_adaptive|deepstack
STATE:428:r1200f:As|Qs:100|-100:deepstack|mild_adaptive
STATE:429:cr300c/cr900c:Kh|Ah/As:-900|900:mild_adaptive|deepstack
STATE:430:cc/cc:Qh|Ks/Qs:100|-100:deepstack|mild_adaptive
STATE:431:r1200f:As|Qs:100|-100:mild_adaptive|deepstack
STATE:432:r1200f:Kh|Ks:100|-100:deepstack|mild_adaptive
STATE:433:cc/cr300f:Ah|Qh/Qs:-100|100:mild_adaptive|deepstack
STATE:434:r1200f:Ah|Qh:100|-100:deepstack|mild_adaptive
STATE:435:cc/cc:Qh|Ah/Ks:-100|100:mild_adaptive|deepstack
STATE:436:cc/r1200f:As|Kh/Qs:100|-100:deepstack|mild_adaptive
STATE:437:r1200f:Ah|Qh:100|-100:mild_adaptive|deepstack
STATE:438:r1200f:Ah|Qs:100|-100:deepstack|mild_adaptive
STATE:439:cr1200f:Kh|Qh:-100|100:mild_adaptive|deepstack
STATE:440:r1200f:Ah|Ks:100|-100:deepstack|mild_adaptive
STATE:441:cr300f:Kh|Ah:-100|100:mild_adaptive|deepstack
STATE:442:cc/cc:Ah|Kh/Qs:100|-100:deepstack|mild_adaptive
STATE:443:r1200f:Ah|Ks:100|-100:mild_adaptive|deepstack
STATE:444:cc/cc:Kh|As/Qs:-100|100:deepstack|mild_adaptive
STATE:445:cr1200c/:Ah|Qh/Kh:1200|-1200:mild_adaptive|deepstack
STATE:446:cr300f:Kh|Ah:-100|100:deepstack|mild_adaptive
STATE:447:cc/cr1200f:Ah|Qs/Ks:-100|100:mild_adaptive|deepstack
STATE:448:cc/r300f:Ah|Ks/As:100|-100:deepstack|mild_adaptive
STATE:449:cc/cr300f:Qh|Ks/Kh:-100|100:mild_adaptive|deepstack
STATE:450:cc/r1200f:Qs|As/Kh:100|-100:deepstack|mild_adaptive
STATE:451:cc/cr1200f:Qh|Qs/As:-100|100:mild_adaptive|deepstack
STATE:452:cc/r1200f:Kh|Qh/Ah:100|-100:deepstack|mild_adaptive
STATE:453:cc/cr300f:Kh|Ks/Qh:-100|100:mild_adaptive|deepstack
STATE:454:r1200c/:Kh|Ah/Ks:1200|-1200:deepstack|mild_adaptive
STATE:455:cr1200f:Qs|Qh:-100|100:mild_adaptive|deepstack
STATE:456:cc/cc:Ah|As/Ks:0|0:deepstack|mild_adaptive
STATE:457:cc/cc:Qs|Kh/Qh:100|-100:mild_adaptive|deepstack
STATE:458:cc/cc:Qs|As/Kh:-100|100:deepstack|mild_adaptive
STATE:459:cc/cc:Ks|Ah/Qs:-100|100:mild_adaptive|deepstack
STATE:460:r1200c/:Kh|As/Ah:-1200|1200:deepstack|mild_adaptive
STATE:461:cr300f:Qh|As:-100|100:mild_adaptive|deepstack
STATE:462:r1200c/:As|Ah/Qs:0|0:deepstack|mild_adaptive
STATE:463:cr1200c/:Ah|Qh/Ks:1200|-1200:mild_adaptive|deepstack
STATE:464:r1200f:As|Ks:100|-100:deepstack|mild_adaptive
STATE:465:cc/cr1200c:Qh|Ks/Qs:1200|-1200:mild_adaptive|deepstack
STATE:466:cc/r1200f:Ah|Kh/Qh:100|-100:deepstack|mild_adaptive
STATE:467:cc/r1200f:As|Qs/Ah:100|-100:mild_adaptive|deepstack
STATE:468:cc/r300r1200f:Ks|Qs/Qh:-300|300:deepstack|mild_adaptive
STATE:469:cc/r300r900f:Kh|Qs/Qh:-300|300:mild_adaptive|deepstack
STATE:470:cr300f:Ks|Qs:-100|100:deepstack|mild_adaptive
STATE:471:cr1200f:Kh|Qs:-100|100:mild_adaptive|deepstack
STATE:472:cr300c/r1200f:Ks|As/Qs:300|-300:deepstack|mild_adaptive
STATE:473:cc/cr300f:Kh|Qh/Qs:-100|100:mild_adaptive|deepstack
STATE:474:cc/cr300f:As|Kh/Ks:-100|100:deepstack|mild_adaptive
STATE:475:cr1200c/:Ah|Qs/Kh:1200|-1200:mild_adaptive|deepstack
STATE:476:r1200f:Ah|Ks:100|-100:deepstack|mild_adaptive
STATE:477:cc/cc:Kh|Qs/Ks:100|-100:mild_adaptive|deepstack
STATE:478:cc/cc:Qh|Kh/Qs:100|-100:deepstack|mild_adaptive
STATE:479:cr1200f:Qh|Ks:-100|100:mild_adaptive|deepstack
STATE:480:r1200f:As|Ks:100|-100:deepstack|mild_adaptive
STATE:481:cc/cc:Kh|Ah/Qh:-100|100:mild_adaptive|deepstack
STATE:482:r1200c/:Qs|As/Ks:-1200|1200:deepstack|mild_adaptive
STATE:483:cc/cr300c:As|Kh/Ks:-300|300:mild_adaptive|deepstack
STATE:484:r1200c/:Ks|Ah/Qs:-1200|1200:deepstack|mild_adaptive
STATE:485:cr1200f:Qh|Kh:-100|100:mild_adaptive|deepstack
STATE:486:r1200f:Qs|Ks:100|-100:deepstack|mild_adaptive
STATE:487:cr1200c/:As|Ah/Qh:0|0:mild_adaptive|deepstack
STATE:488:cr300f:Ks|Ah:-100|100:deepstack|mild_adaptive
STATE:489:cr1200c/:Ah|Kh/Ks:-1200|1200:mild_adaptive|deepstack
STATE:490:r1200c/:Ks|As/Ah:-1200|1200:deepstack|mild_adaptive
STATE:491:cr1200c/:Ah|Ks/As:1200|-1200:mild_adaptive|deepstack
STATE:492:cr300c/cc:Ks|Ah/Qh:-300|300:deepstack|mild_adaptive
STATE:493:cc/cr1200f:Qs|Kh/Ah:-100|100:mild_adaptive|deepstack
STATE:494:cc/r1200f:Ks|As/Qs:100|-100:deepstack|mild_adaptive
STATE:495:cc/cc:As|Ks/Qs:100|-100:mild_adaptive|deepstack
STATE:496:cc/cc:Qh|As/Kh:-100|100:deepstack|mild_adaptive
STATE:497:cr1200c/:Ah|Kh/As:1200|-1200:mild_adaptive|deepstack
STATE:498:cc/r1200f:Ah|Kh/Qs:100|-100:deepstack|mild_adaptive
STATE:499:r1200c/:As|Ah/Qh:0|0:mild_adaptive|deepstack
STATE:500:r1200c/:Ks|Ah/As:-1200|1200:deepstack|mild_adaptive
STATE:501:cr1200c/:Ah|Qs/Kh:1200|-1200:mild_adaptive|deepstack
STATE:502:r1200f:Ah|Qs:100|-100:deepstack|mild_adaptive
STATE:503:r300r1200f:Ks|Ah:-300|300:mild_adaptive|deepstack
STATE:504:r1200f:Ah|Qs:100|-100:deepstack|mild_adaptive
STATE:505:cr300f:Qh|Ah:-100|100:mild_adaptive|deepstack
STATE:506:cc/cc:Ah|Kh/Qs:100|-100:deepstack|mild_adaptive
STATE:507:cr300f:Qs|Ks:-100|100:mild_adaptive|deepstack
STATE:508:cr300c/cc:Kh|Ah/Qs:-300|300:deepstack|mild_adaptive
STATE:509:cr1200c/:Ah|Qh/Kh:1200|-1200:mild_adaptive|deepstack
STATE:510:cc/cc:Qs|Ah/Kh:-100|100:deepstack|mild_adaptive
STATE:511:cr300f:Qs|Ah:-100|100:mild_adaptive|deepstack
STATE:512:cc/r1200f:Kh|Ks/As:100|-100:deepstack|mild_adaptive
STATE:513:cc/r1200f:Ks|Qh/As:100|-100:mild_adaptive|deepstack
STATE:514:cc/r1200f:Ks|Qh/Kh:100|-100:deepstack|mild_adaptive
STATE:515:cr1200c/:Ah|Ks/As:1200|-1200:mild_adaptive|deepstack
STATE:516:r1200f:Ks|Kh:100|-100:deepstack|mild_adaptive
STATE:517:cc/cc:Kh|Qh/Ah:100|-100:mild_adaptive|deepstack
STATE:518:cc/cc:Kh|Ah/Qs:-100|100:deepstack|mild_adaptive
STATE:519:cr300f:Qs|Kh:-100|100:mild_adaptive|deepstack
STATE:520:cc/r1200f:Ah|Kh/As:100|-100:deepstack|mild_adaptive
STATE:521:cc/cr1200f:As|Kh/Qs:-100|100:mild_adaptive|deepstack
STATE:522:r1200c/:Qh|As/Kh:-1200|1200:deepstack|mild_adaptive
STATE:523:cr1200f:Ks|Kh:-100|100:mild_adaptive|deepstack
STATE:524:r1200f:Ks|Qh:100|-100:deepstack|mild_adaptive
STATE:525:cr300f:Qs|As:-100|100:mild_adaptive|deepstack
STATE:526:cc/r1200f:Ks|Ah/Qh:100|-100:deepstack|mild_adaptive
STATE:527:cc/cc:Kh|As/Qs:-100|100:mild_adaptive|deepstack
STATE:528:cc/cc:Ks|Qh/Ah:100|-100:deepstack|mild_adaptive
STATE:529:cr300c/r900c:Kh|As/Ks:900|-900:mild_adaptive|deepstack
STATE:530:r1200f:Ah|Ks:100|-100:deepstack|mild_adaptive
STATE:531:cr300f:Qh|Ah:-100|100:mild_adaptive|deepstack
STATE:532:r1200c/:As|Ah/Qh:0|0:deepstack|mild_adaptive
STATE:533:cr1200f:Qs|Ah:-100|100:mild_adaptive|deepstack
STATE:534:cc/cc:Ah|Ks/Qs:100|-100:deepstack|mild_adaptive
STATE:535:cr1200f:Ks|Ah:-100|100:mild_adaptive|deepstack
STATE:536:r1200f:As|Qh:100|-100:deepstack|mild_adaptive
STATE:537:cc/cc:Kh|As/Qs:-100|100:mild_adaptive|deepstack
STATE:538:cc/r300r900c:Ks|Ah/As:-900|900:deepstack|mild_adaptive
STATE:539:cr300c/r1200c:Kh|As/Qs:-1200|1200:mild_adaptive|deepstack
STATE:540:r1200f:Ks|Kh:100|-100:deepstack|mild_adaptive
STATE:541:cr1200f:Ks|As:-100|100:mild_adaptive|deepstack
STATE:542:cc/cc:Qh|Ah/Kh:-100|100:deepstack|mild_adaptive
STATE:543:cc/cr1200f:Qs|Ks/As:-100|100:mild_adaptive|deepstack
STATE:544:r1200f:As|Qh:100|-100:deepstack|mild_adaptive
STATE:545:cc/cr1200f:Ah|Qh/Ks:-100|100:mild_adaptive|deepstack
STATE:546:cc/r1200f:Ks|Qs/Ah:100|-100:deepstack|mild_adaptive
STATE:547:r1200f:Ah|Kh:100|-100:mild_adaptive|deepstack
STATE:548:cr300c/r1200f:Ks|Kh/Qh:300|-300:deepstack|mild_adaptive
STATE:549:cc/cc:Qs|Qh/Ah:0|0:mild_adaptive|deepstack
STATE:550:cr300f:Qs|Kh:-100|100:deepstack|mild_adaptive
STATE:551:r1200f:As|Kh:100|-100:mild_adaptive|deepstack
STATE:552:cc/cc:Qh|Qs/Ah:0|0:deepstack|mild_adaptive
STATE:553:cr1200f:Qs|Qh:-100|100:mild_adaptive|deepstack
STATE:554:r1200c/:Kh|Ah/Qh:-1200|1200:deepstack|mild_adaptive
STATE:555:cc/cc:Kh|Ks/Qs:0|0:mild_adaptive|deepstack
STATE:556:r1200f:As|Kh:100|-100:deepstack|mild_adaptive
STATE:557:cc/cc:As|Qh/Ks:100|-100:mild_adaptive|deepstack
STATE:558:r1200c/:Ks|Ah/As:-1200|1200:deepstack|mild_adaptive
STATE:559:cr300f:Kh|Ah:-100|100:mild_adaptive|deepstack
STATE:560:r1200f:Ah|Qh:100|-100:deepstack|mild_adaptive
STATE:561:cr1200f:Qh|Ks:-100|100:mild_adaptive|deepstack
STATE:562:r1200f:Kh|Qs:100|-100:deepstack|mild_adaptive
STATE:563:cc/cr1200f:Qs|Ah/Kh:-100|100:mild_adaptive|deepstack
STATE:564:r1200c/:Ks|Ah/Qs:-1200|1200:deepstack|mild_adaptive
STATE:565:cr1200c/:Ah|Ks/Qh:1200|-1200:mild_adaptive|deepstack
STATE:566:r1200c/:Kh|Ah/As:-1200|1200:deepstack|mild_adaptive
STATE:567:cr1200c/:Ah|Ks/Qs:1200|-1200:mild_adaptive|deepstack
STATE:568:cc/r1200f:Ah|Ks/As:100|-100:deepstack|mild_adaptive
STATE:569:cr1200f:Qs|Qh:-100|100:mild_adaptive|deepstack
STATE:570:cc/r1200f:Qh|Ah/Ks:100|-100:deepstack|mild_adaptive
STATE:571:cr300f:Ks|Ah:-100|100:mild_adaptive|deepstack
STATE:572:r300c/cc:Kh|Qs/Ks:300|-300:deepstack|mild_adaptive
STATE:573:cr300r1200c/:As|Ah/Ks:0|0:mild_adaptive|deepstack
STATE:574:r1200f:As|Qs:100|-100:deepstack|mild_adaptive
STATE:575:cr300f:Kh|Ah:-100|100:mild_adaptive|deepstack
STATE:576:r1200f:As|Ks:100|-100:deepstack|mild_adaptive
STATE:577:cc/cr300f:Ah|Ks/Kh:-100|100:mild_adaptive|deepstack
STATE:578:cr300f:Qs|Ah:-100|100:deepstack|mild_adaptive
STATE:579:cr1200f:Qh|Ah:-100|100:mild_adaptive|deepstack
STATE:580:cc/cc:Ah|Qs/Ks:100|-100:deepstack|mild_adaptive
STATE:581:cr300f:Kh|Ks:-100|100:mild_adaptive|deepstack
STATE:582:cr300f:Qs|As:-100|100:deepstack|mild_adaptive
STATE:583:cr300f:Kh|Ah:-100|100:mild_adaptive|deepstack
STATE:584:r1200c/:Qs|As/Ah:-1200|1200:deepstack|mild_adaptive
STATE:585:cr1200f:Kh|Ah:-100|100:mild_adaptive|deepstack
STATE:586:r1200f:Qs|Kh:100|-100:deepstack|mild_adaptive
STATE:587:cr300r1200c/:Ah|As/Qh:0|0:mild_adaptive|deepstack
STATE:588:r1200c/:Ah|As/Qs:0|0:deepstack|mild_adaptive
STATE:589:cr300r1200c/:Ah|As/Qs:0|0:mild_adaptive|deepstack
STATE:590:cc/r1200f:Kh|Ks/Ah:100|-100:deepstack|mild_adaptive
STATE:591:cr300c/cr1200f:Qs|Ks/As:-300|300:mild_adaptive|deepstack
STATE:592:r1200c/:Ah|As/Kh:0|0:deepstack|mild_adaptive
STATE:593:cc/cr300f:Ah|Qs/Ks:-100|100:mild_adaptive|deepstack
STATE:594:r1200c/:As|Ah/Qs:0|0:deepstack|mild_adaptive
STATE:595:cr300c/cr1200f:Qs|Qh/As:-300|300:mild_adaptive|deepstack
STATE:596:r1200f:Kh|Qh:100|-100:deepstack|mild_adaptive
STATE:597:cr300f:Qh|As:-100|100:mild_adaptive|deepstack
STATE:598:r1200f:Ah|Kh:100|-100:deepstack|mild_adaptive
STATE:599:r1200f:As|Ks:100|-100:mild_adaptive|deepstack
STATE:600:cc/cc:Ah|Ks/Qs:100|-100:deepstack|mild_adaptive
STATE:601:cr1200c/:Ah|Qh/Kh:1200|-1200:mild_adaptive|deepstack
STATE:602:r1200c/:Ks|Ah/Kh:1200|-1200:deepstack|mild_adaptive
STATE:603:cr300r1200c/:Ah|As/Ks:0|0:mild_adaptive|deepstack
STATE:604:cr300r1200c/:Qh|Ah/Qs:1200|-1200:deepstack|mild_adaptive
STATE:605:cc/cr1200f:Qs|Qh/Ks:-100|100:mild_adaptive|deepstack
STATE:606:r1200f:Ah|Qh:100|-100:deepstack|mild_adaptive
STATE:607:cc/cc:Ks|Ah/Qh:-100|100:mild_adaptive|deepstack
STATE:608:r1200c/:Ah|As/Ks:0|0:deepstack|mild_adaptive
STATE:609:cr1200c/:As|Qh/Ah:1200|-1200:mild_adaptive|deepstack
STATE:610:cr1200f:Qs|Ah:-100|100:deepstack|mild_adaptive
STATE:611:cc/cr1200f:As|Qs/Qh:-100|100:mild_adaptive|deepstack
STATE:612:cc/cc:Kh|Ks/Qs:0|0:deepstack|mild_adaptive
STATE:613:r1200f:Ah|Ks:100|-100:mild_adaptive|deepstack
STATE:614:r1200c/:Ah|As/Ks:0|0:deepstack|mild_adaptive
STATE:615:cr1200f:Ks|Qs:-100|100:mild_adaptive|deepstack
STATE:616:cr300r1200c/:As|Ah/Qh:0|0:deepstack|mild_adaptive
STATE:617:cc/cr300f:Kh|Qs/Qh:-100|100:mild_adaptive|deepstack
STATE:618:r1200c/:As|Ah/Qs:0|0:deepstack|mild_adaptive
STATE:619:cr300c/cc:Ah|As/Ks:0|0:mild_adaptive|deepstack
STATE:620:r1200c/:Qs|As/Ks:-1200|1200:deepstack|mild_adaptive
STATE:621:cc/cc:Qh|As/Kh:-100|100:mild_adaptive|deepstack
STATE:622:r1200f:Ah|Kh:100|-100:deepstack|mild_adaptive
STATE:623:cr1200f:Qh|Ks:-100|100:mild_adaptive|deepstack
STATE:624:cc/r300r900f:Kh|Ah/As:-300|300:deepstack|mild_adaptive
STATE:625:cr1200f:Ks|As:-100|100:mild_adaptive|deepstack
STATE:626:cc/r1200f:Qh|Kh/Qs:100|-100:deepstack|mild_adaptive
STATE:627:cc/cr1200f:Ks|As/Qs:-100|100:mild_adaptive|deepstack
STATE:628:cc/cr1200f:Ks|Qs/Ah:-100|100:deepstack|mild_adaptive
STATE:629:cc/cc:Qh|Ks/Ah:-100|100:mild_adaptive|deepstack
STATE:630:cc/r300f:Kh|As/Ks:100|-100:deepstack|mild_adaptive
STATE:631:cc/cc:Ah|Qh/Ks:100|-100:mild_adaptive|deepstack
STATE:632:cr300f:Kh|As:-100|100:deepstack|mild_adaptive
STATE:633:cr1200f:Qs|Kh:-100|100:mild_adaptive|deepstack
STATE:634:cc/r1200c:Ks|Qs/Qh:-1200|1200:deepstack|mild_adaptive
STATE:635:cr300f:Qh|Ah:-100|100:mild_adaptive|deepstack
STATE:636:r300r1200f:Qh|Ah:-300|300:deepstack|mild_adaptive
STATE:637:cr1200f:Ks|Qh:-100|100:mild_adaptive|deepstack
STATE:638:cc/r1200c:Kh|Qs/Qh:-1200|1200:deepstack|mild_adaptive
STATE:639:cr300r1200c/:Ah|As/Qh:0|0:mild_adaptive|deepstack
STATE:640:cc/r1200f:As|Qs/Ks:100|-100:deepstack|mild_adaptive
STATE:641:cr300r1200f:As|Qs:300|-300:mild_adaptive|deepstack
STATE:642:cc/r1200f:Qs|Kh/Ah:100|-100:deepstack|mild_adaptive
STATE:643:cc/cc:Ks|As/Qh:-100|100:mild_adaptive|deepstack
STATE:644:r1200f:Qs|Qh:100|-100:deepstack|mild_adaptive
STATE:645:cr1200f:Qh|Kh:-100|100:mild_adaptive|deepstack
STATE:646:r1200f:Ks|Qs:100|-100:deepstack|mild_adaptive
STATE:647:r1200f:As|Qh:100|-100:mild_adaptive|deepstack
STATE:648:cc/r300f:Ks|Qs/As:100|-100:deepstack|mild_adaptive
STATE:649:cr300f:Kh|Qh:-100|100:mild_adaptive|deepstack
STATE:650:cc/cc:Qs|Qh/Ks:0|0:deepstack|mild_adaptive
STATE:651:cr300f:Qs|Ah:-100|100:mild_adaptive|deepstack
STATE:652:r1200f:Qh|Ks:100|-100:deepstack|mild_adaptive
STATE:653:cr1200f:Kh|Qs:-100|100:mild_adaptive|deepstack
STATE:654:cc/r300r1200f:Qh|Ks/Kh:-300|300:deepstack|mild_adaptive
STATE:655:cr1200f:Qs|Kh:-100|100:mild_adaptive|deepstack
STATE:656:cc/r300f:Ks|Qs/As:100|-100:deepstack|mild_adaptive
STATE:657:cr1200f:Qh|Kh:-100|100:mild_adaptive|deepstack
STATE:658:r1200f:Qh|Ks:100|-100:deepstack|mild_adaptive
STATE:659:cc/cc:Ks|Qs/Ah:100|-100:mild_adaptive|deepstack
STATE:660:r1200f:As|Kh:100|-100:deepstack|mild_adaptive
STATE:661:cr300c/r1200f:Qs|As/Qh:300|-300:mild_adaptive|deepstack
STATE:662:cc/r300f:Ah|Qh/As:100|-100:deepstack|mild_adaptive
STATE:663:cr1200f:Qs|Ah:-100|100:mild_adaptive|deepstack
STATE:664:r1200c/:Qs|As/Ah:-1200|1200:deepstack|mild_adaptive
STATE:665:cr300f:Qs|Ah:-100|100:mild_adaptive|deepstack
STATE:666:r1200f:As|Qs:100|-100:deepstack|mild_adaptive
STATE:667:cr1200f:Qs|As:-100|100:mild_adaptive|deepstack
STATE:668:r1200f:Qs|Kh:100|-100:deepstack|mild_adaptive
STATE:669:cr1200f:Kh|Qh:-100|100:mild_adaptive|deepstack
STATE:670:cr300f:Qs|Ah:-100|100:deepstack|mild_adaptive
STATE:671:cr300c/cr1200c:Ah|Kh/Qs:1200|-1200:mild_adaptive|deepstack
STATE:672:r1200c/:Ks|Ah/As:-1200|1200:deepstack|mild_adaptive
STATE:673:cc/cc:Qh|Qs/Ah:0|0:mild_adaptive|deepstack
STATE:674:r1200c/:Ks|As/Qs:-1200|1200:deepstack|mild_adaptive
STATE:675:cr1200f:Qh|Ah:-100|100:mild_adaptive|deepstack
STATE:676:cc/cc:Kh|As/Ks:100|-100:deepstack|mild_adaptive
STATE:677:cr300r1200c/:As|Ah/Kh:0|0:mild_adaptive|deepstack
STATE:678:cc/cr300f:Ah|Kh/Ks:-100|100:deepstack|mild_adaptive
STATE:679:r1200f:Ah|Kh:100|-100:mild_adaptive|deepstack
STATE:680:r1200f:As|Ks:100|-100:deepstack|mild_adaptive
STATE:681:cr300r1200c/:Ah|As/Ks:0|0:mild_adaptive|deepstack
STATE:682:r1200f:As|Qs:100|-100:deepstack|mild_adaptive
STATE:683:cc/cr1200f:Qh|Qs/Kh:-100|100:mild_adaptive|deepstack
STATE:684:r1200c/:As|Ah/Qs:0|0:deepstack|mild_adaptive
STATE:685:cr300c/r900f:Kh|As/Ks:300|-300:mild_adaptive|deepstack
STATE:686:r1200f:As|Qs:100|-100:deepstack|mild_adaptive
STATE:687:cc/cr1200f:Ah|Ks/Kh:-100|100:mild_adaptive|deepstack
STATE:688:cr300f:Qs|Ah:-100|100:deepstack|mild_adaptive
STATE:689:cc/cr1200f:Ks|Kh/Ah:-100|100:mild_adaptive|deepstack
STATE:690:cr300c/r1200f:Ks|Qh/Ah:300|-300:deepstack|mild_adaptive
STATE:691:cr1200c/:Ah|As/Qh:0|0:mild_adaptive|deepstack
STATE:692:r1200f:Qh|Ks:100|-100:deepstack|mild_adaptive
STATE:693:cr300f:Kh|Ah:-100|100:mild_adaptive|deepstack
STATE:694:cc/cr300c:Ah|Qh/Qs:-300|300:deepstack|mild_adaptive
STATE:695:cr1200f:Ks|As:-100|100:mild_adaptive|deepstack
STATE:696:cc/cc:Qh|Qs/Ks:0|0:deepstack|mild_adaptive
STATE:697:cr300f:Qh|Ks:-100|100:mild_adaptive|deepstack
STATE:698:cc/r1200f:As|Qs/Ah:100|-100:deepstack|mild_adaptive
STATE:699:cr300f:Qs|Ks:-100|100:mild_adaptive|deepstack
STATE:700:cc/cc:Kh|Ks/Ah:0|0:deepstack|mild_adaptive
STATE:701:cr300f:Qh|As:-100|100:mild_adaptive|deepstack
STATE:702:r1200f:As|Kh:100|-100:deepstack|mild_adaptive
STATE:703:cr1200f:Kh|As:-100|100:mild_adaptive|deepstack
STATE:704:cc/r300f:Kh|Qh/Ks:100|-100:deepstack|mild_adaptive
STATE:705:cr300r1200c/:Ah|As/Qs:0|0:mild_adaptive|deepstack
STATE:706:cr300r1200c/:Kh|As/Qh:-1200|1200:deepstack|mild_adaptive
STATE:707:cc/cc:Ah|As/Qh:0|0:mild_adaptive|deepstack
STATE:708:r1200c/:Kh|Ah/Ks:1200|-1200:deepstack|mild_adaptive
STATE:709:cc/cr1200f:Qh|As/Ah:-100|100:mild_adaptive|deepstack
STATE:710:cr300f:Qs|Qh:-100|100:deepstack|mild_adaptive
STATE:711:cc/cc:Qh|Kh/As:-100|100:mild_adaptive|deepstack
STATE:712:r1200f:As|Qh:100|-100:deepstack|mild_adaptive
STATE:713:cr1200c/:Ah|Qh/Qs:-1200|1200:mild_adaptive|deepstack
STATE:714:r1200c/:Qh|As/Kh:-1200|1200:deepstack|mild_adaptive
STATE:715:cc/cr1200f:Kh|As/Qh:-100|100:mild_adaptive|deepstack
STATE:716:cc/r1200f:Qs|Qh/Ah:100|-100:deepstack|mild_adaptive
STATE:717:cc/cr1200f:Qs|Qh/Ks:-100|100:mild_adaptive|deepstack
STATE:718:r1200f:As|Kh:100|-100:deepstack|mild_adaptive
STATE:719:cr1200c/:Ah|Kh/Ks:-1200|1200:mild_adaptive|deepstack
STATE:720:cc/r1200f:Qs|Ks/As:100|-100:deepstack|mild_adaptive
STATE:721:cc/cr300f:Qs|Ks/Kh:-100|100:mild_adaptive|deepstack
STATE:722:r1200f:Ah|Kh:100|-100:deepstack|mild_adaptive
STATE:723:cr1200f:Qh|As:-100|100:mild_adaptive|deepstack
STATE:724:cc/r300r900f:Ks|Ah/As:-300|300:deepstack|mild_adaptive
STATE:725:cr1200f:Qh|Kh:-100|100:mild_adaptive|deepstack
STATE:726:r1200c/:Ks|Ah/Kh:1200|-1200:deepstack|mild_adaptive
STATE:727:cc/cr1200f:Qs|Ks/Kh:-100|100:mild_adaptive|deepstack
STATE:728:cr300r1200f:Ks|Kh:300|-300:deepstack|mild_adaptive
STATE:729:cc/cc:Ks|Kh/As:0|0:mild_adaptive|deepstack
STATE:730:cc/r1200c:Qh|As/Ah:-1200|1200:deepstack|mild_adaptive
STATE:731:cr300f:Ks|As:-100|100:mild_adaptive|deepstack
STATE:732:r1200f:Qh|Kh:100|-100:deepstack|mild_adaptive
STATE:733:cc/cr1200f:Kh|As/Qs:-100|100:mild_adaptive|deepstack
STATE:734:r1200f:Qh|Ks:100|-100:deepstack|mild_adaptive
STATE:735:cr300f:Qs|Ah:-100|100:mild_adaptive|deepstack
STATE:736:r1200c/:Kh|Ah/Qs:-1200|1200:deepstack|mild_adaptive
STATE:737:cc/cr1200f:Ks|Qs/Qh:-100|100:mild_adaptive|deepstack
STATE:738:r1200f:As|Ks:100|-100:deepstack|mild_adaptive
STATE:739:cr1200f:Qh|Ah:-100|100:mild_adaptive|deepstack
STATE:740:r1200f:As|Qs:100|-100:deepstack|mild_adaptive
STATE:741:cr1200f:Qs|Ks:-100|100:mild_adaptive|deepstack
STATE:742:r1200f:Ah|Kh:100|-100:deepstack|mild_adaptive
STATE:743:r1200f:As|Qs:100|-100:mild_adaptive|deepstack
STATE:744:cc/r1200f:Ah|Qh/As:100|-100:deepstack|mild_adaptive
STATE:745:cr300c/cr900f:Kh|As/Ah:-300|300:mild_adaptive|deepstack
STATE:746:cc/r300f:Qs|Ah/Qh:100|-100:deepstack|mild_adaptive
STATE:747:cr300r1200f:Ah|Kh:300|-300:mild_adaptive|deepstack
STATE:748:cc/cr300r1200c:Qs|Kh/Ks:-1200|1200:deepstack|mild_adaptive
STATE:749:cc/cc:Ah|Qs/Kh:100|-100:mild_adaptive|deepstack
STATE:750:cc/r1200f:As|Qs/Kh:100|-100:deepstack|mild_adaptive
STATE:751:cc/cc:Ks|Ah/Qh:-100|100:mild_adaptive|deepstack
STATE:752:cc/cc:Qh|Ks/Qs:100|-100:deepstack|mild_adaptive
STATE:753:cr1200f:Qh|Qs:-100|100:mild_adaptive|deepstack
STATE:754:r1200c/:As|Ah/Qh:0|0:deepstack|mild_adaptive
STATE:755:cr300r1200f:Ah|Qs:300|-300:mild_adaptive|deepstack
STATE:756:cc/cr300f:As|Qs/Qh:-100|100:deepstack|mild_adaptive
STATE:757:cc/r300f:Ah|Ks/As:100|-100:mild_adaptive|deepstack
STATE:758:cc/r1200c:Ah|Kh/Ks:-1200|1200:deepstack|mild_adaptive
STATE:759:cc/r1200f:Qs|Kh/As:100|-100:mild_adaptive|deepstack
STATE:760:cc/r1200f:Kh|Ah/Qh:100|-100:deepstack|mild_adaptive
STATE:761:cr300r1200c/:Ah|As/Qh:0|0:mild_adaptive|deepstack
STATE:762:cc/cr300f:Qh|Ks/Kh:-100|100:deepstack|mild_adaptive
STATE:763:cr300f:Qs|Ah:-100|100:mild_adaptive|deepstack
STATE:764:cc/r300f:Kh|Qs/Ks:100|-100:deepstack|mild_adaptive
STATE:765:cr300f:Kh|Ks:-100|100:mild_adaptive|deepstack
STATE:766:cc/cc:Qh|Ks/Ah:-100|100:deepstack|mild_adaptive
STATE:767:cr300c/r900r1200c:Kh|As/Ks:1200|-1200:mild_adaptive|deepstack
STATE:768:cc/r1200f:Kh|Qh/As:100|-100:deepstack|mild_adaptive
STATE:769:cc/cc:Ks|Kh/Qh:0|0:mild_adaptive|deepstack
STATE:770:cc/cc:Ks|Ah/Kh:100|-100:deepstack|mild_adaptive
STATE:771:cc/cr1200f:Qs|Ks/As:-100|100:mild_adaptive|deepstack
STATE:772:cc/cc:Qs|Kh/As:-100|100:deepstack|mild_adaptive
STATE:773:cr300c/cc:Kh|As/Qs:-300|300:mild_adaptive|deepstack
STATE:774:r1200f:Qh|Qs:100|-100:deepstack|mild_adaptive
STATE:775:cc/cr1200f:As|Kh/Qh:-100|100:mild_adaptive|deepstack
STATE:776:cc/r300f:Qh|Qs/Ks:100|-100:deepstack|mild_adaptive
STATE:777:cr1200f:Ks|Ah:-100|100:mild_adaptive|deepstack
STATE:778:cc/r1200c:Kh|Qs/Qh:-1200|1200:deepstack|mild_adaptive
STATE:779:r1200f:As|Qs:100|-100:mild_adaptive|deepstack
STATE:780:cc/r1200c:Kh|Ah/As:-1200|1200:deepstack|mild_adaptive
STATE:781:cr1200f:Qs|As:-100|100:mild_adaptive|deepstack
STATE:782:cc/cr300f:Kh|Qh/Qs:-100|100:deepstack|mild_adaptive
STATE:783:cc/r1200f:As|Qh/Ah:100|-100:mild_adaptive|deepstack
STATE:784:cr300c/r900c:Kh|Ah/Qs:-900|900:deepstack|mild_adaptive
STATE:785:cc/cr300f:Ah|Ks/Kh:-100|100:mild_adaptive|deepstack
STATE:786:cc/r1200f:As|Qh/Ks:100|-100:deepstack|mild_adaptive
STATE:787:cr300r1200c/:As|Ah/Kh:0|0:mild_adaptive|deepstack
STATE:788:r1200c/:As|Ah/Qh:0|0:deepstack|mild_adaptive
STATE:789:r1200f:As|Qs:100|-100:mild_adaptive|deepstack
STATE:790:r1200f:As|Ks:100|-100:deepstack|mild_adaptive
STATE:791:cc/cr1200f:As|Ks/Kh:-100|100:mild_adaptive|deepstack
STATE:792:cc/cc:Kh|Qs/Ah:100|-100:deepstack|mild_adaptive
STATE:793:cr300f:Ks|As:-100|100:mild_adaptive|deepstack
STATE:794:r1200c/:Ah|As/Ks:0|0:deepstack|mild_adaptive
STATE:795:cc/r300f:Ks|Qh/Kh:100|-100:mild_adaptive|deepstack
STATE:796:cc/cc:Qh|Qs/Ks:0|0:deepstack|mild_adaptive
STATE:797:cr1200c/:Ah|Qh/Kh:1200|-1200:mild_adaptive|deepstack
STATE:798:cr300f:Kh|As:-100|100:deepstack|mild_adaptive
STATE:799:cc/cr1200f:As|Kh/Qs:-100|100:mild_adaptive|deepstack
STATE:800:r1200c/:Qh|Ah/Kh:-1200|1200:deepstack|mild_adaptive
STATE:801:cr300r1200f:Ah|Ks:300|-300:mild_adaptive|deepstack
STATE:802:r1200c/:Kh|Ah/Ks:1200|-1200:deepstack|mild_adaptive
STATE:803:cr300f:Qh|Qs:-100|100:mild_adaptive|deepstack
STATE:804:cc/cc:Ah|Qh/Kh:100|-100:deepstack|mild_adaptive
STATE:805:cc/cr300f:Ah|Kh/Qs:-100|100:mild_adaptive|deepstack
STATE:806:r1200f:As|Qs:100|-100:deepstack|mild_adaptive
STATE:807:cr300f:Kh|As:-100|100:mild_adaptive|deepstack
STATE:808:cc/r1200c:Qh|Ks/Ah:-1200|1200:deepstack|mild_adaptive
STATE:809:cr300c/cr900f:Ks|Ah/As:-300|300:mild_adaptive|deepstack
STATE:810:r1200f:Qs|Ks:100|-100:deepstack|mild_adaptive
STATE:811:cc/cc:Qh|Qs/Kh:0|0:mild_adaptive|deepstack
STATE:812:r1200f:Ah|Ks:100|-100:deepstack|mild_adaptive
STATE:813:cc/cc:Ah|Qs/Ks:100|-100:mild_adaptive|deepstack
STATE:814:r1200c/:Qh|Ah/Qs:1200|-1200:deepstack|mild_adaptive
STATE:815:cr300f:Qh|Qs:-100|100:mild_adaptive|deepstack
STATE:816:r1200f:As|Qs:100|-100:deepstack|mild_adaptive
STATE:817:cr300f:Ks|As:-100|100:mild_adaptive|deepstack
STATE:818:r1200f:As|Qs:100|-100:deepstack|mild_adaptive
STATE:819:cr300f:Kh|Ks:-100|100:mild_adaptive|deepstack
STATE:820:cr300c/r900f:Kh|As/Ks:300|-300:deepstack|mild_adaptive
STATE:821:cr1200f:Kh|Ks:-100|100:mild_adaptive|deepstack
STATE:822:r1200f:Ks|Qs:100|-100:deepstack|mild_adaptive
STATE:823:cr300f:Qs|Ah:-100|100:mild_adaptive|deepstack
STATE:824:r1200c/:Qs|As/Kh:-1200|1200:deepstack|mild_adaptive
STATE:825:cr300f:Qs|Ah:-100|100:mild_adaptive|deepstack
STATE:826:cr300r1200f:As|Qh:300|-300:deepstack|mild_adaptive
STATE:827:r1200f:Ah|Qh:100|-100:mild_adaptive|deepstack
STATE:828:cr300f:Qs|Ks:-100|100:deepstack|mild_adaptive
STATE:829:cr1200c/:As|Qs/Kh:1200|-1200:mild_adaptive|deepstack
STATE:830:cc/cc:Kh|As/Qs:-100|100:deepstack|mild_adaptive
STATE:831:cr1200c/:As|Ks/Ah:1200|-1200:mild_adaptive|deepstack
STATE:832:cc/r1200f:Ah|Qh/As:100|-100:deepstack|mild_adaptive
STATE:833:r1200f:Ah|Qh:100|-100:mild_adaptive|deepstack
STATE:834:cc/cc:Kh|As/Qs:-100|100:deepstack|mild_adaptive
STATE:835:cr300f:Kh|Ks:-100|100:mild_adaptive|deepstack
STATE:836:r1200f:Ah|Ks:100|-100:deepstack|mild_adaptive
STATE:837:cr1200c/:As|Ah/Qs:0|0:mild_adaptive|deepstack
STATE:838:cc/cr300r1200f:Qh|Kh/Qs:300|-300:deepstack|mild_adaptive
STATE:839:cr1200f:Ks|Kh:-100|100:mild_adaptive|deepstack
STATE:840:cc/cc:Qh|Ah/Qs:100|-100:deepstack|mild_adaptive
STATE:841:cr1200f:Qs|Kh:-100|100:mild_adaptive|deepstack
STATE:842:r1200f:As|Kh:100|-100:deepstack|mild_adaptive
STATE:843:cr1200f:Qh|Ah:-100|100:mild_adaptive|deepstack
STATE:844:cc/r1200f:Qs|As/Kh:100|-100:deepstack|mild_adaptive
STATE:845:cr1200f:Qs|Qh:-100|100:mild_adaptive|deepstack
STATE:846:r1200f:As|Ks:100|-100:deepstack|mild_adaptive
STATE:847:cc/r1200f:As|Qs/Ah:100|-100:mild_adaptive|deepstack
STATE:848:r1200f:Qs|Ks:100|-100:deepstack|mild_adaptive
STATE:849:cc/cr1200f:Kh|Ks/Qs:-100|100:mild_adaptive|deepstack
STATE:850:cc/r1200f:Kh|Qs/Ah:100|-100:deepstack|mild_adaptive
STATE:851:cc/cr1200f:Qs|Qh/Kh:-100|100:mild_adaptive|deepstack
STATE:852:r1200f:As|Qh:100|-100:deepstack|mild_adaptive
STATE:853:cc/cc:Qs|Qh/Ks:0|0:mild_adaptive|deepstack
STATE:854:cc/cc:Ah|Kh/Qs:100|-100:deepstack|mild_adaptive
STATE:855:cc/cr1200f:As|Ks/Qh:-100|100:mild_adaptive|deepstack
STATE:856:cr300r1200c/:Qs|As/Ks:-1200|1200:deepstack|mild_adaptive
STATE:857:cr300f:Qs|Qh:-100|100:mild_adaptive|deepstack
STATE:858:cc/cc:As|Qh/Ks:100|-100:deepstack|mild_adaptive
STATE:859:cr300r1200c/:Ah|As/Ks:0|0:mild_adaptive|deepstack
STATE:860:r1200f:Qs|Kh:100|-100:deepstack|mild_adaptive
STATE:861:cr300f:Qh|Ah:-100|100:mild_adaptive|deepstack
STATE:862:cr300f:Kh|As:-100|100:deepstack|mild_adaptive
STATE:863:cr1200f:Qh|As:-100|100:mild_adaptive|deepstack
STATE:864:cc/cc:Qh|Qs/Ah:0|0:deepstack|mild_adaptive
STATE:865:cc/cc:Ks|Kh/As:0|0:mild_adaptive|deepstack
STATE:866:r1200c/:Kh|As/Qh:-1200|1200:deepstack|mild_adaptive
STATE:867:r1200c/:As|Ah/Kh:0|0:mild_adaptive|deepstack
STATE:868:cc/r1200c:Qs|Ks/Kh:-1200|1200:deepstack|mild_adaptive
STATE:869:cc/r300r1200f:Kh|Qs/As:-300|300:mild_adaptive|deepstack
STATE:870:cr300c/r900c:Qh|As/Kh:-900|900:deepstack|mild_adaptive
STATE:871:cr300f:Qs|Ks:-100|100:mild_adaptive|deepstack
STATE:872:r1200c/:Qh|Ah/Ks:-1200|1200:deepstack|mild_adaptive
STATE:873:cr300f:Ks|As:-100|100:mild_adaptive|deepstack
STATE:874:cr300c/cc:Ks|Ah/Qs:-300|300:deepstack|mild_adaptive
STATE:875:cr1200f:Ks|Qs:-100|100:mild_adaptive|deepstack
STATE:876:r1200f:Ks|Kh:100|-100:deepstack|mild_adaptive
STATE:877:cc/cc:Qs|Qh/As:0|0:mild_adaptive|deepstack
STATE:878:cc/r300f:Kh|Ks/Qh:100|-100:deepstack|mild_adaptive
STATE:879:cr1200f:Qh|Ks:-100|100:mild_adaptive|deepstack
STATE:880:cc/cr300f:Qh|Ah/As:-100|100:deepstack|mild_adaptive
STATE:881:cr1200f:Ks|As:-100|100:mild_adaptive|deepstack
STATE:882:cc/r300r900f:Kh|Ah/As:-300|300:deepstack|mild_adaptive
STATE:883:cr300f:Qh|Kh:-100|100:mild_adaptive|deepstack
STATE:884:cc/cc:Qh|Kh/As:-100|100:deepstack|mild_adaptive
STATE:885:cr1200f:Qs|Ah:-100|100:mild_adaptive|deepstack
STATE:886:r1200c/:Qs|As/Ah:-1200|1200:deepstack|mild_adaptive
STATE:887:cc/cr1200f:Qh|Qs/Ks:-100|100:mild_adaptive|deepstack
STATE:888:cc/r1200f:Qs|Qh/Ah:100|-100:deepstack|mild_adaptive
STATE:889:cr300f:Qh|Ah:-100|100:mild_adaptive|deepstack
STATE:890:cc/r300f:Ah|Kh/As:100|-100:deepstack|mild_adaptive
STATE:891:r1200f:As|Ks:100|-100:mild_adaptive|deepstack
STATE:892:r300c/cc:Ah|Kh/Qh:300|-300:deepstack|mild_adaptive
STATE:893:cr1200c/:Ah|Qs/Qh:-1200|1200:mild_adaptive|deepstack
STATE:894:cr300r1200c/:Ah|As/Qh:0|0:deepstack|mild_adaptive
STATE:895:cr300r1200f:Ah|Kh:300|-300:mild_adaptive|deepstack
STATE:896:cr300f:Ks|Ah:-100|100:deepstack|mild_adaptive
STATE:897:cr300f:Qh|Ah:-100|100:mild_adaptive|deepstack
STATE:898:r1200f:Ks|Qh:100|-100:deepstack|mild_adaptive
STATE:899:cr300f:Kh|Qh:-100|100:mild_adaptive|deepstack
STATE:900:cr300r1200f:Qs|Ks:300|-300:deepstack|mild_adaptive
STATE:901:cc/cr1200f:Ks|Qs/As:-100|100:mild_adaptive|deepstack
STATE:902:r1200f:Qs|Ks:100|-100:deepstack|mild_adaptive
STATE:903:cr1200c/:Ah|Qh/Qs:-1200|1200:mild_adaptive|deepstack
STATE:904:r1200f:Ks|Qs:100|-100:deepstack|mild_adaptive
STATE:905:cr1200c/:Ah|Qh/As:1200|-1200:mild_adaptive|deepstack
STATE:906:cc/cr300f:Qh|Ah/As:-100|100:deepstack|mild_adaptive
STATE:907:cr300f:Qh|As:-100|100:mild_adaptive|deepstack
STATE:908:r1200c/:Kh|Ah/As:-1200|1200:deepstack|mild_adaptive
STATE:909:cc/cr1200f:Qs|Qh/Ks:-100|100:mild_adaptive|deepstack
STATE:910:cr300f:Qh|Ah:-100|100:deepstack|mild_adaptive
STATE:911:cr1200f:Qh|Kh:-100|100:mild_adaptive|deepstack
STATE:912:cc/cc:Kh|Ah/Qs:-100|100:deepstack|mild_adaptive
STATE:913:cr300f:Ks|Qh:-100|100:mild_adaptive|deepstack
STATE:914:cr300f:Qs|Ah:-100|100:deepstack|mild_adaptive
STATE:915:cr1200f:Qs|As:-100|100:mild_adaptive|deepstack
STATE:916:r1200f:Ks|Qs:100|-100:deepstack|mild_adaptive
STATE:917:cr300f:Ks|Ah:-100|100:mild_adaptive|deepstack
STATE:918:cc/cc:Ah|As/Ks:0|0:deepstack|mild_adaptive
STATE:919:cr1200c/:As|Ks/Ah:1200|-1200:mild_adaptive|deepstack
STATE:920:cc/cc:Qh|Ah/Kh:-100|100:deepstack|mild_adaptive
STATE:921:cr300f:Qs|As:-100|100:mild_adaptive|deepstack
STATE:922:cr300f:Ks|As:-100|100:deepstack|mild_adaptive
STATE:923:cr300r1200f:Ah|Qh:300|-300:mild_adaptive|deepstack
STATE:924:r1200f:As|Kh:100|-100:deepstack|mild_adaptive
STATE:925:cr1200c/:Ah|Qs/Kh:1200|-1200:mild_adaptive|deepstack
STATE:926:cr300c/cc:Ks|Ah/Qh:-300|300:deepstack|mild_adaptive
STATE:927:cr300f:Ks|Kh:-100|100:mild_adaptive|deepstack
STATE:928:r1200f:Qs|Kh:100|-100:deepstack|mild_adaptive
STATE:929:cc/cr1200f:Qh|Ks/As:-100|100:mild_adaptive|deepstack
STATE:930:cc/r1200f:Ks|As/Qh:100|-100:deepstack|mild_adaptive
STATE:931:cc/cc:Ks|Qh/Ah:100|-100:mild_adaptive|deepstack
STATE:932:cr300f:Qh|As:-100|100:deepstack|mild_adaptive
STATE:933:cc/cc:Ks|Ah/Qs:-100|100:mild_adaptive|deepstack
STATE:934:r1200c/:Ks|Ah/As:-1200|1200:deepstack|mild_adaptive
STATE:935:cr1200c/:As|Qh/Ks:1200|-1200:mild_adaptive|deepstack
STATE:936:cc/r1200f:Qs|As/Qh:100|-100:deepstack|mild_adaptive
STATE:937:cr1200f:Qh|Qs:-100|100:mild_adaptive|deepstack
STATE:938:cc/cc:Ks|As/Qs:-100|100:deepstack|mild_adaptive
STATE:939:cr1200f:Ks|Ah:-100|100:mild_adaptive|deepstack
STATE:940:cc/r1200f:Kh|Qh/Ks:100|-100:deepstack|mild_adaptive
STATE:941:cc/cc:Ah|Qs/Kh:100|-100:mild_adaptive|deepstack
STATE:942:cc/r1200f:Qh|As/Qs:100|-100:deepstack|mild_adaptive
STATE:943:cc/cr1200f:Qh|Qs/Ah:-100|100:mild_adaptive|deepstack
STATE:944:r1200f:As|Qs:100|-100:deepstack|mild_adaptive
STATE:945:cr300f:Ks|As:-100|100:mild_adaptive|deepstack
STATE:946:cc/cc:Ks|Qs/Ah:100|-100:deepstack|mild_adaptive
STATE:947:cc/cr1200f:Qs|Qh/Ah:-100|100:mild_adaptive|deepstack
STATE:948:r1200f:Kh|Ks:100|-100:deepstack|mild_adaptive
STATE:949:cr300r1200f:Ah|Kh:300|-300:mild_adaptive|deepstack
STATE:950:cc/cc:As|Qh/Ks:100|-100:deepstack|mild_adaptive
STATE:951:cr300f:Kh|Ah:-100|100:mild_adaptive|deepstack
STATE:952:cc/r1200f:Qs|Ks/Ah:100|-100:deepstack|mild_adaptive
STATE:953:cr1200f:Kh|Qs:-100|100:mild_adaptive|deepstack
STATE:954:cr300r1200c/:Qs|As/Ah:-1200|1200:deepstack|mild_adaptive
STATE:955:cc/r1200f:Ah|Kh/As:100|-100:mild_adaptive|deepstack
STATE:956:cc/cc:Qs|As/Ks:-100|100:deepstack|mild_adaptive
STATE:957:cc/r300c:Ah|Kh/As:300|-300:mild_adaptive|deepstack
STATE:958:r1200f:As|Qh:100|-100:deepstack|mild_adaptive
STATE:959:cc/cr1200f:Qh|Ks/Ah:-100|100:mild_adaptive|deepstack
STATE:960:r1200f:Ks|Qh:100|-100:deepstack|mild_adaptive
STATE:961:cr1200c/:As|Qh/Ah:1200|-1200:mild_adaptive|deepstack
STATE:962:cc/r1200f:Kh|As/Qh:100|-100:deepstack|mild_adaptive
STATE:963:cc/cr1200f:As|Qh/Kh:-100|100:mild_adaptive|deepstack
STATE:964:cc/cc:Qh|As/Qs:100|-100:deepstack|mild_adaptive
STATE:965:cc/cc:Qs|Ks/As:-100|100:mild_adaptive|deepstack
STATE:966:cc/r1200f:Qh|Kh/Ah:100|-100:deepstack|mild_adaptive
STATE:967:r1200f:As|Ks:100|-100:mild_adaptive|deepstack
STATE:968:r1200f:Ks|Kh:100|-100:deepstack|mild_adaptive
STATE:969:cr1200f:Ks|As:-100|100:mild_adaptive|deepstack
STATE:970:r1200c/:Qh|As/Qs:1200|-1200:deepstack|mild_adaptive
STATE:971:cr1200f:Qs|Kh:-100|100:mild_adaptive|deepstack
STATE:972:cc/r300f:Qs|Ks/Qh:100|-100:deepstack|mild_adaptive
STATE:973:r1200f:As|Qs:100|-100:mild_adaptive|deepstack
STATE:974:r1200f:As|Kh:100|-100:deepstack|mild_adaptive
STATE:975:cr1200c/:Ah|Qs/Qh:-1200|1200:mild_adaptive|deepstack
STATE:976:r1200f:Qs|Kh:100|-100:deepstack|mild_adaptive
STATE:977:cr1200c/:As|Kh/Qs:1200|-1200:mild_adaptive|deepstack
STATE:978:cc/cc:Kh|Ks/Qh:0|0:deepstack|mild_adaptive
STATE:979:cr300f:Ks|Qs:-100|100:mild_adaptive|deepstack
STATE:980:cr300r1200f:Qh|Ks:300|-300:deepstack|mild_adaptive
STATE:981:r300r1200f:Qs|As:-300|300:mild_adaptive|deepstack
STATE:982:cc/cc:Kh|Qs/As:100|-100:deepstack|mild_adaptive
STATE:983:cc/cr1200c:Ks|Qh/Kh:1200|-1200:mild_adaptive|deepstack
STATE:984:cc/r1200f:Ks|Kh/Qs:100|-100:deepstack|mild_adaptive
STATE:985:cr300r1200c/:As|Ah/Qh:0|0:mild_adaptive|deepstack
STATE:986:r1200c/:Ks|Ah/Qh:-1200|1200:deepstack|mild_adaptive
STATE:987:cc/cc:Qh|Qs/Ks:0|0:mild_adaptive|deepstack
STATE:988:r1200c/:Ks|Ah/Qs:-1200|1200:deepstack|mild_adaptive
STATE:989:cc/cr300c:As|Qh/Qs:-300|300:mild_adaptive|deepstack
STATE:990:cc/cc:Qh|As/Qs:100|-100:deepstack|mild_adaptive
STATE:991:cc/cr1200f:Qs|Qh/Kh:-100|100:mild_adaptive|deepstack
STATE:992:cc/cr300r1200f:Qs|Qh/Ks:300|-300:deepstack|mild_adaptive
STATE:993:cr300f:Qs|Ah:-100|100:mild_adaptive|deepstack
STATE:994:cc/cr1200f:Qs|Ah/As:-100|100:deepstack|mild_adaptive
STATE:995:cc/cr300f:Ks|Kh/Qs:-100|100:mild_adaptive|deepstack
STATE:996:r1200f:Qs|Qh:100|-100:deepstack|mild_adaptive
STATE:997:cc/cc:Ks|Qh/Kh:100|-100:mild_adaptive|deepstack
STATE:998:r1200c/:Qs|Ah/Kh:-1200|1200:deepstack|mild_adaptive
STATE:999:cc/cr1200f:Ks|Qh/Ah:-100|100:mild_adaptive|deepstack
SCORE:-63600|63600:deepstack|mild_adaptive
