# name/game/hands/seed passiverocks_v_biasDS_1k ./DeepStack-Leduc/ACPCServer/leduc.game 1000 3
#--t_response 600000
#--t_hand 600000
#--t_per_hand 7000
STATE:0:cc/r300c:Ks|Qs/Kh:300|-300:deepstack|passive_rocks
STATE:1:cr300f:Qs|Qh:-100|100:passive_rocks|deepstack
STATE:2:cr1200f:Qh|As:-100|100:deepstack|passive_rocks
STATE:3:cc/cc:Kh|Ks/Qs:0|0:passive_rocks|deepstack
STATE:4:r1200c/:As|Ks/Ah:1200|-1200:deepstack|passive_rocks
STATE:5:cc/cc:Kh|Qh/Ah:100|-100:passive_rocks|deepstack
STATE:6:r1200c/:Ah|Ks/Qh:1200|-1200:deepstack|passive_rocks
STATE:7:r1200f:As|Kh:100|-100:passive_rocks|deepstack
STATE:8:cc/cc:Qh|Qs/Kh:0|0:deepstack|passive_rocks
STATE:9:cr1200f:Qh|Ks:-100|100:passive_rocks|deepstack
STATE:10:cc/r1200c:Qh|Kh/As:-1200|1200:deepstack|passive_rocks
STATE:11:cc/cc:Kh|Ks/Ah:0|0:passive_rocks|deepstack
STATE:12:r300f:As|Qh:100|-100:deepstack|passive_rocks
STATE:13:cr300f:Qs|As:-100|100:passive_rocks|deepstack
STATE:14:cc/r1200c:Ah|Qh/As:1200|-1200:deepstack|passive_rocks
STATE:15:cr1200f:Qs|Kh:-100|100:passive_rocks|deepstack
STATE:16:cc/r1200c:Qs|Kh/As:-1200|1200:deepstack|passive_rocks
STATE:17:cr300c/cr1200c:Ks|As/Qh:-1200|1200:passive_rocks|deepstack
STATE:18:cc/cc:Ah|Qh/Kh:100|-100:deepstack|passive_rocks
STATE:19:cr1200c/:Kh|As/Qh:-1200|1200:passive_rocks|deepstack
STATE:20:cc/r1200c:Ks|Qs/Ah:1200|-1200:deepstack|passive_rocks
STATE:21:cr300f:Qh|Ks:-100|100:passive_rocks|deepstack
STATE:22:cc/cc:Ah|Qs/Ks:100|-100:deepstack|passive_rocks
STATE:23:cr1200c/:Kh|Qs/Qh:-1200|1200:passive_rocks|deepstack
STATE:24:r1200c/:As|Ah/Kh:0|0:deepstack|passive_rocks
STATE:25:r1200f:Ah|Qs:100|-100:passive_rocks|deepstack
STATE:26:cc/r1200c:Kh|Qh/As:1200|-1200:deepstack|passive_rocks
STATE:27:cr300f:Qs|As:-100|100:passive_rocks|deepstack
STATE:28:cc/r1200c:Ah|Qh/Qs:-1200|1200:deepstack|passive_rocks
STATE:29:r1200c/:As|Ah/Qs:0|0:passive_rocks|deepstack
STATE:30:cr1200f:Qh|As:-100|100:deepstack|passive_rocks
STATE:31:cr1200c/:Ks|Qh/Qs:-1200|1200:passive_rocks|deepstack
STATE:32:r1200c/:As|Ah/Qs:0|0:deepstack|passive_rocks
STATE:33:cr1200c/:Kh|Qs/Ah:1200|-1200:passive_rocks|deepstack
STATE:34:cc/cc:Ks|Qs/Kh:100|-100:deepstack|passive_rocks
STATE:35:cc/cc:Ks|Kh/Qh:0|0:passive_rocks|deepstack
STATE:36:r1200f:Ah|Qh:100|-100:deepstack|passive_rocks
STATE:37:r1200f:Ah|Kh:100|-100:passive_rocks|deepstack
STATE:38:cc/cc:Ah|Kh/Qs:100|-100:deepstack|passive_rocks
STATE:39:cc/cc:Ks|Qh/As:100|-100:passive_rocks|deepstack
STATE:40:cc/r1200c:Qh|Ks/Kh:-1200|1200:deepstack|passive_rocks
STATE:41:cr1200f:Qs|Ah:-100|100:passive_rocks|deepstack
STATE:42:cc/cc:Qh|Qs/Kh:0|0:deepstack|passive_rocks
STATE:43:cr300f:Qh|As:-100|100:passive_rocks|deepstack
STATE:44:cc/cc:As|Qh/Qs:-100|100:deepstack|passive_rocks
STATE:45:cr1200c/:Ks|Ah/Qs:-1200|1200:passive_rocks|deepstack
STATE:46:r1200f:Qs|Qh:100|-100:deepstack|passive_rocks
STATE:47:r1200f:Ah|Qs:100|-100:passive_rocks|deepstack
STATE:48:cc/cc:Ah|Ks/Qh:100|-100:deepstack|passive_rocks
STATE:49:cr300c/cr1200c:Kh|As/Qh:-1200|1200:passive_rocks|deepstack
STATE:50:cc/cc:Qh|Ks/Qs:100|-100:deepstack|passive_rocks
STATE:51:cc/cc:Qh|Kh/Qs:100|-100:passive_rocks|deepstack
STATE:52:r1200f:As|Qs:100|-100:deepstack|passive_rocks
STATE:53:cr1200c/:Kh|Ks/Qs:0|0:passive_rocks|deepstack
STATE:54:r1200c/:Qh|As/Qs:1200|-1200:deepstack|passive_rocks
STATE:55:cr1200f:Qh|As:-100|100:passive_rocks|deepstack
STATE:56:r1200c/:Ah|Ks/Qs:1200|-1200:deepstack|passive_rocks
STATE:57:r1200f:As|Kh:100|-100:passive_rocks|deepstack
STATE:58:cr1200f:Qs|As:-100|100:deepstack|passive_rocks
STATE:59:r1200f:Ah|Qs:100|-100:passive_rocks|deepstack
STATE:60:r1200c/:Qs|As/Ks:-1200|1200:deepstack|passive_rocks
STATE:61:cr1200f:Qh|Ah:-100|100:passive_rocks|deepstack
STATE:62:r1200c/:Ks|As/Qh:-1200|1200:deepstack|passive_rocks
STATE:63:cc/cr1200c:Qs|Qh/Kh:0|0:passive_rocks|deepstack
STATE:64:cr1200f:Ks|As:-100|100:deepstack|passive_rocks
STATE:65:r1200f:As|Ks:100|-100:passive_rocks|deepstack
STATE:66:cc/cc:Kh|Qs/Ah:100|-100:deepstack|passive_rocks
STATE:67:cc/cr300c:Kh|Qh/Ks:300|-300:passive_rocks|deepstack
STATE:68:r1200c/:Qs|Ah/Qh:1200|-1200:deepstack|passive_rocks
STATE:69:cc/cr300c:Kh|Qs/Qh:-300|300:passive_rocks|deepstack
STATE:70:cr1200f:Kh|As:-100|100:deepstack|passive_rocks
STATE:71:cc/cr300c:Ks|Qs/Qh:-300|300:passive_rocks|deepstack
STATE:72:cc/r1200c:Ks|Qs/Qh:-1200|1200:deepstack|passive_rocks
STATE:73:cr300f:Qh|As:-100|100:passive_rocks|deepstack
STATE:74:r1200f:Ks|Qs:100|-100:deepstack|passive_rocks
STATE:75:r1200c/:As|Ah/Qs:0|0:passive_rocks|deepstack
STATE:76:cr1200f:Qh|Ah:-100|100:deepstack|passive_rocks
STATE:77:r1200f:As|Qh:100|-100:passive_rocks|deepstack
STATE:78:cc/cc:Kh|Ks/Qs:0|0:deepstack|passive_rocks
STATE:79:cr300f:Qh|Ah:-100|100:passive_rocks|deepstack
STATE:80:cc/cc:Qs|Kh/Ks:-100|100:deepstack|passive_rocks
STATE:81:cr300f:Qs|As:-100|100:passive_rocks|deepstack
STATE:82:cc/r300c:Kh|Qs/Ks:300|-300:deepstack|passive_rocks
STATE:83:cc/cr300c:Ks|Kh/As:0|0:passive_rocks|deepstack
STATE:84:r300f:As|Qs:100|-100:deepstack|passive_rocks
STATE:85:r1200f:Ah|Qs:100|-100:passive_rocks|deepstack
STATE:86:cr1200f:Ks|As:-100|100:deepstack|passive_rocks
STATE:87:r1200c/:Ah|As/Ks:0|0:passive_rocks|deepstack
STATE:88:cc/r1200c:As|Qh/Ks:1200|-1200:deepstack|passive_rocks
STATE:89:r1200f:Ah|Qh:100|-100:passive_rocks|deepstack
STATE:90:cc/cc:Qh|Qs/Ks:0|0:deepstack|passive_rocks
STATE:91:r1200f:As|Kh:100|-100:passive_rocks|deepstack
STATE:92:cc/cc:Qh|Ks/Ah:-100|100:deepstack|passive_rocks
STATE:93:cr1200f:Qs|Kh:-100|100:passive_rocks|deepstack
STATE:94:r1200f:As|Qh:100|-100:deepstack|passive_rocks
STATE:95:cc/cc:Qs|Qh/Ks:0|0:passive_rocks|deepstack
STATE:96:cc/cc:Ks|Qh/Kh:100|-100:deepstack|passive_rocks
STATE:97:r1200f:As|Ks:100|-100:passive_rocks|deepstack
STATE:98:r1200c/:Kh|As/Ah:-1200|1200:deepstack|passive_rocks
STATE:99:r1200f:Ah|Ks:100|-100:passive_rocks|deepstack
STATE:100:r1200c/:Qs|Ah/Ks:-1200|1200:deepstack|passive_rocks
STATE:101:cr1200c/:Ks|Qs/Ah:1200|-1200:passive_rocks|deepstack
STATE:102:r1200c/:Qs|Ah/Kh:-1200|1200:deepstack|passive_rocks
STATE:103:cr300f:Qs|Ah:-100|100:passive_rocks|deepstack
STATE:104:cc/cc:Qh|Qs/Ah:0|0:deepstack|passive_rocks
STATE:105:cr1200f:Qs|Ah:-100|100:passive_rocks|deepstack
STATE:106:r1200c/:Qh|Ah/Ks:-1200|1200:deepstack|passive_rocks
STATE:107:cr1200f:Qs|Ah:-100|100:passive_rocks|deepstack
STATE:108:r300f:Ah|Qs:100|-100:deepstack|passive_rocks
STATE:109:r1200c/:As|Ah/Kh:0|0:passive_rocks|deepstack
STATE:110:cr1200f:Qh|Ah:-100|100:deepstack|passive_rocks
STATE:111:cc/cr300c:Kh|Qs/Qh:-300|300:passive_rocks|deepstack
STATE:112:cr1200f:Qh|Ah:-100|100:deepstack|passive_rocks
STATE:113:cr300f:Qs|Qh:-100|100:passive_rocks|deepstack
STATE:114:cr1200f:Ks|Ah:-100|100:deepstack|passive_rocks
STATE:115:cr1200f:Qs|Kh:-100|100:passive_rocks|deepstack
STATE:116:cc/cc:Qh|Qs/Ah:0|0:deepstack|passive_rocks
STATE:117:cr1200c/:Kh|Qh/As:1200|-1200:passive_rocks|deepstack
STATE:118:cc/cc:Ah|Ks/As:100|-100:deepstack|passive_rocks
STATE:119:cr300c/cc:Kh|As/Qh:-300|300:passive_rocks|deepstack
STATE:120:cr1200c/:Ah|As/Qh:0|0:deepstack|passive_rocks
STATE:121:cr1200f:Qh|Ah:-100|100:passive_rocks|deepstack
STATE:122:r1200c/:Qh|Ah/Ks:-1200|1200:deepstack|passive_rocks
STATE:123:r1200f:As|Ks:100|-100:passive_rocks|deepstack
STATE:124:cc/cc:Kh|Qh/Ks:100|-100:deepstack|passive_rocks
STATE:125:cr300f:Qh|Kh:-100|100:passive_rocks|deepstack
STATE:126:cr1200f:Ks|As:-100|100:deepstack|passive_rocks
STATE:127:cr1200c/:Ks|Qs/Ah:1200|-1200:passive_rocks|deepstack
STATE:128:cc/r1200c:Qh|Kh/As:-1200|1200:deepstack|passive_rocks
STATE:129:cr1200f:Qh|As:-100|100:passive_rocks|deepstack
STATE:130:cr1200f:Kh|As:-100|100:deepstack|passive_rocks
STATE:131:cr300c/cr900c:Kh|Qh/As:900|-900:passive_rocks|deepstack
STATE:132:cc/cc:Qs|Ks/Kh:-100|100:deepstack|passive_rocks
STATE:133:r1200f:Ah|Qh:100|-100:passive_rocks|deepstack
STATE:134:cr1200f:Ks|As:-100|100:deepstack|passive_rocks
STATE:135:r1200c/:As|Ah/Qs:0|0:passive_rocks|deepstack
STATE:136:r1200f:As|Qh:100|-100:deepstack|passive_rocks
STATE:137:r1200f:As|Kh:100|-100:passive_rocks|deepstack
STATE:138:r1200f:As|Qh:100|-100:deepstack|passive_rocks
STATE:139:cr1200f:Qs|Ks:-100|100:passive_rocks|deepstack
STATE:140:r1200c/:Qs|As/Ks:-1200|1200:deepstack|passive_rocks
STATE:141:cc/cr1200c:Ks|Kh/Qs:0|0:passive_rocks|deepstack
STATE:142:r1200c/:Ah|Kh/Qs:1200|-1200:deepstack|passive_rocks
STATE:143:cc/cr1200c:Qs|Kh/As:-1200|1200:passive_rocks|deepstack
STATE:144:cr1200f:Qs|Ah:-100|100:deepstack|passive_rocks
STATE:145:r1200f:Ah|Qh:100|-100:passive_rocks|deepstack
STATE:146:cr1200f:Qh|Ah:-100|100:deepstack|passive_rocks
STATE:147:cc/cr1200c:Qs|Qh/Kh:0|0:passive_rocks|deepstack
STATE:148:cc/cc:Ah|Qh/Qs:-100|100:deepstack|passive_rocks
STATE:149:r1200f:As|Ks:100|-100:passive_rocks|deepstack
STATE:150:r1200f:As|Qs:100|-100:deepstack|passive_rocks
STATE:151:r1200f:As|Ks:100|-100:passive_rocks|deepstack
STATE:152:cc/cc:Ks|Qh/Kh:100|-100:deepstack|passive_rocks
STATE:153:cc/cr1200c:Qs|Kh/Ah:-1200|1200:passive_rocks|deepstack
STATE:154:r1200c/:Qs|As/Ah:-1200|1200:deepstack|passive_rocks
STATE:155:cr1200c/:Ks|Qh/As:1200|-1200:passive_rocks|deepstack
STATE:156:r300c/r1200c:Qs|Ks/Ah:-1200|1200:deepstack|passive_rocks
STATE:157:r1200f:Ah|Qh:100|-100:passive_rocks|deepstack
STATE:158:r1200c/:Qh|Ks/As:-1200|1200:deepstack|passive_rocks
STATE:159:cc/cc:Qs|Qh/As:0|0:passive_rocks|deepstack
STATE:160:cc/cc:Kh|Qh/Ah:100|-100:deepstack|passive_rocks
STATE:161:cr300f:Qs|As:-100|100:passive_rocks|deepstack
STATE:162:cr1200f:Kh|As:-100|100:deepstack|passive_rocks
STATE:163:cr1200c/:Kh|Qh/As:1200|-1200:passive_rocks|deepstack
STATE:164:cc/r1200c:As|Ks/Qh:1200|-1200:deepstack|passive_rocks
STATE:165:r1200f:As|Ks:100|-100:passive_rocks|deepstack
STATE:166:cc/r1200c:Qh|Kh/Ah:-1200|1200:deepstack|passive_rocks
STATE:167:r1200f:Ah|Qh:100|-100:passive_rocks|deepstack
STATE:168:r1200c/:As|Kh/Qh:1200|-1200:deepstack|passive_rocks
STATE:169:cc/cr1200c:Ks|Ah/As:-1200|1200:passive_rocks|deepstack
STATE:170:r1200c/:As|Ks/Ah:1200|-1200:deepstack|passive_rocks
STATE:171:cr1200f:Qh|As:-100|100:passive_rocks|deepstack
STATE:172:cc/r300c:Qs|Kh/Qh:300|-300:deepstack|passive_rocks
STATE:173:cr300c/cr1200c:Ks|Ah/Qh:-1200|1200:passive_rocks|deepstack
STATE:174:r300r1200f:Qs|As:-300|300:deepstack|passive_rocks
STATE:175:cr1200c/:Kh|Qh/Ks:1200|-1200:passive_rocks|deepstack
STATE:176:r1200f:Kh|Qh:100|-100:deepstack|passive_rocks
STATE:177:r1200f:Ah|Ks:100|-100:passive_rocks|deepstack
STATE:178:r1200f:Qh|Qs:100|-100:deepstack|passive_rocks
STATE:179:cr1200c/:Ks|Kh/Qh:0|0:passive_rocks|deepstack
STATE:180:cr1200f:Qh|Ah:-100|100:deepstack|passive_rocks
STATE:181:r1200f:As|Ks:100|-100:passive_rocks|deepstack
STATE:182:cc/cc:Qh|Qs/Kh:0|0:deepstack|passive_rocks
STATE:183:r1200f:Ah|Qs:100|-100:passive_rocks|deepstack
STATE:184:cc/r1200c:Qh|Kh/Qs:1200|-1200:deepstack|passive_rocks
STATE:185:cc/cc:Kh|Ah/Ks:100|-100:passive_rocks|deepstack
STATE:186:r1200c/:Qs|Kh/Qh:1200|-1200:deepstack|passive_rocks
STATE:187:r1200f:As|Qs:100|-100:passive_rocks|deepstack
STATE:188:cc/cc:Qh|Ks/Kh:-100|100:deepstack|passive_rocks
STATE:189:r1200f:As|Kh:100|-100:passive_rocks|deepstack
STATE:190:cc/cc:Kh|Qh/Ks:100|-100:deepstack|passive_rocks
STATE:191:cr1200c/:Kh|Qs/Qh:-1200|1200:passive_rocks|deepstack
STATE:192:cr1200f:Kh|Ah:-100|100:deepstack|passive_rocks
STATE:193:cr300f:Qh|Ks:-100|100:passive_rocks|deepstack
STATE:194:cc/cc:Kh|Qs/Qh:-100|100:deepstack|passive_rocks
STATE:195:cr1200f:Qh|Ah:-100|100:passive_rocks|deepstack
STATE:196:cr1200f:Qs|Ah:-100|100:deepstack|passive_rocks
STATE:197:r1200f:Ah|Qh:100|-100:passive_rocks|deepstack
STATE:198:r1200c/:Qs|Ks/As:-1200|1200:deepstack|passive_rocks
STATE:199:cr300c/cc:Kh|As/Qh:-300|300:passive_rocks|deepstack
STATE:200:cc/r1200c:Qh|Qs/Kh:0|0:deepstack|passive_rocks
STATE:201:cc/cc:Qh|Kh/Qs:100|-100:passive_rocks|deepstack
STATE:202:cr1200f:Qs|Ah:-100|100:deepstack|passive_rocks
STATE:203:r1200f:Ah|Kh:100|-100:passive_rocks|deepstack
STATE:204:cc/cc:As|Qs/Ks:100|-100:deepstack|passive_rocks
STATE:205:cr300c/cc:Ks|Ah/Qs:-300|300:passive_rocks|deepstack
STATE:206:cr1200c/:Ah|As/Ks:0|0:deepstack|passive_rocks
STATE:207:r1200f:Ah|Qs:100|-100:passive_rocks|deepstack
STATE:208:cc/r1200c:Ah|Ks/Kh:-1200|1200:deepstack|passive_rocks
STATE:209:cr300f:Qs|As:-100|100:passive_rocks|deepstack
STATE:210:cc/r300c:Ks|Qh/As:300|-300:deepstack|passive_rocks
STATE:211:cr1200f:Qh|Qs:-100|100:passive_rocks|deepstack
STATE:212:r1200c/:Ks|As/Qs:-1200|1200:deepstack|passive_rocks
STATE:213:cc/cc:Qh|Ks/As:-100|100:passive_rocks|deepstack
STATE:214:cr1200f:Qh|As:-100|100:deepstack|passive_rocks
STATE:215:cr1200c/:Ks|Ah/As:-1200|1200:passive_rocks|deepstack
STATE:216:r1200f:As|Qs:100|-100:deepstack|passive_rocks
STATE:217:cr300c/cc:Ks|Ah/Qh:-300|300:passive_rocks|deepstack
STATE:218:r1200c/:As|Ah/Kh:0|0:deepstack|passive_rocks
STATE:219:cr300f:Qh|Ah:-100|100:passive_rocks|deepstack
STATE:220:r1200f:Ah|Qs:100|-100:deepstack|passive_rocks
STATE:221:cc/cr1200c:Ks|Qh/As:1200|-1200:passive_rocks|deepstack
STATE:222:r300c/cc:Kh|Ks/As:0|0:deepstack|passive_rocks
STATE:223:r1200f:Ah|Qh:100|-100:passive_rocks|deepstack
STATE:224:cr1200f:Kh|Ah:-100|100:deepstack|passive_rocks
STATE:225:cr300c/cc:Kh|As/Qh:-300|300:passive_rocks|deepstack
STATE:226:cr1200f:Kh|Ah:-100|100:deepstack|passive_rocks
STATE:227:r1200c/:Ah|As/Ks:0|0:passive_rocks|deepstack
STATE:228:cr1200c/:As|Ah/Qh:0|0:deepstack|passive_rocks
STATE:229:cr300c/cr1200c:Ks|Qh/Kh:1200|-1200:passive_rocks|deepstack
STATE:230:cc/r1200c:Qs|Kh/Qh:1200|-1200:deepstack|passive_rocks
STATE:231:r1200f:As|Kh:100|-100:passive_rocks|deepstack
STATE:232:cc/r300c:Kh|Ks/As:0|0:deepstack|passive_rocks
STATE:233:cc/cc:Qh|Kh/Ah:-100|100:passive_rocks|deepstack
STATE:234:r1200c/:Ks|Kh/As:0|0:deepstack|passive_rocks
STATE:235:cr1200c/:Kh|Qs/Ks:1200|-1200:passive_rocks|deepstack
STATE:236:cc/r1200c:Qh|Ks/Qs:1200|-1200:deepstack|passive_rocks
STATE:237:r1200f:Ah|Kh:100|-100:passive_rocks|deepstack
STATE:238:r1200c/:As|Ks/Qh:1200|-1200:deepstack|passive_rocks
STATE:239:cc/cc:Ks|Qs/As:100|-100:passive_rocks|deepstack
STATE:240:cc/cc:Ah|Qs/Qh:-100|100:deepstack|passive_rocks
STATE:241:r1200f:Ah|Ks:100|-100:passive_rocks|deepstack
STATE:242:cc/cc:Ks|Kh/Ah:0|0:deepstack|passive_rocks
STATE:243:r1200f:Ah|Kh:100|-100:passive_rocks|deepstack
STATE:244:r1200c/:Ah|Kh/Qs:1200|-1200:deepstack|passive_rocks
STATE:245:cr300f:Qh|Ah:-100|100:passive_rocks|deepstack
STATE:246:cr1200f:Kh|As:-100|100:deepstack|passive_rocks
STATE:247:r1200f:Ah|Kh:100|-100:passive_rocks|deepstack
STATE:248:cc/r1200c:Ah|Qs/As:1200|-1200:deepstack|passive_rocks
STATE:249:cr300f:Qs|As:-100|100:passive_rocks|deepstack
STATE:250:cc/r1200c:Ks|Kh/As:0|0:deepstack|passive_rocks
STATE:251:cr300f:Qh|As:-100|100:passive_rocks|deepstack
STATE:252:r300c/cc:Ah|Kh/Ks:-300|300:deepstack|passive_rocks
STATE:253:cr300c/cc:Ks|As/Qs:-300|300:passive_rocks|deepstack
STATE:254:cr1200c/:Ah|As/Kh:0|0:deepstack|passive_rocks
STATE:255:cr1200c/:Kh|Ks/As:0|0:passive_rocks|deepstack
STATE:256:cc/r300c:Ks|Qs/As:300|-300:deepstack|passive_rocks
STATE:257:r1200c/:As|Ah/Qs:0|0:passive_rocks|deepstack
STATE:258:r1200f:Qh|Qs:100|-100:deepstack|passive_rocks
STATE:259:cr1200f:Qh|Qs:-100|100:passive_rocks|deepstack
STATE:260:cc/r1200c:Qh|Ks/Ah:-1200|1200:deepstack|passive_rocks
STATE:261:cr300c/cc:Ks|As/Qh:-300|300:passive_rocks|deepstack
STATE:262:cc/cc:Qh|Kh/Ah:-100|100:deepstack|passive_rocks
STATE:263:cc/cc:Kh|Ks/As:0|0:passive_rocks|deepstack
STATE:264:cr1200f:Kh|As:-100|100:deepstack|passive_rocks
STATE:265:cr1200c/:Kh|Qh/Ah:1200|-1200:passive_rocks|deepstack
STATE:266:r1200c/:Ks|As/Qs:-1200|1200:deepstack|passive_rocks
STATE:267:cr1200f:Qh|Ks:-100|100:passive_rocks|deepstack
STATE:268:r1200c/:Ah|Ks/Kh:-1200|1200:deepstack|passive_rocks
STATE:269:cr1200c/:Ks|Kh/Qh:0|0:passive_rocks|deepstack
STATE:270:cr1200f:Ks|Ah:-100|100:deepstack|passive_rocks
STATE:271:cr1200c/:Ks|Qh/Kh:1200|-1200:passive_rocks|deepstack
STATE:272:cc/cc:Qs|Ks/Kh:-100|100:deepstack|passive_rocks
STATE:273:cc/cr1200c:Ks|Qs/Ah:1200|-1200:passive_rocks|deepstack
STATE:274:r1200c/:Qh|Ah/Kh:-1200|1200:deepstack|passive_rocks
STATE:275:cc/cr300c:Kh|Ah/As:-300|300:passive_rocks|deepstack
STATE:276:r1200c/:Kh|As/Ks:1200|-1200:deepstack|passive_rocks
STATE:277:cc/cc:Ks|Kh/Ah:0|0:passive_rocks|deepstack
STATE:278:cr1200f:Qh|Ah:-100|100:deepstack|passive_rocks
STATE:279:cr300c/cr1200c:Ks|As/Ah:-1200|1200:passive_rocks|deepstack
STATE:280:cc/cc:Qs|Qh/As:0|0:deepstack|passive_rocks
STATE:281:r1200f:As|Qs:100|-100:passive_rocks|deepstack
STATE:282:r1200c/:Ah|As/Qh:0|0:deepstack|passive_rocks
STATE:283:r1200f:Ah|Kh:100|-100:passive_rocks|deepstack
STATE:284:r1200c/:As|Kh/Ah:1200|-1200:deepstack|passive_rocks
STATE:285:cc/cc:Qs|Ah/Ks:-100|100:passive_rocks|deepstack
STATE:286:r1200f:Qs|Qh:100|-100:deepstack|passive_rocks
STATE:287:r1200f:Ah|Ks:100|-100:passive_rocks|deepstack
STATE:288:cc/cc:Ah|Kh/Ks:-100|100:deepstack|passive_rocks
STATE:289:r1200c/:As|Ah/Ks:0|0:passive_rocks|deepstack
STATE:290:r1200f:As|Qs:100|-100:deepstack|passive_rocks
STATE:291:cr1200f:Qs|Ks:-100|100:passive_rocks|deepstack
STATE:292:cr1200c/:As|Ah/Kh:0|0:deepstack|passive_rocks
STATE:293:r1200f:Ah|Ks:100|-100:passive_rocks|deepstack
STATE:294:cr1200f:Ks|As:-100|100:deepstack|passive_rocks
STATE:295:r1200c/:As|Ah/Kh:0|0:passive_rocks|deepstack
STATE:296:cr1200f:Qs|Ah:-100|100:deepstack|passive_rocks
STATE:297:r1200f:As|Qs:100|-100:passive_rocks|deepstack
STATE:298:cc/r1200c:As|Qh/Ah:1200|-1200:deepstack|passive_rocks
STATE:299:cc/cc:Qs|Ks/As:-100|100:passive_rocks|deepstack
STATE:300:cc/cc:Qh|Qs/Kh:0|0:deepstack|passive_rocks
STATE:301:cr1200f:Qs|As:-100|100:passive_rocks|deepstack
STATE:302:r1200c/:As|Kh/Ks:-1200|1200:deepstack|passive_rocks
STATE:303:cc/cc:Qh|Qs/Ks:0|0:passive_rocks|deepstack
STATE:304:cc/cc:Ah|Qs/Kh:100|-100:deepstack|passive_rocks
STATE:305:r1200f:Ah|Qs:100|-100:passive_rocks|deepstack
STATE:306:cr1200f:Kh|As:-100|100:deepstack|passive_rocks
STATE:307:r1200f:As|Ks:100|-100:passive_rocks|deepstack
STATE:308:cr1200f:Kh|Ah:-100|100:deepstack|passive_rocks
STATE:309:cc/cc:Qh|Kh/Ah:-100|100:passive_rocks|deepstack
STATE:310:cc/r300c:Ah|Ks/As:300|-300:deepstack|passive_rocks
STATE:311:r1200f:As|Qh:100|-100:passive_rocks|deepstack
STATE:312:r1200c/:Ks|As/Kh:1200|-1200:deepstack|passive_rocks
STATE:313:cr1200c/:Ks|Ah/As:-1200|1200:passive_rocks|deepstack
STATE:314:cr1200f:Qh|As:-100|100:deepstack|passive_rocks
STATE:315:cr300c/cc:Ks|As/Kh:300|-300:passive_rocks|deepstack
STATE:316:r1200c/:Kh|Ks/Qh:0|0:deepstack|passive_rocks
STATE:317:cr1200c/:Kh|Qh/As:1200|-1200:passive_rocks|deepstack
STATE:318:cc/cc:Qh|Kh/Qs:100|-100:deepstack|passive_rocks
STATE:319:cr300c/cr900c:Ks|Qh/Ah:900|-900:passive_rocks|deepstack
STATE:320:cr1200c/:As|Ah/Qs:0|0:deepstack|passive_rocks
STATE:321:cr300c/cr1200c:Ks|Kh/Qs:0|0:passive_rocks|deepstack
STATE:322:r1200f:Ks|Qs:100|-100:deepstack|passive_rocks
STATE:323:cr1200c/:Ks|Kh/Qh:0|0:passive_rocks|deepstack
STATE:324:cc/r300c:Kh|Qs/Ks:300|-300:deepstack|passive_rocks
STATE:325:cr1200c/:Ks|As/Ah:-1200|1200:passive_rocks|deepstack
STATE:326:r1200c/:Ks|Ah/Kh:1200|-1200:deepstack|passive_rocks
STATE:327:r1200f:Ah|Qs:100|-100:passive_rocks|deepstack
STATE:328:cc/cc:Kh|Ks/Qs:0|0:deepstack|passive_rocks
STATE:329:cr300f:Qs|As:-100|100:passive_rocks|deepstack
STATE:330:cc/r1200c:Ah|Kh/Ks:-1200|1200:deepstack|passive_rocks
STATE:331:cc/cc:Ks|Qh/Kh:100|-100:passive_rocks|deepstack
STATE:332:cc/cc:Ks|Qs/Ah:100|-100:deepstack|passive_rocks
STATE:333:r1200c/:As|Ah/Qs:0|0:passive_rocks|deepstack
STATE:334:r1200f:Ks|Qs:100|-100:deepstack|passive_rocks
STATE:335:r1200f:Ah|Qh:100|-100:passive_rocks|deepstack
STATE:336:cc/r1200c:Qs|Qh/Kh:0|0:deepstack|passive_rocks
STATE:337:cr300c/cr1200c:Kh|Ah/Ks:1200|-1200:passive_rocks|deepstack
STATE:338:cr1200f:Kh|Ah:-100|100:deepstack|passive_rocks
STATE:339:r1200f:As|Ks:100|-100:passive_rocks|deepstack
STATE:340:cc/r1200c:Ks|Kh/Qs:0|0:deepstack|passive_rocks
STATE:341:r1200c/:As|Ah/Qh:0|0:passive_rocks|deepstack
STATE:342:r1200c/:Kh|Ah/As:-1200|1200:deepstack|passive_rocks
STATE:343:cc/cr1200c:Ks|Qs/Ah:1200|-1200:passive_rocks|deepstack
STATE:344:r1200c/:As|Ks/Qs:1200|-1200:deepstack|passive_rocks
STATE:345:r1200c/:Ah|As/Qs:0|0:passive_rocks|deepstack
STATE:346:r1200f:Ks|Qh:100|-100:deepstack|passive_rocks
STATE:347:r1200f:As|Ks:100|-100:passive_rocks|deepstack
STATE:348:cc/cc:Qh|Qs/Ah:0|0:deepstack|passive_rocks
STATE:349:cr1200c/:Ks|Ah/Qh:-1200|1200:passive_rocks|deepstack
STATE:350:r1200c/:Qh|Ks/As:-1200|1200:deepstack|passive_rocks
STATE:351:cc/cr1200c:Kh|Qh/Qs:-1200|1200:passive_rocks|deepstack
STATE:352:cc/cc:Ks|Qs/Ah:100|-100:deepstack|passive_rocks
STATE:353:cr300c/cc:Kh|Ah/Qs:-300|300:passive_rocks|deepstack
STATE:354:cc/cc:Qs|Ks/Qh:100|-100:deepstack|passive_rocks
STATE:355:cr300f:Qh|Ah:-100|100:passive_rocks|deepstack
STATE:356:cc/cc:As|Qs/Ks:100|-100:deepstack|passive_rocks
STATE:357:r1200f:Ah|Kh:100|-100:passive_rocks|deepstack
STATE:358:cc/cc:Qs|Kh/Ah:-100|100:deepstack|passive_rocks
STATE:359:r1200f:Ah|Qh:100|-100:passive_rocks|deepstack
STATE:360:cc/r1200c:Qh|Ks/As:-1200|1200:deepstack|passive_rocks
STATE:361:cc/cr300c:Kh|Qh/Qs:-300|300:passive_rocks|deepstack
STATE:362:r1200c/:Ah|As/Kh:0|0:deepstack|passive_rocks
STATE:363:r1200f:As|Kh:100|-100:passive_rocks|deepstack
STATE:364:r1200c/:Ah|Ks/As:1200|-1200:deepstack|passive_rocks
STATE:365:cc/cr1200c:Qs|Ks/Qh:1200|-1200:passive_rocks|deepstack
STATE:366:cc/cc:Qh|Kh/Ah:-100|100:deepstack|passive_rocks
STATE:367:cc/cr300c:Kh|Qh/Qs:-300|300:passive_rocks|deepstack
STATE:368:cc/r1200c:Ks|Qs/As:1200|-1200:deepstack|passive_rocks
STATE:369:cc/cr1200c:Kh|As/Qs:-1200|1200:passive_rocks|deepstack
STATE:370:r1200f:Ah|Qh:100|-100:deepstack|passive_rocks
STATE:371:cc/cc:Kh|Ks/Ah:0|0:passive_rocks|deepstack
STATE:372:cr1200c/:Ah|As/Ks:0|0:deepstack|passive_rocks
STATE:373:cr1200f:Qh|Ks:-100|100:passive_rocks|deepstack
STATE:374:cc/cc:Ah|Qh/Ks:100|-100:deepstack|passive_rocks
STATE:375:r1200f:Ah|Qh:100|-100:passive_rocks|deepstack
STATE:376:cr1200f:Ks|As:-100|100:deepstack|passive_rocks
STATE:377:cc/cr1200c:Kh|Qh/Ks:1200|-1200:passive_rocks|deepstack
STATE:378:r1200c/:As|Kh/Qh:1200|-1200:deepstack|passive_rocks
STATE:379:cr1200c/:Ks|As/Kh:1200|-1200:passive_rocks|deepstack
STATE:380:cc/cc:Ah|Qh/Kh:100|-100:deepstack|passive_rocks
STATE:381:r1200f:Ah|Ks:100|-100:passive_rocks|deepstack
STATE:382:cr1200f:Qh|As:-100|100:deepstack|passive_rocks
STATE:383:cc/cc:Ks|As/Qh:-100|100:passive_rocks|deepstack
STATE:384:cc/cc:Ah|Qs/Qh:-100|100:deepstack|passive_rocks
STATE:385:r1200f:Ah|Kh:100|-100:passive_rocks|deepstack
STATE:386:r1200f:Ah|Qs:100|-100:deepstack|passive_rocks
STATE:387:cc/cc:Qh|Kh/As:-100|100:passive_rocks|deepstack
STATE:388:r1200f:As|Qs:100|-100:deepstack|passive_rocks
STATE:389:cr300c/cr1200c:Ks|Qh/Kh:1200|-1200:passive_rocks|deepstack
STATE:390:cr1200f:Ks|As:-100|100:deepstack|passive_rocks
STATE:391:cr300c/cc:Ks|As/Qh:-300|300:passive_rocks|deepstack
STATE:392:r1200c/:As|Ks/Kh:-1200|1200:deepstack|passive_rocks
STATE:393:cr1200c/:Kh|As/Ks:1200|-1200:passive_rocks|deepstack
STATE:394:r1200c/:Qs|As/Kh:-1200|1200:deepstack|passive_rocks
STATE:395:cr300c/cr1200c:Kh|As/Ah:-1200|1200:passive_rocks|deepstack
STATE:396:r1200f:Ks|Qs:100|-100:deepstack|passive_rocks
STATE:397:r1200f:Ah|Kh:100|-100:passive_rocks|deepstack
STATE:398:r1200c/:Qs|Ks/Ah:-1200|1200:deepstack|passive_rocks
STATE:399:cr300f:Qh|Ah:-100|100:passive_rocks|deepstack
STATE:400:cc/cc:Ah|Kh/Ks:-100|100:deepstack|passive_rocks
STATE:401:cr1200f:Qh|Ah:-100|100:passive_rocks|deepstack
STATE:402:cr1200f:Qh|Ah:-100|100:deepstack|passive_rocks
STATE:403:cr1200c/:Kh|Qs/Ks:1200|-1200:passive_rocks|deepstack
STATE:404:cc/cc:As|Qh/Qs:-100|100:deepstack|passive_rocks
STATE:405:cr300f:Qs|Ah:-100|100:passive_rocks|deepstack
STATE:406:cc/r1200c:Ah|Kh/Qs:1200|-1200:deepstack|passive_rocks
STATE:407:cr300f:Qs|As:-100|100:passive_rocks|deepstack
STATE:408:cc/r1200c:Ks|Qs/As:1200|-1200:deepstack|passive_rocks
STATE:409:r1200f:Ah|Qs:100|-100:passive_rocks|deepstack
STATE:410:r1200c/:As|Kh/Ah:1200|-1200:deepstack|passive_rocks
STATE:411:cc/cr1200c:Ks|Qs/As:1200|-1200:passive_rocks|deepstack
STATE:412:r1200c/:Qs|Kh/Ah:-1200|1200:deepstack|passive_rocks
STATE:413:cc/cr1200c:Kh|Ks/Qh:0|0:passive_rocks|deepstack
STATE:414:r1200f:Kh|Qh:100|-100:deepstack|passive_rocks
STATE:415:cc/cr300c:Qh|Ks/Kh:-300|300:passive_rocks|deepstack
STATE:416:cc/r1200c:Qh|Qs/Ah:0|0:deepstack|passive_rocks
STATE:417:cr300c/cc:Kh|As/Ks:300|-300:passive_rocks|deepstack
STATE:418:r1200c/:Ah|Ks/As:1200|-1200:deepstack|passive_rocks
STATE:419:r1200f:Ah|Qs:100|-100:passive_rocks|deepstack
STATE:420:cc/cc:Qs|Ks/As:-100|100:deepstack|passive_rocks
STATE:421:r1200f:As|Ks:100|-100:passive_rocks|deepstack
STATE:422:cr1200f:Qs|Ah:-100|100:deepstack|passive_rocks
STATE:423:cr1200c/:Kh|Ks/Qs:0|0:passive_rocks|deepstack
STATE:424:r1200f:As|Qs:100|-100:deepstack|passive_rocks
STATE:425:cc/cc:Qs|As/Kh:-100|100:passive_rocks|deepstack
STATE:426:r1200c/:Qs|Ah/Ks:-1200|1200:deepstack|passive_rocks
STATE:427:cr1200f:Qs|Kh:-100|100:passive_rocks|deepstack
STATE:428:r1200f:As|Qs:100|-100:deepstack|passive_rocks
STATE:429:cr1200c/:Kh|Ah/As:-1200|1200:passive_rocks|deepstack
STATE:430:cc/r300c:Qh|Ks/Qs:300|-300:deepstack|passive_rocks
STATE:431:r1200f:As|Qs:100|-100:passive_rocks|deepstack
STATE:432:cc/r1200c:Kh|Ks/Ah:0|0:deepstack|passive_rocks
STATE:433:r1200f:Ah|Qh:100|-100:passive_rocks|deepstack
STATE:434:r1200f:Ah|Qh:100|-100:deepstack|passive_rocks
STATE:435:cc/cc:Qh|Ah/Ks:-100|100:passive_rocks|deepstack
STATE:436:cc/cc:As|Kh/Qs:100|-100:deepstack|passive_rocks
STATE:437:r1200f:Ah|Qh:100|-100:passive_rocks|deepstack
STATE:438:cc/cc:Ah|Qs/Qh:-100|100:deepstack|passive_rocks
STATE:439:cc/cr1200c:Kh|Qh/Qs:-1200|1200:passive_rocks|deepstack
STATE:440:r1200c/:Ah|Ks/As:1200|-1200:deepstack|passive_rocks
STATE:441:cr300c/cr1200c:Kh|Ah/As:-1200|1200:passive_rocks|deepstack
STATE:442:r1200c/:Ah|Kh/Qs:1200|-1200:deepstack|passive_rocks
STATE:443:r1200f:Ah|Ks:100|-100:passive_rocks|deepstack
STATE:444:cr1200f:Kh|As:-100|100:deepstack|passive_rocks
STATE:445:r1200f:Ah|Qh:100|-100:passive_rocks|deepstack
STATE:446:cr1200f:Kh|Ah:-100|100:deepstack|passive_rocks
STATE:447:r1200f:Ah|Qs:100|-100:passive_rocks|deepstack
STATE:448:r1200c/:Ah|Ks/As:1200|-1200:deepstack|passive_rocks
STATE:449:cc/cr300c:Qh|Ks/Kh:-300|300:passive_rocks|deepstack
STATE:450:r1200c/:Qs|As/Kh:-1200|1200:deepstack|passive_rocks
STATE:451:cr300f:Qh|Qs:-100|100:passive_rocks|deepstack
STATE:452:cc/cc:Kh|Qh/Ah:100|-100:deepstack|passive_rocks
STATE:453:cr1200c/:Kh|Ks/Qh:0|0:passive_rocks|deepstack
STATE:454:r1200c/:Kh|Ah/Ks:1200|-1200:deepstack|passive_rocks
STATE:455:cc/cc:Qs|Qh/Ks:0|0:passive_rocks|deepstack
STATE:456:cr1200c/:Ah|As/Ks:0|0:deepstack|passive_rocks
STATE:457:cc/cr1200c:Qs|Kh/Qh:1200|-1200:passive_rocks|deepstack
STATE:458:cr1200f:Qs|As:-100|100:deepstack|passive_rocks
STATE:459:cr1200c/:Ks|Ah/Qs:-1200|1200:passive_rocks|deepstack
STATE:460:cr1200f:Kh|As:-100|100:deepstack|passive_rocks
STATE:461:cr1200f:Qh|As:-100|100:passive_rocks|deepstack
STATE:462:cr1200c/:As|Ah/Qs:0|0:deepstack|passive_rocks
STATE:463:r1200f:Ah|Qh:100|-100:passive_rocks|deepstack
STATE:464:cc/cc:As|Ks/Qh:100|-100:deepstack|passive_rocks
STATE:465:cc/cr1200c:Qh|Ks/Qs:1200|-1200:passive_rocks|deepstack
STATE:466:cc/r1200c:Ah|Kh/Qh:1200|-1200:deepstack|passive_rocks
STATE:467:r1200f:As|Qs:100|-100:passive_rocks|deepstack
STATE:468:r1200f:Ks|Qs:100|-100:deepstack|passive_rocks
STATE:469:cc/cr300c:Kh|Qs/Qh:-300|300:passive_rocks|deepstack
STATE:470:cc/r1200c:Ks|Qs/Kh:1200|-1200:deepstack|passive_rocks
STATE:471:cc/cc:Kh|Qs/As:100|-100:passive_rocks|deepstack
STATE:472:r1200c/:Ks|As/Qs:-1200|1200:deepstack|passive_rocks
STATE:473:cc/cr300c:Kh|Qh/Qs:-300|300:passive_rocks|deepstack
STATE:474:cc/r1200c:As|Kh/Ks:-1200|1200:deepstack|passive_rocks
STATE:475:r1200f:Ah|Qs:100|-100:passive_rocks|deepstack
STATE:476:cc/cc:Ah|Ks/Qh:100|-100:deepstack|passive_rocks
STATE:477:cc/cc:Kh|Qs/Ks:100|-100:passive_rocks|deepstack
STATE:478:r1200c/:Qh|Kh/Qs:1200|-1200:deepstack|passive_rocks
STATE:479:cc/cr1200c:Qh|Ks/Qs:1200|-1200:passive_rocks|deepstack
STATE:480:cc/r1200c:As|Ks/Qh:1200|-1200:deepstack|passive_rocks
STATE:481:cr300c/cc:Kh|Ah/Qh:-300|300:passive_rocks|deepstack
STATE:482:r1200c/:Qs|As/Ks:-1200|1200:deepstack|passive_rocks
STATE:483:r1200f:As|Kh:100|-100:passive_rocks|deepstack
STATE:484:cr1200f:Ks|Ah:-100|100:deepstack|passive_rocks
STATE:485:cr300f:Qh|Kh:-100|100:passive_rocks|deepstack
STATE:486:cc/cc:Qs|Ks/Kh:-100|100:deepstack|passive_rocks
STATE:487:r1200c/:As|Ah/Qh:0|0:passive_rocks|deepstack
STATE:488:cr1200f:Ks|Ah:-100|100:deepstack|passive_rocks
STATE:489:r1200f:Ah|Kh:100|-100:passive_rocks|deepstack
STATE:490:cr1200f:Ks|As:-100|100:deepstack|passive_rocks
STATE:491:r1200f:Ah|Ks:100|-100:passive_rocks|deepstack
STATE:492:cr1200f:Ks|Ah:-100|100:deepstack|passive_rocks
STATE:493:cr1200f:Qs|Kh:-100|100:passive_rocks|deepstack
STATE:494:cr1200f:Ks|As:-100|100:deepstack|passive_rocks
STATE:495:r1200f:As|Ks:100|-100:passive_rocks|deepstack
STATE:496:cr1200f:Qh|As:-100|100:deepstack|passive_rocks
STATE:497:r1200f:Ah|Kh:100|-100:passive_rocks|deepstack
STATE:498:r1200c/:Ah|Kh/Qs:1200|-1200:deepstack|passive_rocks
STATE:499:r1200c/:As|Ah/Qh:0|0:passive_rocks|deepstack
STATE:500:cr1200f:Ks|Ah:-100|100:deepstack|passive_rocks
STATE:501:r1200f:Ah|Qs:100|-100:passive_rocks|deepstack
STATE:502:r1200f:Ah|Qs:100|-100:deepstack|passive_rocks
STATE:503:cc/cr300c:Ks|Ah/As:-300|300:passive_rocks|deepstack
STATE:504:r1200f:Ah|Qs:100|-100:deepstack|passive_rocks
STATE:505:cr300f:Qh|Ah:-100|100:passive_rocks|deepstack
STATE:506:r300c/cc:Ah|Kh/Qs:300|-300:deepstack|passive_rocks
STATE:507:cc/cc:Qs|Ks/Qh:100|-100:passive_rocks|deepstack
STATE:508:r1200c/:Kh|Ah/Qs:-1200|1200:deepstack|passive_rocks
STATE:509:r1200f:Ah|Qh:100|-100:passive_rocks|deepstack
STATE:510:cr1200f:Qs|Ah:-100|100:deepstack|passive_rocks
STATE:511:cr300f:Qs|Ah:-100|100:passive_rocks|deepstack
STATE:512:cc/r1200c:Kh|Ks/As:0|0:deepstack|passive_rocks
STATE:513:cr1200c/:Ks|Qh/As:1200|-1200:passive_rocks|deepstack
STATE:514:cc/r300c:Ks|Qh/Kh:300|-300:deepstack|passive_rocks
STATE:515:r1200f:Ah|Ks:100|-100:passive_rocks|deepstack
STATE:516:cc/cc:Ks|Kh/Qh:0|0:deepstack|passive_rocks
STATE:517:cr1200c/:Kh|Qh/Ah:1200|-1200:passive_rocks|deepstack
STATE:518:r1200c/:Kh|Ah/Qs:-1200|1200:deepstack|passive_rocks
STATE:519:cr1200f:Qs|Kh:-100|100:passive_rocks|deepstack
STATE:520:r1200c/:Ah|Kh/As:1200|-1200:deepstack|passive_rocks
STATE:521:r1200f:As|Kh:100|-100:passive_rocks|deepstack
STATE:522:cr1200f:Qh|As:-100|100:deepstack|passive_rocks
STATE:523:cr1200c/:Ks|Kh/As:0|0:passive_rocks|deepstack
STATE:524:r1200f:Ks|Qh:100|-100:deepstack|passive_rocks
STATE:525:cr300f:Qs|As:-100|100:passive_rocks|deepstack
STATE:526:r300r1200f:Ks|Ah:-300|300:deepstack|passive_rocks
STATE:527:cr300c/cr1200c:Kh|As/Qs:-1200|1200:passive_rocks|deepstack
STATE:528:cc/r1200c:Ks|Qh/Ah:1200|-1200:deepstack|passive_rocks
STATE:529:cr300c/cc:Kh|As/Ks:300|-300:passive_rocks|deepstack
STATE:530:r1200c/:Ah|Ks/Qh:1200|-1200:deepstack|passive_rocks
STATE:531:cr300f:Qh|Ah:-100|100:passive_rocks|deepstack
STATE:532:r1200c/:As|Ah/Qh:0|0:deepstack|passive_rocks
STATE:533:cr300f:Qs|Ah:-100|100:passive_rocks|deepstack
STATE:534:r1200c/:Ah|Ks/Qs:1200|-1200:deepstack|passive_rocks
STATE:535:cc/cr1200c:Ks|Ah/Qs:-1200|1200:passive_rocks|deepstack
STATE:536:r1200f:As|Qh:100|-100:deepstack|passive_rocks
STATE:537:cr1200c/:Kh|As/Qs:-1200|1200:passive_rocks|deepstack
STATE:538:cr1200f:Ks|Ah:-100|100:deepstack|passive_rocks
STATE:539:cc/cc:Kh|As/Qs:-100|100:passive_rocks|deepstack
STATE:540:cc/cc:Ks|Kh/Ah:0|0:deepstack|passive_rocks
STATE:541:cr300c/cc:Ks|As/Kh:300|-300:passive_rocks|deepstack
STATE:542:cr1200f:Qh|Ah:-100|100:deepstack|passive_rocks
STATE:543:cc/cc:Qs|Ks/As:-100|100:passive_rocks|deepstack
STATE:544:cc/cc:As|Qh/Kh:100|-100:deepstack|passive_rocks
STATE:545:r1200f:Ah|Qh:100|-100:passive_rocks|deepstack
STATE:546:cc/r1200c:Ks|Qs/Ah:1200|-1200:deepstack|passive_rocks
STATE:547:r1200f:Ah|Kh:100|-100:passive_rocks|deepstack
STATE:548:r1200c/:Ks|Kh/Qh:0|0:deepstack|passive_rocks
STATE:549:cr1200f:Qs|Qh:-100|100:passive_rocks|deepstack
STATE:550:r1200c/:Qs|Kh/Qh:1200|-1200:deepstack|passive_rocks
STATE:551:r1200f:As|Kh:100|-100:passive_rocks|deepstack
STATE:552:cc/cc:Qh|Qs/Ah:0|0:deepstack|passive_rocks
STATE:553:cc/cc:Qs|Qh/Ks:0|0:passive_rocks|deepstack
STATE:554:cr1200f:Kh|Ah:-100|100:deepstack|passive_rocks
STATE:555:cr300c/cr1200c:Kh|Ks/Qs:0|0:passive_rocks|deepstack
STATE:556:r1200c/:As|Kh/Qh:1200|-1200:deepstack|passive_rocks
STATE:557:r1200f:As|Qh:100|-100:passive_rocks|deepstack
STATE:558:r1200c/:Ks|Ah/As:-1200|1200:deepstack|passive_rocks
STATE:559:cr300c/cr1200c:Kh|Ah/Ks:1200|-1200:passive_rocks|deepstack
STATE:560:r1200f:Ah|Qh:100|-100:deepstack|passive_rocks
STATE:561:cc/cc:Qh|Ks/Ah:-100|100:passive_rocks|deepstack
STATE:562:cc/cc:Kh|Qs/As:100|-100:deepstack|passive_rocks
STATE:563:cr300f:Qs|Ah:-100|100:passive_rocks|deepstack
STATE:564:cr1200f:Ks|Ah:-100|100:deepstack|passive_rocks
STATE:565:r1200f:Ah|Ks:100|-100:passive_rocks|deepstack
STATE:566:cr1200f:Kh|Ah:-100|100:deepstack|passive_rocks
STATE:567:r1200f:Ah|Ks:100|-100:passive_rocks|deepstack
STATE:568:cc/r1200c:Ah|Ks/As:1200|-1200:deepstack|passive_rocks
STATE:569:cc/cc:Qs|Qh/Ks:0|0:passive_rocks|deepstack
STATE:570:cr1200f:Qh|Ah:-100|100:deepstack|passive_rocks
STATE:571:cr300c/cc:Ks|Ah/Kh:300|-300:passive_rocks|deepstack
STATE:572:cc/r1200c:Kh|Qs/Ks:1200|-1200:deepstack|passive_rocks
STATE:573:r1200c/:As|Ah/Ks:0|0:passive_rocks|deepstack
STATE:574:r1200f:As|Qs:100|-100:deepstack|passive_rocks
STATE:575:cr300c/cr1200c:Kh|Ah/Ks:1200|-1200:passive_rocks|deepstack
STATE:576:r1200c/:As|Ks/Ah:1200|-1200:deepstack|passive_rocks
STATE:577:r1200f:Ah|Ks:100|-100:passive_rocks|deepstack
STATE:578:r1200c/:Qs|Ah/Ks:-1200|1200:deepstack|passive_rocks
STATE:579:cr300f:Qh|Ah:-100|100:passive_rocks|deepstack
STATE:580:r1200f:Ah|Qs:100|-100:deepstack|passive_rocks
STATE:581:cr300c/cr1200c:Kh|Ks/Ah:0|0:passive_rocks|deepstack
STATE:582:r1200c/:Qs|As/Ks:-1200|1200:deepstack|passive_rocks
STATE:583:cr300c/cr1200c:Kh|Ah/As:-1200|1200:passive_rocks|deepstack
STATE:584:r1200c/:Qs|As/Ah:-1200|1200:deepstack|passive_rocks
STATE:585:cc/cc:Kh|Ah/Qs:-100|100:passive_rocks|deepstack
STATE:586:cc/cc:Qs|Kh/Qh:100|-100:deepstack|passive_rocks
STATE:587:r1200c/:Ah|As/Qh:0|0:passive_rocks|deepstack
STATE:588:cr1200c/:Ah|As/Qs:0|0:deepstack|passive_rocks
STATE:589:r1200c/:Ah|As/Qs:0|0:passive_rocks|deepstack
STATE:590:r1200c/:Kh|Ks/Ah:0|0:deepstack|passive_rocks
STATE:591:cr300f:Qs|Ks:-100|100:passive_rocks|deepstack
STATE:592:cr1200c/:Ah|As/Kh:0|0:deepstack|passive_rocks
STATE:593:r1200f:Ah|Qs:100|-100:passive_rocks|deepstack
STATE:594:r1200c/:As|Ah/Qs:0|0:deepstack|passive_rocks
STATE:595:cr1200f:Qs|Qh:-100|100:passive_rocks|deepstack
STATE:596:cc/r1200c:Kh|Qh/As:1200|-1200:deepstack|passive_rocks
STATE:597:cr1200f:Qh|As:-100|100:passive_rocks|deepstack
STATE:598:r1200c/:Ah|Kh/Qs:1200|-1200:deepstack|passive_rocks
STATE:599:r1200f:As|Ks:100|-100:passive_rocks|deepstack
STATE:600:r1200c/:Ah|Ks/Qs:1200|-1200:deepstack|passive_rocks
STATE:601:r1200f:Ah|Qh:100|-100:passive_rocks|deepstack
STATE:602:r1200c/:Ks|Ah/Kh:1200|-1200:deepstack|passive_rocks
STATE:603:r1200c/:Ah|As/Ks:0|0:passive_rocks|deepstack
STATE:604:r1200c/:Qh|Ah/Qs:1200|-1200:deepstack|passive_rocks
STATE:605:cc/cr1200c:Qs|Qh/Ks:0|0:passive_rocks|deepstack
STATE:606:r1200f:Ah|Qh:100|-100:deepstack|passive_rocks
STATE:607:cr300c/cr1200c:Ks|Ah/Qh:-1200|1200:passive_rocks|deepstack
STATE:608:cr1200c/:Ah|As/Ks:0|0:deepstack|passive_rocks
STATE:609:r1200f:As|Qh:100|-100:passive_rocks|deepstack
STATE:610:cr1200f:Qs|Ah:-100|100:deepstack|passive_rocks
STATE:611:r1200f:As|Qs:100|-100:passive_rocks|deepstack
STATE:612:cc/cc:Kh|Ks/Qs:0|0:deepstack|passive_rocks
STATE:613:r1200f:Ah|Ks:100|-100:passive_rocks|deepstack
STATE:614:cr1200c/:Ah|As/Ks:0|0:deepstack|passive_rocks
STATE:615:cc/cr1200c:Ks|Qs/Kh:1200|-1200:passive_rocks|deepstack
STATE:616:r1200c/:As|Ah/Qh:0|0:deepstack|passive_rocks
STATE:617:cc/cr300c:Kh|Qs/Qh:-300|300:passive_rocks|deepstack
STATE:618:r1200c/:As|Ah/Qs:0|0:deepstack|passive_rocks
STATE:619:r1200c/:Ah|As/Ks:0|0:passive_rocks|deepstack
STATE:620:cr1200f:Qs|As:-100|100:deepstack|passive_rocks
STATE:621:cr300f:Qh|As:-100|100:passive_rocks|deepstack
STATE:622:r1200c/:Ah|Kh/As:1200|-1200:deepstack|passive_rocks
STATE:623:cc/cr1200c:Qh|Ks/Ah:-1200|1200:passive_rocks|deepstack
STATE:624:r1200c/:Kh|Ah/As:-1200|1200:deepstack|passive_rocks
STATE:625:cr300c/cc:Ks|As/Kh:300|-300:passive_rocks|deepstack
STATE:626:cc/r1200c:Qh|Kh/Qs:1200|-1200:deepstack|passive_rocks
STATE:627:cr300c/cr1200c:Ks|As/Qs:-1200|1200:passive_rocks|deepstack
STATE:628:r1200f:Ks|Qs:100|-100:deepstack|passive_rocks
STATE:629:cr300f:Qh|Ks:-100|100:passive_rocks|deepstack
STATE:630:cr1200f:Kh|As:-100|100:deepstack|passive_rocks
STATE:631:r1200f:Ah|Qh:100|-100:passive_rocks|deepstack
STATE:632:r300r1200f:Kh|As:-300|300:deepstack|passive_rocks
STATE:633:cc/cr1200c:Qs|Kh/As:-1200|1200:passive_rocks|deepstack
STATE:634:cc/cc:Ks|Qs/Qh:-100|100:deepstack|passive_rocks
STATE:635:cr300f:Qh|Ah:-100|100:passive_rocks|deepstack
STATE:636:r1200c/:Qh|Ah/Qs:1200|-1200:deepstack|passive_rocks
STATE:637:cr1200c/:Ks|Qh/Qs:-1200|1200:passive_rocks|deepstack
STATE:638:cc/r1200c:Kh|Qs/Qh:-1200|1200:deepstack|passive_rocks
STATE:639:r1200c/:Ah|As/Qh:0|0:passive_rocks|deepstack
STATE:640:r1200f:As|Qs:100|-100:deepstack|passive_rocks
STATE:641:r1200f:As|Qs:100|-100:passive_rocks|deepstack
STATE:642:r1200c/:Qs|Kh/Ah:-1200|1200:deepstack|passive_rocks
STATE:643:cr1200c/:Ks|As/Qh:-1200|1200:passive_rocks|deepstack
STATE:644:cc/cc:Qs|Qh/Kh:0|0:deepstack|passive_rocks
STATE:645:cr1200f:Qh|Kh:-100|100:passive_rocks|deepstack
STATE:646:r1200f:Ks|Qs:100|-100:deepstack|passive_rocks
STATE:647:r1200f:As|Qh:100|-100:passive_rocks|deepstack
STATE:648:cc/cc:Ks|Qs/As:100|-100:deepstack|passive_rocks
STATE:649:cr1200c/:Kh|Qh/Ks:1200|-1200:passive_rocks|deepstack
STATE:650:cc/r300c:Qs|Qh/Ks:0|0:deepstack|passive_rocks
STATE:651:cr300f:Qs|Ah:-100|100:passive_rocks|deepstack
STATE:652:r1200c/:Qh|Ks/Qs:1200|-1200:deepstack|passive_rocks
STATE:653:cr1200c/:Kh|Qs/Qh:-1200|1200:passive_rocks|deepstack
STATE:654:cc/r1200c:Qh|Ks/Kh:-1200|1200:deepstack|passive_rocks
STATE:655:cc/cr300c:Qs|Kh/Ks:-300|300:passive_rocks|deepstack
STATE:656:cc/r300c:Ks|Qs/As:300|-300:deepstack|passive_rocks
STATE:657:cc/cr1200c:Qh|Kh/Ah:-1200|1200:passive_rocks|deepstack
STATE:658:cc/cc:Qh|Ks/Kh:-100|100:deepstack|passive_rocks
STATE:659:cr1200c/:Ks|Qs/Ah:1200|-1200:passive_rocks|deepstack
STATE:660:r1200c/:As|Kh/Qs:1200|-1200:deepstack|passive_rocks
STATE:661:cr300f:Qs|As:-100|100:passive_rocks|deepstack
STATE:662:r1200f:Ah|Qh:100|-100:deepstack|passive_rocks
STATE:663:cr300f:Qs|Ah:-100|100:passive_rocks|deepstack
STATE:664:r1200c/:Qs|As/Ah:-1200|1200:deepstack|passive_rocks
STATE:665:cc/cr1200c:Qs|Ah/Qh:1200|-1200:passive_rocks|deepstack
STATE:666:cc/r1200c:As|Qs/Ks:1200|-1200:deepstack|passive_rocks
STATE:667:cr300f:Qs|As:-100|100:passive_rocks|deepstack
STATE:668:cc/r300c:Qs|Kh/Ks:-300|300:deepstack|passive_rocks
STATE:669:cc/cc:Kh|Qh/As:100|-100:passive_rocks|deepstack
STATE:670:cr1200f:Qs|Ah:-100|100:deepstack|passive_rocks
STATE:671:r1200f:Ah|Kh:100|-100:passive_rocks|deepstack
STATE:672:cr1200f:Ks|Ah:-100|100:deepstack|passive_rocks
STATE:673:cc/cr1200c:Qh|Qs/Ah:0|0:passive_rocks|deepstack
STATE:674:cr1200f:Ks|As:-100|100:deepstack|passive_rocks
STATE:675:cr300f:Qh|Ah:-100|100:passive_rocks|deepstack
STATE:676:cr1200f:Kh|As:-100|100:deepstack|passive_rocks
STATE:677:r1200c/:As|Ah/Kh:0|0:passive_rocks|deepstack
STATE:678:cc/r1200c:Ah|Kh/Ks:-1200|1200:deepstack|passive_rocks
STATE:679:r1200f:Ah|Kh:100|-100:passive_rocks|deepstack
STATE:680:r1200c/:As|Ks/Qs:1200|-1200:deepstack|passive_rocks
STATE:681:r1200c/:Ah|As/Ks:0|0:passive_rocks|deepstack
STATE:682:r1200f:As|Qs:100|-100:deepstack|passive_rocks
STATE:683:cr300f:Qh|Qs:-100|100:passive_rocks|deepstack
STATE:684:r1200c/:As|Ah/Qs:0|0:deepstack|passive_rocks
STATE:685:cc/cr1200c:Kh|As/Ks:1200|-1200:passive_rocks|deepstack
STATE:686:cc/cc:As|Qs/Qh:-100|100:deepstack|passive_rocks
STATE:687:r1200f:Ah|Ks:100|-100:passive_rocks|deepstack
STATE:688:r1200c/:Qs|Ah/Kh:-1200|1200:deepstack|passive_rocks
STATE:689:cr1200c/:Ks|Kh/Ah:0|0:passive_rocks|deepstack
STATE:690:cc/cc:Ks|Qh/Ah:100|-100:deepstack|passive_rocks
STATE:691:r1200c/:Ah|As/Qh:0|0:passive_rocks|deepstack
STATE:692:cc/cc:Qh|Ks/Kh:-100|100:deepstack|passive_rocks
STATE:693:cr300c/cc:Kh|Ah/Ks:300|-300:passive_rocks|deepstack
STATE:694:r1200f:Ah|Qh:100|-100:deepstack|passive_rocks
STATE:695:cr1200c/:Ks|As/Kh:1200|-1200:passive_rocks|deepstack
STATE:696:cc/cc:Qh|Qs/Ks:0|0:deepstack|passive_rocks
STATE:697:cr300f:Qh|Ks:-100|100:passive_rocks|deepstack
STATE:698:r1200f:As|Qs:100|-100:deepstack|passive_rocks
STATE:699:cc/cr300c:Qs|Ks/Kh:-300|300:passive_rocks|deepstack
STATE:700:r1200c/:Kh|Ks/Ah:0|0:deepstack|passive_rocks
STATE:701:cr1200f:Qh|As:-100|100:passive_rocks|deepstack
STATE:702:cc/cc:As|Kh/Qs:100|-100:deepstack|passive_rocks
STATE:703:cr1200c/:Kh|As/Ah:-1200|1200:passive_rocks|deepstack
STATE:704:cc/cc:Kh|Qh/Ks:100|-100:deepstack|passive_rocks
STATE:705:r1200c/:Ah|As/Qs:0|0:passive_rocks|deepstack
STATE:706:cr1200f:Kh|As:-100|100:deepstack|passive_rocks
STATE:707:r1200c/:Ah|As/Qh:0|0:passive_rocks|deepstack
STATE:708:cr1200f:Kh|Ah:-100|100:deepstack|passive_rocks
STATE:709:cr1200f:Qh|As:-100|100:passive_rocks|deepstack
STATE:710:r1200f:Qs|Qh:100|-100:deepstack|passive_rocks
STATE:711:cr1200f:Qh|Kh:-100|100:passive_rocks|deepstack
STATE:712:r1200f:As|Qh:100|-100:deepstack|passive_rocks
STATE:713:r1200f:Ah|Qh:100|-100:passive_rocks|deepstack
STATE:714:r300r1200f:Qh|As:-300|300:deepstack|passive_rocks
STATE:715:cr1200c/:Kh|As/Qh:-1200|1200:passive_rocks|deepstack
STATE:716:cc/cc:Qs|Qh/Ah:0|0:deepstack|passive_rocks
STATE:717:cr1200f:Qs|Qh:-100|100:passive_rocks|deepstack
STATE:718:r1200c/:As|Kh/Ks:-1200|1200:deepstack|passive_rocks
STATE:719:r1200f:Ah|Kh:100|-100:passive_rocks|deepstack
STATE:720:cc/cc:Qs|Ks/As:-100|100:deepstack|passive_rocks
STATE:721:cr300f:Qs|Ks:-100|100:passive_rocks|deepstack
STATE:722:cc/cc:Ah|Kh/Ks:-100|100:deepstack|passive_rocks
STATE:723:cr300f:Qh|As:-100|100:passive_rocks|deepstack
STATE:724:cr1200f:Ks|Ah:-100|100:deepstack|passive_rocks
STATE:725:cc/cc:Qh|Kh/Ah:-100|100:passive_rocks|deepstack
STATE:726:cr1200f:Ks|Ah:-100|100:deepstack|passive_rocks
STATE:727:cr1200f:Qs|Ks:-100|100:passive_rocks|deepstack
STATE:728:cc/cc:Ks|Kh/Qs:0|0:deepstack|passive_rocks
STATE:729:cr300c/cr1200c:Ks|Kh/As:0|0:passive_rocks|deepstack
STATE:730:cr1200f:Qh|As:-100|100:deepstack|passive_rocks
STATE:731:cr300c/cc:Ks|As/Qh:-300|300:passive_rocks|deepstack
STATE:732:cc/r1200c:Qh|Kh/Qs:1200|-1200:deepstack|passive_rocks
STATE:733:cr300c/cc:Kh|As/Qs:-300|300:passive_rocks|deepstack
STATE:734:r1200c/:Qh|Ks/Qs:1200|-1200:deepstack|passive_rocks
STATE:735:cr1200f:Qs|Ah:-100|100:passive_rocks|deepstack
STATE:736:r1200c/:Kh|Ah/Qs:-1200|1200:deepstack|passive_rocks
STATE:737:cc/cr300c:Ks|Qs/Qh:-300|300:passive_rocks|deepstack
STATE:738:r1200c/:As|Ks/Qh:1200|-1200:deepstack|passive_rocks
STATE:739:cr300f:Qh|Ah:-100|100:passive_rocks|deepstack
STATE:740:r1200f:As|Qs:100|-100:deepstack|passive_rocks
STATE:741:cc/cc:Qs|Ks/Ah:-100|100:passive_rocks|deepstack
STATE:742:cc/cc:Ah|Kh/Qh:100|-100:deepstack|passive_rocks
STATE:743:r1200f:As|Qs:100|-100:passive_rocks|deepstack
STATE:744:cc/r300c:Ah|Qh/As:300|-300:deepstack|passive_rocks
STATE:745:cr300c/cr900c:Kh|As/Ah:-900|900:passive_rocks|deepstack
STATE:746:cr1200f:Qs|Ah:-100|100:deepstack|passive_rocks
STATE:747:r1200f:Ah|Kh:100|-100:passive_rocks|deepstack
STATE:748:cc/cc:Qs|Kh/Ks:-100|100:deepstack|passive_rocks
STATE:749:r1200f:Ah|Qs:100|-100:passive_rocks|deepstack
STATE:750:r1200f:As|Qs:100|-100:deepstack|passive_rocks
STATE:751:cr1200c/:Ks|Ah/Qh:-1200|1200:passive_rocks|deepstack
STATE:752:cc/cc:Qh|Ks/Qs:100|-100:deepstack|passive_rocks
STATE:753:cr1200f:Qh|Qs:-100|100:passive_rocks|deepstack
STATE:754:r1200c/:As|Ah/Qh:0|0:deepstack|passive_rocks
STATE:755:r1200f:Ah|Qs:100|-100:passive_rocks|deepstack
STATE:756:cc/cc:As|Qs/Qh:-100|100:deepstack|passive_rocks
STATE:757:r1200f:Ah|Ks:100|-100:passive_rocks|deepstack
STATE:758:cc/r1200c:Ah|Kh/Ks:-1200|1200:deepstack|passive_rocks
STATE:759:cr1200f:Qs|Kh:-100|100:passive_rocks|deepstack
STATE:760:r1200c/:Kh|Ah/Qh:-1200|1200:deepstack|passive_rocks
STATE:761:r1200c/:Ah|As/Qh:0|0:passive_rocks|deepstack
STATE:762:r1200c/:Qh|Ks/Kh:-1200|1200:deepstack|passive_rocks
STATE:763:cr300f:Qs|Ah:-100|100:passive_rocks|deepstack
STATE:764:r1200f:Kh|Qs:100|-100:deepstack|passive_rocks
STATE:765:cc/cr1200c:Kh|Ks/As:0|0:passive_rocks|deepstack
STATE:766:r1200c/:Qh|Ks/Ah:-1200|1200:deepstack|passive_rocks
STATE:767:cr1200c/:Kh|As/Ks:1200|-1200:passive_rocks|deepstack
STATE:768:cc/r300c:Kh|Qh/As:300|-300:deepstack|passive_rocks
STATE:769:cc/cc:Ks|Kh/Qh:0|0:passive_rocks|deepstack
STATE:770:r1200c/:Ks|Ah/Kh:1200|-1200:deepstack|passive_rocks
STATE:771:cr1200f:Qs|Ks:-100|100:passive_rocks|deepstack
STATE:772:cc/cc:Qs|Kh/As:-100|100:deepstack|passive_rocks
STATE:773:cr300c/cr1200c:Kh|As/Qs:-1200|1200:passive_rocks|deepstack
STATE:774:r1200f:Qh|Qs:100|-100:deepstack|passive_rocks
STATE:775:r1200f:As|Kh:100|-100:passive_rocks|deepstack
STATE:776:r1200f:Qh|Qs:100|-100:deepstack|passive_rocks
STATE:777:cr1200c/:Ks|Ah/Kh:1200|-1200:passive_rocks|deepstack
STATE:778:r1200f:Kh|Qs:100|-100:deepstack|passive_rocks
STATE:779:r1200f:As|Qs:100|-100:passive_rocks|deepstack
STATE:780:cr1200f:Kh|Ah:-100|100:deepstack|passive_rocks
STATE:781:cr1200f:Qs|As:-100|100:passive_rocks|deepstack
STATE:782:cc/r1200c:Kh|Qh/Qs:-1200|1200:deepstack|passive_rocks
STATE:783:r1200f:As|Qh:100|-100:passive_rocks|deepstack
STATE:784:r1200c/:Kh|Ah/Qs:-1200|1200:deepstack|passive_rocks
STATE:785:r1200f:Ah|Ks:100|-100:passive_rocks|deepstack
STATE:786:r300f:As|Qh:100|-100:deepstack|passive_rocks
STATE:787:r1200c/:As|Ah/Kh:0|0:passive_rocks|deepstack
STATE:788:r1200c/:As|Ah/Qh:0|0:deepstack|passive_rocks
STATE:789:r1200f:As|Qs:100|-100:passive_rocks|deepstack
STATE:790:cc/r1200c:As|Ks/Qs:1200|-1200:deepstack|passive_rocks
STATE:791:r1200f:As|Ks:100|-100:passive_rocks|deepstack
STATE:792:r1200f:Kh|Qs:100|-100:deepstack|passive_rocks
STATE:793:cr1200c/:Ks|As/Kh:1200|-1200:passive_rocks|deepstack
STATE:794:cr1200c/:Ah|As/Ks:0|0:deepstack|passive_rocks
STATE:795:cr1200c/:Ks|Qh/Kh:1200|-1200:passive_rocks|deepstack
STATE:796:cc/cc:Qh|Qs/Ks:0|0:deepstack|passive_rocks
STATE:797:r1200f:Ah|Qh:100|-100:passive_rocks|deepstack
STATE:798:cr1200f:Kh|As:-100|100:deepstack|passive_rocks
STATE:799:r1200f:As|Kh:100|-100:passive_rocks|deepstack
STATE:800:cr1200f:Qh|Ah:-100|100:deepstack|passive_rocks
STATE:801:r1200f:Ah|Ks:100|-100:passive_rocks|deepstack
STATE:802:cr1200f:Kh|Ah:-100|100:deepstack|passive_rocks
STATE:803:cc/cr1200c:Qh|Qs/Ah:0|0:passive_rocks|deepstack
STATE:804:cc/cc:Ah|Qh/Kh:100|-100:deepstack|passive_rocks
STATE:805:r1200f:Ah|Kh:100|-100:passive_rocks|deepstack
STATE:806:r1200f:As|Qs:100|-100:deepstack|passive_rocks
STATE:807:cr1200c/:Kh|As/Ks:1200|-1200:passive_rocks|deepstack
STATE:808:r1200c/:Qh|Ks/Ah:-1200|1200:deepstack|passive_rocks
STATE:809:cr300c/cr1200c:Ks|Ah/As:-1200|1200:passive_rocks|deepstack
STATE:810:cc/cc:Qs|Ks/Kh:-100|100:deepstack|passive_rocks
STATE:811:cc/cr300c:Qh|Qs/Kh:0|0:passive_rocks|deepstack
STATE:812:cc/cc:Ah|Ks/Qs:100|-100:deepstack|passive_rocks
STATE:813:r1200f:Ah|Qs:100|-100:passive_rocks|deepstack
STATE:814:cr1200f:Qh|Ah:-100|100:deepstack|passive_rocks
STATE:815:cc/cr1200c:Qh|Qs/Kh:0|0:passive_rocks|deepstack
STATE:816:cc/r1200c:As|Qs/Kh:1200|-1200:deepstack|passive_rocks
STATE:817:cr300c/cr1200c:Ks|As/Ah:-1200|1200:passive_rocks|deepstack
STATE:818:r1200f:As|Qs:100|-100:deepstack|passive_rocks
STATE:819:cc/cc:Kh|Ks/Ah:0|0:passive_rocks|deepstack
STATE:820:cr1200f:Kh|As:-100|100:deepstack|passive_rocks
STATE:821:cc/cc:Kh|Ks/Qh:0|0:passive_rocks|deepstack
STATE:822:cc/r1200c:Ks|Qs/Kh:1200|-1200:deepstack|passive_rocks
STATE:823:cr300f:Qs|Ah:-100|100:passive_rocks|deepstack
STATE:824:r1200c/:Qs|As/Kh:-1200|1200:deepstack|passive_rocks
STATE:825:cc/cc:Qs|Ah/Kh:-100|100:passive_rocks|deepstack
STATE:826:r1200f:As|Qh:100|-100:deepstack|passive_rocks
STATE:827:r1200f:Ah|Qh:100|-100:passive_rocks|deepstack
STATE:828:cc/r1200c:Qs|Ks/Kh:-1200|1200:deepstack|passive_rocks
STATE:829:r1200f:As|Qs:100|-100:passive_rocks|deepstack
STATE:830:cr1200f:Kh|As:-100|100:deepstack|passive_rocks
STATE:831:r1200f:As|Ks:100|-100:passive_rocks|deepstack
STATE:832:r1200f:Ah|Qh:100|-100:deepstack|passive_rocks
STATE:833:r1200f:Ah|Qh:100|-100:passive_rocks|deepstack
STATE:834:r1200c/:Kh|As/Qs:-1200|1200:deepstack|passive_rocks
STATE:835:cr300c/cr1200c:Kh|Ks/As:0|0:passive_rocks|deepstack
STATE:836:r1200c/:Ah|Ks/As:1200|-1200:deepstack|passive_rocks
STATE:837:r1200c/:As|Ah/Qs:0|0:passive_rocks|deepstack
STATE:838:r1200c/:Qh|Kh/Qs:1200|-1200:deepstack|passive_rocks
STATE:839:cc/cc:Ks|Kh/Qs:0|0:passive_rocks|deepstack
STATE:840:r1200c/:Qh|Ah/Qs:1200|-1200:deepstack|passive_rocks
STATE:841:cr1200f:Qs|Kh:-100|100:passive_rocks|deepstack
STATE:842:r1200c/:As|Kh/Qs:1200|-1200:deepstack|passive_rocks
STATE:843:cr300f:Qh|Ah:-100|100:passive_rocks|deepstack
STATE:844:cr1200f:Qs|As:-100|100:deepstack|passive_rocks
STATE:845:cc/cc:Qs|Qh/Kh:0|0:passive_rocks|deepstack
STATE:846:cc/r1200c:As|Ks/Ah:1200|-1200:deepstack|passive_rocks
STATE:847:r1200f:As|Qs:100|-100:passive_rocks|deepstack
STATE:848:cc/cc:Qs|Ks/Kh:-100|100:deepstack|passive_rocks
STATE:849:cr1200c/:Kh|Ks/Qs:0|0:passive_rocks|deepstack
STATE:850:cc/cc:Kh|Qs/Ah:100|-100:deepstack|passive_rocks
STATE:851:cr1200f:Qs|Qh:-100|100:passive_rocks|deepstack
STATE:852:r1200f:As|Qh:100|-100:deepstack|passive_rocks
STATE:853:cr300f:Qs|Qh:-100|100:passive_rocks|deepstack
STATE:854:cc/r1200c:Ah|Kh/Qs:1200|-1200:deepstack|passive_rocks
STATE:855:r1200f:As|Ks:100|-100:passive_rocks|deepstack
STATE:856:cr1200f:Qs|As:-100|100:deepstack|passive_rocks
STATE:857:cr1200f:Qs|Qh:-100|100:passive_rocks|deepstack
STATE:858:r1200f:As|Qh:100|-100:deepstack|passive_rocks
STATE:859:r1200c/:Ah|As/Ks:0|0:passive_rocks|deepstack
STATE:860:cc/r300c:Qs|Kh/Qh:300|-300:deepstack|passive_rocks
STATE:861:cr1200f:Qh|Ah:-100|100:passive_rocks|deepstack
STATE:862:cr1200f:Kh|As:-100|100:deepstack|passive_rocks
STATE:863:cr300f:Qh|As:-100|100:passive_rocks|deepstack
STATE:864:r1200f:Qh|Qs:100|-100:deepstack|passive_rocks
STATE:865:cr1200c/:Ks|Kh/As:0|0:passive_rocks|deepstack
STATE:866:cr1200f:Kh|As:-100|100:deepstack|passive_rocks
STATE:867:r1200c/:As|Ah/Kh:0|0:passive_rocks|deepstack
STATE:868:cc/cc:Qs|Ks/Kh:-100|100:deepstack|passive_rocks
STATE:869:cc/cc:Kh|Qs/As:100|-100:passive_rocks|deepstack
STATE:870:cr1200f:Qh|As:-100|100:deepstack|passive_rocks
STATE:871:cc/cc:Qs|Ks/Ah:-100|100:passive_rocks|deepstack
STATE:872:r1200c/:Qh|Ah/Ks:-1200|1200:deepstack|passive_rocks
STATE:873:cr300c/cr900c:Ks|As/Qh:-900|900:passive_rocks|deepstack
STATE:874:r1200c/:Ks|Ah/Qs:-1200|1200:deepstack|passive_rocks
STATE:875:cc/cr300c:Ks|Qs/Qh:-300|300:passive_rocks|deepstack
STATE:876:cc/cc:Ks|Kh/Ah:0|0:deepstack|passive_rocks
STATE:877:cc/cr1200c:Qs|Qh/As:0|0:passive_rocks|deepstack
STATE:878:cc/r1200c:Kh|Ks/Qh:0|0:deepstack|passive_rocks
STATE:879:cc/cr1200c:Qh|Ks/Kh:-1200|1200:passive_rocks|deepstack
STATE:880:cr1200f:Qh|Ah:-100|100:deepstack|passive_rocks
STATE:881:cr300c/cc:Ks|As/Qs:-300|300:passive_rocks|deepstack
STATE:882:r1200c/:Kh|Ah/As:-1200|1200:deepstack|passive_rocks
STATE:883:cr1200f:Qh|Kh:-100|100:passive_rocks|deepstack
STATE:884:cc/r1200c:Qh|Kh/As:-1200|1200:deepstack|passive_rocks
STATE:885:cr300f:Qs|Ah:-100|100:passive_rocks|deepstack
STATE:886:cr1200f:Qs|As:-100|100:deepstack|passive_rocks
STATE:887:cc/cc:Qh|Qs/Ks:0|0:passive_rocks|deepstack
STATE:888:cc/r1200c:Qs|Qh/Ah:0|0:deepstack|passive_rocks
STATE:889:cr300f:Qh|Ah:-100|100:passive_rocks|deepstack
STATE:890:cc/r1200c:Ah|Kh/As:1200|-1200:deepstack|passive_rocks
STATE:891:r1200f:As|Ks:100|-100:passive_rocks|deepstack
STATE:892:r1200c/:Ah|Kh/Qh:1200|-1200:deepstack|passive_rocks
STATE:893:r1200f:Ah|Qs:100|-100:passive_rocks|deepstack
STATE:894:cr1200c/:Ah|As/Qh:0|0:deepstack|passive_rocks
STATE:895:r1200f:Ah|Kh:100|-100:passive_rocks|deepstack
STATE:896:cr1200f:Ks|Ah:-100|100:deepstack|passive_rocks
STATE:897:cr300f:Qh|Ah:-100|100:passive_rocks|deepstack
STATE:898:cc/r1200c:Ks|Qh/As:1200|-1200:deepstack|passive_rocks
STATE:899:cr1200c/:Kh|Qh/Ks:1200|-1200:passive_rocks|deepstack
STATE:900:cc/cc:Qs|Ks/Kh:-100|100:deepstack|passive_rocks
STATE:901:cr1200c/:Ks|Qs/As:1200|-1200:passive_rocks|deepstack
STATE:902:r1200c/:Qs|Ks/Ah:-1200|1200:deepstack|passive_rocks
STATE:903:r1200f:Ah|Qh:100|-100:passive_rocks|deepstack
STATE:904:cc/r1200c:Ks|Qs/As:1200|-1200:deepstack|passive_rocks
STATE:905:r1200f:Ah|Qh:100|-100:passive_rocks|deepstack
STATE:906:r1200c/:Qh|Ah/As:-1200|1200:deepstack|passive_rocks
STATE:907:cr300f:Qh|As:-100|100:passive_rocks|deepstack
STATE:908:cr1200f:Kh|Ah:-100|100:deepstack|passive_rocks
STATE:909:cc/cr1200c:Qs|Qh/Ks:0|0:passive_rocks|deepstack
STATE:910:r300r1200f:Qh|Ah:-300|300:deepstack|passive_rocks
STATE:911:cr300f:Qh|Kh:-100|100:passive_rocks|deepstack
STATE:912:r1200c/:Kh|Ah/Qs:-1200|1200:deepstack|passive_rocks
STATE:913:cc/cr1200c:Ks|Qh/Ah:1200|-1200:passive_rocks|deepstack
STATE:914:cr1200f:Qs|Ah:-100|100:deepstack|passive_rocks
STATE:915:cr300f:Qs|As:-100|100:passive_rocks|deepstack
STATE:916:cc/r1200c:Ks|Qs/Kh:1200|-1200:deepstack|passive_rocks
STATE:917:cr300c/cr1200c:Ks|Ah/As:-1200|1200:passive_rocks|deepstack
STATE:918:cr1200c/:Ah|As/Ks:0|0:deepstack|passive_rocks
STATE:919:r1200f:As|Ks:100|-100:passive_rocks|deepstack
STATE:920:cr1200f:Qh|Ah:-100|100:deepstack|passive_rocks
STATE:921:cr1200f:Qs|As:-100|100:passive_rocks|deepstack
STATE:922:cr1200f:Ks|As:-100|100:deepstack|passive_rocks
STATE:923:r1200f:Ah|Qh:100|-100:passive_rocks|deepstack
STATE:924:r1200c/:As|Kh/Ks:-1200|1200:deepstack|passive_rocks
STATE:925:r1200f:Ah|Qs:100|-100:passive_rocks|deepstack
STATE:926:cr1200f:Ks|Ah:-100|100:deepstack|passive_rocks
STATE:927:cc/cr1200c:Ks|Kh/Qs:0|0:passive_rocks|deepstack
STATE:928:r1200c/:Qs|Kh/As:-1200|1200:deepstack|passive_rocks
STATE:929:cc/cr1200c:Qh|Ks/As:-1200|1200:passive_rocks|deepstack
STATE:930:cr1200f:Ks|As:-100|100:deepstack|passive_rocks
STATE:931:cr300c/cr1200c:Ks|Qh/Ah:1200|-1200:passive_rocks|deepstack
STATE:932:cr1200f:Qh|As:-100|100:deepstack|passive_rocks
STATE:933:cr1200c/:Ks|Ah/Qs:-1200|1200:passive_rocks|deepstack
STATE:934:cr1200f:Ks|Ah:-100|100:deepstack|passive_rocks
STATE:935:r1200f:As|Qh:100|-100:passive_rocks|deepstack
STATE:936:cr1200f:Qs|As:-100|100:deepstack|passive_rocks
STATE:937:cr1200f:Qh|Qs:-100|100:passive_rocks|deepstack
STATE:938:cr1200f:Ks|As:-100|100:deepstack|passive_rocks
STATE:939:cr300c/cc:Ks|Ah/Kh:300|-300:passive_rocks|deepstack
STATE:940:r1200f:Kh|Qh:100|-100:deepstack|passive_rocks
STATE:941:r1200f:Ah|Qs:100|-100:passive_rocks|deepstack
STATE:942:cr1200f:Qh|As:-100|100:deepstack|passive_rocks
STATE:943:cr1200f:Qh|Qs:-100|100:passive_rocks|deepstack
STATE:944:cc/cc:As|Qs/Kh:100|-100:deepstack|passive_rocks
STATE:945:cr300c/cc:Ks|As/Kh:300|-300:passive_rocks|deepstack
STATE:946:cc/cc:Ks|Qs/Ah:100|-100:deepstack|passive_rocks
STATE:947:cr1200f:Qs|Qh:-100|100:passive_rocks|deepstack
STATE:948:r1200c/:Kh|Ks/Ah:0|0:deepstack|passive_rocks
STATE:949:r1200f:Ah|Kh:100|-100:passive_rocks|deepstack
STATE:950:r1200f:As|Qh:100|-100:deepstack|passive_rocks
STATE:951:cr300c/cr1200c:Kh|Ah/As:-1200|1200:passive_rocks|deepstack
STATE:952:cc/cc:Qs|Ks/Ah:-100|100:deepstack|passive_rocks
STATE:953:cr300c/cr1200c:Kh|Qs/Qh:-1200|1200:passive_rocks|deepstack
STATE:954:cr1200f:Qs|As:-100|100:deepstack|passive_rocks
STATE:955:r1200f:Ah|Kh:100|-100:passive_rocks|deepstack
STATE:956:cr1200f:Qs|As:-100|100:deepstack|passive_rocks
STATE:957:r1200f:Ah|Kh:100|-100:passive_rocks|deepstack
STATE:958:cc/cc:As|Qh/Qs:-100|100:deepstack|passive_rocks
STATE:959:cr300f:Qh|Ks:-100|100:passive_rocks|deepstack
STATE:960:cc/r1200c:Ks|Qh/Qs:-1200|1200:deepstack|passive_rocks
STATE:961:r1200f:As|Qh:100|-100:passive_rocks|deepstack
STATE:962:cr1200f:Kh|As:-100|100:deepstack|passive_rocks
STATE:963:r1200f:As|Qh:100|-100:passive_rocks|deepstack
STATE:964:r1200c/:Qh|As/Qs:1200|-1200:deepstack|passive_rocks
STATE:965:cr1200f:Qs|Ks:-100|100:passive_rocks|deepstack
STATE:966:r1200c/:Qh|Kh/Ah:-1200|1200:deepstack|passive_rocks
STATE:967:r1200f:As|Ks:100|-100:passive_rocks|deepstack
STATE:968:r1200c/:Ks|Kh/Ah:0|0:deepstack|passive_rocks
STATE:969:cr300c/cc:Ks|As/Qh:-300|300:passive_rocks|deepstack
STATE:970:cr1200f:Qh|As:-100|100:deepstack|passive_rocks
STATE:971:cr1200f:Qs|Kh:-100|100:passive_rocks|deepstack
STATE:972:cc/r1200c:Qs|Ks/Qh:1200|-1200:deepstack|passive_rocks
STATE:973:r1200f:As|Qs:100|-100:passive_rocks|deepstack
STATE:974:r1200c/:As|Kh/Qs:1200|-1200:deepstack|passive_rocks
STATE:975:r1200f:Ah|Qs:100|-100:passive_rocks|deepstack
STATE:976:cc/cc:Qs|Kh/Ks:-100|100:deepstack|passive_rocks
STATE:977:r1200f:As|Kh:100|-100:passive_rocks|deepstack
STATE:978:cc/cc:Kh|Ks/Qh:0|0:deepstack|passive_rocks
STATE:979:cr1200c/:Ks|Qs/As:1200|-1200:passive_rocks|deepstack
STATE:980:r1200c/:Qh|Ks/Qs:1200|-1200:deepstack|passive_rocks
STATE:981:cc/cc:Qs|As/Ks:-100|100:passive_rocks|deepstack
STATE:982:cc/r1200c:Kh|Qs/As:1200|-1200:deepstack|passive_rocks
STATE:983:cr300c/cc:Ks|Qh/Kh:300|-300:passive_rocks|deepstack
STATE:984:cc/cc:Ks|Kh/Qs:0|0:deepstack|passive_rocks
STATE:985:r1200c/:As|Ah/Qh:0|0:passive_rocks|deepstack
STATE:986:cr1200f:Ks|Ah:-100|100:deepstack|passive_rocks
STATE:987:cc/cr1200c:Qh|Qs/Ks:0|0:passive_rocks|deepstack
STATE:988:cr1200f:Ks|Ah:-100|100:deepstack|passive_rocks
STATE:989:r1200f:As|Qh:100|-100:passive_rocks|deepstack
STATE:990:cr1200f:Qh|As:-100|100:deepstack|passive_rocks
STATE:991:cc/cr1200c:Qs|Qh/Kh:0|0:passive_rocks|deepstack
STATE:992:cc/r1200c:Qs|Qh/Ks:0|0:deepstack|passive_rocks
STATE:993:cr300f:Qs|Ah:-100|100:passive_rocks|deepstack
STATE:994:r300r1200f:Qs|Ah:-300|300:deepstack|passive_rocks
STATE:995:cc/cc:Ks|Kh/Qs:0|0:passive_rocks|deepstack
STATE:996:cc/r1200c:Qs|Qh/As:0|0:deepstack|passive_rocks
STATE:997:cr1200c/:Ks|Qh/Kh:1200|-1200:passive_rocks|deepstack
STATE:998:cr1200f:Qs|Ah:-100|100:deepstack|passive_rocks
STATE:999:cr1200c/:Ks|Qh/Ah:1200|-1200:passive_rocks|deepstack
SCORE:14800|-14800:deepstack|passive_rocks
