# name/game/hands/seed randombluffer_v_biasDS_1k ./DeepStack-Leduc/ACPCServer/leduc.game 1000 3
#--t_response 600000
#--t_hand 600000
#--t_per_hand 7000
STATE:0:cc/cr300r1200f:Ks|Qs/Kh:300|-300:deepstack|random_bluffer
STATE:1:cc/r1200f:Qs|Qh/Ks:100|-100:random_bluffer|deepstack
STATE:2:cr300f:Qh|As:-100|100:deepstack|random_bluffer
STATE:3:cc/cr300f:Kh|Ks/Qs:-100|100:random_bluffer|deepstack
STATE:4:cc/r1200f:As|Ks/Ah:100|-100:deepstack|random_bluffer
STATE:5:r1200f:Kh|Qh:100|-100:random_bluffer|deepstack
STATE:6:cc/cc:Ah|Ks/Qh:100|-100:deepstack|random_bluffer
STATE:7:r1200f:As|Kh:100|-100:random_bluffer|deepstack
STATE:8:cc/r1200f:Qh|Qs/Kh:100|-100:deepstack|random_bluffer
STATE:9:cc/cc:Qh|Ks/Ah:-100|100:random_bluffer|deepstack
STATE:10:cc/cr300f:Qh|Kh/As:-100|100:deepstack|random_bluffer
STATE:11:cr300f:Kh|Ks:-100|100:random_bluffer|deepstack
STATE:12:r1200f:As|Qh:100|-100:deepstack|random_bluffer
STATE:13:cr300r1200c/:Qs|As/Ah:-1200|1200:random_bluffer|deepstack
STATE:14:cr300r1200f:Ah|Qh:300|-300:deepstack|random_bluffer
STATE:15:cr300c/r1200c:Qs|Kh/As:-1200|1200:random_bluffer|deepstack
STATE:16:r1200f:Qs|Kh:100|-100:deepstack|random_bluffer
STATE:17:r1200c/:Ks|As/Qh:-1200|1200:random_bluffer|deepstack
STATE:18:r1200f:Ah|Qh:100|-100:deepstack|random_bluffer
STATE:19:cr300f:Kh|As:-100|100:random_bluffer|deepstack
STATE:20:cr1200f:Ks|Qs:-100|100:deepstack|random_bluffer
STATE:21:r1200f:Qh|Ks:100|-100:random_bluffer|deepstack
STATE:22:r1200f:Ah|Qs:100|-100:deepstack|random_bluffer
STATE:23:cc/r1200c:Kh|Qs/Qh:-1200|1200:random_bluffer|deepstack
STATE:24:r1200c/:As|Ah/Kh:0|0:deepstack|random_bluffer
STATE:25:cr300r1200f:Ah|Qs:300|-300:random_bluffer|deepstack
STATE:26:r1200f:Kh|Qh:100|-100:deepstack|random_bluffer
STATE:27:cr300f:Qs|As:-100|100:random_bluffer|deepstack
STATE:28:cr1200c/:Ah|Qh/Qs:-1200|1200:deepstack|random_bluffer
STATE:29:r1200c/:As|Ah/Qs:0|0:random_bluffer|deepstack
STATE:30:r1200c/:Qh|As/Ks:-1200|1200:deepstack|random_bluffer
STATE:31:cr1200f:Ks|Qh:-100|100:random_bluffer|deepstack
STATE:32:r1200c/:As|Ah/Qs:0|0:deepstack|random_bluffer
STATE:33:cc/r1200f:Kh|Qs/Ah:100|-100:random_bluffer|deepstack
STATE:34:cr1200f:Ks|Qs:-100|100:deepstack|random_bluffer
STATE:35:cr1200f:Ks|Kh:-100|100:random_bluffer|deepstack
STATE:36:cc/cc:Ah|Qh/Ks:100|-100:deepstack|random_bluffer
STATE:37:cc/r1200f:Ah|Kh/Qh:100|-100:random_bluffer|deepstack
STATE:38:r1200f:Ah|Kh:100|-100:deepstack|random_bluffer
STATE:39:cr1200f:Ks|Qh:-100|100:random_bluffer|deepstack
STATE:40:r1200f:Qh|Ks:100|-100:deepstack|random_bluffer
STATE:41:cr300f:Qs|Ah:-100|100:random_bluffer|deepstack
STATE:42:cr1200f:Qh|Qs:-100|100:deepstack|random_bluffer
STATE:43:r1200c/:Qh|As/Kh:-1200|1200:random_bluffer|deepstack
STATE:44:r1200f:As|Qh:100|-100:deepstack|random_bluffer
STATE:45:cr1200f:Ks|Ah:-100|100:random_bluffer|deepstack
STATE:46:r1200f:Qs|Qh:100|-100:deepstack|random_bluffer
STATE:47:r1200f:Ah|Qs:100|-100:random_bluffer|deepstack
STATE:48:r1200f:Ah|Ks:100|-100:deepstack|random_bluffer
STATE:49:cr300c/r1200c:Kh|As/Qh:-1200|1200:random_bluffer|deepstack
STATE:50:r1200f:Qh|Ks:100|-100:deepstack|random_bluffer
STATE:51:r1200f:Qh|Kh:100|-100:random_bluffer|deepstack
STATE:52:cr1200c/:As|Qs/Qh:-1200|1200:deepstack|random_bluffer
STATE:53:r1200f:Kh|Ks:100|-100:random_bluffer|deepstack
STATE:54:r1200c/:Qh|As/Qs:1200|-1200:deepstack|random_bluffer
STATE:55:cr1200f:Qh|As:-100|100:random_bluffer|deepstack
STATE:56:r1200f:Ah|Ks:100|-100:deepstack|random_bluffer
STATE:57:r1200f:As|Kh:100|-100:random_bluffer|deepstack
STATE:58:r1200c/:Qs|As/Qh:1200|-1200:deepstack|random_bluffer
STATE:59:r1200f:Ah|Qs:100|-100:random_bluffer|deepstack
STATE:60:cr1200f:Qs|As:-100|100:deepstack|random_bluffer
STATE:61:cc/r1200c:Qh|Ah/As:-1200|1200:random_bluffer|deepstack
STATE:62:r1200c/:Ks|As/Qh:-1200|1200:deepstack|random_bluffer
STATE:63:cr1200f:Qs|Qh:-100|100:random_bluffer|deepstack
STATE:64:cc/r1200f:Ks|As/Qh:100|-100:deepstack|random_bluffer
STATE:65:cc/cr300r1200f:As|Ks/Qs:300|-300:random_bluffer|deepstack
STATE:66:cc/cc:Kh|Qs/Ah:100|-100:deepstack|random_bluffer
STATE:67:cc/r1200f:Kh|Qh/Ks:100|-100:random_bluffer|deepstack
STATE:68:r1200c/:Qs|Ah/Qh:1200|-1200:deepstack|random_bluffer
STATE:69:cc/cr300r1200c:Kh|Qs/Qh:-1200|1200:random_bluffer|deepstack
STATE:70:r1200c/:Kh|As/Qh:-1200|1200:deepstack|random_bluffer
STATE:71:r1200f:Ks|Qs:100|-100:random_bluffer|deepstack
STATE:72:cr1200f:Ks|Qs:-100|100:deepstack|random_bluffer
STATE:73:cr1200f:Qh|As:-100|100:random_bluffer|deepstack
STATE:74:cc/r1200f:Ks|Qs/Ah:100|-100:deepstack|random_bluffer
STATE:75:r1200c/:As|Ah/Qs:0|0:random_bluffer|deepstack
STATE:76:cr300f:Qh|Ah:-100|100:deepstack|random_bluffer
STATE:77:r1200f:As|Qh:100|-100:random_bluffer|deepstack
STATE:78:cc/cr300f:Kh|Ks/Qs:-100|100:deepstack|random_bluffer
STATE:79:cr300f:Qh|Ah:-100|100:random_bluffer|deepstack
STATE:80:cc/cr300f:Qs|Kh/Ks:-100|100:deepstack|random_bluffer
STATE:81:cr300c/cc:Qs|As/Kh:-300|300:random_bluffer|deepstack
STATE:82:cc/cr1200c:Kh|Qs/Ks:1200|-1200:deepstack|random_bluffer
STATE:83:cc/r1200f:Ks|Kh/As:100|-100:random_bluffer|deepstack
STATE:84:r1200f:As|Qs:100|-100:deepstack|random_bluffer
STATE:85:cc/cr1200f:Ah|Qs/Ks:-100|100:random_bluffer|deepstack
STATE:86:r1200c/:Ks|As/Ah:-1200|1200:deepstack|random_bluffer
STATE:87:cr300r1200c/:Ah|As/Ks:0|0:random_bluffer|deepstack
STATE:88:cr1200c/:As|Qh/Ks:1200|-1200:deepstack|random_bluffer
STATE:89:cc/r300r1200c:Ah|Qh/As:1200|-1200:random_bluffer|deepstack
STATE:90:r1200f:Qh|Qs:100|-100:deepstack|random_bluffer
STATE:91:cr300r1200f:As|Kh:300|-300:random_bluffer|deepstack
STATE:92:cr300f:Qh|Ks:-100|100:deepstack|random_bluffer
STATE:93:r1200f:Qs|Kh:100|-100:random_bluffer|deepstack
STATE:94:r1200f:As|Qh:100|-100:deepstack|random_bluffer
STATE:95:r1200f:Qs|Qh:100|-100:random_bluffer|deepstack
STATE:96:r1200f:Ks|Qh:100|-100:deepstack|random_bluffer
STATE:97:r1200f:As|Ks:100|-100:random_bluffer|deepstack
STATE:98:r1200c/:Kh|As/Ah:-1200|1200:deepstack|random_bluffer
STATE:99:r1200f:Ah|Ks:100|-100:random_bluffer|deepstack
STATE:100:cr1200f:Qs|Ah:-100|100:deepstack|random_bluffer
STATE:101:r1200f:Ks|Qs:100|-100:random_bluffer|deepstack
STATE:102:r1200c/:Qs|Ah/Kh:-1200|1200:deepstack|random_bluffer
STATE:103:cr1200f:Qs|Ah:-100|100:random_bluffer|deepstack
STATE:104:cr1200f:Qh|Qs:-100|100:deepstack|random_bluffer
STATE:105:cr300f:Qs|Ah:-100|100:random_bluffer|deepstack
STATE:106:r1200c/:Qh|Ah/Ks:-1200|1200:deepstack|random_bluffer
STATE:107:cr300f:Qs|Ah:-100|100:random_bluffer|deepstack
STATE:108:cc/cc:Ah|Qs/Kh:100|-100:deepstack|random_bluffer
STATE:109:r1200c/:As|Ah/Kh:0|0:random_bluffer|deepstack
STATE:110:cr300f:Qh|Ah:-100|100:deepstack|random_bluffer
STATE:111:cr300r1200f:Kh|Qs:300|-300:random_bluffer|deepstack
STATE:112:cr300f:Qh|Ah:-100|100:deepstack|random_bluffer
STATE:113:cr1200f:Qs|Qh:-100|100:random_bluffer|deepstack
STATE:114:cr300f:Ks|Ah:-100|100:deepstack|random_bluffer
STATE:115:cc/r1200f:Qs|Kh/Ah:100|-100:random_bluffer|deepstack
STATE:116:cr1200f:Qh|Qs:-100|100:deepstack|random_bluffer
STATE:117:r1200f:Kh|Qh:100|-100:random_bluffer|deepstack
STATE:118:r1200f:Ah|Ks:100|-100:deepstack|random_bluffer
STATE:119:cr1200f:Kh|As:-100|100:random_bluffer|deepstack
STATE:120:cr300r1200c/:Ah|As/Qh:0|0:deepstack|random_bluffer
STATE:121:cr300r1200c/:Qh|Ah/Qs:1200|-1200:random_bluffer|deepstack
STATE:122:cr300r1200c/:Qh|Ah/Ks:-1200|1200:deepstack|random_bluffer
STATE:123:r1200f:As|Ks:100|-100:random_bluffer|deepstack
STATE:124:r1200f:Kh|Qh:100|-100:deepstack|random_bluffer
STATE:125:cr1200f:Qh|Kh:-100|100:random_bluffer|deepstack
STATE:126:cr300c/r900f:Ks|As/Kh:300|-300:deepstack|random_bluffer
STATE:127:cc/cc:Ks|Qs/Ah:100|-100:random_bluffer|deepstack
STATE:128:cc/cr1200f:Qh|Kh/As:-100|100:deepstack|random_bluffer
STATE:129:cr1200f:Qh|As:-100|100:random_bluffer|deepstack
STATE:130:cr300f:Kh|As:-100|100:deepstack|random_bluffer
STATE:131:r1200f:Kh|Qh:100|-100:random_bluffer|deepstack
STATE:132:r1200f:Qs|Ks:100|-100:deepstack|random_bluffer
STATE:133:r1200f:Ah|Qh:100|-100:random_bluffer|deepstack
STATE:134:r1200c/:Ks|As/Qs:-1200|1200:deepstack|random_bluffer
STATE:135:r1200c/:As|Ah/Qs:0|0:random_bluffer|deepstack
STATE:136:r1200f:As|Qh:100|-100:deepstack|random_bluffer
STATE:137:r1200f:As|Kh:100|-100:random_bluffer|deepstack
STATE:138:cr1200c/:As|Qh/Ks:1200|-1200:deepstack|random_bluffer
STATE:139:cc/cr300r1200c:Qs|Ks/Kh:-1200|1200:random_bluffer|deepstack
STATE:140:cc/r1200f:Qs|As/Ks:100|-100:deepstack|random_bluffer
STATE:141:cc/r1200f:Ks|Kh/Qs:100|-100:random_bluffer|deepstack
STATE:142:cc/cc:Ah|Kh/Qs:100|-100:deepstack|random_bluffer
STATE:143:cc/r1200f:Qs|Kh/As:100|-100:random_bluffer|deepstack
STATE:144:cr300c/r1200c:Qs|Ah/Qh:1200|-1200:deepstack|random_bluffer
STATE:145:cc/r300r1200c:Ah|Qh/As:1200|-1200:random_bluffer|deepstack
STATE:146:r1200c/:Qh|Ah/Ks:-1200|1200:deepstack|random_bluffer
STATE:147:r1200f:Qs|Qh:100|-100:random_bluffer|deepstack
STATE:148:r1200f:Ah|Qh:100|-100:deepstack|random_bluffer
STATE:149:r1200f:As|Ks:100|-100:random_bluffer|deepstack
STATE:150:r1200f:As|Qs:100|-100:deepstack|random_bluffer
STATE:151:r1200f:As|Ks:100|-100:random_bluffer|deepstack
STATE:152:cc/cc:Ks|Qh/Kh:100|-100:deepstack|random_bluffer
STATE:153:cc/cc:Qs|Kh/Ah:-100|100:random_bluffer|deepstack
STATE:154:cr300f:Qs|As:-100|100:deepstack|random_bluffer
STATE:155:cc/r300r1200f:Ks|Qh/As:-300|300:random_bluffer|deepstack
STATE:156:cc/r1200f:Qs|Ks/Ah:100|-100:deepstack|random_bluffer
STATE:157:cc/cc:Ah|Qh/Kh:100|-100:random_bluffer|deepstack
STATE:158:r1200f:Qh|Ks:100|-100:deepstack|random_bluffer
STATE:159:cc/r1200f:Qs|Qh/As:100|-100:random_bluffer|deepstack
STATE:160:cc/cc:Kh|Qh/Ah:100|-100:deepstack|random_bluffer
STATE:161:r1200c/:Qs|As/Kh:-1200|1200:random_bluffer|deepstack
STATE:162:r1200c/:Kh|As/Qs:-1200|1200:deepstack|random_bluffer
STATE:163:cc/r300f:Kh|Qh/As:100|-100:random_bluffer|deepstack
STATE:164:cr300r1200f:As|Ks:300|-300:deepstack|random_bluffer
STATE:165:r1200f:As|Ks:100|-100:random_bluffer|deepstack
STATE:166:cc/r1200c:Qh|Kh/Ah:-1200|1200:deepstack|random_bluffer
STATE:167:r1200f:Ah|Qh:100|-100:random_bluffer|deepstack
STATE:168:r1200f:As|Kh:100|-100:deepstack|random_bluffer
STATE:169:r1200c/:Ks|Ah/As:-1200|1200:random_bluffer|deepstack
STATE:170:r1200f:As|Ks:100|-100:deepstack|random_bluffer
STATE:171:cr300f:Qh|As:-100|100:random_bluffer|deepstack
STATE:172:cr300f:Qs|Kh:-100|100:deepstack|random_bluffer
STATE:173:cr300f:Ks|Ah:-100|100:random_bluffer|deepstack
STATE:174:cc/r300c:Qs|As/Ks:-300|300:deepstack|random_bluffer
STATE:175:r1200f:Kh|Qh:100|-100:random_bluffer|deepstack
STATE:176:r1200f:Kh|Qh:100|-100:deepstack|random_bluffer
STATE:177:cr300r1200f:Ah|Ks:300|-300:random_bluffer|deepstack
STATE:178:r1200f:Qh|Qs:100|-100:deepstack|random_bluffer
STATE:179:cr1200f:Ks|Kh:-100|100:random_bluffer|deepstack
STATE:180:cr1200f:Qh|Ah:-100|100:deepstack|random_bluffer
STATE:181:r1200f:As|Ks:100|-100:random_bluffer|deepstack
STATE:182:cc/cr1200f:Qh|Qs/Kh:-100|100:deepstack|random_bluffer
STATE:183:r1200f:Ah|Qs:100|-100:random_bluffer|deepstack
STATE:184:cc/cc:Qh|Kh/Qs:100|-100:deepstack|random_bluffer
STATE:185:cr300f:Kh|Ah:-100|100:random_bluffer|deepstack
STATE:186:cr1200f:Qs|Kh:-100|100:deepstack|random_bluffer
STATE:187:cc/r1200f:As|Qs/Ah:100|-100:random_bluffer|deepstack
STATE:188:cc/r1200c:Qh|Ks/Kh:-1200|1200:deepstack|random_bluffer
STATE:189:r1200f:As|Kh:100|-100:random_bluffer|deepstack
STATE:190:cc/r300f:Kh|Qh/Ks:100|-100:deepstack|random_bluffer
STATE:191:r1200f:Kh|Qs:100|-100:random_bluffer|deepstack
STATE:192:cr300f:Kh|Ah:-100|100:deepstack|random_bluffer
STATE:193:cc/cr1200f:Qh|Ks/Kh:-100|100:random_bluffer|deepstack
STATE:194:r1200f:Kh|Qs:100|-100:deepstack|random_bluffer
STATE:195:cr300f:Qh|Ah:-100|100:random_bluffer|deepstack
STATE:196:cr300f:Qs|Ah:-100|100:deepstack|random_bluffer
STATE:197:r300c/cr1200f:Ah|Qh/Qs:-300|300:random_bluffer|deepstack
STATE:198:cc/cc:Qs|Ks/As:-100|100:deepstack|random_bluffer
STATE:199:r1200c/:Kh|As/Qh:-1200|1200:random_bluffer|deepstack
STATE:200:r1200f:Qh|Qs:100|-100:deepstack|random_bluffer
STATE:201:cc/cr300r1200f:Qh|Kh/Qs:300|-300:random_bluffer|deepstack
STATE:202:r1200c/:Qs|Ah/Ks:-1200|1200:deepstack|random_bluffer
STATE:203:r1200f:Ah|Kh:100|-100:random_bluffer|deepstack
STATE:204:r1200f:As|Qs:100|-100:deepstack|random_bluffer
STATE:205:cr300f:Ks|Ah:-100|100:random_bluffer|deepstack
STATE:206:cr1200c/:Ah|As/Ks:0|0:deepstack|random_bluffer
STATE:207:r1200f:Ah|Qs:100|-100:random_bluffer|deepstack
STATE:208:r1200f:Ah|Ks:100|-100:deepstack|random_bluffer
STATE:209:cr300r1200c/:Qs|As/Kh:-1200|1200:random_bluffer|deepstack
STATE:210:r1200f:Ks|Qh:100|-100:deepstack|random_bluffer
STATE:211:cc/cc:Qh|Qs/As:0|0:random_bluffer|deepstack
STATE:212:cr1200f:Ks|As:-100|100:deepstack|random_bluffer
STATE:213:cr300f:Qh|Ks:-100|100:random_bluffer|deepstack
STATE:214:cr1200f:Qh|As:-100|100:deepstack|random_bluffer
STATE:215:cr300f:Ks|Ah:-100|100:random_bluffer|deepstack
STATE:216:cr300r1200f:As|Qs:300|-300:deepstack|random_bluffer
STATE:217:cr300f:Ks|Ah:-100|100:random_bluffer|deepstack
STATE:218:r300r1200c/:As|Ah/Kh:0|0:deepstack|random_bluffer
STATE:219:cr300c/cc:Qh|Ah/Ks:-300|300:random_bluffer|deepstack
STATE:220:cr1200c/:Ah|Qs/As:1200|-1200:deepstack|random_bluffer
STATE:221:cr1200f:Ks|Qh:-100|100:random_bluffer|deepstack
STATE:222:cc/r1200f:Kh|Ks/As:100|-100:deepstack|random_bluffer
STATE:223:r1200f:Ah|Qh:100|-100:random_bluffer|deepstack
STATE:224:cr300f:Kh|Ah:-100|100:deepstack|random_bluffer
STATE:225:r300c/r1200c:Kh|As/Qh:-1200|1200:random_bluffer|deepstack
STATE:226:r1200c/:Kh|Ah/Ks:1200|-1200:deepstack|random_bluffer
STATE:227:r300r1200c/:Ah|As/Ks:0|0:random_bluffer|deepstack
STATE:228:r1200c/:As|Ah/Qh:0|0:deepstack|random_bluffer
STATE:229:cr1200f:Ks|Qh:-100|100:random_bluffer|deepstack
STATE:230:cc/cc:Qs|Kh/Qh:100|-100:deepstack|random_bluffer
STATE:231:cc/cr300f:As|Kh/Ks:-100|100:random_bluffer|deepstack
STATE:232:cc/r300f:Kh|Ks/As:100|-100:deepstack|random_bluffer
STATE:233:cc/cc:Qh|Kh/Ah:-100|100:random_bluffer|deepstack
STATE:234:cc/r300c:Ks|Kh/As:0|0:deepstack|random_bluffer
STATE:235:r1200f:Kh|Qs:100|-100:random_bluffer|deepstack
STATE:236:cc/cr1200c:Qh|Ks/Qs:1200|-1200:deepstack|random_bluffer
STATE:237:r1200f:Ah|Kh:100|-100:random_bluffer|deepstack
STATE:238:r1200f:As|Ks:100|-100:deepstack|random_bluffer
STATE:239:cr1200f:Ks|Qs:-100|100:random_bluffer|deepstack
STATE:240:r1200f:Ah|Qs:100|-100:deepstack|random_bluffer
STATE:241:cc/cr300c:Ah|Ks/Kh:-300|300:random_bluffer|deepstack
STATE:242:cc/cr1200c:Ks|Kh/Ah:0|0:deepstack|random_bluffer
STATE:243:r1200f:Ah|Kh:100|-100:random_bluffer|deepstack
STATE:244:cc/cr300r1200f:Ah|Kh/Qs:300|-300:deepstack|random_bluffer
STATE:245:r1200c/:Qh|Ah/Kh:-1200|1200:random_bluffer|deepstack
STATE:246:cr1200f:Kh|As:-100|100:deepstack|random_bluffer
STATE:247:cc/cr1200f:Ah|Kh/Qs:-100|100:random_bluffer|deepstack
STATE:248:r1200f:Ah|Qs:100|-100:deepstack|random_bluffer
STATE:249:cc/cc:Qs|As/Kh:-100|100:random_bluffer|deepstack
STATE:250:cc/r300f:Ks|Kh/As:100|-100:deepstack|random_bluffer
STATE:251:cr300f:Qh|As:-100|100:random_bluffer|deepstack
STATE:252:cr1200c/:Ah|Kh/Ks:-1200|1200:deepstack|random_bluffer
STATE:253:r1200c/:Ks|As/Qs:-1200|1200:random_bluffer|deepstack
STATE:254:cr1200c/:Ah|As/Kh:0|0:deepstack|random_bluffer
STATE:255:r1200f:Kh|Ks:100|-100:random_bluffer|deepstack
STATE:256:r1200f:Ks|Qs:100|-100:deepstack|random_bluffer
STATE:257:r1200c/:As|Ah/Qs:0|0:random_bluffer|deepstack
STATE:258:r1200f:Qh|Qs:100|-100:deepstack|random_bluffer
STATE:259:r1200f:Qh|Qs:100|-100:random_bluffer|deepstack
STATE:260:cc/r1200f:Qh|Ks/Ah:100|-100:deepstack|random_bluffer
STATE:261:cr1200f:Ks|As:-100|100:random_bluffer|deepstack
STATE:262:cr1200f:Qh|Kh:-100|100:deepstack|random_bluffer
STATE:263:cc/r300r1200f:Kh|Ks/As:-300|300:random_bluffer|deepstack
STATE:264:r1200c/:Kh|As/Qh:-1200|1200:deepstack|random_bluffer
STATE:265:cc/cc:Kh|Qh/Ah:100|-100:random_bluffer|deepstack
STATE:266:r1200c/:Ks|As/Qs:-1200|1200:deepstack|random_bluffer
STATE:267:cr300r1200f:Qh|Ks:300|-300:random_bluffer|deepstack
STATE:268:cc/cr300f:Ah|Ks/Kh:-100|100:deepstack|random_bluffer
STATE:269:cr1200f:Ks|Kh:-100|100:random_bluffer|deepstack
STATE:270:cr300f:Ks|Ah:-100|100:deepstack|random_bluffer
STATE:271:cc/cr1200c:Ks|Qh/Kh:1200|-1200:random_bluffer|deepstack
STATE:272:cr1200f:Qs|Ks:-100|100:deepstack|random_bluffer
STATE:273:cc/cc:Ks|Qs/Ah:100|-100:random_bluffer|deepstack
STATE:274:r1200c/:Qh|Ah/Kh:-1200|1200:deepstack|random_bluffer
STATE:275:cc/r1200c:Kh|Ah/As:-1200|1200:random_bluffer|deepstack
STATE:276:cr1200f:Kh|As:-100|100:deepstack|random_bluffer
STATE:277:cr1200f:Ks|Kh:-100|100:random_bluffer|deepstack
STATE:278:r1200c/:Qh|Ah/Qs:1200|-1200:deepstack|random_bluffer
STATE:279:cc/cr1200f:Ks|As/Ah:-100|100:random_bluffer|deepstack
STATE:280:r1200f:Qs|Qh:100|-100:deepstack|random_bluffer
STATE:281:r1200f:As|Qs:100|-100:random_bluffer|deepstack
STATE:282:cr300r1200c/:Ah|As/Qh:0|0:deepstack|random_bluffer
STATE:283:cc/cc:Ah|Kh/Qs:100|-100:random_bluffer|deepstack
STATE:284:r1200f:As|Kh:100|-100:deepstack|random_bluffer
STATE:285:cr300f:Qs|Ah:-100|100:random_bluffer|deepstack
STATE:286:cr1200f:Qs|Qh:-100|100:deepstack|random_bluffer
STATE:287:cc/r300c:Ah|Ks/As:300|-300:random_bluffer|deepstack
STATE:288:cc/r1200c:Ah|Kh/Ks:-1200|1200:deepstack|random_bluffer
STATE:289:r1200c/:As|Ah/Ks:0|0:random_bluffer|deepstack
STATE:290:r1200f:As|Qs:100|-100:deepstack|random_bluffer
STATE:291:cc/r300f:Qs|Ks/Qh:100|-100:random_bluffer|deepstack
STATE:292:r1200c/:As|Ah/Kh:0|0:deepstack|random_bluffer
STATE:293:cr300r1200f:Ah|Ks:300|-300:random_bluffer|deepstack
STATE:294:cr300r1200c/:Ks|As/Kh:1200|-1200:deepstack|random_bluffer
STATE:295:r1200c/:As|Ah/Kh:0|0:random_bluffer|deepstack
STATE:296:cr1200f:Qs|Ah:-100|100:deepstack|random_bluffer
STATE:297:r1200f:As|Qs:100|-100:random_bluffer|deepstack
STATE:298:r1200f:As|Qh:100|-100:deepstack|random_bluffer
STATE:299:r1200f:Qs|Ks:100|-100:random_bluffer|deepstack
STATE:300:cc/r1200f:Qh|Qs/Kh:100|-100:deepstack|random_bluffer
STATE:301:cr1200f:Qs|As:-100|100:random_bluffer|deepstack
STATE:302:r1200f:As|Kh:100|-100:deepstack|random_bluffer
STATE:303:r1200f:Qh|Qs:100|-100:random_bluffer|deepstack
STATE:304:cc/cc:Ah|Qs/Kh:100|-100:deepstack|random_bluffer
STATE:305:r300r1200c/:Ah|Qs/Ks:1200|-1200:random_bluffer|deepstack
STATE:306:r1200c/:Kh|As/Qs:-1200|1200:deepstack|random_bluffer
STATE:307:r1200f:As|Ks:100|-100:random_bluffer|deepstack
STATE:308:cr300f:Kh|Ah:-100|100:deepstack|random_bluffer
STATE:309:cc/r1200f:Qh|Kh/Ah:100|-100:random_bluffer|deepstack
STATE:310:cr1200c/:Ah|Ks/As:1200|-1200:deepstack|random_bluffer
STATE:311:r1200f:As|Qh:100|-100:random_bluffer|deepstack
STATE:312:r1200c/:Ks|As/Kh:1200|-1200:deepstack|random_bluffer
STATE:313:r1200c/:Ks|Ah/As:-1200|1200:random_bluffer|deepstack
STATE:314:cr1200f:Qh|As:-100|100:deepstack|random_bluffer
STATE:315:cr1200f:Ks|As:-100|100:random_bluffer|deepstack
STATE:316:r1200f:Kh|Ks:100|-100:deepstack|random_bluffer
STATE:317:cr300f:Kh|Qh:-100|100:random_bluffer|deepstack
STATE:318:cr1200f:Qh|Kh:-100|100:deepstack|random_bluffer
STATE:319:cc/cc:Ks|Qh/Ah:100|-100:random_bluffer|deepstack
STATE:320:r1200c/:As|Ah/Qs:0|0:deepstack|random_bluffer
STATE:321:cc/cr300r1200f:Ks|Kh/Qs:300|-300:random_bluffer|deepstack
STATE:322:cc/cr300r1200c:Ks|Qs/Qh:-1200|1200:deepstack|random_bluffer
STATE:323:cc/r1200f:Ks|Kh/Qh:100|-100:random_bluffer|deepstack
STATE:324:r1200f:Kh|Qs:100|-100:deepstack|random_bluffer
STATE:325:cr300f:Ks|As:-100|100:random_bluffer|deepstack
STATE:326:r1200c/:Ks|Ah/Kh:1200|-1200:deepstack|random_bluffer
STATE:327:r1200f:Ah|Qs:100|-100:random_bluffer|deepstack
STATE:328:cr300f:Kh|Ks:-100|100:deepstack|random_bluffer
STATE:329:r1200c/:Qs|As/Qh:1200|-1200:random_bluffer|deepstack
STATE:330:r1200f:Ah|Kh:100|-100:deepstack|random_bluffer
STATE:331:r1200f:Ks|Qh:100|-100:random_bluffer|deepstack
STATE:332:r1200f:Ks|Qs:100|-100:deepstack|random_bluffer
STATE:333:cr300r1200c/:As|Ah/Qs:0|0:random_bluffer|deepstack
STATE:334:cr1200f:Ks|Qs:-100|100:deepstack|random_bluffer
STATE:335:cr1200c/:Ah|Qh/Kh:1200|-1200:random_bluffer|deepstack
STATE:336:r1200f:Qs|Qh:100|-100:deepstack|random_bluffer
STATE:337:r1200c/:Kh|Ah/Ks:1200|-1200:random_bluffer|deepstack
STATE:338:cr300r1200c/:Kh|Ah/Qh:-1200|1200:deepstack|random_bluffer
STATE:339:r1200f:As|Ks:100|-100:random_bluffer|deepstack
STATE:340:cc/r1200f:Ks|Kh/Qs:100|-100:deepstack|random_bluffer
STATE:341:r1200c/:As|Ah/Qh:0|0:random_bluffer|deepstack
STATE:342:cr300c/cr1200f:Kh|Ah/As:-300|300:deepstack|random_bluffer
STATE:343:cc/cc:Ks|Qs/Ah:100|-100:random_bluffer|deepstack
STATE:344:cc/cc:As|Ks/Qs:100|-100:deepstack|random_bluffer
STATE:345:cr300r1200c/:Ah|As/Qs:0|0:random_bluffer|deepstack
STATE:346:cc/r300f:Ks|Qh/Kh:100|-100:deepstack|random_bluffer
STATE:347:r1200f:As|Ks:100|-100:random_bluffer|deepstack
STATE:348:r1200f:Qh|Qs:100|-100:deepstack|random_bluffer
STATE:349:cr300r1200c/:Ks|Ah/Qh:-1200|1200:random_bluffer|deepstack
STATE:350:r1200f:Qh|Ks:100|-100:deepstack|random_bluffer
STATE:351:r1200f:Kh|Qh:100|-100:random_bluffer|deepstack
STATE:352:r1200f:Ks|Qs:100|-100:deepstack|random_bluffer
STATE:353:r1200c/:Kh|Ah/Qs:-1200|1200:random_bluffer|deepstack
STATE:354:r1200f:Qs|Ks:100|-100:deepstack|random_bluffer
STATE:355:cr300f:Qh|Ah:-100|100:random_bluffer|deepstack
STATE:356:cc/cc:As|Qs/Ks:100|-100:deepstack|random_bluffer
STATE:357:r1200f:Ah|Kh:100|-100:random_bluffer|deepstack
STATE:358:cc/r1200f:Qs|Kh/Ah:100|-100:deepstack|random_bluffer
STATE:359:r1200f:Ah|Qh:100|-100:random_bluffer|deepstack
STATE:360:r1200f:Qh|Ks:100|-100:deepstack|random_bluffer
STATE:361:cr1200f:Kh|Qh:-100|100:random_bluffer|deepstack
STATE:362:r1200c/:Ah|As/Kh:0|0:deepstack|random_bluffer
STATE:363:r1200f:As|Kh:100|-100:random_bluffer|deepstack
STATE:364:cc/r1200f:Ah|Ks/As:100|-100:deepstack|random_bluffer
STATE:365:cr1200f:Qs|Ks:-100|100:random_bluffer|deepstack
STATE:366:cc/cc:Qh|Kh/Ah:-100|100:deepstack|random_bluffer
STATE:367:r1200f:Kh|Qh:100|-100:random_bluffer|deepstack
STATE:368:cc/r300r1200f:Ks|Qs/As:-300|300:deepstack|random_bluffer
STATE:369:cr1200f:Kh|As:-100|100:random_bluffer|deepstack
STATE:370:cr1200c/:Ah|Qh/As:1200|-1200:deepstack|random_bluffer
STATE:371:cr300f:Kh|Ks:-100|100:random_bluffer|deepstack
STATE:372:r300r1200c/:Ah|As/Ks:0|0:deepstack|random_bluffer
STATE:373:cc/cr300f:Qh|Ks/Kh:-100|100:random_bluffer|deepstack
STATE:374:cr1200c/:Ah|Qh/Ks:1200|-1200:deepstack|random_bluffer
STATE:375:r1200f:Ah|Qh:100|-100:random_bluffer|deepstack
STATE:376:cr300r1200c/:Ks|As/Qs:-1200|1200:deepstack|random_bluffer
STATE:377:cr1200f:Kh|Qh:-100|100:random_bluffer|deepstack
STATE:378:r1200f:As|Kh:100|-100:deepstack|random_bluffer
STATE:379:cr300c/r1200f:Ks|As/Kh:300|-300:random_bluffer|deepstack
STATE:380:cc/r1200f:Ah|Qh/Kh:100|-100:deepstack|random_bluffer
STATE:381:r1200f:Ah|Ks:100|-100:random_bluffer|deepstack
STATE:382:cr1200f:Qh|As:-100|100:deepstack|random_bluffer
STATE:383:cc/r1200f:Ks|As/Qh:100|-100:random_bluffer|deepstack
STATE:384:r1200f:Ah|Qs:100|-100:deepstack|random_bluffer
STATE:385:cr1200c/:Ah|Kh/Ks:-1200|1200:random_bluffer|deepstack
STATE:386:cc/r1200c:Ah|Qs/Qh:-1200|1200:deepstack|random_bluffer
STATE:387:cr1200f:Qh|Kh:-100|100:random_bluffer|deepstack
STATE:388:cc/r1200f:As|Qs/Kh:100|-100:deepstack|random_bluffer
STATE:389:r1200f:Ks|Qh:100|-100:random_bluffer|deepstack
STATE:390:cr300c/r1200c:Ks|As/Qh:-1200|1200:deepstack|random_bluffer
STATE:391:cr300f:Ks|As:-100|100:random_bluffer|deepstack
STATE:392:r1200f:As|Ks:100|-100:deepstack|random_bluffer
STATE:393:cr1200f:Kh|As:-100|100:random_bluffer|deepstack
STATE:394:cr1200f:Qs|As:-100|100:deepstack|random_bluffer
STATE:395:cc/cr1200f:Kh|As/Ah:-100|100:random_bluffer|deepstack
STATE:396:r1200f:Ks|Qs:100|-100:deepstack|random_bluffer
STATE:397:r1200f:Ah|Kh:100|-100:random_bluffer|deepstack
STATE:398:cc/r1200f:Qs|Ks/Ah:100|-100:deepstack|random_bluffer
STATE:399:r1200c/:Qh|Ah/As:-1200|1200:random_bluffer|deepstack
STATE:400:r1200f:Ah|Kh:100|-100:deepstack|random_bluffer
STATE:401:cr300f:Qh|Ah:-100|100:random_bluffer|deepstack
STATE:402:r1200c/:Qh|Ah/Kh:-1200|1200:deepstack|random_bluffer
STATE:403:cr1200f:Kh|Qs:-100|100:random_bluffer|deepstack
STATE:404:r1200f:As|Qh:100|-100:deepstack|random_bluffer
STATE:405:r1200c/:Qs|Ah/Ks:-1200|1200:random_bluffer|deepstack
STATE:406:r1200f:Ah|Kh:100|-100:deepstack|random_bluffer
STATE:407:cc/r1200f:Qs|As/Qh:100|-100:random_bluffer|deepstack
STATE:408:cc/r1200f:Ks|Qs/As:100|-100:deepstack|random_bluffer
STATE:409:r1200f:Ah|Qs:100|-100:random_bluffer|deepstack
STATE:410:cr300r1200f:As|Kh:300|-300:deepstack|random_bluffer
STATE:411:cr1200f:Ks|Qs:-100|100:random_bluffer|deepstack
STATE:412:cr1200f:Qs|Kh:-100|100:deepstack|random_bluffer
STATE:413:cr1200f:Kh|Ks:-100|100:random_bluffer|deepstack
STATE:414:cc/r300f:Kh|Qh/Ks:100|-100:deepstack|random_bluffer
STATE:415:cr1200f:Qh|Ks:-100|100:random_bluffer|deepstack
STATE:416:cr1200f:Qh|Qs:-100|100:deepstack|random_bluffer
STATE:417:cr300r1200c/:Kh|As/Ks:1200|-1200:random_bluffer|deepstack
STATE:418:r1200f:Ah|Ks:100|-100:deepstack|random_bluffer
STATE:419:cc/r300r1200c:Ah|Qs/As:1200|-1200:random_bluffer|deepstack
STATE:420:cr1200f:Qs|Ks:-100|100:deepstack|random_bluffer
STATE:421:r1200f:As|Ks:100|-100:random_bluffer|deepstack
STATE:422:cc/r1200f:Qs|Ah/Qh:100|-100:deepstack|random_bluffer
STATE:423:r1200f:Kh|Ks:100|-100:random_bluffer|deepstack
STATE:424:r1200f:As|Qs:100|-100:deepstack|random_bluffer
STATE:425:cr300f:Qs|As:-100|100:random_bluffer|deepstack
STATE:426:cr300c/cr1200f:Qs|Ah/Ks:-300|300:deepstack|random_bluffer
STATE:427:cc/cc:Qs|Kh/Qh:100|-100:random_bluffer|deepstack
STATE:428:r1200f:As|Qs:100|-100:deepstack|random_bluffer
STATE:429:cr1200f:Kh|Ah:-100|100:random_bluffer|deepstack
STATE:430:r1200f:Qh|Ks:100|-100:deepstack|random_bluffer
STATE:431:cc/cc:As|Qs/Kh:100|-100:random_bluffer|deepstack
STATE:432:cc/r1200f:Kh|Ks/Ah:100|-100:deepstack|random_bluffer
STATE:433:cr300c/cr1200c:Ah|Qh/Qs:-1200|1200:random_bluffer|deepstack
STATE:434:cr1200c/:Ah|Qh/Ks:1200|-1200:deepstack|random_bluffer
STATE:435:r300r900f:Qh|Ah:-300|300:random_bluffer|deepstack
STATE:436:cr300r900f:As|Kh:300|-300:deepstack|random_bluffer
STATE:437:cc/r1200f:Ah|Qh/As:100|-100:random_bluffer|deepstack
STATE:438:r1200f:Ah|Qs:100|-100:deepstack|random_bluffer
STATE:439:cc/cr300f:Kh|Qh/Qs:-100|100:random_bluffer|deepstack
STATE:440:r300c/r1200f:Ah|Ks/As:300|-300:deepstack|random_bluffer
STATE:441:cr1200f:Kh|Ah:-100|100:random_bluffer|deepstack
STATE:442:cc/cc:Ah|Kh/Qs:100|-100:deepstack|random_bluffer
STATE:443:cc/cr300r1200c:Ah|Ks/Kh:-1200|1200:random_bluffer|deepstack
STATE:444:r1200c/:Kh|As/Qs:-1200|1200:deepstack|random_bluffer
STATE:445:r1200f:Ah|Qh:100|-100:random_bluffer|deepstack
STATE:446:cr1200f:Kh|Ah:-100|100:deepstack|random_bluffer
STATE:447:r1200f:Ah|Qs:100|-100:random_bluffer|deepstack
STATE:448:cc/r1200f:Ah|Ks/As:100|-100:deepstack|random_bluffer
STATE:449:cc/r1200c:Qh|Ks/Kh:-1200|1200:random_bluffer|deepstack
STATE:450:cr300f:Qs|As:-100|100:deepstack|random_bluffer
STATE:451:cc/r1200f:Qh|Qs/As:100|-100:random_bluffer|deepstack
STATE:452:r1200f:Kh|Qh:100|-100:deepstack|random_bluffer
STATE:453:cc/cr1200f:Kh|Ks/Qh:-100|100:random_bluffer|deepstack
STATE:454:r1200c/:Kh|Ah/Ks:1200|-1200:deepstack|random_bluffer
STATE:455:cr1200f:Qs|Qh:-100|100:random_bluffer|deepstack
STATE:456:cr300c/cc:Ah|As/Ks:0|0:deepstack|random_bluffer
STATE:457:r1200f:Qs|Kh:100|-100:random_bluffer|deepstack
STATE:458:cr300c/r1200f:Qs|As/Kh:300|-300:deepstack|random_bluffer
STATE:459:cr300r1200c/:Ks|Ah/Qs:-1200|1200:random_bluffer|deepstack
STATE:460:cr300r1200c/:Kh|As/Ah:-1200|1200:deepstack|random_bluffer
STATE:461:r1200c/:Qh|As/Ks:-1200|1200:random_bluffer|deepstack
STATE:462:r1200c/:As|Ah/Qs:0|0:deepstack|random_bluffer
STATE:463:r300c/cc:Ah|Qh/Ks:300|-300:random_bluffer|deepstack
STATE:464:r1200f:As|Ks:100|-100:deepstack|random_bluffer
STATE:465:cr1200f:Qh|Ks:-100|100:random_bluffer|deepstack
STATE:466:cr300r1200f:Ah|Kh:300|-300:deepstack|random_bluffer
STATE:467:cc/r1200f:As|Qs/Ah:100|-100:random_bluffer|deepstack
STATE:468:cc/cr1200f:Ks|Qs/Qh:-100|100:deepstack|random_bluffer
STATE:469:r1200f:Kh|Qs:100|-100:random_bluffer|deepstack
STATE:470:cc/cc:Ks|Qs/Kh:100|-100:deepstack|random_bluffer
STATE:471:r1200f:Kh|Qs:100|-100:random_bluffer|deepstack
STATE:472:cr300f:Ks|As:-100|100:deepstack|random_bluffer
STATE:473:r1200f:Kh|Qh:100|-100:random_bluffer|deepstack
STATE:474:r1200f:As|Kh:100|-100:deepstack|random_bluffer
STATE:475:cr300r1200f:Ah|Qs:300|-300:random_bluffer|deepstack
STATE:476:cr300r1200f:Ah|Ks:300|-300:deepstack|random_bluffer
STATE:477:cr1200f:Kh|Qs:-100|100:random_bluffer|deepstack
STATE:478:cc/cc:Qh|Kh/Qs:100|-100:deepstack|random_bluffer
STATE:479:r1200f:Qh|Ks:100|-100:random_bluffer|deepstack
STATE:480:cr300r1200f:As|Ks:300|-300:deepstack|random_bluffer
STATE:481:r1200c/:Kh|Ah/Qh:-1200|1200:random_bluffer|deepstack
STATE:482:cc/cc:Qs|As/Ks:-100|100:deepstack|random_bluffer
STATE:483:r1200f:As|Kh:100|-100:random_bluffer|deepstack
STATE:484:cr300f:Ks|Ah:-100|100:deepstack|random_bluffer
STATE:485:cc/r1200f:Qh|Kh/As:100|-100:random_bluffer|deepstack
STATE:486:cr1200f:Qs|Ks:-100|100:deepstack|random_bluffer
STATE:487:cr300r1200c/:As|Ah/Qh:0|0:random_bluffer|deepstack
STATE:488:r1200c/:Ks|Ah/Qh:-1200|1200:deepstack|random_bluffer
STATE:489:cc/r1200c:Ah|Kh/Ks:-1200|1200:random_bluffer|deepstack
STATE:490:cr1200f:Ks|As:-100|100:deepstack|random_bluffer
STATE:491:cc/r300r1200c:Ah|Ks/As:1200|-1200:random_bluffer|deepstack
STATE:492:r1200c/:Ks|Ah/Qh:-1200|1200:deepstack|random_bluffer
STATE:493:cc/r1200f:Qs|Kh/Ah:100|-100:random_bluffer|deepstack
STATE:494:cr1200f:Ks|As:-100|100:deepstack|random_bluffer
STATE:495:r1200f:As|Ks:100|-100:random_bluffer|deepstack
STATE:496:r1200c/:Qh|As/Kh:-1200|1200:deepstack|random_bluffer
STATE:497:cc/r300f:Ah|Kh/As:100|-100:random_bluffer|deepstack
STATE:498:r1200f:Ah|Kh:100|-100:deepstack|random_bluffer
STATE:499:r1200c/:As|Ah/Qh:0|0:random_bluffer|deepstack
STATE:500:cr1200f:Ks|Ah:-100|100:deepstack|random_bluffer
STATE:501:cr1200c/:Ah|Qs/Kh:1200|-1200:random_bluffer|deepstack
STATE:502:r1200f:Ah|Qs:100|-100:deepstack|random_bluffer
STATE:503:cr1200f:Ks|Ah:-100|100:random_bluffer|deepstack
STATE:504:r1200f:Ah|Qs:100|-100:deepstack|random_bluffer
STATE:505:r1200c/:Qh|Ah/Ks:-1200|1200:random_bluffer|deepstack
STATE:506:r1200f:Ah|Kh:100|-100:deepstack|random_bluffer
STATE:507:cr1200f:Qs|Ks:-100|100:random_bluffer|deepstack
STATE:508:r1200c/:Kh|Ah/Qs:-1200|1200:deepstack|random_bluffer
STATE:509:r1200f:Ah|Qh:100|-100:random_bluffer|deepstack
STATE:510:cr300f:Qs|Ah:-100|100:deepstack|random_bluffer
STATE:511:r1200c/:Qs|Ah/Qh:1200|-1200:random_bluffer|deepstack
STATE:512:r1200f:Kh|Ks:100|-100:deepstack|random_bluffer
STATE:513:r1200f:Ks|Qh:100|-100:random_bluffer|deepstack
STATE:514:r1200f:Ks|Qh:100|-100:deepstack|random_bluffer
STATE:515:r1200f:Ah|Ks:100|-100:random_bluffer|deepstack
STATE:516:cr300c/cr1200f:Ks|Kh/Qh:-300|300:deepstack|random_bluffer
STATE:517:cc/cr1200f:Kh|Qh/Ah:-100|100:random_bluffer|deepstack
STATE:518:cr300r1200c/:Kh|Ah/Qs:-1200|1200:deepstack|random_bluffer
STATE:519:cr1200f:Qs|Kh:-100|100:random_bluffer|deepstack
STATE:520:r1200f:Ah|Kh:100|-100:deepstack|random_bluffer
STATE:521:cc/cr1200f:As|Kh/Qs:-100|100:random_bluffer|deepstack
STATE:522:cr300c/cr1200f:Qh|As/Kh:-300|300:deepstack|random_bluffer
STATE:523:cc/r1200f:Ks|Kh/As:100|-100:random_bluffer|deepstack
STATE:524:cc/r1200f:Ks|Qh/Ah:100|-100:deepstack|random_bluffer
STATE:525:r1200c/:Qs|As/Ah:-1200|1200:random_bluffer|deepstack
STATE:526:cr1200f:Ks|Ah:-100|100:deepstack|random_bluffer
STATE:527:cc/cr1200f:Kh|As/Qs:-100|100:random_bluffer|deepstack
STATE:528:cr300r1200f:Ks|Qh:300|-300:deepstack|random_bluffer
STATE:529:cr300f:Kh|As:-100|100:random_bluffer|deepstack
STATE:530:r1200f:Ah|Ks:100|-100:deepstack|random_bluffer
STATE:531:r1200c/:Qh|Ah/As:-1200|1200:random_bluffer|deepstack
STATE:532:r1200c/:As|Ah/Qh:0|0:deepstack|random_bluffer
STATE:533:r1200c/:Qs|Ah/As:-1200|1200:random_bluffer|deepstack
STATE:534:cr1200c/:Ah|Ks/Qs:1200|-1200:deepstack|random_bluffer
STATE:535:cr300c/r1200f:Ks|Ah/Qs:300|-300:random_bluffer|deepstack
STATE:536:r1200f:As|Qh:100|-100:deepstack|random_bluffer
STATE:537:cr300f:Kh|As:-100|100:random_bluffer|deepstack
STATE:538:cc/r1200c:Ks|Ah/As:-1200|1200:deepstack|random_bluffer
STATE:539:cr1200f:Kh|As:-100|100:random_bluffer|deepstack
STATE:540:r1200f:Ks|Kh:100|-100:deepstack|random_bluffer
STATE:541:cr1200f:Ks|As:-100|100:random_bluffer|deepstack
STATE:542:cr300f:Qh|Ah:-100|100:deepstack|random_bluffer
STATE:543:cr1200f:Qs|Ks:-100|100:random_bluffer|deepstack
STATE:544:cr300r1200f:As|Qh:300|-300:deepstack|random_bluffer
STATE:545:cc/cc:Ah|Qh/Ks:100|-100:random_bluffer|deepstack
STATE:546:cc/cc:Ks|Qs/Ah:100|-100:deepstack|random_bluffer
STATE:547:cr1200c/:Ah|Kh/As:1200|-1200:random_bluffer|deepstack
STATE:548:cr1200f:Ks|Kh:-100|100:deepstack|random_bluffer
STATE:549:r1200f:Qs|Qh:100|-100:random_bluffer|deepstack
STATE:550:cc/r300f:Qs|Kh/Qh:100|-100:deepstack|random_bluffer
STATE:551:r1200f:As|Kh:100|-100:random_bluffer|deepstack
STATE:552:cr1200f:Qh|Qs:-100|100:deepstack|random_bluffer
STATE:553:r1200f:Qs|Qh:100|-100:random_bluffer|deepstack
STATE:554:cr300f:Kh|Ah:-100|100:deepstack|random_bluffer
STATE:555:r1200f:Kh|Ks:100|-100:random_bluffer|deepstack
STATE:556:cc/r1200f:As|Kh/Qh:100|-100:deepstack|random_bluffer
STATE:557:r1200f:As|Qh:100|-100:random_bluffer|deepstack
STATE:558:r1200c/:Ks|Ah/As:-1200|1200:deepstack|random_bluffer
STATE:559:cc/r1200f:Kh|Ah/Ks:100|-100:random_bluffer|deepstack
STATE:560:cc/r1200f:Ah|Qh/As:100|-100:deepstack|random_bluffer
STATE:561:cr1200f:Qh|Ks:-100|100:random_bluffer|deepstack
STATE:562:cr1200f:Kh|Qs:-100|100:deepstack|random_bluffer
STATE:563:cr300c/r1200c:Qs|Ah/Kh:-1200|1200:random_bluffer|deepstack
STATE:564:r1200c/:Ks|Ah/Qs:-1200|1200:deepstack|random_bluffer
STATE:565:cc/cc:Ah|Ks/Qh:100|-100:random_bluffer|deepstack
STATE:566:r1200c/:Kh|Ah/As:-1200|1200:deepstack|random_bluffer
STATE:567:cc/cc:Ah|Ks/Qs:100|-100:random_bluffer|deepstack
STATE:568:cr1200c/:Ah|Ks/As:1200|-1200:deepstack|random_bluffer
STATE:569:cr1200f:Qs|Qh:-100|100:random_bluffer|deepstack
STATE:570:cr1200f:Qh|Ah:-100|100:deepstack|random_bluffer
STATE:571:r1200c/:Ks|Ah/Kh:1200|-1200:random_bluffer|deepstack
STATE:572:r1200f:Kh|Qs:100|-100:deepstack|random_bluffer
STATE:573:r1200c/:As|Ah/Ks:0|0:random_bluffer|deepstack
STATE:574:r1200f:As|Qs:100|-100:deepstack|random_bluffer
STATE:575:r1200c/:Kh|Ah/Ks:1200|-1200:random_bluffer|deepstack
STATE:576:r1200f:As|Ks:100|-100:deepstack|random_bluffer
STATE:577:r1200f:Ah|Ks:100|-100:random_bluffer|deepstack
STATE:578:r1200c/:Qs|Ah/Ks:-1200|1200:deepstack|random_bluffer
STATE:579:r1200c/:Qh|Ah/Qs:1200|-1200:random_bluffer|deepstack
STATE:580:r1200f:Ah|Qs:100|-100:deepstack|random_bluffer
STATE:581:cr1200f:Kh|Ks:-100|100:random_bluffer|deepstack
STATE:582:r1200c/:Qs|As/Ks:-1200|1200:deepstack|random_bluffer
STATE:583:cr300c/cr1200f:Kh|Ah/As:-300|300:random_bluffer|deepstack
STATE:584:r1200c/:Qs|As/Ah:-1200|1200:deepstack|random_bluffer
STATE:585:cr1200f:Kh|Ah:-100|100:random_bluffer|deepstack
STATE:586:r1200f:Qs|Kh:100|-100:deepstack|random_bluffer
STATE:587:cr1200c/:Ah|As/Qh:0|0:random_bluffer|deepstack
STATE:588:cr300r1200c/:Ah|As/Qs:0|0:deepstack|random_bluffer
STATE:589:cr1200c/:Ah|As/Qs:0|0:random_bluffer|deepstack
STATE:590:cc/r1200c:Kh|Ks/Ah:0|0:deepstack|random_bluffer
STATE:591:cc/cc:Qs|Ks/As:-100|100:random_bluffer|deepstack
STATE:592:cr1200c/:Ah|As/Kh:0|0:deepstack|random_bluffer
STATE:593:cr300r1200f:Ah|Qs:300|-300:random_bluffer|deepstack
STATE:594:r1200c/:As|Ah/Qs:0|0:deepstack|random_bluffer
STATE:595:r1200f:Qs|Qh:100|-100:random_bluffer|deepstack
STATE:596:cr1200f:Kh|Qh:-100|100:deepstack|random_bluffer
STATE:597:cr300f:Qh|As:-100|100:random_bluffer|deepstack
STATE:598:cr300r1200f:Ah|Kh:300|-300:deepstack|random_bluffer
STATE:599:cc/r1200c:As|Ks/Kh:-1200|1200:random_bluffer|deepstack
STATE:600:cr1200c/:Ah|Ks/Qs:1200|-1200:deepstack|random_bluffer
STATE:601:cc/cc:Ah|Qh/Kh:100|-100:random_bluffer|deepstack
STATE:602:r1200c/:Ks|Ah/Kh:1200|-1200:deepstack|random_bluffer
STATE:603:cr300r1200c/:Ah|As/Ks:0|0:random_bluffer|deepstack
STATE:604:cr1200f:Qh|Ah:-100|100:deepstack|random_bluffer
STATE:605:cr1200f:Qs|Qh:-100|100:random_bluffer|deepstack
STATE:606:cr300r1200f:Ah|Qh:300|-300:deepstack|random_bluffer
STATE:607:cc/r1200f:Ks|Ah/Qh:100|-100:random_bluffer|deepstack
STATE:608:cr1200c/:Ah|As/Ks:0|0:deepstack|random_bluffer
STATE:609:r1200f:As|Qh:100|-100:random_bluffer|deepstack
STATE:610:cr1200f:Qs|Ah:-100|100:deepstack|random_bluffer
STATE:611:r1200f:As|Qs:100|-100:random_bluffer|deepstack
STATE:612:cr1200f:Kh|Ks:-100|100:deepstack|random_bluffer
STATE:613:r1200f:Ah|Ks:100|-100:random_bluffer|deepstack
STATE:614:cr1200c/:Ah|As/Ks:0|0:deepstack|random_bluffer
STATE:615:r1200f:Ks|Qs:100|-100:random_bluffer|deepstack
STATE:616:r300r1200c/:As|Ah/Qh:0|0:deepstack|random_bluffer
STATE:617:cr1200f:Kh|Qs:-100|100:random_bluffer|deepstack
STATE:618:r1200c/:As|Ah/Qs:0|0:deepstack|random_bluffer
STATE:619:cc/cr1200f:Ah|As/Ks:-100|100:random_bluffer|deepstack
STATE:620:cr1200f:Qs|As:-100|100:deepstack|random_bluffer
STATE:621:cr300f:Qh|As:-100|100:random_bluffer|deepstack
STATE:622:r1200f:Ah|Kh:100|-100:deepstack|random_bluffer
STATE:623:r1200f:Qh|Ks:100|-100:random_bluffer|deepstack
STATE:624:cr1200f:Kh|Ah:-100|100:deepstack|random_bluffer
STATE:625:cr1200f:Ks|As:-100|100:random_bluffer|deepstack
STATE:626:r1200f:Qh|Kh:100|-100:deepstack|random_bluffer
STATE:627:cr300f:Ks|As:-100|100:random_bluffer|deepstack
STATE:628:cc/cc:Ks|Qs/Ah:100|-100:deepstack|random_bluffer
STATE:629:r1200f:Qh|Ks:100|-100:random_bluffer|deepstack
STATE:630:cr300f:Kh|As:-100|100:deepstack|random_bluffer
STATE:631:cc/r1200f:Ah|Qh/Ks:100|-100:random_bluffer|deepstack
STATE:632:r1200c/:Kh|As/Qs:-1200|1200:deepstack|random_bluffer
STATE:633:cc/cr1200f:Qs|Kh/As:-100|100:random_bluffer|deepstack
STATE:634:cr1200f:Ks|Qs:-100|100:deepstack|random_bluffer
STATE:635:cr300r1200c/:Qh|Ah/Qs:1200|-1200:random_bluffer|deepstack
STATE:636:cr300r1200c/:Qh|Ah/Qs:1200|-1200:deepstack|random_bluffer
STATE:637:cc/cr300f:Ks|Qh/Qs:-100|100:random_bluffer|deepstack
STATE:638:r1200f:Kh|Qs:100|-100:deepstack|random_bluffer
STATE:639:cr1200c/:Ah|As/Qh:0|0:random_bluffer|deepstack
STATE:640:r1200f:As|Qs:100|-100:deepstack|random_bluffer
STATE:641:cc/cr300f:As|Qs/Qh:-100|100:random_bluffer|deepstack
STATE:642:r1200f:Qs|Kh:100|-100:deepstack|random_bluffer
STATE:643:r1200c/:Ks|As/Qh:-1200|1200:random_bluffer|deepstack
STATE:644:r1200f:Qs|Qh:100|-100:deepstack|random_bluffer
STATE:645:r1200f:Qh|Kh:100|-100:random_bluffer|deepstack
STATE:646:r1200f:Ks|Qs:100|-100:deepstack|random_bluffer
STATE:647:r1200f:As|Qh:100|-100:random_bluffer|deepstack
STATE:648:cr1200f:Ks|Qs:-100|100:deepstack|random_bluffer
STATE:649:r1200f:Kh|Qh:100|-100:random_bluffer|deepstack
STATE:650:cc/cr1200f:Qs|Qh/Ks:-100|100:deepstack|random_bluffer
STATE:651:cc/r1200f:Qs|Ah/Ks:100|-100:random_bluffer|deepstack
STATE:652:cr300f:Qh|Ks:-100|100:deepstack|random_bluffer
STATE:653:r1200f:Kh|Qs:100|-100:random_bluffer|deepstack
STATE:654:cc/r1200c:Qh|Ks/Kh:-1200|1200:deepstack|random_bluffer
STATE:655:cc/r1200c:Qs|Kh/Ks:-1200|1200:random_bluffer|deepstack
STATE:656:r1200f:Ks|Qs:100|-100:deepstack|random_bluffer
STATE:657:cr1200f:Qh|Kh:-100|100:random_bluffer|deepstack
STATE:658:cr1200f:Qh|Ks:-100|100:deepstack|random_bluffer
STATE:659:r1200f:Ks|Qs:100|-100:random_bluffer|deepstack
STATE:660:r1200f:As|Kh:100|-100:deepstack|random_bluffer
STATE:661:cc/r300r1200c:Qs|As/Qh:1200|-1200:random_bluffer|deepstack
STATE:662:r1200f:Ah|Qh:100|-100:deepstack|random_bluffer
STATE:663:cr300f:Qs|Ah:-100|100:random_bluffer|deepstack
STATE:664:cr1200f:Qs|As:-100|100:deepstack|random_bluffer
STATE:665:r1200c/:Qs|Ah/Qh:1200|-1200:random_bluffer|deepstack
STATE:666:r1200f:As|Qs:100|-100:deepstack|random_bluffer
STATE:667:cr1200f:Qs|As:-100|100:random_bluffer|deepstack
STATE:668:r1200f:Qs|Kh:100|-100:deepstack|random_bluffer
STATE:669:cr1200f:Kh|Qh:-100|100:random_bluffer|deepstack
STATE:670:cr1200f:Qs|Ah:-100|100:deepstack|random_bluffer
STATE:671:r1200f:Ah|Kh:100|-100:random_bluffer|deepstack
STATE:672:cr300f:Ks|Ah:-100|100:deepstack|random_bluffer
STATE:673:cc/r1200f:Qh|Qs/Ah:100|-100:random_bluffer|deepstack
STATE:674:r1200c/:Ks|As/Qs:-1200|1200:deepstack|random_bluffer
STATE:675:cr1200f:Qh|Ah:-100|100:random_bluffer|deepstack
STATE:676:cc/r300r1200c:Kh|As/Ks:1200|-1200:deepstack|random_bluffer
STATE:677:r1200c/:As|Ah/Kh:0|0:random_bluffer|deepstack
STATE:678:r1200f:Ah|Kh:100|-100:deepstack|random_bluffer
STATE:679:r1200f:Ah|Kh:100|-100:random_bluffer|deepstack
STATE:680:r1200f:As|Ks:100|-100:deepstack|random_bluffer
STATE:681:r1200c/:Ah|As/Ks:0|0:random_bluffer|deepstack
STATE:682:r1200f:As|Qs:100|-100:deepstack|random_bluffer
STATE:683:cc/cr1200f:Qh|Qs/Kh:-100|100:random_bluffer|deepstack
STATE:684:cr1200c/:As|Ah/Qs:0|0:deepstack|random_bluffer
STATE:685:r1200c/:Kh|As/Ks:1200|-1200:random_bluffer|deepstack
STATE:686:r1200f:As|Qs:100|-100:deepstack|random_bluffer
STATE:687:cr1200c/:Ah|Ks/Kh:-1200|1200:random_bluffer|deepstack
STATE:688:r1200c/:Qs|Ah/Kh:-1200|1200:deepstack|random_bluffer
STATE:689:cc/cr1200f:Ks|Kh/Ah:-100|100:random_bluffer|deepstack
STATE:690:r1200f:Ks|Qh:100|-100:deepstack|random_bluffer
STATE:691:r300r1200c/:Ah|As/Qh:0|0:random_bluffer|deepstack
STATE:692:r1200f:Qh|Ks:100|-100:deepstack|random_bluffer
STATE:693:cr300r1200c/:Kh|Ah/Ks:1200|-1200:random_bluffer|deepstack
STATE:694:cc/r1200c:Ah|Qh/Qs:-1200|1200:deepstack|random_bluffer
STATE:695:cr1200f:Ks|As:-100|100:random_bluffer|deepstack
STATE:696:cr1200f:Qh|Qs:-100|100:deepstack|random_bluffer
STATE:697:cr1200f:Qh|Ks:-100|100:random_bluffer|deepstack
STATE:698:r1200f:As|Qs:100|-100:deepstack|random_bluffer
STATE:699:r1200f:Qs|Ks:100|-100:random_bluffer|deepstack
STATE:700:cc/cr1200f:Kh|Ks/Ah:-100|100:deepstack|random_bluffer
STATE:701:cr300f:Qh|As:-100|100:random_bluffer|deepstack
STATE:702:r1200f:As|Kh:100|-100:deepstack|random_bluffer
STATE:703:r1200c/:Kh|As/Ah:-1200|1200:random_bluffer|deepstack
STATE:704:cc/r1200f:Kh|Qh/Ks:100|-100:deepstack|random_bluffer
STATE:705:r1200c/:Ah|As/Qs:0|0:random_bluffer|deepstack
STATE:706:cr1200f:Kh|As:-100|100:deepstack|random_bluffer
STATE:707:r1200c/:Ah|As/Qh:0|0:random_bluffer|deepstack
STATE:708:r1200c/:Kh|Ah/Ks:1200|-1200:deepstack|random_bluffer
STATE:709:cr300f:Qh|As:-100|100:random_bluffer|deepstack
STATE:710:cc/cr1200f:Qs|Qh/Ah:-100|100:deepstack|random_bluffer
STATE:711:cr300f:Qh|Kh:-100|100:random_bluffer|deepstack
STATE:712:r1200f:As|Qh:100|-100:deepstack|random_bluffer
STATE:713:cc/cr300f:Ah|Qh/Qs:-100|100:random_bluffer|deepstack
STATE:714:cr300r1200c/:Qh|As/Kh:-1200|1200:deepstack|random_bluffer
STATE:715:cr300c/r1200f:Kh|As/Qh:300|-300:random_bluffer|deepstack
STATE:716:r1200f:Qs|Qh:100|-100:deepstack|random_bluffer
STATE:717:cr1200f:Qs|Qh:-100|100:random_bluffer|deepstack
STATE:718:r1200f:As|Kh:100|-100:deepstack|random_bluffer
STATE:719:cc/r1200c:Ah|Kh/Ks:-1200|1200:random_bluffer|deepstack
STATE:720:cc/cc:Qs|Ks/As:-100|100:deepstack|random_bluffer
STATE:721:r1200f:Qs|Ks:100|-100:random_bluffer|deepstack
STATE:722:cc/cr1200f:Ah|Kh/Ks:-100|100:deepstack|random_bluffer
STATE:723:cr300f:Qh|As:-100|100:random_bluffer|deepstack
STATE:724:cr300f:Ks|Ah:-100|100:deepstack|random_bluffer
STATE:725:cc/r1200f:Qh|Kh/Ah:100|-100:random_bluffer|deepstack
STATE:726:cr1200f:Ks|Ah:-100|100:deepstack|random_bluffer
STATE:727:r1200f:Qs|Ks:100|-100:random_bluffer|deepstack
STATE:728:cc/cr1200f:Ks|Kh/Qs:-100|100:deepstack|random_bluffer
STATE:729:cr300r1200f:Ks|Kh:300|-300:random_bluffer|deepstack
STATE:730:r1200c/:Qh|As/Ah:-1200|1200:deepstack|random_bluffer
STATE:731:r1200c/:Ks|As/Qh:-1200|1200:random_bluffer|deepstack
STATE:732:cr1200f:Qh|Kh:-100|100:deepstack|random_bluffer
STATE:733:r1200c/:Kh|As/Qs:-1200|1200:random_bluffer|deepstack
STATE:734:r1200f:Qh|Ks:100|-100:deepstack|random_bluffer
STATE:735:cr300f:Qs|Ah:-100|100:random_bluffer|deepstack
STATE:736:cr300f:Kh|Ah:-100|100:deepstack|random_bluffer
STATE:737:r1200f:Ks|Qs:100|-100:random_bluffer|deepstack
STATE:738:r1200f:As|Ks:100|-100:deepstack|random_bluffer
STATE:739:cr1200f:Qh|Ah:-100|100:random_bluffer|deepstack
STATE:740:r1200f:As|Qs:100|-100:deepstack|random_bluffer
STATE:741:r1200f:Qs|Ks:100|-100:random_bluffer|deepstack
STATE:742:r1200f:Ah|Kh:100|-100:deepstack|random_bluffer
STATE:743:r1200f:As|Qs:100|-100:random_bluffer|deepstack
STATE:744:r1200f:Ah|Qh:100|-100:deepstack|random_bluffer
STATE:745:cr300r1200c/:Kh|As/Ah:-1200|1200:random_bluffer|deepstack
STATE:746:r1200c/:Qs|Ah/Qh:1200|-1200:deepstack|random_bluffer
STATE:747:r1200f:Ah|Kh:100|-100:random_bluffer|deepstack
STATE:748:cc/cr1200f:Qs|Kh/Ks:-100|100:deepstack|random_bluffer
STATE:749:cr300r1200f:Ah|Qs:300|-300:random_bluffer|deepstack
STATE:750:r1200f:As|Qs:100|-100:deepstack|random_bluffer
STATE:751:r1200c/:Ks|Ah/Qh:-1200|1200:random_bluffer|deepstack
STATE:752:cr1200f:Qh|Ks:-100|100:deepstack|random_bluffer
STATE:753:cr1200f:Qh|Qs:-100|100:random_bluffer|deepstack
STATE:754:r1200c/:As|Ah/Qh:0|0:deepstack|random_bluffer
STATE:755:r1200f:Ah|Qs:100|-100:random_bluffer|deepstack
STATE:756:r1200f:As|Qs:100|-100:deepstack|random_bluffer
STATE:757:r1200f:Ah|Ks:100|-100:random_bluffer|deepstack
STATE:758:r1200f:Ah|Kh:100|-100:deepstack|random_bluffer
STATE:759:r1200f:Qs|Kh:100|-100:random_bluffer|deepstack
STATE:760:cr1200f:Kh|Ah:-100|100:deepstack|random_bluffer
STATE:761:cr1200c/:Ah|As/Qh:0|0:random_bluffer|deepstack
STATE:762:cr1200f:Qh|Ks:-100|100:deepstack|random_bluffer
STATE:763:cr300f:Qs|Ah:-100|100:random_bluffer|deepstack
STATE:764:r1200f:Kh|Qs:100|-100:deepstack|random_bluffer
STATE:765:cr1200f:Kh|Ks:-100|100:random_bluffer|deepstack
STATE:766:cr300r1200f:Qh|Ks:300|-300:deepstack|random_bluffer
STATE:767:cc/r1200f:Kh|As/Ks:100|-100:random_bluffer|deepstack
STATE:768:cc/r1200f:Kh|Qh/As:100|-100:deepstack|random_bluffer
STATE:769:cc/r1200f:Ks|Kh/Qh:100|-100:random_bluffer|deepstack
STATE:770:r1200c/:Ks|Ah/Kh:1200|-1200:deepstack|random_bluffer
STATE:771:cr300f:Qs|Ks:-100|100:random_bluffer|deepstack
STATE:772:cc/r1200f:Qs|Kh/As:100|-100:deepstack|random_bluffer
STATE:773:r1200c/:Kh|As/Qs:-1200|1200:random_bluffer|deepstack
STATE:774:cr300f:Qh|Qs:-100|100:deepstack|random_bluffer
STATE:775:r1200f:As|Kh:100|-100:random_bluffer|deepstack
STATE:776:cc/cr300f:Qh|Qs/Ks:-100|100:deepstack|random_bluffer
STATE:777:cc/cr1200c:Ks|Ah/Kh:1200|-1200:random_bluffer|deepstack
STATE:778:cc/cr1200f:Kh|Qs/Qh:-100|100:deepstack|random_bluffer
STATE:779:r1200f:As|Qs:100|-100:random_bluffer|deepstack
STATE:780:cr300c/cr900f:Kh|Ah/As:-300|300:deepstack|random_bluffer
STATE:781:r1200c/:Qs|As/Ah:-1200|1200:random_bluffer|deepstack
STATE:782:r1200f:Kh|Qh:100|-100:deepstack|random_bluffer
STATE:783:r1200f:As|Qh:100|-100:random_bluffer|deepstack
STATE:784:r1200c/:Kh|Ah/Qs:-1200|1200:deepstack|random_bluffer
STATE:785:cc/cr300f:Ah|Ks/Kh:-100|100:random_bluffer|deepstack
STATE:786:r1200f:As|Qh:100|-100:deepstack|random_bluffer
STATE:787:cc/cc:As|Ah/Kh:0|0:random_bluffer|deepstack
STATE:788:r1200c/:As|Ah/Qh:0|0:deepstack|random_bluffer
STATE:789:r1200f:As|Qs:100|-100:random_bluffer|deepstack
STATE:790:r300c/cr1200f:As|Ks/Qs:-300|300:deepstack|random_bluffer
STATE:791:cr1200c/:As|Ks/Kh:-1200|1200:random_bluffer|deepstack
STATE:792:cc/r1200f:Kh|Qs/Ah:100|-100:deepstack|random_bluffer
STATE:793:cr300c/r1200f:Ks|As/Kh:300|-300:random_bluffer|deepstack
STATE:794:cr1200c/:Ah|As/Ks:0|0:deepstack|random_bluffer
STATE:795:cc/r300f:Ks|Qh/Kh:100|-100:random_bluffer|deepstack
STATE:796:cc/cr300f:Qh|Qs/Ks:-100|100:deepstack|random_bluffer
STATE:797:r1200f:Ah|Qh:100|-100:random_bluffer|deepstack
STATE:798:r1200c/:Kh|As/Ks:1200|-1200:deepstack|random_bluffer
STATE:799:r1200f:As|Kh:100|-100:random_bluffer|deepstack
STATE:800:r1200c/:Qh|Ah/Kh:-1200|1200:deepstack|random_bluffer
STATE:801:r1200f:Ah|Ks:100|-100:random_bluffer|deepstack
STATE:802:cr1200f:Kh|Ah:-100|100:deepstack|random_bluffer
STATE:803:cr300r1200f:Qh|Qs:300|-300:random_bluffer|deepstack
STATE:804:r1200f:Ah|Qh:100|-100:deepstack|random_bluffer
STATE:805:cr300r1200f:Ah|Kh:300|-300:random_bluffer|deepstack
STATE:806:cr1200c/:As|Qs/Ah:1200|-1200:deepstack|random_bluffer
STATE:807:cr1200f:Kh|As:-100|100:random_bluffer|deepstack
STATE:808:cc/r1200f:Qh|Ks/Ah:100|-100:deepstack|random_bluffer
STATE:809:cr300f:Ks|Ah:-100|100:random_bluffer|deepstack
STATE:810:cc/r1200c:Qs|Ks/Kh:-1200|1200:deepstack|random_bluffer
STATE:811:cc/cr1200f:Qh|Qs/Kh:-100|100:random_bluffer|deepstack
STATE:812:r1200f:Ah|Ks:100|-100:deepstack|random_bluffer
STATE:813:r1200f:Ah|Qs:100|-100:random_bluffer|deepstack
STATE:814:r1200c/:Qh|Ah/Qs:1200|-1200:deepstack|random_bluffer
STATE:815:r1200f:Qh|Qs:100|-100:random_bluffer|deepstack
STATE:816:r1200f:As|Qs:100|-100:deepstack|random_bluffer
STATE:817:cr300c/r1200c:Ks|As/Ah:-1200|1200:random_bluffer|deepstack
STATE:818:r1200f:As|Qs:100|-100:deepstack|random_bluffer
STATE:819:cc/cc:Kh|Ks/Ah:0|0:random_bluffer|deepstack
STATE:820:cr1200f:Kh|As:-100|100:deepstack|random_bluffer
STATE:821:cc/cr300f:Kh|Ks/Qh:-100|100:random_bluffer|deepstack
STATE:822:cc/r1200f:Ks|Qs/Kh:100|-100:deepstack|random_bluffer
STATE:823:cc/r300f:Qs|Ah/Ks:100|-100:random_bluffer|deepstack
STATE:824:r1200c/:Qs|As/Kh:-1200|1200:deepstack|random_bluffer
STATE:825:r1200c/:Qs|Ah/Kh:-1200|1200:random_bluffer|deepstack
STATE:826:r1200f:As|Qh:100|-100:deepstack|random_bluffer
STATE:827:cc/cr1200c:Ah|Qh/As:1200|-1200:random_bluffer|deepstack
STATE:828:cc/cr300f:Qs|Ks/Kh:-100|100:deepstack|random_bluffer
STATE:829:r1200f:As|Qs:100|-100:random_bluffer|deepstack
STATE:830:cr300c/cr1200f:Kh|As/Qs:-300|300:deepstack|random_bluffer
STATE:831:r1200f:As|Ks:100|-100:random_bluffer|deepstack
STATE:832:cr300r1200f:Ah|Qh:300|-300:deepstack|random_bluffer
STATE:833:r1200f:Ah|Qh:100|-100:random_bluffer|deepstack
STATE:834:r1200c/:Kh|As/Qs:-1200|1200:deepstack|random_bluffer
STATE:835:cr1200f:Kh|Ks:-100|100:random_bluffer|deepstack
STATE:836:cc/r300c:Ah|Ks/As:300|-300:deepstack|random_bluffer
STATE:837:r1200c/:As|Ah/Qs:0|0:random_bluffer|deepstack
STATE:838:cc/cc:Qh|Kh/Qs:100|-100:deepstack|random_bluffer
STATE:839:r1200f:Ks|Kh:100|-100:random_bluffer|deepstack
STATE:840:cr300f:Qh|Ah:-100|100:deepstack|random_bluffer
STATE:841:r1200f:Qs|Kh:100|-100:random_bluffer|deepstack
STATE:842:r1200f:As|Kh:100|-100:deepstack|random_bluffer
STATE:843:r1200c/:Qh|Ah/Kh:-1200|1200:random_bluffer|deepstack
STATE:844:r1200c/:Qs|As/Kh:-1200|1200:deepstack|random_bluffer
STATE:845:cc/cc:Qs|Qh/Kh:0|0:random_bluffer|deepstack
STATE:846:r1200f:As|Ks:100|-100:deepstack|random_bluffer
STATE:847:r1200f:As|Qs:100|-100:random_bluffer|deepstack
STATE:848:cr1200f:Qs|Ks:-100|100:deepstack|random_bluffer
STATE:849:cc/r1200f:Kh|Ks/Qs:100|-100:random_bluffer|deepstack
STATE:850:r1200f:Kh|Qs:100|-100:deepstack|random_bluffer
STATE:851:cc/r1200f:Qs|Qh/Kh:100|-100:random_bluffer|deepstack
STATE:852:cr300r1200f:As|Qh:300|-300:deepstack|random_bluffer
STATE:853:cc/r1200f:Qs|Qh/Ks:100|-100:random_bluffer|deepstack
STATE:854:cc/cr300r1200f:Ah|Kh/Qs:300|-300:deepstack|random_bluffer
STATE:855:r1200f:As|Ks:100|-100:random_bluffer|deepstack
STATE:856:cr1200f:Qs|As:-100|100:deepstack|random_bluffer
STATE:857:cc/cc:Qs|Qh/As:0|0:random_bluffer|deepstack
STATE:858:r1200f:As|Qh:100|-100:deepstack|random_bluffer
STATE:859:cr300c/r1200f:Ah|As/Ks:300|-300:random_bluffer|deepstack
STATE:860:cr300r1200f:Qs|Kh:300|-300:deepstack|random_bluffer
STATE:861:r1200c/:Qh|Ah/As:-1200|1200:random_bluffer|deepstack
STATE:862:cr1200f:Kh|As:-100|100:deepstack|random_bluffer
STATE:863:cr300f:Qh|As:-100|100:random_bluffer|deepstack
STATE:864:r1200f:Qh|Qs:100|-100:deepstack|random_bluffer
STATE:865:r1200f:Ks|Kh:100|-100:random_bluffer|deepstack
STATE:866:cr1200f:Kh|As:-100|100:deepstack|random_bluffer
STATE:867:cr300r1200c/:As|Ah/Kh:0|0:random_bluffer|deepstack
STATE:868:r1200f:Qs|Ks:100|-100:deepstack|random_bluffer
STATE:869:r1200f:Kh|Qs:100|-100:random_bluffer|deepstack
STATE:870:cr300r1200c/:Qh|As/Kh:-1200|1200:deepstack|random_bluffer
STATE:871:r1200f:Qs|Ks:100|-100:random_bluffer|deepstack
STATE:872:cr300f:Qh|Ah:-100|100:deepstack|random_bluffer
STATE:873:r1200c/:Ks|As/Qh:-1200|1200:random_bluffer|deepstack
STATE:874:r1200c/:Ks|Ah/Qs:-1200|1200:deepstack|random_bluffer
STATE:875:r1200f:Ks|Qs:100|-100:random_bluffer|deepstack
STATE:876:r300c/r1200f:Ks|Kh/Ah:300|-300:deepstack|random_bluffer
STATE:877:cr1200f:Qs|Qh:-100|100:random_bluffer|deepstack
STATE:878:r1200f:Kh|Ks:100|-100:deepstack|random_bluffer
STATE:879:cc/cr300f:Qh|Ks/Kh:-100|100:random_bluffer|deepstack
STATE:880:r1200c/:Qh|Ah/As:-1200|1200:deepstack|random_bluffer
STATE:881:cr300r1200c/:Ks|As/Qs:-1200|1200:random_bluffer|deepstack
STATE:882:cr300r1200c/:Kh|Ah/As:-1200|1200:deepstack|random_bluffer
STATE:883:cc/cr1200f:Qh|Kh/Ks:-100|100:random_bluffer|deepstack
STATE:884:cr1200f:Qh|Kh:-100|100:deepstack|random_bluffer
STATE:885:cr300f:Qs|Ah:-100|100:random_bluffer|deepstack
STATE:886:cr300c/cr1200f:Qs|As/Ah:-300|300:deepstack|random_bluffer
STATE:887:cc/cr1200f:Qh|Qs/Ks:-100|100:random_bluffer|deepstack
STATE:888:cc/cr1200f:Qs|Qh/Ah:-100|100:deepstack|random_bluffer
STATE:889:r1200c/:Qh|Ah/Qs:1200|-1200:random_bluffer|deepstack
STATE:890:r1200f:Ah|Kh:100|-100:deepstack|random_bluffer
STATE:891:r1200f:As|Ks:100|-100:random_bluffer|deepstack
STATE:892:cc/cr1200f:Ah|Kh/Qh:-100|100:deepstack|random_bluffer
STATE:893:cr1200c/:Ah|Qs/Qh:-1200|1200:random_bluffer|deepstack
STATE:894:r1200c/:Ah|As/Qh:0|0:deepstack|random_bluffer
STATE:895:cc/r1200c:Ah|Kh/Ks:-1200|1200:random_bluffer|deepstack
STATE:896:cr300r1200c/:Ks|Ah/Qh:-1200|1200:deepstack|random_bluffer
STATE:897:cr1200f:Qh|Ah:-100|100:random_bluffer|deepstack
STATE:898:cr1200f:Ks|Qh:-100|100:deepstack|random_bluffer
STATE:899:r1200f:Kh|Qh:100|-100:random_bluffer|deepstack
STATE:900:r1200f:Qs|Ks:100|-100:deepstack|random_bluffer
STATE:901:cc/r300f:Ks|Qs/As:100|-100:random_bluffer|deepstack
STATE:902:cc/r1200f:Qs|Ks/Ah:100|-100:deepstack|random_bluffer
STATE:903:r1200f:Ah|Qh:100|-100:random_bluffer|deepstack
STATE:904:cc/r300f:Ks|Qs/As:100|-100:deepstack|random_bluffer
STATE:905:r1200f:Ah|Qh:100|-100:random_bluffer|deepstack
STATE:906:cr300r1200c/:Qh|Ah/As:-1200|1200:deepstack|random_bluffer
STATE:907:cr1200f:Qh|As:-100|100:random_bluffer|deepstack
STATE:908:cr300c/cr900f:Kh|Ah/As:-300|300:deepstack|random_bluffer
STATE:909:r1200f:Qs|Qh:100|-100:random_bluffer|deepstack
STATE:910:cr1200f:Qh|Ah:-100|100:deepstack|random_bluffer
STATE:911:cc/r1200f:Qh|Kh/Qs:100|-100:random_bluffer|deepstack
STATE:912:cr300f:Kh|Ah:-100|100:deepstack|random_bluffer
STATE:913:r1200f:Ks|Qh:100|-100:random_bluffer|deepstack
STATE:914:cr300f:Qs|Ah:-100|100:deepstack|random_bluffer
STATE:915:cr300c/cr1200f:Qs|As/Ah:-300|300:random_bluffer|deepstack
STATE:916:r1200f:Ks|Qs:100|-100:deepstack|random_bluffer
STATE:917:r1200c/:Ks|Ah/As:-1200|1200:random_bluffer|deepstack
STATE:918:r1200c/:Ah|As/Ks:0|0:deepstack|random_bluffer
STATE:919:cc/r1200f:As|Ks/Ah:100|-100:random_bluffer|deepstack
STATE:920:cr300f:Qh|Ah:-100|100:deepstack|random_bluffer
STATE:921:cr300f:Qs|As:-100|100:random_bluffer|deepstack
STATE:922:cc/cr1200f:Ks|As/Ah:-100|100:deepstack|random_bluffer
STATE:923:cr1200c/:Ah|Qh/Qs:-1200|1200:random_bluffer|deepstack
STATE:924:cr1200c/:As|Kh/Ks:-1200|1200:deepstack|random_bluffer
STATE:925:cc/r1200f:Ah|Qs/Kh:100|-100:random_bluffer|deepstack
STATE:926:cr1200f:Ks|Ah:-100|100:deepstack|random_bluffer
STATE:927:r1200f:Ks|Kh:100|-100:random_bluffer|deepstack
STATE:928:r1200f:Qs|Kh:100|-100:deepstack|random_bluffer
STATE:929:r1200f:Qh|Ks:100|-100:random_bluffer|deepstack
STATE:930:cr300r1200c/:Ks|As/Qh:-1200|1200:deepstack|random_bluffer
STATE:931:cc/cr1200c:Ks|Qh/Ah:1200|-1200:random_bluffer|deepstack
STATE:932:r1200c/:Qh|As/Ah:-1200|1200:deepstack|random_bluffer
STATE:933:r1200c/:Ks|Ah/Qs:-1200|1200:random_bluffer|deepstack
STATE:934:r1200c/:Ks|Ah/As:-1200|1200:deepstack|random_bluffer
STATE:935:r1200f:As|Qh:100|-100:random_bluffer|deepstack
STATE:936:cr1200f:Qs|As:-100|100:deepstack|random_bluffer
STATE:937:cc/cc:Qh|Qs/Ah:0|0:random_bluffer|deepstack
STATE:938:r1200c/:Ks|As/Qs:-1200|1200:deepstack|random_bluffer
STATE:939:cr300c/r1200c:Ks|Ah/Kh:1200|-1200:random_bluffer|deepstack
STATE:940:cr1200f:Kh|Qh:-100|100:deepstack|random_bluffer
STATE:941:cr1200c/:Ah|Qs/Kh:1200|-1200:random_bluffer|deepstack
STATE:942:cr300c/cr1200c:Qh|As/Qs:1200|-1200:deepstack|random_bluffer
STATE:943:cc/r1200f:Qh|Qs/Ah:100|-100:random_bluffer|deepstack
STATE:944:r1200f:As|Qs:100|-100:deepstack|random_bluffer
STATE:945:cc/r300c:Ks|As/Kh:300|-300:random_bluffer|deepstack
STATE:946:cc/r1200f:Ks|Qs/Ah:100|-100:deepstack|random_bluffer
STATE:947:cr300r1200f:Qs|Qh:300|-300:random_bluffer|deepstack
STATE:948:r300c/cc:Kh|Ks/Ah:0|0:deepstack|random_bluffer
STATE:949:cc/cc:Ah|Kh/Qh:100|-100:random_bluffer|deepstack
STATE:950:r1200f:As|Qh:100|-100:deepstack|random_bluffer
STATE:951:cr300r1200c/:Kh|Ah/As:-1200|1200:random_bluffer|deepstack
STATE:952:cc/r1200f:Qs|Ks/Ah:100|-100:deepstack|random_bluffer
STATE:953:cc/cr300f:Kh|Qs/Qh:-100|100:random_bluffer|deepstack
STATE:954:r1200c/:Qs|As/Ah:-1200|1200:deepstack|random_bluffer
STATE:955:r1200f:Ah|Kh:100|-100:random_bluffer|deepstack
STATE:956:r1200c/:Qs|As/Ks:-1200|1200:deepstack|random_bluffer
STATE:957:r1200f:Ah|Kh:100|-100:random_bluffer|deepstack
STATE:958:r1200f:As|Qh:100|-100:deepstack|random_bluffer
STATE:959:cc/r1200f:Qh|Ks/Ah:100|-100:random_bluffer|deepstack
STATE:960:cr1200f:Ks|Qh:-100|100:deepstack|random_bluffer
STATE:961:r1200f:As|Qh:100|-100:random_bluffer|deepstack
STATE:962:cr300r1200c/:Kh|As/Qh:-1200|1200:deepstack|random_bluffer
STATE:963:cr1200c/:As|Qh/Kh:1200|-1200:random_bluffer|deepstack
STATE:964:cr300r1200c/:Qh|As/Qs:1200|-1200:deepstack|random_bluffer
STATE:965:cr1200f:Qs|Ks:-100|100:random_bluffer|deepstack
STATE:966:cc/cr1200f:Qh|Kh/Ah:-100|100:deepstack|random_bluffer
STATE:967:r1200f:As|Ks:100|-100:random_bluffer|deepstack
STATE:968:r1200f:Ks|Kh:100|-100:deepstack|random_bluffer
STATE:969:cr300f:Ks|As:-100|100:random_bluffer|deepstack
STATE:970:cr300f:Qh|As:-100|100:deepstack|random_bluffer
STATE:971:r1200f:Qs|Kh:100|-100:random_bluffer|deepstack
STATE:972:cr1200f:Qs|Ks:-100|100:deepstack|random_bluffer
STATE:973:r1200f:As|Qs:100|-100:random_bluffer|deepstack
STATE:974:cc/cc:As|Kh/Qs:100|-100:deepstack|random_bluffer
STATE:975:cc/cr300c:Ah|Qs/Qh:-300|300:random_bluffer|deepstack
STATE:976:r1200f:Qs|Kh:100|-100:deepstack|random_bluffer
STATE:977:r1200f:As|Kh:100|-100:random_bluffer|deepstack
STATE:978:cc/cr1200f:Kh|Ks/Qh:-100|100:deepstack|random_bluffer
STATE:979:cc/r1200c:Ks|Qs/As:1200|-1200:random_bluffer|deepstack
STATE:980:r300c/r1200f:Qh|Ks/Qs:300|-300:deepstack|random_bluffer
STATE:981:cr1200f:Qs|As:-100|100:random_bluffer|deepstack
STATE:982:cr300r1200f:Kh|Qs:300|-300:deepstack|random_bluffer
STATE:983:r1200f:Ks|Qh:100|-100:random_bluffer|deepstack
STATE:984:r1200f:Ks|Kh:100|-100:deepstack|random_bluffer
STATE:985:r1200c/:As|Ah/Qh:0|0:random_bluffer|deepstack
STATE:986:cr300f:Ks|Ah:-100|100:deepstack|random_bluffer
STATE:987:r1200f:Qh|Qs:100|-100:random_bluffer|deepstack
STATE:988:cc/cr1200f:Ks|Ah/Qs:-100|100:deepstack|random_bluffer
STATE:989:r1200f:As|Qh:100|-100:random_bluffer|deepstack
STATE:990:r1200c/:Qh|As/Qs:1200|-1200:deepstack|random_bluffer
STATE:991:cc/r300r1200f:Qs|Qh/Kh:-300|300:random_bluffer|deepstack
STATE:992:cr1200f:Qs|Qh:-100|100:deepstack|random_bluffer
STATE:993:cr300r1200c/:Qs|Ah/Kh:-1200|1200:random_bluffer|deepstack
STATE:994:cr1200f:Qs|Ah:-100|100:deepstack|random_bluffer
STATE:995:r1200f:Ks|Kh:100|-100:random_bluffer|deepstack
STATE:996:r1200f:Qs|Qh:100|-100:deepstack|random_bluffer
STATE:997:cc/cr1200c:Ks|Qh/Kh:1200|-1200:random_bluffer|deepstack
STATE:998:r1200c/:Qs|Ah/Kh:-1200|1200:deepstack|random_bluffer
STATE:999:r1200f:Ks|Qh:100|-100:random_bluffer|deepstack
SCORE:-6000|6000:deepstack|random_bluffer
