# name/game/hands/seed rocks_v_biasDS_1k ./DeepStack-Leduc/ACPCServer/leduc.game 1000 3
#--t_response 600000
#--t_hand 600000
#--t_per_hand 7000
STATE:0:cc/cc:Ks|Qs/Kh:100|-100:deepstack|rocks
STATE:1:cc/cc:Qs|Qh/Ks:0|0:rocks|deepstack
STATE:2:r1200c/:Qh|As/Kh:-1200|1200:deepstack|rocks
STATE:3:cc/cc:Kh|Ks/Qs:0|0:rocks|deepstack
STATE:4:r300f:As|Ks:100|-100:deepstack|rocks
STATE:5:cc/cc:Kh|Qh/Ah:100|-100:rocks|deepstack
STATE:6:r1200f:Ah|Ks:100|-100:deepstack|rocks
STATE:7:r1200f:As|Kh:100|-100:rocks|deepstack
STATE:8:cc/cc:Qh|Qs/Kh:0|0:deepstack|rocks
STATE:9:cr1200f:Qh|Ks:-100|100:rocks|deepstack
STATE:10:cc/r1200f:Qh|Kh/As:100|-100:deepstack|rocks
STATE:11:cc/cc:Kh|Ks/Ah:0|0:rocks|deepstack
STATE:12:r1200f:As|Qh:100|-100:deepstack|rocks
STATE:13:cr300f:Qs|As:-100|100:rocks|deepstack
STATE:14:r1200f:Ah|Qh:100|-100:deepstack|rocks
STATE:15:cc/cr1200f:Qs|Kh/As:-100|100:rocks|deepstack
STATE:16:cc/r1200f:Qs|Kh/As:100|-100:deepstack|rocks
STATE:17:cr300f:Ks|As:-100|100:rocks|deepstack
STATE:18:r1200f:Ah|Qh:100|-100:deepstack|rocks
STATE:19:cr300f:Kh|As:-100|100:rocks|deepstack
STATE:20:cc/r1200f:Ks|Qs/Ah:100|-100:deepstack|rocks
STATE:21:cr300f:Qh|Ks:-100|100:rocks|deepstack
STATE:22:r1200f:Ah|Qs:100|-100:deepstack|rocks
STATE:23:cc/cr300f:Kh|Qs/Qh:-100|100:rocks|deepstack
STATE:24:r1200c/:As|Ah/Kh:0|0:deepstack|rocks
STATE:25:r1200f:Ah|Qs:100|-100:rocks|deepstack
STATE:26:r1200f:Kh|Qh:100|-100:deepstack|rocks
STATE:27:cr300f:Qs|As:-100|100:rocks|deepstack
STATE:28:cc/r1200f:Ah|Qh/Qs:100|-100:deepstack|rocks
STATE:29:r1200c/:As|Ah/Qs:0|0:rocks|deepstack
STATE:30:cr1200f:Qh|As:-100|100:deepstack|rocks
STATE:31:cc/cr300f:Ks|Qh/Qs:-100|100:rocks|deepstack
STATE:32:r1200c/:As|Ah/Qs:0|0:deepstack|rocks
STATE:33:cr1200f:Kh|Qs:-100|100:rocks|deepstack
STATE:34:r1200f:Ks|Qs:100|-100:deepstack|rocks
STATE:35:cr1200f:Ks|Kh:-100|100:rocks|deepstack
STATE:36:cc/cc:Ah|Qh/Ks:100|-100:deepstack|rocks
STATE:37:r1200f:Ah|Kh:100|-100:rocks|deepstack
STATE:38:cc/r1200f:Ah|Kh/Qs:100|-100:deepstack|rocks
STATE:39:cr1200f:Ks|Qh:-100|100:rocks|deepstack
STATE:40:cc/cc:Qh|Ks/Kh:-100|100:deepstack|rocks
STATE:41:cr300f:Qs|Ah:-100|100:rocks|deepstack
STATE:42:cc/cc:Qh|Qs/Kh:0|0:deepstack|rocks
STATE:43:cr1200f:Qh|As:-100|100:rocks|deepstack
STATE:44:r1200f:As|Qh:100|-100:deepstack|rocks
STATE:45:cr300f:Ks|Ah:-100|100:rocks|deepstack
STATE:46:cc/cc:Qs|Qh/Ah:0|0:deepstack|rocks
STATE:47:r1200f:Ah|Qs:100|-100:rocks|deepstack
STATE:48:r1200f:Ah|Ks:100|-100:deepstack|rocks
STATE:49:cr1200f:Kh|As:-100|100:rocks|deepstack
STATE:50:r1200f:Qh|Ks:100|-100:deepstack|rocks
STATE:51:cc/cc:Qh|Kh/Qs:100|-100:rocks|deepstack
STATE:52:r1200f:As|Qs:100|-100:deepstack|rocks
STATE:53:cc/cr1200f:Kh|Ks/Qs:-100|100:rocks|deepstack
STATE:54:cr1200f:Qh|As:-100|100:deepstack|rocks
STATE:55:cr300f:Qh|As:-100|100:rocks|deepstack
STATE:56:r1200f:Ah|Ks:100|-100:deepstack|rocks
STATE:57:r1200f:As|Kh:100|-100:rocks|deepstack
STATE:58:r1200c/:Qs|As/Qh:1200|-1200:deepstack|rocks
STATE:59:r1200f:Ah|Qs:100|-100:rocks|deepstack
STATE:60:r1200c/:Qs|As/Ks:-1200|1200:deepstack|rocks
STATE:61:cr1200f:Qh|Ah:-100|100:rocks|deepstack
STATE:62:cr1200f:Ks|As:-100|100:deepstack|rocks
STATE:63:cr1200f:Qs|Qh:-100|100:rocks|deepstack
STATE:64:cr1200f:Ks|As:-100|100:deepstack|rocks
STATE:65:r1200f:As|Ks:100|-100:rocks|deepstack
STATE:66:r1200f:Kh|Qs:100|-100:deepstack|rocks
STATE:67:cc/cr1200f:Kh|Qh/Ks:-100|100:rocks|deepstack
STATE:68:cr1200f:Qs|Ah:-100|100:deepstack|rocks
STATE:69:cr1200f:Kh|Qs:-100|100:rocks|deepstack
STATE:70:cr1200f:Kh|As:-100|100:deepstack|rocks
STATE:71:cc/cr300f:Ks|Qs/Qh:-100|100:rocks|deepstack
STATE:72:r1200f:Ks|Qs:100|-100:deepstack|rocks
STATE:73:cc/cc:Qh|As/Ks:-100|100:rocks|deepstack
STATE:74:cc/r1200f:Ks|Qs/Ah:100|-100:deepstack|rocks
STATE:75:r1200c/:As|Ah/Qs:0|0:rocks|deepstack
STATE:76:cr1200f:Qh|Ah:-100|100:deepstack|rocks
STATE:77:r1200f:As|Qh:100|-100:rocks|deepstack
STATE:78:cc/r1200f:Kh|Ks/Qs:100|-100:deepstack|rocks
STATE:79:cr1200f:Qh|Ah:-100|100:rocks|deepstack
STATE:80:cc/r300f:Qs|Kh/Ks:100|-100:deepstack|rocks
STATE:81:cr300f:Qs|As:-100|100:rocks|deepstack
STATE:82:r300f:Kh|Qs:100|-100:deepstack|rocks
STATE:83:cc/cc:Ks|Kh/As:0|0:rocks|deepstack
STATE:84:cc/cc:As|Qs/Qh:-100|100:deepstack|rocks
STATE:85:r1200f:Ah|Qs:100|-100:rocks|deepstack
STATE:86:cr1200f:Ks|As:-100|100:deepstack|rocks
STATE:87:r1200c/:Ah|As/Ks:0|0:rocks|deepstack
STATE:88:r1200f:As|Qh:100|-100:deepstack|rocks
STATE:89:r1200f:Ah|Qh:100|-100:rocks|deepstack
STATE:90:cc/cc:Qh|Qs/Ks:0|0:deepstack|rocks
STATE:91:r1200f:As|Kh:100|-100:rocks|deepstack
STATE:92:r1200f:Qh|Ks:100|-100:deepstack|rocks
STATE:93:cc/cr1200f:Qs|Kh/Qh:-100|100:rocks|deepstack
STATE:94:r1200f:As|Qh:100|-100:deepstack|rocks
STATE:95:cc/cr300f:Qs|Qh/Ks:-100|100:rocks|deepstack
STATE:96:cc/cc:Ks|Qh/Kh:100|-100:deepstack|rocks
STATE:97:r1200f:As|Ks:100|-100:rocks|deepstack
STATE:98:r1200c/:Kh|As/Ah:-1200|1200:deepstack|rocks
STATE:99:r1200f:Ah|Ks:100|-100:rocks|deepstack
STATE:100:cr1200f:Qs|Ah:-100|100:deepstack|rocks
STATE:101:cc/cc:Ks|Qs/Ah:100|-100:rocks|deepstack
STATE:102:cr1200f:Qs|Ah:-100|100:deepstack|rocks
STATE:103:cr300f:Qs|Ah:-100|100:rocks|deepstack
STATE:104:r1200f:Qh|Qs:100|-100:deepstack|rocks
STATE:105:cr1200f:Qs|Ah:-100|100:rocks|deepstack
STATE:106:r1200c/:Qh|Ah/Ks:-1200|1200:deepstack|rocks
STATE:107:cr300f:Qs|Ah:-100|100:rocks|deepstack
STATE:108:cc/cc:Ah|Qs/Kh:100|-100:deepstack|rocks
STATE:109:r1200c/:As|Ah/Kh:0|0:rocks|deepstack
STATE:110:r1200c/:Qh|Ah/Ks:-1200|1200:deepstack|rocks
STATE:111:cr1200f:Kh|Qs:-100|100:rocks|deepstack
STATE:112:cr1200f:Qh|Ah:-100|100:deepstack|rocks
STATE:113:cc/cr1200f:Qs|Qh/Ah:-100|100:rocks|deepstack
STATE:114:cr1200f:Ks|Ah:-100|100:deepstack|rocks
STATE:115:cr300f:Qs|Kh:-100|100:rocks|deepstack
STATE:116:cc/cc:Qh|Qs/Ah:0|0:deepstack|rocks
STATE:117:cc/cc:Kh|Qh/As:100|-100:rocks|deepstack
STATE:118:r1200f:Ah|Ks:100|-100:deepstack|rocks
STATE:119:cr300f:Kh|As:-100|100:rocks|deepstack
STATE:120:cr1200c/:Ah|As/Qh:0|0:deepstack|rocks
STATE:121:cr300f:Qh|Ah:-100|100:rocks|deepstack
STATE:122:cr1200f:Qh|Ah:-100|100:deepstack|rocks
STATE:123:r1200f:As|Ks:100|-100:rocks|deepstack
STATE:124:cc/cc:Kh|Qh/Ks:100|-100:deepstack|rocks
STATE:125:cr1200f:Qh|Kh:-100|100:rocks|deepstack
STATE:126:r1200c/:Ks|As/Kh:1200|-1200:deepstack|rocks
STATE:127:cr1200f:Ks|Qs:-100|100:rocks|deepstack
STATE:128:cc/cc:Qh|Kh/As:-100|100:deepstack|rocks
STATE:129:cc/cc:Qh|As/Kh:-100|100:rocks|deepstack
STATE:130:cr1200f:Kh|As:-100|100:deepstack|rocks
STATE:131:cr300f:Kh|Qh:-100|100:rocks|deepstack
STATE:132:r1200f:Qs|Ks:100|-100:deepstack|rocks
STATE:133:r1200f:Ah|Qh:100|-100:rocks|deepstack
STATE:134:cr1200f:Ks|As:-100|100:deepstack|rocks
STATE:135:r1200c/:As|Ah/Qs:0|0:rocks|deepstack
STATE:136:cc/cc:As|Qh/Kh:100|-100:deepstack|rocks
STATE:137:r1200f:As|Kh:100|-100:rocks|deepstack
STATE:138:r1200f:As|Qh:100|-100:deepstack|rocks
STATE:139:cr300f:Qs|Ks:-100|100:rocks|deepstack
STATE:140:r1200c/:Qs|As/Ks:-1200|1200:deepstack|rocks
STATE:141:cr300f:Ks|Kh:-100|100:rocks|deepstack
STATE:142:cc/cc:Ah|Kh/Qs:100|-100:deepstack|rocks
STATE:143:cr1200f:Qs|Kh:-100|100:rocks|deepstack
STATE:144:r1200c/:Qs|Ah/Qh:1200|-1200:deepstack|rocks
STATE:145:r1200f:Ah|Qh:100|-100:rocks|deepstack
STATE:146:cr1200f:Qh|Ah:-100|100:deepstack|rocks
STATE:147:cr1200f:Qs|Qh:-100|100:rocks|deepstack
STATE:148:cc/r1200f:Ah|Qh/Qs:100|-100:deepstack|rocks
STATE:149:r1200f:As|Ks:100|-100:rocks|deepstack
STATE:150:r1200f:As|Qs:100|-100:deepstack|rocks
STATE:151:r1200f:As|Ks:100|-100:rocks|deepstack
STATE:152:cc/r1200f:Ks|Qh/Kh:100|-100:deepstack|rocks
STATE:153:cc/cr1200f:Qs|Kh/Ah:-100|100:rocks|deepstack
STATE:154:cr1200f:Qs|As:-100|100:deepstack|rocks
STATE:155:cr300f:Ks|Qh:-100|100:rocks|deepstack
STATE:156:r1200f:Qs|Ks:100|-100:deepstack|rocks
STATE:157:r1200f:Ah|Qh:100|-100:rocks|deepstack
STATE:158:cc/r1200f:Qh|Ks/As:100|-100:deepstack|rocks
STATE:159:cr300f:Qs|Qh:-100|100:rocks|deepstack
STATE:160:r1200f:Kh|Qh:100|-100:deepstack|rocks
STATE:161:cr1200f:Qs|As:-100|100:rocks|deepstack
STATE:162:r1200c/:Kh|As/Qs:-1200|1200:deepstack|rocks
STATE:163:cc/cr1200f:Kh|Qh/As:-100|100:rocks|deepstack
STATE:164:r1200f:As|Ks:100|-100:deepstack|rocks
STATE:165:r1200f:As|Ks:100|-100:rocks|deepstack
STATE:166:cc/cc:Qh|Kh/Ah:-100|100:deepstack|rocks
STATE:167:r1200f:Ah|Qh:100|-100:rocks|deepstack
STATE:168:cc/cc:As|Kh/Qh:100|-100:deepstack|rocks
STATE:169:cr300f:Ks|Ah:-100|100:rocks|deepstack
STATE:170:r1200f:As|Ks:100|-100:deepstack|rocks
STATE:171:cr1200f:Qh|As:-100|100:rocks|deepstack
STATE:172:cc/r1200f:Qs|Kh/Qh:100|-100:deepstack|rocks
STATE:173:cr300f:Ks|Ah:-100|100:rocks|deepstack
STATE:174:r300r1200f:Qs|As:-300|300:deepstack|rocks
STATE:175:cr300f:Kh|Qh:-100|100:rocks|deepstack
STATE:176:r1200f:Kh|Qh:100|-100:deepstack|rocks
STATE:177:r1200f:Ah|Ks:100|-100:rocks|deepstack
STATE:178:cc/r1200f:Qh|Qs/As:100|-100:deepstack|rocks
STATE:179:cr1200f:Ks|Kh:-100|100:rocks|deepstack
STATE:180:cr1200f:Qh|Ah:-100|100:deepstack|rocks
STATE:181:r1200f:As|Ks:100|-100:rocks|deepstack
STATE:182:r1200f:Qh|Qs:100|-100:deepstack|rocks
STATE:183:r1200f:Ah|Qs:100|-100:rocks|deepstack
STATE:184:cc/r1200f:Qh|Kh/Qs:100|-100:deepstack|rocks
STATE:185:cr1200f:Kh|Ah:-100|100:rocks|deepstack
STATE:186:cc/r1200f:Qs|Kh/Qh:100|-100:deepstack|rocks
STATE:187:r1200f:As|Qs:100|-100:rocks|deepstack
STATE:188:cc/cc:Qh|Ks/Kh:-100|100:deepstack|rocks
STATE:189:r1200f:As|Kh:100|-100:rocks|deepstack
STATE:190:cc/r300f:Kh|Qh/Ks:100|-100:deepstack|rocks
STATE:191:cc/cr300f:Kh|Qs/Qh:-100|100:rocks|deepstack
STATE:192:r1200c/:Kh|Ah/Qh:-1200|1200:deepstack|rocks
STATE:193:cc/cr300f:Qh|Ks/Kh:-100|100:rocks|deepstack
STATE:194:r1200f:Kh|Qs:100|-100:deepstack|rocks
STATE:195:cr1200f:Qh|Ah:-100|100:rocks|deepstack
STATE:196:cr1200f:Qs|Ah:-100|100:deepstack|rocks
STATE:197:r1200f:Ah|Qh:100|-100:rocks|deepstack
STATE:198:cc/cc:Qs|Ks/As:-100|100:deepstack|rocks
STATE:199:cr1200f:Kh|As:-100|100:rocks|deepstack
STATE:200:cc/cc:Qh|Qs/Kh:0|0:deepstack|rocks
STATE:201:cc/cr300f:Qh|Kh/Qs:-100|100:rocks|deepstack
STATE:202:cr1200f:Qs|Ah:-100|100:deepstack|rocks
STATE:203:r1200f:Ah|Kh:100|-100:rocks|deepstack
STATE:204:cc/cc:As|Qs/Ks:100|-100:deepstack|rocks
STATE:205:cr1200f:Ks|Ah:-100|100:rocks|deepstack
STATE:206:cr1200c/:Ah|As/Ks:0|0:deepstack|rocks
STATE:207:r1200f:Ah|Qs:100|-100:rocks|deepstack
STATE:208:r1200f:Ah|Ks:100|-100:deepstack|rocks
STATE:209:cc/cc:Qs|As/Kh:-100|100:rocks|deepstack
STATE:210:cc/r1200f:Ks|Qh/As:100|-100:deepstack|rocks
STATE:211:cr1200f:Qh|Qs:-100|100:rocks|deepstack
STATE:212:cr1200f:Ks|As:-100|100:deepstack|rocks
STATE:213:cc/cc:Qh|Ks/As:-100|100:rocks|deepstack
STATE:214:cr1200f:Qh|As:-100|100:deepstack|rocks
STATE:215:cr300f:Ks|Ah:-100|100:rocks|deepstack
STATE:216:r1200f:As|Qs:100|-100:deepstack|rocks
STATE:217:cr1200f:Ks|Ah:-100|100:rocks|deepstack
STATE:218:r1200c/:As|Ah/Kh:0|0:deepstack|rocks
STATE:219:cr300f:Qh|Ah:-100|100:rocks|deepstack
STATE:220:r1200f:Ah|Qs:100|-100:deepstack|rocks
STATE:221:cr1200f:Ks|Qh:-100|100:rocks|deepstack
STATE:222:r1200f:Kh|Ks:100|-100:deepstack|rocks
STATE:223:r1200f:Ah|Qh:100|-100:rocks|deepstack
STATE:224:cr1200f:Kh|Ah:-100|100:deepstack|rocks
STATE:225:cc/cr1200f:Kh|As/Qh:-100|100:rocks|deepstack
STATE:226:r1200c/:Kh|Ah/Ks:1200|-1200:deepstack|rocks
STATE:227:r1200c/:Ah|As/Ks:0|0:rocks|deepstack
STATE:228:cr1200c/:As|Ah/Qh:0|0:deepstack|rocks
STATE:229:cr300f:Ks|Qh:-100|100:rocks|deepstack
STATE:230:cc/cc:Qs|Kh/Qh:100|-100:deepstack|rocks
STATE:231:r1200f:As|Kh:100|-100:rocks|deepstack
STATE:232:cc/cc:Kh|Ks/As:0|0:deepstack|rocks
STATE:233:cr1200f:Qh|Kh:-100|100:rocks|deepstack
STATE:234:cc/cc:Ks|Kh/As:0|0:deepstack|rocks
STATE:235:cc/cc:Kh|Qs/Ks:100|-100:rocks|deepstack
STATE:236:cc/cc:Qh|Ks/Qs:100|-100:deepstack|rocks
STATE:237:r1200f:Ah|Kh:100|-100:rocks|deepstack
STATE:238:r1200f:As|Ks:100|-100:deepstack|rocks
STATE:239:cr300f:Ks|Qs:-100|100:rocks|deepstack
STATE:240:cc/r1200f:Ah|Qs/Qh:100|-100:deepstack|rocks
STATE:241:r1200f:Ah|Ks:100|-100:rocks|deepstack
STATE:242:r1200f:Ks|Kh:100|-100:deepstack|rocks
STATE:243:r1200f:Ah|Kh:100|-100:rocks|deepstack
STATE:244:cc/cc:Ah|Kh/Qs:100|-100:deepstack|rocks
STATE:245:cc/cc:Qh|Ah/Kh:-100|100:rocks|deepstack
STATE:246:r1200c/:Kh|As/Ah:-1200|1200:deepstack|rocks
STATE:247:r1200f:Ah|Kh:100|-100:rocks|deepstack
STATE:248:cc/r1200f:Ah|Qs/As:100|-100:deepstack|rocks
STATE:249:cr300f:Qs|As:-100|100:rocks|deepstack
STATE:250:cc/r300f:Ks|Kh/As:100|-100:deepstack|rocks
STATE:251:cr300f:Qh|As:-100|100:rocks|deepstack
STATE:252:cc/cc:Ah|Kh/Ks:-100|100:deepstack|rocks
STATE:253:cr300f:Ks|As:-100|100:rocks|deepstack
STATE:254:cr1200c/:Ah|As/Kh:0|0:deepstack|rocks
STATE:255:cc/cc:Kh|Ks/As:0|0:rocks|deepstack
STATE:256:cc/r1200f:Ks|Qs/As:100|-100:deepstack|rocks
STATE:257:r1200c/:As|Ah/Qs:0|0:rocks|deepstack
STATE:258:r1200f:Qh|Qs:100|-100:deepstack|rocks
STATE:259:cc/cr1200f:Qh|Qs/Ks:-100|100:rocks|deepstack
STATE:260:cc/cc:Qh|Ks/Ah:-100|100:deepstack|rocks
STATE:261:cc/cc:Ks|As/Qh:-100|100:rocks|deepstack
STATE:262:cc/r1200f:Qh|Kh/Ah:100|-100:deepstack|rocks
STATE:263:cc/cc:Kh|Ks/As:0|0:rocks|deepstack
STATE:264:cr1200f:Kh|As:-100|100:deepstack|rocks
STATE:265:cr1200f:Kh|Qh:-100|100:rocks|deepstack
STATE:266:cr1200f:Ks|As:-100|100:deepstack|rocks
STATE:267:cc/cr1200f:Qh|Ks/As:-100|100:rocks|deepstack
STATE:268:r1200f:Ah|Ks:100|-100:deepstack|rocks
STATE:269:cc/cc:Ks|Kh/Qh:0|0:rocks|deepstack
STATE:270:cr1200f:Ks|Ah:-100|100:deepstack|rocks
STATE:271:cc/cr300f:Ks|Qh/Kh:-100|100:rocks|deepstack
STATE:272:cc/cc:Qs|Ks/Kh:-100|100:deepstack|rocks
STATE:273:cc/cr1200f:Ks|Qs/Ah:-100|100:rocks|deepstack
STATE:274:r1200c/:Qh|Ah/Kh:-1200|1200:deepstack|rocks
STATE:275:cr1200f:Kh|Ah:-100|100:rocks|deepstack
STATE:276:r1200c/:Kh|As/Ks:1200|-1200:deepstack|rocks
STATE:277:cr1200f:Ks|Kh:-100|100:rocks|deepstack
STATE:278:r1200c/:Qh|Ah/Qs:1200|-1200:deepstack|rocks
STATE:279:cr300f:Ks|As:-100|100:rocks|deepstack
STATE:280:r1200f:Qs|Qh:100|-100:deepstack|rocks
STATE:281:r1200f:As|Qs:100|-100:rocks|deepstack
STATE:282:cr1200c/:Ah|As/Qh:0|0:deepstack|rocks
STATE:283:r1200f:Ah|Kh:100|-100:rocks|deepstack
STATE:284:r1200f:As|Kh:100|-100:deepstack|rocks
STATE:285:cr1200f:Qs|Ah:-100|100:rocks|deepstack
STATE:286:cc/cc:Qs|Qh/As:0|0:deepstack|rocks
STATE:287:r1200f:Ah|Ks:100|-100:rocks|deepstack
STATE:288:cc/cc:Ah|Kh/Ks:-100|100:deepstack|rocks
STATE:289:r1200c/:As|Ah/Ks:0|0:rocks|deepstack
STATE:290:cc/cc:As|Qs/Kh:100|-100:deepstack|rocks
STATE:291:cr1200f:Qs|Ks:-100|100:rocks|deepstack
STATE:292:r1200c/:As|Ah/Kh:0|0:deepstack|rocks
STATE:293:r1200f:Ah|Ks:100|-100:rocks|deepstack
STATE:294:cr1200f:Ks|As:-100|100:deepstack|rocks
STATE:295:r1200c/:As|Ah/Kh:0|0:rocks|deepstack
STATE:296:cr1200f:Qs|Ah:-100|100:deepstack|rocks
STATE:297:r1200f:As|Qs:100|-100:rocks|deepstack
STATE:298:r1200f:As|Qh:100|-100:deepstack|rocks
STATE:299:cc/cr300f:Qs|Ks/As:-100|100:rocks|deepstack
STATE:300:cc/cc:Qh|Qs/Kh:0|0:deepstack|rocks
STATE:301:cr1200f:Qs|As:-100|100:rocks|deepstack
STATE:302:r1200f:As|Kh:100|-100:deepstack|rocks
STATE:303:cc/cr300f:Qh|Qs/Ks:-100|100:rocks|deepstack
STATE:304:r1200f:Ah|Qs:100|-100:deepstack|rocks
STATE:305:r1200f:Ah|Qs:100|-100:rocks|deepstack
STATE:306:cr1200f:Kh|As:-100|100:deepstack|rocks
STATE:307:r1200f:As|Ks:100|-100:rocks|deepstack
STATE:308:cr1200f:Kh|Ah:-100|100:deepstack|rocks
STATE:309:cr300f:Qh|Kh:-100|100:rocks|deepstack
STATE:310:r1200f:Ah|Ks:100|-100:deepstack|rocks
STATE:311:r1200f:As|Qh:100|-100:rocks|deepstack
STATE:312:cr1200f:Ks|As:-100|100:deepstack|rocks
STATE:313:cr300f:Ks|Ah:-100|100:rocks|deepstack
STATE:314:r1200c/:Qh|As/Kh:-1200|1200:deepstack|rocks
STATE:315:cr300f:Ks|As:-100|100:rocks|deepstack
STATE:316:cc/cc:Kh|Ks/Qh:0|0:deepstack|rocks
STATE:317:cc/cc:Kh|Qh/As:100|-100:rocks|deepstack
STATE:318:cc/cc:Qh|Kh/Qs:100|-100:deepstack|rocks
STATE:319:cc/cr1200f:Ks|Qh/Ah:-100|100:rocks|deepstack
STATE:320:cr1200c/:As|Ah/Qs:0|0:deepstack|rocks
STATE:321:cc/cc:Ks|Kh/Qs:0|0:rocks|deepstack
STATE:322:cc/cc:Ks|Qs/Qh:-100|100:deepstack|rocks
STATE:323:cc/cr1200f:Ks|Kh/Qh:-100|100:rocks|deepstack
STATE:324:r1200f:Kh|Qs:100|-100:deepstack|rocks
STATE:325:cr300f:Ks|As:-100|100:rocks|deepstack
STATE:326:cr1200f:Ks|Ah:-100|100:deepstack|rocks
STATE:327:r1200f:Ah|Qs:100|-100:rocks|deepstack
STATE:328:r1200f:Kh|Ks:100|-100:deepstack|rocks
STATE:329:cr1200f:Qs|As:-100|100:rocks|deepstack
STATE:330:cc/cc:Ah|Kh/Ks:-100|100:deepstack|rocks
STATE:331:cr300f:Ks|Qh:-100|100:rocks|deepstack
STATE:332:cc/cc:Ks|Qs/Ah:100|-100:deepstack|rocks
STATE:333:r1200c/:As|Ah/Qs:0|0:rocks|deepstack
STATE:334:cc/cc:Ks|Qs/Ah:100|-100:deepstack|rocks
STATE:335:r1200f:Ah|Qh:100|-100:rocks|deepstack
STATE:336:r1200f:Qs|Qh:100|-100:deepstack|rocks
STATE:337:cr300f:Kh|Ah:-100|100:rocks|deepstack
STATE:338:cr1200f:Kh|Ah:-100|100:deepstack|rocks
STATE:339:r1200f:As|Ks:100|-100:rocks|deepstack
STATE:340:cc/cc:Ks|Kh/Qs:0|0:deepstack|rocks
STATE:341:r1200c/:As|Ah/Qh:0|0:rocks|deepstack
STATE:342:cr1200f:Kh|Ah:-100|100:deepstack|rocks
STATE:343:cr1200f:Ks|Qs:-100|100:rocks|deepstack
STATE:344:r1200f:As|Ks:100|-100:deepstack|rocks
STATE:345:r1200c/:Ah|As/Qs:0|0:rocks|deepstack
STATE:346:cc/cc:Ks|Qh/Kh:100|-100:deepstack|rocks
STATE:347:r1200f:As|Ks:100|-100:rocks|deepstack
STATE:348:r1200f:Qh|Qs:100|-100:deepstack|rocks
STATE:349:cr300f:Ks|Ah:-100|100:rocks|deepstack
STATE:350:cc/r1200f:Qh|Ks/As:100|-100:deepstack|rocks
STATE:351:cc/cr1200f:Kh|Qh/Qs:-100|100:rocks|deepstack
STATE:352:cc/cc:Ks|Qs/Ah:100|-100:deepstack|rocks
STATE:353:cr300f:Kh|Ah:-100|100:rocks|deepstack
STATE:354:cc/r1200f:Qs|Ks/Qh:100|-100:deepstack|rocks
STATE:355:cc/cr1200f:Qh|Ah/Ks:-100|100:rocks|deepstack
STATE:356:r1200f:As|Qs:100|-100:deepstack|rocks
STATE:357:r1200f:Ah|Kh:100|-100:rocks|deepstack
STATE:358:cc/cc:Qs|Kh/Ah:-100|100:deepstack|rocks
STATE:359:r1200f:Ah|Qh:100|-100:rocks|deepstack
STATE:360:r1200f:Qh|Ks:100|-100:deepstack|rocks
STATE:361:cr300f:Kh|Qh:-100|100:rocks|deepstack
STATE:362:cr1200c/:Ah|As/Kh:0|0:deepstack|rocks
STATE:363:r1200f:As|Kh:100|-100:rocks|deepstack
STATE:364:cc/r1200f:Ah|Ks/As:100|-100:deepstack|rocks
STATE:365:cc/cr300f:Qs|Ks/Qh:-100|100:rocks|deepstack
STATE:366:cc/cc:Qh|Kh/Ah:-100|100:deepstack|rocks
STATE:367:cr300f:Kh|Qh:-100|100:rocks|deepstack
STATE:368:cc/cc:Ks|Qs/As:100|-100:deepstack|rocks
STATE:369:cc/cc:Kh|As/Qs:-100|100:rocks|deepstack
STATE:370:cc/r1200f:Ah|Qh/As:100|-100:deepstack|rocks
STATE:371:cc/cr300f:Kh|Ks/Ah:-100|100:rocks|deepstack
STATE:372:cr1200c/:Ah|As/Ks:0|0:deepstack|rocks
STATE:373:cc/cr300f:Qh|Ks/Kh:-100|100:rocks|deepstack
STATE:374:r1200f:Ah|Qh:100|-100:deepstack|rocks
STATE:375:r1200f:Ah|Qh:100|-100:rocks|deepstack
STATE:376:r1200c/:Ks|As/Qs:-1200|1200:deepstack|rocks
STATE:377:cr300f:Kh|Qh:-100|100:rocks|deepstack
STATE:378:r1200f:As|Kh:100|-100:deepstack|rocks
STATE:379:cr300f:Ks|As:-100|100:rocks|deepstack
STATE:380:cc/cc:Ah|Qh/Kh:100|-100:deepstack|rocks
STATE:381:r1200f:Ah|Ks:100|-100:rocks|deepstack
STATE:382:cr1200f:Qh|As:-100|100:deepstack|rocks
STATE:383:cc/cr1200f:Ks|As/Qh:-100|100:rocks|deepstack
STATE:384:r1200f:Ah|Qs:100|-100:deepstack|rocks
STATE:385:r1200f:Ah|Kh:100|-100:rocks|deepstack
STATE:386:cc/cc:Ah|Qs/Qh:-100|100:deepstack|rocks
STATE:387:cr1200f:Qh|Kh:-100|100:rocks|deepstack
STATE:388:r1200f:As|Qs:100|-100:deepstack|rocks
STATE:389:cc/cr300f:Ks|Qh/Kh:-100|100:rocks|deepstack
STATE:390:cr1200f:Ks|As:-100|100:deepstack|rocks
STATE:391:cr300f:Ks|As:-100|100:rocks|deepstack
STATE:392:r1200f:As|Ks:100|-100:deepstack|rocks
STATE:393:cr1200f:Kh|As:-100|100:rocks|deepstack
STATE:394:cr1200f:Qs|As:-100|100:deepstack|rocks
STATE:395:cr300f:Kh|As:-100|100:rocks|deepstack
STATE:396:cc/r1200f:Ks|Qs/Qh:100|-100:deepstack|rocks
STATE:397:r1200f:Ah|Kh:100|-100:rocks|deepstack
STATE:398:cc/cc:Qs|Ks/Ah:-100|100:deepstack|rocks
STATE:399:cr300f:Qh|Ah:-100|100:rocks|deepstack
STATE:400:cc/cc:Ah|Kh/Ks:-100|100:deepstack|rocks
STATE:401:cr1200f:Qh|Ah:-100|100:rocks|deepstack
STATE:402:r1200c/:Qh|Ah/Kh:-1200|1200:deepstack|rocks
STATE:403:cc/cc:Kh|Qs/Ks:100|-100:rocks|deepstack
STATE:404:cc/cc:As|Qh/Qs:-100|100:deepstack|rocks
STATE:405:cr1200f:Qs|Ah:-100|100:rocks|deepstack
STATE:406:cc/cc:Ah|Kh/Qs:100|-100:deepstack|rocks
STATE:407:cr300f:Qs|As:-100|100:rocks|deepstack
STATE:408:cc/r1200f:Ks|Qs/As:100|-100:deepstack|rocks
STATE:409:r1200f:Ah|Qs:100|-100:rocks|deepstack
STATE:410:r1200f:As|Kh:100|-100:deepstack|rocks
STATE:411:cc/cr1200f:Ks|Qs/As:-100|100:rocks|deepstack
STATE:412:r1200f:Qs|Kh:100|-100:deepstack|rocks
STATE:413:cc/cr1200f:Kh|Ks/Qh:-100|100:rocks|deepstack
STATE:414:cc/r300f:Kh|Qh/Ks:100|-100:deepstack|rocks
STATE:415:cc/cr1200f:Qh|Ks/Kh:-100|100:rocks|deepstack
STATE:416:cc/cc:Qh|Qs/Ah:0|0:deepstack|rocks
STATE:417:cr1200f:Kh|As:-100|100:rocks|deepstack
STATE:418:cc/r300f:Ah|Ks/As:100|-100:deepstack|rocks
STATE:419:r1200f:Ah|Qs:100|-100:rocks|deepstack
STATE:420:cc/r1200f:Qs|Ks/As:100|-100:deepstack|rocks
STATE:421:r1200f:As|Ks:100|-100:rocks|deepstack
STATE:422:cr1200f:Qs|Ah:-100|100:deepstack|rocks
STATE:423:cr300f:Kh|Ks:-100|100:rocks|deepstack
STATE:424:r1200f:As|Qs:100|-100:deepstack|rocks
STATE:425:cr300f:Qs|As:-100|100:rocks|deepstack
STATE:426:r1200c/:Qs|Ah/Ks:-1200|1200:deepstack|rocks
STATE:427:cr1200f:Qs|Kh:-100|100:rocks|deepstack
STATE:428:r1200f:As|Qs:100|-100:deepstack|rocks
STATE:429:cr1200f:Kh|Ah:-100|100:rocks|deepstack
STATE:430:r1200f:Qh|Ks:100|-100:deepstack|rocks
STATE:431:r1200f:As|Qs:100|-100:rocks|deepstack
STATE:432:cc/cc:Kh|Ks/Ah:0|0:deepstack|rocks
STATE:433:r1200f:Ah|Qh:100|-100:rocks|deepstack
STATE:434:cc/cc:Ah|Qh/Ks:100|-100:deepstack|rocks
STATE:435:cr1200f:Qh|Ah:-100|100:rocks|deepstack
STATE:436:r1200f:As|Kh:100|-100:deepstack|rocks
STATE:437:r1200f:Ah|Qh:100|-100:rocks|deepstack
STATE:438:cc/r1200f:Ah|Qs/Qh:100|-100:deepstack|rocks
STATE:439:cc/cr300f:Kh|Qh/Qs:-100|100:rocks|deepstack
STATE:440:r1200f:Ah|Ks:100|-100:deepstack|rocks
STATE:441:cr300f:Kh|Ah:-100|100:rocks|deepstack
STATE:442:cc/cc:Ah|Kh/Qs:100|-100:deepstack|rocks
STATE:443:r1200f:Ah|Ks:100|-100:rocks|deepstack
STATE:444:r1200c/:Kh|As/Qs:-1200|1200:deepstack|rocks
STATE:445:r1200f:Ah|Qh:100|-100:rocks|deepstack
STATE:446:r1200c/:Kh|Ah/Ks:1200|-1200:deepstack|rocks
STATE:447:r1200f:Ah|Qs:100|-100:rocks|deepstack
STATE:448:cc/r300f:Ah|Ks/As:100|-100:deepstack|rocks
STATE:449:cc/cr1200f:Qh|Ks/Kh:-100|100:rocks|deepstack
STATE:450:cr1200f:Qs|As:-100|100:deepstack|rocks
STATE:451:cc/cc:Qh|Qs/As:0|0:rocks|deepstack
STATE:452:cc/cc:Kh|Qh/Ah:100|-100:deepstack|rocks
STATE:453:cr1200f:Kh|Ks:-100|100:rocks|deepstack
STATE:454:cr1200f:Kh|Ah:-100|100:deepstack|rocks
STATE:455:cc/cr1200f:Qs|Qh/Ks:-100|100:rocks|deepstack
STATE:456:r1200c/:Ah|As/Ks:0|0:deepstack|rocks
STATE:457:cc/cc:Qs|Kh/Qh:100|-100:rocks|deepstack
STATE:458:cr1200f:Qs|As:-100|100:deepstack|rocks
STATE:459:cr300f:Ks|Ah:-100|100:rocks|deepstack
STATE:460:cr1200f:Kh|As:-100|100:deepstack|rocks
STATE:461:cr300f:Qh|As:-100|100:rocks|deepstack
STATE:462:r1200c/:As|Ah/Qs:0|0:deepstack|rocks
STATE:463:r1200f:Ah|Qh:100|-100:rocks|deepstack
STATE:464:r1200f:As|Ks:100|-100:deepstack|rocks
STATE:465:cr300f:Qh|Ks:-100|100:rocks|deepstack
STATE:466:cc/r1200f:Ah|Kh/Qh:100|-100:deepstack|rocks
STATE:467:r1200f:As|Qs:100|-100:rocks|deepstack
STATE:468:cc/cc:Ks|Qs/Qh:-100|100:deepstack|rocks
STATE:469:cr1200f:Kh|Qs:-100|100:rocks|deepstack
STATE:470:r1200f:Ks|Qs:100|-100:deepstack|rocks
STATE:471:cc/cc:Kh|Qs/As:100|-100:rocks|deepstack
STATE:472:cr1200f:Ks|As:-100|100:deepstack|rocks
STATE:473:cc/cr1200f:Kh|Qh/Qs:-100|100:rocks|deepstack
STATE:474:r1200f:As|Kh:100|-100:deepstack|rocks
STATE:475:r1200f:Ah|Qs:100|-100:rocks|deepstack
STATE:476:cc/cc:Ah|Ks/Qh:100|-100:deepstack|rocks
STATE:477:cc/cr1200f:Kh|Qs/Ks:-100|100:rocks|deepstack
STATE:478:cc/cc:Qh|Kh/Qs:100|-100:deepstack|rocks
STATE:479:cc/cc:Qh|Ks/Qs:100|-100:rocks|deepstack
STATE:480:cc/cc:As|Ks/Qh:100|-100:deepstack|rocks
STATE:481:cr1200f:Kh|Ah:-100|100:rocks|deepstack
STATE:482:cr1200f:Qs|As:-100|100:deepstack|rocks
STATE:483:r1200f:As|Kh:100|-100:rocks|deepstack
STATE:484:r1200c/:Ks|Ah/Qs:-1200|1200:deepstack|rocks
STATE:485:cc/cr300f:Qh|Kh/As:-100|100:rocks|deepstack
STATE:486:cc/r1200f:Qs|Ks/Kh:100|-100:deepstack|rocks
STATE:487:r1200c/:As|Ah/Qh:0|0:rocks|deepstack
STATE:488:cr1200f:Ks|Ah:-100|100:deepstack|rocks
STATE:489:r1200f:Ah|Kh:100|-100:rocks|deepstack
STATE:490:cr1200f:Ks|As:-100|100:deepstack|rocks
STATE:491:r1200f:Ah|Ks:100|-100:rocks|deepstack
STATE:492:cr1200f:Ks|Ah:-100|100:deepstack|rocks
STATE:493:cc/cc:Qs|Kh/Ah:-100|100:rocks|deepstack
STATE:494:cr1200f:Ks|As:-100|100:deepstack|rocks
STATE:495:r1200f:As|Ks:100|-100:rocks|deepstack
STATE:496:r1200c/:Qh|As/Kh:-1200|1200:deepstack|rocks
STATE:497:r1200f:Ah|Kh:100|-100:rocks|deepstack
STATE:498:r1200f:Ah|Kh:100|-100:deepstack|rocks
STATE:499:r1200c/:As|Ah/Qh:0|0:rocks|deepstack
STATE:500:cr1200f:Ks|Ah:-100|100:deepstack|rocks
STATE:501:r1200f:Ah|Qs:100|-100:rocks|deepstack
STATE:502:cc/cc:Ah|Qs/Kh:100|-100:deepstack|rocks
STATE:503:cr300f:Ks|Ah:-100|100:rocks|deepstack
STATE:504:cc/cc:Ah|Qs/Ks:100|-100:deepstack|rocks
STATE:505:cr300f:Qh|Ah:-100|100:rocks|deepstack
STATE:506:cc/cc:Ah|Kh/Qs:100|-100:deepstack|rocks
STATE:507:cr1200f:Qs|Ks:-100|100:rocks|deepstack
STATE:508:cr1200f:Kh|Ah:-100|100:deepstack|rocks
STATE:509:r1200f:Ah|Qh:100|-100:rocks|deepstack
STATE:510:cr1200f:Qs|Ah:-100|100:deepstack|rocks
STATE:511:cr1200f:Qs|Ah:-100|100:rocks|deepstack
STATE:512:cc/r1200f:Kh|Ks/As:100|-100:deepstack|rocks
STATE:513:cr300f:Ks|Qh:-100|100:rocks|deepstack
STATE:514:cc/r300f:Ks|Qh/Kh:100|-100:deepstack|rocks
STATE:515:r1200f:Ah|Ks:100|-100:rocks|deepstack
STATE:516:cc/cc:Ks|Kh/Qh:0|0:deepstack|rocks
STATE:517:cc/cc:Kh|Qh/Ah:100|-100:rocks|deepstack
STATE:518:cr1200f:Kh|Ah:-100|100:deepstack|rocks
STATE:519:cc/cc:Qs|Kh/Ah:-100|100:rocks|deepstack
STATE:520:r1200f:Ah|Kh:100|-100:deepstack|rocks
STATE:521:r1200f:As|Kh:100|-100:rocks|deepstack
STATE:522:cr1200f:Qh|As:-100|100:deepstack|rocks
STATE:523:cr300f:Ks|Kh:-100|100:rocks|deepstack
STATE:524:cc/r1200f:Ks|Qh/Ah:100|-100:deepstack|rocks
STATE:525:cr1200f:Qs|As:-100|100:rocks|deepstack
STATE:526:cr1200f:Ks|Ah:-100|100:deepstack|rocks
STATE:527:cr300f:Kh|As:-100|100:rocks|deepstack
STATE:528:cc/r1200f:Ks|Qh/Ah:100|-100:deepstack|rocks
STATE:529:cr1200f:Kh|As:-100|100:rocks|deepstack
STATE:530:cc/cc:Ah|Ks/Qh:100|-100:deepstack|rocks
STATE:531:cr1200f:Qh|Ah:-100|100:rocks|deepstack
STATE:532:r1200c/:As|Ah/Qh:0|0:deepstack|rocks
STATE:533:cr300f:Qs|Ah:-100|100:rocks|deepstack
STATE:534:r1200f:Ah|Ks:100|-100:deepstack|rocks
STATE:535:cr1200f:Ks|Ah:-100|100:rocks|deepstack
STATE:536:r1200f:As|Qh:100|-100:deepstack|rocks
STATE:537:cr1200f:Kh|As:-100|100:rocks|deepstack
STATE:538:cr1200f:Ks|Ah:-100|100:deepstack|rocks
STATE:539:cr1200f:Kh|As:-100|100:rocks|deepstack
STATE:540:r1200f:Ks|Kh:100|-100:deepstack|rocks
STATE:541:cr1200f:Ks|As:-100|100:rocks|deepstack
STATE:542:cr1200f:Qh|Ah:-100|100:deepstack|rocks
STATE:543:cr300f:Qs|Ks:-100|100:rocks|deepstack
STATE:544:r1200f:As|Qh:100|-100:deepstack|rocks
STATE:545:r1200f:Ah|Qh:100|-100:rocks|deepstack
STATE:546:cc/r1200f:Ks|Qs/Ah:100|-100:deepstack|rocks
STATE:547:r1200f:Ah|Kh:100|-100:rocks|deepstack
STATE:548:cc/cc:Ks|Kh/Qh:0|0:deepstack|rocks
STATE:549:cc/cr1200f:Qs|Qh/Ah:-100|100:rocks|deepstack
STATE:550:cc/r1200f:Qs|Kh/Qh:100|-100:deepstack|rocks
STATE:551:r1200f:As|Kh:100|-100:rocks|deepstack
STATE:552:r1200f:Qh|Qs:100|-100:deepstack|rocks
STATE:553:cr1200f:Qs|Qh:-100|100:rocks|deepstack
STATE:554:r1200c/:Kh|Ah/Qh:-1200|1200:deepstack|rocks
STATE:555:cc/cr1200f:Kh|Ks/Qs:-100|100:rocks|deepstack
STATE:556:cc/cc:As|Kh/Qh:100|-100:deepstack|rocks
STATE:557:r1200f:As|Qh:100|-100:rocks|deepstack
STATE:558:cr1200f:Ks|Ah:-100|100:deepstack|rocks
STATE:559:cr1200f:Kh|Ah:-100|100:rocks|deepstack
STATE:560:cc/r1200f:Ah|Qh/As:100|-100:deepstack|rocks
STATE:561:cc/cc:Qh|Ks/Ah:-100|100:rocks|deepstack
STATE:562:cc/r300f:Kh|Qs/As:100|-100:deepstack|rocks
STATE:563:cr1200f:Qs|Ah:-100|100:rocks|deepstack
STATE:564:r300r1200f:Ks|Ah:-300|300:deepstack|rocks
STATE:565:r1200f:Ah|Ks:100|-100:rocks|deepstack
STATE:566:r1200c/:Kh|Ah/As:-1200|1200:deepstack|rocks
STATE:567:r1200f:Ah|Ks:100|-100:rocks|deepstack
STATE:568:r1200f:Ah|Ks:100|-100:deepstack|rocks
STATE:569:cc/cr300f:Qs|Qh/Ks:-100|100:rocks|deepstack
STATE:570:cr1200f:Qh|Ah:-100|100:deepstack|rocks
STATE:571:cr1200f:Ks|Ah:-100|100:rocks|deepstack
STATE:572:cc/r300f:Kh|Qs/Ks:100|-100:deepstack|rocks
STATE:573:r1200c/:As|Ah/Ks:0|0:rocks|deepstack
STATE:574:r1200f:As|Qs:100|-100:deepstack|rocks
STATE:575:cr1200f:Kh|Ah:-100|100:rocks|deepstack
STATE:576:r1200f:As|Ks:100|-100:deepstack|rocks
STATE:577:r1200f:Ah|Ks:100|-100:rocks|deepstack
STATE:578:cr1200f:Qs|Ah:-100|100:deepstack|rocks
STATE:579:cr1200f:Qh|Ah:-100|100:rocks|deepstack
STATE:580:cc/cc:Ah|Qs/Ks:100|-100:deepstack|rocks
STATE:581:cc/cc:Kh|Ks/Ah:0|0:rocks|deepstack
STATE:582:cr1200f:Qs|As:-100|100:deepstack|rocks
STATE:583:cr1200f:Kh|Ah:-100|100:rocks|deepstack
STATE:584:cr1200f:Qs|As:-100|100:deepstack|rocks
STATE:585:cr1200f:Kh|Ah:-100|100:rocks|deepstack
STATE:586:cc/r300f:Qs|Kh/Qh:100|-100:deepstack|rocks
STATE:587:r1200c/:Ah|As/Qh:0|0:rocks|deepstack
STATE:588:cr1200c/:Ah|As/Qs:0|0:deepstack|rocks
STATE:589:r1200c/:Ah|As/Qs:0|0:rocks|deepstack
STATE:590:cc/cc:Kh|Ks/Ah:0|0:deepstack|rocks
STATE:591:cc/cc:Qs|Ks/As:-100|100:rocks|deepstack
STATE:592:r1200c/:Ah|As/Kh:0|0:deepstack|rocks
STATE:593:r1200f:Ah|Qs:100|-100:rocks|deepstack
STATE:594:r1200c/:As|Ah/Qs:0|0:deepstack|rocks
STATE:595:cc/cc:Qs|Qh/As:0|0:rocks|deepstack
STATE:596:cc/r1200f:Kh|Qh/As:100|-100:deepstack|rocks
STATE:597:cr1200f:Qh|As:-100|100:rocks|deepstack
STATE:598:r1200f:Ah|Kh:100|-100:deepstack|rocks
STATE:599:r1200f:As|Ks:100|-100:rocks|deepstack
STATE:600:cc/r1200f:Ah|Ks/Qs:100|-100:deepstack|rocks
STATE:601:r1200f:Ah|Qh:100|-100:rocks|deepstack
STATE:602:cr1200f:Ks|Ah:-100|100:deepstack|rocks
STATE:603:r1200c/:Ah|As/Ks:0|0:rocks|deepstack
STATE:604:cr1200f:Qh|Ah:-100|100:deepstack|rocks
STATE:605:cc/cc:Qs|Qh/Ks:0|0:rocks|deepstack
STATE:606:r1200f:Ah|Qh:100|-100:deepstack|rocks
STATE:607:cc/cc:Ks|Ah/Qh:-100|100:rocks|deepstack
STATE:608:r1200c/:Ah|As/Ks:0|0:deepstack|rocks
STATE:609:r1200f:As|Qh:100|-100:rocks|deepstack
STATE:610:cr1200f:Qs|Ah:-100|100:deepstack|rocks
STATE:611:r1200f:As|Qs:100|-100:rocks|deepstack
STATE:612:cc/cc:Kh|Ks/Qs:0|0:deepstack|rocks
STATE:613:r1200f:Ah|Ks:100|-100:rocks|deepstack
STATE:614:cr1200c/:Ah|As/Ks:0|0:deepstack|rocks
STATE:615:cr1200f:Ks|Qs:-100|100:rocks|deepstack
STATE:616:r1200c/:As|Ah/Qh:0|0:deepstack|rocks
STATE:617:cc/cr1200f:Kh|Qs/Qh:-100|100:rocks|deepstack
STATE:618:r1200c/:As|Ah/Qs:0|0:deepstack|rocks
STATE:619:r1200c/:Ah|As/Ks:0|0:rocks|deepstack
STATE:620:r1200c/:Qs|As/Ks:-1200|1200:deepstack|rocks
STATE:621:cr1200f:Qh|As:-100|100:rocks|deepstack
STATE:622:cc/r1200f:Ah|Kh/As:100|-100:deepstack|rocks
STATE:623:cr1200f:Qh|Ks:-100|100:rocks|deepstack
STATE:624:cr1200f:Kh|Ah:-100|100:deepstack|rocks
STATE:625:cr300f:Ks|As:-100|100:rocks|deepstack
STATE:626:cc/cc:Qh|Kh/Qs:100|-100:deepstack|rocks
STATE:627:cr300f:Ks|As:-100|100:rocks|deepstack
STATE:628:cc/r1200f:Ks|Qs/Ah:100|-100:deepstack|rocks
STATE:629:cr300f:Qh|Ks:-100|100:rocks|deepstack
STATE:630:cr1200f:Kh|As:-100|100:deepstack|rocks
STATE:631:r1200f:Ah|Qh:100|-100:rocks|deepstack
STATE:632:cr1200f:Kh|As:-100|100:deepstack|rocks
STATE:633:cr1200f:Qs|Kh:-100|100:rocks|deepstack
STATE:634:r300f:Ks|Qs:100|-100:deepstack|rocks
STATE:635:cc/cc:Qh|Ah/Qs:100|-100:rocks|deepstack
STATE:636:cr1200f:Qh|Ah:-100|100:deepstack|rocks
STATE:637:cc/cr1200f:Ks|Qh/Qs:-100|100:rocks|deepstack
STATE:638:cc/r1200f:Kh|Qs/Qh:100|-100:deepstack|rocks
STATE:639:r1200c/:Ah|As/Qh:0|0:rocks|deepstack
STATE:640:r1200f:As|Qs:100|-100:deepstack|rocks
STATE:641:r1200f:As|Qs:100|-100:rocks|deepstack
STATE:642:cc/cc:Qs|Kh/Ah:-100|100:deepstack|rocks
STATE:643:cr300f:Ks|As:-100|100:rocks|deepstack
STATE:644:r1200f:Qs|Qh:100|-100:deepstack|rocks
STATE:645:cc/cr1200f:Qh|Kh/Ks:-100|100:rocks|deepstack
STATE:646:r1200f:Ks|Qs:100|-100:deepstack|rocks
STATE:647:r1200f:As|Qh:100|-100:rocks|deepstack
STATE:648:cc/r300f:Ks|Qs/As:100|-100:deepstack|rocks
STATE:649:cc/cc:Kh|Qh/Ks:100|-100:rocks|deepstack
STATE:650:r1200f:Qs|Qh:100|-100:deepstack|rocks
STATE:651:cr300f:Qs|Ah:-100|100:rocks|deepstack
STATE:652:r1200f:Qh|Ks:100|-100:deepstack|rocks
STATE:653:cc/cr300f:Kh|Qs/Qh:-100|100:rocks|deepstack
STATE:654:cc/r1200f:Qh|Ks/Kh:100|-100:deepstack|rocks
STATE:655:cr1200f:Qs|Kh:-100|100:rocks|deepstack
STATE:656:cc/r1200f:Ks|Qs/As:100|-100:deepstack|rocks
STATE:657:cc/cr1200f:Qh|Kh/Ah:-100|100:rocks|deepstack
STATE:658:cc/r1200f:Qh|Ks/Kh:100|-100:deepstack|rocks
STATE:659:cr1200f:Ks|Qs:-100|100:rocks|deepstack
STATE:660:r300f:As|Kh:100|-100:deepstack|rocks
STATE:661:cr300f:Qs|As:-100|100:rocks|deepstack
STATE:662:r1200f:Ah|Qh:100|-100:deepstack|rocks
STATE:663:cr1200f:Qs|Ah:-100|100:rocks|deepstack
STATE:664:cr1200f:Qs|As:-100|100:deepstack|rocks
STATE:665:cr300f:Qs|Ah:-100|100:rocks|deepstack
STATE:666:r1200f:As|Qs:100|-100:deepstack|rocks
STATE:667:cr300f:Qs|As:-100|100:rocks|deepstack
STATE:668:cc/cc:Qs|Kh/Ks:-100|100:deepstack|rocks
STATE:669:cr1200f:Kh|Qh:-100|100:rocks|deepstack
STATE:670:r1200c/:Qs|Ah/Qh:1200|-1200:deepstack|rocks
STATE:671:r1200f:Ah|Kh:100|-100:rocks|deepstack
STATE:672:r1200c/:Ks|Ah/As:-1200|1200:deepstack|rocks
STATE:673:cc/cc:Qh|Qs/Ah:0|0:rocks|deepstack
STATE:674:cr1200f:Ks|As:-100|100:deepstack|rocks
STATE:675:cr300f:Qh|Ah:-100|100:rocks|deepstack
STATE:676:r1200c/:Kh|As/Ks:1200|-1200:deepstack|rocks
STATE:677:r1200c/:As|Ah/Kh:0|0:rocks|deepstack
STATE:678:cc/r1200f:Ah|Kh/Ks:100|-100:deepstack|rocks
STATE:679:r1200f:Ah|Kh:100|-100:rocks|deepstack
STATE:680:r1200f:As|Ks:100|-100:deepstack|rocks
STATE:681:r1200c/:Ah|As/Ks:0|0:rocks|deepstack
STATE:682:r1200f:As|Qs:100|-100:deepstack|rocks
STATE:683:cr1200f:Qh|Qs:-100|100:rocks|deepstack
STATE:684:r300r1200c/:As|Ah/Qs:0|0:deepstack|rocks
STATE:685:cr300f:Kh|As:-100|100:rocks|deepstack
STATE:686:r1200f:As|Qs:100|-100:deepstack|rocks
STATE:687:r1200f:Ah|Ks:100|-100:rocks|deepstack
STATE:688:cr1200f:Qs|Ah:-100|100:deepstack|rocks
STATE:689:cc/cc:Ks|Kh/Ah:0|0:rocks|deepstack
STATE:690:cc/cc:Ks|Qh/Ah:100|-100:deepstack|rocks
STATE:691:r1200c/:Ah|As/Qh:0|0:rocks|deepstack
STATE:692:cc/cc:Qh|Ks/Kh:-100|100:deepstack|rocks
STATE:693:cc/cr1200f:Kh|Ah/Ks:-100|100:rocks|deepstack
STATE:694:cc/r1200f:Ah|Qh/Qs:100|-100:deepstack|rocks
STATE:695:cr300f:Ks|As:-100|100:rocks|deepstack
STATE:696:cc/r1200f:Qh|Qs/Ks:100|-100:deepstack|rocks
STATE:697:cr1200f:Qh|Ks:-100|100:rocks|deepstack
STATE:698:r1200f:As|Qs:100|-100:deepstack|rocks
STATE:699:cr1200f:Qs|Ks:-100|100:rocks|deepstack
STATE:700:cc/r1200f:Kh|Ks/Ah:100|-100:deepstack|rocks
STATE:701:cr300f:Qh|As:-100|100:rocks|deepstack
STATE:702:r1200f:As|Kh:100|-100:deepstack|rocks
STATE:703:cr300f:Kh|As:-100|100:rocks|deepstack
STATE:704:cc/r300f:Kh|Qh/Ks:100|-100:deepstack|rocks
STATE:705:r1200c/:Ah|As/Qs:0|0:rocks|deepstack
STATE:706:cr1200f:Kh|As:-100|100:deepstack|rocks
STATE:707:r1200c/:Ah|As/Qh:0|0:rocks|deepstack
STATE:708:r1200c/:Kh|Ah/Ks:1200|-1200:deepstack|rocks
STATE:709:cr1200f:Qh|As:-100|100:rocks|deepstack
STATE:710:cc/cc:Qs|Qh/Ah:0|0:deepstack|rocks
STATE:711:cc/cc:Qh|Kh/As:-100|100:rocks|deepstack
STATE:712:r1200f:As|Qh:100|-100:deepstack|rocks
STATE:713:r1200f:Ah|Qh:100|-100:rocks|deepstack
STATE:714:cr1200f:Qh|As:-100|100:deepstack|rocks
STATE:715:cr1200f:Kh|As:-100|100:rocks|deepstack
STATE:716:cc/cc:Qs|Qh/Ah:0|0:deepstack|rocks
STATE:717:cr300f:Qs|Qh:-100|100:rocks|deepstack
STATE:718:r1200f:As|Kh:100|-100:deepstack|rocks
STATE:719:r1200f:Ah|Kh:100|-100:rocks|deepstack
STATE:720:cc/r1200f:Qs|Ks/As:100|-100:deepstack|rocks
STATE:721:cr1200f:Qs|Ks:-100|100:rocks|deepstack
STATE:722:cc/cc:Ah|Kh/Ks:-100|100:deepstack|rocks
STATE:723:cr1200f:Qh|As:-100|100:rocks|deepstack
STATE:724:cr1200f:Ks|Ah:-100|100:deepstack|rocks
STATE:725:cc/cc:Qh|Kh/Ah:-100|100:rocks|deepstack
STATE:726:r1200c/:Ks|Ah/Kh:1200|-1200:deepstack|rocks
STATE:727:cr1200f:Qs|Ks:-100|100:rocks|deepstack
STATE:728:cc/r1200f:Ks|Kh/Qs:100|-100:deepstack|rocks
STATE:729:cr1200f:Ks|Kh:-100|100:rocks|deepstack
STATE:730:r1200c/:Qh|As/Ah:-1200|1200:deepstack|rocks
STATE:731:cr1200f:Ks|As:-100|100:rocks|deepstack
STATE:732:cc/cc:Qh|Kh/Qs:100|-100:deepstack|rocks
STATE:733:cr300f:Kh|As:-100|100:rocks|deepstack
STATE:734:r1200f:Qh|Ks:100|-100:deepstack|rocks
STATE:735:cr1200f:Qs|Ah:-100|100:rocks|deepstack
STATE:736:cr1200f:Kh|Ah:-100|100:deepstack|rocks
STATE:737:cr1200f:Ks|Qs:-100|100:rocks|deepstack
STATE:738:r1200f:As|Ks:100|-100:deepstack|rocks
STATE:739:cr300f:Qh|Ah:-100|100:rocks|deepstack
STATE:740:r300f:As|Qs:100|-100:deepstack|rocks
STATE:741:cc/cc:Qs|Ks/Ah:-100|100:rocks|deepstack
STATE:742:cc/cc:Ah|Kh/Qh:100|-100:deepstack|rocks
STATE:743:r1200f:As|Qs:100|-100:rocks|deepstack
STATE:744:cc/r1200f:Ah|Qh/As:100|-100:deepstack|rocks
STATE:745:cr300f:Kh|As:-100|100:rocks|deepstack
STATE:746:cr1200f:Qs|Ah:-100|100:deepstack|rocks
STATE:747:r1200f:Ah|Kh:100|-100:rocks|deepstack
STATE:748:r1200f:Qs|Kh:100|-100:deepstack|rocks
STATE:749:r1200f:Ah|Qs:100|-100:rocks|deepstack
STATE:750:r1200f:As|Qs:100|-100:deepstack|rocks
STATE:751:cr1200f:Ks|Ah:-100|100:rocks|deepstack
STATE:752:r1200f:Qh|Ks:100|-100:deepstack|rocks
STATE:753:cc/cr1200f:Qh|Qs/Ah:-100|100:rocks|deepstack
STATE:754:r1200c/:As|Ah/Qh:0|0:deepstack|rocks
STATE:755:r1200f:Ah|Qs:100|-100:rocks|deepstack
STATE:756:cc/r1200f:As|Qs/Qh:100|-100:deepstack|rocks
STATE:757:r1200f:Ah|Ks:100|-100:rocks|deepstack
STATE:758:cc/r1200f:Ah|Kh/Ks:100|-100:deepstack|rocks
STATE:759:cr1200f:Qs|Kh:-100|100:rocks|deepstack
STATE:760:r1200c/:Kh|Ah/Qh:-1200|1200:deepstack|rocks
STATE:761:r1200c/:Ah|As/Qh:0|0:rocks|deepstack
STATE:762:cc/cc:Qh|Ks/Kh:-100|100:deepstack|rocks
STATE:763:cr1200f:Qs|Ah:-100|100:rocks|deepstack
STATE:764:r1200f:Kh|Qs:100|-100:deepstack|rocks
STATE:765:cc/cc:Kh|Ks/As:0|0:rocks|deepstack
STATE:766:r300f:Qh|Ks:100|-100:deepstack|rocks
STATE:767:cr300f:Kh|As:-100|100:rocks|deepstack
STATE:768:cc/r300f:Kh|Qh/As:100|-100:deepstack|rocks
STATE:769:cr300f:Ks|Kh:-100|100:rocks|deepstack
STATE:770:cr1200f:Ks|Ah:-100|100:deepstack|rocks
STATE:771:cc/cr1200f:Qs|Ks/As:-100|100:rocks|deepstack
STATE:772:cc/cc:Qs|Kh/As:-100|100:deepstack|rocks
STATE:773:cr300f:Kh|As:-100|100:rocks|deepstack
STATE:774:cc/cc:Qh|Qs/Ks:0|0:deepstack|rocks
STATE:775:r1200f:As|Kh:100|-100:rocks|deepstack
STATE:776:cc/cc:Qh|Qs/Ks:0|0:deepstack|rocks
STATE:777:cr1200f:Ks|Ah:-100|100:rocks|deepstack
STATE:778:cc/r1200f:Kh|Qs/Qh:100|-100:deepstack|rocks
STATE:779:r1200f:As|Qs:100|-100:rocks|deepstack
STATE:780:cr1200f:Kh|Ah:-100|100:deepstack|rocks
STATE:781:cr300f:Qs|As:-100|100:rocks|deepstack
STATE:782:r1200f:Kh|Qh:100|-100:deepstack|rocks
STATE:783:r1200f:As|Qh:100|-100:rocks|deepstack
STATE:784:r1200c/:Kh|Ah/Qs:-1200|1200:deepstack|rocks
STATE:785:r1200f:Ah|Ks:100|-100:rocks|deepstack
STATE:786:r1200f:As|Qh:100|-100:deepstack|rocks
STATE:787:r1200c/:As|Ah/Kh:0|0:rocks|deepstack
STATE:788:r1200c/:As|Ah/Qh:0|0:deepstack|rocks
STATE:789:r1200f:As|Qs:100|-100:rocks|deepstack
STATE:790:r1200f:As|Ks:100|-100:deepstack|rocks
STATE:791:r1200f:As|Ks:100|-100:rocks|deepstack
STATE:792:r1200f:Kh|Qs:100|-100:deepstack|rocks
STATE:793:cr300f:Ks|As:-100|100:rocks|deepstack
STATE:794:cr1200c/:Ah|As/Ks:0|0:deepstack|rocks
STATE:795:cr300f:Ks|Qh:-100|100:rocks|deepstack
STATE:796:r1200f:Qh|Qs:100|-100:deepstack|rocks
STATE:797:r1200f:Ah|Qh:100|-100:rocks|deepstack
STATE:798:cr1200f:Kh|As:-100|100:deepstack|rocks
STATE:799:r1200f:As|Kh:100|-100:rocks|deepstack
STATE:800:r1200c/:Qh|Ah/Kh:-1200|1200:deepstack|rocks
STATE:801:r1200f:Ah|Ks:100|-100:rocks|deepstack
STATE:802:cr1200f:Kh|Ah:-100|100:deepstack|rocks
STATE:803:cr300f:Qh|Qs:-100|100:rocks|deepstack
STATE:804:r1200f:Ah|Qh:100|-100:deepstack|rocks
STATE:805:r1200f:Ah|Kh:100|-100:rocks|deepstack
STATE:806:cc/r1200f:As|Qs/Ah:100|-100:deepstack|rocks
STATE:807:cr1200f:Kh|As:-100|100:rocks|deepstack
STATE:808:cc/r1200f:Qh|Ks/Ah:100|-100:deepstack|rocks
STATE:809:cr300f:Ks|Ah:-100|100:rocks|deepstack
STATE:810:r1200f:Qs|Ks:100|-100:deepstack|rocks
STATE:811:cr1200f:Qh|Qs:-100|100:rocks|deepstack
STATE:812:cc/r1200f:Ah|Ks/Qs:100|-100:deepstack|rocks
STATE:813:r1200f:Ah|Qs:100|-100:rocks|deepstack
STATE:814:r1200c/:Qh|Ah/Qs:1200|-1200:deepstack|rocks
STATE:815:cr300f:Qh|Qs:-100|100:rocks|deepstack
STATE:816:r1200f:As|Qs:100|-100:deepstack|rocks
STATE:817:cr300f:Ks|As:-100|100:rocks|deepstack
STATE:818:r1200f:As|Qs:100|-100:deepstack|rocks
STATE:819:cr1200f:Kh|Ks:-100|100:rocks|deepstack
STATE:820:cr1200f:Kh|As:-100|100:deepstack|rocks
STATE:821:cr1200f:Kh|Ks:-100|100:rocks|deepstack
STATE:822:cc/cc:Ks|Qs/Kh:100|-100:deepstack|rocks
STATE:823:cr300f:Qs|Ah:-100|100:rocks|deepstack
STATE:824:cr1200f:Qs|As:-100|100:deepstack|rocks
STATE:825:cr300f:Qs|Ah:-100|100:rocks|deepstack
STATE:826:cc/cc:As|Qh/Ks:100|-100:deepstack|rocks
STATE:827:r1200f:Ah|Qh:100|-100:rocks|deepstack
STATE:828:cc/cc:Qs|Ks/Kh:-100|100:deepstack|rocks
STATE:829:r1200f:As|Qs:100|-100:rocks|deepstack
STATE:830:r1200c/:Kh|As/Qs:-1200|1200:deepstack|rocks
STATE:831:r1200f:As|Ks:100|-100:rocks|deepstack
STATE:832:cc/r300f:Ah|Qh/As:100|-100:deepstack|rocks
STATE:833:r1200f:Ah|Qh:100|-100:rocks|deepstack
STATE:834:r1200c/:Kh|As/Qs:-1200|1200:deepstack|rocks
STATE:835:cr1200f:Kh|Ks:-100|100:rocks|deepstack
STATE:836:cc/r1200f:Ah|Ks/As:100|-100:deepstack|rocks
STATE:837:r1200c/:As|Ah/Qs:0|0:rocks|deepstack
STATE:838:cc/cc:Qh|Kh/Qs:100|-100:deepstack|rocks
STATE:839:cc/cr300f:Ks|Kh/Qs:-100|100:rocks|deepstack
STATE:840:cr1200f:Qh|Ah:-100|100:deepstack|rocks
STATE:841:cc/cc:Qs|Kh/Qh:100|-100:rocks|deepstack
STATE:842:cc/r1200f:As|Kh/Qs:100|-100:deepstack|rocks
STATE:843:cc/cr1200f:Qh|Ah/Kh:-100|100:rocks|deepstack
STATE:844:cr1200f:Qs|As:-100|100:deepstack|rocks
STATE:845:cc/cc:Qs|Qh/Kh:0|0:rocks|deepstack
STATE:846:r1200f:As|Ks:100|-100:deepstack|rocks
STATE:847:r1200f:As|Qs:100|-100:rocks|deepstack
STATE:848:cc/cc:Qs|Ks/Kh:-100|100:deepstack|rocks
STATE:849:cc/cr300f:Kh|Ks/Qs:-100|100:rocks|deepstack
STATE:850:r1200f:Kh|Qs:100|-100:deepstack|rocks
STATE:851:cc/cr1200f:Qs|Qh/Kh:-100|100:rocks|deepstack
STATE:852:r1200f:As|Qh:100|-100:deepstack|rocks
STATE:853:cc/cr300f:Qs|Qh/Ks:-100|100:rocks|deepstack
STATE:854:r300f:Ah|Kh:100|-100:deepstack|rocks
STATE:855:r1200f:As|Ks:100|-100:rocks|deepstack
STATE:856:r1200c/:Qs|As/Ks:-1200|1200:deepstack|rocks
STATE:857:cc/cc:Qs|Qh/As:0|0:rocks|deepstack
STATE:858:r1200f:As|Qh:100|-100:deepstack|rocks
STATE:859:r1200c/:Ah|As/Ks:0|0:rocks|deepstack
STATE:860:r1200f:Qs|Kh:100|-100:deepstack|rocks
STATE:861:cr300f:Qh|Ah:-100|100:rocks|deepstack
STATE:862:r1200c/:Kh|As/Qs:-1200|1200:deepstack|rocks
STATE:863:cr300f:Qh|As:-100|100:rocks|deepstack
STATE:864:cc/r1200f:Qh|Qs/Ah:100|-100:deepstack|rocks
STATE:865:cc/cr1200f:Ks|Kh/As:-100|100:rocks|deepstack
STATE:866:cr1200f:Kh|As:-100|100:deepstack|rocks
STATE:867:r1200c/:As|Ah/Kh:0|0:rocks|deepstack
STATE:868:r1200f:Qs|Ks:100|-100:deepstack|rocks
STATE:869:cc/cc:Kh|Qs/As:100|-100:rocks|deepstack
STATE:870:cr1200f:Qh|As:-100|100:deepstack|rocks
STATE:871:cc/cc:Qs|Ks/Ah:-100|100:rocks|deepstack
STATE:872:cr1200f:Qh|Ah:-100|100:deepstack|rocks
STATE:873:cr300f:Ks|As:-100|100:rocks|deepstack
STATE:874:cr1200f:Ks|Ah:-100|100:deepstack|rocks
STATE:875:cr1200f:Ks|Qs:-100|100:rocks|deepstack
STATE:876:cc/cc:Ks|Kh/Ah:0|0:deepstack|rocks
STATE:877:cr1200f:Qs|Qh:-100|100:rocks|deepstack
STATE:878:r1200f:Kh|Ks:100|-100:deepstack|rocks
STATE:879:cc/cr300f:Qh|Ks/Kh:-100|100:rocks|deepstack
STATE:880:r1200c/:Qh|Ah/As:-1200|1200:deepstack|rocks
STATE:881:cr300f:Ks|As:-100|100:rocks|deepstack
STATE:882:cr1200f:Kh|Ah:-100|100:deepstack|rocks
STATE:883:cr1200f:Qh|Kh:-100|100:rocks|deepstack
STATE:884:cc/cc:Qh|Kh/As:-100|100:deepstack|rocks
STATE:885:cr300f:Qs|Ah:-100|100:rocks|deepstack
STATE:886:cr1200f:Qs|As:-100|100:deepstack|rocks
STATE:887:cc/cc:Qh|Qs/Ks:0|0:rocks|deepstack
STATE:888:cc/r1200f:Qs|Qh/Ah:100|-100:deepstack|rocks
STATE:889:cr1200f:Qh|Ah:-100|100:rocks|deepstack
STATE:890:cc/r1200f:Ah|Kh/As:100|-100:deepstack|rocks
STATE:891:r1200f:As|Ks:100|-100:rocks|deepstack
STATE:892:cc/cc:Ah|Kh/Qh:100|-100:deepstack|rocks
STATE:893:r1200f:Ah|Qs:100|-100:rocks|deepstack
STATE:894:r1200c/:Ah|As/Qh:0|0:deepstack|rocks
STATE:895:r1200f:Ah|Kh:100|-100:rocks|deepstack
STATE:896:r1200c/:Ks|Ah/Qh:-1200|1200:deepstack|rocks
STATE:897:cc/cc:Qh|Ah/Kh:-100|100:rocks|deepstack
STATE:898:r1200f:Ks|Qh:100|-100:deepstack|rocks
STATE:899:cc/cc:Kh|Qh/Ks:100|-100:rocks|deepstack
STATE:900:r1200f:Qs|Ks:100|-100:deepstack|rocks
STATE:901:cc/cc:Ks|Qs/As:100|-100:rocks|deepstack
STATE:902:cc/cc:Qs|Ks/Ah:-100|100:deepstack|rocks
STATE:903:r1200f:Ah|Qh:100|-100:rocks|deepstack
STATE:904:r1200f:Ks|Qs:100|-100:deepstack|rocks
STATE:905:r1200f:Ah|Qh:100|-100:rocks|deepstack
STATE:906:r1200c/:Qh|Ah/As:-1200|1200:deepstack|rocks
STATE:907:cr300f:Qh|As:-100|100:rocks|deepstack
STATE:908:r1200c/:Kh|Ah/As:-1200|1200:deepstack|rocks
STATE:909:cr300f:Qs|Qh:-100|100:rocks|deepstack
STATE:910:cr1200f:Qh|Ah:-100|100:deepstack|rocks
STATE:911:cc/cr1200f:Qh|Kh/Qs:-100|100:rocks|deepstack
STATE:912:r1200c/:Kh|Ah/Qs:-1200|1200:deepstack|rocks
STATE:913:cc/cr1200f:Ks|Qh/Ah:-100|100:rocks|deepstack
STATE:914:cr1200f:Qs|Ah:-100|100:deepstack|rocks
STATE:915:cr1200f:Qs|As:-100|100:rocks|deepstack
STATE:916:cc/cc:Ks|Qs/Kh:100|-100:deepstack|rocks
STATE:917:cr300f:Ks|Ah:-100|100:rocks|deepstack
STATE:918:r1200c/:Ah|As/Ks:0|0:deepstack|rocks
STATE:919:r1200f:As|Ks:100|-100:rocks|deepstack
STATE:920:cr1200f:Qh|Ah:-100|100:deepstack|rocks
STATE:921:cc/cr1200f:Qs|As/Qh:-100|100:rocks|deepstack
STATE:922:cr1200f:Ks|As:-100|100:deepstack|rocks
STATE:923:r1200f:Ah|Qh:100|-100:rocks|deepstack
STATE:924:r1200f:As|Kh:100|-100:deepstack|rocks
STATE:925:r1200f:Ah|Qs:100|-100:rocks|deepstack
STATE:926:r1200c/:Ks|Ah/Qh:-1200|1200:deepstack|rocks
STATE:927:cr300f:Ks|Kh:-100|100:rocks|deepstack
STATE:928:cc/r1200f:Qs|Kh/As:100|-100:deepstack|rocks
STATE:929:cr1200f:Qh|Ks:-100|100:rocks|deepstack
STATE:930:cr1200f:Ks|As:-100|100:deepstack|rocks
STATE:931:cr1200f:Ks|Qh:-100|100:rocks|deepstack
STATE:932:r1200c/:Qh|As/Ah:-1200|1200:deepstack|rocks
STATE:933:cr1200f:Ks|Ah:-100|100:rocks|deepstack
STATE:934:cr1200f:Ks|Ah:-100|100:deepstack|rocks
STATE:935:r1200f:As|Qh:100|-100:rocks|deepstack
STATE:936:r1200c/:Qs|As/Qh:1200|-1200:deepstack|rocks
STATE:937:cc/cc:Qh|Qs/Ah:0|0:rocks|deepstack
STATE:938:r1200c/:Ks|As/Qs:-1200|1200:deepstack|rocks
STATE:939:cc/cr1200f:Ks|Ah/Kh:-100|100:rocks|deepstack
STATE:940:cc/r1200f:Kh|Qh/Ks:100|-100:deepstack|rocks
STATE:941:r1200f:Ah|Qs:100|-100:rocks|deepstack
STATE:942:r1200c/:Qh|As/Qs:1200|-1200:deepstack|rocks
STATE:943:cc/cc:Qh|Qs/Ah:0|0:rocks|deepstack
STATE:944:cc/cc:As|Qs/Kh:100|-100:deepstack|rocks
STATE:945:cr300f:Ks|As:-100|100:rocks|deepstack
STATE:946:cc/r1200f:Ks|Qs/Ah:100|-100:deepstack|rocks
STATE:947:cr300f:Qs|Qh:-100|100:rocks|deepstack
STATE:948:r1200f:Kh|Ks:100|-100:deepstack|rocks
STATE:949:r1200f:Ah|Kh:100|-100:rocks|deepstack
STATE:950:cc/cc:As|Qh/Ks:100|-100:deepstack|rocks
STATE:951:cr300f:Kh|Ah:-100|100:rocks|deepstack
STATE:952:r1200f:Qs|Ks:100|-100:deepstack|rocks
STATE:953:cr1200f:Kh|Qs:-100|100:rocks|deepstack
STATE:954:cr1200f:Qs|As:-100|100:deepstack|rocks
STATE:955:r1200f:Ah|Kh:100|-100:rocks|deepstack
STATE:956:r1200c/:Qs|As/Ks:-1200|1200:deepstack|rocks
STATE:957:r1200f:Ah|Kh:100|-100:rocks|deepstack
STATE:958:r1200f:As|Qh:100|-100:deepstack|rocks
STATE:959:cc/cr300f:Qh|Ks/Ah:-100|100:rocks|deepstack
STATE:960:r1200f:Ks|Qh:100|-100:deepstack|rocks
STATE:961:r1200f:As|Qh:100|-100:rocks|deepstack
STATE:962:cr1200f:Kh|As:-100|100:deepstack|rocks
STATE:963:r1200f:As|Qh:100|-100:rocks|deepstack
STATE:964:r1200c/:Qh|As/Qs:1200|-1200:deepstack|rocks
STATE:965:cc/cr300f:Qs|Ks/As:-100|100:rocks|deepstack
STATE:966:cc/cc:Qh|Kh/Ah:-100|100:deepstack|rocks
STATE:967:r1200f:As|Ks:100|-100:rocks|deepstack
STATE:968:cc/cc:Ks|Kh/Ah:0|0:deepstack|rocks
STATE:969:cr300f:Ks|As:-100|100:rocks|deepstack
STATE:970:cr1200f:Qh|As:-100|100:deepstack|rocks
STATE:971:cr1200f:Qs|Kh:-100|100:rocks|deepstack
STATE:972:cc/cc:Qs|Ks/Qh:100|-100:deepstack|rocks
STATE:973:r1200f:As|Qs:100|-100:rocks|deepstack
STATE:974:r1200f:As|Kh:100|-100:deepstack|rocks
STATE:975:r1200f:Ah|Qs:100|-100:rocks|deepstack
STATE:976:cc/cc:Qs|Kh/Ks:-100|100:deepstack|rocks
STATE:977:r1200f:As|Kh:100|-100:rocks|deepstack
STATE:978:r1200f:Kh|Ks:100|-100:deepstack|rocks
STATE:979:cc/cr1200f:Ks|Qs/As:-100|100:rocks|deepstack
STATE:980:cc/cc:Qh|Ks/Qs:100|-100:deepstack|rocks
STATE:981:cc/cc:Qs|As/Ks:-100|100:rocks|deepstack
STATE:982:r1200f:Kh|Qs:100|-100:deepstack|rocks
STATE:983:cr1200f:Ks|Qh:-100|100:rocks|deepstack
STATE:984:cc/r1200f:Ks|Kh/Qs:100|-100:deepstack|rocks
STATE:985:r1200c/:As|Ah/Qh:0|0:rocks|deepstack
STATE:986:r1200c/:Ks|Ah/Qh:-1200|1200:deepstack|rocks
STATE:987:cc/cr300f:Qh|Qs/Ks:-100|100:rocks|deepstack
STATE:988:cr1200f:Ks|Ah:-100|100:deepstack|rocks
STATE:989:r1200f:As|Qh:100|-100:rocks|deepstack
STATE:990:cr1200f:Qh|As:-100|100:deepstack|rocks
STATE:991:cc/cc:Qs|Qh/Kh:0|0:rocks|deepstack
STATE:992:cc/cc:Qs|Qh/Ks:0|0:deepstack|rocks
STATE:993:cc/cc:Qs|Ah/Kh:-100|100:rocks|deepstack
STATE:994:cr1200f:Qs|Ah:-100|100:deepstack|rocks
STATE:995:cc/cc:Ks|Kh/Qs:0|0:rocks|deepstack
STATE:996:r1200f:Qs|Qh:100|-100:deepstack|rocks
STATE:997:cc/cr1200f:Ks|Qh/Kh:-100|100:rocks|deepstack
STATE:998:r1200c/:Qs|Ah/Kh:-1200|1200:deepstack|rocks
STATE:999:cr1200f:Ks|Qh:-100|100:rocks|deepstack
SCORE:-4700|4700:deepstack|rocks
