# name/game/hands/seed strongadaptive_v_biasDS_1k ./DeepStack-Leduc/ACPCServer/leduc.game 1000 3
#--t_response 600000
#--t_hand 600000
#--t_per_hand 7000
STATE:0:cc/r300f:Ks|Qs/Kh:100|-100:deepstack|strongadaptive_rocks
STATE:1:cr300f:Qs|Qh:-100|100:strongadaptive_rocks|deepstack
STATE:2:cc/r1200f:Qh|As/Kh:100|-100:deepstack|strongadaptive_rocks
STATE:3:cc/cc:Kh|Ks/Qs:0|0:strongadaptive_rocks|deepstack
STATE:4:r1200f:As|Ks:100|-100:deepstack|strongadaptive_rocks
STATE:5:cr300f:Kh|Qh:-100|100:strongadaptive_rocks|deepstack
STATE:6:r1200f:Ah|Ks:100|-100:deepstack|strongadaptive_rocks
STATE:7:cr1200c/:As|Kh/Ah:1200|-1200:strongadaptive_rocks|deepstack
STATE:8:r1200f:Qh|Qs:100|-100:deepstack|strongadaptive_rocks
STATE:9:cc/cc:Qh|Ks/Ah:-100|100:strongadaptive_rocks|deepstack
STATE:10:r1200f:Qh|Kh:100|-100:deepstack|strongadaptive_rocks
STATE:11:cc/cr1200f:Kh|Ks/Ah:-100|100:strongadaptive_rocks|deepstack
STATE:12:r1200f:As|Qh:100|-100:deepstack|strongadaptive_rocks
STATE:13:cr300f:Qs|As:-100|100:strongadaptive_rocks|deepstack
STATE:14:cc/r300f:Ah|Qh/As:100|-100:deepstack|strongadaptive_rocks
STATE:15:cr300f:Qs|Kh:-100|100:strongadaptive_rocks|deepstack
STATE:16:cc/r1200f:Qs|Kh/As:100|-100:deepstack|strongadaptive_rocks
STATE:17:cc/cr1200f:Ks|As/Qh:-100|100:strongadaptive_rocks|deepstack
STATE:18:cc/r1200f:Ah|Qh/Kh:100|-100:deepstack|strongadaptive_rocks
STATE:19:cr300f:Kh|As:-100|100:strongadaptive_rocks|deepstack
STATE:20:cc/r1200f:Ks|Qs/Ah:100|-100:deepstack|strongadaptive_rocks
STATE:21:cr300f:Qh|Ks:-100|100:strongadaptive_rocks|deepstack
STATE:22:r1200f:Ah|Qs:100|-100:deepstack|strongadaptive_rocks
STATE:23:cc/cr300f:Kh|Qs/Qh:-100|100:strongadaptive_rocks|deepstack
STATE:24:r1200c/:As|Ah/Kh:0|0:deepstack|strongadaptive_rocks
STATE:25:cr1200c/:Ah|Qs/Kh:1200|-1200:strongadaptive_rocks|deepstack
STATE:26:r1200f:Kh|Qh:100|-100:deepstack|strongadaptive_rocks
STATE:27:cr300f:Qs|As:-100|100:strongadaptive_rocks|deepstack
STATE:28:r1200f:Ah|Qh:100|-100:deepstack|strongadaptive_rocks
STATE:29:cr1200c/:As|Ah/Qs:0|0:strongadaptive_rocks|deepstack
STATE:30:cc/cc:Qh|As/Ks:-100|100:deepstack|strongadaptive_rocks
STATE:31:cr1200f:Ks|Qh:-100|100:strongadaptive_rocks|deepstack
STATE:32:cc/cc:As|Ah/Qs:0|0:deepstack|strongadaptive_rocks
STATE:33:cc/cr1200f:Kh|Qs/Ah:-100|100:strongadaptive_rocks|deepstack
STATE:34:r1200f:Ks|Qs:100|-100:deepstack|strongadaptive_rocks
STATE:35:cr1200f:Ks|Kh:-100|100:strongadaptive_rocks|deepstack
STATE:36:cc/cc:Ah|Qh/Ks:100|-100:deepstack|strongadaptive_rocks
STATE:37:cc/cc:Ah|Kh/Qh:100|-100:strongadaptive_rocks|deepstack
STATE:38:r1200f:Ah|Kh:100|-100:deepstack|strongadaptive_rocks
STATE:39:cr1200f:Ks|Qh:-100|100:strongadaptive_rocks|deepstack
STATE:40:cc/cr300f:Qh|Ks/Kh:-100|100:deepstack|strongadaptive_rocks
STATE:41:cc/cc:Qs|Ah/Qh:100|-100:strongadaptive_rocks|deepstack
STATE:42:r1200f:Qh|Qs:100|-100:deepstack|strongadaptive_rocks
STATE:43:cr1200f:Qh|As:-100|100:strongadaptive_rocks|deepstack
STATE:44:r1200f:As|Qh:100|-100:deepstack|strongadaptive_rocks
STATE:45:cr300f:Ks|Ah:-100|100:strongadaptive_rocks|deepstack
STATE:46:cc/cc:Qs|Qh/Ah:0|0:deepstack|strongadaptive_rocks
STATE:47:cc/cr1200f:Ah|Qs/Qh:-100|100:strongadaptive_rocks|deepstack
STATE:48:r1200f:Ah|Ks:100|-100:deepstack|strongadaptive_rocks
STATE:49:cr300f:Kh|As:-100|100:strongadaptive_rocks|deepstack
STATE:50:cc/cc:Qh|Ks/Qs:100|-100:deepstack|strongadaptive_rocks
STATE:51:cc/cr1200c:Qh|Kh/Qs:1200|-1200:strongadaptive_rocks|deepstack
STATE:52:cc/cr300f:As|Qs/Qh:-100|100:deepstack|strongadaptive_rocks
STATE:53:cc/cr1200f:Kh|Ks/Qs:-100|100:strongadaptive_rocks|deepstack
STATE:54:r1200c/:Qh|As/Qs:1200|-1200:deepstack|strongadaptive_rocks
STATE:55:cr1200f:Qh|As:-100|100:strongadaptive_rocks|deepstack
STATE:56:r1200f:Ah|Ks:100|-100:deepstack|strongadaptive_rocks
STATE:57:cr1200c/:As|Kh/Ks:-1200|1200:strongadaptive_rocks|deepstack
STATE:58:cc/cc:Qs|As/Qh:100|-100:deepstack|strongadaptive_rocks
STATE:59:cr1200c/:Ah|Qs/Qh:-1200|1200:strongadaptive_rocks|deepstack
STATE:60:r300c/r1200f:Qs|As/Ks:300|-300:deepstack|strongadaptive_rocks
STATE:61:cr1200f:Qh|Ah:-100|100:strongadaptive_rocks|deepstack
STATE:62:r1200c/:Ks|As/Qh:-1200|1200:deepstack|strongadaptive_rocks
STATE:63:cc/cr1200f:Qs|Qh/Kh:-100|100:strongadaptive_rocks|deepstack
STATE:64:cc/cc:Ks|As/Qh:-100|100:deepstack|strongadaptive_rocks
STATE:65:cr1200c/:As|Ks/Qs:1200|-1200:strongadaptive_rocks|deepstack
STATE:66:cc/cc:Kh|Qs/Ah:100|-100:deepstack|strongadaptive_rocks
STATE:67:cc/cc:Kh|Qh/Ks:100|-100:strongadaptive_rocks|deepstack
STATE:68:r1200c/:Qs|Ah/Qh:1200|-1200:deepstack|strongadaptive_rocks
STATE:69:cc/cr300f:Kh|Qs/Qh:-100|100:strongadaptive_rocks|deepstack
STATE:70:cc/r1200f:Kh|As/Qh:100|-100:deepstack|strongadaptive_rocks
STATE:71:cc/cr300f:Ks|Qs/Qh:-100|100:strongadaptive_rocks|deepstack
STATE:72:cc/r1200c:Ks|Qs/Qh:-1200|1200:deepstack|strongadaptive_rocks
STATE:73:cr300f:Qh|As:-100|100:strongadaptive_rocks|deepstack
STATE:74:r1200f:Ks|Qs:100|-100:deepstack|strongadaptive_rocks
STATE:75:cr1200c/:As|Ah/Qs:0|0:strongadaptive_rocks|deepstack
STATE:76:cc/cr300f:Qh|Ah/As:-100|100:deepstack|strongadaptive_rocks
STATE:77:cc/cc:As|Qh/Kh:100|-100:strongadaptive_rocks|deepstack
STATE:78:cc/cc:Kh|Ks/Qs:0|0:deepstack|strongadaptive_rocks
STATE:79:cr300f:Qh|Ah:-100|100:strongadaptive_rocks|deepstack
STATE:80:cc/r300r1200f:Qs|Kh/Ks:-300|300:deepstack|strongadaptive_rocks
STATE:81:cr300f:Qs|As:-100|100:strongadaptive_rocks|deepstack
STATE:82:cc/cc:Kh|Qs/Ks:100|-100:deepstack|strongadaptive_rocks
STATE:83:cr300f:Ks|Kh:-100|100:strongadaptive_rocks|deepstack
STATE:84:r1200f:As|Qs:100|-100:deepstack|strongadaptive_rocks
STATE:85:cc/cr1200f:Ah|Qs/Ks:-100|100:strongadaptive_rocks|deepstack
STATE:86:cc/r1200c:Ks|As/Ah:-1200|1200:deepstack|strongadaptive_rocks
STATE:87:cr1200c/:Ah|As/Ks:0|0:strongadaptive_rocks|deepstack
STATE:88:r1200f:As|Qh:100|-100:deepstack|strongadaptive_rocks
STATE:89:cc/r300f:Ah|Qh/As:100|-100:strongadaptive_rocks|deepstack
STATE:90:cc/cc:Qh|Qs/Ks:0|0:deepstack|strongadaptive_rocks
STATE:91:cr1200c/:As|Kh/Ks:-1200|1200:strongadaptive_rocks|deepstack
STATE:92:r1200f:Qh|Ks:100|-100:deepstack|strongadaptive_rocks
STATE:93:cr300f:Qs|Kh:-100|100:strongadaptive_rocks|deepstack
STATE:94:r1200f:As|Qh:100|-100:deepstack|strongadaptive_rocks
STATE:95:cc/cr300f:Qs|Qh/Ks:-100|100:strongadaptive_rocks|deepstack
STATE:96:cc/r1200f:Ks|Qh/Kh:100|-100:deepstack|strongadaptive_rocks
STATE:97:cr300r1200f:As|Ks:300|-300:strongadaptive_rocks|deepstack
STATE:98:r1200c/:Kh|As/Ah:-1200|1200:deepstack|strongadaptive_rocks
STATE:99:cr1200c/:Ah|Ks/As:1200|-1200:strongadaptive_rocks|deepstack
STATE:100:cc/cc:Qs|Ah/Ks:-100|100:deepstack|strongadaptive_rocks
STATE:101:cc/cr1200f:Ks|Qs/Ah:-100|100:strongadaptive_rocks|deepstack
STATE:102:r1200c/:Qs|Ah/Kh:-1200|1200:deepstack|strongadaptive_rocks
STATE:103:cr1200f:Qs|Ah:-100|100:strongadaptive_rocks|deepstack
STATE:104:cc/cc:Qh|Qs/Ah:0|0:deepstack|strongadaptive_rocks
STATE:105:cr300f:Qs|Ah:-100|100:strongadaptive_rocks|deepstack
STATE:106:r1200c/:Qh|Ah/Ks:-1200|1200:deepstack|strongadaptive_rocks
STATE:107:cr300f:Qs|Ah:-100|100:strongadaptive_rocks|deepstack
STATE:108:cc/cc:Ah|Qs/Kh:100|-100:deepstack|strongadaptive_rocks
STATE:109:cr1200c/:As|Ah/Kh:0|0:strongadaptive_rocks|deepstack
STATE:110:cc/cc:Qh|Ah/Ks:-100|100:deepstack|strongadaptive_rocks
STATE:111:cc/cr1200f:Kh|Qs/Qh:-100|100:strongadaptive_rocks|deepstack
STATE:112:cc/cc:Qh|Ah/Qs:100|-100:deepstack|strongadaptive_rocks
STATE:113:cr1200f:Qs|Qh:-100|100:strongadaptive_rocks|deepstack
STATE:114:cc/r300r900f:Ks|Ah/As:-300|300:deepstack|strongadaptive_rocks
STATE:115:cc/cc:Qs|Kh/Ah:-100|100:strongadaptive_rocks|deepstack
STATE:116:cc/r1200f:Qh|Qs/Ah:100|-100:deepstack|strongadaptive_rocks
STATE:117:cr1200f:Kh|Qh:-100|100:strongadaptive_rocks|deepstack
STATE:118:r1200f:Ah|Ks:100|-100:deepstack|strongadaptive_rocks
STATE:119:cr300f:Kh|As:-100|100:strongadaptive_rocks|deepstack
STATE:120:cc/cc:Ah|As/Qh:0|0:deepstack|strongadaptive_rocks
STATE:121:cc/cc:Qh|Ah/Qs:100|-100:strongadaptive_rocks|deepstack
STATE:122:r1200c/:Qh|Ah/Ks:-1200|1200:deepstack|strongadaptive_rocks
STATE:123:cc/cr1200f:As|Ks/Kh:-100|100:strongadaptive_rocks|deepstack
STATE:124:r1200f:Kh|Qh:100|-100:deepstack|strongadaptive_rocks
STATE:125:cc/cr300f:Qh|Kh/Ks:-100|100:strongadaptive_rocks|deepstack
STATE:126:cc/cc:Ks|As/Kh:100|-100:deepstack|strongadaptive_rocks
STATE:127:cc/cc:Ks|Qs/Ah:100|-100:strongadaptive_rocks|deepstack
STATE:128:cc/r1200f:Qh|Kh/As:100|-100:deepstack|strongadaptive_rocks
STATE:129:cr1200f:Qh|As:-100|100:strongadaptive_rocks|deepstack
STATE:130:cc/cr300c:Kh|As/Ah:-300|300:deepstack|strongadaptive_rocks
STATE:131:cr1200f:Kh|Qh:-100|100:strongadaptive_rocks|deepstack
STATE:132:r1200f:Qs|Ks:100|-100:deepstack|strongadaptive_rocks
STATE:133:cr1200c/:Ah|Qh/Kh:1200|-1200:strongadaptive_rocks|deepstack
STATE:134:cc/r1200f:Ks|As/Qs:100|-100:deepstack|strongadaptive_rocks
STATE:135:cr1200c/:As|Ah/Qs:0|0:strongadaptive_rocks|deepstack
STATE:136:cc/r1200f:As|Qh/Kh:100|-100:deepstack|strongadaptive_rocks
STATE:137:cc/r1200f:As|Kh/Ah:100|-100:strongadaptive_rocks|deepstack
STATE:138:r1200f:As|Qh:100|-100:deepstack|strongadaptive_rocks
STATE:139:cc/cr1200f:Qs|Ks/Kh:-100|100:strongadaptive_rocks|deepstack
STATE:140:cc/r1200f:Qs|As/Ks:100|-100:deepstack|strongadaptive_rocks
STATE:141:cc/cr300f:Ks|Kh/Qs:-100|100:strongadaptive_rocks|deepstack
STATE:142:cc/r1200f:Ah|Kh/Qs:100|-100:deepstack|strongadaptive_rocks
STATE:143:cc/cr300f:Qs|Kh/As:-100|100:strongadaptive_rocks|deepstack
STATE:144:cc/cc:Qs|Ah/Qh:100|-100:deepstack|strongadaptive_rocks
STATE:145:cr1200c/:Ah|Qh/As:1200|-1200:strongadaptive_rocks|deepstack
STATE:146:r1200c/:Qh|Ah/Ks:-1200|1200:deepstack|strongadaptive_rocks
STATE:147:cr1200f:Qs|Qh:-100|100:strongadaptive_rocks|deepstack
STATE:148:cc/r1200c:Ah|Qh/Qs:-1200|1200:deepstack|strongadaptive_rocks
STATE:149:cr1200c/:As|Ks/Qh:1200|-1200:strongadaptive_rocks|deepstack
STATE:150:r1200f:As|Qs:100|-100:deepstack|strongadaptive_rocks
STATE:151:cc/r1200f:As|Ks/Ah:100|-100:strongadaptive_rocks|deepstack
STATE:152:cc/cc:Ks|Qh/Kh:100|-100:deepstack|strongadaptive_rocks
STATE:153:cr300f:Qs|Kh:-100|100:strongadaptive_rocks|deepstack
STATE:154:cc/cr300r1200c:Qs|As/Ah:-1200|1200:deepstack|strongadaptive_rocks
STATE:155:cc/cr1200f:Ks|Qh/As:-100|100:strongadaptive_rocks|deepstack
STATE:156:cc/r300f:Qs|Ks/Ah:100|-100:deepstack|strongadaptive_rocks
STATE:157:cr1200c/:Ah|Qh/Kh:1200|-1200:strongadaptive_rocks|deepstack
STATE:158:cc/r1200f:Qh|Ks/As:100|-100:deepstack|strongadaptive_rocks
STATE:159:cc/cc:Qs|Qh/As:0|0:strongadaptive_rocks|deepstack
STATE:160:r1200f:Kh|Qh:100|-100:deepstack|strongadaptive_rocks
STATE:161:cr1200f:Qs|As:-100|100:strongadaptive_rocks|deepstack
STATE:162:cc/cc:Kh|As/Qs:-100|100:deepstack|strongadaptive_rocks
STATE:163:cc/cr1200f:Kh|Qh/As:-100|100:strongadaptive_rocks|deepstack
STATE:164:r1200f:As|Ks:100|-100:deepstack|strongadaptive_rocks
STATE:165:cr300r1200f:As|Ks:300|-300:strongadaptive_rocks|deepstack
STATE:166:r1200f:Qh|Kh:100|-100:deepstack|strongadaptive_rocks
STATE:167:cc/cr1200f:Ah|Qh/Qs:-100|100:strongadaptive_rocks|deepstack
STATE:168:r1200f:As|Kh:100|-100:deepstack|strongadaptive_rocks
STATE:169:cr300f:Ks|Ah:-100|100:strongadaptive_rocks|deepstack
STATE:170:r1200f:As|Ks:100|-100:deepstack|strongadaptive_rocks
STATE:171:cc/cc:Qh|As/Qs:100|-100:strongadaptive_rocks|deepstack
STATE:172:cc/r300f:Qs|Kh/Qh:100|-100:deepstack|strongadaptive_rocks
STATE:173:cr300f:Ks|Ah:-100|100:strongadaptive_rocks|deepstack
STATE:174:r1200c/:Qs|As/Ks:-1200|1200:deepstack|strongadaptive_rocks
STATE:175:cc/cr300r1200f:Kh|Qh/Ks:300|-300:strongadaptive_rocks|deepstack
STATE:176:r1200f:Kh|Qh:100|-100:deepstack|strongadaptive_rocks
STATE:177:cc/r300c:Ah|Ks/As:300|-300:strongadaptive_rocks|deepstack
STATE:178:r1200f:Qh|Qs:100|-100:deepstack|strongadaptive_rocks
STATE:179:cr300f:Ks|Kh:-100|100:strongadaptive_rocks|deepstack
STATE:180:cc/r1200f:Qh|Ah/Ks:100|-100:deepstack|strongadaptive_rocks
STATE:181:cc/cr300f:As|Ks/Qs:-100|100:strongadaptive_rocks|deepstack
STATE:182:cc/cc:Qh|Qs/Kh:0|0:deepstack|strongadaptive_rocks
STATE:183:cc/cr1200f:Ah|Qs/Qh:-100|100:strongadaptive_rocks|deepstack
STATE:184:cc/cc:Qh|Kh/Qs:100|-100:deepstack|strongadaptive_rocks
STATE:185:cr300f:Kh|Ah:-100|100:strongadaptive_rocks|deepstack
STATE:186:r1200f:Qs|Kh:100|-100:deepstack|strongadaptive_rocks
STATE:187:cc/r1200f:As|Qs/Ah:100|-100:strongadaptive_rocks|deepstack
STATE:188:cc/r1200c:Qh|Ks/Kh:-1200|1200:deepstack|strongadaptive_rocks
STATE:189:cr300r1200f:As|Kh:300|-300:strongadaptive_rocks|deepstack
STATE:190:cc/r1200f:Kh|Qh/Ks:100|-100:deepstack|strongadaptive_rocks
STATE:191:cr1200f:Kh|Qs:-100|100:strongadaptive_rocks|deepstack
STATE:192:cc/cc:Kh|Ah/Qh:-100|100:deepstack|strongadaptive_rocks
STATE:193:cc/cr300f:Qh|Ks/Kh:-100|100:strongadaptive_rocks|deepstack
STATE:194:cc/r300r1200f:Kh|Qs/Qh:-300|300:deepstack|strongadaptive_rocks
STATE:195:cr300f:Qh|Ah:-100|100:strongadaptive_rocks|deepstack
STATE:196:r1200c/:Qs|Ah/As:-1200|1200:deepstack|strongadaptive_rocks
STATE:197:cc/cr300f:Ah|Qh/Qs:-100|100:strongadaptive_rocks|deepstack
STATE:198:cc/r1200f:Qs|Ks/As:100|-100:deepstack|strongadaptive_rocks
STATE:199:cr1200f:Kh|As:-100|100:strongadaptive_rocks|deepstack
STATE:200:cc/cc:Qh|Qs/Kh:0|0:deepstack|strongadaptive_rocks
STATE:201:cc/cc:Qh|Kh/Qs:100|-100:strongadaptive_rocks|deepstack
STATE:202:r1200c/:Qs|Ah/Ks:-1200|1200:deepstack|strongadaptive_rocks
STATE:203:cr1200c/:Ah|Kh/Ks:-1200|1200:strongadaptive_rocks|deepstack
STATE:204:r1200f:As|Qs:100|-100:deepstack|strongadaptive_rocks
STATE:205:cr300f:Ks|Ah:-100|100:strongadaptive_rocks|deepstack
STATE:206:r1200c/:Ah|As/Ks:0|0:deepstack|strongadaptive_rocks
STATE:207:cr300r1200f:Ah|Qs:300|-300:strongadaptive_rocks|deepstack
STATE:208:cc/r1200c:Ah|Ks/Kh:-1200|1200:deepstack|strongadaptive_rocks
STATE:209:cr300f:Qs|As:-100|100:strongadaptive_rocks|deepstack
STATE:210:cc/r1200f:Ks|Qh/As:100|-100:deepstack|strongadaptive_rocks
STATE:211:cc/cc:Qh|Qs/As:0|0:strongadaptive_rocks|deepstack
STATE:212:cc/cc:Ks|As/Qs:-100|100:deepstack|strongadaptive_rocks
STATE:213:cc/cc:Qh|Ks/As:-100|100:strongadaptive_rocks|deepstack
STATE:214:cc/cc:Qh|As/Ks:-100|100:deepstack|strongadaptive_rocks
STATE:215:cc/cr1200f:Ks|Ah/As:-100|100:strongadaptive_rocks|deepstack
STATE:216:r1200f:As|Qs:100|-100:deepstack|strongadaptive_rocks
STATE:217:cr300f:Ks|Ah:-100|100:strongadaptive_rocks|deepstack
STATE:218:r1200c/:As|Ah/Kh:0|0:deepstack|strongadaptive_rocks
STATE:219:cr300f:Qh|Ah:-100|100:strongadaptive_rocks|deepstack
STATE:220:cc/r300f:Ah|Qs/As:100|-100:deepstack|strongadaptive_rocks
STATE:221:cc/cc:Ks|Qh/As:100|-100:strongadaptive_rocks|deepstack
STATE:222:r1200f:Kh|Ks:100|-100:deepstack|strongadaptive_rocks
STATE:223:cr1200c/:Ah|Qh/Kh:1200|-1200:strongadaptive_rocks|deepstack
STATE:224:cc/r1200f:Kh|Ah/Qs:100|-100:deepstack|strongadaptive_rocks
STATE:225:cr300f:Kh|As:-100|100:strongadaptive_rocks|deepstack
STATE:226:cc/cc:Kh|Ah/Ks:100|-100:deepstack|strongadaptive_rocks
STATE:227:cr300r1200c/:Ah|As/Ks:0|0:strongadaptive_rocks|deepstack
STATE:228:r1200c/:As|Ah/Qh:0|0:deepstack|strongadaptive_rocks
STATE:229:cc/cc:Ks|Qh/Kh:100|-100:strongadaptive_rocks|deepstack
STATE:230:cc/cc:Qs|Kh/Qh:100|-100:deepstack|strongadaptive_rocks
STATE:231:cr300r1200f:As|Kh:300|-300:strongadaptive_rocks|deepstack
STATE:232:cc/r300f:Kh|Ks/As:100|-100:deepstack|strongadaptive_rocks
STATE:233:cr1200f:Qh|Kh:-100|100:strongadaptive_rocks|deepstack
STATE:234:cc/r1200f:Ks|Kh/As:100|-100:deepstack|strongadaptive_rocks
STATE:235:cc/cc:Kh|Qs/Ks:100|-100:strongadaptive_rocks|deepstack
STATE:236:cc/cc:Qh|Ks/Qs:100|-100:deepstack|strongadaptive_rocks
STATE:237:cc/cr300f:Ah|Kh/Ks:-100|100:strongadaptive_rocks|deepstack
STATE:238:r1200f:As|Ks:100|-100:deepstack|strongadaptive_rocks
STATE:239:cc/cc:Ks|Qs/As:100|-100:strongadaptive_rocks|deepstack
STATE:240:r1200f:Ah|Qs:100|-100:deepstack|strongadaptive_rocks
STATE:241:cr1200c/:Ah|Ks/Kh:-1200|1200:strongadaptive_rocks|deepstack
STATE:242:cc/cc:Ks|Kh/Ah:0|0:deepstack|strongadaptive_rocks
STATE:243:cc/cr1200f:Ah|Kh/Qh:-100|100:strongadaptive_rocks|deepstack
STATE:244:r1200f:Ah|Kh:100|-100:deepstack|strongadaptive_rocks
STATE:245:cr300f:Qh|Ah:-100|100:strongadaptive_rocks|deepstack
STATE:246:cc/cr300c:Kh|As/Ah:-300|300:deepstack|strongadaptive_rocks
STATE:247:cc/cr300f:Ah|Kh/Qs:-100|100:strongadaptive_rocks|deepstack
STATE:248:cc/r1200f:Ah|Qs/As:100|-100:deepstack|strongadaptive_rocks
STATE:249:cr300f:Qs|As:-100|100:strongadaptive_rocks|deepstack
STATE:250:cc/r1200f:Ks|Kh/As:100|-100:deepstack|strongadaptive_rocks
STATE:251:cr1200f:Qh|As:-100|100:strongadaptive_rocks|deepstack
STATE:252:r1200f:Ah|Kh:100|-100:deepstack|strongadaptive_rocks
STATE:253:cr1200f:Ks|As:-100|100:strongadaptive_rocks|deepstack
STATE:254:r1200c/:Ah|As/Kh:0|0:deepstack|strongadaptive_rocks
STATE:255:cc/cr1200f:Kh|Ks/As:-100|100:strongadaptive_rocks|deepstack
STATE:256:r1200f:Ks|Qs:100|-100:deepstack|strongadaptive_rocks
STATE:257:cr300r1200c/:As|Ah/Qs:0|0:strongadaptive_rocks|deepstack
STATE:258:cc/r1200f:Qh|Qs/Ks:100|-100:deepstack|strongadaptive_rocks
STATE:259:cr1200f:Qh|Qs:-100|100:strongadaptive_rocks|deepstack
STATE:260:cc/cc:Qh|Ks/Ah:-100|100:deepstack|strongadaptive_rocks
STATE:261:cr1200f:Ks|As:-100|100:strongadaptive_rocks|deepstack
STATE:262:cc/cc:Qh|Kh/Ah:-100|100:deepstack|strongadaptive_rocks
STATE:263:cc/cc:Kh|Ks/As:0|0:strongadaptive_rocks|deepstack
STATE:264:cc/r1200f:Kh|As/Qh:100|-100:deepstack|strongadaptive_rocks
STATE:265:cr300f:Kh|Qh:-100|100:strongadaptive_rocks|deepstack
STATE:266:cc/cc:Ks|As/Qs:-100|100:deepstack|strongadaptive_rocks
STATE:267:cr1200f:Qh|Ks:-100|100:strongadaptive_rocks|deepstack
STATE:268:cc/cr300c:Ah|Ks/Kh:-300|300:deepstack|strongadaptive_rocks
STATE:269:cr300f:Ks|Kh:-100|100:strongadaptive_rocks|deepstack
STATE:270:r1200c/:Ks|Ah/Qh:-1200|1200:deepstack|strongadaptive_rocks
STATE:271:cc/cc:Ks|Qh/Kh:100|-100:strongadaptive_rocks|deepstack
STATE:272:cc/cr300r1200c:Qs|Ks/Kh:-1200|1200:deepstack|strongadaptive_rocks
STATE:273:cr1200f:Ks|Qs:-100|100:strongadaptive_rocks|deepstack
STATE:274:cc/cc:Qh|Ah/Kh:-100|100:deepstack|strongadaptive_rocks
STATE:275:cr1200f:Kh|Ah:-100|100:strongadaptive_rocks|deepstack
STATE:276:cc/r300f:Kh|As/Ks:100|-100:deepstack|strongadaptive_rocks
STATE:277:cc/cc:Ks|Kh/Ah:0|0:strongadaptive_rocks|deepstack
STATE:278:cc/cc:Qh|Ah/Qs:100|-100:deepstack|strongadaptive_rocks
STATE:279:cr300f:Ks|As:-100|100:strongadaptive_rocks|deepstack
STATE:280:cc/cc:Qs|Qh/As:0|0:deepstack|strongadaptive_rocks
STATE:281:cc/cr300f:As|Qs/Qh:-100|100:strongadaptive_rocks|deepstack
STATE:282:r1200c/:Ah|As/Qh:0|0:deepstack|strongadaptive_rocks
STATE:283:cr1200c/:Ah|Kh/Qs:1200|-1200:strongadaptive_rocks|deepstack
STATE:284:r1200f:As|Kh:100|-100:deepstack|strongadaptive_rocks
STATE:285:cr300f:Qs|Ah:-100|100:strongadaptive_rocks|deepstack
STATE:286:cc/cc:Qs|Qh/As:0|0:deepstack|strongadaptive_rocks
STATE:287:cr300r1200f:Ah|Ks:300|-300:strongadaptive_rocks|deepstack
STATE:288:cc/cr300r1200c:Ah|Kh/Ks:-1200|1200:deepstack|strongadaptive_rocks
STATE:289:cr300r1200c/:As|Ah/Ks:0|0:strongadaptive_rocks|deepstack
STATE:290:r1200f:As|Qs:100|-100:deepstack|strongadaptive_rocks
STATE:291:cc/cc:Qs|Ks/Qh:100|-100:strongadaptive_rocks|deepstack
STATE:292:r1200c/:As|Ah/Kh:0|0:deepstack|strongadaptive_rocks
STATE:293:cc/cr1200f:Ah|Ks/Qh:-100|100:strongadaptive_rocks|deepstack
STATE:294:r1200c/:Ks|As/Kh:1200|-1200:deepstack|strongadaptive_rocks
STATE:295:cr300r1200c/:As|Ah/Kh:0|0:strongadaptive_rocks|deepstack
STATE:296:cc/cc:Qs|Ah/Kh:-100|100:deepstack|strongadaptive_rocks
STATE:297:cr1200c/:As|Qs/Qh:-1200|1200:strongadaptive_rocks|deepstack
STATE:298:r1200f:As|Qh:100|-100:deepstack|strongadaptive_rocks
STATE:299:cc/cc:Qs|Ks/As:-100|100:strongadaptive_rocks|deepstack
STATE:300:cc/cc:Qh|Qs/Kh:0|0:deepstack|strongadaptive_rocks
STATE:301:cr300f:Qs|As:-100|100:strongadaptive_rocks|deepstack
STATE:302:r1200f:As|Kh:100|-100:deepstack|strongadaptive_rocks
STATE:303:cc/cc:Qh|Qs/Ks:0|0:strongadaptive_rocks|deepstack
STATE:304:r1200f:Ah|Qs:100|-100:deepstack|strongadaptive_rocks
STATE:305:cr1200c/:Ah|Qs/Ks:1200|-1200:strongadaptive_rocks|deepstack
STATE:306:cc/cc:Kh|As/Qs:-100|100:deepstack|strongadaptive_rocks
STATE:307:cr1200c/:As|Ks/Kh:-1200|1200:strongadaptive_rocks|deepstack
STATE:308:r1200c/:Kh|Ah/Qs:-1200|1200:deepstack|strongadaptive_rocks
STATE:309:cc/cr300f:Qh|Kh/Ah:-100|100:strongadaptive_rocks|deepstack
STATE:310:r1200f:Ah|Ks:100|-100:deepstack|strongadaptive_rocks
STATE:311:cc/cc:As|Qh/Ks:100|-100:strongadaptive_rocks|deepstack
STATE:312:r1200c/:Ks|As/Kh:1200|-1200:deepstack|strongadaptive_rocks
STATE:313:cr300f:Ks|Ah:-100|100:strongadaptive_rocks|deepstack
STATE:314:cc/cc:Qh|As/Kh:-100|100:deepstack|strongadaptive_rocks
STATE:315:cr300f:Ks|As:-100|100:strongadaptive_rocks|deepstack
STATE:316:cc/r1200f:Kh|Ks/Qh:100|-100:deepstack|strongadaptive_rocks
STATE:317:cc/cc:Kh|Qh/As:100|-100:strongadaptive_rocks|deepstack
STATE:318:r1200f:Qh|Kh:100|-100:deepstack|strongadaptive_rocks
STATE:319:cr300f:Ks|Qh:-100|100:strongadaptive_rocks|deepstack
STATE:320:r1200c/:As|Ah/Qs:0|0:deepstack|strongadaptive_rocks
STATE:321:cr300f:Ks|Kh:-100|100:strongadaptive_rocks|deepstack
STATE:322:cc/cr300f:Ks|Qs/Qh:-100|100:deepstack|strongadaptive_rocks
STATE:323:cr1200f:Ks|Kh:-100|100:strongadaptive_rocks|deepstack
STATE:324:cc/r1200f:Kh|Qs/Ks:100|-100:deepstack|strongadaptive_rocks
STATE:325:cr300f:Ks|As:-100|100:strongadaptive_rocks|deepstack
STATE:326:r1200c/:Ks|Ah/Kh:1200|-1200:deepstack|strongadaptive_rocks
STATE:327:cr300r1200f:Ah|Qs:300|-300:strongadaptive_rocks|deepstack
STATE:328:r1200f:Kh|Ks:100|-100:deepstack|strongadaptive_rocks
STATE:329:cr1200f:Qs|As:-100|100:strongadaptive_rocks|deepstack
STATE:330:cc/cr300r1200c:Ah|Kh/Ks:-1200|1200:deepstack|strongadaptive_rocks
STATE:331:cr1200f:Ks|Qh:-100|100:strongadaptive_rocks|deepstack
STATE:332:cc/r1200f:Ks|Qs/Ah:100|-100:deepstack|strongadaptive_rocks
STATE:333:cc/cc:As|Ah/Qs:0|0:strongadaptive_rocks|deepstack
STATE:334:cc/cc:Ks|Qs/Ah:100|-100:deepstack|strongadaptive_rocks
STATE:335:cr300r1200f:Ah|Qh:300|-300:strongadaptive_rocks|deepstack
STATE:336:cc/r300f:Qs|Qh/Kh:100|-100:deepstack|strongadaptive_rocks
STATE:337:cr300f:Kh|Ah:-100|100:strongadaptive_rocks|deepstack
STATE:338:cc/cc:Kh|Ah/Qh:-100|100:deepstack|strongadaptive_rocks
STATE:339:cc/cr300f:As|Ks/Kh:-100|100:strongadaptive_rocks|deepstack
STATE:340:cc/r1200f:Ks|Kh/Qs:100|-100:deepstack|strongadaptive_rocks
STATE:341:cr300r1200c/:As|Ah/Qh:0|0:strongadaptive_rocks|deepstack
STATE:342:r1200c/:Kh|Ah/As:-1200|1200:deepstack|strongadaptive_rocks
STATE:343:cc/cr1200f:Ks|Qs/Ah:-100|100:strongadaptive_rocks|deepstack
STATE:344:r1200f:As|Ks:100|-100:deepstack|strongadaptive_rocks
STATE:345:cr1200c/:Ah|As/Qs:0|0:strongadaptive_rocks|deepstack
STATE:346:cc/cc:Ks|Qh/Kh:100|-100:deepstack|strongadaptive_rocks
STATE:347:cc/cr300f:As|Ks/Qs:-100|100:strongadaptive_rocks|deepstack
STATE:348:cc/r1200f:Qh|Qs/Ah:100|-100:deepstack|strongadaptive_rocks
STATE:349:cc/cr1200f:Ks|Ah/Qh:-100|100:strongadaptive_rocks|deepstack
STATE:350:r1200f:Qh|Ks:100|-100:deepstack|strongadaptive_rocks
STATE:351:cc/cr300f:Kh|Qh/Qs:-100|100:strongadaptive_rocks|deepstack
STATE:352:cc/r1200f:Ks|Qs/Ah:100|-100:deepstack|strongadaptive_rocks
STATE:353:cr1200f:Kh|Ah:-100|100:strongadaptive_rocks|deepstack
STATE:354:cc/cc:Qs|Ks/Qh:100|-100:deepstack|strongadaptive_rocks
STATE:355:cr300f:Qh|Ah:-100|100:strongadaptive_rocks|deepstack
STATE:356:cc/cc:As|Qs/Ks:100|-100:deepstack|strongadaptive_rocks
STATE:357:cc/r300r1200c:Ah|Kh/As:1200|-1200:strongadaptive_rocks|deepstack
STATE:358:cc/r1200f:Qs|Kh/Ah:100|-100:deepstack|strongadaptive_rocks
STATE:359:cr300r1200f:Ah|Qh:300|-300:strongadaptive_rocks|deepstack
STATE:360:r1200f:Qh|Ks:100|-100:deepstack|strongadaptive_rocks
STATE:361:cc/cr300f:Kh|Qh/Qs:-100|100:strongadaptive_rocks|deepstack
STATE:362:cc/cc:Ah|As/Kh:0|0:deepstack|strongadaptive_rocks
STATE:363:cr300r1200f:As|Kh:300|-300:strongadaptive_rocks|deepstack
STATE:364:r1200f:Ah|Ks:100|-100:deepstack|strongadaptive_rocks
STATE:365:cr1200f:Qs|Ks:-100|100:strongadaptive_rocks|deepstack
STATE:366:cc/cc:Qh|Kh/Ah:-100|100:deepstack|strongadaptive_rocks
STATE:367:cc/cr300f:Kh|Qh/Qs:-100|100:strongadaptive_rocks|deepstack
STATE:368:r1200f:Ks|Qs:100|-100:deepstack|strongadaptive_rocks
STATE:369:cr300f:Kh|As:-100|100:strongadaptive_rocks|deepstack
STATE:370:cc/r300f:Ah|Qh/As:100|-100:deepstack|strongadaptive_rocks
STATE:371:cr300f:Kh|Ks:-100|100:strongadaptive_rocks|deepstack
STATE:372:r1200c/:Ah|As/Ks:0|0:deepstack|strongadaptive_rocks
STATE:373:cr1200f:Qh|Ks:-100|100:strongadaptive_rocks|deepstack
STATE:374:r1200f:Ah|Qh:100|-100:deepstack|strongadaptive_rocks
STATE:375:cc/cr1200f:Ah|Qh/Kh:-100|100:strongadaptive_rocks|deepstack
STATE:376:r1200c/:Ks|As/Qs:-1200|1200:deepstack|strongadaptive_rocks
STATE:377:cc/cr1200c:Kh|Qh/Ks:1200|-1200:strongadaptive_rocks|deepstack
STATE:378:r1200f:As|Kh:100|-100:deepstack|strongadaptive_rocks
STATE:379:cr300f:Ks|As:-100|100:strongadaptive_rocks|deepstack
STATE:380:cc/r1200f:Ah|Qh/Kh:100|-100:deepstack|strongadaptive_rocks
STATE:381:cc/r300c:Ah|Ks/As:300|-300:strongadaptive_rocks|deepstack
STATE:382:r1200c/:Qh|As/Ks:-1200|1200:deepstack|strongadaptive_rocks
STATE:383:cr300f:Ks|As:-100|100:strongadaptive_rocks|deepstack
STATE:384:cc/cr300c:Ah|Qs/Qh:-300|300:deepstack|strongadaptive_rocks
STATE:385:cr1200c/:Ah|Kh/Ks:-1200|1200:strongadaptive_rocks|deepstack
STATE:386:cc/cr300r1200c:Ah|Qs/Qh:-1200|1200:deepstack|strongadaptive_rocks
STATE:387:cc/cc:Qh|Kh/As:-100|100:strongadaptive_rocks|deepstack
STATE:388:r1200f:As|Qs:100|-100:deepstack|strongadaptive_rocks
STATE:389:cr1200f:Ks|Qh:-100|100:strongadaptive_rocks|deepstack
STATE:390:r1200c/:Ks|As/Qh:-1200|1200:deepstack|strongadaptive_rocks
STATE:391:cr300f:Ks|As:-100|100:strongadaptive_rocks|deepstack
STATE:392:r1200f:As|Ks:100|-100:deepstack|strongadaptive_rocks
STATE:393:cr1200f:Kh|As:-100|100:strongadaptive_rocks|deepstack
STATE:394:cc/cc:Qs|As/Kh:-100|100:deepstack|strongadaptive_rocks
STATE:395:cr300f:Kh|As:-100|100:strongadaptive_rocks|deepstack
STATE:396:r1200f:Ks|Qs:100|-100:deepstack|strongadaptive_rocks
STATE:397:cc/cr300f:Ah|Kh/Ks:-100|100:strongadaptive_rocks|deepstack
STATE:398:r1200f:Qs|Ks:100|-100:deepstack|strongadaptive_rocks
STATE:399:cr1200f:Qh|Ah:-100|100:strongadaptive_rocks|deepstack
STATE:400:cc/cr300r1200c:Ah|Kh/Ks:-1200|1200:deepstack|strongadaptive_rocks
STATE:401:cr300f:Qh|Ah:-100|100:strongadaptive_rocks|deepstack
STATE:402:cc/r1200f:Qh|Ah/Kh:100|-100:deepstack|strongadaptive_rocks
STATE:403:cr300f:Kh|Qs:-100|100:strongadaptive_rocks|deepstack
STATE:404:r1200f:As|Qh:100|-100:deepstack|strongadaptive_rocks
STATE:405:cr300f:Qs|Ah:-100|100:strongadaptive_rocks|deepstack
STATE:406:r1200f:Ah|Kh:100|-100:deepstack|strongadaptive_rocks
STATE:407:cr1200f:Qs|As:-100|100:strongadaptive_rocks|deepstack
STATE:408:cc/r1200f:Ks|Qs/As:100|-100:deepstack|strongadaptive_rocks
STATE:409:cr300r1200f:Ah|Qs:300|-300:strongadaptive_rocks|deepstack
STATE:410:r1200f:As|Kh:100|-100:deepstack|strongadaptive_rocks
STATE:411:cc/cr1200f:Ks|Qs/As:-100|100:strongadaptive_rocks|deepstack
STATE:412:cc/r1200f:Qs|Kh/Ah:100|-100:deepstack|strongadaptive_rocks
STATE:413:cr300f:Kh|Ks:-100|100:strongadaptive_rocks|deepstack
STATE:414:cc/r300f:Kh|Qh/Ks:100|-100:deepstack|strongadaptive_rocks
STATE:415:cr300f:Qh|Ks:-100|100:strongadaptive_rocks|deepstack
STATE:416:r1200f:Qh|Qs:100|-100:deepstack|strongadaptive_rocks
STATE:417:cr300f:Kh|As:-100|100:strongadaptive_rocks|deepstack
STATE:418:cc/r1200f:Ah|Ks/As:100|-100:deepstack|strongadaptive_rocks
STATE:419:cr1200c/:Ah|Qs/As:1200|-1200:strongadaptive_rocks|deepstack
STATE:420:r1200f:Qs|Ks:100|-100:deepstack|strongadaptive_rocks
STATE:421:cc/r1200f:As|Ks/Ah:100|-100:strongadaptive_rocks|deepstack
STATE:422:cc/r1200f:Qs|Ah/Qh:100|-100:deepstack|strongadaptive_rocks
STATE:423:cc/cc:Kh|Ks/Qs:0|0:strongadaptive_rocks|deepstack
STATE:424:r1200f:As|Qs:100|-100:deepstack|strongadaptive_rocks
STATE:425:cr300f:Qs|As:-100|100:strongadaptive_rocks|deepstack
STATE:426:cc/cc:Qs|Ah/Ks:-100|100:deepstack|strongadaptive_rocks
STATE:427:cc/cc:Qs|Kh/Qh:100|-100:strongadaptive_rocks|deepstack
STATE:428:cc/r1200f:As|Qs/Ah:100|-100:deepstack|strongadaptive_rocks
STATE:429:cc/cr1200f:Kh|Ah/As:-100|100:strongadaptive_rocks|deepstack
STATE:430:cc/r1200f:Qh|Ks/Qs:100|-100:deepstack|strongadaptive_rocks
STATE:431:cr1200c/:As|Qs/Kh:1200|-1200:strongadaptive_rocks|deepstack
STATE:432:cc/cc:Kh|Ks/Ah:0|0:deepstack|strongadaptive_rocks
STATE:433:cc/cr300f:Ah|Qh/Qs:-100|100:strongadaptive_rocks|deepstack
STATE:434:cc/r1200f:Ah|Qh/Ks:100|-100:deepstack|strongadaptive_rocks
STATE:435:cr300f:Qh|Ah:-100|100:strongadaptive_rocks|deepstack
STATE:436:r1200f:As|Kh:100|-100:deepstack|strongadaptive_rocks
STATE:437:cc/r300f:Ah|Qh/As:100|-100:strongadaptive_rocks|deepstack
STATE:438:r1200f:Ah|Qs:100|-100:deepstack|strongadaptive_rocks
STATE:439:cr1200f:Kh|Qh:-100|100:strongadaptive_rocks|deepstack
STATE:440:cc/r300f:Ah|Ks/As:100|-100:deepstack|strongadaptive_rocks
STATE:441:cc/cr1200f:Kh|Ah/As:-100|100:strongadaptive_rocks|deepstack
STATE:442:cc/cc:Ah|Kh/Qs:100|-100:deepstack|strongadaptive_rocks
STATE:443:cr1200c/:Ah|Ks/Kh:-1200|1200:strongadaptive_rocks|deepstack
STATE:444:cc/r1200f:Kh|As/Qs:100|-100:deepstack|strongadaptive_rocks
STATE:445:cr1200c/:Ah|Qh/Kh:1200|-1200:strongadaptive_rocks|deepstack
STATE:446:r1200c/:Kh|Ah/Ks:1200|-1200:deepstack|strongadaptive_rocks
STATE:447:cc/cc:Ah|Qs/Ks:100|-100:strongadaptive_rocks|deepstack
STATE:448:cc/r1200f:Ah|Ks/As:100|-100:deepstack|strongadaptive_rocks
STATE:449:cc/cr300f:Qh|Ks/Kh:-100|100:strongadaptive_rocks|deepstack
STATE:450:r1200c/:Qs|As/Kh:-1200|1200:deepstack|strongadaptive_rocks
STATE:451:cc/cc:Qh|Qs/As:0|0:strongadaptive_rocks|deepstack
STATE:452:cc/r1200f:Kh|Qh/Ah:100|-100:deepstack|strongadaptive_rocks
STATE:453:cr300f:Kh|Ks:-100|100:strongadaptive_rocks|deepstack
STATE:454:cc/cc:Kh|Ah/Ks:100|-100:deepstack|strongadaptive_rocks
STATE:455:cc/cc:Qs|Qh/Ks:0|0:strongadaptive_rocks|deepstack
STATE:456:r1200c/:Ah|As/Ks:0|0:deepstack|strongadaptive_rocks
STATE:457:cc/cr1200c:Qs|Kh/Qh:1200|-1200:strongadaptive_rocks|deepstack
STATE:458:cc/r1200f:Qs|As/Kh:100|-100:deepstack|strongadaptive_rocks
STATE:459:cr300f:Ks|Ah:-100|100:strongadaptive_rocks|deepstack
STATE:460:cc/r1200c:Kh|As/Ah:-1200|1200:deepstack|strongadaptive_rocks
STATE:461:cr1200f:Qh|As:-100|100:strongadaptive_rocks|deepstack
STATE:462:r1200c/:As|Ah/Qs:0|0:deepstack|strongadaptive_rocks
STATE:463:cc/cc:Ah|Qh/Ks:100|-100:strongadaptive_rocks|deepstack
STATE:464:r1200f:As|Ks:100|-100:deepstack|strongadaptive_rocks
STATE:465:cr300f:Qh|Ks:-100|100:strongadaptive_rocks|deepstack
STATE:466:cc/cc:Ah|Kh/Qh:100|-100:deepstack|strongadaptive_rocks
STATE:467:cc/r1200f:As|Qs/Ah:100|-100:strongadaptive_rocks|deepstack
STATE:468:cc/r1200c:Ks|Qs/Qh:-1200|1200:deepstack|strongadaptive_rocks
STATE:469:cr1200f:Kh|Qs:-100|100:strongadaptive_rocks|deepstack
STATE:470:cc/cc:Ks|Qs/Kh:100|-100:deepstack|strongadaptive_rocks
STATE:471:cr1200f:Kh|Qs:-100|100:strongadaptive_rocks|deepstack
STATE:472:cc/r1200f:Ks|As/Qs:100|-100:deepstack|strongadaptive_rocks
STATE:473:cc/cr300f:Kh|Qh/Qs:-100|100:strongadaptive_rocks|deepstack
STATE:474:cc/cr300f:As|Kh/Ks:-100|100:deepstack|strongadaptive_rocks
STATE:475:cc/cc:Ah|Qs/Kh:100|-100:strongadaptive_rocks|deepstack
STATE:476:cc/cc:Ah|Ks/Qh:100|-100:deepstack|strongadaptive_rocks
STATE:477:cr1200f:Kh|Qs:-100|100:strongadaptive_rocks|deepstack
STATE:478:cc/cc:Qh|Kh/Qs:100|-100:deepstack|strongadaptive_rocks
STATE:479:cr1200f:Qh|Ks:-100|100:strongadaptive_rocks|deepstack
STATE:480:r300c/cc:As|Ks/Qh:300|-300:deepstack|strongadaptive_rocks
STATE:481:cr300f:Kh|Ah:-100|100:strongadaptive_rocks|deepstack
STATE:482:cc/cc:Qs|As/Ks:-100|100:deepstack|strongadaptive_rocks
STATE:483:cr1200c/:As|Kh/Ks:-1200|1200:strongadaptive_rocks|deepstack
STATE:484:r1200c/:Ks|Ah/Qs:-1200|1200:deepstack|strongadaptive_rocks
STATE:485:cc/cc:Qh|Kh/As:-100|100:strongadaptive_rocks|deepstack
STATE:486:cc/cr300r1200c:Qs|Ks/Kh:-1200|1200:deepstack|strongadaptive_rocks
STATE:487:cr1200c/:As|Ah/Qh:0|0:strongadaptive_rocks|deepstack
STATE:488:cc/cc:Ks|Ah/Qh:-100|100:deepstack|strongadaptive_rocks
STATE:489:cr1200c/:Ah|Kh/Ks:-1200|1200:strongadaptive_rocks|deepstack
STATE:490:cc/cr300r1200c:Ks|As/Ah:-1200|1200:deepstack|strongadaptive_rocks
STATE:491:cr1200c/:Ah|Ks/As:1200|-1200:strongadaptive_rocks|deepstack
STATE:492:r1200c/:Ks|Ah/Qh:-1200|1200:deepstack|strongadaptive_rocks
STATE:493:cr1200f:Qs|Kh:-100|100:strongadaptive_rocks|deepstack
STATE:494:cc/cc:Ks|As/Qs:-100|100:deepstack|strongadaptive_rocks
STATE:495:cr1200c/:As|Ks/Qs:1200|-1200:strongadaptive_rocks|deepstack
STATE:496:r1200c/:Qh|As/Kh:-1200|1200:deepstack|strongadaptive_rocks
STATE:497:cr1200c/:Ah|Kh/As:1200|-1200:strongadaptive_rocks|deepstack
STATE:498:r300c/cc:Ah|Kh/Qs:300|-300:deepstack|strongadaptive_rocks
STATE:499:cc/cc:As|Ah/Qh:0|0:strongadaptive_rocks|deepstack
STATE:500:r1200c/:Ks|Ah/As:-1200|1200:deepstack|strongadaptive_rocks
STATE:501:cr300r1200f:Ah|Qs:300|-300:strongadaptive_rocks|deepstack
STATE:502:cc/cc:Ah|Qs/Kh:100|-100:deepstack|strongadaptive_rocks
STATE:503:cr300f:Ks|Ah:-100|100:strongadaptive_rocks|deepstack
STATE:504:cc/r1200f:Ah|Qs/Ks:100|-100:deepstack|strongadaptive_rocks
STATE:505:cr300f:Qh|Ah:-100|100:strongadaptive_rocks|deepstack
STATE:506:r1200f:Ah|Kh:100|-100:deepstack|strongadaptive_rocks
STATE:507:cc/cr1200c:Qs|Ks/Qh:1200|-1200:strongadaptive_rocks|deepstack
STATE:508:r1200c/:Kh|Ah/Qs:-1200|1200:deepstack|strongadaptive_rocks
STATE:509:cr1200c/:Ah|Qh/Kh:1200|-1200:strongadaptive_rocks|deepstack
STATE:510:cc/r1200f:Qs|Ah/Kh:100|-100:deepstack|strongadaptive_rocks
STATE:511:cc/cc:Qs|Ah/Qh:100|-100:strongadaptive_rocks|deepstack
STATE:512:cc/r300f:Kh|Ks/As:100|-100:deepstack|strongadaptive_rocks
STATE:513:cc/cc:Ks|Qh/As:100|-100:strongadaptive_rocks|deepstack
STATE:514:cc/r1200f:Ks|Qh/Kh:100|-100:deepstack|strongadaptive_rocks
STATE:515:cc/r300c:Ah|Ks/As:300|-300:strongadaptive_rocks|deepstack
STATE:516:cc/cc:Ks|Kh/Qh:0|0:deepstack|strongadaptive_rocks
STATE:517:cr1200f:Kh|Qh:-100|100:strongadaptive_rocks|deepstack
STATE:518:cc/r1200f:Kh|Ah/Qs:100|-100:deepstack|strongadaptive_rocks
STATE:519:cc/cr1200f:Qs|Kh/Ah:-100|100:strongadaptive_rocks|deepstack
STATE:520:r1200f:Ah|Kh:100|-100:deepstack|strongadaptive_rocks
STATE:521:cr1200c/:As|Kh/Qs:1200|-1200:strongadaptive_rocks|deepstack
STATE:522:cc/cc:Qh|As/Kh:-100|100:deepstack|strongadaptive_rocks
STATE:523:cc/cc:Ks|Kh/As:0|0:strongadaptive_rocks|deepstack
STATE:524:cc/cc:Ks|Qh/Ah:100|-100:deepstack|strongadaptive_rocks
STATE:525:cr300f:Qs|As:-100|100:strongadaptive_rocks|deepstack
STATE:526:cc/r1200f:Ks|Ah/Qh:100|-100:deepstack|strongadaptive_rocks
STATE:527:cr1200f:Kh|As:-100|100:strongadaptive_rocks|deepstack
STATE:528:r1200f:Ks|Qh:100|-100:deepstack|strongadaptive_rocks
STATE:529:cr1200f:Kh|As:-100|100:strongadaptive_rocks|deepstack
STATE:530:r300c/cc:Ah|Ks/Qh:300|-300:deepstack|strongadaptive_rocks
STATE:531:cr1200f:Qh|Ah:-100|100:strongadaptive_rocks|deepstack
STATE:532:r1200c/:As|Ah/Qh:0|0:deepstack|strongadaptive_rocks
STATE:533:cr300f:Qs|Ah:-100|100:strongadaptive_rocks|deepstack
STATE:534:cc/cc:Ah|Ks/Qs:100|-100:deepstack|strongadaptive_rocks
STATE:535:cc/cc:Ks|Ah/Qs:-100|100:strongadaptive_rocks|deepstack
STATE:536:r1200f:As|Qh:100|-100:deepstack|strongadaptive_rocks
STATE:537:cr300f:Kh|As:-100|100:strongadaptive_rocks|deepstack
STATE:538:cc/r1200c:Ks|Ah/As:-1200|1200:deepstack|strongadaptive_rocks
STATE:539:cr300f:Kh|As:-100|100:strongadaptive_rocks|deepstack
STATE:540:cc/r1200f:Ks|Kh/Ah:100|-100:deepstack|strongadaptive_rocks
STATE:541:cc/cc:Ks|As/Kh:100|-100:strongadaptive_rocks|deepstack
STATE:542:cc/cc:Qh|Ah/Kh:-100|100:deepstack|strongadaptive_rocks
STATE:543:cc/cc:Qs|Ks/As:-100|100:strongadaptive_rocks|deepstack
STATE:544:r1200f:As|Qh:100|-100:deepstack|strongadaptive_rocks
STATE:545:cr1200c/:Ah|Qh/Ks:1200|-1200:strongadaptive_rocks|deepstack
STATE:546:r1200f:Ks|Qs:100|-100:deepstack|strongadaptive_rocks
STATE:547:cr1200c/:Ah|Kh/As:1200|-1200:strongadaptive_rocks|deepstack
STATE:548:cc/cc:Ks|Kh/Qh:0|0:deepstack|strongadaptive_rocks
STATE:549:cr300f:Qs|Qh:-100|100:strongadaptive_rocks|deepstack
STATE:550:r1200f:Qs|Kh:100|-100:deepstack|strongadaptive_rocks
STATE:551:cr1200c/:As|Kh/Ah:1200|-1200:strongadaptive_rocks|deepstack
STATE:552:cc/r1200f:Qh|Qs/Ah:100|-100:deepstack|strongadaptive_rocks
STATE:553:cc/cr1200f:Qs|Qh/Ks:-100|100:strongadaptive_rocks|deepstack
STATE:554:r1200c/:Kh|Ah/Qh:-1200|1200:deepstack|strongadaptive_rocks
STATE:555:cc/cr300f:Kh|Ks/Qs:-100|100:strongadaptive_rocks|deepstack
STATE:556:r1200f:As|Kh:100|-100:deepstack|strongadaptive_rocks
STATE:557:cc/cc:As|Qh/Ks:100|-100:strongadaptive_rocks|deepstack
STATE:558:r300r1200f:Ks|Ah:-300|300:deepstack|strongadaptive_rocks
STATE:559:cr1200f:Kh|Ah:-100|100:strongadaptive_rocks|deepstack
STATE:560:cc/r1200f:Ah|Qh/As:100|-100:deepstack|strongadaptive_rocks
STATE:561:cr1200f:Qh|Ks:-100|100:strongadaptive_rocks|deepstack
STATE:562:r1200f:Kh|Qs:100|-100:deepstack|strongadaptive_rocks
STATE:563:cr300f:Qs|Ah:-100|100:strongadaptive_rocks|deepstack
STATE:564:cc/r1200f:Ks|Ah/Qs:100|-100:deepstack|strongadaptive_rocks
STATE:565:cr300r1200f:Ah|Ks:300|-300:strongadaptive_rocks|deepstack
STATE:566:r1200c/:Kh|Ah/As:-1200|1200:deepstack|strongadaptive_rocks
STATE:567:cc/cr1200f:Ah|Ks/Qs:-100|100:strongadaptive_rocks|deepstack
STATE:568:r1200f:Ah|Ks:100|-100:deepstack|strongadaptive_rocks
STATE:569:cr1200f:Qs|Qh:-100|100:strongadaptive_rocks|deepstack
STATE:570:cc/r1200f:Qh|Ah/Ks:100|-100:deepstack|strongadaptive_rocks
STATE:571:cr1200f:Ks|Ah:-100|100:strongadaptive_rocks|deepstack
STATE:572:r1200f:Kh|Qs:100|-100:deepstack|strongadaptive_rocks
STATE:573:cr1200c/:As|Ah/Ks:0|0:strongadaptive_rocks|deepstack
STATE:574:r1200f:As|Qs:100|-100:deepstack|strongadaptive_rocks
STATE:575:cr300f:Kh|Ah:-100|100:strongadaptive_rocks|deepstack
STATE:576:r1200f:As|Ks:100|-100:deepstack|strongadaptive_rocks
STATE:577:cr1200c/:Ah|Ks/Kh:-1200|1200:strongadaptive_rocks|deepstack
STATE:578:cc/r1200f:Qs|Ah/Ks:100|-100:deepstack|strongadaptive_rocks
STATE:579:cr300f:Qh|Ah:-100|100:strongadaptive_rocks|deepstack
STATE:580:cc/cc:Ah|Qs/Ks:100|-100:deepstack|strongadaptive_rocks
STATE:581:cc/cc:Kh|Ks/Ah:0|0:strongadaptive_rocks|deepstack
STATE:582:r1200c/:Qs|As/Ks:-1200|1200:deepstack|strongadaptive_rocks
STATE:583:cr300f:Kh|Ah:-100|100:strongadaptive_rocks|deepstack
STATE:584:cc/cr300f:Qs|As/Ah:-100|100:deepstack|strongadaptive_rocks
STATE:585:cr300f:Kh|Ah:-100|100:strongadaptive_rocks|deepstack
STATE:586:cc/r1200f:Qs|Kh/Qh:100|-100:deepstack|strongadaptive_rocks
STATE:587:cr300r1200c/:Ah|As/Qh:0|0:strongadaptive_rocks|deepstack
STATE:588:cc/cc:Ah|As/Qs:0|0:deepstack|strongadaptive_rocks
STATE:589:cr300r1200c/:Ah|As/Qs:0|0:strongadaptive_rocks|deepstack
STATE:590:r1200f:Kh|Ks:100|-100:deepstack|strongadaptive_rocks
STATE:591:cc/cr1200f:Qs|Ks/As:-100|100:strongadaptive_rocks|deepstack
STATE:592:r1200c/:Ah|As/Kh:0|0:deepstack|strongadaptive_rocks
STATE:593:cr1200c/:Ah|Qs/Ks:1200|-1200:strongadaptive_rocks|deepstack
STATE:594:r1200c/:As|Ah/Qs:0|0:deepstack|strongadaptive_rocks
STATE:595:cc/cc:Qs|Qh/As:0|0:strongadaptive_rocks|deepstack
STATE:596:cc/r1200f:Kh|Qh/As:100|-100:deepstack|strongadaptive_rocks
STATE:597:cr300f:Qh|As:-100|100:strongadaptive_rocks|deepstack
STATE:598:r1200f:Ah|Kh:100|-100:deepstack|strongadaptive_rocks
STATE:599:cr1200c/:As|Ks/Kh:-1200|1200:strongadaptive_rocks|deepstack
STATE:600:cc/cc:Ah|Ks/Qs:100|-100:deepstack|strongadaptive_rocks
STATE:601:cc/cc:Ah|Qh/Kh:100|-100:strongadaptive_rocks|deepstack
STATE:602:cc/r1200f:Ks|Ah/Kh:100|-100:deepstack|strongadaptive_rocks
STATE:603:cr300r1200c/:Ah|As/Ks:0|0:strongadaptive_rocks|deepstack
STATE:604:cc/cc:Qh|Ah/Qs:100|-100:deepstack|strongadaptive_rocks
STATE:605:cc/cr1200f:Qs|Qh/Ks:-100|100:strongadaptive_rocks|deepstack
STATE:606:r1200f:Ah|Qh:100|-100:deepstack|strongadaptive_rocks
STATE:607:cr300f:Ks|Ah:-100|100:strongadaptive_rocks|deepstack
STATE:608:r1200c/:Ah|As/Ks:0|0:deepstack|strongadaptive_rocks
STATE:609:cc/r1200f:As|Qh/Ah:100|-100:strongadaptive_rocks|deepstack
STATE:610:cc/r1200f:Qs|Ah/Qh:100|-100:deepstack|strongadaptive_rocks
STATE:611:cr1200c/:As|Qs/Qh:-1200|1200:strongadaptive_rocks|deepstack
STATE:612:cc/cc:Kh|Ks/Qs:0|0:deepstack|strongadaptive_rocks
STATE:613:cr1200c/:Ah|Ks/Qs:1200|-1200:strongadaptive_rocks|deepstack
STATE:614:r1200c/:Ah|As/Ks:0|0:deepstack|strongadaptive_rocks
STATE:615:cc/cr300r1200f:Ks|Qs/Kh:300|-300:strongadaptive_rocks|deepstack
STATE:616:r1200c/:As|Ah/Qh:0|0:deepstack|strongadaptive_rocks
STATE:617:cc/cr300f:Kh|Qs/Qh:-100|100:strongadaptive_rocks|deepstack
STATE:618:r1200c/:As|Ah/Qs:0|0:deepstack|strongadaptive_rocks
STATE:619:cr1200c/:Ah|As/Ks:0|0:strongadaptive_rocks|deepstack
STATE:620:r1200c/:Qs|As/Ks:-1200|1200:deepstack|strongadaptive_rocks
STATE:621:cc/cr1200f:Qh|As/Kh:-100|100:strongadaptive_rocks|deepstack
STATE:622:r1200f:Ah|Kh:100|-100:deepstack|strongadaptive_rocks
STATE:623:cc/cc:Qh|Ks/Ah:-100|100:strongadaptive_rocks|deepstack
STATE:624:cc/r300r900r1200c:Kh|Ah/As:-1200|1200:deepstack|strongadaptive_rocks
STATE:625:cr300f:Ks|As:-100|100:strongadaptive_rocks|deepstack
STATE:626:cc/r1200f:Qh|Kh/Qs:100|-100:deepstack|strongadaptive_rocks
STATE:627:cr1200f:Ks|As:-100|100:strongadaptive_rocks|deepstack
STATE:628:r300c/cc:Ks|Qs/Ah:300|-300:deepstack|strongadaptive_rocks
STATE:629:cr300f:Qh|Ks:-100|100:strongadaptive_rocks|deepstack
STATE:630:r1200c/:Kh|As/Ks:1200|-1200:deepstack|strongadaptive_rocks
STATE:631:cc/cr1200f:Ah|Qh/Ks:-100|100:strongadaptive_rocks|deepstack
STATE:632:cc/r1200f:Kh|As/Qs:100|-100:deepstack|strongadaptive_rocks
STATE:633:cc/cc:Qs|Kh/As:-100|100:strongadaptive_rocks|deepstack
STATE:634:cc/r300r1200f:Ks|Qs/Qh:-300|300:deepstack|strongadaptive_rocks
STATE:635:cr1200f:Qh|Ah:-100|100:strongadaptive_rocks|deepstack
STATE:636:cc/cc:Qh|Ah/Qs:100|-100:deepstack|strongadaptive_rocks
STATE:637:cr300f:Ks|Qh:-100|100:strongadaptive_rocks|deepstack
STATE:638:cc/cr300r1200c:Kh|Qs/Qh:-1200|1200:deepstack|strongadaptive_rocks
STATE:639:cr300r1200c/:Ah|As/Qh:0|0:strongadaptive_rocks|deepstack
STATE:640:cc/cc:As|Qs/Ks:100|-100:deepstack|strongadaptive_rocks
STATE:641:cr1200c/:As|Qs/Qh:-1200|1200:strongadaptive_rocks|deepstack
STATE:642:r1200f:Qs|Kh:100|-100:deepstack|strongadaptive_rocks
STATE:643:cr300f:Ks|As:-100|100:strongadaptive_rocks|deepstack
STATE:644:r1200f:Qs|Qh:100|-100:deepstack|strongadaptive_rocks
STATE:645:cr300f:Qh|Kh:-100|100:strongadaptive_rocks|deepstack
STATE:646:r1200f:Ks|Qs:100|-100:deepstack|strongadaptive_rocks
STATE:647:cr300r1200f:As|Qh:300|-300:strongadaptive_rocks|deepstack
STATE:648:cc/cc:Ks|Qs/As:100|-100:deepstack|strongadaptive_rocks
STATE:649:cr300f:Kh|Qh:-100|100:strongadaptive_rocks|deepstack
STATE:650:r1200f:Qs|Qh:100|-100:deepstack|strongadaptive_rocks
STATE:651:cr300f:Qs|Ah:-100|100:strongadaptive_rocks|deepstack
STATE:652:cc/r1200f:Qh|Ks/Qs:100|-100:deepstack|strongadaptive_rocks
STATE:653:cr1200f:Kh|Qs:-100|100:strongadaptive_rocks|deepstack
STATE:654:r1200f:Qh|Ks:100|-100:deepstack|strongadaptive_rocks
STATE:655:cc/cr300f:Qs|Kh/Ks:-100|100:strongadaptive_rocks|deepstack
STATE:656:cc/r300f:Ks|Qs/As:100|-100:deepstack|strongadaptive_rocks
STATE:657:cr300f:Qh|Kh:-100|100:strongadaptive_rocks|deepstack
STATE:658:cc/cr300r1200c:Qh|Ks/Kh:-1200|1200:deepstack|strongadaptive_rocks
STATE:659:cr1200f:Ks|Qs:-100|100:strongadaptive_rocks|deepstack
STATE:660:r1200f:As|Kh:100|-100:deepstack|strongadaptive_rocks
STATE:661:cr300f:Qs|As:-100|100:strongadaptive_rocks|deepstack
STATE:662:cc/r1200f:Ah|Qh/As:100|-100:deepstack|strongadaptive_rocks
STATE:663:cr300f:Qs|Ah:-100|100:strongadaptive_rocks|deepstack
STATE:664:cc/r1200c:Qs|As/Ah:-1200|1200:deepstack|strongadaptive_rocks
STATE:665:cr1200f:Qs|Ah:-100|100:strongadaptive_rocks|deepstack
STATE:666:r1200f:As|Qs:100|-100:deepstack|strongadaptive_rocks
STATE:667:cr300f:Qs|As:-100|100:strongadaptive_rocks|deepstack
STATE:668:r1200f:Qs|Kh:100|-100:deepstack|strongadaptive_rocks
STATE:669:cc/cc:Kh|Qh/As:100|-100:strongadaptive_rocks|deepstack
STATE:670:cc/r300f:Qs|Ah/Qh:100|-100:deepstack|strongadaptive_rocks
STATE:671:cr1200c/:Ah|Kh/Qs:1200|-1200:strongadaptive_rocks|deepstack
STATE:672:r1200c/:Ks|Ah/As:-1200|1200:deepstack|strongadaptive_rocks
STATE:673:cc/cr1200f:Qh|Qs/Ah:-100|100:strongadaptive_rocks|deepstack
STATE:674:r1200c/:Ks|As/Qs:-1200|1200:deepstack|strongadaptive_rocks
STATE:675:cr1200f:Qh|Ah:-100|100:strongadaptive_rocks|deepstack
STATE:676:r1200c/:Kh|As/Ks:1200|-1200:deepstack|strongadaptive_rocks
STATE:677:cr300r1200c/:As|Ah/Kh:0|0:strongadaptive_rocks|deepstack
STATE:678:cc/r1200c:Ah|Kh/Ks:-1200|1200:deepstack|strongadaptive_rocks
STATE:679:cr1200c/:Ah|Kh/Ks:-1200|1200:strongadaptive_rocks|deepstack
STATE:680:cc/cc:As|Ks/Qs:100|-100:deepstack|strongadaptive_rocks
STATE:681:cr1200c/:Ah|As/Ks:0|0:strongadaptive_rocks|deepstack
STATE:682:r1200f:As|Qs:100|-100:deepstack|strongadaptive_rocks
STATE:683:cc/cc:Qh|Qs/Kh:0|0:strongadaptive_rocks|deepstack
STATE:684:cc/cc:As|Ah/Qs:0|0:deepstack|strongadaptive_rocks
STATE:685:cc/cc:Kh|As/Ks:100|-100:strongadaptive_rocks|deepstack
STATE:686:r1200f:As|Qs:100|-100:deepstack|strongadaptive_rocks
STATE:687:cc/cr1200f:Ah|Ks/Kh:-100|100:strongadaptive_rocks|deepstack
STATE:688:cc/cc:Qs|Ah/Kh:-100|100:deepstack|strongadaptive_rocks
STATE:689:cc/cc:Ks|Kh/Ah:0|0:strongadaptive_rocks|deepstack
STATE:690:r1200f:Ks|Qh:100|-100:deepstack|strongadaptive_rocks
STATE:691:cc/cc:Ah|As/Qh:0|0:strongadaptive_rocks|deepstack
STATE:692:cc/r1200c:Qh|Ks/Kh:-1200|1200:deepstack|strongadaptive_rocks
STATE:693:cr300f:Kh|Ah:-100|100:strongadaptive_rocks|deepstack
STATE:694:r1200f:Ah|Qh:100|-100:deepstack|strongadaptive_rocks
STATE:695:cr300f:Ks|As:-100|100:strongadaptive_rocks|deepstack
STATE:696:cc/cc:Qh|Qs/Ks:0|0:deepstack|strongadaptive_rocks
STATE:697:cr1200f:Qh|Ks:-100|100:strongadaptive_rocks|deepstack
STATE:698:r1200f:As|Qs:100|-100:deepstack|strongadaptive_rocks
STATE:699:cr300f:Qs|Ks:-100|100:strongadaptive_rocks|deepstack
STATE:700:r1200f:Kh|Ks:100|-100:deepstack|strongadaptive_rocks
STATE:701:cr1200f:Qh|As:-100|100:strongadaptive_rocks|deepstack
STATE:702:r1200f:As|Kh:100|-100:deepstack|strongadaptive_rocks
STATE:703:cr300f:Kh|As:-100|100:strongadaptive_rocks|deepstack
STATE:704:cc/cc:Kh|Qh/Ks:100|-100:deepstack|strongadaptive_rocks
STATE:705:cr300r1200c/:Ah|As/Qs:0|0:strongadaptive_rocks|deepstack
STATE:706:cc/cc:Kh|As/Qh:-100|100:deepstack|strongadaptive_rocks
STATE:707:cc/cc:Ah|As/Qh:0|0:strongadaptive_rocks|deepstack
STATE:708:cc/r300f:Kh|Ah/Ks:100|-100:deepstack|strongadaptive_rocks
STATE:709:cr300f:Qh|As:-100|100:strongadaptive_rocks|deepstack
STATE:710:cc/cc:Qs|Qh/Ah:0|0:deepstack|strongadaptive_rocks
STATE:711:cc/cr1200f:Qh|Kh/As:-100|100:strongadaptive_rocks|deepstack
STATE:712:r1200f:As|Qh:100|-100:deepstack|strongadaptive_rocks
STATE:713:cc/cr300f:Ah|Qh/Qs:-100|100:strongadaptive_rocks|deepstack
STATE:714:cc/cc:Qh|As/Kh:-100|100:deepstack|strongadaptive_rocks
STATE:715:cr1200f:Kh|As:-100|100:strongadaptive_rocks|deepstack
STATE:716:cc/cc:Qs|Qh/Ah:0|0:deepstack|strongadaptive_rocks
STATE:717:cr1200f:Qs|Qh:-100|100:strongadaptive_rocks|deepstack
STATE:718:r1200f:As|Kh:100|-100:deepstack|strongadaptive_rocks
STATE:719:cr1200c/:Ah|Kh/Ks:-1200|1200:strongadaptive_rocks|deepstack
STATE:720:cc/cc:Qs|Ks/As:-100|100:deepstack|strongadaptive_rocks
STATE:721:cc/cr300f:Qs|Ks/Kh:-100|100:strongadaptive_rocks|deepstack
STATE:722:r1200f:Ah|Kh:100|-100:deepstack|strongadaptive_rocks
STATE:723:cr1200f:Qh|As:-100|100:strongadaptive_rocks|deepstack
STATE:724:r1200c/:Ks|Ah/As:-1200|1200:deepstack|strongadaptive_rocks
STATE:725:cr300f:Qh|Kh:-100|100:strongadaptive_rocks|deepstack
STATE:726:r1200c/:Ks|Ah/Kh:1200|-1200:deepstack|strongadaptive_rocks
STATE:727:cc/cr1200f:Qs|Ks/Kh:-100|100:strongadaptive_rocks|deepstack
STATE:728:cc/r1200f:Ks|Kh/Qs:100|-100:deepstack|strongadaptive_rocks
STATE:729:cr1200f:Ks|Kh:-100|100:strongadaptive_rocks|deepstack
STATE:730:r1200c/:Qh|As/Ah:-1200|1200:deepstack|strongadaptive_rocks
STATE:731:cr300f:Ks|As:-100|100:strongadaptive_rocks|deepstack
STATE:732:cc/cc:Qh|Kh/Qs:100|-100:deepstack|strongadaptive_rocks
STATE:733:cr300f:Kh|As:-100|100:strongadaptive_rocks|deepstack
STATE:734:r1200f:Qh|Ks:100|-100:deepstack|strongadaptive_rocks
STATE:735:cr1200f:Qs|Ah:-100|100:strongadaptive_rocks|deepstack
STATE:736:cc/cc:Kh|Ah/Qs:-100|100:deepstack|strongadaptive_rocks
STATE:737:cc/cr1200f:Ks|Qs/Qh:-100|100:strongadaptive_rocks|deepstack
STATE:738:r1200f:As|Ks:100|-100:deepstack|strongadaptive_rocks
STATE:739:cr300f:Qh|Ah:-100|100:strongadaptive_rocks|deepstack
STATE:740:r1200f:As|Qs:100|-100:deepstack|strongadaptive_rocks
STATE:741:cc/cr1200f:Qs|Ks/Ah:-100|100:strongadaptive_rocks|deepstack
STATE:742:cc/cc:Ah|Kh/Qh:100|-100:deepstack|strongadaptive_rocks
STATE:743:cc/cr1200f:As|Qs/Ks:-100|100:strongadaptive_rocks|deepstack
STATE:744:cc/r1200f:Ah|Qh/As:100|-100:deepstack|strongadaptive_rocks
STATE:745:cr300f:Kh|As:-100|100:strongadaptive_rocks|deepstack
STATE:746:r1200c/:Qs|Ah/Qh:1200|-1200:deepstack|strongadaptive_rocks
STATE:747:cr1200c/:Ah|Kh/Ks:-1200|1200:strongadaptive_rocks|deepstack
STATE:748:cc/r1200c:Qs|Kh/Ks:-1200|1200:deepstack|strongadaptive_rocks
STATE:749:cc/cr1200f:Ah|Qs/Kh:-100|100:strongadaptive_rocks|deepstack
STATE:750:r1200f:As|Qs:100|-100:deepstack|strongadaptive_rocks
STATE:751:cr1200f:Ks|Ah:-100|100:strongadaptive_rocks|deepstack
STATE:752:cc/r1200f:Qh|Ks/Qs:100|-100:deepstack|strongadaptive_rocks
STATE:753:cr1200f:Qh|Qs:-100|100:strongadaptive_rocks|deepstack
STATE:754:r1200c/:As|Ah/Qh:0|0:deepstack|strongadaptive_rocks
STATE:755:cc/cr1200f:Ah|Qs/Kh:-100|100:strongadaptive_rocks|deepstack
STATE:756:r1200f:As|Qs:100|-100:deepstack|strongadaptive_rocks
STATE:757:cc/r300f:Ah|Ks/As:100|-100:strongadaptive_rocks|deepstack
STATE:758:cc/cr300f:Ah|Kh/Ks:-100|100:deepstack|strongadaptive_rocks
STATE:759:cc/cr300f:Qs|Kh/As:-100|100:strongadaptive_rocks|deepstack
STATE:760:r1200c/:Kh|Ah/Qh:-1200|1200:deepstack|strongadaptive_rocks
STATE:761:cr300r1200c/:Ah|As/Qh:0|0:strongadaptive_rocks|deepstack
STATE:762:cc/r1200c:Qh|Ks/Kh:-1200|1200:deepstack|strongadaptive_rocks
STATE:763:cc/cc:Qs|Ah/Kh:-100|100:strongadaptive_rocks|deepstack
STATE:764:cc/cc:Kh|Qs/Ks:100|-100:deepstack|strongadaptive_rocks
STATE:765:cr1200f:Kh|Ks:-100|100:strongadaptive_rocks|deepstack
STATE:766:r1200f:Qh|Ks:100|-100:deepstack|strongadaptive_rocks
STATE:767:cr300f:Kh|As:-100|100:strongadaptive_rocks|deepstack
STATE:768:r1200f:Kh|Qh:100|-100:deepstack|strongadaptive_rocks
STATE:769:cc/cc:Ks|Kh/Qh:0|0:strongadaptive_rocks|deepstack
STATE:770:cc/cc:Ks|Ah/Kh:100|-100:deepstack|strongadaptive_rocks
STATE:771:cr300f:Qs|Ks:-100|100:strongadaptive_rocks|deepstack
STATE:772:cc/r1200f:Qs|Kh/As:100|-100:deepstack|strongadaptive_rocks
STATE:773:cr300f:Kh|As:-100|100:strongadaptive_rocks|deepstack
STATE:774:cc/cc:Qh|Qs/Ks:0|0:deepstack|strongadaptive_rocks
STATE:775:cr1200c/:As|Kh/Qh:1200|-1200:strongadaptive_rocks|deepstack
STATE:776:cc/r1200f:Qh|Qs/Ks:100|-100:deepstack|strongadaptive_rocks
STATE:777:cr300f:Ks|Ah:-100|100:strongadaptive_rocks|deepstack
STATE:778:cc/r300r1200f:Kh|Qs/Qh:-300|300:deepstack|strongadaptive_rocks
STATE:779:cr300r1200f:As|Qs:300|-300:strongadaptive_rocks|deepstack
STATE:780:cc/r300r900c:Kh|Ah/As:-900|900:deepstack|strongadaptive_rocks
STATE:781:cr300f:Qs|As:-100|100:strongadaptive_rocks|deepstack
STATE:782:r1200f:Kh|Qh:100|-100:deepstack|strongadaptive_rocks
STATE:783:cr300r1200f:As|Qh:300|-300:strongadaptive_rocks|deepstack
STATE:784:cc/cc:Kh|Ah/Qs:-100|100:deepstack|strongadaptive_rocks
STATE:785:cc/cr300f:Ah|Ks/Kh:-100|100:strongadaptive_rocks|deepstack
STATE:786:r1200f:As|Qh:100|-100:deepstack|strongadaptive_rocks
STATE:787:cr1200c/:As|Ah/Kh:0|0:strongadaptive_rocks|deepstack
STATE:788:r300r1200c/:As|Ah/Qh:0|0:deepstack|strongadaptive_rocks
STATE:789:cc/cr300f:As|Qs/Qh:-100|100:strongadaptive_rocks|deepstack
STATE:790:r1200f:As|Ks:100|-100:deepstack|strongadaptive_rocks
STATE:791:cr300r1200f:As|Ks:300|-300:strongadaptive_rocks|deepstack
STATE:792:cc/cc:Kh|Qs/Ah:100|-100:deepstack|strongadaptive_rocks
STATE:793:cr1200f:Ks|As:-100|100:strongadaptive_rocks|deepstack
STATE:794:cc/r1200f:Ah|As/Ks:100|-100:deepstack|strongadaptive_rocks
STATE:795:cc/cr300r1200f:Ks|Qh/Kh:300|-300:strongadaptive_rocks|deepstack
STATE:796:r1200f:Qh|Qs:100|-100:deepstack|strongadaptive_rocks
STATE:797:cc/cc:Ah|Qh/Kh:100|-100:strongadaptive_rocks|deepstack
STATE:798:cc/r300f:Kh|As/Ks:100|-100:deepstack|strongadaptive_rocks
STATE:799:cc/cc:As|Kh/Qs:100|-100:strongadaptive_rocks|deepstack
STATE:800:cc/cc:Qh|Ah/Kh:-100|100:deepstack|strongadaptive_rocks
STATE:801:cc/cr300f:Ah|Ks/Kh:-100|100:strongadaptive_rocks|deepstack
STATE:802:cc/r1200f:Kh|Ah/Ks:100|-100:deepstack|strongadaptive_rocks
STATE:803:cc/cc:Qh|Qs/Ah:0|0:strongadaptive_rocks|deepstack
STATE:804:r1200f:Ah|Qh:100|-100:deepstack|strongadaptive_rocks
STATE:805:cr1200c/:Ah|Kh/Qs:1200|-1200:strongadaptive_rocks|deepstack
STATE:806:r1200f:As|Qs:100|-100:deepstack|strongadaptive_rocks
STATE:807:cr300f:Kh|As:-100|100:strongadaptive_rocks|deepstack
STATE:808:r1200f:Qh|Ks:100|-100:deepstack|strongadaptive_rocks
STATE:809:cr300f:Ks|Ah:-100|100:strongadaptive_rocks|deepstack
STATE:810:cc/cr300r1200c:Qs|Ks/Kh:-1200|1200:deepstack|strongadaptive_rocks
STATE:811:cc/cc:Qh|Qs/Kh:0|0:strongadaptive_rocks|deepstack
STATE:812:cc/cc:Ah|Ks/Qs:100|-100:deepstack|strongadaptive_rocks
STATE:813:cr1200c/:Ah|Qs/Ks:1200|-1200:strongadaptive_rocks|deepstack
STATE:814:cc/cc:Qh|Ah/Qs:100|-100:deepstack|strongadaptive_rocks
STATE:815:cr300f:Qh|Qs:-100|100:strongadaptive_rocks|deepstack
STATE:816:r1200f:As|Qs:100|-100:deepstack|strongadaptive_rocks
STATE:817:cr1200f:Ks|As:-100|100:strongadaptive_rocks|deepstack
STATE:818:cc/cc:As|Qs/Kh:100|-100:deepstack|strongadaptive_rocks
STATE:819:cr1200f:Kh|Ks:-100|100:strongadaptive_rocks|deepstack
STATE:820:cc/r300f:Kh|As/Ks:100|-100:deepstack|strongadaptive_rocks
STATE:821:cr300f:Kh|Ks:-100|100:strongadaptive_rocks|deepstack
STATE:822:cc/cc:Ks|Qs/Kh:100|-100:deepstack|strongadaptive_rocks
STATE:823:cr1200f:Qs|Ah:-100|100:strongadaptive_rocks|deepstack
STATE:824:cc/cc:Qs|As/Kh:-100|100:deepstack|strongadaptive_rocks
STATE:825:cr1200f:Qs|Ah:-100|100:strongadaptive_rocks|deepstack
STATE:826:r1200f:As|Qh:100|-100:deepstack|strongadaptive_rocks
STATE:827:cc/r300r1200c:Ah|Qh/As:1200|-1200:strongadaptive_rocks|deepstack
STATE:828:cc/cr300f:Qs|Ks/Kh:-100|100:deepstack|strongadaptive_rocks
STATE:829:cc/cc:As|Qs/Kh:100|-100:strongadaptive_rocks|deepstack
STATE:830:r1200c/:Kh|As/Qs:-1200|1200:deepstack|strongadaptive_rocks
STATE:831:cr300r1200f:As|Ks:300|-300:strongadaptive_rocks|deepstack
STATE:832:r1200f:Ah|Qh:100|-100:deepstack|strongadaptive_rocks
STATE:833:cr1200c/:Ah|Qh/Kh:1200|-1200:strongadaptive_rocks|deepstack
STATE:834:cc/cc:Kh|As/Qs:-100|100:deepstack|strongadaptive_rocks
STATE:835:cr300f:Kh|Ks:-100|100:strongadaptive_rocks|deepstack
STATE:836:cc/r1200f:Ah|Ks/As:100|-100:deepstack|strongadaptive_rocks
STATE:837:cr1200c/:As|Ah/Qs:0|0:strongadaptive_rocks|deepstack
STATE:838:cc/r1200f:Qh|Kh/Qs:100|-100:deepstack|strongadaptive_rocks
STATE:839:cc/cr300f:Ks|Kh/Qs:-100|100:strongadaptive_rocks|deepstack
STATE:840:r1200c/:Qh|Ah/Qs:1200|-1200:deepstack|strongadaptive_rocks
STATE:841:cc/cc:Qs|Kh/Qh:100|-100:strongadaptive_rocks|deepstack
STATE:842:r1200f:As|Kh:100|-100:deepstack|strongadaptive_rocks
STATE:843:cr1200f:Qh|Ah:-100|100:strongadaptive_rocks|deepstack
STATE:844:cc/r300f:Qs|As/Kh:100|-100:deepstack|strongadaptive_rocks
STATE:845:cr1200f:Qs|Qh:-100|100:strongadaptive_rocks|deepstack
STATE:846:r1200f:As|Ks:100|-100:deepstack|strongadaptive_rocks
STATE:847:cr1200c/:As|Qs/Ah:1200|-1200:strongadaptive_rocks|deepstack
STATE:848:cc/cr300f:Qs|Ks/Kh:-100|100:deepstack|strongadaptive_rocks
STATE:849:cr300f:Kh|Ks:-100|100:strongadaptive_rocks|deepstack
STATE:850:cc/r1200f:Kh|Qs/Ah:100|-100:deepstack|strongadaptive_rocks
STATE:851:cr300f:Qs|Qh:-100|100:strongadaptive_rocks|deepstack
STATE:852:r1200f:As|Qh:100|-100:deepstack|strongadaptive_rocks
STATE:853:cr1200f:Qs|Qh:-100|100:strongadaptive_rocks|deepstack
STATE:854:r1200f:Ah|Kh:100|-100:deepstack|strongadaptive_rocks
STATE:855:cc/cr300f:As|Ks/Qh:-100|100:strongadaptive_rocks|deepstack
STATE:856:r1200c/:Qs|As/Ks:-1200|1200:deepstack|strongadaptive_rocks
STATE:857:cr1200f:Qs|Qh:-100|100:strongadaptive_rocks|deepstack
STATE:858:r1200f:As|Qh:100|-100:deepstack|strongadaptive_rocks
STATE:859:cr300r1200c/:Ah|As/Ks:0|0:strongadaptive_rocks|deepstack
STATE:860:r1200f:Qs|Kh:100|-100:deepstack|strongadaptive_rocks
STATE:861:cr1200f:Qh|Ah:-100|100:strongadaptive_rocks|deepstack
STATE:862:cc/cc:Kh|As/Qs:-100|100:deepstack|strongadaptive_rocks
STATE:863:cr1200f:Qh|As:-100|100:strongadaptive_rocks|deepstack
STATE:864:cc/r1200f:Qh|Qs/Ah:100|-100:deepstack|strongadaptive_rocks
STATE:865:cc/cr1200f:Ks|Kh/As:-100|100:strongadaptive_rocks|deepstack
STATE:866:cc/r1200f:Kh|As/Qh:100|-100:deepstack|strongadaptive_rocks
STATE:867:cr300r1200c/:As|Ah/Kh:0|0:strongadaptive_rocks|deepstack
STATE:868:cc/cr300f:Qs|Ks/Kh:-100|100:deepstack|strongadaptive_rocks
STATE:869:cc/cr1200f:Kh|Qs/As:-100|100:strongadaptive_rocks|deepstack
STATE:870:cc/r1200f:Qh|As/Kh:100|-100:deepstack|strongadaptive_rocks
STATE:871:cc/cc:Qs|Ks/Ah:-100|100:strongadaptive_rocks|deepstack
STATE:872:cc/cc:Qh|Ah/Ks:-100|100:deepstack|strongadaptive_rocks
STATE:873:cr1200f:Ks|As:-100|100:strongadaptive_rocks|deepstack
STATE:874:r1200c/:Ks|Ah/Qs:-1200|1200:deepstack|strongadaptive_rocks
STATE:875:cc/cr1200f:Ks|Qs/Qh:-100|100:strongadaptive_rocks|deepstack
STATE:876:cc/r1200f:Ks|Kh/Ah:100|-100:deepstack|strongadaptive_rocks
STATE:877:cc/cc:Qs|Qh/As:0|0:strongadaptive_rocks|deepstack
STATE:878:cc/cc:Kh|Ks/Qh:0|0:deepstack|strongadaptive_rocks
STATE:879:cr1200f:Qh|Ks:-100|100:strongadaptive_rocks|deepstack
STATE:880:r1200c/:Qh|Ah/As:-1200|1200:deepstack|strongadaptive_rocks
STATE:881:cr300f:Ks|As:-100|100:strongadaptive_rocks|deepstack
STATE:882:r1200c/:Kh|Ah/As:-1200|1200:deepstack|strongadaptive_rocks
STATE:883:cc/cr1200f:Qh|Kh/Ks:-100|100:strongadaptive_rocks|deepstack
STATE:884:cc/cc:Qh|Kh/As:-100|100:deepstack|strongadaptive_rocks
STATE:885:cr300f:Qs|Ah:-100|100:strongadaptive_rocks|deepstack
STATE:886:cc/r1200c:Qs|As/Ah:-1200|1200:deepstack|strongadaptive_rocks
STATE:887:cc/cc:Qh|Qs/Ks:0|0:strongadaptive_rocks|deepstack
STATE:888:cc/cc:Qs|Qh/Ah:0|0:deepstack|strongadaptive_rocks
STATE:889:cr1200f:Qh|Ah:-100|100:strongadaptive_rocks|deepstack
STATE:890:r1200f:Ah|Kh:100|-100:deepstack|strongadaptive_rocks
STATE:891:cc/cc:As|Ks/Qs:100|-100:strongadaptive_rocks|deepstack
STATE:892:cc/cc:Ah|Kh/Qh:100|-100:deepstack|strongadaptive_rocks
STATE:893:cr1200c/:Ah|Qs/Qh:-1200|1200:strongadaptive_rocks|deepstack
STATE:894:cc/cc:Ah|As/Qh:0|0:deepstack|strongadaptive_rocks
STATE:895:cc/cr1200f:Ah|Kh/Ks:-100|100:strongadaptive_rocks|deepstack
STATE:896:cc/cc:Ks|Ah/Qh:-100|100:deepstack|strongadaptive_rocks
STATE:897:cr300f:Qh|Ah:-100|100:strongadaptive_rocks|deepstack
STATE:898:cc/r1200f:Ks|Qh/As:100|-100:deepstack|strongadaptive_rocks
STATE:899:cc/cr1200c:Kh|Qh/Ks:1200|-1200:strongadaptive_rocks|deepstack
STATE:900:r1200f:Qs|Ks:100|-100:deepstack|strongadaptive_rocks
STATE:901:cc/cr1200f:Ks|Qs/As:-100|100:strongadaptive_rocks|deepstack
STATE:902:cc/r1200f:Qs|Ks/Ah:100|-100:deepstack|strongadaptive_rocks
STATE:903:cc/cr300f:Ah|Qh/Qs:-100|100:strongadaptive_rocks|deepstack
STATE:904:cc/r300f:Ks|Qs/As:100|-100:deepstack|strongadaptive_rocks
STATE:905:cr300r1200f:Ah|Qh:300|-300:strongadaptive_rocks|deepstack
STATE:906:r1200c/:Qh|Ah/As:-1200|1200:deepstack|strongadaptive_rocks
STATE:907:cr300f:Qh|As:-100|100:strongadaptive_rocks|deepstack
STATE:908:cc/r300r900f:Kh|Ah/As:-300|300:deepstack|strongadaptive_rocks
STATE:909:cc/cr300f:Qs|Qh/Ks:-100|100:strongadaptive_rocks|deepstack
STATE:910:cc/r1200f:Qh|Ah/Qs:100|-100:deepstack|strongadaptive_rocks
STATE:911:cc/cr300r900r1200c:Qh|Kh/Qs:1200|-1200:strongadaptive_rocks|deepstack
STATE:912:cc/r1200f:Kh|Ah/Qs:100|-100:deepstack|strongadaptive_rocks
STATE:913:cr1200f:Ks|Qh:-100|100:strongadaptive_rocks|deepstack
STATE:914:r1200c/:Qs|Ah/Qh:1200|-1200:deepstack|strongadaptive_rocks
STATE:915:cr1200f:Qs|As:-100|100:strongadaptive_rocks|deepstack
STATE:916:r1200f:Ks|Qs:100|-100:deepstack|strongadaptive_rocks
STATE:917:cr300f:Ks|Ah:-100|100:strongadaptive_rocks|deepstack
STATE:918:cc/cc:Ah|As/Ks:0|0:deepstack|strongadaptive_rocks
STATE:919:cc/r1200f:As|Ks/Ah:100|-100:strongadaptive_rocks|deepstack
STATE:920:cc/r1200f:Qh|Ah/Kh:100|-100:deepstack|strongadaptive_rocks
STATE:921:cc/cc:Qs|As/Qh:100|-100:strongadaptive_rocks|deepstack
STATE:922:r1200c/:Ks|As/Ah:-1200|1200:deepstack|strongadaptive_rocks
STATE:923:cc/cr300f:Ah|Qh/Qs:-100|100:strongadaptive_rocks|deepstack
STATE:924:r300c/cr900c:As|Kh/Ks:-900|900:deepstack|strongadaptive_rocks
STATE:925:cr1200c/:Ah|Qs/Kh:1200|-1200:strongadaptive_rocks|deepstack
STATE:926:r1200c/:Ks|Ah/Qh:-1200|1200:deepstack|strongadaptive_rocks
STATE:927:cc/cc:Ks|Kh/Qs:0|0:strongadaptive_rocks|deepstack
STATE:928:cc/r1200f:Qs|Kh/As:100|-100:deepstack|strongadaptive_rocks
STATE:929:cc/cc:Qh|Ks/As:-100|100:strongadaptive_rocks|deepstack
STATE:930:cc/r300f:Ks|As/Qh:100|-100:deepstack|strongadaptive_rocks
STATE:931:cc/cc:Ks|Qh/Ah:100|-100:strongadaptive_rocks|deepstack
STATE:932:cc/cr300r1200c:Qh|As/Ah:-1200|1200:deepstack|strongadaptive_rocks
STATE:933:cr300f:Ks|Ah:-100|100:strongadaptive_rocks|deepstack
STATE:934:cc/cr300c:Ks|Ah/As:-300|300:deepstack|strongadaptive_rocks
STATE:935:cr1200c/:As|Qh/Ks:1200|-1200:strongadaptive_rocks|deepstack
STATE:936:cc/r1200f:Qs|As/Qh:100|-100:deepstack|strongadaptive_rocks
STATE:937:cc/cr1200f:Qh|Qs/Ah:-100|100:strongadaptive_rocks|deepstack
STATE:938:cc/cc:Ks|As/Qs:-100|100:deepstack|strongadaptive_rocks
STATE:939:cr300f:Ks|Ah:-100|100:strongadaptive_rocks|deepstack
STATE:940:cc/r300f:Kh|Qh/Ks:100|-100:deepstack|strongadaptive_rocks
STATE:941:cc/cr1200f:Ah|Qs/Kh:-100|100:strongadaptive_rocks|deepstack
STATE:942:r1200c/:Qh|As/Qs:1200|-1200:deepstack|strongadaptive_rocks
STATE:943:cc/cr1200f:Qh|Qs/Ah:-100|100:strongadaptive_rocks|deepstack
STATE:944:r1200f:As|Qs:100|-100:deepstack|strongadaptive_rocks
STATE:945:cr300f:Ks|As:-100|100:strongadaptive_rocks|deepstack
STATE:946:cc/r1200f:Ks|Qs/Ah:100|-100:deepstack|strongadaptive_rocks
STATE:947:cc/cr1200f:Qs|Qh/Ah:-100|100:strongadaptive_rocks|deepstack
STATE:948:cc/cc:Kh|Ks/Ah:0|0:deepstack|strongadaptive_rocks
STATE:949:cc/cr1200f:Ah|Kh/Qh:-100|100:strongadaptive_rocks|deepstack
STATE:950:cc/r1200f:As|Qh/Ks:100|-100:deepstack|strongadaptive_rocks
STATE:951:cr1200f:Kh|Ah:-100|100:strongadaptive_rocks|deepstack
STATE:952:cc/cc:Qs|Ks/Ah:-100|100:deepstack|strongadaptive_rocks
STATE:953:cr300f:Kh|Qs:-100|100:strongadaptive_rocks|deepstack
STATE:954:cc/r1200c:Qs|As/Ah:-1200|1200:deepstack|strongadaptive_rocks
STATE:955:cr1200c/:Ah|Kh/As:1200|-1200:strongadaptive_rocks|deepstack
STATE:956:cc/cc:Qs|As/Ks:-100|100:deepstack|strongadaptive_rocks
STATE:957:cr300r1200f:Ah|Kh:300|-300:strongadaptive_rocks|deepstack
STATE:958:r1200f:As|Qh:100|-100:deepstack|strongadaptive_rocks
STATE:959:cc/cr1200f:Qh|Ks/Ah:-100|100:strongadaptive_rocks|deepstack
STATE:960:r1200f:Ks|Qh:100|-100:deepstack|strongadaptive_rocks
STATE:961:cc/r1200f:As|Qh/Ah:100|-100:strongadaptive_rocks|deepstack
STATE:962:cc/r1200f:Kh|As/Qh:100|-100:deepstack|strongadaptive_rocks
STATE:963:cc/cc:As|Qh/Kh:100|-100:strongadaptive_rocks|deepstack
STATE:964:cc/cc:Qh|As/Qs:100|-100:deepstack|strongadaptive_rocks
STATE:965:cc/cc:Qs|Ks/As:-100|100:strongadaptive_rocks|deepstack
STATE:966:r1200f:Qh|Kh:100|-100:deepstack|strongadaptive_rocks
STATE:967:cr1200c/:As|Ks/Qs:1200|-1200:strongadaptive_rocks|deepstack
STATE:968:r1200f:Ks|Kh:100|-100:deepstack|strongadaptive_rocks
STATE:969:cr300f:Ks|As:-100|100:strongadaptive_rocks|deepstack
STATE:970:r1200c/:Qh|As/Qs:1200|-1200:deepstack|strongadaptive_rocks
STATE:971:cc/cr1200f:Qs|Kh/Ks:-100|100:strongadaptive_rocks|deepstack
STATE:972:cc/cc:Qs|Ks/Qh:100|-100:deepstack|strongadaptive_rocks
STATE:973:cc/cc:As|Qs/Ks:100|-100:strongadaptive_rocks|deepstack
STATE:974:cc/r1200f:As|Kh/Qs:100|-100:deepstack|strongadaptive_rocks
STATE:975:cr300r1200f:Ah|Qs:300|-300:strongadaptive_rocks|deepstack
STATE:976:r1200f:Qs|Kh:100|-100:deepstack|strongadaptive_rocks
STATE:977:cr1200c/:As|Kh/Qs:1200|-1200:strongadaptive_rocks|deepstack
STATE:978:r1200f:Kh|Ks:100|-100:deepstack|strongadaptive_rocks
STATE:979:cr300f:Ks|Qs:-100|100:strongadaptive_rocks|deepstack
STATE:980:r300c/cc:Qh|Ks/Qs:300|-300:deepstack|strongadaptive_rocks
STATE:981:cr1200f:Qs|As:-100|100:strongadaptive_rocks|deepstack
STATE:982:r1200f:Kh|Qs:100|-100:deepstack|strongadaptive_rocks
STATE:983:cr1200f:Ks|Qh:-100|100:strongadaptive_rocks|deepstack
STATE:984:r1200f:Ks|Kh:100|-100:deepstack|strongadaptive_rocks
STATE:985:cc/cc:As|Ah/Qh:0|0:strongadaptive_rocks|deepstack
STATE:986:cc/cc:Ks|Ah/Qh:-100|100:deepstack|strongadaptive_rocks
STATE:987:cr1200f:Qh|Qs:-100|100:strongadaptive_rocks|deepstack
STATE:988:cc/cc:Ks|Ah/Qs:-100|100:deepstack|strongadaptive_rocks
STATE:989:cr300r1200f:As|Qh:300|-300:strongadaptive_rocks|deepstack
STATE:990:r1200c/:Qh|As/Qs:1200|-1200:deepstack|strongadaptive_rocks
STATE:991:cc/cr1200f:Qs|Qh/Kh:-100|100:strongadaptive_rocks|deepstack
STATE:992:cc/cc:Qs|Qh/Ks:0|0:deepstack|strongadaptive_rocks
STATE:993:cr1200f:Qs|Ah:-100|100:strongadaptive_rocks|deepstack
STATE:994:cc/cr300r1200c:Qs|Ah/As:-1200|1200:deepstack|strongadaptive_rocks
STATE:995:cc/cc:Ks|Kh/Qs:0|0:strongadaptive_rocks|deepstack
STATE:996:cc/cc:Qs|Qh/As:0|0:deepstack|strongadaptive_rocks
STATE:997:cc/cr1200c:Ks|Qh/Kh:1200|-1200:strongadaptive_rocks|deepstack
STATE:998:cc/cc:Qs|Ah/Kh:-100|100:deepstack|strongadaptive_rocks
STATE:999:cr1200f:Ks|Qh:-100|100:strongadaptive_rocks|deepstack
SCORE:-53900|53900:deepstack|strongadaptive_rocks
