# name/game/hands/seed passiverocksvdeepstack1000 ./DeepStack-Leduc/ACPCServer/leduc.game 1000 5
#--t_response 600000
#--t_hand 600000
#--t_per_hand 7000
STATE:0:r300c/cc:As|Ks/Qs:300|-300:passiverocks|deepstack
STATE:1:cr300f:Qs|Kh:-100|100:deepstack|passiverocks
STATE:2:cc/cc:Ks|Qs/Qh:-100|100:passiverocks|deepstack
STATE:3:cr300c/cr1200c:Ks|As/Ah:-1200|1200:deepstack|passiverocks
STATE:4:r1200c/:As|Ah/Ks:0|0:passiverocks|deepstack
STATE:5:cc/cc:Qh|Qs/As:0|0:deepstack|passiverocks
STATE:6:cc/cc:As|Ks/Kh:-100|100:passiverocks|deepstack
STATE:7:cc/cr1200c:Qs|Ah/As:-1200|1200:deepstack|passiverocks
STATE:8:r1200c/:Ah|As/Qs:0|0:passiverocks|deepstack
STATE:9:cr300f:Qs|As:-100|100:deepstack|passiverocks
STATE:10:cc/cc:Qh|Ks/Kh:-100|100:passiverocks|deepstack
STATE:11:cr300f:Qh|As:-100|100:deepstack|passiverocks
STATE:12:cc/r300c:Kh|Ks/As:0|0:passiverocks|deepstack
STATE:13:cr300c/cc:Kh|As/Ks:300|-300:deepstack|passiverocks
STATE:14:cr1200f:Qh|Ah:-100|100:passiverocks|deepstack
STATE:15:cr1200c/:Ks|As/Ah:-1200|1200:deepstack|passiverocks
STATE:16:cc/r300c:Ks|Qh/As:300|-300:passiverocks|deepstack
STATE:17:r1200f:Ah|Kh:100|-100:deepstack|passiverocks
STATE:18:cc/cc:As|Kh/Qs:100|-100:passiverocks|deepstack
STATE:19:r1200f:Ah|Kh:100|-100:deepstack|passiverocks
STATE:20:cr1200f:Qs|Ah:-100|100:passiverocks|deepstack
STATE:21:r1200f:Ah|Qh:100|-100:deepstack|passiverocks
STATE:22:cc/cc:Kh|Ks/Qh:0|0:passiverocks|deepstack
STATE:23:cc/cc:Qs|Ah/Ks:-100|100:deepstack|passiverocks
STATE:24:cr1200f:Kh|As:-100|100:passiverocks|deepstack
STATE:25:r1200f:Ah|Ks:100|-100:deepstack|passiverocks
STATE:26:cc/r300c:As|Ks/Ah:300|-300:passiverocks|deepstack
STATE:27:r1200f:As|Qh:100|-100:deepstack|passiverocks
STATE:28:cr1200f:Kh|Ah:-100|100:passiverocks|deepstack
STATE:29:cr300f:Qh|Ah:-100|100:deepstack|passiverocks
STATE:30:r1200c/:Ah|As/Kh:0|0:passiverocks|deepstack
STATE:31:cc/cc:Ks|Qh/As:100|-100:deepstack|passiverocks
STATE:32:cc/cc:Qs|Qh/Kh:0|0:passiverocks|deepstack
STATE:33:r1200c/:As|Ah/Kh:0|0:deepstack|passiverocks
STATE:34:cr1200f:Ks|As:-100|100:passiverocks|deepstack
STATE:35:cr300f:Qs|Ah:-100|100:deepstack|passiverocks
STATE:36:cc/cc:Qh|Ks/Ah:-100|100:passiverocks|deepstack
STATE:37:cr300c/cr1200c:Kh|As/Ah:-1200|1200:deepstack|passiverocks
STATE:38:cc/cc:Ks|Kh/Qs:0|0:passiverocks|deepstack
STATE:39:r1200f:Ah|Qh:100|-100:deepstack|passiverocks
STATE:40:cc/r300c:Ah|Qh/As:300|-300:passiverocks|deepstack
STATE:41:cr300f:Qh|As:-100|100:deepstack|passiverocks
STATE:42:cr1200f:Qh|Ah:-100|100:passiverocks|deepstack
STATE:43:cc/cc:Kh|Ks/Qh:0|0:deepstack|passiverocks
STATE:44:cc/cc:Qs|Qh/Ks:0|0:passiverocks|deepstack
STATE:45:r1200f:As|Kh:100|-100:deepstack|passiverocks
STATE:46:r1200c/:Ah|Ks/Qh:1200|-1200:passiverocks|deepstack
STATE:47:cc/cc:Kh|Ks/Qs:0|0:deepstack|passiverocks
STATE:48:r1200f:As|Qs:100|-100:passiverocks|deepstack
STATE:49:cr300c/cc:Kh|As/Qh:-300|300:deepstack|passiverocks
STATE:50:cr1200f:Ks|As:-100|100:passiverocks|deepstack
STATE:51:r1200f:As|Ks:100|-100:deepstack|passiverocks
STATE:52:cc/r300c:Ks|Qh/Ah:300|-300:passiverocks|deepstack
STATE:53:cc/cc:Qh|Kh/As:-100|100:deepstack|passiverocks
STATE:54:cc/cc:Kh|Qs/Ks:100|-100:passiverocks|deepstack
STATE:55:cc/cc:Kh|Qs/Ah:100|-100:deepstack|passiverocks
STATE:56:r1200f:As|Qh:100|-100:passiverocks|deepstack
STATE:57:cr300f:Qh|Ah:-100|100:deepstack|passiverocks
STATE:58:cc/cc:Kh|Qh/Ks:100|-100:passiverocks|deepstack
STATE:59:cr300c/cc:Ks|As/Kh:300|-300:deepstack|passiverocks
STATE:60:r300f:Kh|Qs:100|-100:passiverocks|deepstack
STATE:61:cc/cr300c:Qh|Ks/Kh:-300|300:deepstack|passiverocks
STATE:62:r1200f:As|Qh:100|-100:passiverocks|deepstack
STATE:63:cc/cc:Ks|Kh/As:0|0:deepstack|passiverocks
STATE:64:cc/cc:As|Qs/Qh:-100|100:passiverocks|deepstack
STATE:65:cc/cc:Qs|Kh/Ah:-100|100:deepstack|passiverocks
STATE:66:cc/cc:Qh|Kh/As:-100|100:passiverocks|deepstack
STATE:67:r1200f:Ah|Ks:100|-100:deepstack|passiverocks
STATE:68:cr1200f:Kh|As:-100|100:passiverocks|deepstack
STATE:69:cc/cc:Qs|Ks/Qh:100|-100:deepstack|passiverocks
STATE:70:cc/cc:Qh|Kh/Ah:-100|100:passiverocks|deepstack
STATE:71:cc/cr300c:Qs|Ks/Kh:-300|300:deepstack|passiverocks
STATE:72:cc/cc:Kh|Ks/Qs:0|0:passiverocks|deepstack
STATE:73:cr300f:Qs|Ah:-100|100:deepstack|passiverocks
STATE:74:r1200c/:Ah|Ks/As:1200|-1200:passiverocks|deepstack
STATE:75:r1200f:Ah|Ks:100|-100:deepstack|passiverocks
STATE:76:cc/r300c:Kh|Qs/As:300|-300:passiverocks|deepstack
STATE:77:r1200f:Ah|Ks:100|-100:deepstack|passiverocks
STATE:78:cc/cc:As|Kh/Qh:100|-100:passiverocks|deepstack
STATE:79:cc/cr300c:Kh|Qs/Ks:300|-300:deepstack|passiverocks
STATE:80:cr1200f:Qh|Ah:-100|100:passiverocks|deepstack
STATE:81:cr300f:Qs|As:-100|100:deepstack|passiverocks
STATE:82:r1200c/:Ah|Ks/As:1200|-1200:passiverocks|deepstack
STATE:83:cr300f:Qh|Ks:-100|100:deepstack|passiverocks
STATE:84:cr1200f:Ks|As:-100|100:passiverocks|deepstack
STATE:85:cc/cr300c:Kh|Ks/Qh:0|0:deepstack|passiverocks
STATE:86:cc/cc:Qs|Kh/Ks:-100|100:passiverocks|deepstack
STATE:87:cr300c/cr900c:Ks|Qh/Qs:-900|900:deepstack|passiverocks
STATE:88:cc/r300c:Ah|Kh/As:300|-300:passiverocks|deepstack
STATE:89:cr300c/cc:Kh|As/Qs:-300|300:deepstack|passiverocks
STATE:90:cc/cc:Kh|Qs/Ks:100|-100:passiverocks|deepstack
STATE:91:r1200f:Ah|Qh:100|-100:deepstack|passiverocks
STATE:92:cc/r1200c:As|Kh/Ah:1200|-1200:passiverocks|deepstack
STATE:93:cc/cc:Kh|Qs/As:100|-100:deepstack|passiverocks
STATE:94:cr1200f:Ks|Ah:-100|100:passiverocks|deepstack
STATE:95:cc/cc:Ks|Kh/As:0|0:deepstack|passiverocks
STATE:96:cr1200f:Qh|As:-100|100:passiverocks|deepstack
STATE:97:r1200c/:As|Ah/Ks:0|0:deepstack|passiverocks
STATE:98:cr1200f:Qs|As:-100|100:passiverocks|deepstack
STATE:99:cr300f:Qs|Kh:-100|100:deepstack|passiverocks
STATE:100:cc/cc:Qs|Kh/As:-100|100:passiverocks|deepstack
STATE:101:cr300c/cc:Kh|As/Qs:-300|300:deepstack|passiverocks
STATE:102:cr1200f:Ks|Ah:-100|100:passiverocks|deepstack
STATE:103:cr300c/cc:Ks|Ah/Qs:-300|300:deepstack|passiverocks
STATE:104:cr1200f:Qs|Ah:-100|100:passiverocks|deepstack
STATE:105:cr300f:Qh|As:-100|100:deepstack|passiverocks
STATE:106:cr1200c/:As|Ah/Qs:0|0:passiverocks|deepstack
STATE:107:cr300f:Qs|As:-100|100:deepstack|passiverocks
STATE:108:cc/cc:As|Qh/Qs:-100|100:passiverocks|deepstack
STATE:109:cr300f:Qh|Ks:-100|100:deepstack|passiverocks
STATE:110:r1200f:As|Qs:100|-100:passiverocks|deepstack
STATE:111:cr1200f:Qs|Ah:-100|100:deepstack|passiverocks
STATE:112:cc/cc:Qh|Kh/As:-100|100:passiverocks|deepstack
STATE:113:cc/cc:Qh|Qs/Ah:0|0:deepstack|passiverocks
STATE:114:r1200f:Ah|Qs:100|-100:passiverocks|deepstack
STATE:115:cr300f:Qs|As:-100|100:deepstack|passiverocks
STATE:116:cr1200f:Qs|As:-100|100:passiverocks|deepstack
STATE:117:r1200f:As|Qh:100|-100:deepstack|passiverocks
STATE:118:cc/cc:Qh|Kh/Ks:-100|100:passiverocks|deepstack
STATE:119:cc/cr1200c:Ks|Kh/As:0|0:deepstack|passiverocks
STATE:120:cr1200f:Ks|Ah:-100|100:passiverocks|deepstack
STATE:121:cc/cr300c:Qh|Kh/Ks:-300|300:deepstack|passiverocks
STATE:122:cc/cc:Ks|Qs/As:100|-100:passiverocks|deepstack
STATE:123:cc/cc:Qs|Qh/As:0|0:deepstack|passiverocks
STATE:124:cc/r300c:Ks|Kh/Ah:0|0:passiverocks|deepstack
STATE:125:cc/cc:Ks|As/Qs:-100|100:deepstack|passiverocks
STATE:126:r1200c/:As|Ks/Qs:1200|-1200:passiverocks|deepstack
STATE:127:cc/cr1200c:Qs|Qh/As:0|0:deepstack|passiverocks
STATE:128:cc/cc:Kh|Qs/Ks:100|-100:passiverocks|deepstack
STATE:129:cc/cr300c:Kh|Ks/Qs:0|0:deepstack|passiverocks
STATE:130:r1200c/:As|Ah/Kh:0|0:passiverocks|deepstack
STATE:131:r1200c/:Ah|As/Ks:0|0:deepstack|passiverocks
STATE:132:cc/r300c:Ks|Kh/As:0|0:passiverocks|deepstack
STATE:133:r1200f:Ah|Qh:100|-100:deepstack|passiverocks
STATE:134:r1200c/:Ah|Kh/Ks:-1200|1200:passiverocks|deepstack
STATE:135:r1200f:As|Qs:100|-100:deepstack|passiverocks
STATE:136:cc/cc:Qh|Qs/Ah:0|0:passiverocks|deepstack
STATE:137:cc/cc:Qh|Qs/Kh:0|0:deepstack|passiverocks
STATE:138:cr1200f:Qh|Ah:-100|100:passiverocks|deepstack
STATE:139:cr300f:Qh|Ah:-100|100:deepstack|passiverocks
STATE:140:cc/cc:Ah|Qs/Qh:-100|100:passiverocks|deepstack
STATE:141:cc/cc:Kh|Ks/Qh:0|0:deepstack|passiverocks
STATE:142:cc/cc:As|Kh/Ks:-100|100:passiverocks|deepstack
STATE:143:cr300c/cr1200c:Kh|As/Ah:-1200|1200:deepstack|passiverocks
STATE:144:cc/cc:Qh|Ks/Kh:-100|100:passiverocks|deepstack
STATE:145:cc/cc:Qs|As/Qh:100|-100:deepstack|passiverocks
STATE:146:cc/cc:Ks|Kh/Qh:0|0:passiverocks|deepstack
STATE:147:cr300c/cc:Kh|Ah/Qs:-300|300:deepstack|passiverocks
STATE:148:cc/cc:Ah|Ks/Qs:100|-100:passiverocks|deepstack
STATE:149:cr300f:Qh|Kh:-100|100:deepstack|passiverocks
STATE:150:cc/cc:Ah|Qs/Ks:100|-100:passiverocks|deepstack
STATE:151:cc/cc:Qh|Ks/Ah:-100|100:deepstack|passiverocks
STATE:152:cr1200c/:As|Ah/Qs:0|0:passiverocks|deepstack
STATE:153:cc/cr300c:Ks|Kh/Qh:0|0:deepstack|passiverocks
STATE:154:r1200f:As|Qs:100|-100:passiverocks|deepstack
STATE:155:cr300f:Qh|Ah:-100|100:deepstack|passiverocks
STATE:156:cr1200f:Qs|Ah:-100|100:passiverocks|deepstack
STATE:157:r1200c/:Ah|As/Qh:0|0:deepstack|passiverocks
STATE:158:cc/cc:Ks|Qs/Qh:-100|100:passiverocks|deepstack
STATE:159:cr300f:Qh|Ah:-100|100:deepstack|passiverocks
STATE:160:cc/cc:Qh|Qs/Kh:0|0:passiverocks|deepstack
STATE:161:r1200c/:As|Ah/Qs:0|0:deepstack|passiverocks
STATE:162:cc/cc:Ks|Qh/Ah:100|-100:passiverocks|deepstack
STATE:163:r1200c/:As|Ah/Ks:0|0:deepstack|passiverocks
STATE:164:cr1200f:Ks|Ah:-100|100:passiverocks|deepstack
STATE:165:r1200f:Ah|Kh:100|-100:deepstack|passiverocks
STATE:166:cr1200f:Ks|As:-100|100:passiverocks|deepstack
STATE:167:r1200f:As|Qs:100|-100:deepstack|passiverocks
STATE:168:cr1200f:Qh|As:-100|100:passiverocks|deepstack
STATE:169:cc/cc:Qh|Kh/Ah:-100|100:deepstack|passiverocks
STATE:170:cc/cc:Kh|Qh/Qs:-100|100:passiverocks|deepstack
STATE:171:r1200f:As|Qs:100|-100:deepstack|passiverocks
STATE:172:cr1200f:Ks|As:-100|100:passiverocks|deepstack
STATE:173:cr300f:Qh|Ah:-100|100:deepstack|passiverocks
STATE:174:cc/cc:Ks|Qs/Qh:-100|100:passiverocks|deepstack
STATE:175:r1200f:Ah|Qs:100|-100:deepstack|passiverocks
STATE:176:r300f:Ah|Qs:100|-100:passiverocks|deepstack
STATE:177:cc/cc:Ks|Qs/Kh:100|-100:deepstack|passiverocks
STATE:178:cr1200c/:As|Ah/Kh:0|0:passiverocks|deepstack
STATE:179:r1200c/:As|Ah/Kh:0|0:deepstack|passiverocks
STATE:180:cr1200c/:Ah|As/Kh:0|0:passiverocks|deepstack
STATE:181:cr300c/cr1200c:Ks|Ah/Qs:-1200|1200:deepstack|passiverocks
STATE:182:cc/r300c:Ks|Kh/As:0|0:passiverocks|deepstack
STATE:183:cr300c/cr1200c:Ks|Qh/Kh:1200|-1200:deepstack|passiverocks
STATE:184:cc/cc:Qs|Kh/Qh:100|-100:passiverocks|deepstack
STATE:185:r1200f:As|Qs:100|-100:deepstack|passiverocks
STATE:186:cc/cc:Qs|Ks/Kh:-100|100:passiverocks|deepstack
STATE:187:cr300f:Qs|Ah:-100|100:deepstack|passiverocks
STATE:188:cc/cc:Qs|Kh/As:-100|100:passiverocks|deepstack
STATE:189:cr300c/cr900c:Kh|Ah/As:-900|900:deepstack|passiverocks
STATE:190:cr1200f:Qh|Ah:-100|100:passiverocks|deepstack
STATE:191:cr1200c/:Ks|As/Qh:-1200|1200:deepstack|passiverocks
STATE:192:cc/cc:Ks|Kh/As:0|0:passiverocks|deepstack
STATE:193:cr1200f:Qs|As:-100|100:deepstack|passiverocks
STATE:194:cc/cc:Qs|Kh/Ks:-100|100:passiverocks|deepstack
STATE:195:r1200f:Ah|Ks:100|-100:deepstack|passiverocks
STATE:196:cc/cc:As|Ks/Qh:100|-100:passiverocks|deepstack
STATE:197:cr300f:Qs|As:-100|100:deepstack|passiverocks
STATE:198:cr1200f:Kh|Ah:-100|100:passiverocks|deepstack
STATE:199:r1200f:As|Qs:100|-100:deepstack|passiverocks
STATE:200:cc/cc:Ks|Qh/Qs:-100|100:passiverocks|deepstack
STATE:201:r1200f:As|Kh:100|-100:deepstack|passiverocks
STATE:202:cc/cc:Qh|Kh/As:-100|100:passiverocks|deepstack
STATE:203:cc/cc:Qs|Qh/Ks:0|0:deepstack|passiverocks
STATE:204:cc/cc:Ks|Qs/Kh:100|-100:passiverocks|deepstack
STATE:205:cr300f:Qs|Ah:-100|100:deepstack|passiverocks
STATE:206:cr1200c/:Ah|As/Kh:0|0:passiverocks|deepstack
STATE:207:cc/cc:Ks|Kh/Ah:0|0:deepstack|passiverocks
STATE:208:r300c/cc:Kh|Ks/Ah:0|0:passiverocks|deepstack
STATE:209:r1200c/:Ah|As/Qs:0|0:deepstack|passiverocks
STATE:210:cc/cc:Qh|Kh/Ah:-100|100:passiverocks|deepstack
STATE:211:cc/cc:Kh|Ks/Ah:0|0:deepstack|passiverocks
STATE:212:cc/cc:Qs|Kh/Ks:-100|100:passiverocks|deepstack
STATE:213:cr300f:Qs|As:-100|100:deepstack|passiverocks
STATE:214:cc/cc:Qs|Qh/Ks:0|0:passiverocks|deepstack
STATE:215:cr300f:Qs|Ah:-100|100:deepstack|passiverocks
STATE:216:cr1200f:Ks|As:-100|100:passiverocks|deepstack
STATE:217:r1200f:As|Qs:100|-100:deepstack|passiverocks
STATE:218:cc/cc:Qh|Ks/Ah:-100|100:passiverocks|deepstack
STATE:219:cc/cr300c:Qs|Ks/Kh:-300|300:deepstack|passiverocks
STATE:220:cr1200f:Qh|As:-100|100:passiverocks|deepstack
STATE:221:cr300c/cc:Kh|Ks/Qh:0|0:deepstack|passiverocks
STATE:222:cr1200f:Ks|As:-100|100:passiverocks|deepstack
STATE:223:cr300f:Qs|Ah:-100|100:deepstack|passiverocks
STATE:224:cc/cc:Kh|Qs/Qh:-100|100:passiverocks|deepstack
STATE:225:cc/cc:Ks|Qs/Kh:100|-100:deepstack|passiverocks
STATE:226:cr1200f:Kh|As:-100|100:passiverocks|deepstack
STATE:227:cc/cr300c:Qh|Ks/Kh:-300|300:deepstack|passiverocks
STATE:228:cc/r300c:Ks|Kh/As:0|0:passiverocks|deepstack
STATE:229:r1200f:Ah|Qs:100|-100:deepstack|passiverocks
STATE:230:cc/r300c:Ks|Qh/Ah:300|-300:passiverocks|deepstack
STATE:231:cc/cc:Ks|Kh/As:0|0:deepstack|passiverocks
STATE:232:cc/cc:Qs|Kh/Qh:100|-100:passiverocks|deepstack
STATE:233:cc/cc:Qh|Qs/Ah:0|0:deepstack|passiverocks
STATE:234:cc/cc:Qs|Kh/Ks:-100|100:passiverocks|deepstack
STATE:235:cc/cc:Kh|As/Qh:-100|100:deepstack|passiverocks
STATE:236:cr1200f:Ks|Ah:-100|100:passiverocks|deepstack
STATE:237:cr300c/cr1200c:Ks|Qh/As:1200|-1200:deepstack|passiverocks
STATE:238:cr1200f:Qh|As:-100|100:passiverocks|deepstack
STATE:239:cc/cr300c:Ks|Qh/Kh:300|-300:deepstack|passiverocks
STATE:240:cc/cc:Ah|Ks/Qs:100|-100:passiverocks|deepstack
STATE:241:cc/cr300c:Kh|Qs/Qh:-300|300:deepstack|passiverocks
STATE:242:cc/cc:Qh|Qs/Ah:0|0:passiverocks|deepstack
STATE:243:r1200f:As|Kh:100|-100:deepstack|passiverocks
STATE:244:cc/cc:Qh|Qs/Ah:0|0:passiverocks|deepstack
STATE:245:r1200f:Ah|Ks:100|-100:deepstack|passiverocks
STATE:246:cc/r300c:As|Qs/Ah:300|-300:passiverocks|deepstack
STATE:247:cc/cr300c:Ks|Qs/Qh:-300|300:deepstack|passiverocks
STATE:248:cc/cc:As|Qs/Ks:100|-100:passiverocks|deepstack
STATE:249:cr300c/cr1200c:Kh|Qs/Ah:1200|-1200:deepstack|passiverocks
STATE:250:cr1200f:Qs|As:-100|100:passiverocks|deepstack
STATE:251:cr300c/cc:Ks|Ah/Qs:-300|300:deepstack|passiverocks
STATE:252:cc/cc:As|Qh/Kh:100|-100:passiverocks|deepstack
STATE:253:cr300f:Qh|Kh:-100|100:deepstack|passiverocks
STATE:254:r300r1200c/:As|Ah/Kh:0|0:passiverocks|deepstack
STATE:255:r1200f:As|Ks:100|-100:deepstack|passiverocks
STATE:256:cc/cc:Kh|Qh/Qs:-100|100:passiverocks|deepstack
STATE:257:r1200f:Ah|Kh:100|-100:deepstack|passiverocks
STATE:258:cr1200f:Ks|As:-100|100:passiverocks|deepstack
STATE:259:r1200f:As|Qs:100|-100:deepstack|passiverocks
STATE:260:cc/cc:Qs|Qh/As:0|0:passiverocks|deepstack
STATE:261:r1200f:As|Qh:100|-100:deepstack|passiverocks
STATE:262:r1200c/:Ah|As/Ks:0|0:passiverocks|deepstack
STATE:263:cr300c/cr1200c:Kh|Qs/Qh:-1200|1200:deepstack|passiverocks
STATE:264:cc/cc:Ks|Qs/Kh:100|-100:passiverocks|deepstack
STATE:265:r1200f:Ah|Qs:100|-100:deepstack|passiverocks
STATE:266:cr1200f:Kh|As:-100|100:passiverocks|deepstack
STATE:267:r1200f:As|Kh:100|-100:deepstack|passiverocks
STATE:268:cc/cc:Qs|Ks/Qh:100|-100:passiverocks|deepstack
STATE:269:cc/cc:Ks|Qs/Kh:100|-100:deepstack|passiverocks
STATE:270:r1200f:As|Qh:100|-100:passiverocks|deepstack
STATE:271:cr300f:Qs|Kh:-100|100:deepstack|passiverocks
STATE:272:cc/r1200c:Ah|Qs/As:1200|-1200:passiverocks|deepstack
STATE:273:cc/cc:Qs|Kh/Ah:-100|100:deepstack|passiverocks
STATE:274:cr1200f:Kh|As:-100|100:passiverocks|deepstack
STATE:275:r1200f:As|Qs:100|-100:deepstack|passiverocks
STATE:276:cr1200f:Ks|As:-100|100:passiverocks|deepstack
STATE:277:cr1200f:Qh|As:-100|100:deepstack|passiverocks
STATE:278:cc/cc:Qh|Kh/As:-100|100:passiverocks|deepstack
STATE:279:r1200f:As|Kh:100|-100:deepstack|passiverocks
STATE:280:cc/cc:Ah|Qh/Kh:100|-100:passiverocks|deepstack
STATE:281:cc/cc:Kh|Ah/Ks:100|-100:deepstack|passiverocks
STATE:282:cc/cc:Ks|Qh/Qs:-100|100:passiverocks|deepstack
STATE:283:cr300f:Qh|As:-100|100:deepstack|passiverocks
STATE:284:r1200c/:Ah|Ks/Qs:1200|-1200:passiverocks|deepstack
STATE:285:cc/cr300c:Qh|Ks/Kh:-300|300:deepstack|passiverocks
STATE:286:cc/r300c:Kh|Qh/As:300|-300:passiverocks|deepstack
STATE:287:cr300f:Qs|Ah:-100|100:deepstack|passiverocks
STATE:288:cc/r300c:Ks|Qs/Ah:300|-300:passiverocks|deepstack
STATE:289:cr300c/cc:Ks|As/Qh:-300|300:deepstack|passiverocks
STATE:290:cc/cc:Ks|Kh/Qs:0|0:passiverocks|deepstack
STATE:291:cc/cc:Qh|Qs/Ks:0|0:deepstack|passiverocks
STATE:292:cr1200f:Qs|As:-100|100:passiverocks|deepstack
STATE:293:cr300f:Qs|Ks:-100|100:deepstack|passiverocks
STATE:294:cc/cc:Ks|Kh/Ah:0|0:passiverocks|deepstack
STATE:295:r1200f:Ah|Qh:100|-100:deepstack|passiverocks
STATE:296:cc/cc:Qs|Kh/Ks:-100|100:passiverocks|deepstack
STATE:297:cc/cr1200c:Qs|Kh/Ah:-1200|1200:deepstack|passiverocks
STATE:298:cc/cc:Kh|Qs/Qh:-100|100:passiverocks|deepstack
STATE:299:cc/cc:Qh|As/Ks:-100|100:deepstack|passiverocks
STATE:300:cc/cc:Qs|Qh/Ah:0|0:passiverocks|deepstack
STATE:301:cc/cr1200c:Qs|As/Ah:-1200|1200:deepstack|passiverocks
STATE:302:cr1200f:Qs|Ah:-100|100:passiverocks|deepstack
STATE:303:cc/cc:Qh|As/Ks:-100|100:deepstack|passiverocks
STATE:304:cr1200f:Ks|Ah:-100|100:passiverocks|deepstack
STATE:305:r1200f:Ah|Kh:100|-100:deepstack|passiverocks
STATE:306:cr1200f:Ks|Ah:-100|100:passiverocks|deepstack
STATE:307:r1200f:Ah|Ks:100|-100:deepstack|passiverocks
STATE:308:r1200f:Ah|Qh:100|-100:passiverocks|deepstack
STATE:309:cr1200f:Qh|As:-100|100:deepstack|passiverocks
STATE:310:cr1200f:Kh|As:-100|100:passiverocks|deepstack
STATE:311:r1200f:Ah|Kh:100|-100:deepstack|passiverocks
STATE:312:cr1200f:Kh|Ah:-100|100:passiverocks|deepstack
STATE:313:cc/cc:Ks|Qh/Kh:100|-100:deepstack|passiverocks
STATE:314:cc/cc:Qh|Ks/Qs:100|-100:passiverocks|deepstack
STATE:315:cc/cc:Qs|Ks/Ah:-100|100:deepstack|passiverocks
STATE:316:cc/cc:Qh|Ks/As:-100|100:passiverocks|deepstack
STATE:317:cr300f:Qh|As:-100|100:deepstack|passiverocks
STATE:318:cc/r1200c:Qs|Qh/Ah:0|0:passiverocks|deepstack
STATE:319:r1200f:As|Qs:100|-100:deepstack|passiverocks
STATE:320:cc/cc:As|Qs/Qh:-100|100:passiverocks|deepstack
STATE:321:r1200f:Ah|Ks:100|-100:deepstack|passiverocks
STATE:322:cc/cc:Ah|Kh/As:100|-100:passiverocks|deepstack
STATE:323:cc/cr300c:Ks|Qs/Qh:-300|300:deepstack|passiverocks
STATE:324:cc/cc:As|Qs/Ks:100|-100:passiverocks|deepstack
STATE:325:r1200f:As|Qh:100|-100:deepstack|passiverocks
STATE:326:cr1200f:Qs|As:-100|100:passiverocks|deepstack
STATE:327:cr1200c/:Kh|As/Qs:-1200|1200:deepstack|passiverocks
STATE:328:cc/cc:Ks|Qs/Qh:-100|100:passiverocks|deepstack
STATE:329:cr1200f:Qh|As:-100|100:deepstack|passiverocks
STATE:330:cc/cc:Ks|Kh/As:0|0:passiverocks|deepstack
STATE:331:r1200f:Ah|Ks:100|-100:deepstack|passiverocks
STATE:332:cr1200f:Kh|Ah:-100|100:passiverocks|deepstack
STATE:333:cc/cc:Qs|Kh/Ah:-100|100:deepstack|passiverocks
STATE:334:cr1200f:Kh|As:-100|100:passiverocks|deepstack
STATE:335:cr300c/cc:Ks|Ah/Qh:-300|300:deepstack|passiverocks
STATE:336:cc/cc:Ks|Kh/Qs:0|0:passiverocks|deepstack
STATE:337:cr300f:Qs|Qh:-100|100:deepstack|passiverocks
STATE:338:cr1200f:Qh|As:-100|100:passiverocks|deepstack
STATE:339:cc/cc:Qs|Kh/As:-100|100:deepstack|passiverocks
STATE:340:cc/cc:Qs|Kh/Qh:100|-100:passiverocks|deepstack
STATE:341:cr300f:Qh|Ks:-100|100:deepstack|passiverocks
STATE:342:cr1200f:Qh|Ah:-100|100:passiverocks|deepstack
STATE:343:cr300c/cc:Ks|As/Qs:-300|300:deepstack|passiverocks
STATE:344:cc/r300c:As|Ks/Ah:300|-300:passiverocks|deepstack
STATE:345:cr300c/cc:Kh|Qh/Ks:300|-300:deepstack|passiverocks
STATE:346:cc/cc:Qh|Kh/Ks:-100|100:passiverocks|deepstack
STATE:347:cr300c/cc:Ks|Kh/Ah:0|0:deepstack|passiverocks
STATE:348:cc/r300c:Ks|Qs/As:300|-300:passiverocks|deepstack
STATE:349:r1200f:As|Qs:100|-100:deepstack|passiverocks
STATE:350:r1200f:Ah|Qs:100|-100:passiverocks|deepstack
STATE:351:cc/cc:Qs|Qh/Ah:0|0:deepstack|passiverocks
STATE:352:cr1200f:Ks|As:-100|100:passiverocks|deepstack
STATE:353:cr300f:Qh|Ah:-100|100:deepstack|passiverocks
STATE:354:cr1200f:Kh|Ah:-100|100:passiverocks|deepstack
STATE:355:cc/cc:Qs|Qh/Ks:0|0:deepstack|passiverocks
STATE:356:r1200f:As|Qh:100|-100:passiverocks|deepstack
STATE:357:r1200f:As|Ks:100|-100:deepstack|passiverocks
STATE:358:cr1200f:Qs|As:-100|100:passiverocks|deepstack
STATE:359:r1200f:Ah|Kh:100|-100:deepstack|passiverocks
STATE:360:r1200c/:Ah|As/Qh:0|0:passiverocks|deepstack
STATE:361:cc/cr300c:Kh|Qh/Ks:300|-300:deepstack|passiverocks
STATE:362:cc/r1200c:As|Qh/Ah:1200|-1200:passiverocks|deepstack
STATE:363:r1200f:As|Ks:100|-100:deepstack|passiverocks
STATE:364:cc/cc:Kh|Qs/Ks:100|-100:passiverocks|deepstack
STATE:365:cc/cc:Kh|Ks/Ah:0|0:deepstack|passiverocks
STATE:366:cr1200f:Qh|As:-100|100:passiverocks|deepstack
STATE:367:cc/cc:Kh|Qs/As:100|-100:deepstack|passiverocks
STATE:368:r1200f:As|Qh:100|-100:passiverocks|deepstack
STATE:369:cr300f:Qs|Ks:-100|100:deepstack|passiverocks
STATE:370:cc/cc:Ah|Ks/As:100|-100:passiverocks|deepstack
STATE:371:r1200f:As|Ks:100|-100:deepstack|passiverocks
STATE:372:r1200f:Ah|Qs:100|-100:passiverocks|deepstack
STATE:373:cc/cc:Qh|Ks/As:-100|100:deepstack|passiverocks
STATE:374:cr1200f:Kh|Ah:-100|100:passiverocks|deepstack
STATE:375:r1200f:As|Qs:100|-100:deepstack|passiverocks
STATE:376:cc/cc:As|Ks/Qs:100|-100:passiverocks|deepstack
STATE:377:cc/cc:Kh|Ks/Qs:0|0:deepstack|passiverocks
STATE:378:r300f:Kh|Qs:100|-100:passiverocks|deepstack
STATE:379:r1200f:As|Ks:100|-100:deepstack|passiverocks
STATE:380:cr1200f:Ks|As:-100|100:passiverocks|deepstack
STATE:381:cr300f:Qh|As:-100|100:deepstack|passiverocks
STATE:382:cc/cc:As|Qh/Kh:100|-100:passiverocks|deepstack
STATE:383:cr1200f:Qs|Ah:-100|100:deepstack|passiverocks
STATE:384:cc/cc:Ks|Qh/Kh:100|-100:passiverocks|deepstack
STATE:385:cc/cc:Qh|Qs/Ah:0|0:deepstack|passiverocks
STATE:386:cr1200c/:As|Ah/Ks:0|0:passiverocks|deepstack
STATE:387:cr300c/cr1200c:Ks|Qh/As:1200|-1200:deepstack|passiverocks
STATE:388:cr1200f:Qs|As:-100|100:passiverocks|deepstack
STATE:389:r1200f:Ah|Kh:100|-100:deepstack|passiverocks
STATE:390:cr1200f:Ks|As:-100|100:passiverocks|deepstack
STATE:391:cc/cr1200c:Qs|Qh/As:0|0:deepstack|passiverocks
STATE:392:cr1200f:Qh|As:-100|100:passiverocks|deepstack
STATE:393:r1200f:As|Qh:100|-100:deepstack|passiverocks
STATE:394:cr1200f:Ks|Ah:-100|100:passiverocks|deepstack
STATE:395:cc/cc:Qh|Kh/Ah:-100|100:deepstack|passiverocks
STATE:396:cr1200f:Ks|As:-100|100:passiverocks|deepstack
STATE:397:cr300f:Qs|Kh:-100|100:deepstack|passiverocks
STATE:398:r1200c/:Ah|Kh/Qh:1200|-1200:passiverocks|deepstack
STATE:399:cc/cc:Qh|As/Ks:-100|100:deepstack|passiverocks
STATE:400:cc/r300c:Ks|Qs/Ah:300|-300:passiverocks|deepstack
STATE:401:cr300c/cr1200c:Ks|Kh/Ah:0|0:deepstack|passiverocks
STATE:402:r300f:As|Qh:100|-100:passiverocks|deepstack
STATE:403:cc/cc:Kh|Qh/Ks:100|-100:deepstack|passiverocks
STATE:404:cc/cc:Ks|Qs/Kh:100|-100:passiverocks|deepstack
STATE:405:cc/cr1200c:Qh|Ah/As:-1200|1200:deepstack|passiverocks
STATE:406:cr1200f:Ks|As:-100|100:passiverocks|deepstack
STATE:407:r1200c/:As|Ah/Kh:0|0:deepstack|passiverocks
STATE:408:cc/cc:Qs|Qh/Ah:0|0:passiverocks|deepstack
STATE:409:cc/cc:Qs|Kh/Qh:100|-100:deepstack|passiverocks
STATE:410:cr1200f:Ks|Ah:-100|100:passiverocks|deepstack
STATE:411:cr1200f:Qs|Ah:-100|100:deepstack|passiverocks
STATE:412:cc/cc:Qs|Ks/Ah:-100|100:passiverocks|deepstack
STATE:413:cr300f:Qs|Ah:-100|100:deepstack|passiverocks
STATE:414:cc/r300c:Kh|Qh/Ah:300|-300:passiverocks|deepstack
STATE:415:r1200f:As|Ks:100|-100:deepstack|passiverocks
STATE:416:cc/cc:Qs|Ks/Kh:-100|100:passiverocks|deepstack
STATE:417:cr300f:Qs|Ah:-100|100:deepstack|passiverocks
STATE:418:cc/cc:As|Ks/Kh:-100|100:passiverocks|deepstack
STATE:419:cr300f:Qh|Ks:-100|100:deepstack|passiverocks
STATE:420:cc/r300c:As|Qs/Ah:300|-300:passiverocks|deepstack
STATE:421:cc/cc:Kh|Qh/Ks:100|-100:deepstack|passiverocks
STATE:422:cr1200f:Kh|As:-100|100:passiverocks|deepstack
STATE:423:cc/cc:Ks|Qs/As:100|-100:deepstack|passiverocks
STATE:424:cc/cc:Ah|Qs/Ks:100|-100:passiverocks|deepstack
STATE:425:cr300c/cr900c:Ks|As/Qh:-900|900:deepstack|passiverocks
STATE:426:cr1200f:Kh|As:-100|100:passiverocks|deepstack
STATE:427:r1200f:Ah|Qs:100|-100:deepstack|passiverocks
STATE:428:cc/cc:Qh|Qs/Ks:0|0:passiverocks|deepstack
STATE:429:cr300f:Qs|Ah:-100|100:deepstack|passiverocks
STATE:430:cc/cc:As|Qs/Kh:100|-100:passiverocks|deepstack
STATE:431:cc/cc:Qh|Ks/Qs:100|-100:deepstack|passiverocks
STATE:432:cr1200f:Ks|Ah:-100|100:passiverocks|deepstack
STATE:433:r1200c/:As|Ah/Qh:0|0:deepstack|passiverocks
STATE:434:cr1200f:Qh|As:-100|100:passiverocks|deepstack
STATE:435:cc/cc:Qh|Qs/As:0|0:deepstack|passiverocks
STATE:436:cc/cc:Qs|Ks/Kh:-100|100:passiverocks|deepstack
STATE:437:r1200f:Ah|Qs:100|-100:deepstack|passiverocks
STATE:438:cc/cc:Qh|Kh/As:-100|100:passiverocks|deepstack
STATE:439:cr300c/cr1200c:Kh|Ks/Qh:0|0:deepstack|passiverocks
STATE:440:cc/cc:Ah|Qh/Kh:100|-100:passiverocks|deepstack
STATE:441:cc/cr300c:Kh|Qs/Qh:-300|300:deepstack|passiverocks
STATE:442:cc/cc:Ks|Qh/Kh:100|-100:passiverocks|deepstack
STATE:443:r1200c/:Ah|As/Ks:0|0:deepstack|passiverocks
STATE:444:cr1200c/:As|Ah/Ks:0|0:passiverocks|deepstack
STATE:445:cr300f:Qh|As:-100|100:deepstack|passiverocks
STATE:446:cc/cc:Ah|Qs/Ks:100|-100:passiverocks|deepstack
STATE:447:cc/cc:Kh|Qs/As:100|-100:deepstack|passiverocks
STATE:448:cc/cc:Qh|Kh/Qs:100|-100:passiverocks|deepstack
STATE:449:cc/cr300c:Ks|Qs/Kh:300|-300:deepstack|passiverocks
STATE:450:cc/r300c:Ks|Qs/Ah:300|-300:passiverocks|deepstack
STATE:451:cc/cr300c:Qh|Ks/Kh:-300|300:deepstack|passiverocks
STATE:452:cr1200f:Ks|Ah:-100|100:passiverocks|deepstack
STATE:453:r1200f:Ah|Qh:100|-100:deepstack|passiverocks
STATE:454:r1200c/:Ah|Kh/As:1200|-1200:passiverocks|deepstack
STATE:455:cr300f:Qs|Ah:-100|100:deepstack|passiverocks
STATE:456:cc/cc:Ks|Qs/Qh:-100|100:passiverocks|deepstack
STATE:457:r1200f:Ah|Kh:100|-100:deepstack|passiverocks
STATE:458:r1200c/:Ah|As/Qh:0|0:passiverocks|deepstack
STATE:459:cc/cc:Kh|Qs/Ah:100|-100:deepstack|passiverocks
STATE:460:cc/cc:As|Ks/Qs:100|-100:passiverocks|deepstack
STATE:461:r1200f:Ah|Ks:100|-100:deepstack|passiverocks
STATE:462:cc/cc:Ah|Ks/Qs:100|-100:passiverocks|deepstack
STATE:463:r1200f:As|Kh:100|-100:deepstack|passiverocks
STATE:464:r300f:Ks|Qh:100|-100:passiverocks|deepstack
STATE:465:cr1200c/:Kh|Ah/Qs:-1200|1200:deepstack|passiverocks
STATE:466:r1200c/:Ah|Ks/As:1200|-1200:passiverocks|deepstack
STATE:467:cc/cc:Kh|Qs/Ks:100|-100:deepstack|passiverocks
STATE:468:cc/r1200c:Ks|Qs/As:1200|-1200:passiverocks|deepstack
STATE:469:cr300f:Qh|Ks:-100|100:deepstack|passiverocks
STATE:470:cc/cc:Qh|Kh/Ks:-100|100:passiverocks|deepstack
STATE:471:r1200f:Ah|Qh:100|-100:deepstack|passiverocks
STATE:472:cc/cc:Qh|Qs/Kh:0|0:passiverocks|deepstack
STATE:473:cr300f:Qs|As:-100|100:deepstack|passiverocks
STATE:474:r1200f:As|Qh:100|-100:passiverocks|deepstack
STATE:475:cr300c/cc:Ks|As/Qs:-300|300:deepstack|passiverocks
STATE:476:cc/cc:Ks|Kh/Qs:0|0:passiverocks|deepstack
STATE:477:cr300c/cr1200c:Kh|As/Ah:-1200|1200:deepstack|passiverocks
STATE:478:cr1200f:Qh|Ah:-100|100:passiverocks|deepstack
STATE:479:r1200f:As|Ks:100|-100:deepstack|passiverocks
STATE:480:cc/cc:Qh|Qs/As:0|0:passiverocks|deepstack
STATE:481:r1200c/:Ah|As/Qh:0|0:deepstack|passiverocks
STATE:482:r300c/cc:Kh|Ks/As:0|0:passiverocks|deepstack
STATE:483:cc/cc:Qh|Qs/Kh:0|0:deepstack|passiverocks
STATE:484:cc/r300c:Ks|Qh/Ah:300|-300:passiverocks|deepstack
STATE:485:cc/cc:Qh|As/Kh:-100|100:deepstack|passiverocks
STATE:486:cr1200f:Qs|Ah:-100|100:passiverocks|deepstack
STATE:487:r1200c/:As|Ah/Qh:0|0:deepstack|passiverocks
STATE:488:r300f:Ks|Qh:100|-100:passiverocks|deepstack
STATE:489:r1200f:Ah|Kh:100|-100:deepstack|passiverocks
STATE:490:cc/cc:Ks|Qs/Kh:100|-100:passiverocks|deepstack
STATE:491:r1200f:Ah|Qh:100|-100:deepstack|passiverocks
STATE:492:cc/r300c:Kh|Qs/Ah:300|-300:passiverocks|deepstack
STATE:493:cc/cr300c:Kh|Qh/Ks:300|-300:deepstack|passiverocks
STATE:494:cc/cc:Ks|Kh/As:0|0:passiverocks|deepstack
STATE:495:cc/cc:Kh|Ks/As:0|0:deepstack|passiverocks
STATE:496:cr1200f:Qh|As:-100|100:passiverocks|deepstack
STATE:497:r1200f:As|Kh:100|-100:deepstack|passiverocks
STATE:498:r1200f:Ah|Qh:100|-100:passiverocks|deepstack
STATE:499:r1200f:Ah|Kh:100|-100:deepstack|passiverocks
STATE:500:cc/r300c:As|Qh/Ah:300|-300:passiverocks|deepstack
STATE:501:cr300c/cc:Ks|Kh/Qs:0|0:deepstack|passiverocks
STATE:502:cr1200c/:Ah|As/Qs:0|0:passiverocks|deepstack
STATE:503:cr300c/cc:Kh|Ah/Ks:300|-300:deepstack|passiverocks
STATE:504:cc/cc:As|Qh/Ks:100|-100:passiverocks|deepstack
STATE:505:cc/cc:Ks|Kh/Qs:0|0:deepstack|passiverocks
STATE:506:cr1200f:Kh|As:-100|100:passiverocks|deepstack
STATE:507:cr300f:Qh|As:-100|100:deepstack|passiverocks
STATE:508:cc/cc:Qs|Qh/Kh:0|0:passiverocks|deepstack
STATE:509:cc/cc:Qs|Ks/Qh:100|-100:deepstack|passiverocks
STATE:510:cc/r1200c:As|Kh/Ah:1200|-1200:passiverocks|deepstack
STATE:511:cc/cr300c:Qs|Ks/Kh:-300|300:deepstack|passiverocks
STATE:512:cc/r300c:Kh|Ks/Ah:0|0:passiverocks|deepstack
STATE:513:cr300c/cc:Ks|Ah/Qs:-300|300:deepstack|passiverocks
STATE:514:cr1200f:Qs|As:-100|100:passiverocks|deepstack
STATE:515:r1200f:Ah|Kh:100|-100:deepstack|passiverocks
STATE:516:cc/cc:Kh|Ks/Qh:0|0:passiverocks|deepstack
STATE:517:cr300f:Qs|Ks:-100|100:deepstack|passiverocks
STATE:518:cc/cc:Qh|Kh/Qs:100|-100:passiverocks|deepstack
STATE:519:r1200f:As|Qs:100|-100:deepstack|passiverocks
STATE:520:cr1200f:Kh|As:-100|100:passiverocks|deepstack
STATE:521:r1200f:As|Kh:100|-100:deepstack|passiverocks
STATE:522:cc/cc:Qh|Ks/Kh:-100|100:passiverocks|deepstack
STATE:523:cr300f:Qs|As:-100|100:deepstack|passiverocks
STATE:524:cc/cc:Ks|Qs/Qh:-100|100:passiverocks|deepstack
STATE:525:r1200f:As|Qs:100|-100:deepstack|passiverocks
STATE:526:cr1200f:Qh|As:-100|100:passiverocks|deepstack
STATE:527:cc/cc:Kh|Qs/Ah:100|-100:deepstack|passiverocks
STATE:528:cc/cc:Kh|Qh/Qs:-100|100:passiverocks|deepstack
STATE:529:cc/cr300c:Qs|Kh/Ks:-300|300:deepstack|passiverocks
STATE:530:cc/cc:Qs|Kh/As:-100|100:passiverocks|deepstack
STATE:531:cr300c/cc:Kh|Ah/Ks:300|-300:deepstack|passiverocks
STATE:532:cr1200f:Qh|As:-100|100:passiverocks|deepstack
STATE:533:cc/cc:Ks|Qh/Ah:100|-100:deepstack|passiverocks
STATE:534:cr1200f:Ks|As:-100|100:passiverocks|deepstack
STATE:535:r1200f:As|Kh:100|-100:deepstack|passiverocks
STATE:536:cc/cc:Qh|Ks/Qs:100|-100:passiverocks|deepstack
STATE:537:cc/cr300c:Qh|Ks/Kh:-300|300:deepstack|passiverocks
STATE:538:cr1200f:Qh|As:-100|100:passiverocks|deepstack
STATE:539:cc/cc:Qs|Ks/Qh:100|-100:deepstack|passiverocks
STATE:540:cc/cc:Kh|Qs/As:100|-100:passiverocks|deepstack
STATE:541:cr300f:Qs|Ah:-100|100:deepstack|passiverocks
STATE:542:cc/cc:Ah|Kh/Qs:100|-100:passiverocks|deepstack
STATE:543:cc/cc:Qh|Ks/Ah:-100|100:deepstack|passiverocks
STATE:544:cr1200f:Qs|As:-100|100:passiverocks|deepstack
STATE:545:cc/cc:Qs|Ah/Kh:-100|100:deepstack|passiverocks
STATE:546:cr1200c/:Ah|As/Qs:0|0:passiverocks|deepstack
STATE:547:r1200f:Ah|Kh:100|-100:deepstack|passiverocks
STATE:548:cc/cc:Kh|Qh/Ah:100|-100:passiverocks|deepstack
STATE:549:r1200c/:As|Ah/Kh:0|0:deepstack|passiverocks
STATE:550:cc/r300c:As|Qs/Ah:300|-300:passiverocks|deepstack
STATE:551:cc/cc:Qh|Kh/As:-100|100:deepstack|passiverocks
STATE:552:cr1200c/:As|Ah/Kh:0|0:passiverocks|deepstack
STATE:553:r1200c/:Ah|As/Kh:0|0:deepstack|passiverocks
STATE:554:cr1200f:Ks|Ah:-100|100:passiverocks|deepstack
STATE:555:cc/cr300c:Kh|Qs/Qh:-300|300:deepstack|passiverocks
STATE:556:r300r1200f:Ks|Ah:-300|300:passiverocks|deepstack
STATE:557:r1200f:As|Qh:100|-100:deepstack|passiverocks
STATE:558:cc/cc:Kh|Ks/Qh:0|0:passiverocks|deepstack
STATE:559:cr300f:Qh|Qs:-100|100:deepstack|passiverocks
STATE:560:cr1200f:Qh|As:-100|100:passiverocks|deepstack
STATE:561:cc/cr300c:Kh|Qh/Ks:300|-300:deepstack|passiverocks
STATE:562:cc/cc:As|Qh/Ks:100|-100:passiverocks|deepstack
STATE:563:cr1200f:Qs|Ah:-100|100:deepstack|passiverocks
STATE:564:cc/cc:Qs|Kh/As:-100|100:passiverocks|deepstack
STATE:565:cr300f:Qs|Qh:-100|100:deepstack|passiverocks
STATE:566:cc/r300c:Ks|Qs/Ah:300|-300:passiverocks|deepstack
STATE:567:cc/cc:Kh|Qs/As:100|-100:deepstack|passiverocks
STATE:568:cc/cc:Ah|Qh/Qs:-100|100:passiverocks|deepstack
STATE:569:r1200f:Ah|Kh:100|-100:deepstack|passiverocks
STATE:570:cc/r300c:Ks|Qs/Ah:300|-300:passiverocks|deepstack
STATE:571:cc/cc:Ks|Kh/Ah:0|0:deepstack|passiverocks
STATE:572:cr1200f:Qs|Ah:-100|100:passiverocks|deepstack
STATE:573:cc/cr300c:Qh|Ks/Kh:-300|300:deepstack|passiverocks
STATE:574:cr1200f:Kh|As:-100|100:passiverocks|deepstack
STATE:575:cr300f:Qh|Kh:-100|100:deepstack|passiverocks
STATE:576:cr1200f:Kh|As:-100|100:passiverocks|deepstack
STATE:577:r1200c/:Ah|As/Qs:0|0:deepstack|passiverocks
STATE:578:cc/r300c:Ks|Qh/Ah:300|-300:passiverocks|deepstack
STATE:579:r1200f:Ah|Ks:100|-100:deepstack|passiverocks
STATE:580:cc/cc:As|Ks/Qs:100|-100:passiverocks|deepstack
STATE:581:r1200c/:Ah|As/Qh:0|0:deepstack|passiverocks
STATE:582:cc/r300c:Ah|Qh/As:300|-300:passiverocks|deepstack
STATE:583:cr300f:Qh|Ah:-100|100:deepstack|passiverocks
STATE:584:cc/cc:Kh|Qh/Ks:100|-100:passiverocks|deepstack
STATE:585:cr300c/cc:Ks|Ah/Qs:-300|300:deepstack|passiverocks
STATE:586:r1200f:As|Qh:100|-100:passiverocks|deepstack
STATE:587:cr1200f:Qs|Ah:-100|100:deepstack|passiverocks
STATE:588:r1200c/:Ah|As/Kh:0|0:passiverocks|deepstack
STATE:589:cr300f:Qs|As:-100|100:deepstack|passiverocks
STATE:590:cc/cc:Ah|Qs/Ks:100|-100:passiverocks|deepstack
STATE:591:r1200f:Ah|Qs:100|-100:deepstack|passiverocks
STATE:592:cc/cc:Qs|Ks/Ah:-100|100:passiverocks|deepstack
STATE:593:cc/cc:Kh|Ks/As:0|0:deepstack|passiverocks
STATE:594:cc/r300c:As|Ks/Ah:300|-300:passiverocks|deepstack
STATE:595:cr300c/cc:Ks|Ah/Kh:300|-300:deepstack|passiverocks
STATE:596:cc/cc:Qs|Qh/Ks:0|0:passiverocks|deepstack
STATE:597:cr300f:Qs|As:-100|100:deepstack|passiverocks
STATE:598:cr1200f:Kh|Ah:-100|100:passiverocks|deepstack
STATE:599:cc/cc:Qs|Kh/As:-100|100:deepstack|passiverocks
STATE:600:cr1200f:Ks|As:-100|100:passiverocks|deepstack
STATE:601:r1200f:As|Kh:100|-100:deepstack|passiverocks
STATE:602:cr1200c/:Ah|As/Ks:0|0:passiverocks|deepstack
STATE:603:r1200c/:As|Ah/Kh:0|0:deepstack|passiverocks
STATE:604:r300r1200f:Qs|As:-300|300:passiverocks|deepstack
STATE:605:cc/cc:Qh|Ks/Ah:-100|100:deepstack|passiverocks
STATE:606:cc/cc:Qh|Qs/Ah:0|0:passiverocks|deepstack
STATE:607:cr300c/cc:Ks|As/Kh:300|-300:deepstack|passiverocks
STATE:608:cc/r1200c:Ah|Qs/As:1200|-1200:passiverocks|deepstack
STATE:609:cc/cr300c:Qs|Ks/Qh:300|-300:deepstack|passiverocks
STATE:610:cr1200f:Kh|As:-100|100:passiverocks|deepstack
STATE:611:cc/cc:Qh|Kh/Qs:100|-100:deepstack|passiverocks
STATE:612:cc/cc:Kh|Qs/Ks:100|-100:passiverocks|deepstack
STATE:613:r1200f:Ah|Ks:100|-100:deepstack|passiverocks
STATE:614:cr1200f:Ks|Ah:-100|100:passiverocks|deepstack
STATE:615:r1200f:Ah|Qh:100|-100:deepstack|passiverocks
STATE:616:cc/cc:Qh|Kh/As:-100|100:passiverocks|deepstack
STATE:617:r1200c/:Ah|As/Qs:0|0:deepstack|passiverocks
STATE:618:cc/r300c:Ks|Kh/As:0|0:passiverocks|deepstack
STATE:619:cr300c/cc:Kh|Ah/Ks:300|-300:deepstack|passiverocks
STATE:620:cc/cc:Kh|Qs/Ks:100|-100:passiverocks|deepstack
STATE:621:cr300f:Qh|Kh:-100|100:deepstack|passiverocks
STATE:622:cr1200f:Ks|Ah:-100|100:passiverocks|deepstack
STATE:623:cc/cc:Qh|Qs/As:0|0:deepstack|passiverocks
STATE:624:cc/r300c:As|Qs/Ah:300|-300:passiverocks|deepstack
STATE:625:cr1200f:Qh|Ah:-100|100:deepstack|passiverocks
STATE:626:cr1200f:Qh|As:-100|100:passiverocks|deepstack
STATE:627:cr300c/cc:Ks|As/Qh:-300|300:deepstack|passiverocks
STATE:628:cc/cc:Ks|Kh/Qs:0|0:passiverocks|deepstack
STATE:629:cc/cc:Kh|Qs/Ks:100|-100:deepstack|passiverocks
STATE:630:cr1200f:Qs|Ah:-100|100:passiverocks|deepstack
STATE:631:cr300f:Qs|Ah:-100|100:deepstack|passiverocks
STATE:632:cc/cc:Qs|Ks/Qh:100|-100:passiverocks|deepstack
STATE:633:r1200f:Ah|Ks:100|-100:deepstack|passiverocks
STATE:634:cc/cc:Qs|Kh/Qh:100|-100:passiverocks|deepstack
STATE:635:cc/cr300c:Ks|Qs/Qh:-300|300:deepstack|passiverocks
STATE:636:cr1200f:Qs|As:-100|100:passiverocks|deepstack
STATE:637:cc/cc:Qh|Qs/As:0|0:deepstack|passiverocks
STATE:638:cc/cc:Qh|Kh/Qs:100|-100:passiverocks|deepstack
STATE:639:cr300f:Qs|Ks:-100|100:deepstack|passiverocks
STATE:640:r1200c/:Ah|Ks/Kh:-1200|1200:passiverocks|deepstack
STATE:641:cc/cc:Qs|Kh/As:-100|100:deepstack|passiverocks
STATE:642:cc/cc:As|Qh/Kh:100|-100:passiverocks|deepstack
STATE:643:r1200f:As|Kh:100|-100:deepstack|passiverocks
STATE:644:r1200c/:As|Kh/Qh:1200|-1200:passiverocks|deepstack
STATE:645:cr300c/cr1200c:Ks|Ah/Kh:1200|-1200:deepstack|passiverocks
STATE:646:cr1200f:Qs|As:-100|100:passiverocks|deepstack
STATE:647:cc/cc:Qs|As/Kh:-100|100:deepstack|passiverocks
STATE:648:cc/cc:Qs|Ks/As:-100|100:passiverocks|deepstack
STATE:649:r1200f:As|Ks:100|-100:deepstack|passiverocks
STATE:650:cc/cc:Ah|Ks/Qh:100|-100:passiverocks|deepstack
STATE:651:r1200f:As|Qs:100|-100:deepstack|passiverocks
STATE:652:cc/r300c:As|Ks/Ah:300|-300:passiverocks|deepstack
STATE:653:cc/cc:Qs|Kh/As:-100|100:deepstack|passiverocks
STATE:654:cc/cc:Qs|Kh/As:-100|100:passiverocks|deepstack
STATE:655:cc/cc:Kh|Qh/As:100|-100:deepstack|passiverocks
STATE:656:cc/r1200c:Qs|Kh/As:-1200|1200:passiverocks|deepstack
STATE:657:cc/cc:Qh|Ks/As:-100|100:deepstack|passiverocks
STATE:658:cc/cc:As|Qh/Kh:100|-100:passiverocks|deepstack
STATE:659:cr300f:Qs|Ah:-100|100:deepstack|passiverocks
STATE:660:cc/cc:Qs|Qh/As:0|0:passiverocks|deepstack
STATE:661:cr1200c/:Ks|Ah/As:-1200|1200:deepstack|passiverocks
STATE:662:cr1200f:Kh|Ah:-100|100:passiverocks|deepstack
STATE:663:r1200f:Ah|Qs:100|-100:deepstack|passiverocks
STATE:664:cc/cc:As|Qh/Qs:-100|100:passiverocks|deepstack
STATE:665:cr300c/cc:Ks|Ah/Kh:300|-300:deepstack|passiverocks
STATE:666:cc/cc:Qs|Qh/Kh:0|0:passiverocks|deepstack
STATE:667:cr1200c/:Ks|As/Qs:-1200|1200:deepstack|passiverocks
STATE:668:cc/cc:Qs|Ks/Ah:-100|100:passiverocks|deepstack
STATE:669:cc/cr1200c:Qh|Ah/As:-1200|1200:deepstack|passiverocks
STATE:670:cc/cc:Qh|Qs/Kh:0|0:passiverocks|deepstack
STATE:671:cr300c/cr900c:Kh|Ah/As:-900|900:deepstack|passiverocks
STATE:672:cc/r300c:Ah|Qh/As:300|-300:passiverocks|deepstack
STATE:673:cc/cc:Qh|Kh/Qs:100|-100:deepstack|passiverocks
STATE:674:cc/cc:Qh|Ks/Qs:100|-100:passiverocks|deepstack
STATE:675:r1200f:As|Qs:100|-100:deepstack|passiverocks
STATE:676:cr1200f:Ks|Ah:-100|100:passiverocks|deepstack
STATE:677:cr300f:Qs|As:-100|100:deepstack|passiverocks
STATE:678:cc/cc:Ah|Qs/As:100|-100:passiverocks|deepstack
STATE:679:r1200f:Ah|Qh:100|-100:deepstack|passiverocks
STATE:680:cr1200f:Qs|As:-100|100:passiverocks|deepstack
STATE:681:cc/cc:Ks|Qs/Kh:100|-100:deepstack|passiverocks
STATE:682:cc/r300c:Kh|Qh/As:300|-300:passiverocks|deepstack
STATE:683:cr300c/cr1200c:Kh|Qs/Ks:1200|-1200:deepstack|passiverocks
STATE:684:cc/cc:Qs|Kh/As:-100|100:passiverocks|deepstack
STATE:685:cc/cr300c:Qs|Qh/Ks:0|0:deepstack|passiverocks
STATE:686:cc/r300c:Kh|Qs/As:300|-300:passiverocks|deepstack
STATE:687:cc/cr300c:Kh|Qs/Qh:-300|300:deepstack|passiverocks
STATE:688:cr1200f:Kh|As:-100|100:passiverocks|deepstack
STATE:689:cr300f:Qs|As:-100|100:deepstack|passiverocks
STATE:690:r1200f:Ah|Qh:100|-100:passiverocks|deepstack
STATE:691:cc/cr300c:Kh|Qs/Qh:-300|300:deepstack|passiverocks
STATE:692:r1200c/:As|Ks/Ah:1200|-1200:passiverocks|deepstack
STATE:693:r1200f:Ah|Qh:100|-100:deepstack|passiverocks
STATE:694:cc/r300c:Ks|Kh/Ah:0|0:passiverocks|deepstack
STATE:695:r1200f:Ah|Qs:100|-100:deepstack|passiverocks
STATE:696:cc/cc:Qs|Qh/Kh:0|0:passiverocks|deepstack
STATE:697:cr300c/cc:Ks|Ah/Qh:-300|300:deepstack|passiverocks
STATE:698:cr1200f:Kh|As:-100|100:passiverocks|deepstack
STATE:699:cc/cr300c:Qs|Ks/Kh:-300|300:deepstack|passiverocks
STATE:700:cr1200f:Kh|As:-100|100:passiverocks|deepstack
STATE:701:r1200c/:As|Ah/Qh:0|0:deepstack|passiverocks
STATE:702:cc/cc:Kh|Qh/Qs:-100|100:passiverocks|deepstack
STATE:703:cr300f:Qh|Ks:-100|100:deepstack|passiverocks
STATE:704:cr1200f:Qh|As:-100|100:passiverocks|deepstack
STATE:705:r1200f:Ah|Qs:100|-100:deepstack|passiverocks
STATE:706:cc/r300c:Ks|Qs/As:300|-300:passiverocks|deepstack
STATE:707:cc/cc:Ks|Qs/Ah:100|-100:deepstack|passiverocks
STATE:708:cc/cc:As|Qs/Qh:-100|100:passiverocks|deepstack
STATE:709:cc/cc:Qh|Ks/Ah:-100|100:deepstack|passiverocks
STATE:710:r1200c/:As|Kh/Ah:1200|-1200:passiverocks|deepstack
STATE:711:r1200f:As|Qh:100|-100:deepstack|passiverocks
STATE:712:cc/cc:Ah|Ks/Qh:100|-100:passiverocks|deepstack
STATE:713:r1200f:As|Ks:100|-100:deepstack|passiverocks
STATE:714:cc/cc:Kh|Ks/As:0|0:passiverocks|deepstack
STATE:715:cr1200f:Qs|Ah:-100|100:deepstack|passiverocks
STATE:716:cr1200f:Qs|As:-100|100:passiverocks|deepstack
STATE:717:cr300c/cr900c:Ks|As/Qh:-900|900:deepstack|passiverocks
STATE:718:r300f:Ah|Qh:100|-100:passiverocks|deepstack
STATE:719:cr1200c/:Ks|Ah/Qh:-1200|1200:deepstack|passiverocks
STATE:720:cc/cc:Qh|Ks/Kh:-100|100:passiverocks|deepstack
STATE:721:cc/cc:Ks|Kh/Qs:0|0:deepstack|passiverocks
STATE:722:r1200c/:As|Kh/Qh:1200|-1200:passiverocks|deepstack
STATE:723:cr300c/cc:Kh|Ah/Qs:-300|300:deepstack|passiverocks
STATE:724:r1200c/:As|Ks/Qh:1200|-1200:passiverocks|deepstack
STATE:725:r1200c/:As|Ah/Qs:0|0:deepstack|passiverocks
STATE:726:cr1200c/:Ah|As/Kh:0|0:passiverocks|deepstack
STATE:727:cc/cc:Kh|Qh/Ks:100|-100:deepstack|passiverocks
STATE:728:cc/cc:Kh|Qh/Ks:100|-100:passiverocks|deepstack
STATE:729:r1200f:Ah|Qh:100|-100:deepstack|passiverocks
STATE:730:cc/cc:Qs|Qh/As:0|0:passiverocks|deepstack
STATE:731:cc/cc:Qh|Qs/Ks:0|0:deepstack|passiverocks
STATE:732:cr1200f:Qh|As:-100|100:passiverocks|deepstack
STATE:733:cr300c/cc:Kh|Ah/Qs:-300|300:deepstack|passiverocks
STATE:734:cc/r300c:Ks|Kh/Ah:0|0:passiverocks|deepstack
STATE:735:cc/cc:Qh|Qs/Ks:0|0:deepstack|passiverocks
STATE:736:cr1200f:Qh|As:-100|100:passiverocks|deepstack
STATE:737:cr300c/cc:Kh|As/Ks:300|-300:deepstack|passiverocks
STATE:738:cc/r300c:Kh|Qs/As:300|-300:passiverocks|deepstack
STATE:739:r1200f:Ah|Qh:100|-100:deepstack|passiverocks
STATE:740:cc/cc:Kh|Ks/Qs:0|0:passiverocks|deepstack
STATE:741:cc/cc:Qs|Qh/Ah:0|0:deepstack|passiverocks
STATE:742:cc/cc:As|Ks/Ah:100|-100:passiverocks|deepstack
STATE:743:r1200f:As|Ks:100|-100:deepstack|passiverocks
STATE:744:cc/cc:As|Ks/Qh:100|-100:passiverocks|deepstack
STATE:745:cc/cc:Qs|Kh/As:-100|100:deepstack|passiverocks
STATE:746:cc/r1200c:Qs|Qh/Ah:0|0:passiverocks|deepstack
STATE:747:cr300c/cc:Kh|Qs/Ks:300|-300:deepstack|passiverocks
STATE:748:cc/cc:As|Ks/Qs:100|-100:passiverocks|deepstack
STATE:749:cc/cc:Qh|Qs/Ah:0|0:deepstack|passiverocks
STATE:750:cc/cc:Qs|Qh/Ks:0|0:passiverocks|deepstack
STATE:751:cc/cc:Qh|Kh/As:-100|100:deepstack|passiverocks
STATE:752:cr1200c/:Ah|As/Qs:0|0:passiverocks|deepstack
STATE:753:cr300c/cr900c:Ks|Qh/As:900|-900:deepstack|passiverocks
STATE:754:cc/cc:Qh|Qs/Ks:0|0:passiverocks|deepstack
STATE:755:cr300f:Qs|Qh:-100|100:deepstack|passiverocks
STATE:756:cc/cc:Ah|Kh/Ks:-100|100:passiverocks|deepstack
STATE:757:cr300c/cc:Kh|Ks/Ah:0|0:deepstack|passiverocks
STATE:758:cc/cc:Kh|Qs/Ah:100|-100:passiverocks|deepstack
STATE:759:cc/cc:Ks|Qs/Ah:100|-100:deepstack|passiverocks
STATE:760:cc/cc:As|Qs/Qh:-100|100:passiverocks|deepstack
STATE:761:r1200c/:Ah|As/Qh:0|0:deepstack|passiverocks
STATE:762:cr1200f:Qh|As:-100|100:passiverocks|deepstack
STATE:763:cc/cr300c:Qh|Kh/Ks:-300|300:deepstack|passiverocks
STATE:764:cr1200f:Qs|As:-100|100:passiverocks|deepstack
STATE:765:r1200f:As|Ks:100|-100:deepstack|passiverocks
STATE:766:r300r1200f:Ks|As:-300|300:passiverocks|deepstack
STATE:767:cc/cc:Ks|Qs/Ah:100|-100:deepstack|passiverocks
STATE:768:r1200f:As|Qh:100|-100:passiverocks|deepstack
STATE:769:r1200f:As|Kh:100|-100:deepstack|passiverocks
STATE:770:cr1200f:Qh|Ah:-100|100:passiverocks|deepstack
STATE:771:r1200f:Ah|Qs:100|-100:deepstack|passiverocks
STATE:772:cr1200f:Ks|As:-100|100:passiverocks|deepstack
STATE:773:r1200f:As|Qs:100|-100:deepstack|passiverocks
STATE:774:cr1200f:Kh|As:-100|100:passiverocks|deepstack
STATE:775:r1200f:Ah|Ks:100|-100:deepstack|passiverocks
STATE:776:r1200c/:Ah|Kh/Qs:1200|-1200:passiverocks|deepstack
STATE:777:cr300c/cr1200c:Kh|Ah/As:-1200|1200:deepstack|passiverocks
STATE:778:cr1200f:Ks|Ah:-100|100:passiverocks|deepstack
STATE:779:cr300c/cc:Kh|Ks/Ah:0|0:deepstack|passiverocks
STATE:780:r1200c/:Ah|Ks/Kh:-1200|1200:passiverocks|deepstack
STATE:781:cr1200c/:Ks|As/Qh:-1200|1200:deepstack|passiverocks
STATE:782:cr1200c/:Ah|As/Ks:0|0:passiverocks|deepstack
STATE:783:cc/cc:Qh|Qs/Ks:0|0:deepstack|passiverocks
STATE:784:cr1200f:Kh|As:-100|100:passiverocks|deepstack
STATE:785:r1200f:As|Qh:100|-100:deepstack|passiverocks
STATE:786:cr1200f:Qs|Ah:-100|100:passiverocks|deepstack
STATE:787:cc/cc:Qh|Ah/Ks:-100|100:deepstack|passiverocks
STATE:788:cc/cc:As|Ks/Qh:100|-100:passiverocks|deepstack
STATE:789:cr300c/cc:Kh|As/Qs:-300|300:deepstack|passiverocks
STATE:790:r300r1200c/:As|Ah/Kh:0|0:passiverocks|deepstack
STATE:791:cc/cc:Kh|Qh/Ah:100|-100:deepstack|passiverocks
STATE:792:cc/cc:As|Qh/Qs:-100|100:passiverocks|deepstack
STATE:793:cr1200c/:Kh|As/Qh:-1200|1200:deepstack|passiverocks
STATE:794:cc/cc:Kh|Ks/Qh:0|0:passiverocks|deepstack
STATE:795:r1200f:As|Qs:100|-100:deepstack|passiverocks
STATE:796:cc/cc:Kh|Qh/Ks:100|-100:passiverocks|deepstack
STATE:797:cc/cr300c:Qh|Ks/Qs:300|-300:deepstack|passiverocks
STATE:798:cr1200f:Qs|As:-100|100:passiverocks|deepstack
STATE:799:cr300f:Qs|Kh:-100|100:deepstack|passiverocks
STATE:800:cr1200c/:As|Ah/Qs:0|0:passiverocks|deepstack
STATE:801:cc/cc:Kh|Qh/Ks:100|-100:deepstack|passiverocks
STATE:802:cr1200f:Qs|Ah:-100|100:passiverocks|deepstack
STATE:803:cc/cc:Ks|Kh/Ah:0|0:deepstack|passiverocks
STATE:804:cr1200c/:Ah|As/Qh:0|0:passiverocks|deepstack
STATE:805:cc/cc:Qh|Qs/Ah:0|0:deepstack|passiverocks
STATE:806:cr1200f:Kh|As:-100|100:passiverocks|deepstack
STATE:807:r1200f:As|Qh:100|-100:deepstack|passiverocks
STATE:808:cr1200c/:As|Ah/Qh:0|0:passiverocks|deepstack
STATE:809:cc/cc:Ks|Qs/Kh:100|-100:deepstack|passiverocks
STATE:810:cc/r300c:Ks|Qs/Ah:300|-300:passiverocks|deepstack
STATE:811:cr300f:Qs|As:-100|100:deepstack|passiverocks
STATE:812:cr1200f:Qh|As:-100|100:passiverocks|deepstack
STATE:813:r1200f:As|Qh:100|-100:deepstack|passiverocks
STATE:814:cc/cc:Qh|Ks/As:-100|100:passiverocks|deepstack
STATE:815:r1200f:Ah|Kh:100|-100:deepstack|passiverocks
STATE:816:cc/cc:Ah|Qh/Ks:100|-100:passiverocks|deepstack
STATE:817:r1200c/:Ah|As/Ks:0|0:deepstack|passiverocks
STATE:818:r1200c/:As|Kh/Ah:1200|-1200:passiverocks|deepstack
STATE:819:r1200f:Ah|Qs:100|-100:deepstack|passiverocks
STATE:820:cr1200c/:Ah|As/Ks:0|0:passiverocks|deepstack
STATE:821:cr300f:Qh|Kh:-100|100:deepstack|passiverocks
STATE:822:r1200c/:Ah|Kh/Qh:1200|-1200:passiverocks|deepstack
STATE:823:cr300c/cr1200c:Kh|As/Qh:-1200|1200:deepstack|passiverocks
STATE:824:cc/cc:Qs|Ks/Ah:-100|100:passiverocks|deepstack
STATE:825:cc/cc:Qh|Qs/Ah:0|0:deepstack|passiverocks
STATE:826:cc/cc:As|Qs/Kh:100|-100:passiverocks|deepstack
STATE:827:cr300f:Qh|As:-100|100:deepstack|passiverocks
STATE:828:cc/cc:Kh|Ks/Qh:0|0:passiverocks|deepstack
STATE:829:r1200c/:Ah|As/Kh:0|0:deepstack|passiverocks
STATE:830:cc/cc:Ah|Kh/Qh:100|-100:passiverocks|deepstack
STATE:831:cc/cc:Ks|Qh/Kh:100|-100:deepstack|passiverocks
STATE:832:r1200c/:Ah|Ks/As:1200|-1200:passiverocks|deepstack
STATE:833:cr300f:Qs|Ah:-100|100:deepstack|passiverocks
STATE:834:cc/r1200c:Qs|Qh/Ah:0|0:passiverocks|deepstack
STATE:835:cr300c/cc:Ks|Ah/Qs:-300|300:deepstack|passiverocks
STATE:836:cr1200f:Ks|As:-100|100:passiverocks|deepstack
STATE:837:cr300c/cr1200c:Ks|Qs/Ah:1200|-1200:deepstack|passiverocks
STATE:838:cc/cc:Ks|Qh/Ah:100|-100:passiverocks|deepstack
STATE:839:r1200f:As|Qs:100|-100:deepstack|passiverocks
STATE:840:cr1200c/:As|Ah/Qs:0|0:passiverocks|deepstack
STATE:841:r1200f:As|Qh:100|-100:deepstack|passiverocks
STATE:842:cc/cc:Ah|Qs/Kh:100|-100:passiverocks|deepstack
STATE:843:cr300c/cc:Kh|As/Qh:-300|300:deepstack|passiverocks
STATE:844:cc/cc:Qh|Ks/Ah:-100|100:passiverocks|deepstack
STATE:845:cr300f:Qs|As:-100|100:deepstack|passiverocks
STATE:846:cc/cc:Kh|Ks/Qh:0|0:passiverocks|deepstack
STATE:847:r1200f:As|Kh:100|-100:deepstack|passiverocks
STATE:848:cc/cc:Qs|Ks/Ah:-100|100:passiverocks|deepstack
STATE:849:r1200c/:Ah|As/Qs:0|0:deepstack|passiverocks
STATE:850:cc/cc:Kh|Qh/Ks:100|-100:passiverocks|deepstack
STATE:851:cc/cr300c:Kh|Ks/Qh:0|0:deepstack|passiverocks
STATE:852:cc/cc:Kh|Qh/Ks:100|-100:passiverocks|deepstack
STATE:853:cc/cc:Qh|Qs/Kh:0|0:deepstack|passiverocks
STATE:854:cc/cc:Qs|Ks/Kh:-100|100:passiverocks|deepstack
STATE:855:cr300c/cc:Ks|Ah/Kh:300|-300:deepstack|passiverocks
STATE:856:cc/cc:Ks|Qs/Kh:100|-100:passiverocks|deepstack
STATE:857:r1200f:As|Ks:100|-100:deepstack|passiverocks
STATE:858:cc/cc:As|Qh/Qs:-100|100:passiverocks|deepstack
STATE:859:cr300f:Qh|Kh:-100|100:deepstack|passiverocks
STATE:860:cr1200c/:Ah|As/Ks:0|0:passiverocks|deepstack
STATE:861:cr300f:Qs|Kh:-100|100:deepstack|passiverocks
STATE:862:cr1200f:Kh|As:-100|100:passiverocks|deepstack
STATE:863:cc/cc:Kh|Ks/As:0|0:deepstack|passiverocks
STATE:864:cc/cc:As|Qs/Kh:100|-100:passiverocks|deepstack
STATE:865:r1200c/:As|Ah/Qs:0|0:deepstack|passiverocks
STATE:866:cc/cc:Qh|Ks/Qs:100|-100:passiverocks|deepstack
STATE:867:cc/cr300c:Kh|Ks/Qh:0|0:deepstack|passiverocks
STATE:868:cr1200f:Qs|As:-100|100:passiverocks|deepstack
STATE:869:r1200f:Ah|Qh:100|-100:deepstack|passiverocks
STATE:870:cc/cc:Qh|Kh/Ah:-100|100:passiverocks|deepstack
STATE:871:cc/cc:Kh|Ah/Qs:-100|100:deepstack|passiverocks
STATE:872:cc/cc:Ks|Qs/Qh:-100|100:passiverocks|deepstack
STATE:873:cr300c/cr1200c:Ks|Qh/Qs:-1200|1200:deepstack|passiverocks
STATE:874:cc/cc:Ks|Qs/Qh:-100|100:passiverocks|deepstack
STATE:875:cr300f:Qs|Kh:-100|100:deepstack|passiverocks
STATE:876:cc/cc:Ah|Qh/Kh:100|-100:passiverocks|deepstack
STATE:877:cr300c/cr900c:Kh|Ah/Ks:900|-900:deepstack|passiverocks
STATE:878:cr1200f:Qs|As:-100|100:passiverocks|deepstack
STATE:879:cc/cr300c:Qh|Kh/Ks:-300|300:deepstack|passiverocks
STATE:880:cc/cc:As|Qh/Qs:-100|100:passiverocks|deepstack
STATE:881:cr300c/cr1200c:Ks|Qs/As:1200|-1200:deepstack|passiverocks
STATE:882:cc/cc:Kh|Qs/Ah:100|-100:passiverocks|deepstack
STATE:883:cc/cc:Ks|Qs/As:100|-100:deepstack|passiverocks
STATE:884:cr1200f:Kh|Ah:-100|100:passiverocks|deepstack
STATE:885:r1200f:Ah|Qs:100|-100:deepstack|passiverocks
STATE:886:cc/cc:Qh|Kh/Ah:-100|100:passiverocks|deepstack
STATE:887:r1200f:Ah|Kh:100|-100:deepstack|passiverocks
STATE:888:cr1200f:Ks|As:-100|100:passiverocks|deepstack
STATE:889:cr300c/cr900c:Kh|Ks/Qs:0|0:deepstack|passiverocks
STATE:890:cc/cc:Qh|Ks/Qs:100|-100:passiverocks|deepstack
STATE:891:cc/cr300c:Qs|Ks/Qh:300|-300:deepstack|passiverocks
STATE:892:cc/cc:Qh|Qs/Ah:0|0:passiverocks|deepstack
STATE:893:cr300f:Qh|Ks:-100|100:deepstack|passiverocks
STATE:894:cr1200f:Qh|As:-100|100:passiverocks|deepstack
STATE:895:r1200f:As|Qh:100|-100:deepstack|passiverocks
STATE:896:cc/cc:As|Kh/Qh:100|-100:passiverocks|deepstack
STATE:897:cr1200c/:Ks|As/Ah:-1200|1200:deepstack|passiverocks
STATE:898:cr1200f:Qs|As:-100|100:passiverocks|deepstack
STATE:899:r1200f:As|Qs:100|-100:deepstack|passiverocks
STATE:900:cc/cc:Qs|Qh/Ah:0|0:passiverocks|deepstack
STATE:901:cr300c/cr1200c:Kh|Ks/Qh:0|0:deepstack|passiverocks
STATE:902:cc/cc:Ah|Qh/Qs:-100|100:passiverocks|deepstack
STATE:903:cc/cc:Qh|Kh/Qs:100|-100:deepstack|passiverocks
STATE:904:r1200f:As|Qs:100|-100:passiverocks|deepstack
STATE:905:r1200f:As|Ks:100|-100:deepstack|passiverocks
STATE:906:cr1200f:Ks|Ah:-100|100:passiverocks|deepstack
STATE:907:cr300c/cc:Ks|As/Qs:-300|300:deepstack|passiverocks
STATE:908:cr1200f:Ks|As:-100|100:passiverocks|deepstack
STATE:909:r1200f:As|Qh:100|-100:deepstack|passiverocks
STATE:910:cc/r1200c:As|Qs/Ah:1200|-1200:passiverocks|deepstack
STATE:911:cr300c/cc:Ks|Ah/Qh:-300|300:deepstack|passiverocks
STATE:912:r1200f:As|Qs:100|-100:passiverocks|deepstack
STATE:913:cc/cc:Qh|Ks/Ah:-100|100:deepstack|passiverocks
STATE:914:cc/cc:Ah|Kh/Qh:100|-100:passiverocks|deepstack
STATE:915:cr300c/cc:Ks|As/Qh:-300|300:deepstack|passiverocks
STATE:916:cc/cc:Qh|Ks/Qs:100|-100:passiverocks|deepstack
STATE:917:r1200c/:As|Ah/Ks:0|0:deepstack|passiverocks
STATE:918:cc/r300c:Ks|Kh/Ah:0|0:passiverocks|deepstack
STATE:919:cr300c/cr1200c:Kh|Ks/Ah:0|0:deepstack|passiverocks
STATE:920:cc/cc:As|Qs/Ks:100|-100:passiverocks|deepstack
STATE:921:cr300f:Qh|Ks:-100|100:deepstack|passiverocks
STATE:922:cr1200c/:Ah|As/Kh:0|0:passiverocks|deepstack
STATE:923:cc/cc:Kh|Ah/Qh:-100|100:deepstack|passiverocks
STATE:924:r1200c/:As|Ah/Kh:0|0:passiverocks|deepstack
STATE:925:r1200f:As|Ks:100|-100:deepstack|passiverocks
STATE:926:cc/cc:As|Kh/Qs:100|-100:passiverocks|deepstack
STATE:927:r1200f:Ah|Qh:100|-100:deepstack|passiverocks
STATE:928:cc/cc:Ks|Qs/As:100|-100:passiverocks|deepstack
STATE:929:cc/cc:Kh|Ks/Qs:0|0:deepstack|passiverocks
STATE:930:cc/cc:Ks|Qh/Qs:-100|100:passiverocks|deepstack
STATE:931:cr300c/cc:Ks|Kh/As:0|0:deepstack|passiverocks
STATE:932:cr1200f:Ks|As:-100|100:passiverocks|deepstack
STATE:933:cr300c/cr900c:Kh|Ah/As:-900|900:deepstack|passiverocks
STATE:934:cr1200f:Kh|As:-100|100:passiverocks|deepstack
STATE:935:r1200f:Ah|Ks:100|-100:deepstack|passiverocks
STATE:936:r300f:As|Qh:100|-100:passiverocks|deepstack
STATE:937:r1200f:Ah|Qs:100|-100:deepstack|passiverocks
STATE:938:r1200f:As|Qs:100|-100:passiverocks|deepstack
STATE:939:cr300f:Qs|Ah:-100|100:deepstack|passiverocks
STATE:940:cc/r1200c:Ah|Qs/As:1200|-1200:passiverocks|deepstack
STATE:941:cc/cc:Kh|Qs/As:100|-100:deepstack|passiverocks
STATE:942:cr1200f:Kh|As:-100|100:passiverocks|deepstack
STATE:943:cr300f:Qs|As:-100|100:deepstack|passiverocks
STATE:944:r1200f:As|Qs:100|-100:passiverocks|deepstack
STATE:945:r1200c/:Ah|As/Ks:0|0:deepstack|passiverocks
STATE:946:cc/cc:Qh|Ks/As:-100|100:passiverocks|deepstack
STATE:947:cc/cc:Qh|Ah/Ks:-100|100:deepstack|passiverocks
STATE:948:cc/cc:Ks|Kh/As:0|0:passiverocks|deepstack
STATE:949:cr300c/cr1200c:Ks|As/Kh:1200|-1200:deepstack|passiverocks
STATE:950:cc/cc:As|Qh/Qs:-100|100:passiverocks|deepstack
STATE:951:cc/cc:Kh|Qh/Ks:100|-100:deepstack|passiverocks
STATE:952:cr1200c/:As|Ah/Qs:0|0:passiverocks|deepstack
STATE:953:cc/cc:Ks|Kh/Qs:0|0:deepstack|passiverocks
STATE:954:cc/cc:Qs|Ks/As:-100|100:passiverocks|deepstack
STATE:955:r1200c/:As|Ah/Qh:0|0:deepstack|passiverocks
STATE:956:cr1200f:Qs|As:-100|100:passiverocks|deepstack
STATE:957:cr300f:Qh|Ah:-100|100:deepstack|passiverocks
STATE:958:r300r1200f:Ks|As:-300|300:passiverocks|deepstack
STATE:959:cr300f:Qs|Ah:-100|100:deepstack|passiverocks
STATE:960:cr1200f:Kh|Ah:-100|100:passiverocks|deepstack
STATE:961:r1200c/:As|Ah/Qh:0|0:deepstack|passiverocks
STATE:962:cc/cc:As|Qs/Qh:-100|100:passiverocks|deepstack
STATE:963:cc/cc:Qs|Ks/As:-100|100:deepstack|passiverocks
STATE:964:cc/cc:Kh|Qh/Ks:100|-100:passiverocks|deepstack
STATE:965:r1200f:Ah|Kh:100|-100:deepstack|passiverocks
STATE:966:cr1200f:Qh|As:-100|100:passiverocks|deepstack
STATE:967:cr300f:Qs|Ah:-100|100:deepstack|passiverocks
STATE:968:r1200c/:Ah|Kh/Qh:1200|-1200:passiverocks|deepstack
STATE:969:cr300f:Qs|Ah:-100|100:deepstack|passiverocks
STATE:970:cr1200f:Qs|Ah:-100|100:passiverocks|deepstack
STATE:971:cr300f:Qh|Ah:-100|100:deepstack|passiverocks
STATE:972:r1200c/:Ah|Kh/Ks:-1200|1200:passiverocks|deepstack
STATE:973:cc/cr1200c:Qs|Ah/As:-1200|1200:deepstack|passiverocks
STATE:974:cc/cc:Qh|Qs/As:0|0:passiverocks|deepstack
STATE:975:r1200f:As|Qs:100|-100:deepstack|passiverocks
STATE:976:cc/cc:Kh|Qh/Qs:-100|100:passiverocks|deepstack
STATE:977:r1200f:Ah|Qs:100|-100:deepstack|passiverocks
STATE:978:cc/cc:Qs|Qh/Kh:0|0:passiverocks|deepstack
STATE:979:r1200f:As|Qs:100|-100:deepstack|passiverocks
STATE:980:cc/r1200c:Qs|Ks/Ah:-1200|1200:passiverocks|deepstack
STATE:981:r1200f:Ah|Ks:100|-100:deepstack|passiverocks
STATE:982:cr1200f:Qs|Ah:-100|100:passiverocks|deepstack
STATE:983:cr300c/cr1200c:Kh|As/Ks:1200|-1200:deepstack|passiverocks
STATE:984:cr1200c/:As|Ah/Qh:0|0:passiverocks|deepstack
STATE:985:cc/cc:Qh|Ks/Qs:100|-100:deepstack|passiverocks
STATE:986:cr1200f:Qs|As:-100|100:passiverocks|deepstack
STATE:987:cc/cc:Kh|Qs/Ah:100|-100:deepstack|passiverocks
STATE:988:cc/cc:As|Qs/Qh:-100|100:passiverocks|deepstack
STATE:989:cc/cr300c:Qs|Kh/Qh:300|-300:deepstack|passiverocks
STATE:990:cr1200f:Qs|Ah:-100|100:passiverocks|deepstack
STATE:991:r1200f:Ah|Ks:100|-100:deepstack|passiverocks
STATE:992:cr1200f:Qh|As:-100|100:passiverocks|deepstack
STATE:993:r1200f:As|Kh:100|-100:deepstack|passiverocks
STATE:994:cr1200f:Kh|As:-100|100:passiverocks|deepstack
STATE:995:r1200f:Ah|Ks:100|-100:deepstack|passiverocks
STATE:996:cc/cc:Qs|Kh/Qh:100|-100:passiverocks|deepstack
STATE:997:cr300f:Qh|As:-100|100:deepstack|passiverocks
STATE:998:cr1200f:Qh|As:-100|100:passiverocks|deepstack
STATE:999:r1200f:As|Qh:100|-100:deepstack|passiverocks
SCORE:47000|-47000:passiverocks|deepstack
