# name/game/hands/seed randombluffervdeepstack1000 ./DeepStack-Leduc/ACPCServer/leduc.game 1000 5
#--t_response 600000
#--t_hand 600000
#--t_per_hand 7000
STATE:0:cc/cc:As|Ks/Qs:100|-100:deepstack|randombluffer
STATE:1:cc/cc:Qs|Kh/Ah:-100|100:randombluffer|deepstack
STATE:2:cr1200f:Ks|Qs:-100|100:deepstack|randombluffer
STATE:3:cr300f:Ks|As:-100|100:randombluffer|deepstack
STATE:4:cr1200c/:As|Ah/Ks:0|0:deepstack|randombluffer
STATE:5:cc/cc:Qh|Qs/As:0|0:randombluffer|deepstack
STATE:6:cr1200c/:As|Ks/Kh:-1200|1200:deepstack|randombluffer
STATE:7:r1200c/:Qs|Ah/As:-1200|1200:randombluffer|deepstack
STATE:8:r1200c/:Ah|As/Qs:0|0:deepstack|randombluffer
STATE:9:cr300r1200c/:Qs|As/Ah:-1200|1200:randombluffer|deepstack
STATE:10:cr300f:Qh|Ks:-100|100:deepstack|randombluffer
STATE:11:r1200c/:Qh|As/Kh:-1200|1200:randombluffer|deepstack
STATE:12:cc/cc:Kh|Ks/As:0|0:deepstack|randombluffer
STATE:13:cc/cc:Kh|As/Ks:100|-100:randombluffer|deepstack
STATE:14:cr300f:Qh|Ah:-100|100:deepstack|randombluffer
STATE:15:cr300r1200c/:Ks|As/Ah:-1200|1200:randombluffer|deepstack
STATE:16:cc/r1200f:Ks|Qh/As:100|-100:deepstack|randombluffer
STATE:17:r1200f:Ah|Kh:100|-100:randombluffer|deepstack
STATE:18:cr1200c/:As|Kh/Qs:1200|-1200:deepstack|randombluffer
STATE:19:r1200f:Ah|Kh:100|-100:randombluffer|deepstack
STATE:20:cr300f:Qs|Ah:-100|100:deepstack|randombluffer
STATE:21:r1200f:Ah|Qh:100|-100:randombluffer|deepstack
STATE:22:cc/cr1200f:Kh|Ks/Qh:-100|100:deepstack|randombluffer
STATE:23:cc/cc:Qs|Ah/Ks:-100|100:randombluffer|deepstack
STATE:24:r300r1200f:Kh|As:-300|300:deepstack|randombluffer
STATE:25:r1200f:Ah|Ks:100|-100:randombluffer|deepstack
STATE:26:cr1200c/:As|Ks/Ah:1200|-1200:deepstack|randombluffer
STATE:27:r300c/cr900r1200f:As|Qh/Kh:900|-900:randombluffer|deepstack
STATE:28:cr1200f:Kh|Ah:-100|100:deepstack|randombluffer
STATE:29:cr300r1200c/:Qh|Ah/Ks:-1200|1200:randombluffer|deepstack
STATE:30:r1200c/:Ah|As/Kh:0|0:deepstack|randombluffer
STATE:31:cc/r300f:Ks|Qh/As:100|-100:randombluffer|deepstack
STATE:32:cr1200f:Qs|Qh:-100|100:deepstack|randombluffer
STATE:33:r1200c/:As|Ah/Kh:0|0:randombluffer|deepstack
STATE:34:cr1200f:Ks|As:-100|100:deepstack|randombluffer
STATE:35:cr300c/r1200f:Qs|Ah/Qh:300|-300:randombluffer|deepstack
STATE:36:cc/cr1200f:Qh|Ks/Ah:-100|100:deepstack|randombluffer
STATE:37:r1200c/:Kh|As/Ah:-1200|1200:randombluffer|deepstack
STATE:38:cc/cc:Ks|Kh/Qs:0|0:deepstack|randombluffer
STATE:39:cr300r1200f:Ah|Qh:300|-300:randombluffer|deepstack
STATE:40:r1200f:Ah|Qh:100|-100:deepstack|randombluffer
STATE:41:r1200c/:Qh|As/Kh:-1200|1200:randombluffer|deepstack
STATE:42:cr1200f:Qh|Ah:-100|100:deepstack|randombluffer
STATE:43:cc/cr300f:Kh|Ks/Qh:-100|100:randombluffer|deepstack
STATE:44:cc/cc:Qs|Qh/Ks:0|0:deepstack|randombluffer
STATE:45:r1200f:As|Kh:100|-100:randombluffer|deepstack
STATE:46:cr1200c/:Ah|Ks/Qh:1200|-1200:deepstack|randombluffer
STATE:47:cr300f:Kh|Ks:-100|100:randombluffer|deepstack
STATE:48:cr300r1200f:As|Qs:300|-300:deepstack|randombluffer
STATE:49:r1200c/:Kh|As/Qh:-1200|1200:randombluffer|deepstack
STATE:50:cr300f:Ks|As:-100|100:deepstack|randombluffer
STATE:51:r1200f:As|Ks:100|-100:randombluffer|deepstack
STATE:52:cr300c/cr1200f:Ks|Qh/Ah:-300|300:deepstack|randombluffer
STATE:53:r1200f:Qh|Kh:100|-100:randombluffer|deepstack
STATE:54:cr1200f:Kh|Qs:-100|100:deepstack|randombluffer
STATE:55:r1200f:Kh|Qs:100|-100:randombluffer|deepstack
STATE:56:cr1200c/:As|Qh/Kh:1200|-1200:deepstack|randombluffer
STATE:57:r1200c/:Qh|Ah/Ks:-1200|1200:randombluffer|deepstack
STATE:58:cc/cr300r900r1200c:Kh|Qh/Ks:1200|-1200:deepstack|randombluffer
STATE:59:cr300r1200c/:Ks|As/Kh:1200|-1200:randombluffer|deepstack
STATE:60:cr1200f:Kh|Qs:-100|100:deepstack|randombluffer
STATE:61:r1200f:Qh|Ks:100|-100:randombluffer|deepstack
STATE:62:r300f:As|Qh:100|-100:deepstack|randombluffer
STATE:63:r1200f:Ks|Kh:100|-100:randombluffer|deepstack
STATE:64:r1200f:As|Qs:100|-100:deepstack|randombluffer
STATE:65:cc/r1200f:Qs|Kh/Ah:100|-100:randombluffer|deepstack
STATE:66:cc/cc:Qh|Kh/As:-100|100:deepstack|randombluffer
STATE:67:r1200f:Ah|Ks:100|-100:randombluffer|deepstack
STATE:68:cr1200f:Kh|As:-100|100:deepstack|randombluffer
STATE:69:r1200f:Qs|Ks:100|-100:randombluffer|deepstack
STATE:70:cc/cc:Qh|Kh/Ah:-100|100:deepstack|randombluffer
STATE:71:cc/r1200c:Qs|Ks/Kh:-1200|1200:randombluffer|deepstack
STATE:72:cc/cc:Kh|Ks/Qs:0|0:deepstack|randombluffer
STATE:73:cr1200f:Qs|Ah:-100|100:randombluffer|deepstack
STATE:74:cc/r1200f:Ah|Ks/As:100|-100:deepstack|randombluffer
STATE:75:r1200f:Ah|Ks:100|-100:randombluffer|deepstack
STATE:76:cc/r300f:Kh|Qs/As:100|-100:deepstack|randombluffer
STATE:77:r1200f:Ah|Ks:100|-100:randombluffer|deepstack
STATE:78:cr300r1200f:As|Kh:300|-300:deepstack|randombluffer
STATE:79:cc/cr300r900f:Kh|Qs/Ks:300|-300:randombluffer|deepstack
STATE:80:cr300f:Qh|Ah:-100|100:deepstack|randombluffer
STATE:81:cc/cc:Qs|As/Qh:100|-100:randombluffer|deepstack
STATE:82:r1200f:Ah|Ks:100|-100:deepstack|randombluffer
STATE:83:cc/cr300f:Qh|Ks/Kh:-100|100:randombluffer|deepstack
STATE:84:cr300f:Ks|As:-100|100:deepstack|randombluffer
STATE:85:cc/r1200f:Kh|Ks/Qh:100|-100:randombluffer|deepstack
STATE:86:cc/cr1200f:Qs|Kh/Ks:-100|100:deepstack|randombluffer
STATE:87:r1200f:Ks|Qh:100|-100:randombluffer|deepstack
STATE:88:cc/r1200f:Ah|Kh/As:100|-100:deepstack|randombluffer
STATE:89:cr300f:Kh|As:-100|100:randombluffer|deepstack
STATE:90:cr300c/r1200f:Kh|Qs/Ks:300|-300:deepstack|randombluffer
STATE:91:r1200f:Ah|Qh:100|-100:randombluffer|deepstack
STATE:92:cr300r1200f:As|Kh:300|-300:deepstack|randombluffer
STATE:93:cr300f:Kh|Qs:-100|100:randombluffer|deepstack
STATE:94:cr300c/cr1200f:Ks|Ah/Qh:-300|300:deepstack|randombluffer
STATE:95:cc/r1200f:Ks|Kh/As:100|-100:randombluffer|deepstack
STATE:96:cr1200f:Qh|As:-100|100:deepstack|randombluffer
STATE:97:r1200c/:As|Ah/Ks:0|0:randombluffer|deepstack
STATE:98:cr300f:Qs|As:-100|100:deepstack|randombluffer
STATE:99:cr300c/r1200f:Qs|Kh/Qh:300|-300:randombluffer|deepstack
STATE:100:cr1200f:Qs|Kh:-100|100:deepstack|randombluffer
STATE:101:r1200c/:Kh|As/Qs:-1200|1200:randombluffer|deepstack
STATE:102:cr300f:Ks|Ah:-100|100:deepstack|randombluffer
STATE:103:cr300f:Ks|Ah:-100|100:randombluffer|deepstack
STATE:104:cr1200f:Qs|Ah:-100|100:deepstack|randombluffer
STATE:105:cr300f:Qh|As:-100|100:randombluffer|deepstack
STATE:106:cc/cc:As|Ah/Qs:0|0:deepstack|randombluffer
STATE:107:cr300f:Qs|As:-100|100:randombluffer|deepstack
STATE:108:cr300r1200f:As|Qh:300|-300:deepstack|randombluffer
STATE:109:cc/cr300r1200c:Qh|Ks/Kh:-1200|1200:randombluffer|deepstack
STATE:110:r1200f:As|Qs:100|-100:deepstack|randombluffer
STATE:111:cr300c/cr900f:Qs|Ah/As:-300|300:randombluffer|deepstack
STATE:112:cc/cr1200f:Qh|Kh/As:-100|100:deepstack|randombluffer
STATE:113:r1200f:Qh|Qs:100|-100:randombluffer|deepstack
STATE:114:cr1200c/:Ah|Qs/Qh:-1200|1200:deepstack|randombluffer
STATE:115:cr1200f:Qs|As:-100|100:randombluffer|deepstack
STATE:116:cr300f:Qs|As:-100|100:deepstack|randombluffer
STATE:117:cc/cr300r1200c:As|Qh/Qs:-1200|1200:randombluffer|deepstack
STATE:118:cc/cr1200f:Qh|Kh/Ks:-100|100:deepstack|randombluffer
STATE:119:r1200f:Ks|Kh:100|-100:randombluffer|deepstack
STATE:120:cr300f:Ks|Ah:-100|100:deepstack|randombluffer
STATE:121:cc/cr300f:Qh|Kh/Ks:-100|100:randombluffer|deepstack
STATE:122:cc/r300f:Ks|Qs/As:100|-100:deepstack|randombluffer
STATE:123:cc/cr300r1200f:Qs|Qh/As:300|-300:randombluffer|deepstack
STATE:124:cc/r300f:Ks|Kh/Ah:100|-100:deepstack|randombluffer
STATE:125:cr300r1200c/:Ks|As/Qs:-1200|1200:randombluffer|deepstack
STATE:126:r300r1200c/:As|Ks/Qs:1200|-1200:deepstack|randombluffer
STATE:127:r1200f:Qs|Qh:100|-100:randombluffer|deepstack
STATE:128:cc/cr1200c:Kh|Qs/Ks:1200|-1200:deepstack|randombluffer
STATE:129:r1200f:Kh|Ks:100|-100:randombluffer|deepstack
STATE:130:cr1200c/:As|Ah/Kh:0|0:deepstack|randombluffer
STATE:131:r1200c/:Ah|As/Ks:0|0:randombluffer|deepstack
STATE:132:cc/r300c:Ks|Kh/As:0|0:deepstack|randombluffer
STATE:133:r1200f:Ah|Qh:100|-100:randombluffer|deepstack
STATE:134:cr300r1200f:Ah|Kh:300|-300:deepstack|randombluffer
STATE:135:cc/r1200f:As|Qs/Ks:100|-100:randombluffer|deepstack
STATE:136:cc/cc:Qh|Qs/Ah:0|0:deepstack|randombluffer
STATE:137:cc/r1200f:Qh|Qs/Kh:100|-100:randombluffer|deepstack
STATE:138:cr1200f:Qh|Ah:-100|100:deepstack|randombluffer
STATE:139:cr300f:Qh|Ah:-100|100:randombluffer|deepstack
STATE:140:r300c/cr1200f:Ah|Qs/Qh:-300|300:deepstack|randombluffer
STATE:141:r1200f:Kh|Ks:100|-100:randombluffer|deepstack
STATE:142:cr1200c/:As|Kh/Ks:-1200|1200:deepstack|randombluffer
STATE:143:cr300r1200c/:Kh|As/Ah:-1200|1200:randombluffer|deepstack
STATE:144:cr1200f:Qh|Ks:-100|100:deepstack|randombluffer
STATE:145:r1200c/:Qs|As/Qh:1200|-1200:randombluffer|deepstack
STATE:146:cr300f:Ks|Kh:-100|100:deepstack|randombluffer
STATE:147:cr300f:Kh|Ah:-100|100:randombluffer|deepstack
STATE:148:r1200f:Ah|Ks:100|-100:deepstack|randombluffer
STATE:149:cr300f:Qh|Kh:-100|100:randombluffer|deepstack
STATE:150:cc/cr1200f:Ah|Qs/Ks:-100|100:deepstack|randombluffer
STATE:151:cc/r1200c:Qh|Ks/Ah:-1200|1200:randombluffer|deepstack
STATE:152:cr300c/cc:As|Ah/Qs:0|0:deepstack|randombluffer
STATE:153:r1200f:Ks|Kh:100|-100:randombluffer|deepstack
STATE:154:r1200f:As|Qs:100|-100:deepstack|randombluffer
STATE:155:r1200c/:Qh|Ah/Ks:-1200|1200:randombluffer|deepstack
STATE:156:cr300f:Qs|Ah:-100|100:deepstack|randombluffer
STATE:157:r1200c/:Ah|As/Qh:0|0:randombluffer|deepstack
STATE:158:cr1200f:Ks|Qs:-100|100:deepstack|randombluffer
STATE:159:r1200c/:Qh|Ah/As:-1200|1200:randombluffer|deepstack
STATE:160:cc/cr300f:Qh|Qs/Kh:-100|100:deepstack|randombluffer
STATE:161:cc/r1200f:As|Ah/Qs:100|-100:randombluffer|deepstack
STATE:162:cc/r300f:Ks|Qh/Ah:100|-100:deepstack|randombluffer
STATE:163:r1200c/:As|Ah/Ks:0|0:randombluffer|deepstack
STATE:164:cr1200f:Ks|Ah:-100|100:deepstack|randombluffer
STATE:165:cr300r1200f:Ah|Kh:300|-300:randombluffer|deepstack
STATE:166:cr1200f:Ks|As:-100|100:deepstack|randombluffer
STATE:167:r1200f:As|Qs:100|-100:randombluffer|deepstack
STATE:168:cr300c/r1200f:Qh|As/Qs:300|-300:deepstack|randombluffer
STATE:169:cc/cc:Qh|Kh/Ah:-100|100:randombluffer|deepstack
STATE:170:cc/cr300f:Kh|Qh/Qs:-100|100:deepstack|randombluffer
STATE:171:r1200f:As|Qs:100|-100:randombluffer|deepstack
STATE:172:cr300f:Ks|As:-100|100:deepstack|randombluffer
STATE:173:cr300r1200c/:Qh|Ah/Kh:-1200|1200:randombluffer|deepstack
STATE:174:cr1200f:Ks|Qs:-100|100:deepstack|randombluffer
STATE:175:cc/cc:Ah|Qs/Kh:100|-100:randombluffer|deepstack
STATE:176:r1200f:Ah|Qs:100|-100:deepstack|randombluffer
STATE:177:cc/cc:Ks|Qs/Kh:100|-100:randombluffer|deepstack
STATE:178:r300r1200c/:As|Ah/Kh:0|0:deepstack|randombluffer
STATE:179:cr300r1200c/:As|Ah/Kh:0|0:randombluffer|deepstack
STATE:180:r1200c/:Ah|As/Kh:0|0:deepstack|randombluffer
STATE:181:cr300c/r1200f:Ks|Ah/Qs:300|-300:randombluffer|deepstack
STATE:182:cc/r300c:Ks|Kh/As:0|0:deepstack|randombluffer
STATE:183:cc/r1200f:Ks|Qh/Kh:100|-100:randombluffer|deepstack
STATE:184:cr300f:Qs|Kh:-100|100:deepstack|randombluffer
STATE:185:cc/cc:As|Qs/Ks:100|-100:randombluffer|deepstack
STATE:186:cr1200f:Qs|Ks:-100|100:deepstack|randombluffer
STATE:187:cr300f:Qs|Ah:-100|100:randombluffer|deepstack
STATE:188:cc/cr1200f:Qs|Kh/As:-100|100:deepstack|randombluffer
STATE:189:r1200c/:Kh|Ah/As:-1200|1200:randombluffer|deepstack
STATE:190:cr300c/cc:Qh|Ah/Ks:-300|300:deepstack|randombluffer
STATE:191:cr300f:Ks|As:-100|100:randombluffer|deepstack
STATE:192:cr300c/cr1200f:Ks|Kh/As:-300|300:deepstack|randombluffer
STATE:193:cr1200f:Qs|As:-100|100:randombluffer|deepstack
STATE:194:cr1200f:Qs|Kh:-100|100:deepstack|randombluffer
STATE:195:r1200f:Ah|Ks:100|-100:randombluffer|deepstack
STATE:196:cc/cc:As|Ks/Qh:100|-100:deepstack|randombluffer
STATE:197:r1200c/:Qs|As/Kh:-1200|1200:randombluffer|deepstack
STATE:198:cr1200f:Kh|Ah:-100|100:deepstack|randombluffer
STATE:199:cc/cr300f:As|Qs/Ks:-100|100:randombluffer|deepstack
STATE:200:cc/cr1200f:Ks|Qh/Qs:-100|100:deepstack|randombluffer
STATE:201:r1200f:As|Kh:100|-100:randombluffer|deepstack
STATE:202:cc/cc:Qh|Kh/As:-100|100:deepstack|randombluffer
STATE:203:r1200f:Qs|Qh:100|-100:randombluffer|deepstack
STATE:204:cc/cr300r900f:Ks|Qs/Kh:300|-300:deepstack|randombluffer
STATE:205:r1200c/:Qs|Ah/Ks:-1200|1200:randombluffer|deepstack
STATE:206:cr300r1200c/:Ah|As/Kh:0|0:deepstack|randombluffer
STATE:207:r1200f:Ks|Kh:100|-100:randombluffer|deepstack
STATE:208:cc/cc:Kh|Ks/Ah:0|0:deepstack|randombluffer
STATE:209:cr1200c/:Ah|As/Qs:0|0:randombluffer|deepstack
STATE:210:cr300f:Qh|Kh:-100|100:deepstack|randombluffer
STATE:211:cc/r300f:Kh|Ks/Ah:100|-100:randombluffer|deepstack
STATE:212:cc/cr300f:Qs|Kh/Ks:-100|100:deepstack|randombluffer
STATE:213:cr300r1200c/:Qs|As/Ks:-1200|1200:randombluffer|deepstack
STATE:214:cc/cr1200f:Qs|Qh/Ks:-100|100:deepstack|randombluffer
STATE:215:cr300f:Qs|Ah:-100|100:randombluffer|deepstack
STATE:216:cr300f:Ks|As:-100|100:deepstack|randombluffer
STATE:217:r1200f:As|Qs:100|-100:randombluffer|deepstack
STATE:218:cc/cr1200f:Qh|Ks/Ah:-100|100:deepstack|randombluffer
STATE:219:r1200f:Qs|Ks:100|-100:randombluffer|deepstack
STATE:220:cc/cr1200f:Qh|As/Ks:-100|100:deepstack|randombluffer
STATE:221:cc/cc:Kh|Ks/Qh:0|0:randombluffer|deepstack
STATE:222:cr300c/cc:Ks|As/Qs:-300|300:deepstack|randombluffer
STATE:223:cr300f:Qs|Ah:-100|100:randombluffer|deepstack
STATE:224:cr300f:Kh|Qs:-100|100:deepstack|randombluffer
STATE:225:cc/cc:Ks|Qs/Kh:100|-100:randombluffer|deepstack
STATE:226:cr300f:Kh|As:-100|100:deepstack|randombluffer
STATE:227:cc/cr300f:Qh|Ks/Kh:-100|100:randombluffer|deepstack
STATE:228:cc/cr1200f:Ks|Kh/As:-100|100:deepstack|randombluffer
STATE:229:r1200f:Ah|Qs:100|-100:randombluffer|deepstack
STATE:230:cr1200f:Ks|Qh:-100|100:deepstack|randombluffer
STATE:231:cc/r300c:Ks|Kh/As:0|0:randombluffer|deepstack
STATE:232:cc/cc:Qs|Kh/Qh:100|-100:deepstack|randombluffer
STATE:233:cc/cc:Qh|Qs/Ah:0|0:randombluffer|deepstack
STATE:234:cr300c/r1200c:Qs|Kh/Ks:-1200|1200:deepstack|randombluffer
STATE:235:cr300r1200c/:Kh|As/Qh:-1200|1200:randombluffer|deepstack
STATE:236:cr1200f:Ks|Ah:-100|100:deepstack|randombluffer
STATE:237:cc/r300f:Ks|Qh/As:100|-100:randombluffer|deepstack
STATE:238:cc/cr1200f:Qh|As/Ah:-100|100:deepstack|randombluffer
STATE:239:r1200f:Ks|Qh:100|-100:randombluffer|deepstack
STATE:240:r1200f:Ah|Ks:100|-100:deepstack|randombluffer
STATE:241:cc/cr300f:Kh|Qs/Qh:-100|100:randombluffer|deepstack
STATE:242:cc/cc:Qh|Qs/Ah:0|0:deepstack|randombluffer
STATE:243:r1200f:As|Kh:100|-100:randombluffer|deepstack
STATE:244:cc/cc:Qh|Qs/Ah:0|0:deepstack|randombluffer
STATE:245:r1200f:Ah|Ks:100|-100:randombluffer|deepstack
STATE:246:cr1200c/:As|Qs/Ah:1200|-1200:deepstack|randombluffer
STATE:247:r1200f:Ks|Qs:100|-100:randombluffer|deepstack
STATE:248:cr1200c/:As|Qs/Ks:1200|-1200:deepstack|randombluffer
STATE:249:r1200f:Kh|Qs:100|-100:randombluffer|deepstack
STATE:250:cr1200f:Qs|As:-100|100:deepstack|randombluffer
STATE:251:cr300r1200c/:Ks|Ah/Qs:-1200|1200:randombluffer|deepstack
STATE:252:cr1200c/:As|Qh/Kh:1200|-1200:deepstack|randombluffer
STATE:253:cc/cc:Qh|Kh/Qs:100|-100:randombluffer|deepstack
STATE:254:cr300r1200c/:As|Ah/Kh:0|0:deepstack|randombluffer
STATE:255:r1200f:As|Ks:100|-100:randombluffer|deepstack
STATE:256:cc/cr300f:Kh|Qh/Qs:-100|100:deepstack|randombluffer
STATE:257:r1200f:Ah|Kh:100|-100:randombluffer|deepstack
STATE:258:cr300c/cr1200f:Ks|As/Qh:-300|300:deepstack|randombluffer
STATE:259:r1200f:As|Qs:100|-100:randombluffer|deepstack
STATE:260:cc/cr300f:Qs|Qh/As:-100|100:deepstack|randombluffer
STATE:261:r1200f:As|Qh:100|-100:randombluffer|deepstack
STATE:262:r1200c/:Ah|As/Ks:0|0:deepstack|randombluffer
STATE:263:cc/cr300r1200c:Kh|Qs/Qh:-1200|1200:randombluffer|deepstack
STATE:264:cr300f:Ks|Qs:-100|100:deepstack|randombluffer
STATE:265:cc/r1200f:Ah|Qs/As:100|-100:randombluffer|deepstack
STATE:266:cr300f:Kh|As:-100|100:deepstack|randombluffer
STATE:267:r1200f:As|Kh:100|-100:randombluffer|deepstack
STATE:268:cc/cr300r1200f:Qs|Ks/Qh:300|-300:deepstack|randombluffer
STATE:269:cc/r1200f:Ks|Qs/Kh:100|-100:randombluffer|deepstack
STATE:270:cr1200c/:As|Qh/Ah:1200|-1200:deepstack|randombluffer
STATE:271:cr300c/r1200c:Qs|Kh/As:-1200|1200:randombluffer|deepstack
STATE:272:cc/r300f:Ah|Qs/As:100|-100:deepstack|randombluffer
STATE:273:cr300f:Qs|Kh:-100|100:randombluffer|deepstack
STATE:274:cr1200f:Kh|As:-100|100:deepstack|randombluffer
STATE:275:r1200f:As|Qs:100|-100:randombluffer|deepstack
STATE:276:cr300f:Ks|As:-100|100:deepstack|randombluffer
STATE:277:cc/cc:Qh|As/Qs:100|-100:randombluffer|deepstack
STATE:278:cc/cc:Qh|Kh/As:-100|100:deepstack|randombluffer
STATE:279:cc/r1200c:As|Kh/Ks:-1200|1200:randombluffer|deepstack
STATE:280:cc/cc:Ah|Qh/Kh:100|-100:deepstack|randombluffer
STATE:281:cr300f:Kh|Ah:-100|100:randombluffer|deepstack
STATE:282:cc/cr300f:Ks|Qh/Qs:-100|100:deepstack|randombluffer
STATE:283:cr300f:Qh|As:-100|100:randombluffer|deepstack
STATE:284:r1200f:Ah|Ks:100|-100:deepstack|randombluffer
STATE:285:cc/cr300f:Qh|Ks/Kh:-100|100:randombluffer|deepstack
STATE:286:cc/r300f:Kh|Qh/As:100|-100:deepstack|randombluffer
STATE:287:cr300f:Qs|Ah:-100|100:randombluffer|deepstack
STATE:288:cr1200f:Ks|Qs:-100|100:deepstack|randombluffer
STATE:289:r1200c/:Ks|As/Qh:-1200|1200:randombluffer|deepstack
STATE:290:cr300f:Ks|Kh:-100|100:deepstack|randombluffer
STATE:291:cc/cc:Qh|Qs/Ks:0|0:randombluffer|deepstack
STATE:292:cr300f:Qs|As:-100|100:deepstack|randombluffer
STATE:293:r1200f:Qs|Ks:100|-100:randombluffer|deepstack
STATE:294:cr1200f:Ks|Kh:-100|100:deepstack|randombluffer
STATE:295:cc/r300f:Ah|Qh/As:100|-100:randombluffer|deepstack
STATE:296:cr300f:Qs|Kh:-100|100:deepstack|randombluffer
STATE:297:cc/cc:Qs|Kh/Ah:-100|100:randombluffer|deepstack
STATE:298:cc/cr300f:Kh|Qs/Qh:-100|100:deepstack|randombluffer
STATE:299:cr300r1200c/:Qh|As/Ks:-1200|1200:randombluffer|deepstack
STATE:300:cr1200f:Qs|Qh:-100|100:deepstack|randombluffer
STATE:301:cc/cr1200f:Qs|As/Ah:-100|100:randombluffer|deepstack
STATE:302:cr1200f:Qs|Ah:-100|100:deepstack|randombluffer
STATE:303:cc/cc:Qh|As/Ks:-100|100:randombluffer|deepstack
STATE:304:cr300c/r1200f:Ks|Ah/Qh:300|-300:deepstack|randombluffer
STATE:305:cc/r1200c:Ah|Kh/Ks:-1200|1200:randombluffer|deepstack
STATE:306:cr300c/cc:Ks|Ah/Qh:-300|300:deepstack|randombluffer
STATE:307:cc/cr300f:Ah|Ks/Kh:-100|100:randombluffer|deepstack
STATE:308:r1200f:Ah|Qh:100|-100:deepstack|randombluffer
STATE:309:cr300f:Qh|As:-100|100:randombluffer|deepstack
STATE:310:cr1200f:Kh|As:-100|100:deepstack|randombluffer
STATE:311:cc/r1200f:Ah|Kh/Qh:100|-100:randombluffer|deepstack
STATE:312:cr300c/r1200c:Kh|Ah/Qh:-1200|1200:deepstack|randombluffer
STATE:313:cc/cc:Ks|Qh/Kh:100|-100:randombluffer|deepstack
STATE:314:cr1200f:Qh|Ks:-100|100:deepstack|randombluffer
STATE:315:cc/r1200f:Qs|Ks/Ah:100|-100:randombluffer|deepstack
STATE:316:cr300f:Qh|Ks:-100|100:deepstack|randombluffer
STATE:317:r1200c/:Qh|As/Ks:-1200|1200:randombluffer|deepstack
STATE:318:cr300f:Qs|Qh:-100|100:deepstack|randombluffer
STATE:319:r1200f:As|Qs:100|-100:randombluffer|deepstack
STATE:320:cr1200c/:As|Qs/Qh:-1200|1200:deepstack|randombluffer
STATE:321:r1200f:Ah|Ks:100|-100:randombluffer|deepstack
STATE:322:cc/cc:Ah|Kh/As:100|-100:deepstack|randombluffer
STATE:323:r1200f:Ks|Qs:100|-100:randombluffer|deepstack
STATE:324:cr1200c/:As|Qs/Ks:1200|-1200:deepstack|randombluffer
STATE:325:r1200f:As|Qh:100|-100:randombluffer|deepstack
STATE:326:cr1200f:Qs|As:-100|100:deepstack|randombluffer
STATE:327:cr300f:Kh|As:-100|100:randombluffer|deepstack
STATE:328:cc/cr300f:Ks|Qs/Qh:-100|100:deepstack|randombluffer
STATE:329:cr1200f:Qh|As:-100|100:randombluffer|deepstack
STATE:330:r300c/r1200f:Ks|Kh/As:300|-300:deepstack|randombluffer
STATE:331:cc/r300f:Ah|Ks/As:100|-100:randombluffer|deepstack
STATE:332:cc/cc:Kh|Ah/Ks:100|-100:deepstack|randombluffer
STATE:333:cc/r300f:Qs|Kh/Ah:100|-100:randombluffer|deepstack
STATE:334:cr1200f:Kh|As:-100|100:deepstack|randombluffer
STATE:335:cr300c/r1200f:Ks|Ah/Qh:300|-300:randombluffer|deepstack
STATE:336:cr300c/cr1200f:Ks|Kh/Qs:-300|300:deepstack|randombluffer
STATE:337:cc/r1200f:Qs|Qh/Ks:100|-100:randombluffer|deepstack
STATE:338:cc/cc:Qh|As/Kh:-100|100:deepstack|randombluffer
STATE:339:cc/cc:Qs|Kh/As:-100|100:randombluffer|deepstack
STATE:340:cc/cr1200c:Qs|Kh/Qh:1200|-1200:deepstack|randombluffer
STATE:341:cr300r1200f:Qh|Ks:300|-300:randombluffer|deepstack
STATE:342:cr1200f:Qh|Ah:-100|100:deepstack|randombluffer
STATE:343:cr300c/r1200c:Ks|As/Qs:-1200|1200:randombluffer|deepstack
STATE:344:r300r1200c/:As|Ks/Ah:1200|-1200:deepstack|randombluffer
STATE:345:r1200f:Kh|Qh:100|-100:randombluffer|deepstack
STATE:346:cr300f:Qh|Kh:-100|100:deepstack|randombluffer
STATE:347:cc/r300c:Ks|Kh/Ah:0|0:randombluffer|deepstack
STATE:348:cr300f:Ks|Qs:-100|100:deepstack|randombluffer
STATE:349:r1200f:As|Qs:100|-100:randombluffer|deepstack
STATE:350:cc/cr1200f:Ah|Qs/Ks:-100|100:deepstack|randombluffer
STATE:351:cc/r1200f:Qs|Qh/Ah:100|-100:randombluffer|deepstack
STATE:352:cr300f:Ks|As:-100|100:deepstack|randombluffer
STATE:353:cr300r1200c/:Qh|Ah/As:-1200|1200:randombluffer|deepstack
STATE:354:cr300f:Kh|Ah:-100|100:deepstack|randombluffer
STATE:355:cc/cr300f:Qs|Qh/Ks:-100|100:randombluffer|deepstack
STATE:356:cc/cc:As|Qh/Ks:100|-100:deepstack|randombluffer
STATE:357:r1200f:As|Ks:100|-100:randombluffer|deepstack
STATE:358:cr1200f:Qs|As:-100|100:deepstack|randombluffer
STATE:359:r1200f:Ah|Kh:100|-100:randombluffer|deepstack
STATE:360:cr300r1200c/:Ah|As/Qh:0|0:deepstack|randombluffer
STATE:361:cc/r1200f:Kh|Qh/Ks:100|-100:randombluffer|deepstack
STATE:362:cc/r300f:As|Qh/Ah:100|-100:deepstack|randombluffer
STATE:363:r1200f:As|Ks:100|-100:randombluffer|deepstack
STATE:364:cc/cr1200c:Kh|Qs/Ks:1200|-1200:deepstack|randombluffer
STATE:365:r1200f:Kh|Ks:100|-100:randombluffer|deepstack
STATE:366:cr1200f:Qh|As:-100|100:deepstack|randombluffer
STATE:367:cc/r1200f:Kh|Qs/As:100|-100:randombluffer|deepstack
STATE:368:cr1200c/:As|Qh/Kh:1200|-1200:deepstack|randombluffer
STATE:369:cc/r1200f:Qs|Ks/As:100|-100:randombluffer|deepstack
STATE:370:cr300r1200f:Ah|Ks:300|-300:deepstack|randombluffer
STATE:371:r1200f:As|Ks:100|-100:randombluffer|deepstack
STATE:372:r1200f:Ah|Qs:100|-100:deepstack|randombluffer
STATE:373:cc/cc:Qh|Ks/As:-100|100:randombluffer|deepstack
STATE:374:cr1200f:Kh|Ah:-100|100:deepstack|randombluffer
STATE:375:cc/cc:As|Qs/Ks:100|-100:randombluffer|deepstack
STATE:376:cc/cc:As|Ks/Qs:100|-100:deepstack|randombluffer
STATE:377:r1200f:Kh|Ks:100|-100:randombluffer|deepstack
STATE:378:cc/cc:Kh|Qs/Ks:100|-100:deepstack|randombluffer
STATE:379:r1200f:As|Ks:100|-100:randombluffer|deepstack
STATE:380:cc/cc:Ks|As/Qh:-100|100:deepstack|randombluffer
STATE:381:cr1200f:Qh|As:-100|100:randombluffer|deepstack
STATE:382:cr1200c/:As|Qh/Kh:1200|-1200:deepstack|randombluffer
STATE:383:cc/r1200f:Qs|Ah/Kh:100|-100:randombluffer|deepstack
STATE:384:cr1200f:Ks|Qh:-100|100:deepstack|randombluffer
STATE:385:cc/cc:Qh|Qs/Ah:0|0:randombluffer|deepstack
STATE:386:cr300r1200c/:As|Ah/Ks:0|0:deepstack|randombluffer
STATE:387:cc/cc:Ks|Qh/As:100|-100:randombluffer|deepstack
STATE:388:cr1200f:Qs|As:-100|100:deepstack|randombluffer
STATE:389:r1200f:Ah|Kh:100|-100:randombluffer|deepstack
STATE:390:cr1200f:Ks|As:-100|100:deepstack|randombluffer
STATE:391:cc/r1200f:Qs|Qh/As:100|-100:randombluffer|deepstack
STATE:392:cr300f:Qh|As:-100|100:deepstack|randombluffer
STATE:393:cc/r1200c:As|Qh/Qs:-1200|1200:randombluffer|deepstack
STATE:394:cr300f:Ks|Ah:-100|100:deepstack|randombluffer
STATE:395:cc/cc:Qh|Kh/Ah:-100|100:randombluffer|deepstack
STATE:396:cr1200f:Ks|As:-100|100:deepstack|randombluffer
STATE:397:r1200f:Qs|Kh:100|-100:randombluffer|deepstack
STATE:398:r1200f:Ah|Kh:100|-100:deepstack|randombluffer
STATE:399:r1200c/:Qh|As/Ks:-1200|1200:randombluffer|deepstack
STATE:400:cc/r300f:Ks|Qs/Ah:100|-100:deepstack|randombluffer
STATE:401:cc/r300c:Ks|Kh/Ah:0|0:randombluffer|deepstack
STATE:402:cr1200c/:As|Qh/Ah:1200|-1200:deepstack|randombluffer
STATE:403:cr300r1200f:Kh|Qh:300|-300:randombluffer|deepstack
STATE:404:cc/cc:Ks|Qs/Kh:100|-100:deepstack|randombluffer
STATE:405:cc/cr1200f:Qh|Ah/As:-100|100:randombluffer|deepstack
STATE:406:cr300f:Ks|As:-100|100:deepstack|randombluffer
STATE:407:cr300r1200c/:As|Ah/Kh:0|0:randombluffer|deepstack
STATE:408:cr1200f:Qs|Qh:-100|100:deepstack|randombluffer
STATE:409:r1200f:Qs|Kh:100|-100:randombluffer|deepstack
STATE:410:r300r1200f:Ks|Ah:-300|300:deepstack|randombluffer
STATE:411:cr300f:Qs|Ah:-100|100:randombluffer|deepstack
STATE:412:cr1200f:Qs|Ks:-100|100:deepstack|randombluffer
STATE:413:cr300f:Qs|Ah:-100|100:randombluffer|deepstack
STATE:414:cc/r300f:Kh|Qh/Ah:100|-100:deepstack|randombluffer
STATE:415:r1200f:As|Ks:100|-100:randombluffer|deepstack
STATE:416:cc/cr300f:Qs|Ks/Kh:-100|100:deepstack|randombluffer
STATE:417:cr300c/r1200c:Qs|Ah/As:-1200|1200:randombluffer|deepstack
STATE:418:cr300r1200f:As|Ks:300|-300:deepstack|randombluffer
STATE:419:cc/r1200f:Qh|Ks/As:100|-100:randombluffer|deepstack
STATE:420:r1200f:As|Qs:100|-100:deepstack|randombluffer
STATE:421:cc/cc:Kh|Qh/Ks:100|-100:randombluffer|deepstack
STATE:422:cr300f:Kh|As:-100|100:deepstack|randombluffer
STATE:423:cc/r300f:Ks|Qs/As:100|-100:randombluffer|deepstack
STATE:424:r1200f:Ah|Qs:100|-100:deepstack|randombluffer
STATE:425:cr300c/cc:Ks|As/Qh:-300|300:randombluffer|deepstack
STATE:426:cr300c/cr1200f:Kh|As/Ah:-300|300:deepstack|randombluffer
STATE:427:r1200f:Ah|Qs:100|-100:randombluffer|deepstack
STATE:428:cc/cc:Qh|Qs/Ks:0|0:deepstack|randombluffer
STATE:429:cr300f:Qs|Ah:-100|100:randombluffer|deepstack
STATE:430:cc/cc:As|Qs/Kh:100|-100:deepstack|randombluffer
STATE:431:r1200f:Qh|Ks:100|-100:randombluffer|deepstack
STATE:432:cr1200f:Ks|Ah:-100|100:deepstack|randombluffer
STATE:433:r1200c/:As|Ah/Qh:0|0:randombluffer|deepstack
STATE:434:cr1200f:Qh|As:-100|100:deepstack|randombluffer
STATE:435:r1200f:Qh|Qs:100|-100:randombluffer|deepstack
STATE:436:cc/cr300f:Qs|Ks/Kh:-100|100:deepstack|randombluffer
STATE:437:r1200f:Ah|Qs:100|-100:randombluffer|deepstack
STATE:438:cr1200f:Qh|Kh:-100|100:deepstack|randombluffer
STATE:439:cc/cc:Kh|Ks/Qh:0|0:randombluffer|deepstack
STATE:440:r1200f:Ah|Qh:100|-100:deepstack|randombluffer
STATE:441:cc/cr300f:Kh|Qs/Qh:-100|100:randombluffer|deepstack
STATE:442:cr1200f:Ks|Qh:-100|100:deepstack|randombluffer
STATE:443:r1200c/:Ah|As/Ks:0|0:randombluffer|deepstack
STATE:444:cr300r1200c/:As|Ah/Ks:0|0:deepstack|randombluffer
STATE:445:cr300f:Qh|As:-100|100:randombluffer|deepstack
STATE:446:cr1200c/:Ah|Qs/Ks:1200|-1200:deepstack|randombluffer
STATE:447:cr300r1200f:Kh|Qs:300|-300:randombluffer|deepstack
STATE:448:cc/cr1200c:Qh|Kh/Qs:1200|-1200:deepstack|randombluffer
STATE:449:cc/cc:Ks|Qs/Kh:100|-100:randombluffer|deepstack
STATE:450:cr1200f:Ks|Qs:-100|100:deepstack|randombluffer
STATE:451:r1200f:Qh|Ks:100|-100:randombluffer|deepstack
STATE:452:cr300c/cc:Ks|Ah/Qh:-300|300:deepstack|randombluffer
STATE:453:r1200f:Ah|Qh:100|-100:randombluffer|deepstack
STATE:454:r1200f:Ah|Kh:100|-100:deepstack|randombluffer
STATE:455:cr300f:Qs|Ah:-100|100:randombluffer|deepstack
STATE:456:cc/cr300f:Ks|Qs/Qh:-100|100:deepstack|randombluffer
STATE:457:r1200f:Ah|Kh:100|-100:randombluffer|deepstack
STATE:458:r1200c/:Ah|As/Qh:0|0:deepstack|randombluffer
STATE:459:r1200f:Kh|Qs:100|-100:randombluffer|deepstack
STATE:460:cr1200c/:As|Ks/Qs:1200|-1200:deepstack|randombluffer
STATE:461:r1200f:Ah|Ks:100|-100:randombluffer|deepstack
STATE:462:r1200f:Ah|Ks:100|-100:deepstack|randombluffer
STATE:463:r1200f:As|Kh:100|-100:randombluffer|deepstack
STATE:464:cc/cr1200f:Ks|Qh/Qs:-100|100:deepstack|randombluffer
STATE:465:cr300f:Kh|Ah:-100|100:randombluffer|deepstack
STATE:466:r1200f:Ah|Ks:100|-100:deepstack|randombluffer
STATE:467:cc/cc:Kh|Qs/Ks:100|-100:randombluffer|deepstack
STATE:468:cc/r300f:Ks|Qs/As:100|-100:deepstack|randombluffer
STATE:469:cc/cc:Qh|Ks/Ah:-100|100:randombluffer|deepstack
STATE:470:cr1200f:Qh|Kh:-100|100:deepstack|randombluffer
STATE:471:r300c/cc:Ah|Qh/Kh:300|-300:randombluffer|deepstack
STATE:472:cr1200f:Qh|Qs:-100|100:deepstack|randombluffer
STATE:473:r300r1200f:Qs|As:-300|300:randombluffer|deepstack
STATE:474:r300c/cc:As|Qh/Ah:300|-300:deepstack|randombluffer
STATE:475:cr300r1200c/:Ks|As/Qs:-1200|1200:randombluffer|deepstack
STATE:476:cr1200f:Ks|Kh:-100|100:deepstack|randombluffer
STATE:477:cr300f:Kh|As:-100|100:randombluffer|deepstack
STATE:478:cr300f:Qh|Ah:-100|100:deepstack|randombluffer
STATE:479:cc/r1200f:As|Ks/Qh:100|-100:randombluffer|deepstack
STATE:480:cr1200f:Qh|Qs:-100|100:deepstack|randombluffer
STATE:481:r1200c/:Ah|As/Qh:0|0:randombluffer|deepstack
STATE:482:cr300c/cr1200f:Kh|Ks/As:-300|300:deepstack|randombluffer
STATE:483:cc/cc:Qh|Qs/Kh:0|0:randombluffer|deepstack
STATE:484:cr1200f:Ks|Qh:-100|100:deepstack|randombluffer
STATE:485:r1200c/:Qh|As/Kh:-1200|1200:randombluffer|deepstack
STATE:486:cr1200f:Qs|Ah:-100|100:deepstack|randombluffer
STATE:487:r1200c/:As|Ah/Qh:0|0:randombluffer|deepstack
STATE:488:cc/cc:Ks|Qh/Kh:100|-100:deepstack|randombluffer
STATE:489:r1200f:Ah|Kh:100|-100:randombluffer|deepstack
STATE:490:cr1200f:Ks|Qs:-100|100:deepstack|randombluffer
STATE:491:r1200f:Ah|Qh:100|-100:randombluffer|deepstack
STATE:492:cc/cc:Kh|Qs/Ah:100|-100:deepstack|randombluffer
STATE:493:cc/cr300r1200f:Kh|Qh/Ks:300|-300:randombluffer|deepstack
STATE:494:cc/cr1200c:Ks|Kh/As:0|0:deepstack|randombluffer
STATE:495:cc/r300c:Kh|Ks/As:0|0:randombluffer|deepstack
STATE:496:cr1200f:Qh|As:-100|100:deepstack|randombluffer
STATE:497:cc/r1200f:As|Kh/Qs:100|-100:randombluffer|deepstack
STATE:498:cc/cr1200f:Ah|Qh/Qs:-100|100:deepstack|randombluffer
STATE:499:cc/r1200f:Ah|Kh/Qs:100|-100:randombluffer|deepstack
STATE:500:r1200f:As|Qh:100|-100:deepstack|randombluffer
STATE:501:r1200f:Ks|Kh:100|-100:randombluffer|deepstack
STATE:502:r1200c/:Ah|As/Qs:0|0:deepstack|randombluffer
STATE:503:r1200c/:Kh|Ah/Ks:1200|-1200:randombluffer|deepstack
STATE:504:cc/cc:As|Qh/Ks:100|-100:deepstack|randombluffer
STATE:505:cc/cc:Ks|Kh/Qs:0|0:randombluffer|deepstack
STATE:506:cr300c/r1200f:Kh|As/Ks:300|-300:deepstack|randombluffer
STATE:507:cr300r1200c/:Qh|As/Ah:-1200|1200:randombluffer|deepstack
STATE:508:cr300f:Qs|Qh:-100|100:deepstack|randombluffer
STATE:509:cc/cr300r900f:Qs|Ks/Qh:300|-300:randombluffer|deepstack
STATE:510:cr1200c/:As|Kh/Ah:1200|-1200:deepstack|randombluffer
STATE:511:cc/r1200c:Qs|Ks/Kh:-1200|1200:randombluffer|deepstack
STATE:512:cc/cr1200c:Kh|Ks/Ah:0|0:deepstack|randombluffer
STATE:513:r1200c/:Ks|Ah/Qs:-1200|1200:randombluffer|deepstack
STATE:514:cr1200f:Qs|As:-100|100:deepstack|randombluffer
STATE:515:r1200f:Ah|Kh:100|-100:randombluffer|deepstack
STATE:516:cc/cc:Kh|Ks/Qh:0|0:deepstack|randombluffer
STATE:517:cc/cc:Qs|Ks/Qh:100|-100:randombluffer|deepstack
STATE:518:cr300f:Qh|Kh:-100|100:deepstack|randombluffer
STATE:519:cc/r300f:As|Qs/Ah:100|-100:randombluffer|deepstack
STATE:520:cr1200f:Kh|As:-100|100:deepstack|randombluffer
STATE:521:r1200f:As|Kh:100|-100:randombluffer|deepstack
STATE:522:cr1200f:Qh|Ks:-100|100:deepstack|randombluffer
STATE:523:r1200c/:Qs|As/Kh:-1200|1200:randombluffer|deepstack
STATE:524:cr300f:Ks|Qs:-100|100:deepstack|randombluffer
STATE:525:cc/r1200f:As|Qs/Kh:100|-100:randombluffer|deepstack
STATE:526:cr300f:Qh|As:-100|100:deepstack|randombluffer
STATE:527:cc/r300f:Kh|Qs/Ah:100|-100:randombluffer|deepstack
STATE:528:cc/cr300f:Kh|Qh/Qs:-100|100:deepstack|randombluffer
STATE:529:cc/r1200c:Qs|Kh/Ks:-1200|1200:randombluffer|deepstack
STATE:530:cc/cc:Qs|Kh/As:-100|100:deepstack|randombluffer
STATE:531:r1200c/:Kh|Ah/Ks:1200|-1200:randombluffer|deepstack
STATE:532:cr300f:Qh|As:-100|100:deepstack|randombluffer
STATE:533:cc/r1200f:Ks|Qh/Ah:100|-100:randombluffer|deepstack
STATE:534:cr300f:Ks|As:-100|100:deepstack|randombluffer
STATE:535:r1200f:As|Kh:100|-100:randombluffer|deepstack
STATE:536:cc/cc:Qh|Ks/Qs:100|-100:deepstack|randombluffer
STATE:537:cc/cr300f:Qh|Ks/Kh:-100|100:randombluffer|deepstack
STATE:538:cr1200f:Qh|As:-100|100:deepstack|randombluffer
STATE:539:r1200f:Qs|Ks:100|-100:randombluffer|deepstack
STATE:540:cr1200f:Kh|Qs:-100|100:deepstack|randombluffer
STATE:541:cr300f:Qs|Ah:-100|100:randombluffer|deepstack
STATE:542:cr300r1200f:Ah|Kh:300|-300:deepstack|randombluffer
STATE:543:r1200f:Qh|Ks:100|-100:randombluffer|deepstack
STATE:544:cr300f:Qs|As:-100|100:deepstack|randombluffer
STATE:545:r1200c/:Qs|Ah/Kh:-1200|1200:randombluffer|deepstack
STATE:546:r1200c/:Ah|As/Qs:0|0:deepstack|randombluffer
STATE:547:r1200f:Ah|Kh:100|-100:randombluffer|deepstack
STATE:548:cr1200f:Kh|Qh:-100|100:deepstack|randombluffer
STATE:549:cr300r1200c/:As|Ah/Kh:0|0:randombluffer|deepstack
STATE:550:cr1200c/:As|Qs/Ah:1200|-1200:deepstack|randombluffer
STATE:551:cc/cc:Qh|Kh/As:-100|100:randombluffer|deepstack
STATE:552:cr300r1200c/:As|Ah/Kh:0|0:deepstack|randombluffer
STATE:553:r1200c/:Ah|As/Kh:0|0:randombluffer|deepstack
STATE:554:cr300c/cr900c:Ks|Ah/As:-900|900:deepstack|randombluffer
STATE:555:r1200f:Kh|Qs:100|-100:randombluffer|deepstack
STATE:556:cr1200f:Ks|Ah:-100|100:deepstack|randombluffer
STATE:557:cr300r1200f:As|Qh:300|-300:randombluffer|deepstack
STATE:558:cr1200f:Kh|Ks:-100|100:deepstack|randombluffer
STATE:559:r300f:Qh|Qs:100|-100:randombluffer|deepstack
STATE:560:cc/cr1200c:Qh|As/Qs:1200|-1200:deepstack|randombluffer
STATE:561:cc/r1200f:Kh|Qh/Ks:100|-100:randombluffer|deepstack
STATE:562:r1200f:As|Qh:100|-100:deepstack|randombluffer
STATE:563:r1200c/:Qs|Ah/Kh:-1200|1200:randombluffer|deepstack
STATE:564:cr300f:Qs|Kh:-100|100:deepstack|randombluffer
STATE:565:r1200f:Qs|Qh:100|-100:randombluffer|deepstack
STATE:566:cr1200f:Ks|Qs:-100|100:deepstack|randombluffer
STATE:567:r1200f:Kh|Qs:100|-100:randombluffer|deepstack
STATE:568:r1200f:Ah|Qh:100|-100:deepstack|randombluffer
STATE:569:r1200f:Ah|Kh:100|-100:randombluffer|deepstack
STATE:570:cc/r300r1200f:Ks|Qs/Ah:-300|300:deepstack|randombluffer
STATE:571:r1200f:Ks|Kh:100|-100:randombluffer|deepstack
STATE:572:cr300f:Qs|Ah:-100|100:deepstack|randombluffer
STATE:573:r1200f:Qh|Ks:100|-100:randombluffer|deepstack
STATE:574:cr1200f:Kh|As:-100|100:deepstack|randombluffer
STATE:575:cc/cr300r1200f:Qh|Kh/Qs:300|-300:randombluffer|deepstack
STATE:576:cr300f:Kh|As:-100|100:deepstack|randombluffer
STATE:577:r1200c/:Ah|As/Qs:0|0:randombluffer|deepstack
STATE:578:r300c/cc:Ks|Qh/Ah:300|-300:deepstack|randombluffer
STATE:579:cc/cc:Ah|Ks/Qh:100|-100:randombluffer|deepstack
STATE:580:r300c/cc:As|Ks/Qs:300|-300:deepstack|randombluffer
STATE:581:r1200c/:Ah|As/Qh:0|0:randombluffer|deepstack
STATE:582:r1200f:Ah|Qh:100|-100:deepstack|randombluffer
STATE:583:cr300f:Qh|Ah:-100|100:randombluffer|deepstack
STATE:584:cr300f:Kh|Qh:-100|100:deepstack|randombluffer
STATE:585:cr300f:Ks|Ah:-100|100:randombluffer|deepstack
STATE:586:r1200f:As|Qh:100|-100:deepstack|randombluffer
STATE:587:cr300r1200c/:Qs|Ah/Qh:1200|-1200:randombluffer|deepstack
STATE:588:cr300r1200c/:Ah|As/Kh:0|0:deepstack|randombluffer
STATE:589:r1200c/:Qs|As/Kh:-1200|1200:randombluffer|deepstack
STATE:590:r1200f:Ah|Qs:100|-100:deepstack|randombluffer
STATE:591:cc/cr300r1200c:Ah|Qs/Qh:-1200|1200:randombluffer|deepstack
STATE:592:cc/cr1200f:Qs|Ks/Ah:-100|100:deepstack|randombluffer
STATE:593:r1200f:Kh|Ks:100|-100:randombluffer|deepstack
STATE:594:r1200f:As|Ks:100|-100:deepstack|randombluffer
STATE:595:cr300f:Ks|Ah:-100|100:randombluffer|deepstack
STATE:596:cc/cc:Qs|Qh/Ks:0|0:deepstack|randombluffer
STATE:597:r1200c/:Qs|As/Kh:-1200|1200:randombluffer|deepstack
STATE:598:cc/cr1200f:Kh|Ah/As:-100|100:deepstack|randombluffer
STATE:599:cc/cc:Qs|Kh/As:-100|100:randombluffer|deepstack
STATE:600:cr300f:Ks|As:-100|100:deepstack|randombluffer
STATE:601:r1200f:As|Kh:100|-100:randombluffer|deepstack
STATE:602:r1200c/:Ah|As/Ks:0|0:deepstack|randombluffer
STATE:603:cr300r1200c/:As|Ah/Kh:0|0:randombluffer|deepstack
STATE:604:cr300c/cr1200f:Qs|As/Kh:-300|300:deepstack|randombluffer
STATE:605:cc/r1200f:Qh|Ks/Ah:100|-100:randombluffer|deepstack
STATE:606:cr1200f:Qh|Qs:-100|100:deepstack|randombluffer
STATE:607:cc/cc:Ks|As/Kh:100|-100:randombluffer|deepstack
STATE:608:cr1200c/:Ah|Qs/As:1200|-1200:deepstack|randombluffer
STATE:609:r1200f:Qs|Ks:100|-100:randombluffer|deepstack
STATE:610:cr300f:Kh|As:-100|100:deepstack|randombluffer
STATE:611:cc/cc:Qh|Kh/Qs:100|-100:randombluffer|deepstack
STATE:612:cr1200f:Kh|Qs:-100|100:deepstack|randombluffer
STATE:613:r1200f:Ah|Ks:100|-100:randombluffer|deepstack
STATE:614:cr300c/r1200f:Ks|Ah/Kh:300|-300:deepstack|randombluffer
STATE:615:r1200f:Ah|Qh:100|-100:randombluffer|deepstack
STATE:616:cr1200f:Qh|Kh:-100|100:deepstack|randombluffer
STATE:617:cc/r1200f:Ah|As/Qs:100|-100:randombluffer|deepstack
STATE:618:cc/cc:Ks|Kh/As:0|0:deepstack|randombluffer
STATE:619:cc/cc:Kh|Ah/Ks:100|-100:randombluffer|deepstack
STATE:620:cc/cr1200c:Kh|Qs/Ks:1200|-1200:deepstack|randombluffer
STATE:621:cc/cr1200f:Qh|Kh/As:-100|100:randombluffer|deepstack
STATE:622:cr1200f:Ks|Ah:-100|100:deepstack|randombluffer
STATE:623:cr300f:Qh|Qs:-100|100:randombluffer|deepstack
STATE:624:r1200f:As|Qs:100|-100:deepstack|randombluffer
STATE:625:r1200c/:Qh|Ah/Qs:1200|-1200:randombluffer|deepstack
STATE:626:cr300f:Qh|As:-100|100:deepstack|randombluffer
STATE:627:r1200c/:Ks|As/Qh:-1200|1200:randombluffer|deepstack
STATE:628:cc/cr1200f:Ks|Kh/Qs:-100|100:deepstack|randombluffer
STATE:629:cc/cc:Kh|Qs/Ks:100|-100:randombluffer|deepstack
STATE:630:cr300c/cc:Qs|Ah/Kh:-300|300:deepstack|randombluffer
STATE:631:r300c/cc:Qs|Ah/Kh:-300|300:randombluffer|deepstack
STATE:632:cc/cr300r1200f:Qs|Ks/Qh:300|-300:deepstack|randombluffer
STATE:633:cc/cr300r1200f:Ah|Ks/Qs:300|-300:randombluffer|deepstack
STATE:634:cc/cr1200c:Qs|Kh/Qh:1200|-1200:deepstack|randombluffer
STATE:635:cc/cr300r1200c:Ks|Qs/Qh:-1200|1200:randombluffer|deepstack
STATE:636:cr1200f:Qs|As:-100|100:deepstack|randombluffer
STATE:637:cc/r1200f:Qh|Qs/As:100|-100:randombluffer|deepstack
STATE:638:cc/cr1200c:Qh|Kh/Qs:1200|-1200:deepstack|randombluffer
STATE:639:cc/r1200f:Qs|Ks/Ah:100|-100:randombluffer|deepstack
STATE:640:r1200f:Ah|Ks:100|-100:deepstack|randombluffer
STATE:641:cc/r1200f:Qs|Kh/As:100|-100:randombluffer|deepstack
STATE:642:r1200f:As|Qh:100|-100:deepstack|randombluffer
STATE:643:r1200f:As|Kh:100|-100:randombluffer|deepstack
STATE:644:cr300r1200f:As|Kh:300|-300:deepstack|randombluffer
STATE:645:r1200c/:Ks|Ah/Kh:1200|-1200:randombluffer|deepstack
STATE:646:cr1200f:Qs|As:-100|100:deepstack|randombluffer
STATE:647:cc/cc:Qs|As/Kh:-100|100:randombluffer|deepstack
STATE:648:cc/cc:Qs|Ks/As:-100|100:deepstack|randombluffer
STATE:649:cc/r300f:As|Ks/Ah:100|-100:randombluffer|deepstack
STATE:650:cr300r1200f:Ah|Ks:300|-300:deepstack|randombluffer
STATE:651:r1200f:As|Qs:100|-100:randombluffer|deepstack
STATE:652:cr300r1200f:As|Ks:300|-300:deepstack|randombluffer
STATE:653:cc/r1200f:Qs|Kh/As:100|-100:randombluffer|deepstack
STATE:654:cr300f:Qs|Kh:-100|100:deepstack|randombluffer
STATE:655:cr300r1200f:Kh|Qh:300|-300:randombluffer|deepstack
STATE:656:cr1200f:Qs|Kh:-100|100:deepstack|randombluffer
STATE:657:cc/cc:Qh|Ks/As:-100|100:randombluffer|deepstack
STATE:658:r1200f:As|Qh:100|-100:deepstack|randombluffer
STATE:659:cc/cc:Qs|Ah/Ks:-100|100:randombluffer|deepstack
STATE:660:cc/cc:Qs|Qh/As:0|0:deepstack|randombluffer
STATE:661:r1200c/:Ks|Ah/As:-1200|1200:randombluffer|deepstack
STATE:662:cr1200f:Kh|Ah:-100|100:deepstack|randombluffer
STATE:663:r1200f:Ah|Qs:100|-100:randombluffer|deepstack
STATE:664:cr1200c/:As|Qh/Qs:-1200|1200:deepstack|randombluffer
STATE:665:r1200c/:Ks|Ah/Kh:1200|-1200:randombluffer|deepstack
STATE:666:cr1200f:Qs|Qh:-100|100:deepstack|randombluffer
STATE:667:r1200c/:Ks|As/Qs:-1200|1200:randombluffer|deepstack
STATE:668:cc/r1200f:Qs|Ks/Ah:100|-100:deepstack|randombluffer
STATE:669:cc/r1200c:Qh|Ah/As:-1200|1200:randombluffer|deepstack
STATE:670:cr1200f:Qh|Qs:-100|100:deepstack|randombluffer
STATE:671:cr300c/r1200c:Kh|Ah/As:-1200|1200:randombluffer|deepstack
STATE:672:r1200f:Ah|Qh:100|-100:deepstack|randombluffer
STATE:673:cr300c/r1200f:Qh|Kh/Qs:300|-300:randombluffer|deepstack
STATE:674:cc/cc:Qh|Ks/Qs:100|-100:deepstack|randombluffer
STATE:675:cc/cc:As|Qs/Ks:100|-100:randombluffer|deepstack
STATE:676:cr300f:Ks|Ah:-100|100:deepstack|randombluffer
STATE:677:r1200c/:Qs|As/Qh:1200|-1200:randombluffer|deepstack
STATE:678:r1200f:Ah|Qs:100|-100:deepstack|randombluffer
STATE:679:cc/cc:Ah|Qh/Kh:100|-100:randombluffer|deepstack
STATE:680:cr300f:Qs|As:-100|100:deepstack|randombluffer
STATE:681:r1200f:Ks|Qs:100|-100:randombluffer|deepstack
STATE:682:cc/cc:Kh|Qh/As:100|-100:deepstack|randombluffer
STATE:683:cc/r1200f:Kh|Qs/Ks:100|-100:randombluffer|deepstack
STATE:684:cc/cr1200f:Qs|Kh/As:-100|100:deepstack|randombluffer
STATE:685:cc/cr300f:Qs|Qh/Ks:-100|100:randombluffer|deepstack
STATE:686:r300r1200f:Kh|Qs:-300|300:deepstack|randombluffer
STATE:687:cc/cr300r1200c:Kh|Qs/Qh:-1200|1200:randombluffer|deepstack
STATE:688:cr1200f:Kh|As:-100|100:deepstack|randombluffer
STATE:689:r1200c/:Qs|As/Ah:-1200|1200:randombluffer|deepstack
STATE:690:r1200f:Ah|Qh:100|-100:deepstack|randombluffer
STATE:691:cc/cr300f:Kh|Qs/Qh:-100|100:randombluffer|deepstack
STATE:692:cr1200c/:As|Ks/Ah:1200|-1200:deepstack|randombluffer
STATE:693:r1200f:Ah|Qh:100|-100:randombluffer|deepstack
STATE:694:cc/r300c:Ks|Kh/Ah:0|0:deepstack|randombluffer
STATE:695:cr300r1200f:Ah|Qs:300|-300:randombluffer|deepstack
STATE:696:cc/cc:Qs|Qh/Kh:0|0:deepstack|randombluffer
STATE:697:cr300c/cc:Ks|Ah/Qh:-300|300:randombluffer|deepstack
STATE:698:cr1200f:Kh|As:-100|100:deepstack|randombluffer
STATE:699:cr300c/cr1200f:Qs|Ks/Kh:-300|300:randombluffer|deepstack
STATE:700:cr300c/cr1200f:Kh|As/Qs:-300|300:deepstack|randombluffer
STATE:701:cr300r1200c/:As|Ah/Qh:0|0:randombluffer|deepstack
STATE:702:cr1200f:Kh|Qh:-100|100:deepstack|randombluffer
STATE:703:cr300r1200f:Qh|Ks:300|-300:randombluffer|deepstack
STATE:704:cr300f:Qh|As:-100|100:deepstack|randombluffer
STATE:705:r1200f:Ah|Qs:100|-100:randombluffer|deepstack
STATE:706:cc/cc:Ks|Qs/As:100|-100:deepstack|randombluffer
STATE:707:r1200f:Ks|Qs:100|-100:randombluffer|deepstack
STATE:708:r1200f:As|Qs:100|-100:deepstack|randombluffer
STATE:709:r1200f:Qh|Ks:100|-100:randombluffer|deepstack
STATE:710:r300c/r1200f:As|Kh/Ah:300|-300:deepstack|randombluffer
STATE:711:r300c/r1200f:As|Qh/Ah:300|-300:randombluffer|deepstack
STATE:712:cc/cr1200f:Ah|Ks/Qh:-100|100:deepstack|randombluffer
STATE:713:r1200f:As|Ks:100|-100:randombluffer|deepstack
STATE:714:cr1200f:Kh|Ks:-100|100:deepstack|randombluffer
STATE:715:cr300f:Qs|Ah:-100|100:randombluffer|deepstack
STATE:716:cr300c/cr1200f:Qs|As/Ah:-300|300:deepstack|randombluffer
STATE:717:r1200c/:Ks|As/Qh:-1200|1200:randombluffer|deepstack
STATE:718:cr1200c/:Ah|Qh/As:1200|-1200:deepstack|randombluffer
STATE:719:cc/cc:Ks|Ah/Qh:-100|100:randombluffer|deepstack
STATE:720:cc/cr1200f:Qh|Ks/Kh:-100|100:deepstack|randombluffer
STATE:721:r1200f:Ks|Kh:100|-100:randombluffer|deepstack
STATE:722:r1200f:As|Kh:100|-100:deepstack|randombluffer
STATE:723:r1200c/:Kh|Ah/Qs:-1200|1200:randombluffer|deepstack
STATE:724:r1200f:As|Ks:100|-100:deepstack|randombluffer
STATE:725:r1200c/:As|Ah/Qs:0|0:randombluffer|deepstack
STATE:726:r1200c/:Ah|As/Kh:0|0:deepstack|randombluffer
STATE:727:cr300f:Kh|Qh:-100|100:randombluffer|deepstack
STATE:728:cr1200f:Kh|Qh:-100|100:deepstack|randombluffer
STATE:729:cr300r1200f:Ah|Qh:300|-300:randombluffer|deepstack
STATE:730:cr300f:Qs|Qh:-100|100:deepstack|randombluffer
STATE:731:r1200f:Qh|Qs:100|-100:randombluffer|deepstack
STATE:732:cr1200f:Qh|As:-100|100:deepstack|randombluffer
STATE:733:cr300r1200c/:Kh|Ah/Qs:-1200|1200:randombluffer|deepstack
STATE:734:cc/cr1200c:Ks|Kh/Ah:0|0:deepstack|randombluffer
STATE:735:cc/r1200f:Qh|Qs/Ks:100|-100:randombluffer|deepstack
STATE:736:cr1200f:Qh|As:-100|100:deepstack|randombluffer
STATE:737:r1200c/:Kh|As/Ks:1200|-1200:randombluffer|deepstack
STATE:738:r300r1200f:Kh|Qs:-300|300:deepstack|randombluffer
STATE:739:cc/r300f:Ah|Qh/As:100|-100:randombluffer|deepstack
STATE:740:cr1200f:Kh|Ks:-100|100:deepstack|randombluffer
STATE:741:cc/cc:Qs|Qh/Ah:0|0:randombluffer|deepstack
STATE:742:cc/r300c:As|Ks/Ah:300|-300:deepstack|randombluffer
STATE:743:r1200f:As|Ks:100|-100:randombluffer|deepstack
STATE:744:cc/cc:As|Ks/Qh:100|-100:deepstack|randombluffer
STATE:745:cc/r1200f:Qs|Kh/As:100|-100:randombluffer|deepstack
STATE:746:cc/cc:Qs|Qh/Ah:0|0:deepstack|randombluffer
STATE:747:cc/r1200f:Kh|Qs/Ks:100|-100:randombluffer|deepstack
STATE:748:r1200f:As|Ks:100|-100:deepstack|randombluffer
STATE:749:cc/cc:Qh|Qs/Ah:0|0:randombluffer|deepstack
STATE:750:cr300c/r1200f:Qs|Qh/Ks:300|-300:deepstack|randombluffer
STATE:751:r1200f:Qh|Kh:100|-100:randombluffer|deepstack
STATE:752:cr300r1200c/:Ah|As/Qs:0|0:deepstack|randombluffer
STATE:753:cr300f:Ks|Qh:-100|100:randombluffer|deepstack
STATE:754:cc/cc:Qh|Qs/Ks:0|0:deepstack|randombluffer
STATE:755:cc/cc:Qs|Qh/As:0|0:randombluffer|deepstack
STATE:756:cr1200c/:Ah|Kh/Ks:-1200|1200:deepstack|randombluffer
STATE:757:cc/cc:Kh|Ks/Ah:0|0:randombluffer|deepstack
STATE:758:cc/r300r1200f:Kh|Qs/Ah:-300|300:deepstack|randombluffer
STATE:759:cc/r1200f:Ks|Qs/Ah:100|-100:randombluffer|deepstack
STATE:760:cc/cr300f:As|Qs/Qh:-100|100:deepstack|randombluffer
STATE:761:cr300r1200c/:Ah|As/Qh:0|0:randombluffer|deepstack
STATE:762:cr300c/cc:Qh|As/Ks:-300|300:deepstack|randombluffer
STATE:763:cc/cr300f:Qh|Kh/Ks:-100|100:randombluffer|deepstack
STATE:764:cr300f:Qs|As:-100|100:deepstack|randombluffer
STATE:765:r1200f:As|Ks:100|-100:randombluffer|deepstack
STATE:766:cr1200f:Ks|As:-100|100:deepstack|randombluffer
STATE:767:r1200f:Ks|Qs:100|-100:randombluffer|deepstack
STATE:768:r1200f:As|Qh:100|-100:deepstack|randombluffer
STATE:769:cc/cr300c:As|Kh/Ks:-300|300:randombluffer|deepstack
STATE:770:cc/cr1200f:Qh|Ah/As:-100|100:deepstack|randombluffer
STATE:771:r1200f:Ah|Qs:100|-100:randombluffer|deepstack
STATE:772:cr300c/r1200f:Ks|As/Qh:300|-300:deepstack|randombluffer
STATE:773:cr300r1200f:As|Qs:300|-300:randombluffer|deepstack
STATE:774:cr300f:Kh|As:-100|100:deepstack|randombluffer
STATE:775:r1200f:Ah|Ks:100|-100:randombluffer|deepstack
STATE:776:cr300r1200f:Ah|Kh:300|-300:deepstack|randombluffer
STATE:777:r1200c/:Kh|Ah/As:-1200|1200:randombluffer|deepstack
STATE:778:cr300f:Ks|Ah:-100|100:deepstack|randombluffer
STATE:779:r1200f:Kh|Ks:100|-100:randombluffer|deepstack
STATE:780:r1200f:Ah|Ks:100|-100:deepstack|randombluffer
STATE:781:cr300r1200c/:Ks|As/Qh:-1200|1200:randombluffer|deepstack
STATE:782:cr1200c/:Ah|As/Ks:0|0:deepstack|randombluffer
STATE:783:cc/cc:Qh|Qs/Ks:0|0:randombluffer|deepstack
STATE:784:cr300c/cc:Kh|As/Qh:-300|300:deepstack|randombluffer
STATE:785:r1200f:As|Qh:100|-100:randombluffer|deepstack
STATE:786:cr300c/r1200f:Qs|Ah/Qh:300|-300:deepstack|randombluffer
STATE:787:cr300f:Qh|Ah:-100|100:randombluffer|deepstack
STATE:788:cc/cc:As|Ks/Qh:100|-100:deepstack|randombluffer
STATE:789:r1200c/:Kh|As/Qs:-1200|1200:randombluffer|deepstack
STATE:790:cc/cc:As|Ah/Kh:0|0:deepstack|randombluffer
STATE:791:r1200f:Kh|Qh:100|-100:randombluffer|deepstack
STATE:792:cr1200c/:As|Qh/Qs:-1200|1200:deepstack|randombluffer
STATE:793:cr300c/r1200f:Kh|As/Qh:300|-300:randombluffer|deepstack
STATE:794:cc/cc:Kh|Ks/Qh:0|0:deepstack|randombluffer
STATE:795:cc/r1200c:As|Qs/Qh:-1200|1200:randombluffer|deepstack
STATE:796:cr300f:Kh|Qh:-100|100:deepstack|randombluffer
STATE:797:cc/cr300r900f:Qh|Ks/Qs:300|-300:randombluffer|deepstack
STATE:798:cr1200f:Qs|As:-100|100:deepstack|randombluffer
STATE:799:cc/cc:Qs|Kh/Qh:100|-100:randombluffer|deepstack
STATE:800:cr300r1200c/:As|Ah/Qs:0|0:deepstack|randombluffer
STATE:801:r1200f:Kh|Qh:100|-100:randombluffer|deepstack
STATE:802:cc/cc:Qs|Ah/Ks:-100|100:deepstack|randombluffer
STATE:803:r1200f:Ks|Kh:100|-100:randombluffer|deepstack
STATE:804:cr1200c/:Ah|As/Qh:0|0:deepstack|randombluffer
STATE:805:cr300c/cr1200f:Qh|Qs/Ah:-300|300:randombluffer|deepstack
STATE:806:cr1200f:Kh|As:-100|100:deepstack|randombluffer
STATE:807:cr300r1200f:As|Qh:300|-300:randombluffer|deepstack
STATE:808:cr1200c/:As|Ah/Qh:0|0:deepstack|randombluffer
STATE:809:cc/cc:Ks|Qs/Kh:100|-100:randombluffer|deepstack
STATE:810:cr1200f:Ks|Qs:-100|100:deepstack|randombluffer
STATE:811:cr1200f:Qs|As:-100|100:randombluffer|deepstack
STATE:812:cr1200f:Qh|As:-100|100:deepstack|randombluffer
STATE:813:cc/r300f:As|Qh/Ah:100|-100:randombluffer|deepstack
STATE:814:cr1200f:Qh|Ks:-100|100:deepstack|randombluffer
STATE:815:cc/r1200f:Ah|Kh/Qh:100|-100:randombluffer|deepstack
STATE:816:cc/cr1200f:Ah|Qh/Ks:-100|100:deepstack|randombluffer
STATE:817:r1200c/:Ah|As/Ks:0|0:randombluffer|deepstack
STATE:818:cc/r300c:As|Kh/Ah:300|-300:deepstack|randombluffer
STATE:819:r1200f:Ah|Qs:100|-100:randombluffer|deepstack
STATE:820:cr1200c/:Ah|As/Ks:0|0:deepstack|randombluffer
STATE:821:r1200f:Qh|Kh:100|-100:randombluffer|deepstack
STATE:822:r1200f:Ah|Kh:100|-100:deepstack|randombluffer
STATE:823:r1200c/:Kh|As/Qh:-1200|1200:randombluffer|deepstack
STATE:824:cr300f:Qs|Ks:-100|100:deepstack|randombluffer
STATE:825:cc/r1200f:Qh|Qs/Ah:100|-100:randombluffer|deepstack
STATE:826:r300c/cr900f:As|Qs/Kh:-300|300:deepstack|randombluffer
STATE:827:cr300r1200c/:Qh|As/Ah:-1200|1200:randombluffer|deepstack
STATE:828:r300c/cc:Kh|Ks/Qh:0|0:deepstack|randombluffer
STATE:829:r1200c/:Ah|As/Kh:0|0:randombluffer|deepstack
STATE:830:r1200f:Ah|Kh:100|-100:deepstack|randombluffer
STATE:831:r1200f:Ks|Qh:100|-100:randombluffer|deepstack
STATE:832:r300c/r900f:Ah|Ks/As:300|-300:deepstack|randombluffer
STATE:833:cr300c/cc:Qs|Ah/Kh:-300|300:randombluffer|deepstack
STATE:834:cr1200f:Qs|Qh:-100|100:deepstack|randombluffer
STATE:835:cr300f:Ks|Ah:-100|100:randombluffer|deepstack
STATE:836:cr1200f:Ks|As:-100|100:deepstack|randombluffer
STATE:837:r1200f:Ks|Qs:100|-100:randombluffer|deepstack
STATE:838:cr300f:Ks|Qh:-100|100:deepstack|randombluffer
STATE:839:r1200f:As|Qs:100|-100:randombluffer|deepstack
STATE:840:cr1200c/:As|Ah/Qs:0|0:deepstack|randombluffer
STATE:841:r1200f:As|Qh:100|-100:randombluffer|deepstack
STATE:842:cr1200c/:Ah|Qs/Kh:1200|-1200:deepstack|randombluffer
STATE:843:cr300r1200c/:Kh|As/Qh:-1200|1200:randombluffer|deepstack
STATE:844:cr1200f:Qh|Ks:-100|100:deepstack|randombluffer
STATE:845:r1200c/:Qs|As/Qh:1200|-1200:randombluffer|deepstack
STATE:846:cc/cc:Kh|Ks/Qh:0|0:deepstack|randombluffer
STATE:847:r1200f:As|Kh:100|-100:randombluffer|deepstack
STATE:848:cc/r1200c:Qs|Ks/Ah:-1200|1200:deepstack|randombluffer
STATE:849:cr300r1200c/:Ah|As/Qs:0|0:randombluffer|deepstack
STATE:850:cc/cr1200c:Kh|Qh/Ks:1200|-1200:deepstack|randombluffer
STATE:851:cr300c/cr900f:Kh|Ks/Qh:-300|300:randombluffer|deepstack
STATE:852:cc/cc:Kh|Qh/Ks:100|-100:deepstack|randombluffer
STATE:853:r1200f:Qh|Qs:100|-100:randombluffer|deepstack
STATE:854:cc/cr1200f:Qs|Ks/Kh:-100|100:deepstack|randombluffer
STATE:855:cc/cc:Ks|Ah/Kh:100|-100:randombluffer|deepstack
STATE:856:cc/cc:Ks|Qs/Kh:100|-100:deepstack|randombluffer
STATE:857:r1200f:As|Ks:100|-100:randombluffer|deepstack
STATE:858:r300r1200c/:As|Qh/Qs:-1200|1200:deepstack|randombluffer
STATE:859:cr300f:Qh|Kh:-100|100:randombluffer|deepstack
STATE:860:r1200c/:Ah|As/Ks:0|0:deepstack|randombluffer
STATE:861:r1200f:Qs|Kh:100|-100:randombluffer|deepstack
STATE:862:cr300f:Kh|As:-100|100:deepstack|randombluffer
STATE:863:cc/cc:Kh|Ks/As:0|0:randombluffer|deepstack
STATE:864:cr300r1200f:As|Qs:300|-300:deepstack|randombluffer
STATE:865:r1200c/:As|Ah/Qs:0|0:randombluffer|deepstack
STATE:866:cc/cr1200c:Qh|Ks/Qs:1200|-1200:deepstack|randombluffer
STATE:867:cc/r1200f:Kh|Ks/Qh:100|-100:randombluffer|deepstack
STATE:868:cr1200f:Qs|As:-100|100:deepstack|randombluffer
STATE:869:cr300r1200f:Ah|Qh:300|-300:randombluffer|deepstack
STATE:870:cc/cr1200f:Qh|Kh/Ah:-100|100:deepstack|randombluffer
STATE:871:cr300f:Kh|Ah:-100|100:randombluffer|deepstack
STATE:872:cr300f:Ks|Qs:-100|100:deepstack|randombluffer
STATE:873:cc/r1200c:Ks|Qh/Qs:-1200|1200:randombluffer|deepstack
STATE:874:cr1200f:Ks|Qs:-100|100:deepstack|randombluffer
STATE:875:cc/cc:Qs|Kh/Ah:-100|100:randombluffer|deepstack
STATE:876:cr300r1200f:Ah|Qh:300|-300:deepstack|randombluffer
STATE:877:r1200c/:Kh|Ah/Ks:1200|-1200:randombluffer|deepstack
STATE:878:cr300f:Qs|As:-100|100:deepstack|randombluffer
STATE:879:cc/cr300r1200c:Qh|Kh/Ks:-1200|1200:randombluffer|deepstack
STATE:880:cr300r1200f:As|Qh:300|-300:deepstack|randombluffer
STATE:881:cc/cc:Ks|Qs/As:100|-100:randombluffer|deepstack
STATE:882:cc/r300f:Kh|Qs/Ah:100|-100:deepstack|randombluffer
STATE:883:r1200f:Ks|Qs:100|-100:randombluffer|deepstack
STATE:884:cr1200f:Kh|Ah:-100|100:deepstack|randombluffer
STATE:885:r1200f:Ah|Qs:100|-100:randombluffer|deepstack
STATE:886:cr1200f:Qh|Kh:-100|100:deepstack|randombluffer
STATE:887:cc/r1200f:Ah|Kh/Qs:100|-100:randombluffer|deepstack
STATE:888:cr300c/cr900f:Ks|As/Ah:-300|300:deepstack|randombluffer
STATE:889:cc/cc:Kh|Ks/Qs:0|0:randombluffer|deepstack
STATE:890:cc/cc:Qh|Ks/Qs:100|-100:deepstack|randombluffer
STATE:891:r1200f:Qs|Ks:100|-100:randombluffer|deepstack
STATE:892:cc/cc:Qh|Qs/Ah:0|0:deepstack|randombluffer
STATE:893:cc/cr300f:Qh|Ks/Kh:-100|100:randombluffer|deepstack
STATE:894:cr300f:Qh|As:-100|100:deepstack|randombluffer
STATE:895:r300c/r1200c:As|Qh/Qs:-1200|1200:randombluffer|deepstack
STATE:896:cc/cr300f:As|Kh/Qh:-100|100:deepstack|randombluffer
STATE:897:r1200c/:Ks|As/Ah:-1200|1200:randombluffer|deepstack
STATE:898:cr1200f:Qs|As:-100|100:deepstack|randombluffer
STATE:899:r1200f:As|Qs:100|-100:randombluffer|deepstack
STATE:900:cr1200f:Qs|Qh:-100|100:deepstack|randombluffer
STATE:901:r1200f:Kh|Ks:100|-100:randombluffer|deepstack
STATE:902:cr1200c/:Ah|Qh/Qs:-1200|1200:deepstack|randombluffer
STATE:903:r1200f:Qh|Kh:100|-100:randombluffer|deepstack
STATE:904:cc/cc:As|Qs/Kh:100|-100:deepstack|randombluffer
STATE:905:cc/cc:As|Ks/Ah:100|-100:randombluffer|deepstack
STATE:906:cr1200f:Ks|Ah:-100|100:deepstack|randombluffer
STATE:907:cr300r1200c/:Ks|As/Qs:-1200|1200:randombluffer|deepstack
STATE:908:cr300f:Ks|As:-100|100:deepstack|randombluffer
STATE:909:cr300r1200f:As|Qh:300|-300:randombluffer|deepstack
STATE:910:cc/r300f:As|Qs/Ah:100|-100:deepstack|randombluffer
STATE:911:cr300c/cc:Ks|Ah/Qh:-300|300:randombluffer|deepstack
STATE:912:r1200f:As|Qs:100|-100:deepstack|randombluffer
STATE:913:r1200f:Qh|Ks:100|-100:randombluffer|deepstack
STATE:914:cc/cc:Ah|Kh/Qh:100|-100:deepstack|randombluffer
STATE:915:cc/r1200f:Ks|As/Qh:100|-100:randombluffer|deepstack
STATE:916:r300c/cr900r1200f:Qh|Ks/Qs:900|-900:deepstack|randombluffer
STATE:917:r1200c/:As|Ah/Ks:0|0:randombluffer|deepstack
STATE:918:cr300f:Ks|Kh:-100|100:deepstack|randombluffer
STATE:919:cc/r300f:Kh|Ks/Ah:100|-100:randombluffer|deepstack
STATE:920:r1200f:As|Qs:100|-100:deepstack|randombluffer
STATE:921:r1200f:Qh|Ks:100|-100:randombluffer|deepstack
STATE:922:r1200c/:Ah|As/Kh:0|0:deepstack|randombluffer
STATE:923:cr300f:Kh|Ah:-100|100:randombluffer|deepstack
STATE:924:cr300r1200c/:As|Ah/Kh:0|0:deepstack|randombluffer
STATE:925:r300c/r1200f:As|Ks/Qh:300|-300:randombluffer|deepstack
STATE:926:r1200f:As|Kh:100|-100:deepstack|randombluffer
STATE:927:r1200f:Ah|Qh:100|-100:randombluffer|deepstack
STATE:928:cc/cc:Ks|Qs/As:100|-100:deepstack|randombluffer
STATE:929:cc/cc:Kh|Ks/Qs:0|0:randombluffer|deepstack
STATE:930:cr300f:Ks|Qh:-100|100:deepstack|randombluffer
STATE:931:cc/r1200f:Ks|Kh/As:100|-100:randombluffer|deepstack
STATE:932:cr1200f:Ks|As:-100|100:deepstack|randombluffer
STATE:933:cr300r1200c/:Kh|Ah/As:-1200|1200:randombluffer|deepstack
STATE:934:cr1200f:Kh|As:-100|100:deepstack|randombluffer
STATE:935:r1200f:Ah|Ks:100|-100:randombluffer|deepstack
STATE:936:r1200f:As|Qh:100|-100:deepstack|randombluffer
STATE:937:r1200f:Ah|Qs:100|-100:randombluffer|deepstack
STATE:938:r1200f:As|Qs:100|-100:deepstack|randombluffer
STATE:939:r1200c/:Qs|Ah/As:-1200|1200:randombluffer|deepstack
STATE:940:cc/r300f:Ah|Qs/As:100|-100:deepstack|randombluffer
STATE:941:cc/r1200f:Kh|Qs/As:100|-100:randombluffer|deepstack
STATE:942:cr300f:Kh|As:-100|100:deepstack|randombluffer
STATE:943:r1200c/:Qs|As/Kh:-1200|1200:randombluffer|deepstack
STATE:944:cr1200c/:As|Qs/Ah:1200|-1200:deepstack|randombluffer
STATE:945:cr300r1200c/:Ah|As/Ks:0|0:randombluffer|deepstack
STATE:946:cr300f:Qh|Ks:-100|100:deepstack|randombluffer
STATE:947:cr300r1200c/:Qh|Ah/Ks:-1200|1200:randombluffer|deepstack
STATE:948:cr1200f:Ks|Kh:-100|100:deepstack|randombluffer
STATE:949:cr1200f:Ks|As:-100|100:randombluffer|deepstack
STATE:950:cr300r1200f:As|Qh:300|-300:deepstack|randombluffer
STATE:951:cc/cr300r1200f:Kh|Qh/Ks:300|-300:randombluffer|deepstack
STATE:952:r1200c/:As|Ah/Qs:0|0:deepstack|randombluffer
STATE:953:cc/r1200f:Ks|Kh/Qs:100|-100:randombluffer|deepstack
STATE:954:cr300f:Qs|Ks:-100|100:deepstack|randombluffer
STATE:955:r1200c/:As|Ah/Qh:0|0:randombluffer|deepstack
STATE:956:cc/cc:Qs|As/Kh:-100|100:deepstack|randombluffer
STATE:957:cr1200f:Qh|Ah:-100|100:randombluffer|deepstack
STATE:958:cc/r300r1200f:Ks|As/Ah:-300|300:deepstack|randombluffer
STATE:959:r1200c/:Qs|Ah/Kh:-1200|1200:randombluffer|deepstack
STATE:960:cr1200f:Kh|Ah:-100|100:deepstack|randombluffer
STATE:961:r1200c/:As|Ah/Qh:0|0:randombluffer|deepstack
STATE:962:r1200f:As|Qs:100|-100:deepstack|randombluffer
STATE:963:r1200f:Qs|Ks:100|-100:randombluffer|deepstack
STATE:964:cr300f:Kh|Qh:-100|100:deepstack|randombluffer
STATE:965:r1200f:Ah|Kh:100|-100:randombluffer|deepstack
STATE:966:r300c/cc:Qh|As/Ks:-300|300:deepstack|randombluffer
STATE:967:cr300f:Qs|Ah:-100|100:randombluffer|deepstack
STATE:968:cc/cr1200f:Ah|Kh/Qh:-100|100:deepstack|randombluffer
STATE:969:r300r1200f:Qs|Ah:-300|300:randombluffer|deepstack
STATE:970:cr1200f:Qs|Ah:-100|100:deepstack|randombluffer
STATE:971:r1200c/:Qh|Ah/Qs:1200|-1200:randombluffer|deepstack
STATE:972:cr1200c/:Ah|Kh/Ks:-1200|1200:deepstack|randombluffer
STATE:973:cr300f:Qs|Ah:-100|100:randombluffer|deepstack
STATE:974:cc/cr1200f:Qh|Qs/As:-100|100:deepstack|randombluffer
STATE:975:r1200f:As|Qs:100|-100:randombluffer|deepstack
STATE:976:cr1200f:Kh|Qh:-100|100:deepstack|randombluffer
STATE:977:r1200f:Ah|Qs:100|-100:randombluffer|deepstack
STATE:978:cr300f:Qs|Qh:-100|100:deepstack|randombluffer
STATE:979:r1200f:As|Qs:100|-100:randombluffer|deepstack
STATE:980:cc/cc:Qs|Ks/Ah:-100|100:deepstack|randombluffer
STATE:981:r1200f:Ah|Ks:100|-100:randombluffer|deepstack
STATE:982:cr300f:Qs|Ah:-100|100:deepstack|randombluffer
STATE:983:cr300f:Kh|As:-100|100:randombluffer|deepstack
STATE:984:cc/cr1200f:As|Ah/Qh:-100|100:deepstack|randombluffer
STATE:985:cr300r1200f:Qh|Ks:300|-300:randombluffer|deepstack
STATE:986:cc/cr1200f:Qs|As/Ah:-100|100:deepstack|randombluffer
STATE:987:r1200f:Kh|Qs:100|-100:randombluffer|deepstack
STATE:988:r1200f:As|Qs:100|-100:deepstack|randombluffer
STATE:989:cr300r1200f:Qs|Kh:300|-300:randombluffer|deepstack
STATE:990:cr1200f:Qs|Ah:-100|100:deepstack|randombluffer
STATE:991:r300c/r900f:Ah|Ks/As:300|-300:randombluffer|deepstack
STATE:992:cc/cc:Qh|As/Qs:100|-100:deepstack|randombluffer
STATE:993:r1200f:As|Kh:100|-100:randombluffer|deepstack
STATE:994:cr300f:Kh|As:-100|100:deepstack|randombluffer
STATE:995:r1200f:Ah|Ks:100|-100:randombluffer|deepstack
STATE:996:cr1200f:Qs|Kh:-100|100:deepstack|randombluffer
STATE:997:cr300f:Qh|As:-100|100:randombluffer|deepstack
STATE:998:cr1200f:Qh|As:-100|100:deepstack|randombluffer
STATE:999:r1200f:As|Qh:100|-100:randombluffer|deepstack
SCORE:67800|-67800:deepstack|randombluffer
