# name/game/hands/seed rocksvdeepstack1000 ./DeepStack-Leduc/ACPCServer/leduc.game 1000 5
#--t_response 600000
#--t_hand 600000
#--t_per_hand 7000
STATE:0:cc/cc:As|Ks/Qs:100|-100:rocks|deepstack
STATE:1:cc/cc:Qs|Kh/Ah:-100|100:deepstack|rocks
STATE:2:cc/cc:Ks|Qs/Qh:-100|100:rocks|deepstack
STATE:3:cr300f:Ks|As:-100|100:deepstack|rocks
STATE:4:r1200c/:As|Ah/Ks:0|0:rocks|deepstack
STATE:5:cc/cc:Qh|Qs/As:0|0:deepstack|rocks
STATE:6:cc/cc:As|Ks/Kh:-100|100:rocks|deepstack
STATE:7:cr300f:Qs|Ah:-100|100:deepstack|rocks
STATE:8:r300r1200c/:Ah|As/Qs:0|0:rocks|deepstack
STATE:9:cr300f:Qs|As:-100|100:deepstack|rocks
STATE:10:cc/cc:Qh|Ks/Kh:-100|100:rocks|deepstack
STATE:11:cr300f:Qh|As:-100|100:deepstack|rocks
STATE:12:cc/cc:Kh|Ks/As:0|0:rocks|deepstack
STATE:13:cr300f:Kh|As:-100|100:deepstack|rocks
STATE:14:cr1200f:Qh|Ah:-100|100:rocks|deepstack
STATE:15:cr300f:Ks|As:-100|100:deepstack|rocks
STATE:16:cc/cc:Ks|Qh/As:100|-100:rocks|deepstack
STATE:17:r1200f:Ah|Kh:100|-100:deepstack|rocks
STATE:18:cc/cc:As|Kh/Qs:100|-100:rocks|deepstack
STATE:19:r1200f:Ah|Kh:100|-100:deepstack|rocks
STATE:20:cr1200f:Qs|Ah:-100|100:rocks|deepstack
STATE:21:r1200f:Ah|Qh:100|-100:deepstack|rocks
STATE:22:cc/cc:Kh|Ks/Qh:0|0:rocks|deepstack
STATE:23:cr300f:Qs|Ah:-100|100:deepstack|rocks
STATE:24:cr1200f:Kh|As:-100|100:rocks|deepstack
STATE:25:r1200f:Ah|Ks:100|-100:deepstack|rocks
STATE:26:cc/r300f:As|Ks/Ah:100|-100:rocks|deepstack
STATE:27:r1200f:As|Qh:100|-100:deepstack|rocks
STATE:28:cr1200f:Kh|Ah:-100|100:rocks|deepstack
STATE:29:cr300f:Qh|Ah:-100|100:deepstack|rocks
STATE:30:r1200c/:Ah|As/Kh:0|0:rocks|deepstack
STATE:31:cc/cc:Ks|Qh/As:100|-100:deepstack|rocks
STATE:32:r300f:Qs|Qh:100|-100:rocks|deepstack
STATE:33:r1200c/:As|Ah/Kh:0|0:deepstack|rocks
STATE:34:cr1200f:Ks|As:-100|100:rocks|deepstack
STATE:35:cc/cc:Qs|Ah/Qh:100|-100:deepstack|rocks
STATE:36:cc/cc:Qh|Ks/Ah:-100|100:rocks|deepstack
STATE:37:cr300f:Kh|As:-100|100:deepstack|rocks
STATE:38:cc/cc:Ks|Kh/Qs:0|0:rocks|deepstack
STATE:39:r1200f:Ah|Qh:100|-100:deepstack|rocks
STATE:40:cc/r1200f:Ah|Qh/As:100|-100:rocks|deepstack
STATE:41:cc/cc:Qh|As/Kh:-100|100:deepstack|rocks
STATE:42:cr1200f:Qh|Ah:-100|100:rocks|deepstack
STATE:43:cc/cc:Kh|Ks/Qh:0|0:deepstack|rocks
STATE:44:cc/cc:Qs|Qh/Ks:0|0:rocks|deepstack
STATE:45:r1200f:As|Kh:100|-100:deepstack|rocks
STATE:46:r1200f:Ah|Ks:100|-100:rocks|deepstack
STATE:47:cr300f:Kh|Ks:-100|100:deepstack|rocks
STATE:48:cc/cc:As|Qs/Kh:100|-100:rocks|deepstack
STATE:49:cr1200f:Kh|As:-100|100:deepstack|rocks
STATE:50:cr1200f:Ks|As:-100|100:rocks|deepstack
STATE:51:r1200f:As|Ks:100|-100:deepstack|rocks
STATE:52:cc/r300f:Ks|Qh/Ah:100|-100:rocks|deepstack
STATE:53:cr300f:Qh|Kh:-100|100:deepstack|rocks
STATE:54:cc/cc:Kh|Qs/Ks:100|-100:rocks|deepstack
STATE:55:cc/cc:Kh|Qs/Ah:100|-100:deepstack|rocks
STATE:56:cc/cc:As|Qh/Kh:100|-100:rocks|deepstack
STATE:57:cr300f:Qh|Ah:-100|100:deepstack|rocks
STATE:58:cc/cc:Kh|Qh/Ks:100|-100:rocks|deepstack
STATE:59:cr300f:Ks|As:-100|100:deepstack|rocks
STATE:60:cc/r300f:Kh|Qs/Ah:100|-100:rocks|deepstack
STATE:61:cc/cr300f:Qh|Ks/Kh:-100|100:deepstack|rocks
STATE:62:cc/cc:As|Qh/Ks:100|-100:rocks|deepstack
STATE:63:cc/cc:Ks|Kh/As:0|0:deepstack|rocks
STATE:64:cc/cc:As|Qs/Qh:-100|100:rocks|deepstack
STATE:65:cc/cc:Qs|Kh/Ah:-100|100:deepstack|rocks
STATE:66:cc/r1200f:Qh|Kh/As:100|-100:rocks|deepstack
STATE:67:r1200f:Ah|Ks:100|-100:deepstack|rocks
STATE:68:cr1200f:Kh|As:-100|100:rocks|deepstack
STATE:69:cc/cc:Qs|Ks/Qh:100|-100:deepstack|rocks
STATE:70:cc/cc:Qh|Kh/Ah:-100|100:rocks|deepstack
STATE:71:cc/cr300f:Qs|Ks/Kh:-100|100:deepstack|rocks
STATE:72:cc/cc:Kh|Ks/Qs:0|0:rocks|deepstack
STATE:73:cr300f:Qs|Ah:-100|100:deepstack|rocks
STATE:74:r1200f:Ah|Ks:100|-100:rocks|deepstack
STATE:75:r1200f:Ah|Ks:100|-100:deepstack|rocks
STATE:76:cc/r300f:Kh|Qs/As:100|-100:rocks|deepstack
STATE:77:r1200f:Ah|Ks:100|-100:deepstack|rocks
STATE:78:cc/cc:As|Kh/Qh:100|-100:rocks|deepstack
STATE:79:cc/cc:Kh|Qs/Ks:100|-100:deepstack|rocks
STATE:80:cr1200f:Qh|Ah:-100|100:rocks|deepstack
STATE:81:cr300f:Qs|As:-100|100:deepstack|rocks
STATE:82:cc/r300f:Ah|Ks/As:100|-100:rocks|deepstack
STATE:83:cc/cr300f:Qh|Ks/Kh:-100|100:deepstack|rocks
STATE:84:cr1200f:Ks|As:-100|100:rocks|deepstack
STATE:85:cc/cc:Kh|Ks/Qh:0|0:deepstack|rocks
STATE:86:cc/cc:Qs|Kh/Ks:-100|100:rocks|deepstack
STATE:87:cc/cr300f:Ks|Qh/Qs:-100|100:deepstack|rocks
STATE:88:r1200f:Ah|Kh:100|-100:rocks|deepstack
STATE:89:cr1200f:Kh|As:-100|100:deepstack|rocks
STATE:90:cc/cc:Kh|Qs/Ks:100|-100:rocks|deepstack
STATE:91:r1200f:Ah|Qh:100|-100:deepstack|rocks
STATE:92:cc/r300f:As|Kh/Ah:100|-100:rocks|deepstack
STATE:93:cc/cr300f:Kh|Qs/As:-100|100:deepstack|rocks
STATE:94:cr1200f:Ks|Ah:-100|100:rocks|deepstack
STATE:95:cr300f:Ks|Kh:-100|100:deepstack|rocks
STATE:96:cr1200f:Qh|As:-100|100:rocks|deepstack
STATE:97:r1200c/:As|Ah/Ks:0|0:deepstack|rocks
STATE:98:cr1200f:Qs|As:-100|100:rocks|deepstack
STATE:99:cc/cc:Qs|Kh/Qh:100|-100:deepstack|rocks
STATE:100:cc/cc:Qs|Kh/As:-100|100:rocks|deepstack
STATE:101:cr1200f:Kh|As:-100|100:deepstack|rocks
STATE:102:cr1200f:Ks|Ah:-100|100:rocks|deepstack
STATE:103:cr300f:Ks|Ah:-100|100:deepstack|rocks
STATE:104:cr1200f:Qs|Ah:-100|100:rocks|deepstack
STATE:105:cr300f:Qh|As:-100|100:deepstack|rocks
STATE:106:r1200c/:As|Ah/Qs:0|0:rocks|deepstack
STATE:107:cr300f:Qs|As:-100|100:deepstack|rocks
STATE:108:cc/cc:As|Qh/Qs:-100|100:rocks|deepstack
STATE:109:cc/cr300f:Qh|Ks/Kh:-100|100:deepstack|rocks
STATE:110:r1200f:As|Qs:100|-100:rocks|deepstack
STATE:111:cr300f:Qs|Ah:-100|100:deepstack|rocks
STATE:112:cc/cc:Qh|Kh/As:-100|100:rocks|deepstack
STATE:113:cc/cc:Qh|Qs/Ah:0|0:deepstack|rocks
STATE:114:r300f:Ah|Qs:100|-100:rocks|deepstack
STATE:115:cr300f:Qs|As:-100|100:deepstack|rocks
STATE:116:cr1200f:Qs|As:-100|100:rocks|deepstack
STATE:117:r1200f:As|Qh:100|-100:deepstack|rocks
STATE:118:cc/cc:Qh|Kh/Ks:-100|100:rocks|deepstack
STATE:119:cc/cc:Ks|Kh/As:0|0:deepstack|rocks
STATE:120:cr1200f:Ks|Ah:-100|100:rocks|deepstack
STATE:121:cr300f:Qh|Kh:-100|100:deepstack|rocks
STATE:122:cc/cc:Ks|Qs/As:100|-100:rocks|deepstack
STATE:123:cc/cc:Qs|Qh/As:0|0:deepstack|rocks
STATE:124:cc/cc:Ks|Kh/Ah:0|0:rocks|deepstack
STATE:125:cr300f:Ks|As:-100|100:deepstack|rocks
STATE:126:cc/cc:As|Ks/Qs:100|-100:rocks|deepstack
STATE:127:cr300f:Qs|Qh:-100|100:deepstack|rocks
STATE:128:cc/cc:Kh|Qs/Ks:100|-100:rocks|deepstack
STATE:129:cc/cr300f:Kh|Ks/Qs:-100|100:deepstack|rocks
STATE:130:cr1200c/:As|Ah/Kh:0|0:rocks|deepstack
STATE:131:r1200c/:Ah|As/Ks:0|0:deepstack|rocks
STATE:132:cc/cc:Ks|Kh/As:0|0:rocks|deepstack
STATE:133:r1200f:Ah|Qh:100|-100:deepstack|rocks
STATE:134:r300f:Ah|Kh:100|-100:rocks|deepstack
STATE:135:r1200f:As|Qs:100|-100:deepstack|rocks
STATE:136:cc/cc:Qh|Qs/Ah:0|0:rocks|deepstack
STATE:137:cc/cc:Qh|Qs/Kh:0|0:deepstack|rocks
STATE:138:cr1200f:Qh|Ah:-100|100:rocks|deepstack
STATE:139:cr300f:Qh|Ah:-100|100:deepstack|rocks
STATE:140:cc/cc:Ah|Qs/Qh:-100|100:rocks|deepstack
STATE:141:cr300f:Kh|Ks:-100|100:deepstack|rocks
STATE:142:cc/cc:As|Kh/Ks:-100|100:rocks|deepstack
STATE:143:cr300f:Kh|As:-100|100:deepstack|rocks
STATE:144:cc/cc:Qh|Ks/Kh:-100|100:rocks|deepstack
STATE:145:cr300f:Qs|As:-100|100:deepstack|rocks
STATE:146:cc/cc:Ks|Kh/Qh:0|0:rocks|deepstack
STATE:147:cr300f:Kh|Ah:-100|100:deepstack|rocks
STATE:148:cc/cc:Ah|Ks/Qs:100|-100:rocks|deepstack
STATE:149:cc/cc:Qh|Kh/As:-100|100:deepstack|rocks
STATE:150:r1200f:Ah|Qs:100|-100:rocks|deepstack
STATE:151:cc/cc:Qh|Ks/Ah:-100|100:deepstack|rocks
STATE:152:r1200c/:As|Ah/Qs:0|0:rocks|deepstack
STATE:153:cc/cc:Ks|Kh/Qh:0|0:deepstack|rocks
STATE:154:r1200f:As|Qs:100|-100:rocks|deepstack
STATE:155:cr300f:Qh|Ah:-100|100:deepstack|rocks
STATE:156:cr1200f:Qs|Ah:-100|100:rocks|deepstack
STATE:157:r1200c/:Ah|As/Qh:0|0:deepstack|rocks
STATE:158:cc/cc:Ks|Qs/Qh:-100|100:rocks|deepstack
STATE:159:cr300f:Qh|Ah:-100|100:deepstack|rocks
STATE:160:cc/cc:Qh|Qs/Kh:0|0:rocks|deepstack
STATE:161:r1200c/:As|Ah/Qs:0|0:deepstack|rocks
STATE:162:cc/r300f:Ks|Qh/Ah:100|-100:rocks|deepstack
STATE:163:r1200c/:As|Ah/Ks:0|0:deepstack|rocks
STATE:164:cr1200f:Ks|Ah:-100|100:rocks|deepstack
STATE:165:r1200f:Ah|Kh:100|-100:deepstack|rocks
STATE:166:cr1200f:Ks|As:-100|100:rocks|deepstack
STATE:167:r1200f:As|Qs:100|-100:deepstack|rocks
STATE:168:cr1200f:Qh|As:-100|100:rocks|deepstack
STATE:169:cc/cc:Qh|Kh/Ah:-100|100:deepstack|rocks
STATE:170:cc/cc:Kh|Qh/Qs:-100|100:rocks|deepstack
STATE:171:r1200f:As|Qs:100|-100:deepstack|rocks
STATE:172:cr1200f:Ks|As:-100|100:rocks|deepstack
STATE:173:cr300f:Qh|Ah:-100|100:deepstack|rocks
STATE:174:cc/cc:Ks|Qs/Qh:-100|100:rocks|deepstack
STATE:175:r1200f:Ah|Qs:100|-100:deepstack|rocks
STATE:176:cc/cc:Ah|Qs/Qh:-100|100:rocks|deepstack
STATE:177:cc/cr300f:Ks|Qs/Kh:-100|100:deepstack|rocks
STATE:178:cr1200c/:As|Ah/Kh:0|0:rocks|deepstack
STATE:179:r1200c/:As|Ah/Kh:0|0:deepstack|rocks
STATE:180:cr1200c/:Ah|As/Kh:0|0:rocks|deepstack
STATE:181:cr300f:Ks|Ah:-100|100:deepstack|rocks
STATE:182:cc/r300f:Ks|Kh/As:100|-100:rocks|deepstack
STATE:183:cr300f:Ks|Qh:-100|100:deepstack|rocks
STATE:184:cc/cc:Qs|Kh/Qh:100|-100:rocks|deepstack
STATE:185:r1200f:As|Qs:100|-100:deepstack|rocks
STATE:186:cc/cc:Qs|Ks/Kh:-100|100:rocks|deepstack
STATE:187:cr300f:Qs|Ah:-100|100:deepstack|rocks
STATE:188:cc/cc:Qs|Kh/As:-100|100:rocks|deepstack
STATE:189:cr300f:Kh|Ah:-100|100:deepstack|rocks
STATE:190:cr1200f:Qh|Ah:-100|100:rocks|deepstack
STATE:191:cr300f:Ks|As:-100|100:deepstack|rocks
STATE:192:cc/r300f:Ks|Kh/As:100|-100:rocks|deepstack
STATE:193:cr300f:Qs|As:-100|100:deepstack|rocks
STATE:194:cc/cc:Qs|Kh/Ks:-100|100:rocks|deepstack
STATE:195:r1200f:Ah|Ks:100|-100:deepstack|rocks
STATE:196:cc/cc:As|Ks/Qh:100|-100:rocks|deepstack
STATE:197:cr300f:Qs|As:-100|100:deepstack|rocks
STATE:198:cr1200f:Kh|Ah:-100|100:rocks|deepstack
STATE:199:r1200f:As|Qs:100|-100:deepstack|rocks
STATE:200:cc/cc:Ks|Qh/Qs:-100|100:rocks|deepstack
STATE:201:r1200f:As|Kh:100|-100:deepstack|rocks
STATE:202:cc/cc:Qh|Kh/As:-100|100:rocks|deepstack
STATE:203:cc/cc:Qs|Qh/Ks:0|0:deepstack|rocks
STATE:204:cc/cc:Ks|Qs/Kh:100|-100:rocks|deepstack
STATE:205:cr300f:Qs|Ah:-100|100:deepstack|rocks
STATE:206:r1200c/:Ah|As/Kh:0|0:rocks|deepstack
STATE:207:cc/cc:Ks|Kh/Ah:0|0:deepstack|rocks
STATE:208:cc/r300f:Kh|Ks/Ah:100|-100:rocks|deepstack
STATE:209:r1200c/:Ah|As/Qs:0|0:deepstack|rocks
STATE:210:cc/cc:Qh|Kh/Ah:-100|100:rocks|deepstack
STATE:211:cc/cc:Kh|Ks/Ah:0|0:deepstack|rocks
STATE:212:cc/cc:Qs|Kh/Ks:-100|100:rocks|deepstack
STATE:213:cr300f:Qs|As:-100|100:deepstack|rocks
STATE:214:cc/cc:Qs|Qh/Ks:0|0:rocks|deepstack
STATE:215:cr300f:Qs|Ah:-100|100:deepstack|rocks
STATE:216:cr1200f:Ks|As:-100|100:rocks|deepstack
STATE:217:r1200f:As|Qs:100|-100:deepstack|rocks
STATE:218:cc/cc:Qh|Ks/Ah:-100|100:rocks|deepstack
STATE:219:cr300f:Qs|Ks:-100|100:deepstack|rocks
STATE:220:cr1200f:Qh|As:-100|100:rocks|deepstack
STATE:221:cc/cr300f:Kh|Ks/Qh:-100|100:deepstack|rocks
STATE:222:cr1200f:Ks|As:-100|100:rocks|deepstack
STATE:223:cr300f:Qs|Ah:-100|100:deepstack|rocks
STATE:224:cc/cc:Kh|Qs/Qh:-100|100:rocks|deepstack
STATE:225:cr300f:Ks|Qs:-100|100:deepstack|rocks
STATE:226:cr1200f:Kh|As:-100|100:rocks|deepstack
STATE:227:cc/cr300f:Qh|Ks/Kh:-100|100:deepstack|rocks
STATE:228:cc/r300f:Ks|Kh/As:100|-100:rocks|deepstack
STATE:229:r1200f:Ah|Qs:100|-100:deepstack|rocks
STATE:230:cc/r300f:Ks|Qh/Ah:100|-100:rocks|deepstack
STATE:231:cc/cc:Ks|Kh/As:0|0:deepstack|rocks
STATE:232:cc/cc:Qs|Kh/Qh:100|-100:rocks|deepstack
STATE:233:cc/cc:Qh|Qs/Ah:0|0:deepstack|rocks
STATE:234:cc/cc:Qs|Kh/Ks:-100|100:rocks|deepstack
STATE:235:cr1200f:Kh|As:-100|100:deepstack|rocks
STATE:236:cr1200f:Ks|Ah:-100|100:rocks|deepstack
STATE:237:cc/cc:Ks|Qh/As:100|-100:deepstack|rocks
STATE:238:cr1200f:Qh|As:-100|100:rocks|deepstack
STATE:239:cr300f:Ks|Qh:-100|100:deepstack|rocks
STATE:240:r1200f:Ah|Ks:100|-100:rocks|deepstack
STATE:241:cc/cr300f:Kh|Qs/Qh:-100|100:deepstack|rocks
STATE:242:cc/cc:Qh|Qs/Ah:0|0:rocks|deepstack
STATE:243:r1200f:As|Kh:100|-100:deepstack|rocks
STATE:244:cc/cc:Qh|Qs/Ah:0|0:rocks|deepstack
STATE:245:r1200f:Ah|Ks:100|-100:deepstack|rocks
STATE:246:r1200f:As|Qs:100|-100:rocks|deepstack
STATE:247:cc/cr300f:Ks|Qs/Qh:-100|100:deepstack|rocks
STATE:248:cc/cc:As|Qs/Ks:100|-100:rocks|deepstack
STATE:249:cc/cc:Kh|Qs/Ah:100|-100:deepstack|rocks
STATE:250:cr1200f:Qs|As:-100|100:rocks|deepstack
STATE:251:cr300f:Ks|Ah:-100|100:deepstack|rocks
STATE:252:cc/cc:As|Qh/Kh:100|-100:rocks|deepstack
STATE:253:cc/cc:Qh|Kh/Qs:100|-100:deepstack|rocks
STATE:254:r300r1200c/:As|Ah/Kh:0|0:rocks|deepstack
STATE:255:r1200f:As|Ks:100|-100:deepstack|rocks
STATE:256:cc/cc:Kh|Qh/Qs:-100|100:rocks|deepstack
STATE:257:r1200f:Ah|Kh:100|-100:deepstack|rocks
STATE:258:cr1200f:Ks|As:-100|100:rocks|deepstack
STATE:259:r1200f:As|Qs:100|-100:deepstack|rocks
STATE:260:cc/cc:Qs|Qh/As:0|0:rocks|deepstack
STATE:261:r1200f:As|Qh:100|-100:deepstack|rocks
STATE:262:r1200c/:Ah|As/Ks:0|0:rocks|deepstack
STATE:263:cc/cr300f:Kh|Qs/Qh:-100|100:deepstack|rocks
STATE:264:cc/cc:Ks|Qs/Kh:100|-100:rocks|deepstack
STATE:265:r1200f:Ah|Qs:100|-100:deepstack|rocks
STATE:266:cr1200f:Kh|As:-100|100:rocks|deepstack
STATE:267:r1200f:As|Kh:100|-100:deepstack|rocks
STATE:268:cc/cc:Qs|Ks/Qh:100|-100:rocks|deepstack
STATE:269:cc/cc:Ks|Qs/Kh:100|-100:deepstack|rocks
STATE:270:r1200f:As|Qh:100|-100:rocks|deepstack
STATE:271:cr300f:Qs|Kh:-100|100:deepstack|rocks
STATE:272:r1200f:Ah|Qs:100|-100:rocks|deepstack
STATE:273:cr300f:Qs|Kh:-100|100:deepstack|rocks
STATE:274:cr1200f:Kh|As:-100|100:rocks|deepstack
STATE:275:r1200f:As|Qs:100|-100:deepstack|rocks
STATE:276:cr1200f:Ks|As:-100|100:rocks|deepstack
STATE:277:cr300f:Qh|As:-100|100:deepstack|rocks
STATE:278:cc/cc:Qh|Kh/As:-100|100:rocks|deepstack
STATE:279:r1200f:As|Kh:100|-100:deepstack|rocks
STATE:280:r1200f:Ah|Qh:100|-100:rocks|deepstack
STATE:281:cr300f:Kh|Ah:-100|100:deepstack|rocks
STATE:282:cc/cc:Ks|Qh/Qs:-100|100:rocks|deepstack
STATE:283:cr300f:Qh|As:-100|100:deepstack|rocks
STATE:284:cc/cc:Ah|Ks/Qs:100|-100:rocks|deepstack
STATE:285:cr300f:Qh|Ks:-100|100:deepstack|rocks
STATE:286:cc/r300f:Kh|Qh/As:100|-100:rocks|deepstack
STATE:287:cr1200f:Qs|Ah:-100|100:deepstack|rocks
STATE:288:cc/cc:Ks|Qs/Ah:100|-100:rocks|deepstack
STATE:289:cr300f:Ks|As:-100|100:deepstack|rocks
STATE:290:cc/cc:Ks|Kh/Qs:0|0:rocks|deepstack
STATE:291:cc/cc:Qh|Qs/Ks:0|0:deepstack|rocks
STATE:292:cr1200f:Qs|As:-100|100:rocks|deepstack
STATE:293:cc/cr300f:Qs|Ks/Kh:-100|100:deepstack|rocks
STATE:294:cc/cc:Ks|Kh/Ah:0|0:rocks|deepstack
STATE:295:r1200f:Ah|Qh:100|-100:deepstack|rocks
STATE:296:cc/cc:Qs|Kh/Ks:-100|100:rocks|deepstack
STATE:297:cc/cc:Qs|Kh/Ah:-100|100:deepstack|rocks
STATE:298:cc/cc:Kh|Qs/Qh:-100|100:rocks|deepstack
STATE:299:cr300f:Qh|As:-100|100:deepstack|rocks
STATE:300:cc/cc:Qs|Qh/Ah:0|0:rocks|deepstack
STATE:301:cc/cr1200f:Qs|As/Ah:-100|100:deepstack|rocks
STATE:302:cr1200f:Qs|Ah:-100|100:rocks|deepstack
STATE:303:cr300f:Qh|As:-100|100:deepstack|rocks
STATE:304:cr1200f:Ks|Ah:-100|100:rocks|deepstack
STATE:305:r1200f:Ah|Kh:100|-100:deepstack|rocks
STATE:306:cr1200f:Ks|Ah:-100|100:rocks|deepstack
STATE:307:r1200f:Ah|Ks:100|-100:deepstack|rocks
STATE:308:cc/cc:Ah|Qh/Kh:100|-100:rocks|deepstack
STATE:309:cr300f:Qh|As:-100|100:deepstack|rocks
STATE:310:cr1200f:Kh|As:-100|100:rocks|deepstack
STATE:311:r1200f:Ah|Kh:100|-100:deepstack|rocks
STATE:312:r300r1200f:Kh|Ah:-300|300:rocks|deepstack
STATE:313:cc/cc:Ks|Qh/Kh:100|-100:deepstack|rocks
STATE:314:cc/cc:Qh|Ks/Qs:100|-100:rocks|deepstack
STATE:315:cc/cc:Qs|Ks/Ah:-100|100:deepstack|rocks
STATE:316:cc/cc:Qh|Ks/As:-100|100:rocks|deepstack
STATE:317:cr1200f:Qh|As:-100|100:deepstack|rocks
STATE:318:cc/cc:Qs|Qh/Ah:0|0:rocks|deepstack
STATE:319:r1200f:As|Qs:100|-100:deepstack|rocks
STATE:320:cc/cc:As|Qs/Qh:-100|100:rocks|deepstack
STATE:321:r1200f:Ah|Ks:100|-100:deepstack|rocks
STATE:322:cc/r1200f:Ah|Kh/As:100|-100:rocks|deepstack
STATE:323:cc/cr300f:Ks|Qs/Qh:-100|100:deepstack|rocks
STATE:324:cc/cc:As|Qs/Ks:100|-100:rocks|deepstack
STATE:325:r1200f:As|Qh:100|-100:deepstack|rocks
STATE:326:cr1200f:Qs|As:-100|100:rocks|deepstack
STATE:327:cr1200f:Kh|As:-100|100:deepstack|rocks
STATE:328:cc/cc:Ks|Qs/Qh:-100|100:rocks|deepstack
STATE:329:cr300f:Qh|As:-100|100:deepstack|rocks
STATE:330:cc/r300f:Ks|Kh/As:100|-100:rocks|deepstack
STATE:331:r1200f:Ah|Ks:100|-100:deepstack|rocks
STATE:332:cr1200f:Kh|Ah:-100|100:rocks|deepstack
STATE:333:cc/cc:Qs|Kh/Ah:-100|100:deepstack|rocks
STATE:334:cr1200f:Kh|As:-100|100:rocks|deepstack
STATE:335:cc/cc:Ks|Ah/Qh:-100|100:deepstack|rocks
STATE:336:cc/cc:Ks|Kh/Qs:0|0:rocks|deepstack
STATE:337:cc/cc:Qs|Qh/Ks:0|0:deepstack|rocks
STATE:338:cr1200f:Qh|As:-100|100:rocks|deepstack
STATE:339:cc/cc:Qs|Kh/As:-100|100:deepstack|rocks
STATE:340:cc/cc:Qs|Kh/Qh:100|-100:rocks|deepstack
STATE:341:cr300f:Qh|Ks:-100|100:deepstack|rocks
STATE:342:cr1200f:Qh|Ah:-100|100:rocks|deepstack
STATE:343:cr300f:Ks|As:-100|100:deepstack|rocks
STATE:344:r1200f:As|Ks:100|-100:rocks|deepstack
STATE:345:cc/cc:Kh|Qh/Ks:100|-100:deepstack|rocks
STATE:346:cc/cc:Qh|Kh/Ks:-100|100:rocks|deepstack
STATE:347:cc/cr1200f:Ks|Kh/Ah:-100|100:deepstack|rocks
STATE:348:cc/cc:Ks|Qs/As:100|-100:rocks|deepstack
STATE:349:r1200f:As|Qs:100|-100:deepstack|rocks
STATE:350:cc/cc:Ah|Qs/Ks:100|-100:rocks|deepstack
STATE:351:cc/cc:Qs|Qh/Ah:0|0:deepstack|rocks
STATE:352:cr1200f:Ks|As:-100|100:rocks|deepstack
STATE:353:cr300f:Qh|Ah:-100|100:deepstack|rocks
STATE:354:cr1200f:Kh|Ah:-100|100:rocks|deepstack
STATE:355:cc/cc:Qs|Qh/Ks:0|0:deepstack|rocks
STATE:356:cc/cc:As|Qh/Ks:100|-100:rocks|deepstack
STATE:357:r1200f:As|Ks:100|-100:deepstack|rocks
STATE:358:cr1200f:Qs|As:-100|100:rocks|deepstack
STATE:359:r1200f:Ah|Kh:100|-100:deepstack|rocks
STATE:360:r1200c/:Ah|As/Qh:0|0:rocks|deepstack
STATE:361:cc/cr300f:Kh|Qh/Ks:-100|100:deepstack|rocks
STATE:362:cc/r300f:As|Qh/Ah:100|-100:rocks|deepstack
STATE:363:r1200f:As|Ks:100|-100:deepstack|rocks
STATE:364:cc/cc:Kh|Qs/Ks:100|-100:rocks|deepstack
STATE:365:cc/cc:Kh|Ks/Ah:0|0:deepstack|rocks
STATE:366:cr1200f:Qh|As:-100|100:rocks|deepstack
STATE:367:cc/cc:Kh|Qs/As:100|-100:deepstack|rocks
STATE:368:cc/cc:As|Qh/Kh:100|-100:rocks|deepstack
STATE:369:cc/cc:Qs|Ks/As:-100|100:deepstack|rocks
STATE:370:cc/r300f:Ah|Ks/As:100|-100:rocks|deepstack
STATE:371:r1200f:As|Ks:100|-100:deepstack|rocks
STATE:372:cc/r1200f:Ah|Qs/As:100|-100:rocks|deepstack
STATE:373:cc/cc:Qh|Ks/As:-100|100:deepstack|rocks
STATE:374:cr1200f:Kh|Ah:-100|100:rocks|deepstack
STATE:375:r1200f:As|Qs:100|-100:deepstack|rocks
STATE:376:cc/cc:As|Ks/Qs:100|-100:rocks|deepstack
STATE:377:cc/cc:Kh|Ks/Qs:0|0:deepstack|rocks
STATE:378:cc/cc:Kh|Qs/Ks:100|-100:rocks|deepstack
STATE:379:r1200f:As|Ks:100|-100:deepstack|rocks
STATE:380:cr1200f:Ks|As:-100|100:rocks|deepstack
STATE:381:cr300f:Qh|As:-100|100:deepstack|rocks
STATE:382:r1200f:As|Qh:100|-100:rocks|deepstack
STATE:383:cr1200f:Qs|Ah:-100|100:deepstack|rocks
STATE:384:cc/cc:Ks|Qh/Kh:100|-100:rocks|deepstack
STATE:385:cc/cc:Qh|Qs/Ah:0|0:deepstack|rocks
STATE:386:cr1200c/:As|Ah/Ks:0|0:rocks|deepstack
STATE:387:cc/cc:Ks|Qh/As:100|-100:deepstack|rocks
STATE:388:cr1200f:Qs|As:-100|100:rocks|deepstack
STATE:389:r1200f:Ah|Kh:100|-100:deepstack|rocks
STATE:390:cr1200f:Ks|As:-100|100:rocks|deepstack
STATE:391:cc/cc:Qs|Qh/As:0|0:deepstack|rocks
STATE:392:cr1200f:Qh|As:-100|100:rocks|deepstack
STATE:393:r1200f:As|Qh:100|-100:deepstack|rocks
STATE:394:cr1200f:Ks|Ah:-100|100:rocks|deepstack
STATE:395:cc/cc:Qh|Kh/Ah:-100|100:deepstack|rocks
STATE:396:cr1200f:Ks|As:-100|100:rocks|deepstack
STATE:397:cc/cr300f:Qs|Kh/Ks:-100|100:deepstack|rocks
STATE:398:r1200f:Ah|Kh:100|-100:rocks|deepstack
STATE:399:cr300f:Qh|As:-100|100:deepstack|rocks
STATE:400:cc/cc:Ks|Qs/Ah:100|-100:rocks|deepstack
STATE:401:cc/cc:Ks|Kh/Ah:0|0:deepstack|rocks
STATE:402:r1200f:As|Qh:100|-100:rocks|deepstack
STATE:403:cc/cr300f:Kh|Qh/Ks:-100|100:deepstack|rocks
STATE:404:r300f:Ks|Qs:100|-100:rocks|deepstack
STATE:405:cr300f:Qh|Ah:-100|100:deepstack|rocks
STATE:406:cr1200f:Ks|As:-100|100:rocks|deepstack
STATE:407:r1200c/:As|Ah/Kh:0|0:deepstack|rocks
STATE:408:cc/cc:Qs|Qh/Ah:0|0:rocks|deepstack
STATE:409:cr300f:Qs|Kh:-100|100:deepstack|rocks
STATE:410:cr1200f:Ks|Ah:-100|100:rocks|deepstack
STATE:411:cr300f:Qs|Ah:-100|100:deepstack|rocks
STATE:412:cc/cc:Qs|Ks/Ah:-100|100:rocks|deepstack
STATE:413:cr300f:Qs|Ah:-100|100:deepstack|rocks
STATE:414:cc/r300f:Kh|Qh/Ah:100|-100:rocks|deepstack
STATE:415:r1200f:As|Ks:100|-100:deepstack|rocks
STATE:416:cc/cc:Qs|Ks/Kh:-100|100:rocks|deepstack
STATE:417:cr300f:Qs|Ah:-100|100:deepstack|rocks
STATE:418:cc/cc:As|Ks/Kh:-100|100:rocks|deepstack
STATE:419:cc/cc:Qh|Ks/As:-100|100:deepstack|rocks
STATE:420:cc/r300f:As|Qs/Ah:100|-100:rocks|deepstack
STATE:421:cc/cc:Kh|Qh/Ks:100|-100:deepstack|rocks
STATE:422:cr1200f:Kh|As:-100|100:rocks|deepstack
STATE:423:cc/cc:Ks|Qs/As:100|-100:deepstack|rocks
STATE:424:r300f:Ah|Qs:100|-100:rocks|deepstack
STATE:425:cr300f:Ks|As:-100|100:deepstack|rocks
STATE:426:cr1200f:Kh|As:-100|100:rocks|deepstack
STATE:427:r1200f:Ah|Qs:100|-100:deepstack|rocks
STATE:428:cc/cc:Qh|Qs/Ks:0|0:rocks|deepstack
STATE:429:cr300f:Qs|Ah:-100|100:deepstack|rocks
STATE:430:cc/cc:As|Qs/Kh:100|-100:rocks|deepstack
STATE:431:cc/cc:Qh|Ks/Qs:100|-100:deepstack|rocks
STATE:432:cr1200f:Ks|Ah:-100|100:rocks|deepstack
STATE:433:r1200c/:As|Ah/Qh:0|0:deepstack|rocks
STATE:434:cr1200f:Qh|As:-100|100:rocks|deepstack
STATE:435:cc/cc:Qh|Qs/As:0|0:deepstack|rocks
STATE:436:cc/cc:Qs|Ks/Kh:-100|100:rocks|deepstack
STATE:437:r1200f:Ah|Qs:100|-100:deepstack|rocks
STATE:438:cc/cc:Qh|Kh/As:-100|100:rocks|deepstack
STATE:439:cc/cc:Kh|Ks/Qh:0|0:deepstack|rocks
STATE:440:r1200f:Ah|Qh:100|-100:rocks|deepstack
STATE:441:cr300f:Kh|Qs:-100|100:deepstack|rocks
STATE:442:cc/cc:Ks|Qh/Kh:100|-100:rocks|deepstack
STATE:443:r1200c/:Ah|As/Ks:0|0:deepstack|rocks
STATE:444:cr1200c/:As|Ah/Ks:0|0:rocks|deepstack
STATE:445:cr300f:Qh|As:-100|100:deepstack|rocks
STATE:446:r1200f:Ah|Qs:100|-100:rocks|deepstack
STATE:447:cc/cc:Kh|Qs/As:100|-100:deepstack|rocks
STATE:448:cc/cc:Qh|Kh/Qs:100|-100:rocks|deepstack
STATE:449:cc/cr300f:Ks|Qs/Kh:-100|100:deepstack|rocks
STATE:450:cc/r300f:Ks|Qs/Ah:100|-100:rocks|deepstack
STATE:451:cc/cr300f:Qh|Ks/Kh:-100|100:deepstack|rocks
STATE:452:cr1200f:Ks|Ah:-100|100:rocks|deepstack
STATE:453:r1200f:Ah|Qh:100|-100:deepstack|rocks
STATE:454:cc/r300f:Ah|Kh/As:100|-100:rocks|deepstack
STATE:455:cr300f:Qs|Ah:-100|100:deepstack|rocks
STATE:456:cc/cc:Ks|Qs/Qh:-100|100:rocks|deepstack
STATE:457:r1200f:Ah|Kh:100|-100:deepstack|rocks
STATE:458:cr1200c/:Ah|As/Qh:0|0:rocks|deepstack
STATE:459:cc/cc:Kh|Qs/Ah:100|-100:deepstack|rocks
STATE:460:cc/cc:As|Ks/Qs:100|-100:rocks|deepstack
STATE:461:r1200f:Ah|Ks:100|-100:deepstack|rocks
STATE:462:r1200f:Ah|Ks:100|-100:rocks|deepstack
STATE:463:r1200f:As|Kh:100|-100:deepstack|rocks
STATE:464:cc/cc:Ks|Qh/Qs:-100|100:rocks|deepstack
STATE:465:cr300f:Kh|Ah:-100|100:deepstack|rocks
STATE:466:r1200f:Ah|Ks:100|-100:rocks|deepstack
STATE:467:cc/cc:Kh|Qs/Ks:100|-100:deepstack|rocks
STATE:468:cc/r300f:Ks|Qs/As:100|-100:rocks|deepstack
STATE:469:cr300f:Qh|Ks:-100|100:deepstack|rocks
STATE:470:cc/cc:Qh|Kh/Ks:-100|100:rocks|deepstack
STATE:471:r1200f:Ah|Qh:100|-100:deepstack|rocks
STATE:472:cc/cc:Qh|Qs/Kh:0|0:rocks|deepstack
STATE:473:cr300f:Qs|As:-100|100:deepstack|rocks
STATE:474:r1200f:As|Qh:100|-100:rocks|deepstack
STATE:475:cr1200f:Ks|As:-100|100:deepstack|rocks
STATE:476:cc/cc:Ks|Kh/Qs:0|0:rocks|deepstack
STATE:477:cr300f:Kh|As:-100|100:deepstack|rocks
STATE:478:cr1200f:Qh|Ah:-100|100:rocks|deepstack
STATE:479:r1200f:As|Ks:100|-100:deepstack|rocks
STATE:480:cc/cc:Qh|Qs/As:0|0:rocks|deepstack
STATE:481:r1200c/:Ah|As/Qh:0|0:deepstack|rocks
STATE:482:cc/r300f:Kh|Ks/As:100|-100:rocks|deepstack
STATE:483:cr300f:Qh|Qs:-100|100:deepstack|rocks
STATE:484:cc/r300f:Ks|Qh/Ah:100|-100:rocks|deepstack
STATE:485:cc/cc:Qh|As/Kh:-100|100:deepstack|rocks
STATE:486:cr1200f:Qs|Ah:-100|100:rocks|deepstack
STATE:487:r1200c/:As|Ah/Qh:0|0:deepstack|rocks
STATE:488:cc/cc:Ks|Qh/Kh:100|-100:rocks|deepstack
STATE:489:r1200f:Ah|Kh:100|-100:deepstack|rocks
STATE:490:cc/cc:Ks|Qs/Kh:100|-100:rocks|deepstack
STATE:491:r1200f:Ah|Qh:100|-100:deepstack|rocks
STATE:492:cc/cc:Kh|Qs/Ah:100|-100:rocks|deepstack
STATE:493:cc/cr300f:Kh|Qh/Ks:-100|100:deepstack|rocks
STATE:494:cc/r300f:Ks|Kh/As:100|-100:rocks|deepstack
STATE:495:cr300f:Kh|Ks:-100|100:deepstack|rocks
STATE:496:cr1200f:Qh|As:-100|100:rocks|deepstack
STATE:497:r1200f:As|Kh:100|-100:deepstack|rocks
STATE:498:cc/cc:Ah|Qh/Qs:-100|100:rocks|deepstack
STATE:499:r1200f:Ah|Kh:100|-100:deepstack|rocks
STATE:500:r1200f:As|Qh:100|-100:rocks|deepstack
STATE:501:cr300f:Ks|Kh:-100|100:deepstack|rocks
STATE:502:cr1200c/:Ah|As/Qs:0|0:rocks|deepstack
STATE:503:cr300f:Kh|Ah:-100|100:deepstack|rocks
STATE:504:r1200f:As|Qh:100|-100:rocks|deepstack
STATE:505:cr300f:Ks|Kh:-100|100:deepstack|rocks
STATE:506:cr1200f:Kh|As:-100|100:rocks|deepstack
STATE:507:cr300f:Qh|As:-100|100:deepstack|rocks
STATE:508:cc/cc:Qs|Qh/Kh:0|0:rocks|deepstack
STATE:509:cc/cr300f:Qs|Ks/Qh:-100|100:deepstack|rocks
STATE:510:cc/r1200f:As|Kh/Ah:100|-100:rocks|deepstack
STATE:511:cc/cr300f:Qs|Ks/Kh:-100|100:deepstack|rocks
STATE:512:r300f:Kh|Ks:100|-100:rocks|deepstack
STATE:513:cr300f:Ks|Ah:-100|100:deepstack|rocks
STATE:514:cr1200f:Qs|As:-100|100:rocks|deepstack
STATE:515:r1200f:Ah|Kh:100|-100:deepstack|rocks
STATE:516:cc/cc:Kh|Ks/Qh:0|0:rocks|deepstack
STATE:517:cr300f:Qs|Ks:-100|100:deepstack|rocks
STATE:518:cc/cc:Qh|Kh/Qs:100|-100:rocks|deepstack
STATE:519:r1200f:As|Qs:100|-100:deepstack|rocks
STATE:520:cr1200f:Kh|As:-100|100:rocks|deepstack
STATE:521:r1200f:As|Kh:100|-100:deepstack|rocks
STATE:522:cc/cc:Qh|Ks/Kh:-100|100:rocks|deepstack
STATE:523:cr1200f:Qs|As:-100|100:deepstack|rocks
STATE:524:cc/cc:Ks|Qs/Qh:-100|100:rocks|deepstack
STATE:525:r1200f:As|Qs:100|-100:deepstack|rocks
STATE:526:cr1200f:Qh|As:-100|100:rocks|deepstack
STATE:527:cc/cc:Kh|Qs/Ah:100|-100:deepstack|rocks
STATE:528:cc/cc:Kh|Qh/Qs:-100|100:rocks|deepstack
STATE:529:cc/cr300f:Qs|Kh/Ks:-100|100:deepstack|rocks
STATE:530:cc/cc:Qs|Kh/As:-100|100:rocks|deepstack
STATE:531:cr300f:Kh|Ah:-100|100:deepstack|rocks
STATE:532:cr1200f:Qh|As:-100|100:rocks|deepstack
STATE:533:cr300f:Ks|Qh:-100|100:deepstack|rocks
STATE:534:cr1200f:Ks|As:-100|100:rocks|deepstack
STATE:535:r1200f:As|Kh:100|-100:deepstack|rocks
STATE:536:cc/cc:Qh|Ks/Qs:100|-100:rocks|deepstack
STATE:537:cc/cr300f:Qh|Ks/Kh:-100|100:deepstack|rocks
STATE:538:cr1200f:Qh|As:-100|100:rocks|deepstack
STATE:539:cr300f:Qs|Ks:-100|100:deepstack|rocks
STATE:540:cc/r300f:Kh|Qs/As:100|-100:rocks|deepstack
STATE:541:cr300f:Qs|Ah:-100|100:deepstack|rocks
STATE:542:cc/cc:Ah|Kh/Qs:100|-100:rocks|deepstack
STATE:543:cc/cc:Qh|Ks/Ah:-100|100:deepstack|rocks
STATE:544:cr1200f:Qs|As:-100|100:rocks|deepstack
STATE:545:cr1200f:Qs|Ah:-100|100:deepstack|rocks
STATE:546:cr1200c/:Ah|As/Qs:0|0:rocks|deepstack
STATE:547:r1200f:Ah|Kh:100|-100:deepstack|rocks
STATE:548:cc/r300f:Kh|Qh/Ah:100|-100:rocks|deepstack
STATE:549:r1200c/:As|Ah/Kh:0|0:deepstack|rocks
STATE:550:cc/r300f:As|Qs/Ah:100|-100:rocks|deepstack
STATE:551:cc/cc:Qh|Kh/As:-100|100:deepstack|rocks
STATE:552:cr1200c/:As|Ah/Kh:0|0:rocks|deepstack
STATE:553:r1200c/:Ah|As/Kh:0|0:deepstack|rocks
STATE:554:cr1200f:Ks|Ah:-100|100:rocks|deepstack
STATE:555:cc/cr300f:Kh|Qs/Qh:-100|100:deepstack|rocks
STATE:556:cr1200f:Ks|Ah:-100|100:rocks|deepstack
STATE:557:r1200f:As|Qh:100|-100:deepstack|rocks
STATE:558:cc/cc:Kh|Ks/Qh:0|0:rocks|deepstack
STATE:559:cc/cc:Qh|Qs/Ah:0|0:deepstack|rocks
STATE:560:cr1200f:Qh|As:-100|100:rocks|deepstack
STATE:561:cc/cr300f:Kh|Qh/Ks:-100|100:deepstack|rocks
STATE:562:cc/cc:As|Qh/Ks:100|-100:rocks|deepstack
STATE:563:cr300f:Qs|Ah:-100|100:deepstack|rocks
STATE:564:cc/cc:Qs|Kh/As:-100|100:rocks|deepstack
STATE:565:cc/cc:Qs|Qh/As:0|0:deepstack|rocks
STATE:566:cc/r300f:Ks|Qs/Ah:100|-100:rocks|deepstack
STATE:567:cc/cc:Kh|Qs/As:100|-100:deepstack|rocks
STATE:568:r1200f:Ah|Qh:100|-100:rocks|deepstack
STATE:569:r1200f:Ah|Kh:100|-100:deepstack|rocks
STATE:570:cc/cc:Ks|Qs/Ah:100|-100:rocks|deepstack
STATE:571:cc/cc:Ks|Kh/Ah:0|0:deepstack|rocks
STATE:572:cr1200f:Qs|Ah:-100|100:rocks|deepstack
STATE:573:cc/cr300f:Qh|Ks/Kh:-100|100:deepstack|rocks
STATE:574:cr1200f:Kh|As:-100|100:rocks|deepstack
STATE:575:cc/cc:Qh|Kh/Qs:100|-100:deepstack|rocks
STATE:576:cr1200f:Kh|As:-100|100:rocks|deepstack
STATE:577:r1200c/:Ah|As/Qs:0|0:deepstack|rocks
STATE:578:cc/cc:Ks|Qh/Ah:100|-100:rocks|deepstack
STATE:579:r1200f:Ah|Ks:100|-100:deepstack|rocks
STATE:580:cc/cc:As|Ks/Qs:100|-100:rocks|deepstack
STATE:581:r1200c/:Ah|As/Qh:0|0:deepstack|rocks
STATE:582:cc/r1200f:Ah|Qh/As:100|-100:rocks|deepstack
STATE:583:cc/cc:Qh|Ah/Ks:-100|100:deepstack|rocks
STATE:584:cc/cc:Kh|Qh/Ks:100|-100:rocks|deepstack
STATE:585:cr300f:Ks|Ah:-100|100:deepstack|rocks
STATE:586:cc/r1200f:As|Qh/Ah:100|-100:rocks|deepstack
STATE:587:cr300f:Qs|Ah:-100|100:deepstack|rocks
STATE:588:r1200c/:Ah|As/Kh:0|0:rocks|deepstack
STATE:589:cr300f:Qs|As:-100|100:deepstack|rocks
STATE:590:r1200f:Ah|Qs:100|-100:rocks|deepstack
STATE:591:r1200f:Ah|Qs:100|-100:deepstack|rocks
STATE:592:cc/r300f:Qs|Ks/Ah:100|-100:rocks|deepstack
STATE:593:cc/cc:Kh|Ks/As:0|0:deepstack|rocks
STATE:594:cc/r300f:As|Ks/Ah:100|-100:rocks|deepstack
STATE:595:cr300f:Ks|Ah:-100|100:deepstack|rocks
STATE:596:cc/cc:Qs|Qh/Ks:0|0:rocks|deepstack
STATE:597:cr300f:Qs|As:-100|100:deepstack|rocks
STATE:598:cr1200f:Kh|Ah:-100|100:rocks|deepstack
STATE:599:cr300f:Qs|Kh:-100|100:deepstack|rocks
STATE:600:cr1200f:Ks|As:-100|100:rocks|deepstack
STATE:601:r1200f:As|Kh:100|-100:deepstack|rocks
STATE:602:cr1200c/:Ah|As/Ks:0|0:rocks|deepstack
STATE:603:r1200c/:As|Ah/Kh:0|0:deepstack|rocks
STATE:604:cr1200f:Qs|As:-100|100:rocks|deepstack
STATE:605:cr300f:Qh|Ks:-100|100:deepstack|rocks
STATE:606:cc/cc:Qh|Qs/Ah:0|0:rocks|deepstack
STATE:607:cr300f:Ks|As:-100|100:deepstack|rocks
STATE:608:cc/cc:Ah|Qs/As:100|-100:rocks|deepstack
STATE:609:cc/cc:Qs|Ks/Qh:100|-100:deepstack|rocks
STATE:610:cr1200f:Kh|As:-100|100:rocks|deepstack
STATE:611:cc/cc:Qh|Kh/Qs:100|-100:deepstack|rocks
STATE:612:cc/cc:Kh|Qs/Ks:100|-100:rocks|deepstack
STATE:613:r1200f:Ah|Ks:100|-100:deepstack|rocks
STATE:614:cr1200f:Ks|Ah:-100|100:rocks|deepstack
STATE:615:r1200f:Ah|Qh:100|-100:deepstack|rocks
STATE:616:cc/cc:Qh|Kh/As:-100|100:rocks|deepstack
STATE:617:r1200c/:Ah|As/Qs:0|0:deepstack|rocks
STATE:618:cc/r300f:Ks|Kh/As:100|-100:rocks|deepstack
STATE:619:cr300f:Kh|Ah:-100|100:deepstack|rocks
STATE:620:cc/cc:Kh|Qs/Ks:100|-100:rocks|deepstack
STATE:621:cc/cr1200f:Qh|Kh/As:-100|100:deepstack|rocks
STATE:622:cr1200f:Ks|Ah:-100|100:rocks|deepstack
STATE:623:cc/cc:Qh|Qs/As:0|0:deepstack|rocks
STATE:624:r1200f:As|Qs:100|-100:rocks|deepstack
STATE:625:cr300f:Qh|Ah:-100|100:deepstack|rocks
STATE:626:cr1200f:Qh|As:-100|100:rocks|deepstack
STATE:627:cr300f:Ks|As:-100|100:deepstack|rocks
STATE:628:cc/cc:Ks|Kh/Qs:0|0:rocks|deepstack
STATE:629:cc/cc:Kh|Qs/Ks:100|-100:deepstack|rocks
STATE:630:cr1200f:Qs|Ah:-100|100:rocks|deepstack
STATE:631:cr300f:Qs|Ah:-100|100:deepstack|rocks
STATE:632:cc/cc:Qs|Ks/Qh:100|-100:rocks|deepstack
STATE:633:r1200f:Ah|Ks:100|-100:deepstack|rocks
STATE:634:cc/cc:Qs|Kh/Qh:100|-100:rocks|deepstack
STATE:635:cc/cr300f:Ks|Qs/Qh:-100|100:deepstack|rocks
STATE:636:cr1200f:Qs|As:-100|100:rocks|deepstack
STATE:637:cc/cc:Qh|Qs/As:0|0:deepstack|rocks
STATE:638:cc/cc:Qh|Kh/Qs:100|-100:rocks|deepstack
STATE:639:cc/cc:Qs|Ks/Ah:-100|100:deepstack|rocks
STATE:640:r1200f:Ah|Ks:100|-100:rocks|deepstack
STATE:641:cc/cc:Qs|Kh/As:-100|100:deepstack|rocks
STATE:642:cc/cc:As|Qh/Kh:100|-100:rocks|deepstack
STATE:643:r1200f:As|Kh:100|-100:deepstack|rocks
STATE:644:r1200f:As|Kh:100|-100:rocks|deepstack
STATE:645:cr300f:Ks|Ah:-100|100:deepstack|rocks
STATE:646:cr1200f:Qs|As:-100|100:rocks|deepstack
STATE:647:cr1200f:Qs|As:-100|100:deepstack|rocks
STATE:648:cc/cc:Qs|Ks/As:-100|100:rocks|deepstack
STATE:649:r1200f:As|Ks:100|-100:deepstack|rocks
STATE:650:cc/cc:Ah|Ks/Qh:100|-100:rocks|deepstack
STATE:651:r1200f:As|Qs:100|-100:deepstack|rocks
STATE:652:cc/r300f:As|Ks/Ah:100|-100:rocks|deepstack
STATE:653:cc/cc:Qs|Kh/As:-100|100:deepstack|rocks
STATE:654:cc/cc:Qs|Kh/As:-100|100:rocks|deepstack
STATE:655:cc/cc:Kh|Qh/As:100|-100:deepstack|rocks
STATE:656:cc/cc:Qs|Kh/As:-100|100:rocks|deepstack
STATE:657:cc/cr300f:Qh|Ks/As:-100|100:deepstack|rocks
STATE:658:cc/cc:As|Qh/Kh:100|-100:rocks|deepstack
STATE:659:cr300f:Qs|Ah:-100|100:deepstack|rocks
STATE:660:cc/cc:Qs|Qh/As:0|0:rocks|deepstack
STATE:661:cr300f:Ks|Ah:-100|100:deepstack|rocks
STATE:662:cr1200f:Kh|Ah:-100|100:rocks|deepstack
STATE:663:r1200f:Ah|Qs:100|-100:deepstack|rocks
STATE:664:cc/cc:As|Qh/Qs:-100|100:rocks|deepstack
STATE:665:cr300f:Ks|Ah:-100|100:deepstack|rocks
STATE:666:cc/cc:Qs|Qh/Kh:0|0:rocks|deepstack
STATE:667:cr1200f:Ks|As:-100|100:deepstack|rocks
STATE:668:cc/cc:Qs|Ks/Ah:-100|100:rocks|deepstack
STATE:669:cr300f:Qh|Ah:-100|100:deepstack|rocks
STATE:670:cc/cc:Qh|Qs/Kh:0|0:rocks|deepstack
STATE:671:cr300f:Kh|Ah:-100|100:deepstack|rocks
STATE:672:r1200f:Ah|Qh:100|-100:rocks|deepstack
STATE:673:cr300f:Qh|Kh:-100|100:deepstack|rocks
STATE:674:cc/cc:Qh|Ks/Qs:100|-100:rocks|deepstack
STATE:675:r1200f:As|Qs:100|-100:deepstack|rocks
STATE:676:cr1200f:Ks|Ah:-100|100:rocks|deepstack
STATE:677:cr300f:Qs|As:-100|100:deepstack|rocks
STATE:678:r1200f:Ah|Qs:100|-100:rocks|deepstack
STATE:679:r1200f:Ah|Qh:100|-100:deepstack|rocks
STATE:680:cr1200f:Qs|As:-100|100:rocks|deepstack
STATE:681:cc/cc:Ks|Qs/Kh:100|-100:deepstack|rocks
STATE:682:cc/cc:Kh|Qh/As:100|-100:rocks|deepstack
STATE:683:cc/cc:Kh|Qs/Ks:100|-100:deepstack|rocks
STATE:684:cc/cc:Qs|Kh/As:-100|100:rocks|deepstack
STATE:685:cr300f:Qs|Qh:-100|100:deepstack|rocks
STATE:686:cc/cc:Kh|Qs/As:100|-100:rocks|deepstack
STATE:687:cc/cr300f:Kh|Qs/Qh:-100|100:deepstack|rocks
STATE:688:cr1200f:Kh|As:-100|100:rocks|deepstack
STATE:689:cr1200f:Qs|As:-100|100:deepstack|rocks
STATE:690:r1200f:Ah|Qh:100|-100:rocks|deepstack
STATE:691:cc/cr300f:Kh|Qs/Qh:-100|100:deepstack|rocks
STATE:692:r300f:As|Ks:100|-100:rocks|deepstack
STATE:693:r1200f:Ah|Qh:100|-100:deepstack|rocks
STATE:694:cc/r300f:Ks|Kh/Ah:100|-100:rocks|deepstack
STATE:695:r1200f:Ah|Qs:100|-100:deepstack|rocks
STATE:696:cc/cc:Qs|Qh/Kh:0|0:rocks|deepstack
STATE:697:cr300f:Ks|Ah:-100|100:deepstack|rocks
STATE:698:cr1200f:Kh|As:-100|100:rocks|deepstack
STATE:699:cc/cr300f:Qs|Ks/Kh:-100|100:deepstack|rocks
STATE:700:cr1200f:Kh|As:-100|100:rocks|deepstack
STATE:701:r1200c/:As|Ah/Qh:0|0:deepstack|rocks
STATE:702:cc/cc:Kh|Qh/Qs:-100|100:rocks|deepstack
STATE:703:cc/cc:Qh|Ks/Ah:-100|100:deepstack|rocks
STATE:704:cr1200f:Qh|As:-100|100:rocks|deepstack
STATE:705:r1200f:Ah|Qs:100|-100:deepstack|rocks
STATE:706:cc/cc:Ks|Qs/As:100|-100:rocks|deepstack
STATE:707:cc/cc:Ks|Qs/Ah:100|-100:deepstack|rocks
STATE:708:cc/cc:As|Qs/Qh:-100|100:rocks|deepstack
STATE:709:cc/cc:Qh|Ks/Ah:-100|100:deepstack|rocks
STATE:710:r1200f:As|Kh:100|-100:rocks|deepstack
STATE:711:r1200f:As|Qh:100|-100:deepstack|rocks
STATE:712:r1200f:Ah|Ks:100|-100:rocks|deepstack
STATE:713:r1200f:As|Ks:100|-100:deepstack|rocks
STATE:714:cc/r300f:Kh|Ks/As:100|-100:rocks|deepstack
STATE:715:cr300f:Qs|Ah:-100|100:deepstack|rocks
STATE:716:cr1200f:Qs|As:-100|100:rocks|deepstack
STATE:717:cc/cc:Ks|As/Qh:-100|100:deepstack|rocks
STATE:718:r1200f:Ah|Qh:100|-100:rocks|deepstack
STATE:719:cr300f:Ks|Ah:-100|100:deepstack|rocks
STATE:720:cc/cc:Qh|Ks/Kh:-100|100:rocks|deepstack
STATE:721:cc/cc:Ks|Kh/Qs:0|0:deepstack|rocks
STATE:722:cc/cc:As|Kh/Qh:100|-100:rocks|deepstack
STATE:723:cr1200f:Kh|Ah:-100|100:deepstack|rocks
STATE:724:r1200f:As|Ks:100|-100:rocks|deepstack
STATE:725:r1200c/:As|Ah/Qs:0|0:deepstack|rocks
STATE:726:r1200c/:Ah|As/Kh:0|0:rocks|deepstack
STATE:727:cc/cc:Kh|Qh/Ks:100|-100:deepstack|rocks
STATE:728:cc/cc:Kh|Qh/Ks:100|-100:rocks|deepstack
STATE:729:r1200f:Ah|Qh:100|-100:deepstack|rocks
STATE:730:cc/cc:Qs|Qh/As:0|0:rocks|deepstack
STATE:731:cc/cc:Qh|Qs/Ks:0|0:deepstack|rocks
STATE:732:cr1200f:Qh|As:-100|100:rocks|deepstack
STATE:733:cr300f:Kh|Ah:-100|100:deepstack|rocks
STATE:734:cc/r300f:Ks|Kh/Ah:100|-100:rocks|deepstack
STATE:735:cc/cc:Qh|Qs/Ks:0|0:deepstack|rocks
STATE:736:cr1200f:Qh|As:-100|100:rocks|deepstack
STATE:737:cr300f:Kh|As:-100|100:deepstack|rocks
STATE:738:cc/cc:Kh|Qs/As:100|-100:rocks|deepstack
STATE:739:r1200f:Ah|Qh:100|-100:deepstack|rocks
STATE:740:cc/cc:Kh|Ks/Qs:0|0:rocks|deepstack
STATE:741:cc/cc:Qs|Qh/Ah:0|0:deepstack|rocks
STATE:742:cc/r300f:As|Ks/Ah:100|-100:rocks|deepstack
STATE:743:r1200f:As|Ks:100|-100:deepstack|rocks
STATE:744:r1200f:As|Ks:100|-100:rocks|deepstack
STATE:745:cc/cc:Qs|Kh/As:-100|100:deepstack|rocks
STATE:746:cc/cc:Qs|Qh/Ah:0|0:rocks|deepstack
STATE:747:cc/cc:Kh|Qs/Ks:100|-100:deepstack|rocks
STATE:748:r1200f:As|Ks:100|-100:rocks|deepstack
STATE:749:cr300f:Qh|Qs:-100|100:deepstack|rocks
STATE:750:cc/cc:Qs|Qh/Ks:0|0:rocks|deepstack
STATE:751:cc/cc:Qh|Kh/As:-100|100:deepstack|rocks
STATE:752:cr1200c/:Ah|As/Qs:0|0:rocks|deepstack
STATE:753:cc/cc:Ks|Qh/As:100|-100:deepstack|rocks
STATE:754:cc/cc:Qh|Qs/Ks:0|0:rocks|deepstack
STATE:755:cc/cc:Qs|Qh/As:0|0:deepstack|rocks
STATE:756:r1200f:Ah|Kh:100|-100:rocks|deepstack
STATE:757:cc/cc:Kh|Ks/Ah:0|0:deepstack|rocks
STATE:758:cc/r300f:Kh|Qs/Ah:100|-100:rocks|deepstack
STATE:759:cc/cc:Ks|Qs/Ah:100|-100:deepstack|rocks
STATE:760:cc/cc:As|Qs/Qh:-100|100:rocks|deepstack
STATE:761:r1200c/:Ah|As/Qh:0|0:deepstack|rocks
STATE:762:cr1200f:Qh|As:-100|100:rocks|deepstack
STATE:763:cc/cr300f:Qh|Kh/Ks:-100|100:deepstack|rocks
STATE:764:cr1200f:Qs|As:-100|100:rocks|deepstack
STATE:765:r1200f:As|Ks:100|-100:deepstack|rocks
STATE:766:cr1200f:Ks|As:-100|100:rocks|deepstack
STATE:767:cc/cc:Ks|Qs/Ah:100|-100:deepstack|rocks
STATE:768:r1200f:As|Qh:100|-100:rocks|deepstack
STATE:769:r1200f:As|Kh:100|-100:deepstack|rocks
STATE:770:cr1200f:Qh|Ah:-100|100:rocks|deepstack
STATE:771:r1200f:Ah|Qs:100|-100:deepstack|rocks
STATE:772:cr1200f:Ks|As:-100|100:rocks|deepstack
STATE:773:r1200f:As|Qs:100|-100:deepstack|rocks
STATE:774:cr1200f:Kh|As:-100|100:rocks|deepstack
STATE:775:r1200f:Ah|Ks:100|-100:deepstack|rocks
STATE:776:cc/cc:Ah|Kh/Qs:100|-100:rocks|deepstack
STATE:777:cr300f:Kh|Ah:-100|100:deepstack|rocks
STATE:778:cr1200f:Ks|Ah:-100|100:rocks|deepstack
STATE:779:cc/cc:Kh|Ks/Ah:0|0:deepstack|rocks
STATE:780:r1200f:Ah|Ks:100|-100:rocks|deepstack
STATE:781:cr300f:Ks|As:-100|100:deepstack|rocks
STATE:782:cr1200c/:Ah|As/Ks:0|0:rocks|deepstack
STATE:783:cc/cc:Qh|Qs/Ks:0|0:deepstack|rocks
STATE:784:cr1200f:Kh|As:-100|100:rocks|deepstack
STATE:785:r1200f:As|Qh:100|-100:deepstack|rocks
STATE:786:cr1200f:Qs|Ah:-100|100:rocks|deepstack
STATE:787:cc/cc:Qh|Ah/Ks:-100|100:deepstack|rocks
STATE:788:cc/cc:As|Ks/Qh:100|-100:rocks|deepstack
STATE:789:cr300f:Kh|As:-100|100:deepstack|rocks
STATE:790:cr1200c/:As|Ah/Kh:0|0:rocks|deepstack
STATE:791:cc/cc:Kh|Qh/Ah:100|-100:deepstack|rocks
STATE:792:r1200f:As|Qh:100|-100:rocks|deepstack
STATE:793:cr300f:Kh|As:-100|100:deepstack|rocks
STATE:794:cc/cc:Kh|Ks/Qh:0|0:rocks|deepstack
STATE:795:r1200f:As|Qs:100|-100:deepstack|rocks
STATE:796:cc/cc:Kh|Qh/Ks:100|-100:rocks|deepstack
STATE:797:cr300f:Qh|Ks:-100|100:deepstack|rocks
STATE:798:cr1200f:Qs|As:-100|100:rocks|deepstack
STATE:799:cr300f:Qs|Kh:-100|100:deepstack|rocks
STATE:800:cr1200c/:As|Ah/Qs:0|0:rocks|deepstack
STATE:801:cc/cc:Kh|Qh/Ks:100|-100:deepstack|rocks
STATE:802:cr1200f:Qs|Ah:-100|100:rocks|deepstack
STATE:803:cc/cc:Ks|Kh/Ah:0|0:deepstack|rocks
STATE:804:cr1200c/:Ah|As/Qh:0|0:rocks|deepstack
STATE:805:cc/cc:Qh|Qs/Ah:0|0:deepstack|rocks
STATE:806:cr1200f:Kh|As:-100|100:rocks|deepstack
STATE:807:r1200f:As|Qh:100|-100:deepstack|rocks
STATE:808:r1200c/:As|Ah/Qh:0|0:rocks|deepstack
STATE:809:cc/cc:Ks|Qs/Kh:100|-100:deepstack|rocks
STATE:810:r300f:Ks|Qs:100|-100:rocks|deepstack
STATE:811:cr300f:Qs|As:-100|100:deepstack|rocks
STATE:812:cr1200f:Qh|As:-100|100:rocks|deepstack
STATE:813:r1200f:As|Qh:100|-100:deepstack|rocks
STATE:814:cc/cc:Qh|Ks/As:-100|100:rocks|deepstack
STATE:815:r1200f:Ah|Kh:100|-100:deepstack|rocks
STATE:816:r1200f:Ah|Qh:100|-100:rocks|deepstack
STATE:817:r1200c/:Ah|As/Ks:0|0:deepstack|rocks
STATE:818:cc/r300f:As|Kh/Ah:100|-100:rocks|deepstack
STATE:819:r1200f:Ah|Qs:100|-100:deepstack|rocks
STATE:820:cr1200c/:Ah|As/Ks:0|0:rocks|deepstack
STATE:821:cc/cr300f:Qh|Kh/Qs:-100|100:deepstack|rocks
STATE:822:r1200f:Ah|Kh:100|-100:rocks|deepstack
STATE:823:cr300f:Kh|As:-100|100:deepstack|rocks
STATE:824:cc/cc:Qs|Ks/Ah:-100|100:rocks|deepstack
STATE:825:cc/cc:Qh|Qs/Ah:0|0:deepstack|rocks
STATE:826:cc/cc:As|Qs/Kh:100|-100:rocks|deepstack
STATE:827:cr300f:Qh|As:-100|100:deepstack|rocks
STATE:828:cc/cc:Kh|Ks/Qh:0|0:rocks|deepstack
STATE:829:r1200c/:Ah|As/Kh:0|0:deepstack|rocks
STATE:830:cc/cc:Ah|Kh/Qh:100|-100:rocks|deepstack
STATE:831:cr300f:Ks|Qh:-100|100:deepstack|rocks
STATE:832:cc/r1200f:Ah|Ks/As:100|-100:rocks|deepstack
STATE:833:cr1200f:Qs|Ah:-100|100:deepstack|rocks
STATE:834:cc/r1200f:Qs|Qh/Ah:100|-100:rocks|deepstack
STATE:835:cr300f:Ks|Ah:-100|100:deepstack|rocks
STATE:836:cr1200f:Ks|As:-100|100:rocks|deepstack
STATE:837:cc/cc:Ks|Qs/Ah:100|-100:deepstack|rocks
STATE:838:cc/r300f:Ks|Qh/Ah:100|-100:rocks|deepstack
STATE:839:r1200f:As|Qs:100|-100:deepstack|rocks
STATE:840:cr1200c/:As|Ah/Qs:0|0:rocks|deepstack
STATE:841:r1200f:As|Qh:100|-100:deepstack|rocks
STATE:842:cc/cc:Ah|Qs/Kh:100|-100:rocks|deepstack
STATE:843:cr1200f:Kh|As:-100|100:deepstack|rocks
STATE:844:cc/cc:Qh|Ks/Ah:-100|100:rocks|deepstack
STATE:845:cc/cc:Qs|As/Qh:100|-100:deepstack|rocks
STATE:846:cc/cc:Kh|Ks/Qh:0|0:rocks|deepstack
STATE:847:r1200f:As|Kh:100|-100:deepstack|rocks
STATE:848:cc/cc:Qs|Ks/Ah:-100|100:rocks|deepstack
STATE:849:r1200c/:Ah|As/Qs:0|0:deepstack|rocks
STATE:850:cc/cc:Kh|Qh/Ks:100|-100:rocks|deepstack
STATE:851:cc/cc:Kh|Ks/Qh:0|0:deepstack|rocks
STATE:852:cc/cc:Kh|Qh/Ks:100|-100:rocks|deepstack
STATE:853:cc/cc:Qh|Qs/Kh:0|0:deepstack|rocks
STATE:854:cc/cc:Qs|Ks/Kh:-100|100:rocks|deepstack
STATE:855:cr300f:Ks|Ah:-100|100:deepstack|rocks
STATE:856:cc/cc:Ks|Qs/Kh:100|-100:rocks|deepstack
STATE:857:r1200f:As|Ks:100|-100:deepstack|rocks
STATE:858:r300f:As|Qh:100|-100:rocks|deepstack
STATE:859:cc/cc:Qh|Kh/Ah:-100|100:deepstack|rocks
STATE:860:cr1200c/:Ah|As/Ks:0|0:rocks|deepstack
STATE:861:cc/cc:Qs|Kh/Ah:-100|100:deepstack|rocks
STATE:862:cr1200f:Kh|As:-100|100:rocks|deepstack
STATE:863:cc/cc:Kh|Ks/As:0|0:deepstack|rocks
STATE:864:r1200f:As|Qs:100|-100:rocks|deepstack
STATE:865:r1200c/:As|Ah/Qs:0|0:deepstack|rocks
STATE:866:cc/cc:Qh|Ks/Qs:100|-100:rocks|deepstack
STATE:867:cr300f:Kh|Ks:-100|100:deepstack|rocks
STATE:868:cr1200f:Qs|As:-100|100:rocks|deepstack
STATE:869:r1200f:Ah|Qh:100|-100:deepstack|rocks
STATE:870:cc/cc:Qh|Kh/Ah:-100|100:rocks|deepstack
STATE:871:cr300f:Kh|Ah:-100|100:deepstack|rocks
STATE:872:cc/cc:Ks|Qs/Qh:-100|100:rocks|deepstack
STATE:873:cc/cr300f:Ks|Qh/Qs:-100|100:deepstack|rocks
STATE:874:cc/cc:Ks|Qs/Qh:-100|100:rocks|deepstack
STATE:875:cc/cc:Qs|Kh/Ah:-100|100:deepstack|rocks
STATE:876:cc/cc:Ah|Qh/Kh:100|-100:rocks|deepstack
STATE:877:cr300f:Kh|Ah:-100|100:deepstack|rocks
STATE:878:cr1200f:Qs|As:-100|100:rocks|deepstack
STATE:879:cc/cr300f:Qh|Kh/Ks:-100|100:deepstack|rocks
STATE:880:cc/cc:As|Qh/Qs:-100|100:rocks|deepstack
STATE:881:cr300f:Ks|Qs:-100|100:deepstack|rocks
STATE:882:cc/cc:Kh|Qs/Ah:100|-100:rocks|deepstack
STATE:883:cr300f:Ks|Qs:-100|100:deepstack|rocks
STATE:884:cr1200f:Kh|Ah:-100|100:rocks|deepstack
STATE:885:r1200f:Ah|Qs:100|-100:deepstack|rocks
STATE:886:cc/cc:Qh|Kh/Ah:-100|100:rocks|deepstack
STATE:887:r1200f:Ah|Kh:100|-100:deepstack|rocks
STATE:888:cr1200f:Ks|As:-100|100:rocks|deepstack
STATE:889:cc/cc:Kh|Ks/Qs:0|0:deepstack|rocks
STATE:890:cc/cc:Qh|Ks/Qs:100|-100:rocks|deepstack
STATE:891:cc/cc:Qs|Ks/Qh:100|-100:deepstack|rocks
STATE:892:cc/cc:Qh|Qs/Ah:0|0:rocks|deepstack
STATE:893:cc/cr300f:Qh|Ks/Kh:-100|100:deepstack|rocks
STATE:894:cr1200f:Qh|As:-100|100:rocks|deepstack
STATE:895:r1200f:As|Qh:100|-100:deepstack|rocks
STATE:896:r300f:As|Kh:100|-100:rocks|deepstack
STATE:897:cr300f:Ks|As:-100|100:deepstack|rocks
STATE:898:cr1200f:Qs|As:-100|100:rocks|deepstack
STATE:899:r1200f:As|Qs:100|-100:deepstack|rocks
STATE:900:cc/cc:Qs|Qh/Ah:0|0:rocks|deepstack
STATE:901:cc/cc:Kh|Ks/Qh:0|0:deepstack|rocks
STATE:902:r1200f:Ah|Qh:100|-100:rocks|deepstack
STATE:903:cr300f:Qh|Kh:-100|100:deepstack|rocks
STATE:904:cc/cc:As|Qs/Kh:100|-100:rocks|deepstack
STATE:905:r1200f:As|Ks:100|-100:deepstack|rocks
STATE:906:cr1200f:Ks|Ah:-100|100:rocks|deepstack
STATE:907:cr300f:Ks|As:-100|100:deepstack|rocks
STATE:908:cr1200f:Ks|As:-100|100:rocks|deepstack
STATE:909:r1200f:As|Qh:100|-100:deepstack|rocks
STATE:910:cc/r300f:As|Qs/Ah:100|-100:rocks|deepstack
STATE:911:cr300f:Ks|Ah:-100|100:deepstack|rocks
STATE:912:r1200f:As|Qs:100|-100:rocks|deepstack
STATE:913:cc/cr300f:Qh|Ks/Ah:-100|100:deepstack|rocks
STATE:914:r1200f:Ah|Kh:100|-100:rocks|deepstack
STATE:915:cr300f:Ks|As:-100|100:deepstack|rocks
STATE:916:cc/cc:Qh|Ks/Qs:100|-100:rocks|deepstack
STATE:917:r1200c/:As|Ah/Ks:0|0:deepstack|rocks
STATE:918:r300f:Ks|Kh:100|-100:rocks|deepstack
STATE:919:cc/cc:Kh|Ks/Ah:0|0:deepstack|rocks
STATE:920:cc/cc:As|Qs/Ks:100|-100:rocks|deepstack
STATE:921:cc/cc:Qh|Ks/As:-100|100:deepstack|rocks
STATE:922:cr1200c/:Ah|As/Kh:0|0:rocks|deepstack
STATE:923:cr300f:Kh|Ah:-100|100:deepstack|rocks
STATE:924:r1200c/:As|Ah/Kh:0|0:rocks|deepstack
STATE:925:r1200f:As|Ks:100|-100:deepstack|rocks
STATE:926:cc/cc:As|Kh/Qs:100|-100:rocks|deepstack
STATE:927:r1200f:Ah|Qh:100|-100:deepstack|rocks
STATE:928:cc/cc:Ks|Qs/As:100|-100:rocks|deepstack
STATE:929:cc/cr300f:Kh|Ks/Qs:-100|100:deepstack|rocks
STATE:930:cc/cc:Ks|Qh/Qs:-100|100:rocks|deepstack
STATE:931:cc/cc:Ks|Kh/As:0|0:deepstack|rocks
STATE:932:cr1200f:Ks|As:-100|100:rocks|deepstack
STATE:933:cr300f:Kh|Ah:-100|100:deepstack|rocks
STATE:934:cr1200f:Kh|As:-100|100:rocks|deepstack
STATE:935:r1200f:Ah|Ks:100|-100:deepstack|rocks
STATE:936:r1200f:As|Qh:100|-100:rocks|deepstack
STATE:937:r1200f:Ah|Qs:100|-100:deepstack|rocks
STATE:938:r1200f:As|Qs:100|-100:rocks|deepstack
STATE:939:cr300f:Qs|Ah:-100|100:deepstack|rocks
STATE:940:r1200f:Ah|Qs:100|-100:rocks|deepstack
STATE:941:cc/cc:Kh|Qs/As:100|-100:deepstack|rocks
STATE:942:cr1200f:Kh|As:-100|100:rocks|deepstack
STATE:943:cr300f:Qs|As:-100|100:deepstack|rocks
STATE:944:cc/r300f:As|Qs/Ah:100|-100:rocks|deepstack
STATE:945:r1200c/:Ah|As/Ks:0|0:deepstack|rocks
STATE:946:cc/cc:Qh|Ks/As:-100|100:rocks|deepstack
STATE:947:cr1200f:Qh|Ah:-100|100:deepstack|rocks
STATE:948:cc/r300f:Ks|Kh/As:100|-100:rocks|deepstack
STATE:949:cr1200f:Ks|As:-100|100:deepstack|rocks
STATE:950:cc/cc:As|Qh/Qs:-100|100:rocks|deepstack
STATE:951:cr300f:Kh|Qh:-100|100:deepstack|rocks
STATE:952:cr1200c/:As|Ah/Qs:0|0:rocks|deepstack
STATE:953:cr300f:Ks|Kh:-100|100:deepstack|rocks
STATE:954:cc/cc:Qs|Ks/As:-100|100:rocks|deepstack
STATE:955:r1200c/:As|Ah/Qh:0|0:deepstack|rocks
STATE:956:cr1200f:Qs|As:-100|100:rocks|deepstack
STATE:957:cr300f:Qh|Ah:-100|100:deepstack|rocks
STATE:958:cr1200f:Ks|As:-100|100:rocks|deepstack
STATE:959:cr300f:Qs|Ah:-100|100:deepstack|rocks
STATE:960:cr1200f:Kh|Ah:-100|100:rocks|deepstack
STATE:961:r1200c/:As|Ah/Qh:0|0:deepstack|rocks
STATE:962:cc/cc:As|Qs/Qh:-100|100:rocks|deepstack
STATE:963:cr300f:Qs|Ks:-100|100:deepstack|rocks
STATE:964:cc/cc:Kh|Qh/Ks:100|-100:rocks|deepstack
STATE:965:r1200f:Ah|Kh:100|-100:deepstack|rocks
STATE:966:cr1200f:Qh|As:-100|100:rocks|deepstack
STATE:967:cr300f:Qs|Ah:-100|100:deepstack|rocks
STATE:968:r1200f:Ah|Kh:100|-100:rocks|deepstack
STATE:969:cr300f:Qs|Ah:-100|100:deepstack|rocks
STATE:970:cr1200f:Qs|Ah:-100|100:rocks|deepstack
STATE:971:cr1200f:Qh|Ah:-100|100:deepstack|rocks
STATE:972:r300f:Ah|Kh:100|-100:rocks|deepstack
STATE:973:cr300f:Qs|Ah:-100|100:deepstack|rocks
STATE:974:cc/cc:Qh|Qs/As:0|0:rocks|deepstack
STATE:975:r1200f:As|Qs:100|-100:deepstack|rocks
STATE:976:cc/cc:Kh|Qh/Qs:-100|100:rocks|deepstack
STATE:977:r1200f:Ah|Qs:100|-100:deepstack|rocks
STATE:978:cc/cc:Qs|Qh/Kh:0|0:rocks|deepstack
STATE:979:r1200f:As|Qs:100|-100:deepstack|rocks
STATE:980:cc/r1200f:Qs|Ks/Ah:100|-100:rocks|deepstack
STATE:981:r1200f:Ah|Ks:100|-100:deepstack|rocks
STATE:982:cr1200f:Qs|Ah:-100|100:rocks|deepstack
STATE:983:cr300f:Kh|As:-100|100:deepstack|rocks
STATE:984:cr1200c/:As|Ah/Qh:0|0:rocks|deepstack
STATE:985:cr300f:Qh|Ks:-100|100:deepstack|rocks
STATE:986:cr1200f:Qs|As:-100|100:rocks|deepstack
STATE:987:cc/cc:Kh|Qs/Ah:100|-100:deepstack|rocks
STATE:988:r1200f:As|Qs:100|-100:rocks|deepstack
STATE:989:cc/cc:Qs|Kh/Qh:100|-100:deepstack|rocks
STATE:990:cr1200f:Qs|Ah:-100|100:rocks|deepstack
STATE:991:r1200f:Ah|Ks:100|-100:deepstack|rocks
STATE:992:cr1200f:Qh|As:-100|100:rocks|deepstack
STATE:993:r1200f:As|Kh:100|-100:deepstack|rocks
STATE:994:cr1200f:Kh|As:-100|100:rocks|deepstack
STATE:995:r1200f:Ah|Ks:100|-100:deepstack|rocks
STATE:996:cc/cc:Qs|Kh/Qh:100|-100:rocks|deepstack
STATE:997:cr300f:Qh|As:-100|100:deepstack|rocks
STATE:998:cr1200f:Qh|As:-100|100:rocks|deepstack
STATE:999:r1200f:As|Qh:100|-100:deepstack|rocks
SCORE:6100|-6100:rocks|deepstack
