# name/game/hands/seed allinvdeepstack1000 ./DeepStack-Leduc/ACPCServer/leduc.game 1000 5
#--t_response 600000
#--t_hand 600000
#--t_per_hand 7000
STATE:0:cr1200c/:As|Ks/Qs:1200|-1200:allin|deepstack
STATE:1:r1200f:Qs|Kh:100|-100:deepstack|allin
STATE:2:cr1200f:Ks|Qs:-100|100:allin|deepstack
STATE:3:r1200c/:Ks|As/Ah:-1200|1200:deepstack|allin
STATE:4:r1200c/:As|Ah/Ks:0|0:allin|deepstack
STATE:5:r1200f:Qh|Qs:100|-100:deepstack|allin
STATE:6:r1200c/:As|Ks/Kh:-1200|1200:allin|deepstack
STATE:7:r1200c/:Qs|Ah/As:-1200|1200:deepstack|allin
STATE:8:r1200c/:Ah|As/Qs:0|0:allin|deepstack
STATE:9:r1200c/:Qs|As/Ah:-1200|1200:deepstack|allin
STATE:10:cr1200f:Qh|Ks:-100|100:allin|deepstack
STATE:11:r1200c/:Qh|As/Kh:-1200|1200:deepstack|allin
STATE:12:cr1200f:Kh|Ks:-100|100:allin|deepstack
STATE:13:r1200c/:Kh|As/Ks:1200|-1200:deepstack|allin
STATE:14:cr1200f:Qh|Ah:-100|100:allin|deepstack
STATE:15:r1200c/:Ks|As/Ah:-1200|1200:deepstack|allin
STATE:16:cr1200f:Ks|Qh:-100|100:allin|deepstack
STATE:17:r1200f:Ah|Kh:100|-100:deepstack|allin
STATE:18:r1200c/:As|Kh/Qs:1200|-1200:allin|deepstack
STATE:19:r1200f:Ah|Kh:100|-100:deepstack|allin
STATE:20:cr1200f:Qs|Ah:-100|100:allin|deepstack
STATE:21:r1200f:Ah|Qh:100|-100:deepstack|allin
STATE:22:cr1200f:Kh|Ks:-100|100:allin|deepstack
STATE:23:r1200c/:Qs|Ah/Ks:-1200|1200:deepstack|allin
STATE:24:r300r1200f:Kh|As:-300|300:allin|deepstack
STATE:25:r1200f:Ah|Ks:100|-100:deepstack|allin
STATE:26:cr1200c/:As|Ks/Ah:1200|-1200:allin|deepstack
STATE:27:r1200f:As|Qh:100|-100:deepstack|allin
STATE:28:cr1200f:Kh|Ah:-100|100:allin|deepstack
STATE:29:r1200c/:Qh|Ah/Ks:-1200|1200:deepstack|allin
STATE:30:cr1200c/:Ah|As/Kh:0|0:allin|deepstack
STATE:31:r1200f:Ks|Qh:100|-100:deepstack|allin
STATE:32:cr1200f:Qs|Qh:-100|100:allin|deepstack
STATE:33:r1200c/:As|Ah/Kh:0|0:deepstack|allin
STATE:34:cr1200f:Ks|As:-100|100:allin|deepstack
STATE:35:r1200c/:Qs|Ah/Qh:1200|-1200:deepstack|allin
STATE:36:cr1200f:Qh|Ks:-100|100:allin|deepstack
STATE:37:r1200c/:Kh|As/Ah:-1200|1200:deepstack|allin
STATE:38:cr1200f:Ks|Kh:-100|100:allin|deepstack
STATE:39:r1200f:Ah|Qh:100|-100:deepstack|allin
STATE:40:r1200c/:Ah|Qh/As:1200|-1200:allin|deepstack
STATE:41:r1200c/:Qh|As/Kh:-1200|1200:deepstack|allin
STATE:42:cr1200f:Qh|Ah:-100|100:allin|deepstack
STATE:43:r1200f:Kh|Ks:100|-100:deepstack|allin
STATE:44:cr1200f:Qs|Qh:-100|100:allin|deepstack
STATE:45:r1200f:As|Kh:100|-100:deepstack|allin
STATE:46:cr1200c/:Ah|Ks/Qh:1200|-1200:allin|deepstack
STATE:47:r1200f:Kh|Ks:100|-100:deepstack|allin
STATE:48:cr1200c/:As|Qs/Kh:1200|-1200:allin|deepstack
STATE:49:r1200c/:Kh|As/Qh:-1200|1200:deepstack|allin
STATE:50:cr1200f:Ks|As:-100|100:allin|deepstack
STATE:51:r1200f:As|Ks:100|-100:deepstack|allin
STATE:52:cr1200f:Ks|Qh:-100|100:allin|deepstack
STATE:53:r1200f:Qh|Kh:100|-100:deepstack|allin
STATE:54:r300r1200f:Kh|Qs:-300|300:allin|deepstack
STATE:55:r1200f:Kh|Qs:100|-100:deepstack|allin
STATE:56:cr1200c/:As|Qh/Kh:1200|-1200:allin|deepstack
STATE:57:r1200c/:Qh|Ah/Ks:-1200|1200:deepstack|allin
STATE:58:cr1200f:Kh|Qh:-100|100:allin|deepstack
STATE:59:r1200c/:Ks|As/Kh:1200|-1200:deepstack|allin
STATE:60:cr1200f:Kh|Qs:-100|100:allin|deepstack
STATE:61:r1200f:Qh|Ks:100|-100:deepstack|allin
STATE:62:cr1200c/:As|Qh/Ks:1200|-1200:allin|deepstack
STATE:63:r1200f:Ks|Kh:100|-100:deepstack|allin
STATE:64:cr1200c/:As|Qs/Qh:-1200|1200:allin|deepstack
STATE:65:r1200f:Qs|Kh:100|-100:deepstack|allin
STATE:66:cr1200f:Qh|Kh:-100|100:allin|deepstack
STATE:67:r1200f:Ah|Ks:100|-100:deepstack|allin
STATE:68:cr1200f:Kh|As:-100|100:allin|deepstack
STATE:69:r1200f:Qs|Ks:100|-100:deepstack|allin
STATE:70:cr1200f:Qh|Kh:-100|100:allin|deepstack
STATE:71:r1200f:Qs|Ks:100|-100:deepstack|allin
STATE:72:cr1200f:Kh|Ks:-100|100:allin|deepstack
STATE:73:r1200c/:Qs|Ah/Ks:-1200|1200:deepstack|allin
STATE:74:r1200c/:Ah|Ks/As:1200|-1200:allin|deepstack
STATE:75:r1200f:Ah|Ks:100|-100:deepstack|allin
STATE:76:cr1200f:Kh|Qs:-100|100:allin|deepstack
STATE:77:r1200f:Ah|Ks:100|-100:deepstack|allin
STATE:78:cr1200c/:As|Kh/Qh:1200|-1200:allin|deepstack
STATE:79:r1200f:Kh|Qs:100|-100:deepstack|allin
STATE:80:cr1200f:Qh|Ah:-100|100:allin|deepstack
STATE:81:r1200c/:Qs|As/Qh:1200|-1200:deepstack|allin
STATE:82:cr1200c/:Ah|Ks/As:1200|-1200:allin|deepstack
STATE:83:r1200f:Qh|Ks:100|-100:deepstack|allin
STATE:84:cr1200f:Ks|As:-100|100:allin|deepstack
STATE:85:r1200f:Kh|Ks:100|-100:deepstack|allin
STATE:86:cr1200f:Qs|Kh:-100|100:allin|deepstack
STATE:87:r1200f:Ks|Qh:100|-100:deepstack|allin
STATE:88:r1200c/:Ah|Kh/As:1200|-1200:allin|deepstack
STATE:89:r1200c/:Kh|As/Qs:-1200|1200:deepstack|allin
STATE:90:cr1200f:Kh|Qs:-100|100:allin|deepstack
STATE:91:r1200f:Ah|Qh:100|-100:deepstack|allin
STATE:92:cr1200c/:As|Kh/Ah:1200|-1200:allin|deepstack
STATE:93:r1200f:Kh|Qs:100|-100:deepstack|allin
STATE:94:cr1200f:Ks|Ah:-100|100:allin|deepstack
STATE:95:r1200f:Ks|Kh:100|-100:deepstack|allin
STATE:96:cr1200f:Qh|As:-100|100:allin|deepstack
STATE:97:r1200c/:As|Ah/Ks:0|0:deepstack|allin
STATE:98:cr1200f:Qs|As:-100|100:allin|deepstack
STATE:99:r1200f:Qs|Kh:100|-100:deepstack|allin
STATE:100:cr1200f:Qs|Kh:-100|100:allin|deepstack
STATE:101:r1200c/:Kh|As/Qs:-1200|1200:deepstack|allin
STATE:102:r300r1200f:Ks|Ah:-300|300:allin|deepstack
STATE:103:r1200c/:Ks|Ah/Qs:-1200|1200:deepstack|allin
STATE:104:cr1200f:Qs|Ah:-100|100:allin|deepstack
STATE:105:r1200c/:Qh|As/Kh:-1200|1200:deepstack|allin
STATE:106:r1200c/:As|Ah/Qs:0|0:allin|deepstack
STATE:107:r1200c/:Qs|As/Ah:-1200|1200:deepstack|allin
STATE:108:r1200c/:As|Qh/Qs:-1200|1200:allin|deepstack
STATE:109:r1200f:Qh|Ks:100|-100:deepstack|allin
STATE:110:cr1200c/:As|Qs/Ah:1200|-1200:allin|deepstack
STATE:111:r1200c/:Qs|Ah/As:-1200|1200:deepstack|allin
STATE:112:cr1200f:Qh|Kh:-100|100:allin|deepstack
STATE:113:r1200f:Qh|Qs:100|-100:deepstack|allin
STATE:114:cr1200c/:Ah|Qs/Qh:-1200|1200:allin|deepstack
STATE:115:r1200c/:Qs|As/Kh:-1200|1200:deepstack|allin
STATE:116:cr1200f:Qs|As:-100|100:allin|deepstack
STATE:117:r1200f:As|Qh:100|-100:deepstack|allin
STATE:118:cr1200f:Qh|Kh:-100|100:allin|deepstack
STATE:119:r1200f:Ks|Kh:100|-100:deepstack|allin
STATE:120:cr1200f:Ks|Ah:-100|100:allin|deepstack
STATE:121:r1200f:Qh|Kh:100|-100:deepstack|allin
STATE:122:cr1200f:Ks|Qs:-100|100:allin|deepstack
STATE:123:r1200f:Qs|Qh:100|-100:deepstack|allin
STATE:124:cr1200f:Ks|Kh:-100|100:allin|deepstack
STATE:125:r1200c/:Ks|As/Qs:-1200|1200:deepstack|allin
STATE:126:cr1200c/:As|Ks/Qs:1200|-1200:allin|deepstack
STATE:127:r1200f:Qs|Qh:100|-100:deepstack|allin
STATE:128:cr1200f:Kh|Qs:-100|100:allin|deepstack
STATE:129:r1200f:Kh|Ks:100|-100:deepstack|allin
STATE:130:cr1200c/:As|Ah/Kh:0|0:allin|deepstack
STATE:131:r1200c/:Ah|As/Ks:0|0:deepstack|allin
STATE:132:cr1200f:Ks|Kh:-100|100:allin|deepstack
STATE:133:r1200f:Ah|Qh:100|-100:deepstack|allin
STATE:134:cr1200c/:Ah|Kh/Ks:-1200|1200:allin|deepstack
STATE:135:r1200f:As|Qs:100|-100:deepstack|allin
STATE:136:cr1200f:Qh|Qs:-100|100:allin|deepstack
STATE:137:r1200f:Qh|Qs:100|-100:deepstack|allin
STATE:138:cr1200f:Qh|Ah:-100|100:allin|deepstack
STATE:139:r1200c/:Qh|Ah/Ks:-1200|1200:deepstack|allin
STATE:140:r1200c/:Ah|Qs/Qh:-1200|1200:allin|deepstack
STATE:141:r1200f:Kh|Ks:100|-100:deepstack|allin
STATE:142:r1200c/:As|Kh/Ks:-1200|1200:allin|deepstack
STATE:143:r1200c/:Kh|As/Ah:-1200|1200:deepstack|allin
STATE:144:cr1200f:Qh|Ks:-100|100:allin|deepstack
STATE:145:r1200c/:Qs|As/Qh:1200|-1200:deepstack|allin
STATE:146:cr1200f:Ks|Kh:-100|100:allin|deepstack
STATE:147:r1200c/:Kh|Ah/Qs:-1200|1200:deepstack|allin
STATE:148:r1200c/:Ah|Ks/Qs:1200|-1200:allin|deepstack
STATE:149:r1200f:Qh|Kh:100|-100:deepstack|allin
STATE:150:cr1200c/:Ah|Qs/Ks:1200|-1200:allin|deepstack
STATE:151:r1200f:Qh|Ks:100|-100:deepstack|allin
STATE:152:cr1200c/:As|Ah/Qs:0|0:allin|deepstack
STATE:153:r1200f:Ks|Kh:100|-100:deepstack|allin
STATE:154:r1200c/:As|Qs/Kh:1200|-1200:allin|deepstack
STATE:155:r1200c/:Qh|Ah/Ks:-1200|1200:deepstack|allin
STATE:156:cr1200f:Qs|Ah:-100|100:allin|deepstack
STATE:157:r1200c/:Ah|As/Qh:0|0:deepstack|allin
STATE:158:cr1200f:Ks|Qs:-100|100:allin|deepstack
STATE:159:r1200c/:Qh|Ah/As:-1200|1200:deepstack|allin
STATE:160:cr1200f:Qh|Qs:-100|100:allin|deepstack
STATE:161:r1200c/:As|Ah/Qs:0|0:deepstack|allin
STATE:162:cr1200f:Ks|Qh:-100|100:allin|deepstack
STATE:163:r1200c/:As|Ah/Ks:0|0:deepstack|allin
STATE:164:cr1200f:Ks|Ah:-100|100:allin|deepstack
STATE:165:r1200f:Ah|Kh:100|-100:deepstack|allin
STATE:166:cr1200f:Ks|As:-100|100:allin|deepstack
STATE:167:r1200f:As|Qs:100|-100:deepstack|allin
STATE:168:cr1200f:Qh|As:-100|100:allin|deepstack
STATE:169:r1200f:Qh|Kh:100|-100:deepstack|allin
STATE:170:cr1200f:Kh|Qh:-100|100:allin|deepstack
STATE:171:r1200f:As|Qs:100|-100:deepstack|allin
STATE:172:cr1200f:Ks|As:-100|100:allin|deepstack
STATE:173:r1200c/:Qh|Ah/Kh:-1200|1200:deepstack|allin
STATE:174:cr1200f:Ks|Qs:-100|100:allin|deepstack
STATE:175:r1200f:Ah|Qs:100|-100:deepstack|allin
STATE:176:cr1200c/:Ah|Qs/Qh:-1200|1200:allin|deepstack
STATE:177:r1200f:Ks|Qs:100|-100:deepstack|allin
STATE:178:r1200c/:As|Ah/Kh:0|0:allin|deepstack
STATE:179:r1200c/:As|Ah/Kh:0|0:deepstack|allin
STATE:180:r1200c/:Ah|As/Kh:0|0:allin|deepstack
STATE:181:r1200c/:Ks|Ah/Qs:-1200|1200:deepstack|allin
STATE:182:cr1200f:Ks|Kh:-100|100:allin|deepstack
STATE:183:r1200f:Ks|Qh:100|-100:deepstack|allin
STATE:184:cr1200f:Qs|Kh:-100|100:allin|deepstack
STATE:185:r1200f:As|Qs:100|-100:deepstack|allin
STATE:186:cr1200f:Qs|Ks:-100|100:allin|deepstack
STATE:187:r1200c/:Qs|Ah/Qh:1200|-1200:deepstack|allin
STATE:188:cr1200f:Qs|Kh:-100|100:allin|deepstack
STATE:189:r1200c/:Kh|Ah/As:-1200|1200:deepstack|allin
STATE:190:cr1200f:Qh|Ah:-100|100:allin|deepstack
STATE:191:r1200c/:Ks|As/Qh:-1200|1200:deepstack|allin
STATE:192:cr1200f:Ks|Kh:-100|100:allin|deepstack
STATE:193:r1200c/:Qs|As/Kh:-1200|1200:deepstack|allin
STATE:194:cr1200f:Qs|Kh:-100|100:allin|deepstack
STATE:195:r1200f:Ah|Ks:100|-100:deepstack|allin
STATE:196:cr1200c/:As|Ks/Qh:1200|-1200:allin|deepstack
STATE:197:r1200c/:Qs|As/Kh:-1200|1200:deepstack|allin
STATE:198:cr1200f:Kh|Ah:-100|100:allin|deepstack
STATE:199:r1200f:As|Qs:100|-100:deepstack|allin
STATE:200:cr1200f:Ks|Qh:-100|100:allin|deepstack
STATE:201:r1200f:As|Kh:100|-100:deepstack|allin
STATE:202:cr1200f:Qh|Kh:-100|100:allin|deepstack
STATE:203:r1200f:Qs|Qh:100|-100:deepstack|allin
STATE:204:cr1200f:Ks|Qs:-100|100:allin|deepstack
STATE:205:r1200c/:Qs|Ah/Ks:-1200|1200:deepstack|allin
STATE:206:cr1200c/:Ah|As/Kh:0|0:allin|deepstack
STATE:207:r1200f:Ks|Kh:100|-100:deepstack|allin
STATE:208:cr1200f:Kh|Ks:-100|100:allin|deepstack
STATE:209:r1200c/:Ah|As/Qs:0|0:deepstack|allin
STATE:210:cr1200f:Qh|Kh:-100|100:allin|deepstack
STATE:211:r1200f:Kh|Ks:100|-100:deepstack|allin
STATE:212:cr1200f:Qs|Kh:-100|100:allin|deepstack
STATE:213:r1200c/:Qs|As/Ks:-1200|1200:deepstack|allin
STATE:214:cr1200f:Qs|Qh:-100|100:allin|deepstack
STATE:215:r1200c/:Qs|Ah/As:-1200|1200:deepstack|allin
STATE:216:cr1200f:Ks|As:-100|100:allin|deepstack
STATE:217:r1200f:As|Qs:100|-100:deepstack|allin
STATE:218:cr1200f:Qh|Ks:-100|100:allin|deepstack
STATE:219:r1200f:Qs|Ks:100|-100:deepstack|allin
STATE:220:cr1200f:Qh|As:-100|100:allin|deepstack
STATE:221:r1200f:Kh|Ks:100|-100:deepstack|allin
STATE:222:cr1200f:Ks|As:-100|100:allin|deepstack
STATE:223:r1200c/:Qs|Ah/Kh:-1200|1200:deepstack|allin
STATE:224:cr1200f:Kh|Qs:-100|100:allin|deepstack
STATE:225:r1200f:Ks|Qs:100|-100:deepstack|allin
STATE:226:cr1200f:Kh|As:-100|100:allin|deepstack
STATE:227:r1200f:Qh|Ks:100|-100:deepstack|allin
STATE:228:cr1200f:Ks|Kh:-100|100:allin|deepstack
STATE:229:r1200f:Ah|Qs:100|-100:deepstack|allin
STATE:230:cr1200f:Ks|Qh:-100|100:allin|deepstack
STATE:231:r1200f:Ks|Kh:100|-100:deepstack|allin
STATE:232:cr1200f:Qs|Kh:-100|100:allin|deepstack
STATE:233:r1200f:Qh|Qs:100|-100:deepstack|allin
STATE:234:cr1200f:Qs|Kh:-100|100:allin|deepstack
STATE:235:r1200c/:Kh|As/Qh:-1200|1200:deepstack|allin
STATE:236:cr1200f:Ks|Ah:-100|100:allin|deepstack
STATE:237:r1200f:Ks|Qh:100|-100:deepstack|allin
STATE:238:cr1200f:Qh|As:-100|100:allin|deepstack
STATE:239:r1200f:Ks|Qh:100|-100:deepstack|allin
STATE:240:r1200c/:Ah|Ks/Qs:1200|-1200:allin|deepstack
STATE:241:r1200f:Kh|Qs:100|-100:deepstack|allin
STATE:242:cr1200f:Qh|Qs:-100|100:allin|deepstack
STATE:243:r1200f:As|Kh:100|-100:deepstack|allin
STATE:244:cr1200f:Qh|Qs:-100|100:allin|deepstack
STATE:245:r1200f:Ah|Ks:100|-100:deepstack|allin
STATE:246:cr1200c/:As|Qs/Ah:1200|-1200:allin|deepstack
STATE:247:r1200f:Ks|Qs:100|-100:deepstack|allin
STATE:248:cr1200c/:As|Qs/Ks:1200|-1200:allin|deepstack
STATE:249:r1200f:Kh|Qs:100|-100:deepstack|allin
STATE:250:cr1200f:Qs|As:-100|100:allin|deepstack
STATE:251:r1200c/:Ks|Ah/Qs:-1200|1200:deepstack|allin
STATE:252:cr1200c/:As|Qh/Kh:1200|-1200:allin|deepstack
STATE:253:r1200f:Qh|Kh:100|-100:deepstack|allin
STATE:254:cr1200c/:As|Ah/Kh:0|0:allin|deepstack
STATE:255:r1200f:As|Ks:100|-100:deepstack|allin
STATE:256:cr1200f:Kh|Qh:-100|100:allin|deepstack
STATE:257:r1200f:Ah|Kh:100|-100:deepstack|allin
STATE:258:cr1200f:Ks|As:-100|100:allin|deepstack
STATE:259:r1200f:As|Qs:100|-100:deepstack|allin
STATE:260:cr1200f:Qs|Qh:-100|100:allin|deepstack
STATE:261:r1200f:As|Qh:100|-100:deepstack|allin
STATE:262:cr1200c/:Ah|As/Ks:0|0:allin|deepstack
STATE:263:r1200f:Kh|Qs:100|-100:deepstack|allin
STATE:264:cr1200f:Ks|Qs:-100|100:allin|deepstack
STATE:265:r1200f:Ah|Qs:100|-100:deepstack|allin
STATE:266:cr1200f:Kh|As:-100|100:allin|deepstack
STATE:267:r1200f:As|Kh:100|-100:deepstack|allin
STATE:268:cr1200f:Qs|Ks:-100|100:allin|deepstack
STATE:269:r1200f:Ks|Qs:100|-100:deepstack|allin
STATE:270:cr1200c/:As|Qh/Ah:1200|-1200:allin|deepstack
STATE:271:r1200f:Qs|Kh:100|-100:deepstack|allin
STATE:272:r1200c/:Ah|Qs/As:1200|-1200:allin|deepstack
STATE:273:r1200f:Qs|Kh:100|-100:deepstack|allin
STATE:274:cr1200f:Kh|As:-100|100:allin|deepstack
STATE:275:r1200f:As|Qs:100|-100:deepstack|allin
STATE:276:cr1200f:Ks|As:-100|100:allin|deepstack
STATE:277:r1200c/:Qh|As/Qs:1200|-1200:deepstack|allin
STATE:278:cr1200f:Qh|Kh:-100|100:allin|deepstack
STATE:279:r1200f:As|Kh:100|-100:deepstack|allin
STATE:280:r1200c/:Ah|Qh/Kh:1200|-1200:allin|deepstack
STATE:281:r1200c/:Kh|Ah/Ks:1200|-1200:deepstack|allin
STATE:282:cr1200f:Ks|Qh:-100|100:allin|deepstack
STATE:283:r1200c/:Qh|As/Ah:-1200|1200:deepstack|allin
STATE:284:r1200c/:Ah|Ks/Qs:1200|-1200:allin|deepstack
STATE:285:r1200f:Qh|Ks:100|-100:deepstack|allin
STATE:286:cr1200f:Kh|Qh:-100|100:allin|deepstack
STATE:287:r1200c/:Qs|Ah/Qh:1200|-1200:deepstack|allin
STATE:288:r300r1200f:Ks|Qs:-300|300:allin|deepstack
STATE:289:r1200c/:Ks|As/Qh:-1200|1200:deepstack|allin
STATE:290:cr1200f:Ks|Kh:-100|100:allin|deepstack
STATE:291:r1200f:Qh|Qs:100|-100:deepstack|allin
STATE:292:cr1200f:Qs|As:-100|100:allin|deepstack
STATE:293:r1200f:Qs|Ks:100|-100:deepstack|allin
STATE:294:cr1200f:Ks|Kh:-100|100:allin|deepstack
STATE:295:r1200f:Ah|Qh:100|-100:deepstack|allin
STATE:296:cr1200f:Qs|Kh:-100|100:allin|deepstack
STATE:297:r1200f:Qs|Kh:100|-100:deepstack|allin
STATE:298:cr1200f:Kh|Qs:-100|100:allin|deepstack
STATE:299:r1200c/:Qh|As/Ks:-1200|1200:deepstack|allin
STATE:300:cr1200f:Qs|Qh:-100|100:allin|deepstack
STATE:301:r1200c/:Qs|As/Ah:-1200|1200:deepstack|allin
STATE:302:cr1200f:Qs|Ah:-100|100:allin|deepstack
STATE:303:r1200c/:Qh|As/Ks:-1200|1200:deepstack|allin
STATE:304:cr1200f:Ks|Ah:-100|100:allin|deepstack
STATE:305:r1200f:Ah|Kh:100|-100:deepstack|allin
STATE:306:cr1200f:Ks|Ah:-100|100:allin|deepstack
STATE:307:r1200f:Ah|Ks:100|-100:deepstack|allin
STATE:308:r1200c/:Ah|Qh/Kh:1200|-1200:allin|deepstack
STATE:309:r1200c/:Qh|As/Ah:-1200|1200:deepstack|allin
STATE:310:r300r1200f:Kh|As:-300|300:allin|deepstack
STATE:311:r1200f:Ah|Kh:100|-100:deepstack|allin
STATE:312:cr1200f:Kh|Ah:-100|100:allin|deepstack
STATE:313:r1200f:Ks|Qh:100|-100:deepstack|allin
STATE:314:cr1200f:Qh|Ks:-100|100:allin|deepstack
STATE:315:r1200f:Qs|Ks:100|-100:deepstack|allin
STATE:316:cr1200f:Qh|Ks:-100|100:allin|deepstack
STATE:317:r1200c/:Qh|As/Ks:-1200|1200:deepstack|allin
STATE:318:cr1200f:Qs|Qh:-100|100:allin|deepstack
STATE:319:r1200f:As|Qs:100|-100:deepstack|allin
STATE:320:r1200c/:As|Qs/Qh:-1200|1200:allin|deepstack
STATE:321:r1200f:Ah|Ks:100|-100:deepstack|allin
STATE:322:r1200c/:Ah|Kh/As:1200|-1200:allin|deepstack
STATE:323:r1200f:Ks|Qs:100|-100:deepstack|allin
STATE:324:r1200c/:As|Qs/Ks:1200|-1200:allin|deepstack
STATE:325:r1200f:As|Qh:100|-100:deepstack|allin
STATE:326:cr1200f:Qs|As:-100|100:allin|deepstack
STATE:327:r1200c/:Kh|As/Qs:-1200|1200:deepstack|allin
STATE:328:cr1200f:Ks|Qs:-100|100:allin|deepstack
STATE:329:r1200c/:Qh|As/Kh:-1200|1200:deepstack|allin
STATE:330:cr1200f:Ks|Kh:-100|100:allin|deepstack
STATE:331:r1200f:Ah|Ks:100|-100:deepstack|allin
STATE:332:cr1200f:Kh|Ah:-100|100:allin|deepstack
STATE:333:r1200f:Qs|Kh:100|-100:deepstack|allin
STATE:334:cr1200f:Kh|As:-100|100:allin|deepstack
STATE:335:r1200c/:Ks|Ah/Qh:-1200|1200:deepstack|allin
STATE:336:cr1200f:Ks|Kh:-100|100:allin|deepstack
STATE:337:r1200f:Qs|Qh:100|-100:deepstack|allin
STATE:338:cr1200f:Qh|As:-100|100:allin|deepstack
STATE:339:r1200f:Qs|Kh:100|-100:deepstack|allin
STATE:340:cr1200f:Qs|Kh:-100|100:allin|deepstack
STATE:341:r1200f:Qh|Ks:100|-100:deepstack|allin
STATE:342:cr1200f:Qh|Ah:-100|100:allin|deepstack
STATE:343:r1200c/:Ks|As/Qs:-1200|1200:deepstack|allin
STATE:344:cr1200c/:As|Ks/Ah:1200|-1200:allin|deepstack
STATE:345:r1200f:Kh|Qh:100|-100:deepstack|allin
STATE:346:cr1200f:Qh|Kh:-100|100:allin|deepstack
STATE:347:r1200f:Ks|Kh:100|-100:deepstack|allin
STATE:348:cr1200f:Ks|Qs:-100|100:allin|deepstack
STATE:349:r1200f:As|Qs:100|-100:deepstack|allin
STATE:350:r1200c/:Ah|Qs/Ks:1200|-1200:allin|deepstack
STATE:351:r1200f:Qs|Qh:100|-100:deepstack|allin
STATE:352:cr1200f:Ks|As:-100|100:allin|deepstack
STATE:353:r1200c/:Qh|Ah/As:-1200|1200:deepstack|allin
STATE:354:cr1200f:Kh|Ah:-100|100:allin|deepstack
STATE:355:r1200f:Qs|Qh:100|-100:deepstack|allin
STATE:356:cr1200c/:As|Qh/Ks:1200|-1200:allin|deepstack
STATE:357:r1200f:As|Ks:100|-100:deepstack|allin
STATE:358:cr1200f:Qs|As:-100|100:allin|deepstack
STATE:359:r1200f:Ah|Kh:100|-100:deepstack|allin
STATE:360:cr1200c/:Ah|As/Qh:0|0:allin|deepstack
STATE:361:r1200f:Kh|Qh:100|-100:deepstack|allin
STATE:362:r1200c/:As|Qh/Ah:1200|-1200:allin|deepstack
STATE:363:r1200f:As|Ks:100|-100:deepstack|allin
STATE:364:cr1200f:Kh|Qs:-100|100:allin|deepstack
STATE:365:r1200f:Kh|Ks:100|-100:deepstack|allin
STATE:366:cr1200f:Qh|As:-100|100:allin|deepstack
STATE:367:r1200f:Kh|Qs:100|-100:deepstack|allin
STATE:368:cr1200c/:As|Qh/Kh:1200|-1200:allin|deepstack
STATE:369:r1200f:Qs|Ks:100|-100:deepstack|allin
STATE:370:r1200c/:Ah|Ks/As:1200|-1200:allin|deepstack
STATE:371:r1200f:As|Ks:100|-100:deepstack|allin
STATE:372:cr1200c/:Ah|Qs/As:1200|-1200:allin|deepstack
STATE:373:r1200f:Qh|Ks:100|-100:deepstack|allin
STATE:374:cr1200f:Kh|Ah:-100|100:allin|deepstack
STATE:375:r1200f:As|Qs:100|-100:deepstack|allin
STATE:376:cr1200c/:As|Ks/Qs:1200|-1200:allin|deepstack
STATE:377:r1200f:Kh|Ks:100|-100:deepstack|allin
STATE:378:cr1200f:Kh|Qs:-100|100:allin|deepstack
STATE:379:r1200f:As|Ks:100|-100:deepstack|allin
STATE:380:cr1200f:Ks|As:-100|100:allin|deepstack
STATE:381:r1200c/:Qh|As/Kh:-1200|1200:deepstack|allin
STATE:382:cr1200c/:As|Qh/Kh:1200|-1200:allin|deepstack
STATE:383:r1200c/:Qs|Ah/Kh:-1200|1200:deepstack|allin
STATE:384:cr1200f:Ks|Qh:-100|100:allin|deepstack
STATE:385:r1200f:Qh|Qs:100|-100:deepstack|allin
STATE:386:cr1200c/:As|Ah/Ks:0|0:allin|deepstack
STATE:387:r1200f:Ks|Qh:100|-100:deepstack|allin
STATE:388:cr1200f:Qs|As:-100|100:allin|deepstack
STATE:389:r1200f:Ah|Kh:100|-100:deepstack|allin
STATE:390:cr1200f:Ks|As:-100|100:allin|deepstack
STATE:391:r1200f:Qs|Qh:100|-100:deepstack|allin
STATE:392:cr1200f:Qh|As:-100|100:allin|deepstack
STATE:393:r1200f:As|Qh:100|-100:deepstack|allin
STATE:394:cr1200f:Ks|Ah:-100|100:allin|deepstack
STATE:395:r1200f:Qh|Kh:100|-100:deepstack|allin
STATE:396:cr1200f:Ks|As:-100|100:allin|deepstack
STATE:397:r1200f:Qs|Kh:100|-100:deepstack|allin
STATE:398:cr1200c/:Ah|Kh/Qh:1200|-1200:allin|deepstack
STATE:399:r1200c/:Qh|As/Ks:-1200|1200:deepstack|allin
STATE:400:cr1200f:Ks|Qs:-100|100:allin|deepstack
STATE:401:r1200f:Ks|Kh:100|-100:deepstack|allin
STATE:402:cr1200c/:As|Qh/Ah:1200|-1200:allin|deepstack
STATE:403:r1200f:Kh|Qh:100|-100:deepstack|allin
STATE:404:cr1200f:Ks|Qs:-100|100:allin|deepstack
STATE:405:r1200c/:Qh|Ah/As:-1200|1200:deepstack|allin
STATE:406:cr1200f:Ks|As:-100|100:allin|deepstack
STATE:407:r1200c/:As|Ah/Kh:0|0:deepstack|allin
STATE:408:cr1200f:Qs|Qh:-100|100:allin|deepstack
STATE:409:r1200f:Qs|Kh:100|-100:deepstack|allin
STATE:410:cr1200f:Ks|Ah:-100|100:allin|deepstack
STATE:411:r1200c/:Qs|Ah/Qh:1200|-1200:deepstack|allin
STATE:412:cr1200f:Qs|Ks:-100|100:allin|deepstack
STATE:413:r1200c/:Qs|Ah/Kh:-1200|1200:deepstack|allin
STATE:414:cr1200f:Kh|Qh:-100|100:allin|deepstack
STATE:415:r1200f:As|Ks:100|-100:deepstack|allin
STATE:416:cr1200f:Qs|Ks:-100|100:allin|deepstack
STATE:417:r1200c/:Qs|Ah/As:-1200|1200:deepstack|allin
STATE:418:r1200c/:As|Ks/Kh:-1200|1200:allin|deepstack
STATE:419:r1200f:Qh|Ks:100|-100:deepstack|allin
STATE:420:cr1200c/:As|Qs/Ah:1200|-1200:allin|deepstack
STATE:421:r1200f:Kh|Qh:100|-100:deepstack|allin
STATE:422:cr1200f:Kh|As:-100|100:allin|deepstack
STATE:423:r1200f:Ks|Qs:100|-100:deepstack|allin
STATE:424:cr1200c/:Ah|Qs/Ks:1200|-1200:allin|deepstack
STATE:425:r1200c/:Ks|As/Qh:-1200|1200:deepstack|allin
STATE:426:cr1200f:Kh|As:-100|100:allin|deepstack
STATE:427:r1200f:Ah|Qs:100|-100:deepstack|allin
STATE:428:cr1200f:Qh|Qs:-100|100:allin|deepstack
STATE:429:r1200c/:Qs|Ah/As:-1200|1200:deepstack|allin
STATE:430:r1200c/:As|Qs/Kh:1200|-1200:allin|deepstack
STATE:431:r1200f:Qh|Ks:100|-100:deepstack|allin
STATE:432:cr1200f:Ks|Ah:-100|100:allin|deepstack
STATE:433:r1200c/:As|Ah/Qh:0|0:deepstack|allin
STATE:434:cr1200f:Qh|As:-100|100:allin|deepstack
STATE:435:r1200f:Qh|Qs:100|-100:deepstack|allin
STATE:436:cr1200f:Qs|Ks:-100|100:allin|deepstack
STATE:437:r1200f:Ah|Qs:100|-100:deepstack|allin
STATE:438:cr1200f:Qh|Kh:-100|100:allin|deepstack
STATE:439:r1200f:Kh|Ks:100|-100:deepstack|allin
STATE:440:r300r1200c/:Ah|Qh/Kh:1200|-1200:allin|deepstack
STATE:441:r1200f:Kh|Qs:100|-100:deepstack|allin
STATE:442:cr1200f:Ks|Qh:-100|100:allin|deepstack
STATE:443:r1200c/:Ah|As/Ks:0|0:deepstack|allin
STATE:444:cr1200c/:As|Ah/Ks:0|0:allin|deepstack
STATE:445:r1200c/:Qh|As/Ks:-1200|1200:deepstack|allin
STATE:446:cr1200c/:Ah|Qs/Ks:1200|-1200:allin|deepstack
STATE:447:r1200f:Kh|Qs:100|-100:deepstack|allin
STATE:448:cr1200f:Qh|Kh:-100|100:allin|deepstack
STATE:449:r1200f:Ks|Qs:100|-100:deepstack|allin
STATE:450:cr1200f:Ks|Qs:-100|100:allin|deepstack
STATE:451:r1200f:Qh|Ks:100|-100:deepstack|allin
STATE:452:cr1200f:Ks|Ah:-100|100:allin|deepstack
STATE:453:r1200f:Ah|Qh:100|-100:deepstack|allin
STATE:454:r1200c/:Ah|Kh/As:1200|-1200:allin|deepstack
STATE:455:r1200c/:Qs|Ah/Ks:-1200|1200:deepstack|allin
STATE:456:cr1200f:Ks|Qs:-100|100:allin|deepstack
STATE:457:r1200f:Ah|Kh:100|-100:deepstack|allin
STATE:458:cr1200c/:Ah|As/Qh:0|0:allin|deepstack
STATE:459:r1200f:Kh|Qs:100|-100:deepstack|allin
STATE:460:cr1200c/:As|Ks/Qs:1200|-1200:allin|deepstack
STATE:461:r1200f:Ah|Ks:100|-100:deepstack|allin
STATE:462:cr1200c/:Ah|Ks/Qs:1200|-1200:allin|deepstack
STATE:463:r1200f:As|Kh:100|-100:deepstack|allin
STATE:464:cr1200f:Ks|Qh:-100|100:allin|deepstack
STATE:465:r1200c/:Kh|Ah/Qs:-1200|1200:deepstack|allin
STATE:466:r1200c/:Ah|Ks/As:1200|-1200:allin|deepstack
STATE:467:r1200f:Kh|Qs:100|-100:deepstack|allin
STATE:468:cr1200f:Ks|Qs:-100|100:allin|deepstack
STATE:469:r1200f:Qh|Ks:100|-100:deepstack|allin
STATE:470:cr1200f:Qh|Kh:-100|100:allin|deepstack
STATE:471:r1200f:Ah|Qh:100|-100:deepstack|allin
STATE:472:cr1200f:Qh|Qs:-100|100:allin|deepstack
STATE:473:r1200c/:Qs|As/Qh:1200|-1200:deepstack|allin
STATE:474:r1200c/:As|Qh/Ah:1200|-1200:allin|deepstack
STATE:475:r1200c/:Ks|As/Qs:-1200|1200:deepstack|allin
STATE:476:cr1200f:Ks|Kh:-100|100:allin|deepstack
STATE:477:r1200c/:Kh|As/Ah:-1200|1200:deepstack|allin
STATE:478:cr1200f:Qh|Ah:-100|100:allin|deepstack
STATE:479:r1200f:As|Ks:100|-100:deepstack|allin
STATE:480:cr1200f:Qh|Qs:-100|100:allin|deepstack
STATE:481:r1200c/:Ah|As/Qh:0|0:deepstack|allin
STATE:482:cr1200f:Kh|Ks:-100|100:allin|deepstack
STATE:483:r1200f:Qh|Qs:100|-100:deepstack|allin
STATE:484:cr1200f:Ks|Qh:-100|100:allin|deepstack
STATE:485:r1200c/:Qh|As/Kh:-1200|1200:deepstack|allin
STATE:486:cr1200f:Qs|Ah:-100|100:allin|deepstack
STATE:487:r1200c/:As|Ah/Qh:0|0:deepstack|allin
STATE:488:cr1200f:Ks|Qh:-100|100:allin|deepstack
STATE:489:r1200f:Ah|Kh:100|-100:deepstack|allin
STATE:490:cr1200f:Ks|Qs:-100|100:allin|deepstack
STATE:491:r1200f:Ah|Qh:100|-100:deepstack|allin
STATE:492:cr1200f:Kh|Qs:-100|100:allin|deepstack
STATE:493:r1200f:Kh|Qh:100|-100:deepstack|allin
STATE:494:cr1200f:Ks|Kh:-100|100:allin|deepstack
STATE:495:r1200f:Kh|Ks:100|-100:deepstack|allin
STATE:496:cr1200f:Qh|As:-100|100:allin|deepstack
STATE:497:r1200f:As|Kh:100|-100:deepstack|allin
STATE:498:cr1200c/:Ah|Qh/Qs:-1200|1200:allin|deepstack
STATE:499:r1200f:Ah|Kh:100|-100:deepstack|allin
STATE:500:cr1200c/:As|Qh/Ah:1200|-1200:allin|deepstack
STATE:501:r1200f:Ks|Kh:100|-100:deepstack|allin
STATE:502:r1200c/:Ah|As/Qs:0|0:allin|deepstack
STATE:503:r1200c/:Kh|Ah/Ks:1200|-1200:deepstack|allin
STATE:504:r1200c/:As|Qh/Ks:1200|-1200:allin|deepstack
STATE:505:r1200f:Ks|Kh:100|-100:deepstack|allin
STATE:506:cr1200f:Kh|As:-100|100:allin|deepstack
STATE:507:r1200c/:Qh|As/Ah:-1200|1200:deepstack|allin
STATE:508:cr1200f:Qs|Qh:-100|100:allin|deepstack
STATE:509:r1200f:Qs|Ks:100|-100:deepstack|allin
STATE:510:r1200c/:As|Kh/Ah:1200|-1200:allin|deepstack
STATE:511:r1200f:Qs|Ks:100|-100:deepstack|allin
STATE:512:cr1200f:Kh|Ks:-100|100:allin|deepstack
STATE:513:r1200c/:Ks|Ah/Qs:-1200|1200:deepstack|allin
STATE:514:cr1200f:Qs|As:-100|100:allin|deepstack
STATE:515:r1200f:Ah|Kh:100|-100:deepstack|allin
STATE:516:cr1200f:Kh|Ks:-100|100:allin|deepstack
STATE:517:r1200f:Qs|Ks:100|-100:deepstack|allin
STATE:518:cr1200f:Qh|Kh:-100|100:allin|deepstack
STATE:519:r1200f:As|Qs:100|-100:deepstack|allin
STATE:520:cr1200f:Kh|As:-100|100:allin|deepstack
STATE:521:r1200f:As|Kh:100|-100:deepstack|allin
STATE:522:cr1200f:Qh|Ks:-100|100:allin|deepstack
STATE:523:r1200c/:Qs|As/Kh:-1200|1200:deepstack|allin
STATE:524:cr1200f:Ks|Qs:-100|100:allin|deepstack
STATE:525:r1200f:As|Qs:100|-100:deepstack|allin
STATE:526:cr1200f:Qh|As:-100|100:allin|deepstack
STATE:527:r1200f:Kh|Qs:100|-100:deepstack|allin
STATE:528:cr1200f:Kh|Qh:-100|100:allin|deepstack
STATE:529:r1200f:Qs|Kh:100|-100:deepstack|allin
STATE:530:cr1200f:Qs|Kh:-100|100:allin|deepstack
STATE:531:r1200c/:Kh|Ah/Ks:1200|-1200:deepstack|allin
STATE:532:cr1200f:Qh|As:-100|100:allin|deepstack
STATE:533:r1200f:Ks|Qh:100|-100:deepstack|allin
STATE:534:cr1200f:Ks|As:-100|100:allin|deepstack
STATE:535:r1200f:As|Kh:100|-100:deepstack|allin
STATE:536:cr1200f:Qh|Ks:-100|100:allin|deepstack
STATE:537:r1200f:Qh|Ks:100|-100:deepstack|allin
STATE:538:cr1200f:Qh|As:-100|100:allin|deepstack
STATE:539:r1200f:Qs|Ks:100|-100:deepstack|allin
STATE:540:cr1200f:Kh|Qs:-100|100:allin|deepstack
STATE:541:r1200c/:Qs|Ah/As:-1200|1200:deepstack|allin
STATE:542:r1200c/:Ah|Kh/Qs:1200|-1200:allin|deepstack
STATE:543:r1200f:Qh|Ks:100|-100:deepstack|allin
STATE:544:cr1200f:Qs|As:-100|100:allin|deepstack
STATE:545:r1200c/:Qs|Ah/Kh:-1200|1200:deepstack|allin
STATE:546:cr1200c/:Ah|As/Qs:0|0:allin|deepstack
STATE:547:r1200f:Ah|Kh:100|-100:deepstack|allin
STATE:548:cr1200f:Kh|Qh:-100|100:allin|deepstack
STATE:549:r1200c/:As|Ah/Kh:0|0:deepstack|allin
STATE:550:cr1200c/:As|Qs/Ah:1200|-1200:allin|deepstack
STATE:551:r1200f:Qh|Kh:100|-100:deepstack|allin
STATE:552:r1200c/:As|Ah/Kh:0|0:allin|deepstack
STATE:553:r1200c/:Ah|As/Kh:0|0:deepstack|allin
STATE:554:cr1200f:Ks|Ah:-100|100:allin|deepstack
STATE:555:r1200f:Kh|Qs:100|-100:deepstack|allin
STATE:556:cr1200f:Ks|Ah:-100|100:allin|deepstack
STATE:557:r1200f:As|Qh:100|-100:deepstack|allin
STATE:558:cr1200f:Kh|Ks:-100|100:allin|deepstack
STATE:559:r1200f:Qh|Qs:100|-100:deepstack|allin
STATE:560:cr1200f:Qh|As:-100|100:allin|deepstack
STATE:561:r1200f:Kh|Qh:100|-100:deepstack|allin
STATE:562:r1200c/:As|Qh/Ks:1200|-1200:allin|deepstack
STATE:563:r1200c/:Qs|Ah/Kh:-1200|1200:deepstack|allin
STATE:564:cr1200f:Qs|Kh:-100|100:allin|deepstack
STATE:565:r1200f:Qs|Qh:100|-100:deepstack|allin
STATE:566:cr1200f:Ks|Qs:-100|100:allin|deepstack
STATE:567:r1200f:Kh|Qs:100|-100:deepstack|allin
STATE:568:cr1200c/:Ah|Qh/Qs:-1200|1200:allin|deepstack
STATE:569:r1200f:Ah|Kh:100|-100:deepstack|allin
STATE:570:cr1200f:Ks|Qs:-100|100:allin|deepstack
STATE:571:r1200f:Ks|Kh:100|-100:deepstack|allin
STATE:572:cr1200f:Qs|Ah:-100|100:allin|deepstack
STATE:573:r1200f:Qh|Ks:100|-100:deepstack|allin
STATE:574:cr1200f:Kh|As:-100|100:allin|deepstack
STATE:575:r1200f:Qh|Kh:100|-100:deepstack|allin
STATE:576:cr1200f:Kh|As:-100|100:allin|deepstack
STATE:577:r1200c/:Ah|As/Qs:0|0:deepstack|allin
STATE:578:cr1200f:Ks|Qh:-100|100:allin|deepstack
STATE:579:r1200f:Ah|Ks:100|-100:deepstack|allin
STATE:580:r300r1200c/:As|Ks/Qs:1200|-1200:allin|deepstack
STATE:581:r1200c/:Ah|As/Qh:0|0:deepstack|allin
STATE:582:cr1200c/:Ah|Qh/As:1200|-1200:allin|deepstack
STATE:583:r1200c/:Qh|Ah/Ks:-1200|1200:deepstack|allin
STATE:584:cr1200f:Kh|Qh:-100|100:allin|deepstack
STATE:585:r1200c/:Ks|Ah/Qs:-1200|1200:deepstack|allin
STATE:586:cr1200c/:As|Qh/Ah:1200|-1200:allin|deepstack
STATE:587:r1200c/:Qs|Ah/Qh:1200|-1200:deepstack|allin
STATE:588:cr1200c/:Ah|As/Kh:0|0:allin|deepstack
STATE:589:r1200c/:Qs|As/Kh:-1200|1200:deepstack|allin
STATE:590:cr1200c/:Ah|Qs/Ks:1200|-1200:allin|deepstack
STATE:591:r1200f:Ah|Qs:100|-100:deepstack|allin
STATE:592:cr1200f:Qs|Ks:-100|100:allin|deepstack
STATE:593:r1200f:Kh|Ks:100|-100:deepstack|allin
STATE:594:r1200c/:As|Ks/Ah:1200|-1200:allin|deepstack
STATE:595:r1200c/:Ks|Ah/Kh:1200|-1200:deepstack|allin
STATE:596:cr1200f:Qs|Qh:-100|100:allin|deepstack
STATE:597:r1200c/:Qs|As/Kh:-1200|1200:deepstack|allin
STATE:598:cr1200f:Kh|Ah:-100|100:allin|deepstack
STATE:599:r1200f:Qs|Kh:100|-100:deepstack|allin
STATE:600:cr1200f:Ks|As:-100|100:allin|deepstack
STATE:601:r1200f:As|Kh:100|-100:deepstack|allin
STATE:602:cr1200c/:Ah|As/Ks:0|0:allin|deepstack
STATE:603:r1200c/:As|Ah/Kh:0|0:deepstack|allin
STATE:604:cr1200f:Qs|As:-100|100:allin|deepstack
STATE:605:r1200f:Qh|Ks:100|-100:deepstack|allin
STATE:606:cr1200f:Qh|Qs:-100|100:allin|deepstack
STATE:607:r1200c/:Ks|As/Kh:1200|-1200:deepstack|allin
STATE:608:cr1200c/:Ah|Qs/As:1200|-1200:allin|deepstack
STATE:609:r1200f:Qs|Ks:100|-100:deepstack|allin
STATE:610:cr1200f:Kh|As:-100|100:allin|deepstack
STATE:611:r1200f:Qh|Kh:100|-100:deepstack|allin
STATE:612:cr1200f:Kh|Qs:-100|100:allin|deepstack
STATE:613:r1200f:Ah|Ks:100|-100:deepstack|allin
STATE:614:cr1200f:Ks|Ah:-100|100:allin|deepstack
STATE:615:r1200f:Ah|Qh:100|-100:deepstack|allin
STATE:616:cr1200f:Qh|Kh:-100|100:allin|deepstack
STATE:617:r1200c/:Ah|As/Qs:0|0:deepstack|allin
STATE:618:cr1200f:Ks|Kh:-100|100:allin|deepstack
STATE:619:r1200c/:Kh|Ah/Ks:1200|-1200:deepstack|allin
STATE:620:cr1200f:Kh|Qs:-100|100:allin|deepstack
STATE:621:r1200f:Qh|Kh:100|-100:deepstack|allin
STATE:622:cr1200f:Ks|Ah:-100|100:allin|deepstack
STATE:623:r1200f:Qh|Qs:100|-100:deepstack|allin
STATE:624:cr1200c/:As|Qs/Ah:1200|-1200:allin|deepstack
STATE:625:r1200c/:Qh|Ah/Qs:1200|-1200:deepstack|allin
STATE:626:cr1200f:Qh|As:-100|100:allin|deepstack
STATE:627:r1200c/:Ks|As/Qh:-1200|1200:deepstack|allin
STATE:628:cr1200f:Ks|Kh:-100|100:allin|deepstack
STATE:629:r1200f:Kh|Qs:100|-100:deepstack|allin
STATE:630:cr1200f:Qs|Ah:-100|100:allin|deepstack
STATE:631:r1200c/:Qs|Ah/Kh:-1200|1200:deepstack|allin
STATE:632:cr1200f:Qs|Ks:-100|100:allin|deepstack
STATE:633:r1200f:Ah|Ks:100|-100:deepstack|allin
STATE:634:cr1200f:Qs|Kh:-100|100:allin|deepstack
STATE:635:r1200f:Ks|Qs:100|-100:deepstack|allin
STATE:636:cr1200f:Qs|As:-100|100:allin|deepstack
STATE:637:r1200f:Qh|Qs:100|-100:deepstack|allin
STATE:638:cr1200f:Qh|Kh:-100|100:allin|deepstack
STATE:639:r1200f:Qs|Ks:100|-100:deepstack|allin
STATE:640:r1200c/:Ah|Ks/Kh:-1200|1200:allin|deepstack
STATE:641:r1200f:Qs|Kh:100|-100:deepstack|allin
STATE:642:cr1200c/:As|Qh/Kh:1200|-1200:allin|deepstack
STATE:643:r1200f:As|Kh:100|-100:deepstack|allin
STATE:644:cr1200c/:As|Kh/Qh:1200|-1200:allin|deepstack
STATE:645:r1200c/:Ks|Ah/Kh:1200|-1200:deepstack|allin
STATE:646:cr1200f:Qs|As:-100|100:allin|deepstack
STATE:647:r1200c/:Qs|As/Kh:-1200|1200:deepstack|allin
STATE:648:cr1200f:Qs|Ks:-100|100:allin|deepstack
STATE:649:r1200f:As|Ks:100|-100:deepstack|allin
STATE:650:r1200c/:Ah|Ks/Qh:1200|-1200:allin|deepstack
STATE:651:r1200f:As|Qs:100|-100:deepstack|allin
STATE:652:cr1200c/:As|Ks/Ah:1200|-1200:allin|deepstack
STATE:653:r1200f:Qs|Kh:100|-100:deepstack|allin
STATE:654:r300r1200f:Qs|Kh:-300|300:allin|deepstack
STATE:655:r1200f:Kh|Qh:100|-100:deepstack|allin
STATE:656:cr1200f:Qs|Kh:-100|100:allin|deepstack
STATE:657:r1200f:Qh|Ks:100|-100:deepstack|allin
STATE:658:cr1200c/:As|Qh/Kh:1200|-1200:allin|deepstack
STATE:659:r1200c/:Qs|Ah/Ks:-1200|1200:deepstack|allin
STATE:660:cr1200f:Qs|Qh:-100|100:allin|deepstack
STATE:661:r1200c/:Ks|Ah/As:-1200|1200:deepstack|allin
STATE:662:cr1200f:Kh|Ah:-100|100:allin|deepstack
STATE:663:r1200f:Ah|Qs:100|-100:deepstack|allin
STATE:664:cr1200c/:As|Qh/Qs:-1200|1200:allin|deepstack
STATE:665:r1200c/:Ks|Ah/Kh:1200|-1200:deepstack|allin
STATE:666:cr1200f:Qs|Qh:-100|100:allin|deepstack
STATE:667:r1200c/:Ks|As/Qs:-1200|1200:deepstack|allin
STATE:668:cr1200f:Qs|Ks:-100|100:allin|deepstack
STATE:669:r1200c/:Qh|Ah/As:-1200|1200:deepstack|allin
STATE:670:cr1200f:Qh|Qs:-100|100:allin|deepstack
STATE:671:r1200c/:Kh|Ah/As:-1200|1200:deepstack|allin
STATE:672:r300r1200c/:Ah|Qh/As:1200|-1200:allin|deepstack
STATE:673:r1200f:Qh|Kh:100|-100:deepstack|allin
STATE:674:cr1200f:Qh|Ks:-100|100:allin|deepstack
STATE:675:r1200f:As|Qs:100|-100:deepstack|allin
STATE:676:cr1200f:Ks|Ah:-100|100:allin|deepstack
STATE:677:r1200c/:Qs|As/Qh:1200|-1200:deepstack|allin
STATE:678:cr1200c/:Ah|Qs/As:1200|-1200:allin|deepstack
STATE:679:r1200f:Ah|Qh:100|-100:deepstack|allin
STATE:680:cr1200f:Qs|As:-100|100:allin|deepstack
STATE:681:r1200f:Ks|Qs:100|-100:deepstack|allin
STATE:682:cr1200f:Kh|Qh:-100|100:allin|deepstack
STATE:683:r1200f:Kh|Qs:100|-100:deepstack|allin
STATE:684:cr1200f:Qs|Kh:-100|100:allin|deepstack
STATE:685:r1200f:Qs|Qh:100|-100:deepstack|allin
STATE:686:cr1200f:Kh|Qs:-100|100:allin|deepstack
STATE:687:r1200f:Kh|Qs:100|-100:deepstack|allin
STATE:688:cr1200f:Kh|As:-100|100:allin|deepstack
STATE:689:r1200c/:Qs|As/Ah:-1200|1200:deepstack|allin
STATE:690:cr1200c/:Ah|Qh/As:1200|-1200:allin|deepstack
STATE:691:r1200f:Kh|Qs:100|-100:deepstack|allin
STATE:692:r1200c/:As|Ks/Ah:1200|-1200:allin|deepstack
STATE:693:r1200f:Ah|Qh:100|-100:deepstack|allin
STATE:694:cr1200f:Ks|Kh:-100|100:allin|deepstack
STATE:695:r1200f:Ah|Qs:100|-100:deepstack|allin
STATE:696:cr1200f:Qs|Qh:-100|100:allin|deepstack
STATE:697:r1200c/:Ks|Ah/Qh:-1200|1200:deepstack|allin
STATE:698:cr1200f:Kh|As:-100|100:allin|deepstack
STATE:699:r1200f:Qs|Ks:100|-100:deepstack|allin
STATE:700:cr1200f:Kh|As:-100|100:allin|deepstack
STATE:701:r1200c/:As|Ah/Qh:0|0:deepstack|allin
STATE:702:cr1200f:Kh|Qh:-100|100:allin|deepstack
STATE:703:r1200f:Qh|Ks:100|-100:deepstack|allin
STATE:704:cr1200f:Qh|As:-100|100:allin|deepstack
STATE:705:r1200f:Ah|Qs:100|-100:deepstack|allin
STATE:706:cr1200f:Ks|Qs:-100|100:allin|deepstack
STATE:707:r1200f:Ks|Qs:100|-100:deepstack|allin
STATE:708:r1200c/:As|Qs/Qh:-1200|1200:allin|deepstack
STATE:709:r1200f:Qh|Ks:100|-100:deepstack|allin
STATE:710:cr1200c/:As|Kh/Ah:1200|-1200:allin|deepstack
STATE:711:r1200f:As|Qh:100|-100:deepstack|allin
STATE:712:r1200c/:Ah|Ks/Qh:1200|-1200:allin|deepstack
STATE:713:r1200f:As|Ks:100|-100:deepstack|allin
STATE:714:cr1200f:Kh|Ks:-100|100:allin|deepstack
STATE:715:r1200c/:Qs|Ah/As:-1200|1200:deepstack|allin
STATE:716:cr1200f:Qs|As:-100|100:allin|deepstack
STATE:717:r1200c/:Ks|As/Qh:-1200|1200:deepstack|allin
STATE:718:cr1200c/:Ah|Qh/As:1200|-1200:allin|deepstack
STATE:719:r1200c/:Ks|Ah/Qh:-1200|1200:deepstack|allin
STATE:720:cr1200f:Qh|Ks:-100|100:allin|deepstack
STATE:721:r1200f:Ks|Kh:100|-100:deepstack|allin
STATE:722:cr1200c/:As|Kh/Qh:1200|-1200:allin|deepstack
STATE:723:r1200c/:Kh|Ah/Qs:-1200|1200:deepstack|allin
STATE:724:cr1200c/:As|Ks/Qh:1200|-1200:allin|deepstack
STATE:725:r1200c/:As|Ah/Qs:0|0:deepstack|allin
STATE:726:r1200c/:Ah|As/Kh:0|0:allin|deepstack
STATE:727:r1200f:Kh|Qh:100|-100:deepstack|allin
STATE:728:cr1200f:Kh|Qh:-100|100:allin|deepstack
STATE:729:r1200f:Ah|Qh:100|-100:deepstack|allin
STATE:730:cr1200f:Qs|Qh:-100|100:allin|deepstack
STATE:731:r1200f:Qh|Qs:100|-100:deepstack|allin
STATE:732:cr1200f:Qh|As:-100|100:allin|deepstack
STATE:733:r1200c/:Kh|Ah/Qs:-1200|1200:deepstack|allin
STATE:734:cr1200f:Ks|Kh:-100|100:allin|deepstack
STATE:735:r1200f:Qh|Qs:100|-100:deepstack|allin
STATE:736:cr1200f:Qh|As:-100|100:allin|deepstack
STATE:737:r1200c/:Kh|As/Ks:1200|-1200:deepstack|allin
STATE:738:cr1200f:Kh|Qs:-100|100:allin|deepstack
STATE:739:r1200f:Ah|Qh:100|-100:deepstack|allin
STATE:740:cr1200f:Kh|Ks:-100|100:allin|deepstack
STATE:741:r1200f:Qs|Qh:100|-100:deepstack|allin
STATE:742:cr1200c/:As|Ks/Ah:1200|-1200:allin|deepstack
STATE:743:r1200f:As|Ks:100|-100:deepstack|allin
STATE:744:cr1200c/:As|Ks/Qh:1200|-1200:allin|deepstack
STATE:745:r1200f:Qs|Kh:100|-100:deepstack|allin
STATE:746:cr1200f:Qs|Qh:-100|100:allin|deepstack
STATE:747:r1200f:Kh|Qs:100|-100:deepstack|allin
STATE:748:r1200c/:As|Ks/Qs:1200|-1200:allin|deepstack
STATE:749:r1200f:Qh|Qs:100|-100:deepstack|allin
STATE:750:cr1200f:Qs|Qh:-100|100:allin|deepstack
STATE:751:r1200f:Qh|Kh:100|-100:deepstack|allin
STATE:752:cr1200c/:Ah|As/Qs:0|0:allin|deepstack
STATE:753:r1200f:Ks|Qh:100|-100:deepstack|allin
STATE:754:cr1200f:Qh|Qs:-100|100:allin|deepstack
STATE:755:r1200f:Qs|Qh:100|-100:deepstack|allin
STATE:756:r1200c/:Ah|Kh/Ks:-1200|1200:allin|deepstack
STATE:757:r1200f:Kh|Ks:100|-100:deepstack|allin
STATE:758:cr1200f:Kh|Qs:-100|100:allin|deepstack
STATE:759:r1200f:Ks|Qs:100|-100:deepstack|allin
STATE:760:cr1200c/:As|Qs/Qh:-1200|1200:allin|deepstack
STATE:761:r1200c/:Ah|As/Qh:0|0:deepstack|allin
STATE:762:cr1200f:Qh|As:-100|100:allin|deepstack
STATE:763:r1200f:Qh|Kh:100|-100:deepstack|allin
STATE:764:cr1200f:Qs|As:-100|100:allin|deepstack
STATE:765:r1200f:As|Ks:100|-100:deepstack|allin
STATE:766:cr1200f:Ks|As:-100|100:allin|deepstack
STATE:767:r1200f:Ks|Qs:100|-100:deepstack|allin
STATE:768:r1200c/:As|Qh/Ks:1200|-1200:allin|deepstack
STATE:769:r1200f:As|Kh:100|-100:deepstack|allin
STATE:770:cr1200f:Qh|Ah:-100|100:allin|deepstack
STATE:771:r1200f:Ah|Qs:100|-100:deepstack|allin
STATE:772:cr1200f:Ks|As:-100|100:allin|deepstack
STATE:773:r1200f:As|Qs:100|-100:deepstack|allin
STATE:774:cr1200f:Kh|As:-100|100:allin|deepstack
STATE:775:r1200f:Ah|Ks:100|-100:deepstack|allin
STATE:776:cr1200c/:Ah|Kh/Qs:1200|-1200:allin|deepstack
STATE:777:r1200c/:Kh|Ah/As:-1200|1200:deepstack|allin
STATE:778:cr1200f:Ks|Ah:-100|100:allin|deepstack
STATE:779:r1200f:Kh|Ks:100|-100:deepstack|allin
STATE:780:cr1200c/:Ah|Ks/Kh:-1200|1200:allin|deepstack
STATE:781:r1200c/:Ks|As/Qh:-1200|1200:deepstack|allin
STATE:782:r1200c/:Ah|As/Ks:0|0:allin|deepstack
STATE:783:r1200f:Qh|Qs:100|-100:deepstack|allin
STATE:784:cr1200f:Kh|As:-100|100:allin|deepstack
STATE:785:r1200f:As|Qh:100|-100:deepstack|allin
STATE:786:cr1200f:Qs|Ah:-100|100:allin|deepstack
STATE:787:r1200c/:Qh|Ah/Ks:-1200|1200:deepstack|allin
STATE:788:cr1200c/:As|Ks/Qh:1200|-1200:allin|deepstack
STATE:789:r1200c/:Kh|As/Qs:-1200|1200:deepstack|allin
STATE:790:cr1200c/:As|Ah/Kh:0|0:allin|deepstack
STATE:791:r1200f:Kh|Qh:100|-100:deepstack|allin
STATE:792:r1200c/:As|Qh/Qs:-1200|1200:allin|deepstack
STATE:793:r1200c/:Kh|As/Qh:-1200|1200:deepstack|allin
STATE:794:cr1200f:Kh|Ks:-100|100:allin|deepstack
STATE:795:r1200f:As|Qs:100|-100:deepstack|allin
STATE:796:cr1200f:Kh|Qh:-100|100:allin|deepstack
STATE:797:r1200f:Qh|Ks:100|-100:deepstack|allin
STATE:798:cr1200f:Qs|As:-100|100:allin|deepstack
STATE:799:r1200f:Qs|Kh:100|-100:deepstack|allin
STATE:800:cr1200c/:As|Ah/Qs:0|0:allin|deepstack
STATE:801:r1200f:Kh|Qh:100|-100:deepstack|allin
STATE:802:cr1200f:Qs|Ah:-100|100:allin|deepstack
STATE:803:r1200f:Ks|Kh:100|-100:deepstack|allin
STATE:804:r1200c/:Ah|As/Qh:0|0:allin|deepstack
STATE:805:r1200f:Qh|Qs:100|-100:deepstack|allin
STATE:806:cr1200f:Kh|As:-100|100:allin|deepstack
STATE:807:r1200f:As|Qh:100|-100:deepstack|allin
STATE:808:r1200c/:As|Ah/Qh:0|0:allin|deepstack
STATE:809:r1200f:Ks|Qs:100|-100:deepstack|allin
STATE:810:cr1200f:Ks|Qs:-100|100:allin|deepstack
STATE:811:r1200c/:Qs|As/Ah:-1200|1200:deepstack|allin
STATE:812:cr1200f:Qh|As:-100|100:allin|deepstack
STATE:813:r1200f:As|Qh:100|-100:deepstack|allin
STATE:814:cr1200f:Qh|Ks:-100|100:allin|deepstack
STATE:815:r1200f:Ah|Kh:100|-100:deepstack|allin
STATE:816:r1200c/:Ah|Qh/Ks:1200|-1200:allin|deepstack
STATE:817:r1200c/:Ah|As/Ks:0|0:deepstack|allin
STATE:818:cr1200c/:As|Kh/Ah:1200|-1200:allin|deepstack
STATE:819:r1200f:Ah|Qs:100|-100:deepstack|allin
STATE:820:cr1200c/:Ah|As/Ks:0|0:allin|deepstack
STATE:821:r1200f:Qh|Kh:100|-100:deepstack|allin
STATE:822:cr1200c/:Ah|Kh/Qh:1200|-1200:allin|deepstack
STATE:823:r1200c/:Kh|As/Qh:-1200|1200:deepstack|allin
STATE:824:cr1200f:Qs|Ks:-100|100:allin|deepstack
STATE:825:r1200f:Qh|Qs:100|-100:deepstack|allin
STATE:826:cr1200c/:As|Qs/Kh:1200|-1200:allin|deepstack
STATE:827:r1200c/:Qh|As/Ah:-1200|1200:deepstack|allin
STATE:828:cr1200f:Kh|Ks:-100|100:allin|deepstack
STATE:829:r1200c/:Ah|As/Kh:0|0:deepstack|allin
STATE:830:cr1200c/:Ah|Kh/Qh:1200|-1200:allin|deepstack
STATE:831:r1200f:Ks|Qh:100|-100:deepstack|allin
STATE:832:r1200c/:Ah|Ks/As:1200|-1200:allin|deepstack
STATE:833:r1200c/:Qs|Ah/Kh:-1200|1200:deepstack|allin
STATE:834:cr1200f:Qs|Qh:-100|100:allin|deepstack
STATE:835:r1200c/:Ks|Ah/Qs:-1200|1200:deepstack|allin
STATE:836:cr1200f:Ks|As:-100|100:allin|deepstack
STATE:837:r1200f:Ks|Qs:100|-100:deepstack|allin
STATE:838:cr1200f:Ks|Qh:-100|100:allin|deepstack
STATE:839:r1200f:As|Qs:100|-100:deepstack|allin
STATE:840:cr1200c/:As|Ah/Qs:0|0:allin|deepstack
STATE:841:r1200f:As|Qh:100|-100:deepstack|allin
STATE:842:r1200c/:Ah|Qs/Kh:1200|-1200:allin|deepstack
STATE:843:r1200c/:Kh|As/Qh:-1200|1200:deepstack|allin
STATE:844:cr1200f:Qh|Ks:-100|100:allin|deepstack
STATE:845:r1200c/:Qs|As/Qh:1200|-1200:deepstack|allin
STATE:846:cr1200f:Kh|Ks:-100|100:allin|deepstack
STATE:847:r1200f:As|Kh:100|-100:deepstack|allin
STATE:848:cr1200f:Qs|Ks:-100|100:allin|deepstack
STATE:849:r1200c/:Ah|As/Qs:0|0:deepstack|allin
STATE:850:cr1200f:Kh|Qh:-100|100:allin|deepstack
STATE:851:r1200f:Kh|Ks:100|-100:deepstack|allin
STATE:852:cr1200f:Kh|Qh:-100|100:allin|deepstack
STATE:853:r1200f:Qh|Qs:100|-100:deepstack|allin
STATE:854:cr1200f:Qs|Ks:-100|100:allin|deepstack
STATE:855:r1200c/:Ks|Ah/Kh:1200|-1200:deepstack|allin
STATE:856:cr1200f:Ks|Qs:-100|100:allin|deepstack
STATE:857:r1200f:As|Ks:100|-100:deepstack|allin
STATE:858:cr1200c/:As|Qh/Qs:-1200|1200:allin|deepstack
STATE:859:r1200f:Qh|Kh:100|-100:deepstack|allin
STATE:860:cr1200c/:Ah|As/Ks:0|0:allin|deepstack
STATE:861:r1200f:Qs|Kh:100|-100:deepstack|allin
STATE:862:cr1200f:Kh|As:-100|100:allin|deepstack
STATE:863:r1200f:Kh|Ks:100|-100:deepstack|allin
STATE:864:cr1200c/:As|Qs/Kh:1200|-1200:allin|deepstack
STATE:865:r1200c/:As|Ah/Qs:0|0:deepstack|allin
STATE:866:cr1200f:Qh|Ks:-100|100:allin|deepstack
STATE:867:r1200f:Kh|Ks:100|-100:deepstack|allin
STATE:868:cr1200f:Qs|As:-100|100:allin|deepstack
STATE:869:r1200f:Ah|Qh:100|-100:deepstack|allin
STATE:870:cr1200f:Qh|Kh:-100|100:allin|deepstack
STATE:871:r1200c/:Kh|Ah/Qs:-1200|1200:deepstack|allin
STATE:872:cr1200f:Ks|Qs:-100|100:allin|deepstack
STATE:873:r1200f:Ks|Qh:100|-100:deepstack|allin
STATE:874:cr1200f:Ks|Qs:-100|100:allin|deepstack
STATE:875:r1200f:Qs|Kh:100|-100:deepstack|allin
STATE:876:cr1200c/:Ah|Qh/Kh:1200|-1200:allin|deepstack
STATE:877:r1200c/:Kh|Ah/Ks:1200|-1200:deepstack|allin
STATE:878:cr1200f:Qs|As:-100|100:allin|deepstack
STATE:879:r1200f:Qh|Kh:100|-100:deepstack|allin
STATE:880:cr1200c/:As|Qh/Qs:-1200|1200:allin|deepstack
STATE:881:r1200f:Ks|Qs:100|-100:deepstack|allin
STATE:882:cr1200f:Kh|Qs:-100|100:allin|deepstack
STATE:883:r1200f:Ks|Qs:100|-100:deepstack|allin
STATE:884:cr1200f:Kh|Ah:-100|100:allin|deepstack
STATE:885:r1200f:Ah|Qs:100|-100:deepstack|allin
STATE:886:cr1200f:Qh|Kh:-100|100:allin|deepstack
STATE:887:r1200f:Ah|Kh:100|-100:deepstack|allin
STATE:888:r300r1200f:Ks|As:-300|300:allin|deepstack
STATE:889:r1200f:Kh|Ks:100|-100:deepstack|allin
STATE:890:cr1200f:Qh|Ks:-100|100:allin|deepstack
STATE:891:r1200f:Qs|Ks:100|-100:deepstack|allin
STATE:892:cr1200f:Qh|Qs:-100|100:allin|deepstack
STATE:893:r1200f:Qh|Ks:100|-100:deepstack|allin
STATE:894:cr1200f:Qh|As:-100|100:allin|deepstack
STATE:895:r1200f:As|Qh:100|-100:deepstack|allin
STATE:896:r1200c/:As|Kh/Qh:1200|-1200:allin|deepstack
STATE:897:r1200c/:Ks|As/Ah:-1200|1200:deepstack|allin
STATE:898:cr1200f:Qs|As:-100|100:allin|deepstack
STATE:899:r1200f:As|Qs:100|-100:deepstack|allin
STATE:900:cr1200f:Qs|Qh:-100|100:allin|deepstack
STATE:901:r1200f:Kh|Ks:100|-100:deepstack|allin
STATE:902:r1200c/:Ah|Qh/Qs:-1200|1200:allin|deepstack
STATE:903:r1200f:Qh|Kh:100|-100:deepstack|allin
STATE:904:cr1200c/:As|Qs/Kh:1200|-1200:allin|deepstack
STATE:905:r1200f:As|Ks:100|-100:deepstack|allin
STATE:906:cr1200f:Ks|Ah:-100|100:allin|deepstack
STATE:907:r1200c/:Ks|As/Qs:-1200|1200:deepstack|allin
STATE:908:cr1200f:Ks|As:-100|100:allin|deepstack
STATE:909:r1200f:As|Qh:100|-100:deepstack|allin
STATE:910:cr1200c/:As|Qs/Ah:1200|-1200:allin|deepstack
STATE:911:r1200c/:Ks|Ah/Qh:-1200|1200:deepstack|allin
STATE:912:r1200c/:As|Qs/Qh:-1200|1200:allin|deepstack
STATE:913:r1200f:Qh|Ks:100|-100:deepstack|allin
STATE:914:cr1200c/:Ah|Kh/Qh:1200|-1200:allin|deepstack
STATE:915:r1200c/:Ks|As/Qh:-1200|1200:deepstack|allin
STATE:916:cr1200f:Qh|Ks:-100|100:allin|deepstack
STATE:917:r1200c/:As|Ah/Ks:0|0:deepstack|allin
STATE:918:cr1200f:Ks|Kh:-100|100:allin|deepstack
STATE:919:r1200f:Kh|Ks:100|-100:deepstack|allin
STATE:920:r1200c/:As|Qs/Ks:1200|-1200:allin|deepstack
STATE:921:r1200f:Qh|Ks:100|-100:deepstack|allin
STATE:922:cr1200c/:Ah|As/Kh:0|0:allin|deepstack
STATE:923:r1200c/:Kh|Ah/Qh:-1200|1200:deepstack|allin
STATE:924:cr1200c/:As|Ah/Kh:0|0:allin|deepstack
STATE:925:r1200f:As|Ks:100|-100:deepstack|allin
STATE:926:cr1200c/:As|Kh/Qs:1200|-1200:allin|deepstack
STATE:927:r1200f:Ah|Qh:100|-100:deepstack|allin
STATE:928:cr1200f:Ks|Qs:-100|100:allin|deepstack
STATE:929:r1200f:Kh|Ks:100|-100:deepstack|allin
STATE:930:cr1200f:Ks|Qh:-100|100:allin|deepstack
STATE:931:r1200f:Ks|Kh:100|-100:deepstack|allin
STATE:932:cr1200f:Ks|As:-100|100:allin|deepstack
STATE:933:r1200c/:Kh|Ah/As:-1200|1200:deepstack|allin
STATE:934:cr1200f:Kh|As:-100|100:allin|deepstack
STATE:935:r1200f:Ah|Ks:100|-100:deepstack|allin
STATE:936:r1200c/:As|Qh/Qs:-1200|1200:allin|deepstack
STATE:937:r1200f:Ah|Qs:100|-100:deepstack|allin
STATE:938:cr1200c/:As|Qs/Ah:1200|-1200:allin|deepstack
STATE:939:r1200c/:Qs|Ah/As:-1200|1200:deepstack|allin
STATE:940:cr1200c/:Ah|Qs/As:1200|-1200:allin|deepstack
STATE:941:r1200f:Kh|Qs:100|-100:deepstack|allin
STATE:942:cr1200f:Kh|As:-100|100:allin|deepstack
STATE:943:r1200c/:Qs|As/Kh:-1200|1200:deepstack|allin
STATE:944:cr1200c/:As|Qs/Ah:1200|-1200:allin|deepstack
STATE:945:r1200c/:Ah|As/Ks:0|0:deepstack|allin
STATE:946:cr1200f:Qh|Ks:-100|100:allin|deepstack
STATE:947:r1200c/:Qh|Ah/Ks:-1200|1200:deepstack|allin
STATE:948:cr1200f:Ks|Kh:-100|100:allin|deepstack
STATE:949:r1200c/:Ks|As/Kh:1200|-1200:deepstack|allin
STATE:950:cr1200c/:As|Qh/Qs:-1200|1200:allin|deepstack
STATE:951:r1200f:Kh|Qh:100|-100:deepstack|allin
STATE:952:cr1200c/:As|Ah/Qs:0|0:allin|deepstack
STATE:953:r1200f:Ks|Kh:100|-100:deepstack|allin
STATE:954:cr1200f:Qs|Ks:-100|100:allin|deepstack
STATE:955:r1200c/:As|Ah/Qh:0|0:deepstack|allin
STATE:956:cr1200f:Qs|As:-100|100:allin|deepstack
STATE:957:r1200c/:Qh|Ah/As:-1200|1200:deepstack|allin
STATE:958:cr1200f:Ks|As:-100|100:allin|deepstack
STATE:959:r1200c/:Qs|Ah/Kh:-1200|1200:deepstack|allin
STATE:960:cr1200f:Kh|Ah:-100|100:allin|deepstack
STATE:961:r1200c/:As|Ah/Qh:0|0:deepstack|allin
STATE:962:cr1200c/:As|Qs/Qh:-1200|1200:allin|deepstack
STATE:963:r1200f:Qs|Ks:100|-100:deepstack|allin
STATE:964:cr1200f:Kh|Qh:-100|100:allin|deepstack
STATE:965:r1200f:Ah|Kh:100|-100:deepstack|allin
STATE:966:cr1200f:Qh|As:-100|100:allin|deepstack
STATE:967:r1200c/:Qs|Ah/Kh:-1200|1200:deepstack|allin
STATE:968:cr1200c/:Ah|Kh/Qh:1200|-1200:allin|deepstack
STATE:969:r1200c/:Qs|Ah/Qh:1200|-1200:deepstack|allin
STATE:970:cr1200f:Qs|Ah:-100|100:allin|deepstack
STATE:971:r1200c/:Qh|Ah/Qs:1200|-1200:deepstack|allin
STATE:972:cr1200c/:Ah|Kh/Ks:-1200|1200:allin|deepstack
STATE:973:r1200c/:Qs|Ah/As:-1200|1200:deepstack|allin
STATE:974:cr1200f:Qh|Qs:-100|100:allin|deepstack
STATE:975:r1200f:As|Qs:100|-100:deepstack|allin
STATE:976:cr1200f:Kh|Qh:-100|100:allin|deepstack
STATE:977:r1200f:Ah|Qs:100|-100:deepstack|allin
STATE:978:cr1200f:Qs|Qh:-100|100:allin|deepstack
STATE:979:r1200f:As|Qs:100|-100:deepstack|allin
STATE:980:cr1200f:Qs|Ks:-100|100:allin|deepstack
STATE:981:r1200f:Ah|Ks:100|-100:deepstack|allin
STATE:982:cr1200f:Qs|Ah:-100|100:allin|deepstack
STATE:983:r1200c/:Kh|As/Ks:1200|-1200:deepstack|allin
STATE:984:cr1200c/:As|Ah/Qh:0|0:allin|deepstack
STATE:985:r1200f:Qh|Ks:100|-100:deepstack|allin
STATE:986:cr1200f:Qs|As:-100|100:allin|deepstack
STATE:987:r1200f:Kh|Qs:100|-100:deepstack|allin
STATE:988:cr1200c/:As|Qs/Qh:-1200|1200:allin|deepstack
STATE:989:r1200f:Qs|Kh:100|-100:deepstack|allin
STATE:990:cr1200f:Qs|Ah:-100|100:allin|deepstack
STATE:991:r1200f:Ah|Ks:100|-100:deepstack|allin
STATE:992:cr1200f:Qh|As:-100|100:allin|deepstack
STATE:993:r1200f:As|Kh:100|-100:deepstack|allin
STATE:994:cr1200f:Kh|As:-100|100:allin|deepstack
STATE:995:r1200f:Ah|Ks:100|-100:deepstack|allin
STATE:996:cr1200f:Qs|Kh:-100|100:allin|deepstack
STATE:997:r1200c/:Qh|As/Ah:-1200|1200:deepstack|allin
STATE:998:cr1200f:Qh|As:-100|100:allin|deepstack
STATE:999:r1200f:As|Qh:100|-100:deepstack|allin
SCORE:124400|-124400:allin|deepstack
