# name/game/hands/seed allinVdeepstack ./DeepStack-Leduc/ACPCServer/leduc.game 100 1
#--t_response 600000
#--t_hand 600000
#--t_per_hand 7000
STATE:0:cr1200f:Kh|Ks:-100|100:deepStack|allin
STATE:1:r1200f:Ah|Qs:100|-100:allin|deepStack
STATE:2:cr1200c/:As|Kh/Qs:1200|-1200:deepStack|allin
STATE:3:r1200f:Qh|Qs:100|-100:allin|deepStack
STATE:4:cr1200f:Ks|Qs:-100|100:deepStack|allin
STATE:5:r1200c/:Qh|Ah/Kh:-1200|1200:allin|deepStack
STATE:6:r1200c/:Ah|Kh/As:1200|-1200:deepStack|allin
STATE:7:r1200f:Qs|Kh:100|-100:allin|deepStack
STATE:8:cr1200f:Qs|Kh:-100|100:deepStack|allin
STATE:9:r1200f:Ah|Ks:100|-100:allin|deepStack
STATE:10:r1200c/:Ah|Kh/Qs:1200|-1200:deepStack|allin
STATE:11:r1200c/:Qs|Ah/Kh:-1200|1200:allin|deepStack
STATE:12:cr1200c/:As|Kh/Qh:1200|-1200:deepStack|allin
STATE:13:r1200f:Ah|Qh:100|-100:allin|deepStack
STATE:14:cr1200c/:As|Qs/Ks:1200|-1200:deepStack|allin
STATE:15:r1200c/:Qs|As/Kh:-1200|1200:allin|deepStack
STATE:16:cr1200c/:As|Ks/Qh:1200|-1200:deepStack|allin
STATE:17:r1200c/:Qs|As/Qh:1200|-1200:allin|deepStack
STATE:18:cr1200f:Qs|As:-100|100:deepStack|allin
STATE:19:r1200c/:Ah|As/Qh:0|0:allin|deepStack
STATE:20:cr1200f:Ks|As:-100|100:deepStack|allin
STATE:21:r1200f:Ah|Qs:100|-100:allin|deepStack
STATE:22:cr1200f:Kh|Ah:-100|100:deepStack|allin
STATE:23:r1200c/:Ks|As/Qs:-1200|1200:allin|deepStack
STATE:24:r1200c/:Ah|As/Qh:0|0:deepStack|allin
STATE:25:r1200c/:Qh|As/Qs:1200|-1200:allin|deepStack
STATE:26:cr1200c/:As|Qh/Qs:-1200|1200:deepStack|allin
STATE:27:r1200c/:Qh|Ah/Kh:-1200|1200:allin|deepStack
STATE:28:cr1200f:Kh|Qh:-100|100:deepStack|allin
STATE:29:r1200c/:Kh|As/Ks:1200|-1200:allin|deepStack
STATE:30:cr1200c/:Ah|Qs/Kh:1200|-1200:deepStack|allin
STATE:31:r1200c/:Qs|As/Ah:-1200|1200:allin|deepStack
STATE:32:cr1200f:Qs|Ah:-100|100:deepStack|allin
STATE:33:r1200f:Kh|Qs:100|-100:allin|deepStack
STATE:34:cr1200f:Qs|Kh:-100|100:deepStack|allin
STATE:35:r1200c/:Qh|As/Ah:-1200|1200:allin|deepStack
STATE:36:cr1200f:Qs|Qh:-100|100:deepStack|allin
STATE:37:r1200f:Kh|Qh:100|-100:allin|deepStack
STATE:38:cr1200f:Kh|Ah:-100|100:deepStack|allin
STATE:39:r1200f:Ks|Qs:100|-100:allin|deepStack
STATE:40:cr1200f:Ks|Kh:-100|100:deepStack|allin
STATE:41:r1200f:As|Ks:100|-100:allin|deepStack
STATE:42:cr1200f:Kh|Ks:-100|100:deepStack|allin
STATE:43:r1200f:Qs|Ks:100|-100:allin|deepStack
STATE:44:cr1200f:Qh|Ks:-100|100:deepStack|allin
STATE:45:r1200f:Ah|Kh:100|-100:allin|deepStack
STATE:46:cr1200f:Qs|Ks:-100|100:deepStack|allin
STATE:47:r1200c/:Kh|Ah/Qs:-1200|1200:allin|deepStack
STATE:48:cr1200f:Qh|Ks:-100|100:deepStack|allin
STATE:49:r1200f:Ah|Kh:100|-100:allin|deepStack
STATE:50:cr1200f:Qs|Ks:-100|100:deepStack|allin
STATE:51:r1200c/:Qs|Ah/Qh:1200|-1200:allin|deepStack
STATE:52:cr1200f:Ks|Kh:-100|100:deepStack|allin
STATE:53:r1200f:Ks|Qh:100|-100:allin|deepStack
STATE:54:r1200c/:As|Kh/Ks:-1200|1200:deepStack|allin
STATE:55:r1200c/:Ks|As/Qh:-1200|1200:allin|deepStack
STATE:56:cr1200f:Ks|As:-100|100:deepStack|allin
STATE:57:r1200c/:As|Ah/Qh:0|0:allin|deepStack
STATE:58:cr1200f:Qs|As:-100|100:deepStack|allin
STATE:59:r1200f:Qs|Qh:100|-100:allin|deepStack
STATE:60:cr1200f:Ks|As:-100|100:deepStack|allin
STATE:61:r1200f:Qh|Qs:100|-100:allin|deepStack
STATE:62:cr1200f:Qh|Ks:-100|100:deepStack|allin
STATE:63:r1200c/:Qh|As/Ah:-1200|1200:allin|deepStack
STATE:64:cr1200f:Qs|Kh:-100|100:deepStack|allin
STATE:65:r1200f:Qh|Kh:100|-100:allin|deepStack
STATE:66:r1200c/:As|Kh/Qh:1200|-1200:deepStack|allin
STATE:67:r1200f:Ah|Qs:100|-100:allin|deepStack
STATE:68:cr1200f:Kh|Qh:-100|100:deepStack|allin
STATE:69:r1200c/:Qh|Ah/Kh:-1200|1200:allin|deepStack
STATE:70:cr1200f:Ks|Qs:-100|100:deepStack|allin
STATE:71:r1200f:As|Qh:100|-100:allin|deepStack
STATE:72:r1200c/:As|Kh/Qs:1200|-1200:deepStack|allin
STATE:73:r1200c/:Qh|Ah/Qs:1200|-1200:allin|deepStack
STATE:74:cr1200f:Qs|Kh:-100|100:deepStack|allin
STATE:75:r1200f:Qs|Qh:100|-100:allin|deepStack
STATE:76:cr1200f:Qs|Qh:-100|100:deepStack|allin
STATE:77:r1200f:Ks|Qh:100|-100:allin|deepStack
STATE:78:cr1200f:Ks|Qs:-100|100:deepStack|allin
STATE:79:r1200c/:Ks|As/Kh:1200|-1200:allin|deepStack
STATE:80:r1200c/:As|Ah/Kh:0|0:deepStack|allin
STATE:81:r1200f:Ah|Qh:100|-100:allin|deepStack
STATE:82:cr1200c/:As|Qs/Kh:1200|-1200:deepStack|allin
STATE:83:r1200c/:As|Ah/Kh:0|0:allin|deepStack
STATE:84:cr1200f:Ks|As:-100|100:deepStack|allin
STATE:85:r1200f:As|Kh:100|-100:allin|deepStack
STATE:86:cr1200f:Qh|Ah:-100|100:deepStack|allin
STATE:87:r1200f:Ks|Qs:100|-100:allin|deepStack
STATE:88:cr1200c/:Ah|Qs/Kh:1200|-1200:deepStack|allin
STATE:89:r1200c/:Kh|Ah/Qs:-1200|1200:allin|deepStack
STATE:90:cr1200c/:As|Ks/Kh:-1200|1200:deepStack|allin
STATE:91:r1200f:Ks|Qs:100|-100:allin|deepStack
STATE:92:cr1200f:Qh|Ks:-100|100:deepStack|allin
STATE:93:r1200f:As|Qs:100|-100:allin|deepStack
STATE:94:r1200c/:Ah|Qh/Ks:1200|-1200:deepStack|allin
STATE:95:r1200f:Ah|Ks:100|-100:allin|deepStack
STATE:96:cr1200f:Kh|Qh:-100|100:deepStack|allin
STATE:97:r1200f:Ks|Qs:100|-100:allin|deepStack
STATE:98:cr1200f:Qh|Ks:-100|100:deepStack|allin
STATE:99:r1200c/:Qh|Ah/Qs:1200|-1200:allin|deepStack
SCORE:10700|-10700:deepStack|allin
