# name/game/hands/seed alwayscallVdeepstack ./DeepStack-Leduc/ACPCServer/leduc.game 100 1
#--t_response 600000
#--t_hand 600000
#--t_per_hand 7000
STATE:0:cc/cc:Kh|Ks/Qh:0|0:deepStack|alwayscall
STATE:1:cc/cc:Ah|Qs/Kh:100|-100:alwayscall|deepStack
STATE:2:cc/cc:As|Kh/Qs:100|-100:deepStack|alwayscall
STATE:3:cr300c/cc:Qh|Qs/Kh:0|0:alwayscall|deepStack
STATE:4:cc/r300c:Ks|Qs/Kh:300|-300:deepStack|alwayscall
STATE:5:cr300c/cr1200c:Qh|Ah/Kh:-1200|1200:alwayscall|deepStack
STATE:6:cc/cc:Ah|Kh/As:100|-100:deepStack|alwayscall
STATE:7:cr300c/cr900c:Qs|Kh/Qh:900|-900:alwayscall|deepStack
STATE:8:cc/cc:Qs|Kh/Ah:-100|100:deepStack|alwayscall
STATE:9:cc/cc:Ah|Ks/As:100|-100:alwayscall|deepStack
STATE:10:cc/cc:Ah|Kh/Qs:100|-100:deepStack|alwayscall
STATE:11:cr300c/cc:Qs|Ah/Kh:-300|300:alwayscall|deepStack
STATE:12:cc/cc:As|Kh/Qh:100|-100:deepStack|alwayscall
STATE:13:cr300c/cc:Ah|Qh/Kh:300|-300:alwayscall|deepStack
STATE:14:cc/cc:As|Qs/Ks:100|-100:deepStack|alwayscall
STATE:15:cr300c/cc:Qs|As/Kh:-300|300:alwayscall|deepStack
STATE:16:r1200c/:As|Ks/Qh:1200|-1200:deepStack|alwayscall
STATE:17:cr300c/cc:Qs|As/Qh:300|-300:alwayscall|deepStack
STATE:18:r300c/cc:Qs|As/Ks:-300|300:deepStack|alwayscall
STATE:19:cr300c/cc:Ah|As/Qh:0|0:alwayscall|deepStack
STATE:20:cc/cc:Ks|As/Qs:-100|100:deepStack|alwayscall
STATE:21:cr300c/cr1200c:Ah|Qs/Kh:1200|-1200:alwayscall|deepStack
STATE:22:r300c/cc:Kh|Ah/Qh:-300|300:deepStack|alwayscall
STATE:23:cc/cc:Ks|As/Qs:-100|100:alwayscall|deepStack
STATE:24:cc/cc:Ah|As/Qh:0|0:deepStack|alwayscall
STATE:25:cr300c/cr900c:Qh|As/Qs:900|-900:alwayscall|deepStack
STATE:26:r1200c/:As|Qh/Qs:-1200|1200:deepStack|alwayscall
STATE:27:cc/cc:Qh|Ah/Kh:-100|100:alwayscall|deepStack
STATE:28:cc/cc:Kh|Qh/Qs:-100|100:deepStack|alwayscall
STATE:29:cr300c/cc:Kh|As/Ks:300|-300:alwayscall|deepStack
STATE:30:r1200c/:Ah|Qs/Kh:1200|-1200:deepStack|alwayscall
STATE:31:cr1200c/:Qs|As/Ah:-1200|1200:alwayscall|deepStack
STATE:32:cc/cc:Qs|Ah/Qh:100|-100:deepStack|alwayscall
STATE:33:cc/cc:Kh|Qs/As:100|-100:alwayscall|deepStack
STATE:34:cc/cc:Qs|Kh/Qh:100|-100:deepStack|alwayscall
STATE:35:cr300c/cr1200c:Qh|As/Ah:-1200|1200:alwayscall|deepStack
STATE:36:cc/cc:Qs|Qh/As:0|0:deepStack|alwayscall
STATE:37:cc/cr300c:Kh|Qh/Qs:-300|300:alwayscall|deepStack
STATE:38:cc/cc:Kh|Ah/Ks:100|-100:deepStack|alwayscall
STATE:39:cc/cr300c:Ks|Qs/Qh:-300|300:alwayscall|deepStack
STATE:40:cc/cc:Ks|Kh/Qs:0|0:deepStack|alwayscall
STATE:41:cc/cr300c:As|Ks/Kh:-300|300:alwayscall|deepStack
STATE:42:cc/cc:Kh|Ks/Qh:0|0:deepStack|alwayscall
STATE:43:cr300c/cc:Qs|Ks/Ah:-300|300:alwayscall|deepStack
STATE:44:cc/cc:Qh|Ks/Ah:-100|100:deepStack|alwayscall
STATE:45:cc/cc:Ah|Kh/Qs:100|-100:alwayscall|deepStack
STATE:46:cc/cc:Qs|Ks/As:-100|100:deepStack|alwayscall
STATE:47:cr300c/cc:Kh|Ah/Qs:-300|300:alwayscall|deepStack
STATE:48:cc/cc:Qh|Ks/As:-100|100:deepStack|alwayscall
STATE:49:cr300c/cc:Ah|Kh/Qs:300|-300:alwayscall|deepStack
STATE:50:cc/cc:Qs|Ks/Qh:100|-100:deepStack|alwayscall
STATE:51:cr300c/cc:Qs|Ah/Qh:300|-300:alwayscall|deepStack
STATE:52:cc/cc:Ks|Kh/As:0|0:deepStack|alwayscall
STATE:53:cc/cc:Ks|Qh/As:100|-100:alwayscall|deepStack
STATE:54:r1200c/:As|Kh/Ks:-1200|1200:deepStack|alwayscall
STATE:55:cr300c/cr900c:Ks|As/Qh:-900|900:alwayscall|deepStack
STATE:56:cc/cc:Ks|As/Qh:-100|100:deepStack|alwayscall
STATE:57:cr300c/cr1200c:As|Ah/Qh:0|0:alwayscall|deepStack
STATE:58:cc/cc:Qs|As/Ah:-100|100:deepStack|alwayscall
STATE:59:cc/cc:Qs|Qh/Ah:0|0:alwayscall|deepStack
STATE:60:cc/cc:Ks|As/Qs:-100|100:deepStack|alwayscall
STATE:61:cc/cc:Qh|Qs/Ah:0|0:alwayscall|deepStack
STATE:62:cc/cc:Qh|Ks/Ah:-100|100:deepStack|alwayscall
STATE:63:cc/cr1200c:Qh|As/Ah:-1200|1200:alwayscall|deepStack
STATE:64:cc/cc:Qs|Kh/Qh:100|-100:deepStack|alwayscall
STATE:65:cc/cr300c:Qh|Kh/Ks:-300|300:alwayscall|deepStack
STATE:66:cc/cc:As|Kh/Qh:100|-100:deepStack|alwayscall
STATE:67:cc/cc:Ah|Qs/As:100|-100:alwayscall|deepStack
STATE:68:cc/r300c:Kh|Qh/As:300|-300:deepStack|alwayscall
STATE:69:cr1200c/:Qh|Ah/Kh:-1200|1200:alwayscall|deepStack
STATE:70:cc/cc:Ks|Qs/Qh:-100|100:deepStack|alwayscall
STATE:71:cc/cc:As|Qh/Ks:100|-100:alwayscall|deepStack
STATE:72:cc/cc:As|Kh/Qs:100|-100:deepStack|alwayscall
STATE:73:cr300c/cc:Qh|Ah/Qs:300|-300:alwayscall|deepStack
STATE:74:cc/cc:Qs|Kh/Ah:-100|100:deepStack|alwayscall
STATE:75:cc/cc:Qs|Qh/Ks:0|0:alwayscall|deepStack
STATE:76:cc/cc:Qs|Qh/Kh:0|0:deepStack|alwayscall
STATE:77:cc/cr300c:Ks|Qh/Qs:-300|300:alwayscall|deepStack
STATE:78:cc/cc:Ks|Qs/Kh:100|-100:deepStack|alwayscall
STATE:79:cr300c/cc:Ks|As/Kh:300|-300:alwayscall|deepStack
STATE:80:r1200c/:As|Ah/Kh:0|0:deepStack|alwayscall
STATE:81:cc/cr300c:Ah|Qh/Ks:300|-300:alwayscall|deepStack
STATE:82:cc/cc:As|Qs/Kh:100|-100:deepStack|alwayscall
STATE:83:cc/cc:As|Ah/Kh:0|0:alwayscall|deepStack
STATE:84:cc/cc:Ks|As/Kh:100|-100:deepStack|alwayscall
STATE:85:cr300c/cc:As|Kh/Qh:300|-300:alwayscall|deepStack
STATE:86:cc/cc:Qh|Ah/Qs:100|-100:deepStack|alwayscall
STATE:87:cc/cc:Ks|Qs/Ah:100|-100:alwayscall|deepStack
STATE:88:r1200c/:Ah|Qs/Kh:1200|-1200:deepStack|alwayscall
STATE:89:cr300c/cc:Kh|Ah/Qs:-300|300:alwayscall|deepStack
STATE:90:cc/cc:As|Ks/Kh:-100|100:deepStack|alwayscall
STATE:91:cc/cc:Ks|Qs/As:100|-100:alwayscall|deepStack
STATE:92:cc/cc:Qh|Ks/As:-100|100:deepStack|alwayscall
STATE:93:cc/cc:As|Qs/Ks:100|-100:alwayscall|deepStack
STATE:94:r1200c/:Ah|Qh/Ks:1200|-1200:deepStack|alwayscall
STATE:95:cc/cc:Ah|Ks/Qh:100|-100:alwayscall|deepStack
STATE:96:cc/cc:Kh|Qh/Ks:100|-100:deepStack|alwayscall
STATE:97:cc/cc:Ks|Qs/Kh:100|-100:alwayscall|deepStack
STATE:98:cc/cc:Qh|Ks/Kh:-100|100:deepStack|alwayscall
STATE:99:cc/cc:Qh|Ah/Qs:100|-100:alwayscall|deepStack
SCORE:5700|-5700:deepStack|alwayscall
