# name/game/hands/seed mildadaptiverocksvdeepstack ./DeepStack-Leduc/ACPCServer/leduc.game 1000 5
#--t_response 600000
#--t_hand 600000
#--t_per_hand 7000
STATE:0:r1200f:As|Ks:100|-100:deepstack|mildadaptiverocks
STATE:1:cc/cc:Qs|Kh/Ah:-100|100:mildadaptiverocks|deepstack
STATE:2:r300f:Ks|Qs:100|-100:deepstack|mildadaptiverocks
STATE:3:cr300f:Ks|As:-100|100:mildadaptiverocks|deepstack
STATE:4:r1200c/:As|Ah/Ks:0|0:deepstack|mildadaptiverocks
STATE:5:cc/cc:Qh|Qs/As:0|0:mildadaptiverocks|deepstack
STATE:6:cc/cr300f:As|Ks/Kh:-100|100:deepstack|mildadaptiverocks
STATE:7:cr300f:Qs|Ah:-100|100:mildadaptiverocks|deepstack
STATE:8:cr1200c/:Ah|As/Qs:0|0:deepstack|mildadaptiverocks
STATE:9:cr300f:Qs|As:-100|100:mildadaptiverocks|deepstack
STATE:10:cc/cr300f:Qh|Ks/Kh:-100|100:deepstack|mildadaptiverocks
STATE:11:cr300f:Qh|As:-100|100:mildadaptiverocks|deepstack
STATE:12:cc/r300f:Kh|Ks/As:100|-100:deepstack|mildadaptiverocks
STATE:13:cr300f:Kh|As:-100|100:mildadaptiverocks|deepstack
STATE:14:cr300f:Qh|Ah:-100|100:deepstack|mildadaptiverocks
STATE:15:cr300f:Ks|As:-100|100:mildadaptiverocks|deepstack
STATE:16:cr300f:Ks|Qh:-100|100:deepstack|mildadaptiverocks
STATE:17:cc/cr300f:Ah|Kh/Ks:-100|100:mildadaptiverocks|deepstack
STATE:18:cc/cc:As|Kh/Qs:100|-100:deepstack|mildadaptiverocks
STATE:19:cc/r300c:Ah|Kh/As:300|-300:mildadaptiverocks|deepstack
STATE:20:cr300f:Qs|Ah:-100|100:deepstack|mildadaptiverocks
STATE:21:r1200f:Ah|Qh:100|-100:mildadaptiverocks|deepstack
STATE:22:cc/cc:Kh|Ks/Qh:0|0:deepstack|mildadaptiverocks
STATE:23:cr300c/r1200f:Qs|Ah/Ks:300|-300:mildadaptiverocks|deepstack
STATE:24:cr1200f:Kh|As:-100|100:deepstack|mildadaptiverocks
STATE:25:r1200f:Ah|Ks:100|-100:mildadaptiverocks|deepstack
STATE:26:cc/r300f:As|Ks/Ah:100|-100:deepstack|mildadaptiverocks
STATE:27:cc/cc:As|Qh/Kh:100|-100:mildadaptiverocks|deepstack
STATE:28:cr300c/cc:Kh|Ah/Qs:-300|300:deepstack|mildadaptiverocks
STATE:29:cc/cc:Qh|Ah/Ks:-100|100:mildadaptiverocks|deepstack
STATE:30:cr1200c/:Ah|As/Kh:0|0:deepstack|mildadaptiverocks
STATE:31:cc/cc:Ks|Qh/As:100|-100:mildadaptiverocks|deepstack
STATE:32:cc/cc:Qs|Qh/Kh:0|0:deepstack|mildadaptiverocks
STATE:33:cc/cc:As|Ah/Kh:0|0:mildadaptiverocks|deepstack
STATE:34:cr1200f:Ks|As:-100|100:deepstack|mildadaptiverocks
STATE:35:cr300f:Qs|Ah:-100|100:mildadaptiverocks|deepstack
STATE:36:cc/cc:Qh|Ks/Ah:-100|100:deepstack|mildadaptiverocks
STATE:37:cc/cr1200f:Kh|As/Ah:-100|100:mildadaptiverocks|deepstack
STATE:38:cc/cc:Ks|Kh/Qs:0|0:deepstack|mildadaptiverocks
STATE:39:cc/cc:Ah|Qh/Ks:100|-100:mildadaptiverocks|deepstack
STATE:40:cc/r300f:Ah|Qh/As:100|-100:deepstack|mildadaptiverocks
STATE:41:cr300f:Qh|As:-100|100:mildadaptiverocks|deepstack
STATE:42:cr300f:Qh|Ah:-100|100:deepstack|mildadaptiverocks
STATE:43:cr300f:Kh|Ks:-100|100:mildadaptiverocks|deepstack
STATE:44:cc/r300f:Qs|Qh/Ks:100|-100:deepstack|mildadaptiverocks
STATE:45:cc/cc:As|Kh/Qh:100|-100:mildadaptiverocks|deepstack
STATE:46:cc/cc:Ah|Ks/Qh:100|-100:deepstack|mildadaptiverocks
STATE:47:cc/cc:Kh|Ks/Qs:0|0:mildadaptiverocks|deepstack
STATE:48:cc/cc:As|Qs/Kh:100|-100:deepstack|mildadaptiverocks
STATE:49:r300r1200f:Kh|As:-300|300:mildadaptiverocks|deepstack
STATE:50:cr1200f:Ks|As:-100|100:deepstack|mildadaptiverocks
STATE:51:cc/r300c:As|Ks/Ah:300|-300:mildadaptiverocks|deepstack
STATE:52:cc/r300f:Ks|Qh/Ah:100|-100:deepstack|mildadaptiverocks
STATE:53:cr300f:Qh|Kh:-100|100:mildadaptiverocks|deepstack
STATE:54:cc/cc:Kh|Qs/Ks:100|-100:deepstack|mildadaptiverocks
STATE:55:cc/r300f:Kh|Qs/Ah:100|-100:mildadaptiverocks|deepstack
STATE:56:cc/cc:As|Qh/Kh:100|-100:deepstack|mildadaptiverocks
STATE:57:cr300f:Qh|Ah:-100|100:mildadaptiverocks|deepstack
STATE:58:cc/cc:Kh|Qh/Ks:100|-100:deepstack|mildadaptiverocks
STATE:59:cr1200f:Ks|As:-100|100:mildadaptiverocks|deepstack
STATE:60:cc/r300f:Kh|Qs/Ah:100|-100:deepstack|mildadaptiverocks
STATE:61:cc/cr300f:Qh|Ks/Kh:-100|100:mildadaptiverocks|deepstack
STATE:62:r1200f:As|Qh:100|-100:deepstack|mildadaptiverocks
STATE:63:cc/cc:Ks|Kh/As:0|0:mildadaptiverocks|deepstack
STATE:64:cc/cr300c:As|Qs/Qh:-300|300:deepstack|mildadaptiverocks
STATE:65:cr300f:Qs|Kh:-100|100:mildadaptiverocks|deepstack
STATE:66:cc/cc:Qh|Kh/As:-100|100:deepstack|mildadaptiverocks
STATE:67:cc/r300f:Ah|Ks/As:100|-100:mildadaptiverocks|deepstack
STATE:68:cr1200f:Kh|As:-100|100:deepstack|mildadaptiverocks
STATE:69:cc/cc:Qs|Ks/Qh:100|-100:mildadaptiverocks|deepstack
STATE:70:cc/cc:Qh|Kh/Ah:-100|100:deepstack|mildadaptiverocks
STATE:71:cc/cr300f:Qs|Ks/Kh:-100|100:mildadaptiverocks|deepstack
STATE:72:cc/cc:Kh|Ks/Qs:0|0:deepstack|mildadaptiverocks
STATE:73:cr300f:Qs|Ah:-100|100:mildadaptiverocks|deepstack
STATE:74:r1200f:Ah|Ks:100|-100:deepstack|mildadaptiverocks
STATE:75:cc/cr300f:Ah|Ks/Kh:-100|100:mildadaptiverocks|deepstack
STATE:76:cc/cc:Kh|Qs/As:100|-100:deepstack|mildadaptiverocks
STATE:77:cc/cc:Ah|Ks/Qs:100|-100:mildadaptiverocks|deepstack
STATE:78:r300c/cc:As|Kh/Qh:300|-300:deepstack|mildadaptiverocks
STATE:79:cc/cc:Kh|Qs/Ks:100|-100:mildadaptiverocks|deepstack
STATE:80:cr300f:Qh|Ah:-100|100:deepstack|mildadaptiverocks
STATE:81:cr300f:Qs|As:-100|100:mildadaptiverocks|deepstack
STATE:82:r1200f:Ah|Ks:100|-100:deepstack|mildadaptiverocks
STATE:83:cc/cr300f:Qh|Ks/Kh:-100|100:mildadaptiverocks|deepstack
STATE:84:cr300f:Ks|As:-100|100:deepstack|mildadaptiverocks
STATE:85:cr300f:Kh|Ks:-100|100:mildadaptiverocks|deepstack
STATE:86:cc/cr300f:Qs|Kh/Ks:-100|100:deepstack|mildadaptiverocks
STATE:87:cc/cr300f:Ks|Qh/Qs:-100|100:mildadaptiverocks|deepstack
STATE:88:cc/r1200f:Ah|Kh/As:100|-100:deepstack|mildadaptiverocks
STATE:89:cr1200f:Kh|As:-100|100:mildadaptiverocks|deepstack
STATE:90:cc/cc:Kh|Qs/Ks:100|-100:deepstack|mildadaptiverocks
STATE:91:r1200f:Ah|Qh:100|-100:mildadaptiverocks|deepstack
STATE:92:r300c/r1200f:As|Kh/Ah:300|-300:deepstack|mildadaptiverocks
STATE:93:cc/cc:Kh|Qs/As:100|-100:mildadaptiverocks|deepstack
STATE:94:cr300c/r1200f:Ks|Ah/Qh:300|-300:deepstack|mildadaptiverocks
STATE:95:cc/r300c:Ks|Kh/As:0|0:mildadaptiverocks|deepstack
STATE:96:cr300f:Qh|As:-100|100:deepstack|mildadaptiverocks
STATE:97:r1200c/:As|Ah/Ks:0|0:mildadaptiverocks|deepstack
STATE:98:cr1200f:Qs|As:-100|100:deepstack|mildadaptiverocks
STATE:99:cr300c/r900f:Qs|Kh/Qh:300|-300:mildadaptiverocks|deepstack
STATE:100:cr300f:Qs|Kh:-100|100:deepstack|mildadaptiverocks
STATE:101:cr300f:Kh|As:-100|100:mildadaptiverocks|deepstack
STATE:102:cr1200f:Ks|Ah:-100|100:deepstack|mildadaptiverocks
STATE:103:cr1200f:Ks|Ah:-100|100:mildadaptiverocks|deepstack
STATE:104:cr300f:Qs|Ah:-100|100:deepstack|mildadaptiverocks
STATE:105:cr300f:Qh|As:-100|100:mildadaptiverocks|deepstack
STATE:106:cr300r1200c/:As|Ah/Qs:0|0:deepstack|mildadaptiverocks
STATE:107:cr300f:Qs|As:-100|100:mildadaptiverocks|deepstack
STATE:108:r1200f:As|Qh:100|-100:deepstack|mildadaptiverocks
STATE:109:cc/cr300f:Qh|Ks/Kh:-100|100:mildadaptiverocks|deepstack
STATE:110:r1200f:As|Qs:100|-100:deepstack|mildadaptiverocks
STATE:111:cr300f:Qs|Ah:-100|100:mildadaptiverocks|deepstack
STATE:112:cc/cc:Qh|Kh/As:-100|100:deepstack|mildadaptiverocks
STATE:113:cc/cc:Qh|Qs/Ah:0|0:mildadaptiverocks|deepstack
STATE:114:cc/cr300f:Ah|Qs/Qh:-100|100:deepstack|mildadaptiverocks
STATE:115:cr300f:Qs|As:-100|100:mildadaptiverocks|deepstack
STATE:116:cr300c/cc:Qs|As/Kh:-300|300:deepstack|mildadaptiverocks
STATE:117:cr300r1200f:As|Qh:300|-300:mildadaptiverocks|deepstack
STATE:118:cc/cr300f:Qh|Kh/Ks:-100|100:deepstack|mildadaptiverocks
STATE:119:cr300f:Ks|Kh:-100|100:mildadaptiverocks|deepstack
STATE:120:cr300c/cr900f:Ks|Ah/As:-300|300:deepstack|mildadaptiverocks
STATE:121:cc/cr300f:Qh|Kh/Ks:-100|100:mildadaptiverocks|deepstack
STATE:122:cc/r300f:Ks|Qs/As:100|-100:deepstack|mildadaptiverocks
STATE:123:cc/cc:Qs|Qh/As:0|0:mildadaptiverocks|deepstack
STATE:124:r300c/r1200f:Ks|Kh/Ah:300|-300:deepstack|mildadaptiverocks
STATE:125:cr1200f:Ks|As:-100|100:mildadaptiverocks|deepstack
STATE:126:cc/cr300c:As|Ks/Qs:300|-300:deepstack|mildadaptiverocks
STATE:127:cr300f:Qs|Qh:-100|100:mildadaptiverocks|deepstack
STATE:128:cc/cc:Kh|Qs/Ks:100|-100:deepstack|mildadaptiverocks
STATE:129:cc/cc:Kh|Ks/Qs:0|0:mildadaptiverocks|deepstack
STATE:130:r300c/cc:As|Ah/Kh:0|0:deepstack|mildadaptiverocks
STATE:131:cr300r1200c/:Ah|As/Ks:0|0:mildadaptiverocks|deepstack
STATE:132:cc/r300f:Ks|Kh/As:100|-100:deepstack|mildadaptiverocks
STATE:133:cc/r300r1200c:Ah|Qh/As:1200|-1200:mildadaptiverocks|deepstack
STATE:134:r1200f:Ah|Kh:100|-100:deepstack|mildadaptiverocks
STATE:135:cc/cc:As|Qs/Ks:100|-100:mildadaptiverocks|deepstack
STATE:136:cc/cc:Qh|Qs/Ah:0|0:deepstack|mildadaptiverocks
STATE:137:cc/cr300f:Qh|Qs/Kh:-100|100:mildadaptiverocks|deepstack
STATE:138:cr300f:Qh|Ah:-100|100:deepstack|mildadaptiverocks
STATE:139:cr300c/cc:Qh|Ah/Ks:-300|300:mildadaptiverocks|deepstack
STATE:140:cc/cr300c:Ah|Qs/Qh:-300|300:deepstack|mildadaptiverocks
STATE:141:cc/cr300f:Kh|Ks/Qh:-100|100:mildadaptiverocks|deepstack
STATE:142:cc/cr300f:As|Kh/Ks:-100|100:deepstack|mildadaptiverocks
STATE:143:cr300f:Kh|As:-100|100:mildadaptiverocks|deepstack
STATE:144:cc/cr300f:Qh|Ks/Kh:-100|100:deepstack|mildadaptiverocks
STATE:145:cr300f:Qs|As:-100|100:mildadaptiverocks|deepstack
STATE:146:cc/cc:Ks|Kh/Qh:0|0:deepstack|mildadaptiverocks
STATE:147:cr300f:Kh|Ah:-100|100:mildadaptiverocks|deepstack
STATE:148:r300c/cc:Ah|Ks/Qs:300|-300:deepstack|mildadaptiverocks
STATE:149:cc/cc:Qh|Kh/As:-100|100:mildadaptiverocks|deepstack
STATE:150:cc/cc:Ah|Qs/Ks:100|-100:deepstack|mildadaptiverocks
STATE:151:cr300f:Qh|Ks:-100|100:mildadaptiverocks|deepstack
STATE:152:r1200c/:As|Ah/Qs:0|0:deepstack|mildadaptiverocks
STATE:153:cc/cc:Ks|Kh/Qh:0|0:mildadaptiverocks|deepstack
STATE:154:cc/cc:As|Qs/Kh:100|-100:deepstack|mildadaptiverocks
STATE:155:cr1200f:Qh|Ah:-100|100:mildadaptiverocks|deepstack
STATE:156:cr1200f:Qs|Ah:-100|100:deepstack|mildadaptiverocks
STATE:157:r1200c/:Ah|As/Qh:0|0:mildadaptiverocks|deepstack
STATE:158:cr300f:Ks|Qs:-100|100:deepstack|mildadaptiverocks
STATE:159:cr300f:Qh|Ah:-100|100:mildadaptiverocks|deepstack
STATE:160:cc/cc:Qh|Qs/Kh:0|0:deepstack|mildadaptiverocks
STATE:161:r1200c/:As|Ah/Qs:0|0:mildadaptiverocks|deepstack
STATE:162:cc/cc:Ks|Qh/Ah:100|-100:deepstack|mildadaptiverocks
STATE:163:cr300r1200c/:As|Ah/Ks:0|0:mildadaptiverocks|deepstack
STATE:164:cr300f:Ks|Ah:-100|100:deepstack|mildadaptiverocks
STATE:165:cc/cc:Ah|Kh/Qs:100|-100:mildadaptiverocks|deepstack
STATE:166:cr300f:Ks|As:-100|100:deepstack|mildadaptiverocks
STATE:167:cr300r1200f:As|Qs:300|-300:mildadaptiverocks|deepstack
STATE:168:cr1200f:Qh|As:-100|100:deepstack|mildadaptiverocks
STATE:169:cc/cc:Qh|Kh/Ah:-100|100:mildadaptiverocks|deepstack
STATE:170:cr300f:Kh|Qh:-100|100:deepstack|mildadaptiverocks
STATE:171:cc/cc:As|Qs/Kh:100|-100:mildadaptiverocks|deepstack
STATE:172:cr1200f:Ks|As:-100|100:deepstack|mildadaptiverocks
STATE:173:cr300f:Qh|Ah:-100|100:mildadaptiverocks|deepstack
STATE:174:cc/cr300f:Ks|Qs/Qh:-100|100:deepstack|mildadaptiverocks
STATE:175:r1200f:Ah|Qs:100|-100:mildadaptiverocks|deepstack
STATE:176:cr300r1200f:Ah|Qs:300|-300:deepstack|mildadaptiverocks
STATE:177:cc/cr300r900f:Ks|Qs/Kh:300|-300:mildadaptiverocks|deepstack
STATE:178:r1200c/:As|Ah/Kh:0|0:deepstack|mildadaptiverocks
STATE:179:cr300r1200c/:As|Ah/Kh:0|0:mildadaptiverocks|deepstack
STATE:180:cr1200c/:Ah|As/Kh:0|0:deepstack|mildadaptiverocks
STATE:181:cr300f:Ks|Ah:-100|100:mildadaptiverocks|deepstack
STATE:182:cc/r300c:Ks|Kh/As:0|0:deepstack|mildadaptiverocks
STATE:183:cr300f:Ks|Qh:-100|100:mildadaptiverocks|deepstack
STATE:184:cc/cc:Qs|Kh/Qh:100|-100:deepstack|mildadaptiverocks
STATE:185:cc/cc:As|Qs/Ks:100|-100:mildadaptiverocks|deepstack
STATE:186:cc/cr300f:Qs|Ks/Kh:-100|100:deepstack|mildadaptiverocks
STATE:187:cr300c/r900c:Qs|Ah/Qh:900|-900:mildadaptiverocks|deepstack
STATE:188:cr300f:Qs|Kh:-100|100:deepstack|mildadaptiverocks
STATE:189:cc/cr1200f:Kh|Ah/As:-100|100:mildadaptiverocks|deepstack
STATE:190:cr300f:Qh|Ah:-100|100:deepstack|mildadaptiverocks
STATE:191:cr300f:Ks|As:-100|100:mildadaptiverocks|deepstack
STATE:192:cc/cc:Ks|Kh/As:0|0:deepstack|mildadaptiverocks
STATE:193:cr300f:Qs|As:-100|100:mildadaptiverocks|deepstack
STATE:194:r300c/r900r1200f:Qs|Kh/Ks:-900|900:deepstack|mildadaptiverocks
STATE:195:cc/r300f:Ah|Ks/As:100|-100:mildadaptiverocks|deepstack
STATE:196:r1200f:As|Ks:100|-100:deepstack|mildadaptiverocks
STATE:197:cr1200f:Qs|As:-100|100:mildadaptiverocks|deepstack
STATE:198:cr300f:Kh|Ah:-100|100:deepstack|mildadaptiverocks
STATE:199:cc/cc:As|Qs/Ks:100|-100:mildadaptiverocks|deepstack
STATE:200:cc/cr300f:Ks|Qh/Qs:-100|100:deepstack|mildadaptiverocks
STATE:201:cc/cc:As|Kh/Qs:100|-100:mildadaptiverocks|deepstack
STATE:202:cc/cc:Qh|Kh/As:-100|100:deepstack|mildadaptiverocks
STATE:203:cc/cr300f:Qs|Qh/Ks:-100|100:mildadaptiverocks|deepstack
STATE:204:cc/cc:Ks|Qs/Kh:100|-100:deepstack|mildadaptiverocks
STATE:205:cr300f:Qs|Ah:-100|100:mildadaptiverocks|deepstack
STATE:206:r1200c/:Ah|As/Kh:0|0:deepstack|mildadaptiverocks
STATE:207:cc/cc:Ks|Kh/Ah:0|0:mildadaptiverocks|deepstack
STATE:208:cc/r300f:Kh|Ks/Ah:100|-100:deepstack|mildadaptiverocks
STATE:209:cr1200c/:Ah|As/Qs:0|0:mildadaptiverocks|deepstack
STATE:210:cc/cc:Qh|Kh/Ah:-100|100:deepstack|mildadaptiverocks
STATE:211:cc/r300c:Kh|Ks/Ah:0|0:mildadaptiverocks|deepstack
STATE:212:r300c/cr900f:Qs|Kh/Ks:-300|300:deepstack|mildadaptiverocks
STATE:213:cr1200f:Qs|As:-100|100:mildadaptiverocks|deepstack
STATE:214:cc/cc:Qs|Qh/Ks:0|0:deepstack|mildadaptiverocks
STATE:215:cr300f:Qs|Ah:-100|100:mildadaptiverocks|deepstack
STATE:216:r300c/cc:Ks|As/Kh:300|-300:deepstack|mildadaptiverocks
STATE:217:cc/r1200f:As|Qs/Ah:100|-100:mildadaptiverocks|deepstack
STATE:218:cc/cc:Qh|Ks/Ah:-100|100:deepstack|mildadaptiverocks
STATE:219:cc/cr300f:Qs|Ks/Kh:-100|100:mildadaptiverocks|deepstack
STATE:220:cr1200f:Qh|As:-100|100:deepstack|mildadaptiverocks
STATE:221:cc/cc:Kh|Ks/Qh:0|0:mildadaptiverocks|deepstack
STATE:222:cc/cc:Ks|As/Qs:-100|100:deepstack|mildadaptiverocks
STATE:223:cc/cc:Qs|Ah/Kh:-100|100:mildadaptiverocks|deepstack
STATE:224:cc/cr300f:Kh|Qs/Qh:-100|100:deepstack|mildadaptiverocks
STATE:225:cc/cc:Ks|Qs/Kh:100|-100:mildadaptiverocks|deepstack
STATE:226:cr300f:Kh|As:-100|100:deepstack|mildadaptiverocks
STATE:227:cc/cr300f:Qh|Ks/Kh:-100|100:mildadaptiverocks|deepstack
STATE:228:cc/cc:Ks|Kh/As:0|0:deepstack|mildadaptiverocks
STATE:229:cc/r1200f:Ah|Qs/As:100|-100:mildadaptiverocks|deepstack
STATE:230:cc/cc:Ks|Qh/Ah:100|-100:deepstack|mildadaptiverocks
STATE:231:cc/r300c:Ks|Kh/As:0|0:mildadaptiverocks|deepstack
STATE:232:cc/cc:Qs|Kh/Qh:100|-100:deepstack|mildadaptiverocks
STATE:233:cc/cc:Qh|Qs/Ah:0|0:mildadaptiverocks|deepstack
STATE:234:cc/cr300f:Qs|Kh/Ks:-100|100:deepstack|mildadaptiverocks
STATE:235:cr1200f:Kh|As:-100|100:mildadaptiverocks|deepstack
STATE:236:r300c/cc:Ks|Ah/Qs:-300|300:deepstack|mildadaptiverocks
STATE:237:cr300c/cr1200c:Ks|Qh/As:1200|-1200:mildadaptiverocks|deepstack
STATE:238:cr1200f:Qh|As:-100|100:deepstack|mildadaptiverocks
STATE:239:cc/cr300r900f:Ks|Qh/Kh:300|-300:mildadaptiverocks|deepstack
STATE:240:r1200f:Ah|Ks:100|-100:deepstack|mildadaptiverocks
STATE:241:cc/cr300f:Kh|Qs/Qh:-100|100:mildadaptiverocks|deepstack
STATE:242:cc/cc:Qh|Qs/Ah:0|0:deepstack|mildadaptiverocks
STATE:243:cc/r300c:As|Kh/Ah:300|-300:mildadaptiverocks|deepstack
STATE:244:cc/cc:Qh|Qs/Ah:0|0:deepstack|mildadaptiverocks
STATE:245:r1200f:Ah|Ks:100|-100:mildadaptiverocks|deepstack
STATE:246:r1200f:As|Qs:100|-100:deepstack|mildadaptiverocks
STATE:247:cc/cr300f:Ks|Qs/Qh:-100|100:mildadaptiverocks|deepstack
STATE:248:cc/cr300f:As|Qs/Ks:-100|100:deepstack|mildadaptiverocks
STATE:249:cr300c/cr1200c:Kh|Qs/Ah:1200|-1200:mildadaptiverocks|deepstack
STATE:250:cr1200f:Qs|As:-100|100:deepstack|mildadaptiverocks
STATE:251:r300r900f:Ks|Ah:-300|300:mildadaptiverocks|deepstack
STATE:252:r1200f:As|Qh:100|-100:deepstack|mildadaptiverocks
STATE:253:cc/cc:Qh|Kh/Qs:100|-100:mildadaptiverocks|deepstack
STATE:254:r1200c/:As|Ah/Kh:0|0:deepstack|mildadaptiverocks
STATE:255:cc/cc:As|Ks/Qs:100|-100:mildadaptiverocks|deepstack
STATE:256:cc/cr300f:Kh|Qh/Qs:-100|100:deepstack|mildadaptiverocks
STATE:257:cc/r300f:Ah|Kh/As:100|-100:mildadaptiverocks|deepstack
STATE:258:cr1200f:Ks|As:-100|100:deepstack|mildadaptiverocks
STATE:259:cc/cc:As|Qs/Ks:100|-100:mildadaptiverocks|deepstack
STATE:260:cc/cc:Qs|Qh/As:0|0:deepstack|mildadaptiverocks
STATE:261:r1200f:As|Qh:100|-100:mildadaptiverocks|deepstack
STATE:262:cr1200c/:Ah|As/Ks:0|0:deepstack|mildadaptiverocks
STATE:263:cc/cr300f:Kh|Qs/Qh:-100|100:mildadaptiverocks|deepstack
STATE:264:cc/cc:Ks|Qs/Kh:100|-100:deepstack|mildadaptiverocks
STATE:265:r1200f:Ah|Qs:100|-100:mildadaptiverocks|deepstack
STATE:266:cr1200f:Kh|As:-100|100:deepstack|mildadaptiverocks
STATE:267:cr300r1200f:As|Kh:300|-300:mildadaptiverocks|deepstack
STATE:268:cc/cc:Qs|Ks/Qh:100|-100:deepstack|mildadaptiverocks
STATE:269:cc/cc:Ks|Qs/Kh:100|-100:mildadaptiverocks|deepstack
STATE:270:cc/r300f:As|Qh/Ah:100|-100:deepstack|mildadaptiverocks
STATE:271:cc/cc:Qs|Kh/As:-100|100:mildadaptiverocks|deepstack
STATE:272:r1200f:Ah|Qs:100|-100:deepstack|mildadaptiverocks
STATE:273:cr300f:Qs|Kh:-100|100:mildadaptiverocks|deepstack
STATE:274:cr300f:Kh|As:-100|100:deepstack|mildadaptiverocks
STATE:275:cc/cc:As|Qs/Kh:100|-100:mildadaptiverocks|deepstack
STATE:276:cr300f:Ks|As:-100|100:deepstack|mildadaptiverocks
STATE:277:cr1200f:Qh|As:-100|100:mildadaptiverocks|deepstack
STATE:278:cc/cc:Qh|Kh/As:-100|100:deepstack|mildadaptiverocks
STATE:279:cc/cr300f:As|Kh/Ks:-100|100:mildadaptiverocks|deepstack
STATE:280:cc/cc:Ah|Qh/Kh:100|-100:deepstack|mildadaptiverocks
STATE:281:cr300f:Kh|Ah:-100|100:mildadaptiverocks|deepstack
STATE:282:cc/cr300f:Ks|Qh/Qs:-100|100:deepstack|mildadaptiverocks
STATE:283:cr300f:Qh|As:-100|100:mildadaptiverocks|deepstack
STATE:284:cc/cc:Ah|Ks/Qs:100|-100:deepstack|mildadaptiverocks
STATE:285:cc/cr300f:Qh|Ks/Kh:-100|100:mildadaptiverocks|deepstack
STATE:286:cc/cc:Kh|Qh/As:100|-100:deepstack|mildadaptiverocks
STATE:287:cr300f:Qs|Ah:-100|100:mildadaptiverocks|deepstack
STATE:288:cr300c/cr1200c:Ks|Qs/Ah:1200|-1200:deepstack|mildadaptiverocks
STATE:289:cr1200f:Ks|As:-100|100:mildadaptiverocks|deepstack
STATE:290:cc/cc:Ks|Kh/Qs:0|0:deepstack|mildadaptiverocks
STATE:291:cc/cc:Qh|Qs/Ks:0|0:mildadaptiverocks|deepstack
STATE:292:cr300c/r1200f:Qs|As/Ks:300|-300:deepstack|mildadaptiverocks
STATE:293:cc/cr300f:Qs|Ks/Kh:-100|100:mildadaptiverocks|deepstack
STATE:294:cr300c/cc:Ks|Kh/Ah:0|0:deepstack|mildadaptiverocks
STATE:295:cr300r1200f:Ah|Qh:300|-300:mildadaptiverocks|deepstack
STATE:296:cc/cr300f:Qs|Kh/Ks:-100|100:deepstack|mildadaptiverocks
STATE:297:cc/cc:Qs|Kh/Ah:-100|100:mildadaptiverocks|deepstack
STATE:298:cc/cr300f:Kh|Qs/Qh:-100|100:deepstack|mildadaptiverocks
STATE:299:cr300f:Qh|As:-100|100:mildadaptiverocks|deepstack
STATE:300:cc/r1200f:Qs|Qh/Ah:100|-100:deepstack|mildadaptiverocks
STATE:301:cr1200f:Qs|As:-100|100:mildadaptiverocks|deepstack
STATE:302:cr300f:Qs|Ah:-100|100:deepstack|mildadaptiverocks
STATE:303:cr300f:Qh|As:-100|100:mildadaptiverocks|deepstack
STATE:304:cr300f:Ks|Ah:-100|100:deepstack|mildadaptiverocks
STATE:305:r1200f:Ah|Kh:100|-100:mildadaptiverocks|deepstack
STATE:306:cr300f:Ks|Ah:-100|100:deepstack|mildadaptiverocks
STATE:307:r300c/cr900f:Ah|Ks/Kh:-300|300:mildadaptiverocks|deepstack
STATE:308:r1200f:Ah|Qh:100|-100:deepstack|mildadaptiverocks
STATE:309:cc/cr1200f:Qh|As/Ah:-100|100:mildadaptiverocks|deepstack
STATE:310:cr300f:Kh|As:-100|100:deepstack|mildadaptiverocks
STATE:311:cc/cc:Ah|Kh/Qh:100|-100:mildadaptiverocks|deepstack
STATE:312:cc/cc:Kh|Ah/Qh:-100|100:deepstack|mildadaptiverocks
STATE:313:cc/cc:Ks|Qh/Kh:100|-100:mildadaptiverocks|deepstack
STATE:314:cc/cc:Qh|Ks/Qs:100|-100:deepstack|mildadaptiverocks
STATE:315:cr300f:Qs|Ks:-100|100:mildadaptiverocks|deepstack
STATE:316:cc/cc:Qh|Ks/As:-100|100:deepstack|mildadaptiverocks
STATE:317:cr300f:Qh|As:-100|100:mildadaptiverocks|deepstack
STATE:318:cc/cc:Qs|Qh/Ah:0|0:deepstack|mildadaptiverocks
STATE:319:cr300r1200f:As|Qs:300|-300:mildadaptiverocks|deepstack
STATE:320:cc/cr300f:As|Qs/Qh:-100|100:deepstack|mildadaptiverocks
STATE:321:cr300r1200f:Ah|Ks:300|-300:mildadaptiverocks|deepstack
STATE:322:cc/r300f:Ah|Kh/As:100|-100:deepstack|mildadaptiverocks
STATE:323:cc/cr300f:Ks|Qs/Qh:-100|100:mildadaptiverocks|deepstack
STATE:324:cc/cc:As|Qs/Ks:100|-100:deepstack|mildadaptiverocks
STATE:325:cr300r1200f:As|Qh:300|-300:mildadaptiverocks|deepstack
STATE:326:cr1200f:Qs|As:-100|100:deepstack|mildadaptiverocks
STATE:327:cr300f:Kh|As:-100|100:mildadaptiverocks|deepstack
STATE:328:cc/cr300f:Ks|Qs/Qh:-100|100:deepstack|mildadaptiverocks
STATE:329:cr300f:Qh|As:-100|100:mildadaptiverocks|deepstack
STATE:330:cr300c/cr1200f:Ks|Kh/As:-300|300:deepstack|mildadaptiverocks
STATE:331:cc/r300f:Ah|Ks/As:100|-100:mildadaptiverocks|deepstack
STATE:332:cr300f:Kh|Ah:-100|100:deepstack|mildadaptiverocks
STATE:333:cc/cc:Qs|Kh/Ah:-100|100:mildadaptiverocks|deepstack
STATE:334:cr1200f:Kh|As:-100|100:deepstack|mildadaptiverocks
STATE:335:cr300f:Ks|Ah:-100|100:mildadaptiverocks|deepstack
STATE:336:cc/cc:Ks|Kh/Qs:0|0:deepstack|mildadaptiverocks
STATE:337:cc/cc:Qs|Qh/Ks:0|0:mildadaptiverocks|deepstack
STATE:338:cr300f:Qh|As:-100|100:deepstack|mildadaptiverocks
STATE:339:cc/cc:Qs|Kh/As:-100|100:mildadaptiverocks|deepstack
STATE:340:cc/cc:Qs|Kh/Qh:100|-100:deepstack|mildadaptiverocks
STATE:341:cc/cr300f:Qh|Ks/Kh:-100|100:mildadaptiverocks|deepstack
STATE:342:cr300f:Qh|Ah:-100|100:deepstack|mildadaptiverocks
STATE:343:cc/cc:Ks|As/Qs:-100|100:mildadaptiverocks|deepstack
STATE:344:cc/cc:As|Ks/Ah:100|-100:deepstack|mildadaptiverocks
STATE:345:cr300f:Kh|Qh:-100|100:mildadaptiverocks|deepstack
STATE:346:cc/cr300f:Qh|Kh/Ks:-100|100:deepstack|mildadaptiverocks
STATE:347:cc/cc:Ks|Kh/Ah:0|0:mildadaptiverocks|deepstack
STATE:348:cc/r300f:Ks|Qs/As:100|-100:deepstack|mildadaptiverocks
STATE:349:r1200f:As|Qs:100|-100:mildadaptiverocks|deepstack
STATE:350:cc/cc:Ah|Qs/Ks:100|-100:deepstack|mildadaptiverocks
STATE:351:cc/cc:Qs|Qh/Ah:0|0:mildadaptiverocks|deepstack
STATE:352:cr1200f:Ks|As:-100|100:deepstack|mildadaptiverocks
STATE:353:cr300f:Qh|Ah:-100|100:mildadaptiverocks|deepstack
STATE:354:cr300f:Kh|Ah:-100|100:deepstack|mildadaptiverocks
STATE:355:cc/cc:Qs|Qh/Ks:0|0:mildadaptiverocks|deepstack
STATE:356:cc/cc:As|Qh/Ks:100|-100:deepstack|mildadaptiverocks
STATE:357:cr300r1200f:As|Ks:300|-300:mildadaptiverocks|deepstack
STATE:358:cr300f:Qs|As:-100|100:deepstack|mildadaptiverocks
STATE:359:cc/r300c:Ah|Kh/As:300|-300:mildadaptiverocks|deepstack
STATE:360:cr300r1200c/:Ah|As/Qh:0|0:deepstack|mildadaptiverocks
STATE:361:cr300f:Kh|Qh:-100|100:mildadaptiverocks|deepstack
STATE:362:r1200f:As|Qh:100|-100:deepstack|mildadaptiverocks
STATE:363:cc/cc:As|Ks/Qh:100|-100:mildadaptiverocks|deepstack
STATE:364:cc/cc:Kh|Qs/Ks:100|-100:deepstack|mildadaptiverocks
STATE:365:cr300f:Kh|Ks:-100|100:mildadaptiverocks|deepstack
STATE:366:cr300f:Qh|As:-100|100:deepstack|mildadaptiverocks
STATE:367:cc/cc:Kh|Qs/As:100|-100:mildadaptiverocks|deepstack
STATE:368:r300f:As|Qh:100|-100:deepstack|mildadaptiverocks
STATE:369:cc/cc:Qs|Ks/As:-100|100:mildadaptiverocks|deepstack
STATE:370:r1200f:Ah|Ks:100|-100:deepstack|mildadaptiverocks
STATE:371:r1200f:As|Ks:100|-100:mildadaptiverocks|deepstack
STATE:372:r1200f:Ah|Qs:100|-100:deepstack|mildadaptiverocks
STATE:373:cc/cc:Qh|Ks/As:-100|100:mildadaptiverocks|deepstack
STATE:374:cr300f:Kh|Ah:-100|100:deepstack|mildadaptiverocks
STATE:375:cc/cc:As|Qs/Ks:100|-100:mildadaptiverocks|deepstack
STATE:376:cc/cc:As|Ks/Qs:100|-100:deepstack|mildadaptiverocks
STATE:377:r300c/cr1200f:Kh|Ks/Qs:-300|300:mildadaptiverocks|deepstack
STATE:378:cc/cc:Kh|Qs/Ks:100|-100:deepstack|mildadaptiverocks
STATE:379:cc/r300f:As|Ks/Ah:100|-100:mildadaptiverocks|deepstack
STATE:380:cr1200f:Ks|As:-100|100:deepstack|mildadaptiverocks
STATE:381:cr1200f:Qh|As:-100|100:mildadaptiverocks|deepstack
STATE:382:r300f:As|Qh:100|-100:deepstack|mildadaptiverocks
STATE:383:cr300f:Qs|Ah:-100|100:mildadaptiverocks|deepstack
STATE:384:cc/cc:Ks|Qh/Kh:100|-100:deepstack|mildadaptiverocks
STATE:385:cr300f:Qh|Qs:-100|100:mildadaptiverocks|deepstack
STATE:386:cr300c/r1200c:As|Ah/Ks:0|0:deepstack|mildadaptiverocks
STATE:387:cc/r300f:Ks|Qh/As:100|-100:mildadaptiverocks|deepstack
STATE:388:cr300f:Qs|As:-100|100:deepstack|mildadaptiverocks
STATE:389:r1200f:Ah|Kh:100|-100:mildadaptiverocks|deepstack
STATE:390:cr1200f:Ks|As:-100|100:deepstack|mildadaptiverocks
STATE:391:cc/cc:Qs|Qh/As:0|0:mildadaptiverocks|deepstack
STATE:392:cr1200f:Qh|As:-100|100:deepstack|mildadaptiverocks
STATE:393:cc/cr300f:As|Qh/Qs:-100|100:mildadaptiverocks|deepstack
STATE:394:cr300f:Ks|Ah:-100|100:deepstack|mildadaptiverocks
STATE:395:cr300f:Qh|Kh:-100|100:mildadaptiverocks|deepstack
STATE:396:cr300c/r1200f:Ks|As/Kh:300|-300:deepstack|mildadaptiverocks
STATE:397:cc/cr300f:Qs|Kh/Ks:-100|100:mildadaptiverocks|deepstack
STATE:398:r1200f:Ah|Kh:100|-100:deepstack|mildadaptiverocks
STATE:399:cr300f:Qh|As:-100|100:mildadaptiverocks|deepstack
STATE:400:cc/r300f:Ks|Qs/Ah:100|-100:deepstack|mildadaptiverocks
STATE:401:cc/cc:Ks|Kh/Ah:0|0:mildadaptiverocks|deepstack
STATE:402:r1200f:As|Qh:100|-100:deepstack|mildadaptiverocks
STATE:403:cc/cc:Kh|Qh/Ks:100|-100:mildadaptiverocks|deepstack
STATE:404:cc/cc:Ks|Qs/Kh:100|-100:deepstack|mildadaptiverocks
STATE:405:cr300f:Qh|Ah:-100|100:mildadaptiverocks|deepstack
STATE:406:cr300f:Ks|As:-100|100:deepstack|mildadaptiverocks
STATE:407:r1200c/:As|Ah/Kh:0|0:mildadaptiverocks|deepstack
STATE:408:cc/r300f:Qs|Qh/Ah:100|-100:deepstack|mildadaptiverocks
STATE:409:cc/cr300r900f:Qs|Kh/Qh:300|-300:mildadaptiverocks|deepstack
STATE:410:cr300f:Ks|Ah:-100|100:deepstack|mildadaptiverocks
STATE:411:cr300c/r900f:Qs|Ah/Qh:300|-300:mildadaptiverocks|deepstack
STATE:412:cc/r300f:Qs|Ks/Ah:100|-100:deepstack|mildadaptiverocks
STATE:413:cr300f:Qs|Ah:-100|100:mildadaptiverocks|deepstack
STATE:414:cr300f:Kh|Qh:-100|100:deepstack|mildadaptiverocks
STATE:415:cc/cr300f:As|Ks/Kh:-100|100:mildadaptiverocks|deepstack
STATE:416:cc/cr300f:Qs|Ks/Kh:-100|100:deepstack|mildadaptiverocks
STATE:417:cr300f:Qs|Ah:-100|100:mildadaptiverocks|deepstack
STATE:418:cc/cr300c:As|Ks/Kh:-300|300:deepstack|mildadaptiverocks
STATE:419:cr300f:Qh|Ks:-100|100:mildadaptiverocks|deepstack
STATE:420:r1200f:As|Qs:100|-100:deepstack|mildadaptiverocks
STATE:421:cr300f:Kh|Qh:-100|100:mildadaptiverocks|deepstack
STATE:422:cr300f:Kh|As:-100|100:deepstack|mildadaptiverocks
STATE:423:cc/r300f:Ks|Qs/As:100|-100:mildadaptiverocks|deepstack
STATE:424:r1200f:Ah|Qs:100|-100:deepstack|mildadaptiverocks
STATE:425:cr300f:Ks|As:-100|100:mildadaptiverocks|deepstack
STATE:426:cr1200f:Kh|As:-100|100:deepstack|mildadaptiverocks
STATE:427:r1200f:Ah|Qs:100|-100:mildadaptiverocks|deepstack
STATE:428:cc/cc:Qh|Qs/Ks:0|0:deepstack|mildadaptiverocks
STATE:429:cr300f:Qs|Ah:-100|100:mildadaptiverocks|deepstack
STATE:430:r300f:As|Qs:100|-100:deepstack|mildadaptiverocks
STATE:431:cc/cc:Qh|Ks/Qs:100|-100:mildadaptiverocks|deepstack
STATE:432:cr300f:Ks|Ah:-100|100:deepstack|mildadaptiverocks
STATE:433:cr300r1200c/:As|Ah/Qh:0|0:mildadaptiverocks|deepstack
STATE:434:cr1200f:Qh|As:-100|100:deepstack|mildadaptiverocks
STATE:435:cc/cc:Qh|Qs/As:0|0:mildadaptiverocks|deepstack
STATE:436:cc/cr300f:Qs|Ks/Kh:-100|100:deepstack|mildadaptiverocks
STATE:437:cc/cc:Ah|Qs/Ks:100|-100:mildadaptiverocks|deepstack
STATE:438:cc/r1200f:Qh|Kh/As:100|-100:deepstack|mildadaptiverocks
STATE:439:cr300c/cc:Kh|Ks/Qh:0|0:mildadaptiverocks|deepstack
STATE:440:r1200f:Ah|Qh:100|-100:deepstack|mildadaptiverocks
STATE:441:cc/cr300f:Kh|Qs/Qh:-100|100:mildadaptiverocks|deepstack
STATE:442:cc/cr300r900f:Ks|Qh/Kh:300|-300:deepstack|mildadaptiverocks
STATE:443:r1200c/:Ah|As/Ks:0|0:mildadaptiverocks|deepstack
STATE:444:cr300r1200c/:As|Ah/Ks:0|0:deepstack|mildadaptiverocks
STATE:445:cr1200f:Qh|As:-100|100:mildadaptiverocks|deepstack
STATE:446:cc/cr300f:Ah|Qs/Ks:-100|100:deepstack|mildadaptiverocks
STATE:447:cc/cc:Kh|Qs/As:100|-100:mildadaptiverocks|deepstack
STATE:448:cc/cr300r1200f:Qh|Kh/Qs:300|-300:deepstack|mildadaptiverocks
STATE:449:cr300f:Ks|Qs:-100|100:mildadaptiverocks|deepstack
STATE:450:cc/r300f:Ks|Qs/Ah:100|-100:deepstack|mildadaptiverocks
STATE:451:cc/cr300f:Qh|Ks/Kh:-100|100:mildadaptiverocks|deepstack
STATE:452:cr300f:Ks|Ah:-100|100:deepstack|mildadaptiverocks
STATE:453:cc/cr300f:Ah|Qh/Kh:-100|100:mildadaptiverocks|deepstack
STATE:454:r1200f:Ah|Kh:100|-100:deepstack|mildadaptiverocks
STATE:455:cr300f:Qs|Ah:-100|100:mildadaptiverocks|deepstack
STATE:456:cc/cr300f:Ks|Qs/Qh:-100|100:deepstack|mildadaptiverocks
STATE:457:cc/cr300f:Ah|Kh/Qs:-100|100:mildadaptiverocks|deepstack
STATE:458:r1200c/:Ah|As/Qh:0|0:deepstack|mildadaptiverocks
STATE:459:cc/cc:Kh|Qs/Ah:100|-100:mildadaptiverocks|deepstack
STATE:460:cc/cr300f:As|Ks/Qs:-100|100:deepstack|mildadaptiverocks
STATE:461:r300c/r900f:Ah|Ks/As:300|-300:mildadaptiverocks|deepstack
STATE:462:cc/cc:Ah|Ks/Qs:100|-100:deepstack|mildadaptiverocks
STATE:463:r1200f:As|Kh:100|-100:mildadaptiverocks|deepstack
STATE:464:cc/cr300f:Ks|Qh/Qs:-100|100:deepstack|mildadaptiverocks
STATE:465:cr300f:Kh|Ah:-100|100:mildadaptiverocks|deepstack
STATE:466:r1200f:Ah|Ks:100|-100:deepstack|mildadaptiverocks
STATE:467:cc/cc:Kh|Qs/Ks:100|-100:mildadaptiverocks|deepstack
STATE:468:r300f:Ks|Qs:100|-100:deepstack|mildadaptiverocks
STATE:469:cr300f:Qh|Ks:-100|100:mildadaptiverocks|deepstack
STATE:470:cc/cr300f:Qh|Kh/Ks:-100|100:deepstack|mildadaptiverocks
STATE:471:cc/cc:Ah|Qh/Kh:100|-100:mildadaptiverocks|deepstack
STATE:472:cr300f:Qh|Qs:-100|100:deepstack|mildadaptiverocks
STATE:473:cr300f:Qs|As:-100|100:mildadaptiverocks|deepstack
STATE:474:r1200f:As|Qh:100|-100:deepstack|mildadaptiverocks
STATE:475:cc/cc:Ks|As/Qs:-100|100:mildadaptiverocks|deepstack
STATE:476:cc/cc:Ks|Kh/Qs:0|0:deepstack|mildadaptiverocks
STATE:477:cr1200f:Kh|As:-100|100:mildadaptiverocks|deepstack
STATE:478:cr300f:Qh|Ah:-100|100:deepstack|mildadaptiverocks
STATE:479:cr300c/r1200f:As|Ks/Qh:300|-300:mildadaptiverocks|deepstack
STATE:480:cc/cc:Qh|Qs/As:0|0:deepstack|mildadaptiverocks
STATE:481:r300r1200c/:Ah|As/Qh:0|0:mildadaptiverocks|deepstack
STATE:482:cr300f:Kh|Ks:-100|100:deepstack|mildadaptiverocks
STATE:483:cc/cr300f:Qh|Qs/Kh:-100|100:mildadaptiverocks|deepstack
STATE:484:r300c/cc:Ks|Qh/Ah:300|-300:deepstack|mildadaptiverocks
STATE:485:cc/cc:Qh|As/Kh:-100|100:mildadaptiverocks|deepstack
STATE:486:cr300f:Qs|Ah:-100|100:deepstack|mildadaptiverocks
STATE:487:r300r900r1200c/:As|Ah/Qh:0|0:mildadaptiverocks|deepstack
STATE:488:r300f:Ks|Qh:100|-100:deepstack|mildadaptiverocks
STATE:489:r1200f:Ah|Kh:100|-100:mildadaptiverocks|deepstack
STATE:490:cc/cc:Ks|Qs/Kh:100|-100:deepstack|mildadaptiverocks
STATE:491:cc/cc:Ah|Qh/Kh:100|-100:mildadaptiverocks|deepstack
STATE:492:cc/cc:Kh|Qs/Ah:100|-100:deepstack|mildadaptiverocks
STATE:493:cr300f:Kh|Qh:-100|100:mildadaptiverocks|deepstack
STATE:494:cc/cc:Ks|Kh/As:0|0:deepstack|mildadaptiverocks
STATE:495:cc/cc:Kh|Ks/As:0|0:mildadaptiverocks|deepstack
STATE:496:cr1200f:Qh|As:-100|100:deepstack|mildadaptiverocks
STATE:497:cc/cc:As|Kh/Qs:100|-100:mildadaptiverocks|deepstack
STATE:498:r1200f:Ah|Qh:100|-100:deepstack|mildadaptiverocks
STATE:499:cc/cc:Ah|Kh/Qs:100|-100:mildadaptiverocks|deepstack
STATE:500:cc/r300f:As|Qh/Ah:100|-100:deepstack|mildadaptiverocks
STATE:501:cr300f:Ks|Kh:-100|100:mildadaptiverocks|deepstack
STATE:502:r1200c/:Ah|As/Qs:0|0:deepstack|mildadaptiverocks
STATE:503:cr300f:Kh|Ah:-100|100:mildadaptiverocks|deepstack
STATE:504:cc/cc:As|Qh/Ks:100|-100:deepstack|mildadaptiverocks
STATE:505:cr300c/cr1200f:Ks|Kh/Qs:-300|300:mildadaptiverocks|deepstack
STATE:506:cr1200f:Kh|As:-100|100:deepstack|mildadaptiverocks
STATE:507:cr300f:Qh|As:-100|100:mildadaptiverocks|deepstack
STATE:508:cr300f:Qs|Qh:-100|100:deepstack|mildadaptiverocks
STATE:509:cr300f:Qs|Ks:-100|100:mildadaptiverocks|deepstack
STATE:510:cc/r300f:As|Kh/Ah:100|-100:deepstack|mildadaptiverocks
STATE:511:cc/cr300f:Qs|Ks/Kh:-100|100:mildadaptiverocks|deepstack
STATE:512:cc/r300f:Kh|Ks/Ah:100|-100:deepstack|mildadaptiverocks
STATE:513:cr300f:Ks|Ah:-100|100:mildadaptiverocks|deepstack
STATE:514:cr1200f:Qs|As:-100|100:deepstack|mildadaptiverocks
STATE:515:cc/r300c:Ah|Kh/As:300|-300:mildadaptiverocks|deepstack
STATE:516:cc/cc:Kh|Ks/Qh:0|0:deepstack|mildadaptiverocks
STATE:517:cc/cc:Qs|Ks/Qh:100|-100:mildadaptiverocks|deepstack
STATE:518:cc/cc:Qh|Kh/Qs:100|-100:deepstack|mildadaptiverocks
STATE:519:r1200f:As|Qs:100|-100:mildadaptiverocks|deepstack
STATE:520:cr1200f:Kh|As:-100|100:deepstack|mildadaptiverocks
STATE:521:cc/cr300c:As|Kh/Ks:-300|300:mildadaptiverocks|deepstack
STATE:522:cc/cr300f:Qh|Ks/Kh:-100|100:deepstack|mildadaptiverocks
STATE:523:cr300f:Qs|As:-100|100:mildadaptiverocks|deepstack
STATE:524:cc/cr300f:Ks|Qs/Qh:-100|100:deepstack|mildadaptiverocks
STATE:525:r300c/cc:As|Qs/Kh:300|-300:mildadaptiverocks|deepstack
STATE:526:cr300f:Qh|As:-100|100:deepstack|mildadaptiverocks
STATE:527:cc/cc:Kh|Qs/Ah:100|-100:mildadaptiverocks|deepstack
STATE:528:cc/cr300f:Kh|Qh/Qs:-100|100:deepstack|mildadaptiverocks
STATE:529:cc/cr300f:Qs|Kh/Ks:-100|100:mildadaptiverocks|deepstack
STATE:530:cc/cc:Qs|Kh/As:-100|100:deepstack|mildadaptiverocks
STATE:531:cr300c/r1200c:Kh|Ah/Ks:1200|-1200:mildadaptiverocks|deepstack
STATE:532:cr1200f:Qh|As:-100|100:deepstack|mildadaptiverocks
STATE:533:cr300f:Ks|Qh:-100|100:mildadaptiverocks|deepstack
STATE:534:cr1200f:Ks|As:-100|100:deepstack|mildadaptiverocks
STATE:535:cc/cr300f:As|Kh/Ks:-100|100:mildadaptiverocks|deepstack
STATE:536:cc/cr300r900f:Qh|Ks/Qs:300|-300:deepstack|mildadaptiverocks
STATE:537:cc/cr300f:Qh|Ks/Kh:-100|100:mildadaptiverocks|deepstack
STATE:538:cr1200f:Qh|As:-100|100:deepstack|mildadaptiverocks
STATE:539:cc/cr300r1200f:Qs|Ks/Qh:300|-300:mildadaptiverocks|deepstack
STATE:540:cc/r300f:Kh|Qs/As:100|-100:deepstack|mildadaptiverocks
STATE:541:cr300f:Qs|Ah:-100|100:mildadaptiverocks|deepstack
STATE:542:r1200f:Ah|Kh:100|-100:deepstack|mildadaptiverocks
STATE:543:cc/cc:Qh|Ks/Ah:-100|100:mildadaptiverocks|deepstack
STATE:544:cr1200f:Qs|As:-100|100:deepstack|mildadaptiverocks
STATE:545:cr300c/cc:Qs|Ah/Kh:-300|300:mildadaptiverocks|deepstack
STATE:546:r1200c/:Ah|As/Qs:0|0:deepstack|mildadaptiverocks
STATE:547:cr300r1200f:Ah|Kh:300|-300:mildadaptiverocks|deepstack
STATE:548:cc/r300f:Kh|Qh/Ah:100|-100:deepstack|mildadaptiverocks
STATE:549:cr300r1200c/:As|Ah/Kh:0|0:mildadaptiverocks|deepstack
STATE:550:cr300r1200f:As|Qs:300|-300:deepstack|mildadaptiverocks
STATE:551:cc/cc:Qh|Kh/As:-100|100:mildadaptiverocks|deepstack
STATE:552:cr300r1200c/:As|Ah/Kh:0|0:deepstack|mildadaptiverocks
STATE:553:cr300r1200c/:Ah|As/Kh:0|0:mildadaptiverocks|deepstack
STATE:554:cr300f:Ks|Ah:-100|100:deepstack|mildadaptiverocks
STATE:555:cc/cr300f:Kh|Qs/Qh:-100|100:mildadaptiverocks|deepstack
STATE:556:cr300c/cr1200f:Ks|Ah/Qh:-300|300:deepstack|mildadaptiverocks
STATE:557:r1200f:As|Qh:100|-100:mildadaptiverocks|deepstack
STATE:558:r300c/cc:Kh|Ks/Qh:0|0:deepstack|mildadaptiverocks
STATE:559:cc/cc:Qh|Qs/Ah:0|0:mildadaptiverocks|deepstack
STATE:560:cr1200f:Qh|As:-100|100:deepstack|mildadaptiverocks
STATE:561:cc/cr300r900f:Kh|Qh/Ks:300|-300:mildadaptiverocks|deepstack
STATE:562:cc/cc:As|Qh/Ks:100|-100:deepstack|mildadaptiverocks
STATE:563:cr300f:Qs|Ah:-100|100:mildadaptiverocks|deepstack
STATE:564:cc/cc:Qs|Kh/As:-100|100:deepstack|mildadaptiverocks
STATE:565:cc/cc:Qs|Qh/As:0|0:mildadaptiverocks|deepstack
STATE:566:cc/r300f:Ks|Qs/Ah:100|-100:deepstack|mildadaptiverocks
STATE:567:cc/cc:Kh|Qs/As:100|-100:mildadaptiverocks|deepstack
STATE:568:r1200f:Ah|Qh:100|-100:deepstack|mildadaptiverocks
STATE:569:cc/cr300f:Ah|Kh/Qs:-100|100:mildadaptiverocks|deepstack
STATE:570:cc/cc:Ks|Qs/Ah:100|-100:deepstack|mildadaptiverocks
STATE:571:cc/cc:Ks|Kh/Ah:0|0:mildadaptiverocks|deepstack
STATE:572:cr300c/r1200f:Qs|Ah/Qh:300|-300:deepstack|mildadaptiverocks
STATE:573:cc/cr300f:Qh|Ks/Kh:-100|100:mildadaptiverocks|deepstack
STATE:574:cr1200f:Kh|As:-100|100:deepstack|mildadaptiverocks
STATE:575:cc/cc:Qh|Kh/Qs:100|-100:mildadaptiverocks|deepstack
STATE:576:cr300f:Kh|As:-100|100:deepstack|mildadaptiverocks
STATE:577:r1200c/:Ah|As/Qs:0|0:mildadaptiverocks|deepstack
STATE:578:cc/cc:Ks|Qh/Ah:100|-100:deepstack|mildadaptiverocks
STATE:579:cc/cr300c:Ah|Ks/Qh:300|-300:mildadaptiverocks|deepstack
STATE:580:cc/cc:As|Ks/Qs:100|-100:deepstack|mildadaptiverocks
STATE:581:cr300r1200c/:Ah|As/Qh:0|0:mildadaptiverocks|deepstack
STATE:582:r1200f:Ah|Qh:100|-100:deepstack|mildadaptiverocks
STATE:583:cr1200f:Qh|Ah:-100|100:mildadaptiverocks|deepstack
STATE:584:cc/cr300r1200f:Kh|Qh/Ks:300|-300:deepstack|mildadaptiverocks
STATE:585:cr300f:Ks|Ah:-100|100:mildadaptiverocks|deepstack
STATE:586:cc/r300f:As|Qh/Ah:100|-100:deepstack|mildadaptiverocks
STATE:587:cr300f:Qs|Ah:-100|100:mildadaptiverocks|deepstack
STATE:588:r1200c/:Ah|As/Kh:0|0:deepstack|mildadaptiverocks
STATE:589:cr300f:Qs|As:-100|100:mildadaptiverocks|deepstack
STATE:590:cc/cc:Ah|Qs/Ks:100|-100:deepstack|mildadaptiverocks
STATE:591:cc/cr300c:Ah|Qs/Qh:-300|300:mildadaptiverocks|deepstack
STATE:592:cc/cc:Qs|Ks/Ah:-100|100:deepstack|mildadaptiverocks
STATE:593:r300c/cc:Kh|Ks/As:0|0:mildadaptiverocks|deepstack
STATE:594:r1200f:As|Ks:100|-100:deepstack|mildadaptiverocks
STATE:595:cr1200f:Ks|Ah:-100|100:mildadaptiverocks|deepstack
STATE:596:cc/cc:Qs|Qh/Ks:0|0:deepstack|mildadaptiverocks
STATE:597:cr300f:Qs|As:-100|100:mildadaptiverocks|deepstack
STATE:598:cr1200f:Kh|Ah:-100|100:deepstack|mildadaptiverocks
STATE:599:cc/cc:Qs|Kh/As:-100|100:mildadaptiverocks|deepstack
STATE:600:cr1200f:Ks|As:-100|100:deepstack|mildadaptiverocks
STATE:601:cc/cc:As|Kh/Qh:100|-100:mildadaptiverocks|deepstack
STATE:602:r1200c/:Ah|As/Ks:0|0:deepstack|mildadaptiverocks
STATE:603:cr300r1200c/:As|Ah/Kh:0|0:mildadaptiverocks|deepstack
STATE:604:cr300c/r900c:Qs|As/Kh:-900|900:deepstack|mildadaptiverocks
STATE:605:cr300f:Qh|Ks:-100|100:mildadaptiverocks|deepstack
STATE:606:cc/cc:Qh|Qs/Ah:0|0:deepstack|mildadaptiverocks
STATE:607:cr300c/r1200c:Ks|As/Kh:1200|-1200:mildadaptiverocks|deepstack
STATE:608:cc/r300f:Ah|Qs/As:100|-100:deepstack|mildadaptiverocks
STATE:609:cc/cr300r900f:Qs|Ks/Qh:300|-300:mildadaptiverocks|deepstack
STATE:610:cr300c/cr1200f:Kh|As/Ah:-300|300:deepstack|mildadaptiverocks
STATE:611:cr300f:Qh|Kh:-100|100:mildadaptiverocks|deepstack
STATE:612:cc/cc:Kh|Qs/Ks:100|-100:deepstack|mildadaptiverocks
STATE:613:r1200f:Ah|Ks:100|-100:mildadaptiverocks|deepstack
STATE:614:cc/cc:Ks|Ah/Kh:100|-100:deepstack|mildadaptiverocks
STATE:615:cc/cc:Ah|Qh/Ks:100|-100:mildadaptiverocks|deepstack
STATE:616:cc/cc:Qh|Kh/As:-100|100:deepstack|mildadaptiverocks
STATE:617:cc/cc:Ah|As/Qs:0|0:mildadaptiverocks|deepstack
STATE:618:cc/cc:Ks|Kh/As:0|0:deepstack|mildadaptiverocks
STATE:619:cr300f:Kh|Ah:-100|100:mildadaptiverocks|deepstack
STATE:620:cc/cc:Kh|Qs/Ks:100|-100:deepstack|mildadaptiverocks
STATE:621:cc/cc:Qh|Kh/As:-100|100:mildadaptiverocks|deepstack
STATE:622:cr1200f:Ks|Ah:-100|100:deepstack|mildadaptiverocks
STATE:623:cc/cc:Qh|Qs/As:0|0:mildadaptiverocks|deepstack
STATE:624:cc/r300f:As|Qs/Ah:100|-100:deepstack|mildadaptiverocks
STATE:625:cr300f:Qh|Ah:-100|100:mildadaptiverocks|deepstack
STATE:626:cr1200f:Qh|As:-100|100:deepstack|mildadaptiverocks
STATE:627:cr1200f:Ks|As:-100|100:mildadaptiverocks|deepstack
STATE:628:cc/cc:Ks|Kh/Qs:0|0:deepstack|mildadaptiverocks
STATE:629:cc/cc:Kh|Qs/Ks:100|-100:mildadaptiverocks|deepstack
STATE:630:cr300f:Qs|Ah:-100|100:deepstack|mildadaptiverocks
STATE:631:cr300f:Qs|Ah:-100|100:mildadaptiverocks|deepstack
STATE:632:cc/cc:Qs|Ks/Qh:100|-100:deepstack|mildadaptiverocks
STATE:633:cc/cc:Ah|Ks/Qs:100|-100:mildadaptiverocks|deepstack
STATE:634:cc/cc:Qs|Kh/Qh:100|-100:deepstack|mildadaptiverocks
STATE:635:cc/cr300f:Ks|Qs/Qh:-100|100:mildadaptiverocks|deepstack
STATE:636:cr300f:Qs|As:-100|100:deepstack|mildadaptiverocks
STATE:637:cc/cc:Qh|Qs/As:0|0:mildadaptiverocks|deepstack
STATE:638:cc/cc:Qh|Kh/Qs:100|-100:deepstack|mildadaptiverocks
STATE:639:cc/r300c:Qs|Ks/Ah:-300|300:mildadaptiverocks|deepstack
STATE:640:cr300r1200f:Ah|Ks:300|-300:deepstack|mildadaptiverocks
STATE:641:cc/cc:Qs|Kh/As:-100|100:mildadaptiverocks|deepstack
STATE:642:cc/cc:As|Qh/Kh:100|-100:deepstack|mildadaptiverocks
STATE:643:cc/cc:As|Kh/Qs:100|-100:mildadaptiverocks|deepstack
STATE:644:cc/cc:As|Kh/Qh:100|-100:deepstack|mildadaptiverocks
STATE:645:cr300f:Ks|Ah:-100|100:mildadaptiverocks|deepstack
STATE:646:cr300f:Qs|As:-100|100:deepstack|mildadaptiverocks
STATE:647:cr300c/cc:Qs|As/Kh:-300|300:mildadaptiverocks|deepstack
STATE:648:cc/cc:Qs|Ks/As:-100|100:deepstack|mildadaptiverocks
STATE:649:cc/r300c:As|Ks/Ah:300|-300:mildadaptiverocks|deepstack
STATE:650:cr300r1200f:Ah|Ks:300|-300:deepstack|mildadaptiverocks
STATE:651:cc/cc:As|Qs/Kh:100|-100:mildadaptiverocks|deepstack
STATE:652:cc/r300f:As|Ks/Ah:100|-100:deepstack|mildadaptiverocks
STATE:653:cc/cc:Qs|Kh/As:-100|100:mildadaptiverocks|deepstack
STATE:654:cc/cc:Qs|Kh/As:-100|100:deepstack|mildadaptiverocks
STATE:655:cc/cc:Kh|Qh/As:100|-100:mildadaptiverocks|deepstack
STATE:656:cc/cc:Qs|Kh/As:-100|100:deepstack|mildadaptiverocks
STATE:657:cc/cc:Qh|Ks/As:-100|100:mildadaptiverocks|deepstack
STATE:658:cc/cc:As|Qh/Kh:100|-100:deepstack|mildadaptiverocks
STATE:659:cr1200f:Qs|Ah:-100|100:mildadaptiverocks|deepstack
STATE:660:cc/cc:Qs|Qh/As:0|0:deepstack|mildadaptiverocks
STATE:661:cr300f:Ks|Ah:-100|100:mildadaptiverocks|deepstack
STATE:662:cr300f:Kh|Ah:-100|100:deepstack|mildadaptiverocks
STATE:663:cc/cc:Ah|Qs/Ks:100|-100:mildadaptiverocks|deepstack
STATE:664:cc/cr300c:As|Qh/Qs:-300|300:deepstack|mildadaptiverocks
STATE:665:cr300f:Ks|Ah:-100|100:mildadaptiverocks|deepstack
STATE:666:cc/cc:Qs|Qh/Kh:0|0:deepstack|mildadaptiverocks
STATE:667:cr300c/cc:Ks|As/Qs:-300|300:mildadaptiverocks|deepstack
STATE:668:cc/cc:Qs|Ks/Ah:-100|100:deepstack|mildadaptiverocks
STATE:669:cr300c/cr900f:Qh|Ah/As:-300|300:mildadaptiverocks|deepstack
STATE:670:cc/cc:Qh|Qs/Kh:0|0:deepstack|mildadaptiverocks
STATE:671:cr300f:Kh|Ah:-100|100:mildadaptiverocks|deepstack
STATE:672:cc/r1200f:Ah|Qh/As:100|-100:deepstack|mildadaptiverocks
STATE:673:cc/cc:Qh|Kh/Qs:100|-100:mildadaptiverocks|deepstack
STATE:674:cc/cc:Qh|Ks/Qs:100|-100:deepstack|mildadaptiverocks
STATE:675:cc/cc:As|Qs/Ks:100|-100:mildadaptiverocks|deepstack
STATE:676:cr300c/cc:Ks|Ah/Qh:-300|300:deepstack|mildadaptiverocks
STATE:677:cr300f:Qs|As:-100|100:mildadaptiverocks|deepstack
STATE:678:cc/r1200f:Ah|Qs/As:100|-100:deepstack|mildadaptiverocks
STATE:679:cc/cc:Ah|Qh/Kh:100|-100:mildadaptiverocks|deepstack
STATE:680:cr1200f:Qs|As:-100|100:deepstack|mildadaptiverocks
STATE:681:cr300f:Ks|Qs:-100|100:mildadaptiverocks|deepstack
STATE:682:cc/r300f:Kh|Qh/As:100|-100:deepstack|mildadaptiverocks
STATE:683:cr300f:Kh|Qs:-100|100:mildadaptiverocks|deepstack
STATE:684:cc/cc:Qs|Kh/As:-100|100:deepstack|mildadaptiverocks
STATE:685:cc/cc:Qs|Qh/Ks:0|0:mildadaptiverocks|deepstack
STATE:686:cc/r300f:Kh|Qs/As:100|-100:deepstack|mildadaptiverocks
STATE:687:cc/cr300f:Kh|Qs/Qh:-100|100:mildadaptiverocks|deepstack
STATE:688:cr1200f:Kh|As:-100|100:deepstack|mildadaptiverocks
STATE:689:cr1200f:Qs|As:-100|100:mildadaptiverocks|deepstack
STATE:690:cc/r300f:Ah|Qh/As:100|-100:deepstack|mildadaptiverocks
STATE:691:cc/cr300f:Kh|Qs/Qh:-100|100:mildadaptiverocks|deepstack
STATE:692:r1200f:As|Ks:100|-100:deepstack|mildadaptiverocks
STATE:693:cr300r1200f:Ah|Qh:300|-300:mildadaptiverocks|deepstack
STATE:694:cc/r300f:Ks|Kh/Ah:100|-100:deepstack|mildadaptiverocks
STATE:695:r1200f:Ah|Qs:100|-100:mildadaptiverocks|deepstack
STATE:696:cc/cc:Qs|Qh/Kh:0|0:deepstack|mildadaptiverocks
STATE:697:cr1200f:Ks|Ah:-100|100:mildadaptiverocks|deepstack
STATE:698:cr1200f:Kh|As:-100|100:deepstack|mildadaptiverocks
STATE:699:cc/cr300f:Qs|Ks/Kh:-100|100:mildadaptiverocks|deepstack
STATE:700:cr300f:Kh|As:-100|100:deepstack|mildadaptiverocks
STATE:701:r1200c/:As|Ah/Qh:0|0:mildadaptiverocks|deepstack
STATE:702:cc/cr300f:Kh|Qh/Qs:-100|100:deepstack|mildadaptiverocks
STATE:703:cc/cc:Qh|Ks/Ah:-100|100:mildadaptiverocks|deepstack
STATE:704:cr1200f:Qh|As:-100|100:deepstack|mildadaptiverocks
STATE:705:r1200f:Ah|Qs:100|-100:mildadaptiverocks|deepstack
STATE:706:cc/r300f:Ks|Qs/As:100|-100:deepstack|mildadaptiverocks
STATE:707:cc/r300f:Ks|Qs/Ah:100|-100:mildadaptiverocks|deepstack
STATE:708:cc/cr300f:As|Qs/Qh:-100|100:deepstack|mildadaptiverocks
STATE:709:cc/cc:Qh|Ks/Ah:-100|100:mildadaptiverocks|deepstack
STATE:710:r1200f:As|Kh:100|-100:deepstack|mildadaptiverocks
STATE:711:cc/r1200f:As|Qh/Ah:100|-100:mildadaptiverocks|deepstack
STATE:712:r1200f:Ah|Ks:100|-100:deepstack|mildadaptiverocks
STATE:713:r300c/cc:As|Ks/Ah:300|-300:mildadaptiverocks|deepstack
STATE:714:cc/r300c:Kh|Ks/As:0|0:deepstack|mildadaptiverocks
STATE:715:cr300f:Qs|Ah:-100|100:mildadaptiverocks|deepstack
STATE:716:cr1200f:Qs|As:-100|100:deepstack|mildadaptiverocks
STATE:717:cr300f:Ks|As:-100|100:mildadaptiverocks|deepstack
STATE:718:r1200f:Ah|Qh:100|-100:deepstack|mildadaptiverocks
STATE:719:cr300f:Ks|Ah:-100|100:mildadaptiverocks|deepstack
STATE:720:cc/cr300f:Qh|Ks/Kh:-100|100:deepstack|mildadaptiverocks
STATE:721:cc/cc:Ks|Kh/Qs:0|0:mildadaptiverocks|deepstack
STATE:722:cc/cc:As|Kh/Qh:100|-100:deepstack|mildadaptiverocks
STATE:723:cr300f:Kh|Ah:-100|100:mildadaptiverocks|deepstack
STATE:724:cc/cr300c:As|Ks/Qh:300|-300:deepstack|mildadaptiverocks
STATE:725:cr300r1200c/:As|Ah/Qs:0|0:mildadaptiverocks|deepstack
STATE:726:cr1200c/:Ah|As/Kh:0|0:deepstack|mildadaptiverocks
STATE:727:cc/cc:Kh|Qh/Ks:100|-100:mildadaptiverocks|deepstack
STATE:728:cr300f:Kh|Qh:-100|100:deepstack|mildadaptiverocks
STATE:729:cc/cc:Ah|Qh/Kh:100|-100:mildadaptiverocks|deepstack
STATE:730:cc/cc:Qs|Qh/As:0|0:deepstack|mildadaptiverocks
STATE:731:cc/cc:Qh|Qs/Ks:0|0:mildadaptiverocks|deepstack
STATE:732:cc/cr1200f:Qh|As/Ah:-100|100:deepstack|mildadaptiverocks
STATE:733:cr300f:Kh|Ah:-100|100:mildadaptiverocks|deepstack
STATE:734:cc/r300f:Ks|Kh/Ah:100|-100:deepstack|mildadaptiverocks
STATE:735:cr300f:Qh|Qs:-100|100:mildadaptiverocks|deepstack
STATE:736:cc/cc:Qh|As/Ks:-100|100:deepstack|mildadaptiverocks
STATE:737:cr1200f:Kh|As:-100|100:mildadaptiverocks|deepstack
STATE:738:cc/cr1200f:Kh|Qs/As:-100|100:deepstack|mildadaptiverocks
STATE:739:cr300r1200f:Ah|Qh:300|-300:mildadaptiverocks|deepstack
STATE:740:cc/cc:Kh|Ks/Qs:0|0:deepstack|mildadaptiverocks
STATE:741:cc/cc:Qs|Qh/Ah:0|0:mildadaptiverocks|deepstack
STATE:742:cc/r300f:As|Ks/Ah:100|-100:deepstack|mildadaptiverocks
STATE:743:cc/cc:As|Ks/Qs:100|-100:mildadaptiverocks|deepstack
STATE:744:cr300r900f:As|Ks:300|-300:deepstack|mildadaptiverocks
STATE:745:cc/cc:Qs|Kh/As:-100|100:mildadaptiverocks|deepstack
STATE:746:cc/r300f:Qs|Qh/Ah:100|-100:deepstack|mildadaptiverocks
STATE:747:cr300f:Kh|Qs:-100|100:mildadaptiverocks|deepstack
STATE:748:cr300r1200f:As|Ks:300|-300:deepstack|mildadaptiverocks
STATE:749:cc/cc:Qh|Qs/Ah:0|0:mildadaptiverocks|deepstack
STATE:750:cc/cc:Qs|Qh/Ks:0|0:deepstack|mildadaptiverocks
STATE:751:cr300f:Qh|Kh:-100|100:mildadaptiverocks|deepstack
STATE:752:r1200c/:Ah|As/Qs:0|0:deepstack|mildadaptiverocks
STATE:753:cc/cc:Ks|Qh/As:100|-100:mildadaptiverocks|deepstack
STATE:754:cc/cr300f:Qh|Qs/Ks:-100|100:deepstack|mildadaptiverocks
STATE:755:cc/cc:Qs|Qh/As:0|0:mildadaptiverocks|deepstack
STATE:756:r1200f:Ah|Kh:100|-100:deepstack|mildadaptiverocks
STATE:757:cr300f:Kh|Ks:-100|100:mildadaptiverocks|deepstack
STATE:758:cr300f:Kh|Qs:-100|100:deepstack|mildadaptiverocks
STATE:759:cc/r300f:Ks|Qs/Ah:100|-100:mildadaptiverocks|deepstack
STATE:760:cc/cr300f:As|Qs/Qh:-100|100:deepstack|mildadaptiverocks
STATE:761:cr300r1200c/:Ah|As/Qh:0|0:mildadaptiverocks|deepstack
STATE:762:cr1200f:Qh|As:-100|100:deepstack|mildadaptiverocks
STATE:763:cc/cr300f:Qh|Kh/Ks:-100|100:mildadaptiverocks|deepstack
STATE:764:cr1200f:Qs|As:-100|100:deepstack|mildadaptiverocks
STATE:765:cr300r1200f:As|Ks:300|-300:mildadaptiverocks|deepstack
STATE:766:cr300c/cc:Ks|As/Qs:-300|300:deepstack|mildadaptiverocks
STATE:767:cc/r300f:Ks|Qs/Ah:100|-100:mildadaptiverocks|deepstack
STATE:768:cc/cc:As|Qh/Ks:100|-100:deepstack|mildadaptiverocks
STATE:769:cr300r1200f:As|Kh:300|-300:mildadaptiverocks|deepstack
STATE:770:cr300f:Qh|Ah:-100|100:deepstack|mildadaptiverocks
STATE:771:cc/cc:Ah|Qs/As:100|-100:mildadaptiverocks|deepstack
STATE:772:cr1200f:Ks|As:-100|100:deepstack|mildadaptiverocks
STATE:773:cc/cr300f:As|Qs/Qh:-100|100:mildadaptiverocks|deepstack
STATE:774:cr1200f:Kh|As:-100|100:deepstack|mildadaptiverocks
STATE:775:cr300r1200f:Ah|Ks:300|-300:mildadaptiverocks|deepstack
STATE:776:cc/cc:Ah|Kh/Qs:100|-100:deepstack|mildadaptiverocks
STATE:777:cr300c/cr1200f:Kh|Ah/As:-300|300:mildadaptiverocks|deepstack
STATE:778:cr300c/r900f:Ks|Ah/Kh:300|-300:deepstack|mildadaptiverocks
STATE:779:cc/cc:Kh|Ks/Ah:0|0:mildadaptiverocks|deepstack
STATE:780:cc/cr300f:Ah|Ks/Kh:-100|100:deepstack|mildadaptiverocks
STATE:781:cr300f:Ks|As:-100|100:mildadaptiverocks|deepstack
STATE:782:r1200c/:Ah|As/Ks:0|0:deepstack|mildadaptiverocks
STATE:783:cc/cc:Qh|Qs/Ks:0|0:mildadaptiverocks|deepstack
STATE:784:cr300c/cc:Kh|As/Qh:-300|300:deepstack|mildadaptiverocks
STATE:785:cc/cc:As|Qh/Kh:100|-100:mildadaptiverocks|deepstack
STATE:786:cr1200f:Qs|Ah:-100|100:deepstack|mildadaptiverocks
STATE:787:cr300f:Qh|Ah:-100|100:mildadaptiverocks|deepstack
STATE:788:cc/cc:As|Ks/Qh:100|-100:deepstack|mildadaptiverocks
STATE:789:cr1200f:Kh|As:-100|100:mildadaptiverocks|deepstack
STATE:790:cr300r1200c/:As|Ah/Kh:0|0:deepstack|mildadaptiverocks
STATE:791:cc/cc:Kh|Qh/Ah:100|-100:mildadaptiverocks|deepstack
STATE:792:cc/cr300f:As|Qh/Qs:-100|100:deepstack|mildadaptiverocks
STATE:793:cr300f:Kh|As:-100|100:mildadaptiverocks|deepstack
STATE:794:cc/cc:Kh|Ks/Qh:0|0:deepstack|mildadaptiverocks
STATE:795:r1200f:As|Qs:100|-100:mildadaptiverocks|deepstack
STATE:796:cc/cc:Kh|Qh/Ks:100|-100:deepstack|mildadaptiverocks
STATE:797:cr300c/r1200f:Qh|Ks/Qs:300|-300:mildadaptiverocks|deepstack
STATE:798:cr1200f:Qs|As:-100|100:deepstack|mildadaptiverocks
STATE:799:cc/cc:Qs|Kh/Qh:100|-100:mildadaptiverocks|deepstack
STATE:800:r1200c/:As|Ah/Qs:0|0:deepstack|mildadaptiverocks
STATE:801:cc/cc:Kh|Qh/Ks:100|-100:mildadaptiverocks|deepstack
STATE:802:cr300f:Qs|Ah:-100|100:deepstack|mildadaptiverocks
STATE:803:cc/cc:Ks|Kh/Ah:0|0:mildadaptiverocks|deepstack
STATE:804:cr1200c/:Ah|As/Qh:0|0:deepstack|mildadaptiverocks
STATE:805:cc/cc:Qh|Qs/Ah:0|0:mildadaptiverocks|deepstack
STATE:806:cr1200f:Kh|As:-100|100:deepstack|mildadaptiverocks
STATE:807:cc/cc:As|Qh/Ks:100|-100:mildadaptiverocks|deepstack
STATE:808:cr300r1200c/:As|Ah/Qh:0|0:deepstack|mildadaptiverocks
STATE:809:cc/cr300r900f:Ks|Qs/Kh:300|-300:mildadaptiverocks|deepstack
STATE:810:cc/r300f:Ks|Qs/Ah:100|-100:deepstack|mildadaptiverocks
STATE:811:cr1200f:Qs|As:-100|100:mildadaptiverocks|deepstack
STATE:812:cr1200f:Qh|As:-100|100:deepstack|mildadaptiverocks
STATE:813:cc/r300f:As|Qh/Ah:100|-100:mildadaptiverocks|deepstack
STATE:814:cc/cc:Qh|Ks/As:-100|100:deepstack|mildadaptiverocks
STATE:815:r1200f:Ah|Kh:100|-100:mildadaptiverocks|deepstack
STATE:816:cc/cr300f:Ah|Qh/Ks:-100|100:deepstack|mildadaptiverocks
STATE:817:cr300r1200c/:Ah|As/Ks:0|0:mildadaptiverocks|deepstack
STATE:818:cc/r300c:As|Kh/Ah:300|-300:deepstack|mildadaptiverocks
STATE:819:cr300r1200f:Ah|Qs:300|-300:mildadaptiverocks|deepstack
STATE:820:cr300r1200c/:Ah|As/Ks:0|0:deepstack|mildadaptiverocks
STATE:821:cc/cc:Qh|Kh/Qs:100|-100:mildadaptiverocks|deepstack
STATE:822:cc/cr300c:Ah|Kh/Qh:300|-300:deepstack|mildadaptiverocks
STATE:823:cr300c/cr1200f:Kh|As/Qh:-300|300:mildadaptiverocks|deepstack
STATE:824:cc/cc:Qs|Ks/Ah:-100|100:deepstack|mildadaptiverocks
STATE:825:cr300f:Qh|Qs:-100|100:mildadaptiverocks|deepstack
STATE:826:r1200f:As|Qs:100|-100:deepstack|mildadaptiverocks
STATE:827:cr300f:Qh|As:-100|100:mildadaptiverocks|deepstack
STATE:828:cc/cc:Kh|Ks/Qh:0|0:deepstack|mildadaptiverocks
STATE:829:r1200c/:Ah|As/Kh:0|0:mildadaptiverocks|deepstack
STATE:830:r1200f:Ah|Kh:100|-100:deepstack|mildadaptiverocks
STATE:831:cr300c/r1200f:Ks|Qh/Kh:300|-300:mildadaptiverocks|deepstack
STATE:832:cc/r1200f:Ah|Ks/As:100|-100:deepstack|mildadaptiverocks
STATE:833:cr300f:Qs|Ah:-100|100:mildadaptiverocks|deepstack
STATE:834:cc/cc:Qs|Qh/Ah:0|0:deepstack|mildadaptiverocks
STATE:835:cr300f:Ks|Ah:-100|100:mildadaptiverocks|deepstack
STATE:836:cr1200f:Ks|As:-100|100:deepstack|mildadaptiverocks
STATE:837:cc/r300f:Ks|Qs/Ah:100|-100:mildadaptiverocks|deepstack
STATE:838:cc/r300f:Ks|Qh/Ah:100|-100:deepstack|mildadaptiverocks
STATE:839:cc/cr300c:As|Qs/Qh:-300|300:mildadaptiverocks|deepstack
STATE:840:r1200c/:As|Ah/Qs:0|0:deepstack|mildadaptiverocks
STATE:841:cc/r300f:As|Qh/Ah:100|-100:mildadaptiverocks|deepstack
STATE:842:cc/cc:Ah|Qs/Kh:100|-100:deepstack|mildadaptiverocks
STATE:843:cr300f:Kh|As:-100|100:mildadaptiverocks|deepstack
STATE:844:cr300c/cr1200f:Qh|Ks/Ah:-300|300:deepstack|mildadaptiverocks
STATE:845:cr300f:Qs|As:-100|100:mildadaptiverocks|deepstack
STATE:846:cc/cc:Kh|Ks/Qh:0|0:deepstack|mildadaptiverocks
STATE:847:cr300r1200f:As|Kh:300|-300:mildadaptiverocks|deepstack
STATE:848:cc/r300f:Qs|Ks/Ah:100|-100:deepstack|mildadaptiverocks
STATE:849:cr300r1200c/:Ah|As/Qs:0|0:mildadaptiverocks|deepstack
STATE:850:cr300f:Kh|Qh:-100|100:deepstack|mildadaptiverocks
STATE:851:cc/cr300f:Kh|Ks/Qh:-100|100:mildadaptiverocks|deepstack
STATE:852:cc/cc:Kh|Qh/Ks:100|-100:deepstack|mildadaptiverocks
STATE:853:cc/cc:Qh|Qs/Kh:0|0:mildadaptiverocks|deepstack
STATE:854:cc/cr300f:Qs|Ks/Kh:-100|100:deepstack|mildadaptiverocks
STATE:855:cr300f:Ks|Ah:-100|100:mildadaptiverocks|deepstack
STATE:856:cc/cc:Ks|Qs/Kh:100|-100:deepstack|mildadaptiverocks
STATE:857:cr300r1200f:As|Ks:300|-300:mildadaptiverocks|deepstack
STATE:858:cc/cr300c:As|Qh/Qs:-300|300:deepstack|mildadaptiverocks
STATE:859:cr300f:Qh|Kh:-100|100:mildadaptiverocks|deepstack
STATE:860:cr1200c/:Ah|As/Ks:0|0:deepstack|mildadaptiverocks
STATE:861:cc/cr1200f:Qs|Kh/Ah:-100|100:mildadaptiverocks|deepstack
STATE:862:cr1200f:Kh|As:-100|100:deepstack|mildadaptiverocks
STATE:863:cr300f:Kh|Ks:-100|100:mildadaptiverocks|deepstack
STATE:864:r1200f:As|Qs:100|-100:deepstack|mildadaptiverocks
STATE:865:cr300r1200c/:As|Ah/Qs:0|0:mildadaptiverocks|deepstack
STATE:866:cc/cr300r1200f:Qh|Ks/Qs:300|-300:deepstack|mildadaptiverocks
STATE:867:cr300f:Kh|Ks:-100|100:mildadaptiverocks|deepstack
STATE:868:cr300f:Qs|As:-100|100:deepstack|mildadaptiverocks
STATE:869:cr300r1200f:Ah|Qh:300|-300:mildadaptiverocks|deepstack
STATE:870:cc/cr1200f:Qh|Kh/Ah:-100|100:deepstack|mildadaptiverocks
STATE:871:cr300c/cr900f:Kh|Ah/Qs:-300|300:mildadaptiverocks|deepstack
STATE:872:r300c/cr1200f:Ks|Qs/Qh:-300|300:deepstack|mildadaptiverocks
STATE:873:cc/cr300f:Ks|Qh/Qs:-100|100:mildadaptiverocks|deepstack
STATE:874:cc/cr300f:Ks|Qs/Qh:-100|100:deepstack|mildadaptiverocks
STATE:875:cc/r1200f:Qs|Kh/Ah:100|-100:mildadaptiverocks|deepstack
STATE:876:cc/cc:Ah|Qh/Kh:100|-100:deepstack|mildadaptiverocks
STATE:877:cr300f:Kh|Ah:-100|100:mildadaptiverocks|deepstack
STATE:878:cr300f:Qs|As:-100|100:deepstack|mildadaptiverocks
STATE:879:cc/cr300f:Qh|Kh/Ks:-100|100:mildadaptiverocks|deepstack
STATE:880:cc/cr300f:As|Qh/Qs:-100|100:deepstack|mildadaptiverocks
STATE:881:cc/cc:Ks|Qs/As:100|-100:mildadaptiverocks|deepstack
STATE:882:cc/cc:Kh|Qs/Ah:100|-100:deepstack|mildadaptiverocks
STATE:883:cr300f:Ks|Qs:-100|100:mildadaptiverocks|deepstack
STATE:884:cr300f:Kh|Ah:-100|100:deepstack|mildadaptiverocks
STATE:885:cc/cr300f:Ah|Qs/Kh:-100|100:mildadaptiverocks|deepstack
STATE:886:cc/cc:Qh|Kh/Ah:-100|100:deepstack|mildadaptiverocks
STATE:887:cc/cc:Ah|Kh/Qs:100|-100:mildadaptiverocks|deepstack
STATE:888:cr300f:Ks|As:-100|100:deepstack|mildadaptiverocks
STATE:889:cc/cc:Kh|Ks/Qs:0|0:mildadaptiverocks|deepstack
STATE:890:cc/cc:Qh|Ks/Qs:100|-100:deepstack|mildadaptiverocks
STATE:891:cc/cc:Qs|Ks/Qh:100|-100:mildadaptiverocks|deepstack
STATE:892:cc/cc:Qh|Qs/Ah:0|0:deepstack|mildadaptiverocks
STATE:893:cc/r300r900f:Qh|Ks/Kh:-300|300:mildadaptiverocks|deepstack
STATE:894:cr300f:Qh|As:-100|100:deepstack|mildadaptiverocks
STATE:895:cc/cr300f:As|Qh/Qs:-100|100:mildadaptiverocks|deepstack
STATE:896:cc/cc:As|Kh/Qh:100|-100:deepstack|mildadaptiverocks
STATE:897:cr300f:Ks|As:-100|100:mildadaptiverocks|deepstack
STATE:898:cr1200f:Qs|As:-100|100:deepstack|mildadaptiverocks
STATE:899:cc/r300f:As|Qs/Ah:100|-100:mildadaptiverocks|deepstack
STATE:900:cc/cc:Qs|Qh/Ah:0|0:deepstack|mildadaptiverocks
STATE:901:cc/cc:Kh|Ks/Qh:0|0:mildadaptiverocks|deepstack
STATE:902:cc/cr300c:Ah|Qh/Qs:-300|300:deepstack|mildadaptiverocks
STATE:903:cc/cc:Qh|Kh/Qs:100|-100:mildadaptiverocks|deepstack
STATE:904:cc/cc:As|Qs/Kh:100|-100:deepstack|mildadaptiverocks
STATE:905:cr300r1200f:As|Ks:300|-300:mildadaptiverocks|deepstack
STATE:906:cr300c/cc:Ks|Ah/Qs:-300|300:deepstack|mildadaptiverocks
STATE:907:cr300f:Ks|As:-100|100:mildadaptiverocks|deepstack
STATE:908:cr1200f:Ks|As:-100|100:deepstack|mildadaptiverocks
STATE:909:cc/cc:As|Qh/Ks:100|-100:mildadaptiverocks|deepstack
STATE:910:cc/r1200f:As|Qs/Ah:100|-100:deepstack|mildadaptiverocks
STATE:911:cr300c/cc:Ks|Ah/Qh:-300|300:mildadaptiverocks|deepstack
STATE:912:r1200f:As|Qs:100|-100:deepstack|mildadaptiverocks
STATE:913:cr300f:Qh|Ks:-100|100:mildadaptiverocks|deepstack
STATE:914:cc/cc:Ah|Kh/Qh:100|-100:deepstack|mildadaptiverocks
STATE:915:cr1200f:Ks|As:-100|100:mildadaptiverocks|deepstack
STATE:916:cc/cc:Qh|Ks/Qs:100|-100:deepstack|mildadaptiverocks
STATE:917:cr300r1200c/:As|Ah/Ks:0|0:mildadaptiverocks|deepstack
STATE:918:cc/r300f:Ks|Kh/Ah:100|-100:deepstack|mildadaptiverocks
STATE:919:cc/r300c:Kh|Ks/Ah:0|0:mildadaptiverocks|deepstack
STATE:920:cc/cc:As|Qs/Ks:100|-100:deepstack|mildadaptiverocks
STATE:921:cc/cc:Qh|Ks/As:-100|100:mildadaptiverocks|deepstack
STATE:922:cr300r1200c/:Ah|As/Kh:0|0:deepstack|mildadaptiverocks
STATE:923:cr300f:Kh|Ah:-100|100:mildadaptiverocks|deepstack
STATE:924:r300r1200c/:As|Ah/Kh:0|0:deepstack|mildadaptiverocks
STATE:925:cc/cc:As|Ks/Qh:100|-100:mildadaptiverocks|deepstack
STATE:926:cc/cc:As|Kh/Qs:100|-100:deepstack|mildadaptiverocks
STATE:927:r1200f:Ah|Qh:100|-100:mildadaptiverocks|deepstack
STATE:928:cc/r300f:Ks|Qs/As:100|-100:deepstack|mildadaptiverocks
STATE:929:cr300f:Kh|Ks:-100|100:mildadaptiverocks|deepstack
STATE:930:cc/cr300f:Ks|Qh/Qs:-100|100:deepstack|mildadaptiverocks
STATE:931:cc/cc:Ks|Kh/As:0|0:mildadaptiverocks|deepstack
STATE:932:cr300f:Ks|As:-100|100:deepstack|mildadaptiverocks
STATE:933:cr300c/cr900r1200c:Kh|Ah/As:-1200|1200:mildadaptiverocks|deepstack
STATE:934:r300c/cc:Kh|As/Qs:-300|300:deepstack|mildadaptiverocks
STATE:935:r1200f:Ah|Ks:100|-100:mildadaptiverocks|deepstack
STATE:936:cr300r1200f:As|Qh:300|-300:deepstack|mildadaptiverocks
STATE:937:cc/cr300f:Ah|Qs/Qh:-100|100:mildadaptiverocks|deepstack
STATE:938:cc/r300f:As|Qs/Ah:100|-100:deepstack|mildadaptiverocks
STATE:939:cr300f:Qs|Ah:-100|100:mildadaptiverocks|deepstack
STATE:940:r1200f:Ah|Qs:100|-100:deepstack|mildadaptiverocks
STATE:941:cc/r300f:Kh|Qs/As:100|-100:mildadaptiverocks|deepstack
STATE:942:cc/cc:Kh|As/Qh:-100|100:deepstack|mildadaptiverocks
STATE:943:cr1200f:Qs|As:-100|100:mildadaptiverocks|deepstack
STATE:944:cc/r300f:As|Qs/Ah:100|-100:deepstack|mildadaptiverocks
STATE:945:cr300r1200c/:Ah|As/Ks:0|0:mildadaptiverocks|deepstack
STATE:946:cc/cc:Qh|Ks/As:-100|100:deepstack|mildadaptiverocks
STATE:947:cr300f:Qh|Ah:-100|100:mildadaptiverocks|deepstack
STATE:948:cc/r300c:Ks|Kh/As:0|0:deepstack|mildadaptiverocks
STATE:949:cr300c/r1200c:Ks|As/Kh:1200|-1200:mildadaptiverocks|deepstack
STATE:950:cc/cr300f:As|Qh/Qs:-100|100:deepstack|mildadaptiverocks
STATE:951:cc/cc:Kh|Qh/Ks:100|-100:mildadaptiverocks|deepstack
STATE:952:cr300r1200c/:As|Ah/Qs:0|0:deepstack|mildadaptiverocks
STATE:953:cc/cr300f:Ks|Kh/Qs:-100|100:mildadaptiverocks|deepstack
STATE:954:cc/cc:Qs|Ks/As:-100|100:deepstack|mildadaptiverocks
STATE:955:cr300r1200c/:As|Ah/Qh:0|0:mildadaptiverocks|deepstack
STATE:956:cr1200f:Qs|As:-100|100:deepstack|mildadaptiverocks
STATE:957:cc/r1200c:Qh|Ah/As:-1200|1200:mildadaptiverocks|deepstack
STATE:958:cr1200f:Ks|As:-100|100:deepstack|mildadaptiverocks
STATE:959:cr300f:Qs|Ah:-100|100:mildadaptiverocks|deepstack
STATE:960:cr300f:Kh|Ah:-100|100:deepstack|mildadaptiverocks
STATE:961:r300c/cc:As|Ah/Qh:0|0:mildadaptiverocks|deepstack
STATE:962:r1200f:As|Qs:100|-100:deepstack|mildadaptiverocks
STATE:963:cc/cc:Qs|Ks/As:-100|100:mildadaptiverocks|deepstack
STATE:964:cc/cc:Kh|Qh/Ks:100|-100:deepstack|mildadaptiverocks
STATE:965:cc/cr300f:Ah|Kh/Ks:-100|100:mildadaptiverocks|deepstack
STATE:966:cc/cc:Qh|As/Ks:-100|100:deepstack|mildadaptiverocks
STATE:967:cr300f:Qs|Ah:-100|100:mildadaptiverocks|deepstack
STATE:968:cc/cr300f:Ah|Kh/Qh:-100|100:deepstack|mildadaptiverocks
STATE:969:cc/cc:Qs|Ah/Qh:100|-100:mildadaptiverocks|deepstack
STATE:970:cr300f:Qs|Ah:-100|100:deepstack|mildadaptiverocks
STATE:971:cr300f:Qh|Ah:-100|100:mildadaptiverocks|deepstack
STATE:972:cc/cr300f:Ah|Kh/Ks:-100|100:deepstack|mildadaptiverocks
STATE:973:cr300c/cr1200f:Qs|Ah/As:-300|300:mildadaptiverocks|deepstack
STATE:974:cc/cc:Qh|Qs/As:0|0:deepstack|mildadaptiverocks
STATE:975:cc/cc:As|Qs/Kh:100|-100:mildadaptiverocks|deepstack
STATE:976:cc/cr300f:Kh|Qh/Qs:-100|100:deepstack|mildadaptiverocks
STATE:977:cc/cc:Ah|Qs/Kh:100|-100:mildadaptiverocks|deepstack
STATE:978:cc/cc:Qs|Qh/Kh:0|0:deepstack|mildadaptiverocks
STATE:979:r1200f:As|Qs:100|-100:mildadaptiverocks|deepstack
STATE:980:cc/cc:Qs|Ks/Ah:-100|100:deepstack|mildadaptiverocks
STATE:981:r300c/cr900f:Ah|Ks/Qs:-300|300:mildadaptiverocks|deepstack
STATE:982:cr1200f:Qs|Ah:-100|100:deepstack|mildadaptiverocks
STATE:983:cr1200f:Kh|As:-100|100:mildadaptiverocks|deepstack
STATE:984:r300r1200c/:As|Ah/Qh:0|0:deepstack|mildadaptiverocks
STATE:985:cc/cc:Qh|Ks/Qs:100|-100:mildadaptiverocks|deepstack
STATE:986:cr1200f:Qs|As:-100|100:deepstack|mildadaptiverocks
STATE:987:cc/r300f:Kh|Qs/Ah:100|-100:mildadaptiverocks|deepstack
STATE:988:cc/cr300f:As|Qs/Qh:-100|100:deepstack|mildadaptiverocks
STATE:989:cc/cr300r900f:Qs|Kh/Qh:300|-300:mildadaptiverocks|deepstack
STATE:990:cr300c/cr1200f:Qs|Ah/As:-300|300:deepstack|mildadaptiverocks
STATE:991:cc/r300c:Ah|Ks/As:300|-300:mildadaptiverocks|deepstack
STATE:992:cr1200f:Qh|As:-100|100:deepstack|mildadaptiverocks
STATE:993:cc/cr300f:As|Kh/Ks:-100|100:mildadaptiverocks|deepstack
STATE:994:cr300f:Kh|As:-100|100:deepstack|mildadaptiverocks
STATE:995:cr300r1200f:Ah|Ks:300|-300:mildadaptiverocks|deepstack
STATE:996:cc/cc:Qs|Kh/Qh:100|-100:deepstack|mildadaptiverocks
STATE:997:cr300f:Qh|As:-100|100:mildadaptiverocks|deepstack
STATE:998:cr1200f:Qh|As:-100|100:deepstack|mildadaptiverocks
STATE:999:cc/cr300f:As|Qh/Qs:-100|100:mildadaptiverocks|deepstack
SCORE:-4200|4200:deepstack|mildadaptiverocks
