# name/game/hands/seed passiverocksVdeepstack ./DeepStack-Leduc/ACPCServer/leduc.game 100 1
#--t_response 600000
#--t_hand 600000
#--t_per_hand 7000
STATE:0:cc/cc:Kh|Ks/Qh:0|0:deepStack|passiverocks
STATE:1:r1200f:Ah|Qs:100|-100:passiverocks|deepStack
STATE:2:cc/cc:As|Kh/Qs:100|-100:deepStack|passiverocks
STATE:3:cr300f:Qh|Qs:-100|100:passiverocks|deepStack
STATE:4:cc/cc:Ks|Qs/Kh:100|-100:deepStack|passiverocks
STATE:5:cr300f:Qh|Ah:-100|100:passiverocks|deepStack
STATE:6:r1200c/:Ah|Kh/As:1200|-1200:deepStack|passiverocks
STATE:7:cc/cc:Qs|Kh/Qh:100|-100:passiverocks|deepStack
STATE:8:cc/cc:Qs|Kh/Ah:-100|100:deepStack|passiverocks
STATE:9:r1200f:Ah|Ks:100|-100:passiverocks|deepStack
STATE:10:cc/cc:Ah|Kh/Qs:100|-100:deepStack|passiverocks
STATE:11:cr300f:Qs|Ah:-100|100:passiverocks|deepStack
STATE:12:r1200c/:As|Kh/Qh:1200|-1200:deepStack|passiverocks
STATE:13:r1200f:Ah|Qh:100|-100:passiverocks|deepStack
STATE:14:r1200f:As|Qs:100|-100:deepStack|passiverocks
STATE:15:cr300f:Qs|As:-100|100:passiverocks|deepStack
STATE:16:cc/cc:As|Ks/Qh:100|-100:deepStack|passiverocks
STATE:17:cr300f:Qs|As:-100|100:passiverocks|deepStack
STATE:18:cr1200f:Qs|As:-100|100:deepStack|passiverocks
STATE:19:r1200c/:Ah|As/Qh:0|0:passiverocks|deepStack
STATE:20:cr1200f:Ks|As:-100|100:deepStack|passiverocks
STATE:21:r1200f:Ah|Qs:100|-100:passiverocks|deepStack
STATE:22:cr1200f:Kh|Ah:-100|100:deepStack|passiverocks
STATE:23:cr1200c/:Ks|As/Qs:-1200|1200:passiverocks|deepStack
STATE:24:r1200c/:Ah|As/Qh:0|0:deepStack|passiverocks
STATE:25:cr300f:Qh|As:-100|100:passiverocks|deepStack
STATE:26:cc/cc:As|Qh/Qs:-100|100:deepStack|passiverocks
STATE:27:cc/cc:Qh|Ah/Kh:-100|100:passiverocks|deepStack
STATE:28:cc/cc:Kh|Qh/Qs:-100|100:deepStack|passiverocks
STATE:29:cc/cc:Kh|As/Ks:100|-100:passiverocks|deepStack
STATE:30:r1200f:Ah|Qs:100|-100:deepStack|passiverocks
STATE:31:cc/cr1200c:Qs|As/Ah:-1200|1200:passiverocks|deepStack
STATE:32:cr1200f:Qs|Ah:-100|100:deepStack|passiverocks
STATE:33:cc/cc:Kh|Qs/As:100|-100:passiverocks|deepStack
STATE:34:cc/cc:Qs|Kh/Qh:100|-100:deepStack|passiverocks
STATE:35:cr300f:Qh|As:-100|100:passiverocks|deepStack
STATE:36:cc/cc:Qs|Qh/As:0|0:deepStack|passiverocks
STATE:37:cc/cr300c:Kh|Qh/Qs:-300|300:passiverocks|deepStack
STATE:38:cr1200f:Kh|Ah:-100|100:deepStack|passiverocks
STATE:39:cc/cr300c:Ks|Qs/Qh:-300|300:passiverocks|deepStack
STATE:40:cc/cc:Ks|Kh/Qs:0|0:deepStack|passiverocks
STATE:41:r1200f:As|Ks:100|-100:passiverocks|deepStack
STATE:42:cc/cc:Kh|Ks/Qh:0|0:deepStack|passiverocks
STATE:43:cc/cc:Qs|Ks/Ah:-100|100:passiverocks|deepStack
STATE:44:cc/cc:Qh|Ks/Ah:-100|100:deepStack|passiverocks
STATE:45:r1200f:Ah|Kh:100|-100:passiverocks|deepStack
STATE:46:cc/cc:Qs|Ks/As:-100|100:deepStack|passiverocks
STATE:47:cr1200c/:Kh|Ah/Qs:-1200|1200:passiverocks|deepStack
STATE:48:cc/cc:Qh|Ks/As:-100|100:deepStack|passiverocks
STATE:49:r1200f:Ah|Kh:100|-100:passiverocks|deepStack
STATE:50:cc/cc:Qs|Ks/Qh:100|-100:deepStack|passiverocks
STATE:51:cr300f:Qs|Ah:-100|100:passiverocks|deepStack
STATE:52:cc/r300c:Ks|Kh/As:0|0:deepStack|passiverocks
STATE:53:cc/cc:Ks|Qh/As:100|-100:passiverocks|deepStack
STATE:54:cc/cc:As|Kh/Ks:-100|100:deepStack|passiverocks
STATE:55:cr1200c/:Ks|As/Qh:-1200|1200:passiverocks|deepStack
STATE:56:cr1200f:Ks|As:-100|100:deepStack|passiverocks
STATE:57:r1200c/:As|Ah/Qh:0|0:passiverocks|deepStack
STATE:58:cr1200f:Qs|As:-100|100:deepStack|passiverocks
STATE:59:cc/cc:Qs|Qh/Ah:0|0:passiverocks|deepStack
STATE:60:cr1200f:Ks|As:-100|100:deepStack|passiverocks
STATE:61:cc/cc:Qh|Qs/Ah:0|0:passiverocks|deepStack
STATE:62:cc/cc:Qh|Ks/Ah:-100|100:deepStack|passiverocks
STATE:63:cr300f:Qh|As:-100|100:passiverocks|deepStack
STATE:64:cc/cc:Qs|Kh/Qh:100|-100:deepStack|passiverocks
STATE:65:cr300f:Qh|Kh:-100|100:passiverocks|deepStack
STATE:66:cc/cc:As|Kh/Qh:100|-100:deepStack|passiverocks
STATE:67:r1200f:Ah|Qs:100|-100:passiverocks|deepStack
STATE:68:cc/r300c:Kh|Qh/As:300|-300:deepStack|passiverocks
STATE:69:cr300f:Qh|Ah:-100|100:passiverocks|deepStack
STATE:70:cc/cc:Ks|Qs/Qh:-100|100:deepStack|passiverocks
STATE:71:r1200f:As|Qh:100|-100:passiverocks|deepStack
STATE:72:cc/cc:As|Kh/Qs:100|-100:deepStack|passiverocks
STATE:73:cr300f:Qh|Ah:-100|100:passiverocks|deepStack
STATE:74:cc/cc:Qs|Kh/Ah:-100|100:deepStack|passiverocks
STATE:75:cc/cr300c:Qs|Qh/Ks:0|0:passiverocks|deepStack
STATE:76:cc/cc:Qs|Qh/Kh:0|0:deepStack|passiverocks
STATE:77:cc/cr300c:Ks|Qh/Qs:-300|300:passiverocks|deepStack
STATE:78:cc/cc:Ks|Qs/Kh:100|-100:deepStack|passiverocks
STATE:79:cr1200c/:Ks|As/Kh:1200|-1200:passiverocks|deepStack
STATE:80:cr1200c/:As|Ah/Kh:0|0:deepStack|passiverocks
STATE:81:r1200f:Ah|Qh:100|-100:passiverocks|deepStack
STATE:82:cc/cc:As|Qs/Kh:100|-100:deepStack|passiverocks
STATE:83:r1200c/:As|Ah/Kh:0|0:passiverocks|deepStack
STATE:84:cr1200f:Ks|As:-100|100:deepStack|passiverocks
STATE:85:r1200f:As|Kh:100|-100:passiverocks|deepStack
STATE:86:cr1200f:Qh|Ah:-100|100:deepStack|passiverocks
STATE:87:cc/cc:Ks|Qs/Ah:100|-100:passiverocks|deepStack
STATE:88:r1200f:Ah|Qs:100|-100:deepStack|passiverocks
STATE:89:cc/cc:Kh|Ah/Qs:-100|100:passiverocks|deepStack
STATE:90:cc/cc:As|Ks/Kh:-100|100:deepStack|passiverocks
STATE:91:cc/cc:Ks|Qs/As:100|-100:passiverocks|deepStack
STATE:92:cc/r1200c:Qh|Ks/As:-1200|1200:deepStack|passiverocks
STATE:93:r1200f:As|Qs:100|-100:passiverocks|deepStack
STATE:94:r1200f:Ah|Qh:100|-100:deepStack|passiverocks
STATE:95:r1200f:Ah|Ks:100|-100:passiverocks|deepStack
STATE:96:cc/cc:Kh|Qh/Ks:100|-100:deepStack|passiverocks
STATE:97:cc/cr300c:Ks|Qs/Kh:300|-300:passiverocks|deepStack
STATE:98:cc/cc:Qh|Ks/Kh:-100|100:deepStack|passiverocks
STATE:99:cr300f:Qh|Ah:-100|100:passiverocks|deepStack
SCORE:4800|-4800:deepStack|passiverocks
