# name/game/hands/seed randomactionVdeepstack ./DeepStack-Leduc/ACPCServer/leduc.game 100 1
#--t_response 600000
#--t_hand 600000
#--t_per_hand 7000
STATE:0:cr719f:Kh|Ks:-100|100:deepStack|randomaction
STATE:1:r1122f:Ah|Qs:100|-100:randomaction|deepStack
STATE:2:cr257r1200c/:As|Kh/Qs:1200|-1200:deepStack|randomaction
STATE:3:cc/r651f:Qh|Qs/Kh:100|-100:randomaction|deepStack
STATE:4:cr357c/r1200c:Ks|Qs/Kh:1200|-1200:deepStack|randomaction
STATE:5:cr300c/cc:Qh|Ah/Kh:-300|300:randomaction|deepStack
STATE:6:r1200c/:Ah|Kh/As:1200|-1200:deepStack|randomaction
STATE:7:r432f:Qs|Kh:100|-100:randomaction|deepStack
STATE:8:cr666f:Qs|Kh:-100|100:deepStack|randomaction
STATE:9:cc/r265c:Ah|Ks/As:265|-265:randomaction|deepStack
STATE:10:r1200c/:Ah|Kh/Qs:1200|-1200:deepStack|randomaction
STATE:11:cr300c/cc:Qs|Ah/Kh:-300|300:randomaction|deepStack
STATE:12:r1200c/:As|Kh/Qh:1200|-1200:deepStack|randomaction
STATE:13:cc/cr300r837f:Ah|Qh/Kh:300|-300:randomaction|deepStack
STATE:14:cr871r1200c/:As|Qs/Ks:1200|-1200:deepStack|randomaction
STATE:15:cr300r707r1200c/:Qs|As/Kh:-1200|1200:randomaction|deepStack
STATE:16:cr1196r1200c/:As|Ks/Qh:1200|-1200:deepStack|randomaction
STATE:17:r781r1200c/:Qs|As/Qh:1200|-1200:randomaction|deepStack
STATE:18:cc/cc:Qs|As/Ks:-100|100:deepStack|randomaction
STATE:19:cr300c/r1080f:Ah|As/Qh:300|-300:randomaction|deepStack
STATE:20:cr767f:Ks|As:-100|100:deepStack|randomaction
STATE:21:cc/r415f:Ah|Qs/Kh:100|-100:randomaction|deepStack
STATE:22:cc/cr979f:Kh|Ah/Qh:-100|100:deepStack|randomaction
STATE:23:cr1200c/:Ks|As/Qs:-1200|1200:randomaction|deepStack
STATE:24:cc/cc:Ah|As/Qh:0|0:deepStack|randomaction
STATE:25:cr300c/r1094c:Qh|As/Qs:1094|-1094:randomaction|deepStack
STATE:26:cr1091r1200c/:As|Qh/Qs:-1200|1200:deepStack|randomaction
STATE:27:cr300c/r1068f:Qh|Ah/Kh:300|-300:randomaction|deepStack
STATE:28:cr793f:Kh|Qh:-100|100:deepStack|randomaction
STATE:29:cr300f:Kh|As:-100|100:randomaction|deepStack
STATE:30:r1200c/:Ah|Qs/Kh:1200|-1200:deepStack|randomaction
STATE:31:cr300c/cr900r1200c:Qs|As/Ah:-1200|1200:randomaction|deepStack
STATE:32:cc/cr532r1200c:Qs|Ah/Qh:1200|-1200:deepStack|randomaction
STATE:33:r1057f:Kh|Qs:100|-100:randomaction|deepStack
STATE:34:cr314c/r1200c:Qs|Kh/Qh:1200|-1200:deepStack|randomaction
STATE:35:cc/r1064r1200c:Qh|As/Ah:-1200|1200:randomaction|deepStack
STATE:36:cr591f:Qs|Qh:-100|100:deepStack|randomaction
STATE:37:r465f:Kh|Qh:100|-100:randomaction|deepStack
STATE:38:cr1038f:Kh|Ah:-100|100:deepStack|randomaction
STATE:39:r1134f:Ks|Qs:100|-100:randomaction|deepStack
STATE:40:cc/cc:Ks|Kh/Qs:0|0:deepStack|randomaction
STATE:41:cc/cr300c:As|Ks/Kh:-300|300:randomaction|deepStack
STATE:42:cc/cc:Kh|Ks/Qh:0|0:deepStack|randomaction
STATE:43:cc/r1037f:Qs|Ks/Ah:100|-100:randomaction|deepStack
STATE:44:cc/cr649f:Qh|Ks/Ah:-100|100:deepStack|randomaction
STATE:45:r1128f:Ah|Kh:100|-100:randomaction|deepStack
STATE:46:cr379c/cr944f:Qs|Ks/As:-379|379:deepStack|randomaction
STATE:47:r558c/cr1200c:Kh|Ah/Qs:-1200|1200:randomaction|deepStack
STATE:48:cc/cc:Qh|Ks/As:-100|100:deepStack|randomaction
STATE:49:r328c/cc:Ah|Kh/Qs:328|-328:randomaction|deepStack
STATE:50:cc/cr483r1200c:Qs|Ks/Qh:1200|-1200:deepStack|randomaction
STATE:51:r216c/cc:Qs|Ah/Qh:216|-216:randomaction|deepStack
STATE:52:cc/cr1006c:Ks|Kh/As:0|0:deepStack|randomaction
STATE:53:r1175f:Ks|Qh:100|-100:randomaction|deepStack
STATE:54:r1200c/:As|Kh/Ks:-1200|1200:deepStack|randomaction
STATE:55:r767c/cr1200f:Ks|As/Qh:-767|767:randomaction|deepStack
STATE:56:cc/cc:Ks|As/Qh:-100|100:deepStack|randomaction
STATE:57:cr300c/r1155f:As|Ah/Qh:300|-300:randomaction|deepStack
STATE:58:cc/r1200c:Qs|As/Ah:-1200|1200:deepStack|randomaction
STATE:59:cc/r862f:Qs|Qh/Ah:100|-100:randomaction|deepStack
STATE:60:cr650f:Ks|As:-100|100:deepStack|randomaction
STATE:61:cr300r986f:Qh|Qs:300|-300:randomaction|deepStack
STATE:62:cc/cc:Qh|Ks/Ah:-100|100:deepStack|randomaction
STATE:63:r1074f:Qh|As:100|-100:randomaction|deepStack
STATE:64:cr1169f:Qs|Kh:-100|100:deepStack|randomaction
STATE:65:cc/cr300c:Qh|Kh/Ks:-300|300:randomaction|deepStack
STATE:66:cc/cc:As|Kh/Qh:100|-100:deepStack|randomaction
STATE:67:r895f:Ah|Qs:100|-100:randomaction|deepStack
STATE:68:cr712f:Kh|Qh:-100|100:deepStack|randomaction
STATE:69:cr300r544c/r1181f:Qh|Ah/Kh:544|-544:randomaction|deepStack
STATE:70:cr480c/cc:Ks|Qs/Qh:-480|480:deepStack|randomaction
STATE:71:cr300c/r1171f:As|Qh/Ks:300|-300:randomaction|deepStack
STATE:72:r1200c/:As|Kh/Qs:1200|-1200:deepStack|randomaction
STATE:73:cr300r1049c/cr1200c:Qh|Ah/Qs:1200|-1200:randomaction|deepStack
STATE:74:cc/cc:Qs|Kh/Ah:-100|100:deepStack|randomaction
STATE:75:r1134f:Qs|Qh:100|-100:randomaction|deepStack
STATE:76:cc/cr678f:Qs|Qh/Kh:-100|100:deepStack|randomaction
STATE:77:r436f:Ks|Qh:100|-100:randomaction|deepStack
STATE:78:cc/cr1171r1200c:Ks|Qs/Kh:1200|-1200:deepStack|randomaction
STATE:79:r676r1200c/:Ks|As/Kh:1200|-1200:randomaction|deepStack
STATE:80:r1200c/:As|Ah/Kh:0|0:deepStack|randomaction
STATE:81:r1091f:Ah|Qh:100|-100:randomaction|deepStack
STATE:82:cc/cc:As|Qs/Kh:100|-100:deepStack|randomaction
STATE:83:r1171c/r1200c:As|Ah/Kh:0|0:randomaction|deepStack
STATE:84:cr341f:Ks|As:-100|100:deepStack|randomaction
STATE:85:r956f:As|Kh:100|-100:randomaction|deepStack
STATE:86:cr387f:Qh|Ah:-100|100:deepStack|randomaction
STATE:87:cc/r426f:Ks|Qs/Ah:100|-100:randomaction|deepStack
STATE:88:r1200c/:Ah|Qs/Kh:1200|-1200:deepStack|randomaction
STATE:89:cr300c/r913f:Kh|Ah/Qs:300|-300:randomaction|deepStack
STATE:90:cc/cc:As|Ks/Kh:-100|100:deepStack|randomaction
STATE:91:cc/cc:Ks|Qs/As:100|-100:randomaction|deepStack
STATE:92:cc/cc:Qh|Ks/As:-100|100:deepStack|randomaction
STATE:93:cr300c/cr1200c:As|Qs/Ks:1200|-1200:randomaction|deepStack
STATE:94:cc/cc:Ah|Qh/Ks:100|-100:deepStack|randomaction
STATE:95:r270c/r1061f:Ah|Ks/Qh:270|-270:randomaction|deepStack
STATE:96:cr861f:Kh|Qh:-100|100:deepStack|randomaction
STATE:97:r347f:Ks|Qs:100|-100:randomaction|deepStack
STATE:98:cr254c/cc:Qh|Ks/Kh:-254|254:deepStack|randomaction
STATE:99:cr300c/cc:Qh|Ah/Qs:300|-300:randomaction|deepStack
SCORE:6337|-6337:deepStack|randomaction
