# name/game/hands/seed rocksVdeepstack ./DeepStack-Leduc/ACPCServer/leduc.game 100 1
#--t_response 600000
#--t_hand 600000
#--t_per_hand 7000
STATE:0:cc/cc:Kh|Ks/Qh:0|0:deepStack|rocks
STATE:1:r1200f:Ah|Qs:100|-100:rocks|deepStack
STATE:2:cc/cc:As|Kh/Qs:100|-100:deepStack|rocks
STATE:3:cc/cc:Qh|Qs/Kh:0|0:rocks|deepStack
STATE:4:cc/cc:Ks|Qs/Kh:100|-100:deepStack|rocks
STATE:5:cc/cc:Qh|Ah/Kh:-100|100:rocks|deepStack
STATE:6:r1200f:Ah|Kh:100|-100:deepStack|rocks
STATE:7:cc/cc:Qs|Kh/Qh:100|-100:rocks|deepStack
STATE:8:cc/cc:Qs|Kh/Ah:-100|100:deepStack|rocks
STATE:9:r1200f:Ah|Ks:100|-100:rocks|deepStack
STATE:10:r1200f:Ah|Kh:100|-100:deepStack|rocks
STATE:11:cr300f:Qs|Ah:-100|100:rocks|deepStack
STATE:12:cc/cc:As|Kh/Qh:100|-100:deepStack|rocks
STATE:13:r1200f:Ah|Qh:100|-100:rocks|deepStack
STATE:14:r1200f:As|Qs:100|-100:deepStack|rocks
STATE:15:cr1200f:Qs|As:-100|100:rocks|deepStack
STATE:16:r1200f:As|Ks:100|-100:deepStack|rocks
STATE:17:cr1200f:Qs|As:-100|100:rocks|deepStack
STATE:18:cr1200f:Qs|As:-100|100:deepStack|rocks
STATE:19:r1200c/:Ah|As/Qh:0|0:rocks|deepStack
STATE:20:cr1200f:Ks|As:-100|100:deepStack|rocks
STATE:21:r1200f:Ah|Qs:100|-100:rocks|deepStack
STATE:22:cr1200f:Kh|Ah:-100|100:deepStack|rocks
STATE:23:cr300f:Ks|As:-100|100:rocks|deepStack
STATE:24:r1200c/:Ah|As/Qh:0|0:deepStack|rocks
STATE:25:cr1200f:Qh|As:-100|100:rocks|deepStack
STATE:26:r1200f:As|Qh:100|-100:deepStack|rocks
STATE:27:cr300f:Qh|Ah:-100|100:rocks|deepStack
STATE:28:cc/cc:Kh|Qh/Qs:-100|100:deepStack|rocks
STATE:29:cr300f:Kh|As:-100|100:rocks|deepStack
STATE:30:r1200f:Ah|Qs:100|-100:deepStack|rocks
STATE:31:cr1200f:Qs|As:-100|100:rocks|deepStack
STATE:32:cr1200f:Qs|Ah:-100|100:deepStack|rocks
STATE:33:cr300f:Kh|Qs:-100|100:rocks|deepStack
STATE:34:cc/cc:Qs|Kh/Qh:100|-100:deepStack|rocks
STATE:35:cr300f:Qh|As:-100|100:rocks|deepStack
STATE:36:cc/cc:Qs|Qh/As:0|0:deepStack|rocks
STATE:37:cr300f:Kh|Qh:-100|100:rocks|deepStack
STATE:38:cr1200f:Kh|Ah:-100|100:deepStack|rocks
STATE:39:cr300f:Ks|Qs:-100|100:rocks|deepStack
STATE:40:cc/cc:Ks|Kh/Qs:0|0:deepStack|rocks
STATE:41:r1200f:As|Ks:100|-100:rocks|deepStack
STATE:42:cc/cc:Kh|Ks/Qh:0|0:deepStack|rocks
STATE:43:cc/cc:Qs|Ks/Ah:-100|100:rocks|deepStack
STATE:44:cc/cc:Qh|Ks/Ah:-100|100:deepStack|rocks
STATE:45:r1200f:Ah|Kh:100|-100:rocks|deepStack
STATE:46:cc/cc:Qs|Ks/As:-100|100:deepStack|rocks
STATE:47:cc/cc:Kh|Ah/Qs:-100|100:rocks|deepStack
STATE:48:cc/cc:Qh|Ks/As:-100|100:deepStack|rocks
STATE:49:r1200f:Ah|Kh:100|-100:rocks|deepStack
STATE:50:cc/cc:Qs|Ks/Qh:100|-100:deepStack|rocks
STATE:51:cr300f:Qs|Ah:-100|100:rocks|deepStack
STATE:52:cc/r300f:Ks|Kh/As:100|-100:deepStack|rocks
STATE:53:cc/cc:Ks|Qh/As:100|-100:rocks|deepStack
STATE:54:cc/cc:As|Kh/Ks:-100|100:deepStack|rocks
STATE:55:cr300f:Ks|As:-100|100:rocks|deepStack
STATE:56:cr1200f:Ks|As:-100|100:deepStack|rocks
STATE:57:r1200c/:As|Ah/Qh:0|0:rocks|deepStack
STATE:58:cr1200f:Qs|As:-100|100:deepStack|rocks
STATE:59:cc/cc:Qs|Qh/Ah:0|0:rocks|deepStack
STATE:60:cr1200f:Ks|As:-100|100:deepStack|rocks
STATE:61:cc/cc:Qh|Qs/Ah:0|0:rocks|deepStack
STATE:62:r300f:Qh|Ks:100|-100:deepStack|rocks
STATE:63:cr300f:Qh|As:-100|100:rocks|deepStack
STATE:64:cc/cc:Qs|Kh/Qh:100|-100:deepStack|rocks
STATE:65:cc/cr300f:Qh|Kh/Ks:-100|100:rocks|deepStack
STATE:66:r1200f:As|Kh:100|-100:deepStack|rocks
STATE:67:r1200f:Ah|Qs:100|-100:rocks|deepStack
STATE:68:cc/cc:Kh|Qh/As:100|-100:deepStack|rocks
STATE:69:cr300f:Qh|Ah:-100|100:rocks|deepStack
STATE:70:cc/cc:Ks|Qs/Qh:-100|100:deepStack|rocks
STATE:71:r1200f:As|Qh:100|-100:rocks|deepStack
STATE:72:cc/cc:As|Kh/Qs:100|-100:deepStack|rocks
STATE:73:cr300f:Qh|Ah:-100|100:rocks|deepStack
STATE:74:cc/cc:Qs|Kh/Ah:-100|100:deepStack|rocks
STATE:75:cr300f:Qs|Qh:-100|100:rocks|deepStack
STATE:76:cc/cc:Qs|Qh/Kh:0|0:deepStack|rocks
STATE:77:cc/cr300f:Ks|Qh/Qs:-100|100:rocks|deepStack
STATE:78:r300f:Ks|Qs:100|-100:deepStack|rocks
STATE:79:cr1200f:Ks|As:-100|100:rocks|deepStack
STATE:80:r1200c/:As|Ah/Kh:0|0:deepStack|rocks
STATE:81:r1200f:Ah|Qh:100|-100:rocks|deepStack
STATE:82:r1200f:As|Qs:100|-100:deepStack|rocks
STATE:83:r1200c/:As|Ah/Kh:0|0:rocks|deepStack
STATE:84:cr1200f:Ks|As:-100|100:deepStack|rocks
STATE:85:r1200f:As|Kh:100|-100:rocks|deepStack
STATE:86:cr1200f:Qh|Ah:-100|100:deepStack|rocks
STATE:87:cc/cc:Ks|Qs/Ah:100|-100:rocks|deepStack
STATE:88:cc/cc:Ah|Qs/Kh:100|-100:deepStack|rocks
STATE:89:cr300f:Kh|Ah:-100|100:rocks|deepStack
STATE:90:cc/cc:As|Ks/Kh:-100|100:deepStack|rocks
STATE:91:cr300f:Ks|Qs:-100|100:rocks|deepStack
STATE:92:cc/cc:Qh|Ks/As:-100|100:deepStack|rocks
STATE:93:r1200f:As|Qs:100|-100:rocks|deepStack
STATE:94:cc/cc:Ah|Qh/Ks:100|-100:deepStack|rocks
STATE:95:r1200f:Ah|Ks:100|-100:rocks|deepStack
STATE:96:cc/cc:Kh|Qh/Ks:100|-100:deepStack|rocks
STATE:97:cc/cc:Ks|Qs/Kh:100|-100:rocks|deepStack
STATE:98:cc/cc:Qh|Ks/Kh:-100|100:deepStack|rocks
STATE:99:cr300f:Qh|Ah:-100|100:rocks|deepStack
SCORE:1100|-1100:deepStack|rocks
