# name/game/hands/seed alwayscallvdeepstack1000 ./DeepStack-Leduc/ACPCServer/leduc.game 1000 5
#--t_response 600000
#--t_hand 600000
#--t_per_hand 7000
STATE:0:cc/cc:As|Ks/Qs:100|-100:alwayscall|deepstack
STATE:1:cr300c/cc:Qs|Kh/Ah:-300|300:deepstack|alwayscall
STATE:2:cc/cc:Ks|Qs/Qh:-100|100:alwayscall|deepstack
STATE:3:cr300c/cr1200c:Ks|As/Ah:-1200|1200:deepstack|alwayscall
STATE:4:cc/cc:As|Ah/Ks:0|0:alwayscall|deepstack
STATE:5:cc/cr1200c:Qh|Qs/As:0|0:deepstack|alwayscall
STATE:6:cc/cc:As|Ks/Kh:-100|100:alwayscall|deepstack
STATE:7:cr300c/cr1200c:Qs|Ah/As:-1200|1200:deepstack|alwayscall
STATE:8:cc/cc:Ah|As/Qs:0|0:alwayscall|deepstack
STATE:9:cr300c/cr1200c:Qs|As/Ah:-1200|1200:deepstack|alwayscall
STATE:10:cc/cc:Qh|Ks/Kh:-100|100:alwayscall|deepstack
STATE:11:cr300c/cc:Qh|As/Kh:-300|300:deepstack|alwayscall
STATE:12:cc/r300c:Kh|Ks/As:0|0:alwayscall|deepstack
STATE:13:cr300c/cc:Kh|As/Ks:300|-300:deepstack|alwayscall
STATE:14:cc/cc:Qh|Ah/As:-100|100:alwayscall|deepstack
STATE:15:cr300c/cr1200c:Ks|As/Ah:-1200|1200:deepstack|alwayscall
STATE:16:cc/r300c:Ks|Qh/As:300|-300:alwayscall|deepstack
STATE:17:cc/cr300c:Ah|Kh/Ks:-300|300:deepstack|alwayscall
STATE:18:r300c/cc:As|Kh/Qs:300|-300:alwayscall|deepstack
STATE:19:cc/cc:Ah|Kh/As:100|-100:deepstack|alwayscall
STATE:20:cc/cc:Qs|Ah/As:-100|100:alwayscall|deepstack
STATE:21:cc/cc:Ah|Qh/Kh:100|-100:deepstack|alwayscall
STATE:22:cc/cc:Kh|Ks/Qh:0|0:alwayscall|deepstack
STATE:23:cr300c/cc:Qs|Ah/Ks:-300|300:deepstack|alwayscall
STATE:24:cc/cc:Kh|As/Qs:-100|100:alwayscall|deepstack
STATE:25:cc/cc:Ah|Ks/Qs:100|-100:deepstack|alwayscall
STATE:26:cc/r300c:As|Ks/Ah:300|-300:alwayscall|deepstack
STATE:27:cr300c/cr900c:As|Qh/Kh:900|-900:deepstack|alwayscall
STATE:28:cc/cc:Kh|Ah/Qs:-100|100:alwayscall|deepstack
STATE:29:cr300c/cc:Qh|Ah/Ks:-300|300:deepstack|alwayscall
STATE:30:r1200c/:Ah|As/Kh:0|0:alwayscall|deepstack
STATE:31:cc/cc:Ks|Qh/As:100|-100:deepstack|alwayscall
STATE:32:cc/cc:Qs|Qh/Kh:0|0:alwayscall|deepstack
STATE:33:cr300c/cr1200c:As|Ah/Kh:0|0:deepstack|alwayscall
STATE:34:cc/cc:Ks|As/Qh:-100|100:alwayscall|deepstack
STATE:35:cr300c/cc:Qs|Ah/Qh:300|-300:deepstack|alwayscall
STATE:36:cc/cc:Qh|Ks/Ah:-100|100:alwayscall|deepstack
STATE:37:cr300c/cr1200c:Kh|As/Ah:-1200|1200:deepstack|alwayscall
STATE:38:cc/cc:Ks|Kh/Qs:0|0:alwayscall|deepstack
STATE:39:cc/cc:Ah|Qh/Ks:100|-100:deepstack|alwayscall
STATE:40:cc/r300c:Ah|Qh/As:300|-300:alwayscall|deepstack
STATE:41:cr300c/cc:Qh|As/Kh:-300|300:deepstack|alwayscall
STATE:42:cc/cc:Qh|Ah/Kh:-100|100:alwayscall|deepstack
STATE:43:cc/cr300c:Kh|Ks/Qh:0|0:deepstack|alwayscall
STATE:44:cc/cc:Qs|Qh/Ks:0|0:alwayscall|deepstack
STATE:45:cr300c/cr1200c:As|Kh/Qh:1200|-1200:deepstack|alwayscall
STATE:46:r1200c/:Ah|Ks/Qh:1200|-1200:alwayscall|deepstack
STATE:47:cc/cc:Kh|Ks/Qs:0|0:deepstack|alwayscall
STATE:48:cc/cc:As|Qs/Kh:100|-100:alwayscall|deepstack
STATE:49:cr300c/cc:Kh|As/Qh:-300|300:deepstack|alwayscall
STATE:50:cc/cc:Ks|As/Qh:-100|100:alwayscall|deepstack
STATE:51:cc/cc:As|Ks/Ah:100|-100:deepstack|alwayscall
STATE:52:cc/r300c:Ks|Qh/Ah:300|-300:alwayscall|deepstack
STATE:53:cc/cc:Qh|Kh/As:-100|100:deepstack|alwayscall
STATE:54:cc/cc:Kh|Qs/Ks:100|-100:alwayscall|deepstack
STATE:55:cc/cc:Kh|Qs/Ah:100|-100:deepstack|alwayscall
STATE:56:cc/cc:As|Qh/Kh:100|-100:alwayscall|deepstack
STATE:57:cr300c/cc:Qh|Ah/Ks:-300|300:deepstack|alwayscall
STATE:58:cc/cc:Kh|Qh/Ks:100|-100:alwayscall|deepstack
STATE:59:cr300c/cr1200c:Ks|As/Kh:1200|-1200:deepstack|alwayscall
STATE:60:cc/r300c:Kh|Qs/Ah:300|-300:alwayscall|deepstack
STATE:61:cc/cr300c:Qh|Ks/Kh:-300|300:deepstack|alwayscall
STATE:62:cc/cc:As|Qh/Ks:100|-100:alwayscall|deepstack
STATE:63:cc/cc:Ks|Kh/As:0|0:deepstack|alwayscall
STATE:64:cc/cc:As|Qs/Qh:-100|100:alwayscall|deepstack
STATE:65:cc/cc:Qs|Kh/Ah:-100|100:deepstack|alwayscall
STATE:66:cc/cc:Qh|Kh/As:-100|100:alwayscall|deepstack
STATE:67:cc/cc:Ah|Ks/As:100|-100:deepstack|alwayscall
STATE:68:cc/r300c:Kh|As/Ah:-300|300:alwayscall|deepstack
STATE:69:cc/cc:Qs|Ks/Qh:100|-100:deepstack|alwayscall
STATE:70:cc/cc:Qh|Kh/Ah:-100|100:alwayscall|deepstack
STATE:71:cc/cr300c:Qs|Ks/Kh:-300|300:deepstack|alwayscall
STATE:72:cc/cc:Kh|Ks/Qs:0|0:alwayscall|deepstack
STATE:73:cr300c/cc:Qs|Ah/Ks:-300|300:deepstack|alwayscall
STATE:74:cc/r300c:Ah|Ks/As:300|-300:alwayscall|deepstack
STATE:75:cr300c/cr1200c:Ah|Ks/Kh:-1200|1200:deepstack|alwayscall
STATE:76:cc/cc:Kh|Qs/As:100|-100:alwayscall|deepstack
STATE:77:cr300c/cc:Ah|Ks/Qs:300|-300:deepstack|alwayscall
STATE:78:cc/cc:As|Kh/Qh:100|-100:alwayscall|deepstack
STATE:79:cc/cc:Kh|Qs/Ks:100|-100:deepstack|alwayscall
STATE:80:cc/cc:Qh|Ah/Kh:-100|100:alwayscall|deepstack
STATE:81:cr1200c/:Qs|As/Qh:1200|-1200:deepstack|alwayscall
STATE:82:cc/r300c:Ah|Ks/As:300|-300:alwayscall|deepstack
STATE:83:cc/cr300c:Qh|Ks/Kh:-300|300:deepstack|alwayscall
STATE:84:cc/cc:Ks|As/Kh:100|-100:alwayscall|deepstack
STATE:85:cr300c/cc:Kh|Ks/Qh:0|0:deepstack|alwayscall
STATE:86:cc/cc:Qs|Kh/Ks:-100|100:alwayscall|deepstack
STATE:87:cc/cr300c:Ks|Qh/Qs:-300|300:deepstack|alwayscall
STATE:88:r300c/r900c:Ah|Kh/As:900|-900:alwayscall|deepstack
STATE:89:cr300c/cr1200c:Kh|As/Qs:-1200|1200:deepstack|alwayscall
STATE:90:r300c/cc:Kh|Qs/Ks:300|-300:alwayscall|deepstack
STATE:91:cc/cr300c:Ah|Qh/Kh:300|-300:deepstack|alwayscall
STATE:92:cc/r300c:As|Kh/Ah:300|-300:alwayscall|deepstack
STATE:93:cc/cc:Kh|Qs/As:100|-100:deepstack|alwayscall
STATE:94:r300c/cc:Ks|Ah/Qh:-300|300:alwayscall|deepstack
STATE:95:cc/cc:Ks|Kh/As:0|0:deepstack|alwayscall
STATE:96:cc/cc:Qh|As/Qs:100|-100:alwayscall|deepstack
STATE:97:cr300c/cr900c:As|Ah/Ks:0|0:deepstack|alwayscall
STATE:98:cc/cc:Qs|As/Qh:100|-100:alwayscall|deepstack
STATE:99:cc/cc:Qs|Kh/Qh:100|-100:deepstack|alwayscall
STATE:100:cc/cc:Qs|Kh/As:-100|100:alwayscall|deepstack
STATE:101:cr300c/cr1200c:Kh|As/Qs:-1200|1200:deepstack|alwayscall
STATE:102:cc/cc:Ks|Ah/Kh:100|-100:alwayscall|deepstack
STATE:103:cr300c/cr1200c:Ks|Ah/Qs:-1200|1200:deepstack|alwayscall
STATE:104:cc/cc:Qs|Ah/As:-100|100:alwayscall|deepstack
STATE:105:cr1200c/:Qh|As/Kh:-1200|1200:deepstack|alwayscall
STATE:106:cc/cc:As|Ah/Qs:0|0:alwayscall|deepstack
STATE:107:cr300c/cr1200c:Qs|As/Ah:-1200|1200:deepstack|alwayscall
STATE:108:r1200c/:As|Qh/Qs:-1200|1200:alwayscall|deepstack
STATE:109:cc/cr300c:Qh|Ks/Kh:-300|300:deepstack|alwayscall
STATE:110:r300c/r900c:As|Qs/Ah:900|-900:alwayscall|deepstack
STATE:111:cc/cr1200c:Qs|Ah/As:-1200|1200:deepstack|alwayscall
STATE:112:cc/cc:Qh|Kh/As:-100|100:alwayscall|deepstack
STATE:113:cc/cc:Qh|Qs/Ah:0|0:deepstack|alwayscall
STATE:114:cc/cc:Ah|Qs/Qh:-100|100:alwayscall|deepstack
STATE:115:cr300c/cc:Qs|As/Kh:-300|300:deepstack|alwayscall
STATE:116:r300c/cc:Qs|As/Kh:-300|300:alwayscall|deepstack
STATE:117:cc/cr300c:As|Qh/Qs:-300|300:deepstack|alwayscall
STATE:118:cc/cc:Qh|Kh/Ks:-100|100:alwayscall|deepstack
STATE:119:cr300c/cr900c:Ks|Kh/As:0|0:deepstack|alwayscall
STATE:120:cc/r300c:Ks|Ah/As:-300|300:alwayscall|deepstack
STATE:121:cc/cr300c:Qh|Kh/Ks:-300|300:deepstack|alwayscall
STATE:122:cc/r300c:Ks|Qs/As:300|-300:alwayscall|deepstack
STATE:123:cc/cc:Qs|Qh/As:0|0:deepstack|alwayscall
STATE:124:cc/r300c:Ks|Kh/Ah:0|0:alwayscall|deepstack
STATE:125:cr300c/cc:Ks|As/Qs:-300|300:deepstack|alwayscall
STATE:126:r1200c/:As|Ks/Qs:1200|-1200:alwayscall|deepstack
STATE:127:cc/cc:Qs|Qh/As:0|0:deepstack|alwayscall
STATE:128:cc/cc:Kh|Qs/Ks:100|-100:alwayscall|deepstack
STATE:129:cc/cc:Kh|Ks/Qs:0|0:deepstack|alwayscall
STATE:130:cc/cc:As|Ah/Kh:0|0:alwayscall|deepstack
STATE:131:cc/cc:Ah|As/Ks:0|0:deepstack|alwayscall
STATE:132:cc/cc:Ks|Kh/As:0|0:alwayscall|deepstack
STATE:133:cr300c/cr1200c:Ah|Qh/As:1200|-1200:deepstack|alwayscall
STATE:134:r1200c/:Ah|Kh/Ks:-1200|1200:alwayscall|deepstack
STATE:135:cc/cr300c:As|Qs/Ks:300|-300:deepstack|alwayscall
STATE:136:cc/cc:Qh|Qs/Ah:0|0:alwayscall|deepstack
STATE:137:cc/cc:Qh|Qs/Kh:0|0:deepstack|alwayscall
STATE:138:cc/cc:Qh|Ah/Kh:-100|100:alwayscall|deepstack
STATE:139:cc/cc:Qh|Ah/Ks:-100|100:deepstack|alwayscall
STATE:140:r1200c/:Ah|Qs/Qh:-1200|1200:alwayscall|deepstack
STATE:141:cr300c/cc:Kh|Ks/Qh:0|0:deepstack|alwayscall
STATE:142:cc/cc:As|Kh/Ks:-100|100:alwayscall|deepstack
STATE:143:cr300c/cr1200c:Kh|As/Ah:-1200|1200:deepstack|alwayscall
STATE:144:cc/cc:Qh|Ks/Kh:-100|100:alwayscall|deepstack
STATE:145:cr300c/cc:Qs|As/Qh:300|-300:deepstack|alwayscall
STATE:146:cc/cc:Ks|Kh/Qh:0|0:alwayscall|deepstack
STATE:147:cr1200c/:Kh|Ah/Qs:-1200|1200:deepstack|alwayscall
STATE:148:cc/cc:Ah|Ks/Qs:100|-100:alwayscall|deepstack
STATE:149:cc/cc:Qh|Kh/As:-100|100:deepstack|alwayscall
STATE:150:cc/cc:Ah|Qs/Ks:100|-100:alwayscall|deepstack
STATE:151:cc/cc:Qh|Ks/Ah:-100|100:deepstack|alwayscall
STATE:152:r300c/cc:As|Ah/Qs:0|0:alwayscall|deepstack
STATE:153:cc/cc:Ks|Kh/Qh:0|0:deepstack|alwayscall
STATE:154:cc/cc:As|Qs/Kh:100|-100:alwayscall|deepstack
STATE:155:cr300c/cc:Qh|Ah/Ks:-300|300:deepstack|alwayscall
STATE:156:cc/cc:Qs|Ah/Kh:-100|100:alwayscall|deepstack
STATE:157:cr300c/cc:Ah|As/Qh:0|0:deepstack|alwayscall
STATE:158:cc/cc:Ks|Qs/Qh:-100|100:alwayscall|deepstack
STATE:159:cr300c/cr1200c:Qh|Ah/As:-1200|1200:deepstack|alwayscall
STATE:160:cc/cc:Qh|Qs/Kh:0|0:alwayscall|deepstack
STATE:161:cr300c/cc:As|Ah/Qs:0|0:deepstack|alwayscall
STATE:162:cc/r300c:Ks|Qh/Ah:300|-300:alwayscall|deepstack
STATE:163:cr300c/cc:As|Ah/Ks:0|0:deepstack|alwayscall
STATE:164:cc/cc:Ks|Ah/As:-100|100:alwayscall|deepstack
STATE:165:cc/cc:Ah|Kh/Qs:100|-100:deepstack|alwayscall
STATE:166:cc/r300c:Ks|As/Ah:-300|300:alwayscall|deepstack
STATE:167:cr300c/cc:As|Qs/Kh:300|-300:deepstack|alwayscall
STATE:168:cc/cc:Qh|As/Qs:100|-100:alwayscall|deepstack
STATE:169:cr300c/cc:Qh|Kh/Ah:-300|300:deepstack|alwayscall
STATE:170:cc/cc:Kh|Qh/Qs:-100|100:alwayscall|deepstack
STATE:171:cc/cc:As|Qs/Kh:100|-100:deepstack|alwayscall
STATE:172:cc/cc:Ks|As/Qh:-100|100:alwayscall|deepstack
STATE:173:cr300c/cc:Qh|Ah/Kh:-300|300:deepstack|alwayscall
STATE:174:cc/cc:Ks|Qs/Qh:-100|100:alwayscall|deepstack
STATE:175:cc/cr300c:Ah|Qs/Kh:300|-300:deepstack|alwayscall
STATE:176:cc/cc:Ah|Qs/Qh:-100|100:alwayscall|deepstack
STATE:177:cr300c/cc:Ks|Qs/Kh:300|-300:deepstack|alwayscall
STATE:178:r1200c/:As|Ah/Kh:0|0:alwayscall|deepstack
STATE:179:cr300c/cr1200c:As|Ah/Kh:0|0:deepstack|alwayscall
STATE:180:r1200c/:Ah|As/Kh:0|0:alwayscall|deepstack
STATE:181:cr300c/cc:Ks|Ah/Qs:-300|300:deepstack|alwayscall
STATE:182:cc/cc:Ks|Kh/As:0|0:alwayscall|deepstack
STATE:183:cr300c/cr1200c:Ks|Qh/Kh:1200|-1200:deepstack|alwayscall
STATE:184:cc/cc:Qs|Kh/Qh:100|-100:alwayscall|deepstack
STATE:185:cc/cc:As|Qs/Ks:100|-100:deepstack|alwayscall
STATE:186:cc/cc:Qs|Ks/Kh:-100|100:alwayscall|deepstack
STATE:187:cr300c/cc:Qs|Ah/Qh:300|-300:deepstack|alwayscall
STATE:188:cc/cc:Qs|Kh/As:-100|100:alwayscall|deepstack
STATE:189:cr300c/cr1200c:Kh|Ah/As:-1200|1200:deepstack|alwayscall
STATE:190:cc/cc:Qh|Ah/Ks:-100|100:alwayscall|deepstack
STATE:191:cr300c/cr900c:Ks|As/Qh:-900|900:deepstack|alwayscall
STATE:192:cc/r300c:Ks|Kh/As:0|0:alwayscall|deepstack
STATE:193:cr300c/cc:Qs|As/Kh:-300|300:deepstack|alwayscall
STATE:194:r300c/cc:Qs|Kh/Ks:-300|300:alwayscall|deepstack
STATE:195:cc/cc:Ah|Ks/As:100|-100:deepstack|alwayscall
STATE:196:cc/cc:As|Ks/Qh:100|-100:alwayscall|deepstack
STATE:197:cr300c/cc:Qs|As/Kh:-300|300:deepstack|alwayscall
STATE:198:cc/cc:Kh|Ah/Qh:-100|100:alwayscall|deepstack
STATE:199:cc/cc:As|Qs/Ks:100|-100:deepstack|alwayscall
STATE:200:cc/cc:Ks|Qh/Qs:-100|100:alwayscall|deepstack
STATE:201:cc/cc:As|Kh/Qs:100|-100:deepstack|alwayscall
STATE:202:cc/cc:Qh|Kh/As:-100|100:alwayscall|deepstack
STATE:203:cc/cr300c:Qs|Qh/Ks:0|0:deepstack|alwayscall
STATE:204:cc/cc:Ks|Qs/Kh:100|-100:alwayscall|deepstack
STATE:205:cr300c/cc:Qs|Ah/Ks:-300|300:deepstack|alwayscall
STATE:206:r1200c/:Ah|As/Kh:0|0:alwayscall|deepstack
STATE:207:cc/cr1200c:Ks|Kh/Ah:0|0:deepstack|alwayscall
STATE:208:cc/r300c:Kh|Ks/Ah:0|0:alwayscall|deepstack
STATE:209:cr300c/cc:Ah|As/Qs:0|0:deepstack|alwayscall
STATE:210:cc/cc:Qh|Kh/Ah:-100|100:alwayscall|deepstack
STATE:211:cc/cc:Kh|Ks/Ah:0|0:deepstack|alwayscall
STATE:212:cc/cc:Qs|Kh/Ks:-100|100:alwayscall|deepstack
STATE:213:cr300c/cc:Qs|As/Ks:-300|300:deepstack|alwayscall
STATE:214:cc/cc:Qs|Qh/Ks:0|0:alwayscall|deepstack
STATE:215:cr300c/cr900c:Qs|Ah/As:-900|900:deepstack|alwayscall
STATE:216:cc/cc:Ks|As/Kh:100|-100:alwayscall|deepstack
STATE:217:cc/cc:As|Qs/Ah:100|-100:deepstack|alwayscall
STATE:218:cc/cc:Qh|Ks/Ah:-100|100:alwayscall|deepstack
STATE:219:cr300c/cr1200c:Qs|Ks/Kh:-1200|1200:deepstack|alwayscall
STATE:220:cc/cc:Qh|As/Ks:-100|100:alwayscall|deepstack
STATE:221:cr300c/cc:Kh|Ks/Qh:0|0:deepstack|alwayscall
STATE:222:cc/cc:Ks|As/Qs:-100|100:alwayscall|deepstack
STATE:223:cr300c/cc:Qs|Ah/Kh:-300|300:deepstack|alwayscall
STATE:224:cc/cc:Kh|Qs/Qh:-100|100:alwayscall|deepstack
STATE:225:cc/cc:Ks|Qs/Kh:100|-100:deepstack|alwayscall
STATE:226:cc/cc:Kh|As/Ks:100|-100:alwayscall|deepstack
STATE:227:cr300c/cr1200c:Qh|Ks/Kh:-1200|1200:deepstack|alwayscall
STATE:228:cc/r300c:Ks|Kh/As:0|0:alwayscall|deepstack
STATE:229:cr300c/cr1200c:Ah|Qs/As:1200|-1200:deepstack|alwayscall
STATE:230:cc/cc:Ks|Qh/Ah:100|-100:alwayscall|deepstack
STATE:231:cr300c/cr1200c:Ks|Kh/As:0|0:deepstack|alwayscall
STATE:232:cc/cc:Qs|Kh/Qh:100|-100:alwayscall|deepstack
STATE:233:cc/cr1200c:Qh|Qs/Ah:0|0:deepstack|alwayscall
STATE:234:cc/cc:Qs|Kh/Ks:-100|100:alwayscall|deepstack
STATE:235:cc/cc:Kh|As/Qh:-100|100:deepstack|alwayscall
STATE:236:cc/cc:Ks|Ah/Qs:-100|100:alwayscall|deepstack
STATE:237:cc/cc:Ks|Qh/As:100|-100:deepstack|alwayscall
STATE:238:cc/cc:Qh|As/Ah:-100|100:alwayscall|deepstack
STATE:239:cc/cr300c:Ks|Qh/Kh:300|-300:deepstack|alwayscall
STATE:240:r1200c/:Ah|Ks/Qs:1200|-1200:alwayscall|deepstack
STATE:241:cc/cr300c:Kh|Qs/Qh:-300|300:deepstack|alwayscall
STATE:242:cc/cc:Qh|Qs/Ah:0|0:alwayscall|deepstack
STATE:243:cr300c/cc:As|Kh/Ah:300|-300:deepstack|alwayscall
STATE:244:r300c/cc:Qh|Qs/Ah:0|0:alwayscall|deepstack
STATE:245:cc/cc:Ah|Ks/Qs:100|-100:deepstack|alwayscall
STATE:246:cc/r300c:As|Qs/Ah:300|-300:alwayscall|deepstack
STATE:247:cc/cr300c:Ks|Qs/Qh:-300|300:deepstack|alwayscall
STATE:248:cc/cc:As|Qs/Ks:100|-100:alwayscall|deepstack
STATE:249:cc/cc:Kh|Qs/Ah:100|-100:deepstack|alwayscall
STATE:250:cc/cc:Qs|As/Ks:-100|100:alwayscall|deepstack
STATE:251:cr300c/cc:Ks|Ah/Qs:-300|300:deepstack|alwayscall
STATE:252:cc/cc:As|Qh/Kh:100|-100:alwayscall|deepstack
STATE:253:cc/cr300c:Qh|Kh/Qs:300|-300:deepstack|alwayscall
STATE:254:cc/cc:As|Ah/Kh:0|0:alwayscall|deepstack
STATE:255:cc/cr300c:As|Ks/Qs:300|-300:deepstack|alwayscall
STATE:256:cc/cc:Kh|Qh/Qs:-100|100:alwayscall|deepstack
STATE:257:cc/cc:Ah|Kh/As:100|-100:deepstack|alwayscall
STATE:258:cc/cc:Ks|As/Qh:-100|100:alwayscall|deepstack
STATE:259:cr300c/cr1200c:As|Qs/Ks:1200|-1200:deepstack|alwayscall
STATE:260:cc/cc:Qs|Qh/As:0|0:alwayscall|deepstack
STATE:261:cc/cc:As|Qh/Ah:100|-100:deepstack|alwayscall
STATE:262:cc/cc:Ah|As/Ks:0|0:alwayscall|deepstack
STATE:263:cc/cr300c:Kh|Qs/Qh:-300|300:deepstack|alwayscall
STATE:264:cc/cc:Ks|Qs/Kh:100|-100:alwayscall|deepstack
STATE:265:cc/cc:Ah|Qs/As:100|-100:deepstack|alwayscall
STATE:266:cc/cc:Kh|As/Qh:-100|100:alwayscall|deepstack
STATE:267:cc/cc:As|Kh/Ah:100|-100:deepstack|alwayscall
STATE:268:cc/cc:Qs|Ks/Qh:100|-100:alwayscall|deepstack
STATE:269:cr300c/cr900c:Ks|Qs/Kh:900|-900:deepstack|alwayscall
STATE:270:r1200c/:As|Qh/Ah:1200|-1200:alwayscall|deepstack
STATE:271:cr300c/cr1200c:Qs|Kh/As:-1200|1200:deepstack|alwayscall
STATE:272:r1200c/:Ah|Qs/As:1200|-1200:alwayscall|deepstack
STATE:273:cc/cc:Qs|Kh/Ah:-100|100:deepstack|alwayscall
STATE:274:r300c/cc:Kh|As/Qs:-300|300:alwayscall|deepstack
STATE:275:cr300c/cr900c:As|Qs/Kh:900|-900:deepstack|alwayscall
STATE:276:cc/cc:Ks|As/Kh:100|-100:alwayscall|deepstack
STATE:277:cr1200c/:Qh|As/Qs:1200|-1200:deepstack|alwayscall
STATE:278:cc/cc:Qh|Kh/As:-100|100:alwayscall|deepstack
STATE:279:cc/cr300c:As|Kh/Ks:-300|300:deepstack|alwayscall
STATE:280:cc/cc:Ah|Qh/Kh:100|-100:alwayscall|deepstack
STATE:281:cr300c/cc:Kh|Ah/Ks:300|-300:deepstack|alwayscall
STATE:282:cc/cc:Ks|Qh/Qs:-100|100:alwayscall|deepstack
STATE:283:cc/cr1200c:Qh|As/Ah:-1200|1200:deepstack|alwayscall
STATE:284:cc/cc:Ah|Ks/Qs:100|-100:alwayscall|deepstack
STATE:285:cc/cr300c:Qh|Ks/Kh:-300|300:deepstack|alwayscall
STATE:286:cc/cc:Kh|Qh/As:100|-100:alwayscall|deepstack
STATE:287:cr300c/cc:Qs|Ah/Qh:300|-300:deepstack|alwayscall
STATE:288:cc/r300c:Ks|Qs/Ah:300|-300:alwayscall|deepstack
STATE:289:cr300c/cc:Ks|As/Qh:-300|300:deepstack|alwayscall
STATE:290:cc/cc:Ks|Kh/Qs:0|0:alwayscall|deepstack
STATE:291:cc/cc:Qh|Qs/Ks:0|0:deepstack|alwayscall
STATE:292:cc/cc:Qs|As/Ks:-100|100:alwayscall|deepstack
STATE:293:cc/cr300c:Qs|Ks/Kh:-300|300:deepstack|alwayscall
STATE:294:cc/cc:Ks|Kh/Ah:0|0:alwayscall|deepstack
STATE:295:cc/cc:Ah|Qh/As:100|-100:deepstack|alwayscall
STATE:296:cc/cc:Qs|Kh/Ks:-100|100:alwayscall|deepstack
STATE:297:cr300c/cc:Qs|Kh/Ah:-300|300:deepstack|alwayscall
STATE:298:cc/cc:Kh|Qs/Qh:-100|100:alwayscall|deepstack
STATE:299:cr1200c/:Qh|As/Ks:-1200|1200:deepstack|alwayscall
STATE:300:cc/r1200c:Qs|Qh/Ah:0|0:alwayscall|deepstack
STATE:301:cr300c/cr1200c:Qs|As/Ah:-1200|1200:deepstack|alwayscall
STATE:302:cc/cc:Qs|Ah/As:-100|100:alwayscall|deepstack
STATE:303:cr300c/cc:Qh|As/Ks:-300|300:deepstack|alwayscall
STATE:304:cc/cc:Ks|Ah/Qh:-100|100:alwayscall|deepstack
STATE:305:cr300c/cr1200c:Ah|Kh/Ks:-1200|1200:deepstack|alwayscall
STATE:306:cc/cc:Ks|Ah/Qh:-100|100:alwayscall|deepstack
STATE:307:cc/cr300c:Ah|Ks/Kh:-300|300:deepstack|alwayscall
STATE:308:cc/cc:Ah|Qh/Kh:100|-100:alwayscall|deepstack
STATE:309:cr300c/cr1200c:Qh|As/Ah:-1200|1200:deepstack|alwayscall
STATE:310:cc/cc:Kh|As/Qh:-100|100:alwayscall|deepstack
STATE:311:cc/cc:Ah|Kh/Qh:100|-100:deepstack|alwayscall
STATE:312:cc/cc:Kh|Ah/Qh:-100|100:alwayscall|deepstack
STATE:313:cc/cc:Ks|Qh/Kh:100|-100:deepstack|alwayscall
STATE:314:cc/cc:Qh|Ks/Qs:100|-100:alwayscall|deepstack
STATE:315:cc/cc:Qs|Ks/Ah:-100|100:deepstack|alwayscall
STATE:316:r300c/cc:Qh|Ks/As:-300|300:alwayscall|deepstack
STATE:317:cr300c/cc:Qh|As/Ks:-300|300:deepstack|alwayscall
STATE:318:cc/cc:Qs|Qh/Ah:0|0:alwayscall|deepstack
STATE:319:cc/cc:As|Qs/Ks:100|-100:deepstack|alwayscall
STATE:320:cc/cc:As|Qs/Qh:-100|100:alwayscall|deepstack
STATE:321:cr300c/cc:Ah|Ks/As:300|-300:deepstack|alwayscall
STATE:322:r1200c/:Ah|Kh/As:1200|-1200:alwayscall|deepstack
STATE:323:cc/cr300c:Ks|Qs/Qh:-300|300:deepstack|alwayscall
STATE:324:cc/cc:As|Qs/Ks:100|-100:alwayscall|deepstack
STATE:325:cc/cc:As|Qh/Ks:100|-100:deepstack|alwayscall
STATE:326:cc/cc:Qs|As/Qh:100|-100:alwayscall|deepstack
STATE:327:cc/cc:Kh|As/Qs:-100|100:deepstack|alwayscall
STATE:328:cc/cc:Ks|Qs/Qh:-100|100:alwayscall|deepstack
STATE:329:cr300c/cr1200c:Qh|As/Kh:-1200|1200:deepstack|alwayscall
STATE:330:cc/cc:Ks|Kh/As:0|0:alwayscall|deepstack
STATE:331:cr300c/cr1200c:Ah|Ks/As:1200|-1200:deepstack|alwayscall
STATE:332:cc/cc:Kh|Ah/Ks:100|-100:alwayscall|deepstack
STATE:333:cc/cc:Qs|Kh/Ah:-100|100:deepstack|alwayscall
STATE:334:cc/cc:Kh|As/Ks:100|-100:alwayscall|deepstack
STATE:335:cr300c/cc:Ks|Ah/Qh:-300|300:deepstack|alwayscall
STATE:336:cc/cc:Ks|Kh/Qs:0|0:alwayscall|deepstack
STATE:337:cc/cr300c:Qs|Qh/Ks:0|0:deepstack|alwayscall
STATE:338:cc/cc:Qh|As/Kh:-100|100:alwayscall|deepstack
STATE:339:cc/cc:Qs|Kh/As:-100|100:deepstack|alwayscall
STATE:340:cc/cc:Qs|Kh/Qh:100|-100:alwayscall|deepstack
STATE:341:cr300c/cr1200c:Qh|Ks/Kh:-1200|1200:deepstack|alwayscall
STATE:342:cc/cc:Qh|Ah/As:-100|100:alwayscall|deepstack
STATE:343:cr300c/cc:Ks|As/Qs:-300|300:deepstack|alwayscall
STATE:344:cc/r300c:As|Ks/Ah:300|-300:alwayscall|deepstack
STATE:345:cc/cr300c:Kh|Qh/Ks:300|-300:deepstack|alwayscall
STATE:346:cc/cc:Qh|Kh/Ks:-100|100:alwayscall|deepstack
STATE:347:cc/cc:Ks|Kh/Ah:0|0:deepstack|alwayscall
STATE:348:cc/r300c:Ks|Qs/As:300|-300:alwayscall|deepstack
STATE:349:cc/cr300c:As|Qs/Ks:300|-300:deepstack|alwayscall
STATE:350:r1200c/:Ah|Qs/Ks:1200|-1200:alwayscall|deepstack
STATE:351:cc/cc:Qs|Qh/Ah:0|0:deepstack|alwayscall
STATE:352:cc/cc:Ks|As/Qs:-100|100:alwayscall|deepstack
STATE:353:cr1200c/:Qh|Ah/As:-1200|1200:deepstack|alwayscall
STATE:354:cc/cc:Kh|Ah/Qh:-100|100:alwayscall|deepstack
STATE:355:cc/cr300c:Qs|Qh/Ks:0|0:deepstack|alwayscall
STATE:356:cc/cc:As|Qh/Ks:100|-100:alwayscall|deepstack
STATE:357:cc/cc:As|Ks/Qs:100|-100:deepstack|alwayscall
STATE:358:cc/cc:Qs|As/Kh:-100|100:alwayscall|deepstack
STATE:359:cc/cc:Ah|Kh/As:100|-100:deepstack|alwayscall
STATE:360:cc/cc:Ah|As/Qh:0|0:alwayscall|deepstack
STATE:361:cc/cc:Kh|Qh/Ks:100|-100:deepstack|alwayscall
STATE:362:r1200c/:As|Qh/Ah:1200|-1200:alwayscall|deepstack
STATE:363:cc/cr300c:As|Ks/Qh:300|-300:deepstack|alwayscall
STATE:364:cc/cc:Kh|Qs/Ks:100|-100:alwayscall|deepstack
STATE:365:cc/cc:Kh|Ks/Ah:0|0:deepstack|alwayscall
STATE:366:cc/cc:Qh|As/Ks:-100|100:alwayscall|deepstack
STATE:367:cc/cc:Kh|Qs/As:100|-100:deepstack|alwayscall
STATE:368:cc/cc:As|Qh/Kh:100|-100:alwayscall|deepstack
STATE:369:cr300c/cr1200c:Qs|Ks/As:-1200|1200:deepstack|alwayscall
STATE:370:cc/r300c:Ah|Ks/As:300|-300:alwayscall|deepstack
STATE:371:cc/cc:As|Ks/Qs:100|-100:deepstack|alwayscall
STATE:372:r1200c/:Ah|Qs/As:1200|-1200:alwayscall|deepstack
STATE:373:cc/cc:Qh|Ks/As:-100|100:deepstack|alwayscall
STATE:374:cc/cc:Kh|Ah/As:-100|100:alwayscall|deepstack
STATE:375:cc/cc:As|Qs/Ks:100|-100:deepstack|alwayscall
STATE:376:r1200c/:As|Ks/Qs:1200|-1200:alwayscall|deepstack
STATE:377:cc/cr300c:Kh|Ks/Qs:0|0:deepstack|alwayscall
STATE:378:cc/cc:Kh|Qs/Ks:100|-100:alwayscall|deepstack
STATE:379:cc/cc:As|Ks/Ah:100|-100:deepstack|alwayscall
STATE:380:cc/cc:Ks|As/Qh:-100|100:alwayscall|deepstack
STATE:381:cr300c/cc:Qh|As/Kh:-300|300:deepstack|alwayscall
STATE:382:cc/cc:As|Qh/Kh:100|-100:alwayscall|deepstack
STATE:383:cr300c/cc:Qs|Ah/Kh:-300|300:deepstack|alwayscall
STATE:384:cc/cc:Ks|Qh/Kh:100|-100:alwayscall|deepstack
STATE:385:cc/cc:Qh|Qs/Ah:0|0:deepstack|alwayscall
STATE:386:cc/cc:As|Ah/Ks:0|0:alwayscall|deepstack
STATE:387:cc/cc:Ks|Qh/As:100|-100:deepstack|alwayscall
STATE:388:cc/cc:Qs|As/Ks:-100|100:alwayscall|deepstack
STATE:389:cc/cc:Ah|Kh/As:100|-100:deepstack|alwayscall
STATE:390:cc/cc:Ks|As/Qh:-100|100:alwayscall|deepstack
STATE:391:cr300c/cr900c:Qs|Qh/As:0|0:deepstack|alwayscall
STATE:392:cc/cc:Qh|As/Ah:-100|100:alwayscall|deepstack
STATE:393:cc/cr300c:As|Qh/Qs:-300|300:deepstack|alwayscall
STATE:394:cc/cc:Ks|Ah/Qh:-100|100:alwayscall|deepstack
STATE:395:cc/cc:Qh|Kh/Ah:-100|100:deepstack|alwayscall
STATE:396:cc/cc:Ks|As/Kh:100|-100:alwayscall|deepstack
STATE:397:cc/cr300c:Qs|Kh/Ks:-300|300:deepstack|alwayscall
STATE:398:cc/cc:Ah|Kh/Qh:100|-100:alwayscall|deepstack
STATE:399:cr300c/cr1200c:Qh|As/Ks:-1200|1200:deepstack|alwayscall
STATE:400:cc/cc:Ks|Qs/Ah:100|-100:alwayscall|deepstack
STATE:401:cc/cc:Ks|Kh/Ah:0|0:deepstack|alwayscall
STATE:402:cc/r300c:As|Qh/Ah:300|-300:alwayscall|deepstack
STATE:403:cc/cr300c:Kh|Qh/Ks:300|-300:deepstack|alwayscall
STATE:404:cc/cc:Ks|Qs/Kh:100|-100:alwayscall|deepstack
STATE:405:cr300c/cr900c:Qh|Ah/As:-900|900:deepstack|alwayscall
STATE:406:cc/cc:Ks|As/Qh:-100|100:alwayscall|deepstack
STATE:407:cr300c/cc:As|Ah/Kh:0|0:deepstack|alwayscall
STATE:408:cc/cc:Qs|Qh/Ah:0|0:alwayscall|deepstack
STATE:409:cc/cc:Qs|Kh/Qh:100|-100:deepstack|alwayscall
STATE:410:cc/cc:Ks|Ah/As:-100|100:alwayscall|deepstack
STATE:411:cr300c/cr900c:Qs|Ah/Qh:900|-900:deepstack|alwayscall
STATE:412:cc/cc:Qs|Ks/Ah:-100|100:alwayscall|deepstack
STATE:413:cr300c/cc:Qs|Ah/Kh:-300|300:deepstack|alwayscall
STATE:414:cc/cc:Kh|Qh/Ah:100|-100:alwayscall|deepstack
STATE:415:cc/cr300c:As|Ks/Kh:-300|300:deepstack|alwayscall
STATE:416:cc/cc:Qs|Ks/Kh:-100|100:alwayscall|deepstack
STATE:417:cr300c/cr1200c:Qs|Ah/As:-1200|1200:deepstack|alwayscall
STATE:418:r1200c/:As|Ks/Kh:-1200|1200:alwayscall|deepstack
STATE:419:cc/cc:Qh|Ks/As:-100|100:deepstack|alwayscall
STATE:420:cc/r300c:As|Qs/Ah:300|-300:alwayscall|deepstack
STATE:421:cc/cc:Kh|Qh/Ks:100|-100:deepstack|alwayscall
STATE:422:cc/cc:Kh|As/Qs:-100|100:alwayscall|deepstack
STATE:423:cc/cc:Ks|Qs/As:100|-100:deepstack|alwayscall
STATE:424:cc/cc:Ah|Qs/Ks:100|-100:alwayscall|deepstack
STATE:425:cr300c/cc:Ks|As/Qh:-300|300:deepstack|alwayscall
STATE:426:r300c/cc:Kh|As/Ah:-300|300:alwayscall|deepstack
STATE:427:cc/cc:Ah|Qs/As:100|-100:deepstack|alwayscall
STATE:428:cc/cc:Qh|Qs/Ks:0|0:alwayscall|deepstack
STATE:429:cr300c/cr1200c:Qs|Ah/As:-1200|1200:deepstack|alwayscall
STATE:430:r300c/cc:As|Qs/Kh:300|-300:alwayscall|deepstack
STATE:431:cc/cc:Qh|Ks/Qs:100|-100:deepstack|alwayscall
STATE:432:cc/r300c:Ks|Ah/As:-300|300:alwayscall|deepstack
STATE:433:cc/cc:As|Ah/Qh:0|0:deepstack|alwayscall
STATE:434:cc/cc:Qh|As/Qs:100|-100:alwayscall|deepstack
STATE:435:cc/cc:Qh|Qs/As:0|0:deepstack|alwayscall
STATE:436:cc/cc:Qs|Ks/Kh:-100|100:alwayscall|deepstack
STATE:437:cc/cc:Ah|Qs/Ks:100|-100:deepstack|alwayscall
STATE:438:cc/cc:Qh|Kh/As:-100|100:alwayscall|deepstack
STATE:439:cr300c/cr1200c:Kh|Ks/Qh:0|0:deepstack|alwayscall
STATE:440:r1200c/:Ah|Qh/Kh:1200|-1200:alwayscall|deepstack
STATE:441:cc/cr300c:Kh|Qs/Qh:-300|300:deepstack|alwayscall
STATE:442:cc/cc:Ks|Qh/Kh:100|-100:alwayscall|deepstack
STATE:443:cr300c/cc:Ah|As/Ks:0|0:deepstack|alwayscall
STATE:444:r1200c/:As|Ah/Ks:0|0:alwayscall|deepstack
STATE:445:cr300c/cr1200c:Qh|As/Ks:-1200|1200:deepstack|alwayscall
STATE:446:r1200c/:Ah|Qs/Ks:1200|-1200:alwayscall|deepstack
STATE:447:cc/cc:Kh|Qs/As:100|-100:deepstack|alwayscall
STATE:448:cc/cc:Qh|Kh/Qs:100|-100:alwayscall|deepstack
STATE:449:cc/cr300c:Ks|Qs/Kh:300|-300:deepstack|alwayscall
STATE:450:cc/r300c:Ks|Qs/Ah:300|-300:alwayscall|deepstack
STATE:451:cr300c/cr1200c:Qh|Ks/Kh:-1200|1200:deepstack|alwayscall
STATE:452:cc/cc:Ks|Ah/Qh:-100|100:alwayscall|deepstack
STATE:453:cc/cr300c:Ah|Qh/Kh:300|-300:deepstack|alwayscall
STATE:454:r300c/r900c:Ah|Kh/As:900|-900:alwayscall|deepstack
STATE:455:cc/cc:Qs|Ah/Ks:-100|100:deepstack|alwayscall
STATE:456:cc/cc:Ks|Qs/Qh:-100|100:alwayscall|deepstack
STATE:457:cc/cc:Ah|Kh/Qs:100|-100:deepstack|alwayscall
STATE:458:r1200c/:Ah|As/Qh:0|0:alwayscall|deepstack
STATE:459:cc/cc:Kh|Qs/Ah:100|-100:deepstack|alwayscall
STATE:460:r1200c/:As|Ks/Qs:1200|-1200:alwayscall|deepstack
STATE:461:cc/cc:Ah|Ks/As:100|-100:deepstack|alwayscall
STATE:462:r1200c/:Ah|Ks/Qs:1200|-1200:alwayscall|deepstack
STATE:463:cc/cc:As|Kh/Qh:100|-100:deepstack|alwayscall
STATE:464:cc/cc:Ks|Qh/Qs:-100|100:alwayscall|deepstack
STATE:465:cr300c/cc:Kh|Ah/Qs:-300|300:deepstack|alwayscall
STATE:466:r1200c/:Ah|Ks/As:1200|-1200:alwayscall|deepstack
STATE:467:cc/cc:Kh|Qs/Ks:100|-100:deepstack|alwayscall
STATE:468:cc/r300c:Ks|Qs/As:300|-300:alwayscall|deepstack
STATE:469:cc/cc:Qh|Ks/Ah:-100|100:deepstack|alwayscall
STATE:470:cc/cc:Qh|Kh/Ks:-100|100:alwayscall|deepstack
STATE:471:cr300c/cr1200c:Ah|Qh/Kh:1200|-1200:deepstack|alwayscall
STATE:472:cc/cc:Qh|Qs/Kh:0|0:alwayscall|deepstack
STATE:473:cr300c/cr900c:Qs|As/Qh:900|-900:deepstack|alwayscall
STATE:474:cc/r300c:As|Qh/Ah:300|-300:alwayscall|deepstack
STATE:475:cr300c/cc:Ks|As/Qs:-300|300:deepstack|alwayscall
STATE:476:cc/cc:Ks|Kh/Qs:0|0:alwayscall|deepstack
STATE:477:cc/cr1200c:Kh|As/Ah:-1200|1200:deepstack|alwayscall
STATE:478:cc/cc:Qh|Ah/As:-100|100:alwayscall|deepstack
STATE:479:cc/cc:As|Ks/Qh:100|-100:deepstack|alwayscall
STATE:480:cc/cc:Qh|Qs/As:0|0:alwayscall|deepstack
STATE:481:cr300c/cc:Ah|As/Qh:0|0:deepstack|alwayscall
STATE:482:r300c/cc:Kh|Ks/As:0|0:alwayscall|deepstack
STATE:483:cc/cc:Qh|Qs/Kh:0|0:deepstack|alwayscall
STATE:484:cc/cc:Ks|Qh/Ah:100|-100:alwayscall|deepstack
STATE:485:cc/cc:Qh|As/Kh:-100|100:deepstack|alwayscall
STATE:486:cc/cc:Qs|Ah/Kh:-100|100:alwayscall|deepstack
STATE:487:cr300c/cc:As|Ah/Qh:0|0:deepstack|alwayscall
STATE:488:cc/cc:Ks|Qh/Kh:100|-100:alwayscall|deepstack
STATE:489:cc/cc:Ah|Kh/Qs:100|-100:deepstack|alwayscall
STATE:490:cc/cc:Ks|Qs/Kh:100|-100:alwayscall|deepstack
STATE:491:cc/cr300c:Ah|Qh/Kh:300|-300:deepstack|alwayscall
STATE:492:cc/cc:Kh|Qs/Ah:100|-100:alwayscall|deepstack
STATE:493:cc/cr300c:Kh|Qh/Ks:300|-300:deepstack|alwayscall
STATE:494:cc/r300c:Ks|Kh/As:0|0:alwayscall|deepstack
STATE:495:cr300c/cc:Kh|Ks/As:0|0:deepstack|alwayscall
STATE:496:cc/cc:Qh|As/Kh:-100|100:alwayscall|deepstack
STATE:497:cc/cc:As|Kh/Qs:100|-100:deepstack|alwayscall
STATE:498:cc/cc:Ah|Qh/Qs:-100|100:alwayscall|deepstack
STATE:499:cc/cc:Ah|Kh/Qs:100|-100:deepstack|alwayscall
STATE:500:cc/r300c:As|Qh/Ah:300|-300:alwayscall|deepstack
STATE:501:cc/cr300c:Ks|Kh/Qs:0|0:deepstack|alwayscall
STATE:502:r300c/cc:Ah|As/Qs:0|0:alwayscall|deepstack
STATE:503:cr300c/cr1200c:Kh|Ah/Ks:1200|-1200:deepstack|alwayscall
STATE:504:cc/cc:As|Qh/Ks:100|-100:alwayscall|deepstack
STATE:505:cr300c/cr1200c:Ks|Kh/Qs:0|0:deepstack|alwayscall
STATE:506:cc/cc:Kh|As/Ks:100|-100:alwayscall|deepstack
STATE:507:cc/cr1200c:Qh|As/Ah:-1200|1200:deepstack|alwayscall
STATE:508:cc/cc:Qs|Qh/Kh:0|0:alwayscall|deepstack
STATE:509:cr300c/cr900c:Qs|Ks/Qh:900|-900:deepstack|alwayscall
STATE:510:r1200c/:As|Kh/Ah:1200|-1200:alwayscall|deepstack
STATE:511:cc/cr300c:Qs|Ks/Kh:-300|300:deepstack|alwayscall
STATE:512:cc/r300c:Kh|Ks/Ah:0|0:alwayscall|deepstack
STATE:513:cr1200c/:Ks|Ah/Qs:-1200|1200:deepstack|alwayscall
STATE:514:cc/cc:Qs|As/Qh:100|-100:alwayscall|deepstack
STATE:515:cc/cc:Ah|Kh/As:100|-100:deepstack|alwayscall
STATE:516:cc/cc:Kh|Ks/Qh:0|0:alwayscall|deepstack
STATE:517:cc/cc:Qs|Ks/Qh:100|-100:deepstack|alwayscall
STATE:518:cc/cc:Qh|Kh/Qs:100|-100:alwayscall|deepstack
STATE:519:cc/cc:As|Qs/Ah:100|-100:deepstack|alwayscall
STATE:520:cc/r300c:Kh|As/Ks:300|-300:alwayscall|deepstack
STATE:521:cc/cr300c:As|Kh/Ks:-300|300:deepstack|alwayscall
STATE:522:cc/cc:Qh|Ks/Kh:-100|100:alwayscall|deepstack
STATE:523:cr1200c/:Qs|As/Kh:-1200|1200:deepstack|alwayscall
STATE:524:cc/cc:Ks|Qs/Qh:-100|100:alwayscall|deepstack
STATE:525:cr300c/cr900c:As|Qs/Kh:900|-900:deepstack|alwayscall
STATE:526:cc/cc:Qh|As/Qs:100|-100:alwayscall|deepstack
STATE:527:cr300c/cr1200c:Kh|Qs/Ah:1200|-1200:deepstack|alwayscall
STATE:528:r300c/cc:Kh|Qh/Qs:-300|300:alwayscall|deepstack
STATE:529:cr300c/cr1200c:Qs|Kh/Ks:-1200|1200:deepstack|alwayscall
STATE:530:cc/cc:Qs|Kh/As:-100|100:alwayscall|deepstack
STATE:531:cr300c/cc:Kh|Ah/Ks:300|-300:deepstack|alwayscall
STATE:532:cc/cc:Qh|As/Ks:-100|100:alwayscall|deepstack
STATE:533:cc/cc:Ks|Qh/Ah:100|-100:deepstack|alwayscall
STATE:534:cc/r300c:Ks|As/Kh:300|-300:alwayscall|deepstack
STATE:535:cc/cr300c:As|Kh/Ks:-300|300:deepstack|alwayscall
STATE:536:cc/cc:Qh|Ks/Qs:100|-100:alwayscall|deepstack
STATE:537:cc/cr300c:Qh|Ks/Kh:-300|300:deepstack|alwayscall
STATE:538:cc/cc:Qh|As/Ah:-100|100:alwayscall|deepstack
STATE:539:cc/cc:Qs|Ks/Qh:100|-100:deepstack|alwayscall
STATE:540:cc/r300c:Kh|Qs/As:300|-300:alwayscall|deepstack
STATE:541:cr300c/cr900c:Qs|Ah/As:-900|900:deepstack|alwayscall
STATE:542:cc/cc:Ah|Kh/Qs:100|-100:alwayscall|deepstack
STATE:543:cc/cc:Qh|Ks/Ah:-100|100:deepstack|alwayscall
STATE:544:cc/cc:Qs|As/Kh:-100|100:alwayscall|deepstack
STATE:545:cr300c/cc:Qs|Ah/Kh:-300|300:deepstack|alwayscall
STATE:546:r1200c/:Ah|As/Qs:0|0:alwayscall|deepstack
STATE:547:cc/cr300c:Ah|Kh/Ks:-300|300:deepstack|alwayscall
STATE:548:cc/r300c:Kh|Qh/Ah:300|-300:alwayscall|deepstack
STATE:549:cr300c/cr1200c:As|Ah/Kh:0|0:deepstack|alwayscall
STATE:550:r1200c/:As|Qs/Ah:1200|-1200:alwayscall|deepstack
STATE:551:cc/cc:Qh|Kh/As:-100|100:deepstack|alwayscall
STATE:552:r1200c/:As|Ah/Kh:0|0:alwayscall|deepstack
STATE:553:cr300c/cr1200c:Ah|As/Kh:0|0:deepstack|alwayscall
STATE:554:cc/r300c:Ks|Ah/As:-300|300:alwayscall|deepstack
STATE:555:cc/cr300c:Kh|Qs/Qh:-300|300:deepstack|alwayscall
STATE:556:r300c/cc:Ks|Ah/Qh:-300|300:alwayscall|deepstack
STATE:557:cr300c/cr1200c:As|Qh/Qs:-1200|1200:deepstack|alwayscall
STATE:558:cc/cc:Kh|Ks/Qh:0|0:alwayscall|deepstack
STATE:559:cc/cc:Qh|Qs/Ah:0|0:deepstack|alwayscall
STATE:560:cc/cc:Qh|As/Qs:100|-100:alwayscall|deepstack
STATE:561:cc/cr300c:Kh|Qh/Ks:300|-300:deepstack|alwayscall
STATE:562:r1200c/:As|Qh/Ks:1200|-1200:alwayscall|deepstack
STATE:563:cc/cc:Qs|Ah/Kh:-100|100:deepstack|alwayscall
STATE:564:cc/cc:Qs|Kh/As:-100|100:alwayscall|deepstack
STATE:565:cr300c/cr1200c:Qs|Qh/As:0|0:deepstack|alwayscall
STATE:566:cc/r300c:Ks|Qs/Ah:300|-300:alwayscall|deepstack
STATE:567:cc/cc:Kh|Qs/As:100|-100:deepstack|alwayscall
STATE:568:cc/cc:Ah|Qh/Qs:-100|100:alwayscall|deepstack
STATE:569:cc/cr300c:Ah|Kh/Qs:300|-300:deepstack|alwayscall
STATE:570:cc/r300c:Ks|Qs/Ah:300|-300:alwayscall|deepstack
STATE:571:cr300c/cc:Ks|Kh/Ah:0|0:deepstack|alwayscall
STATE:572:cc/cc:Qs|Ah/Qh:100|-100:alwayscall|deepstack
STATE:573:cc/cr300c:Qh|Ks/Kh:-300|300:deepstack|alwayscall
STATE:574:cc/r300c:Kh|As/Ah:-300|300:alwayscall|deepstack
STATE:575:cc/cr300c:Qh|Kh/Qs:300|-300:deepstack|alwayscall
STATE:576:cc/cc:Kh|As/Qh:-100|100:alwayscall|deepstack
STATE:577:cr1200c/:Ah|As/Qs:0|0:deepstack|alwayscall
STATE:578:cc/r300c:Ks|Qh/Ah:300|-300:alwayscall|deepstack
STATE:579:cc/cc:Ah|Ks/Qh:100|-100:deepstack|alwayscall
STATE:580:r1200c/:As|Ks/Qs:1200|-1200:alwayscall|deepstack
STATE:581:cc/cc:Ah|As/Qh:0|0:deepstack|alwayscall
STATE:582:cc/r300c:Ah|Qh/As:300|-300:alwayscall|deepstack
STATE:583:cr300c/cc:Qh|Ah/Ks:-300|300:deepstack|alwayscall
STATE:584:cc/cc:Kh|Qh/Ks:100|-100:alwayscall|deepstack
STATE:585:cr1200c/:Ks|Ah/Qs:-1200|1200:deepstack|alwayscall
STATE:586:r300c/r900c:As|Qh/Ah:900|-900:alwayscall|deepstack
STATE:587:cr300c/cc:Qs|Ah/Qh:300|-300:deepstack|alwayscall
STATE:588:r300c/cc:Ah|As/Kh:0|0:alwayscall|deepstack
STATE:589:cc/cc:Qs|As/Kh:-100|100:deepstack|alwayscall
STATE:590:cc/cc:Ah|Qs/Ks:100|-100:alwayscall|deepstack
STATE:591:cc/cr300c:Ah|Qs/Qh:-300|300:deepstack|alwayscall
STATE:592:cc/cc:Qs|Ks/Ah:-100|100:alwayscall|deepstack
STATE:593:cc/cc:Kh|Ks/As:0|0:deepstack|alwayscall
STATE:594:r1200c/:As|Ks/Ah:1200|-1200:alwayscall|deepstack
STATE:595:cc/cc:Ks|Ah/Kh:100|-100:deepstack|alwayscall
STATE:596:cc/cc:Qs|Qh/Ks:0|0:alwayscall|deepstack
STATE:597:cr300c/cc:Qs|As/Kh:-300|300:deepstack|alwayscall
STATE:598:cc/r300c:Kh|Ah/As:-300|300:alwayscall|deepstack
STATE:599:cc/cc:Qs|Kh/As:-100|100:deepstack|alwayscall
STATE:600:cc/cc:Ks|As/Kh:100|-100:alwayscall|deepstack
STATE:601:cr300c/cc:As|Kh/Qh:300|-300:deepstack|alwayscall
STATE:602:cc/cc:Ah|As/Ks:0|0:alwayscall|deepstack
STATE:603:cr300c/cc:As|Ah/Kh:0|0:deepstack|alwayscall
STATE:604:cc/cc:Qs|As/Kh:-100|100:alwayscall|deepstack
STATE:605:cc/cc:Qh|Ks/Ah:-100|100:deepstack|alwayscall
STATE:606:cc/cc:Qh|Qs/Ah:0|0:alwayscall|deepstack
STATE:607:cr300c/cc:Ks|As/Kh:300|-300:deepstack|alwayscall
STATE:608:cc/r300c:Ah|Qs/As:300|-300:alwayscall|deepstack
STATE:609:cc/cc:Qs|Ks/Qh:100|-100:deepstack|alwayscall
STATE:610:cc/r300c:Kh|As/Ah:-300|300:alwayscall|deepstack
STATE:611:cc/cc:Qh|Kh/Qs:100|-100:deepstack|alwayscall
STATE:612:cc/cc:Kh|Qs/Ks:100|-100:alwayscall|deepstack
STATE:613:cc/cr300c:Ah|Ks/Kh:-300|300:deepstack|alwayscall
STATE:614:cc/cc:Ks|Ah/Kh:100|-100:alwayscall|deepstack
STATE:615:cc/cc:Ah|Qh/Ks:100|-100:deepstack|alwayscall
STATE:616:cc/cc:Qh|Kh/As:-100|100:alwayscall|deepstack
STATE:617:cr1200c/:Ah|As/Qs:0|0:deepstack|alwayscall
STATE:618:cc/r300c:Ks|Kh/As:0|0:alwayscall|deepstack
STATE:619:cr300c/cc:Kh|Ah/Ks:300|-300:deepstack|alwayscall
STATE:620:cc/cc:Kh|Qs/Ks:100|-100:alwayscall|deepstack
STATE:621:cc/cr1200c:Qh|Kh/As:-1200|1200:deepstack|alwayscall
STATE:622:cc/cc:Ks|Ah/Kh:100|-100:alwayscall|deepstack
STATE:623:cr300c/cr1200c:Qh|Qs/As:0|0:deepstack|alwayscall
STATE:624:cc/r300c:As|Qs/Ah:300|-300:alwayscall|deepstack
STATE:625:cc/cc:Qh|Ah/Qs:100|-100:deepstack|alwayscall
STATE:626:cc/cc:Qh|As/Ah:-100|100:alwayscall|deepstack
STATE:627:cc/cc:Ks|As/Qh:-100|100:deepstack|alwayscall
STATE:628:cc/cc:Ks|Kh/Qs:0|0:alwayscall|deepstack
STATE:629:cc/cc:Kh|Qs/Ks:100|-100:deepstack|alwayscall
STATE:630:cc/cc:Qs|Ah/Kh:-100|100:alwayscall|deepstack
STATE:631:cr1200c/:Qs|Ah/Kh:-1200|1200:deepstack|alwayscall
STATE:632:cc/cc:Qs|Ks/Qh:100|-100:alwayscall|deepstack
STATE:633:cr300c/cc:Ah|Ks/Qs:300|-300:deepstack|alwayscall
STATE:634:cc/cc:Qs|Kh/Qh:100|-100:alwayscall|deepstack
STATE:635:cc/cr300c:Ks|Qs/Qh:-300|300:deepstack|alwayscall
STATE:636:cc/cc:Qs|As/Kh:-100|100:alwayscall|deepstack
STATE:637:cc/cc:Qh|Qs/As:0|0:deepstack|alwayscall
STATE:638:cc/cc:Qh|Kh/Qs:100|-100:alwayscall|deepstack
STATE:639:cc/cc:Qs|Ks/Ah:-100|100:deepstack|alwayscall
STATE:640:r1200c/:Ah|Ks/Kh:-1200|1200:alwayscall|deepstack
STATE:641:cc/cc:Qs|Kh/As:-100|100:deepstack|alwayscall
STATE:642:cc/cc:As|Qh/Kh:100|-100:alwayscall|deepstack
STATE:643:cr300c/cr1200c:As|Kh/Qs:1200|-1200:deepstack|alwayscall
STATE:644:cc/cc:As|Kh/Qh:100|-100:alwayscall|deepstack
STATE:645:cr300c/cc:Ks|Ah/Kh:300|-300:deepstack|alwayscall
STATE:646:cc/cc:Qs|As/Kh:-100|100:alwayscall|deepstack
STATE:647:cr1200c/:Qs|As/Kh:-1200|1200:deepstack|alwayscall
STATE:648:cc/cc:Qs|Ks/As:-100|100:alwayscall|deepstack
STATE:649:cc/cc:As|Ks/Ah:100|-100:deepstack|alwayscall
STATE:650:r1200c/:Ah|Ks/Qh:1200|-1200:alwayscall|deepstack
STATE:651:cc/cc:As|Qs/Kh:100|-100:deepstack|alwayscall
STATE:652:cc/r1200c:As|Ks/Ah:1200|-1200:alwayscall|deepstack
STATE:653:cr300c/cc:Qs|Kh/As:-300|300:deepstack|alwayscall
STATE:654:cc/cc:Qs|Kh/As:-100|100:alwayscall|deepstack
STATE:655:cr300c/cr1200c:Kh|Qh/As:1200|-1200:deepstack|alwayscall
STATE:656:cc/cc:Qs|Kh/As:-100|100:alwayscall|deepstack
STATE:657:cc/cc:Qh|Ks/As:-100|100:deepstack|alwayscall
STATE:658:cc/cc:As|Qh/Kh:100|-100:alwayscall|deepstack
STATE:659:cr300c/cc:Qs|Ah/Ks:-300|300:deepstack|alwayscall
STATE:660:r300c/r1200c:Qs|Qh/As:0|0:alwayscall|deepstack
STATE:661:cr300c/cr1200c:Ks|Ah/As:-1200|1200:deepstack|alwayscall
STATE:662:cc/cc:Kh|Ah/Ks:100|-100:alwayscall|deepstack
STATE:663:cc/cc:Ah|Qs/Ks:100|-100:deepstack|alwayscall
STATE:664:r1200c/:As|Qh/Qs:-1200|1200:alwayscall|deepstack
STATE:665:cr300c/cc:Ks|Ah/Kh:300|-300:deepstack|alwayscall
STATE:666:cc/cc:Qs|Qh/Kh:0|0:alwayscall|deepstack
STATE:667:cr300c/cc:Ks|As/Qs:-300|300:deepstack|alwayscall
STATE:668:cc/cc:Qs|Ks/Ah:-100|100:alwayscall|deepstack
STATE:669:cr300c/cr900c:Qh|Ah/As:-900|900:deepstack|alwayscall
STATE:670:cc/cc:Qh|Qs/Kh:0|0:alwayscall|deepstack
STATE:671:cr300c/cr1200c:Kh|Ah/As:-1200|1200:deepstack|alwayscall
STATE:672:r1200c/:Ah|Qh/As:1200|-1200:alwayscall|deepstack
STATE:673:cc/cc:Qh|Kh/Qs:100|-100:deepstack|alwayscall
STATE:674:cc/cc:Qh|Ks/Qs:100|-100:alwayscall|deepstack
STATE:675:cc/cc:As|Qs/Ks:100|-100:deepstack|alwayscall
STATE:676:cc/cc:Ks|Ah/Qh:-100|100:alwayscall|deepstack
STATE:677:cr300c/cc:Qs|As/Qh:300|-300:deepstack|alwayscall
STATE:678:r1200c/:Ah|Qs/As:1200|-1200:alwayscall|deepstack
STATE:679:cr300c/cc:Ah|Qh/Kh:300|-300:deepstack|alwayscall
STATE:680:cc/cc:Qs|As/Qh:100|-100:alwayscall|deepstack
STATE:681:cc/cc:Ks|Qs/Kh:100|-100:deepstack|alwayscall
STATE:682:cc/r300c:Kh|Qh/As:300|-300:alwayscall|deepstack
STATE:683:cc/cc:Kh|Qs/Ks:100|-100:deepstack|alwayscall
STATE:684:cc/cc:Qs|Kh/As:-100|100:alwayscall|deepstack
STATE:685:cc/cc:Qs|Qh/Ks:0|0:deepstack|alwayscall
STATE:686:cc/r300c:Kh|Qs/As:300|-300:alwayscall|deepstack
STATE:687:cc/cr300c:Kh|Qs/Qh:-300|300:deepstack|alwayscall
STATE:688:cc/cc:Kh|As/Qs:-100|100:alwayscall|deepstack
STATE:689:cr1200c/:Qs|As/Ah:-1200|1200:deepstack|alwayscall
STATE:690:r1200c/:Ah|Qh/As:1200|-1200:alwayscall|deepstack
STATE:691:cc/cr300c:Kh|Qs/Qh:-300|300:deepstack|alwayscall
STATE:692:cc/r300c:As|Ks/Ah:300|-300:alwayscall|deepstack
STATE:693:cc/cc:Ah|Qh/As:100|-100:deepstack|alwayscall
STATE:694:cc/cc:Ks|Kh/Ah:0|0:alwayscall|deepstack
STATE:695:cc/cc:Ah|Qs/Kh:100|-100:deepstack|alwayscall
STATE:696:cc/cc:Qs|Qh/Kh:0|0:alwayscall|deepstack
STATE:697:cr300c/cr1200c:Ks|Ah/Qh:-1200|1200:deepstack|alwayscall
STATE:698:cc/cc:Kh|As/Ks:100|-100:alwayscall|deepstack
STATE:699:cc/cr300c:Qs|Ks/Kh:-300|300:deepstack|alwayscall
STATE:700:cc/cc:Kh|As/Qs:-100|100:alwayscall|deepstack
STATE:701:cr300c/cc:As|Ah/Qh:0|0:deepstack|alwayscall
STATE:702:cc/cc:Kh|Qh/Qs:-100|100:alwayscall|deepstack
STATE:703:cc/cc:Qh|Ks/Ah:-100|100:deepstack|alwayscall
STATE:704:cc/cc:Qh|As/Ah:-100|100:alwayscall|deepstack
STATE:705:cc/cc:Ah|Qs/As:100|-100:deepstack|alwayscall
STATE:706:cc/r300c:Ks|Qs/As:300|-300:alwayscall|deepstack
STATE:707:cc/cc:Ks|Qs/Ah:100|-100:deepstack|alwayscall
STATE:708:r1200c/:As|Qs/Qh:-1200|1200:alwayscall|deepstack
STATE:709:cr300c/cc:Qh|Ks/Ah:-300|300:deepstack|alwayscall
STATE:710:cc/r300c:As|Kh/Ah:300|-300:alwayscall|deepstack
STATE:711:cc/cc:As|Qh/Ah:100|-100:deepstack|alwayscall
STATE:712:cc/cc:Ah|Ks/Qh:100|-100:alwayscall|deepstack
STATE:713:cc/cc:As|Ks/Ah:100|-100:deepstack|alwayscall
STATE:714:cc/r300c:Kh|Ks/As:0|0:alwayscall|deepstack
STATE:715:cr300c/cr1200c:Qs|Ah/As:-1200|1200:deepstack|alwayscall
STATE:716:cc/r1200c:Qs|As/Ah:-1200|1200:alwayscall|deepstack
STATE:717:cr300c/cc:Ks|As/Qh:-300|300:deepstack|alwayscall
STATE:718:r300c/r1200c:Ah|Qh/As:1200|-1200:alwayscall|deepstack
STATE:719:cr300c/cc:Ks|Ah/Qh:-300|300:deepstack|alwayscall
STATE:720:cc/cc:Qh|Ks/Kh:-100|100:alwayscall|deepstack
STATE:721:cc/cc:Ks|Kh/Qs:0|0:deepstack|alwayscall
STATE:722:cc/cc:As|Kh/Qh:100|-100:alwayscall|deepstack
STATE:723:cr300c/cc:Kh|Ah/Qs:-300|300:deepstack|alwayscall
STATE:724:cc/cc:As|Ks/Qh:100|-100:alwayscall|deepstack
STATE:725:cr300c/cc:As|Ah/Qs:0|0:deepstack|alwayscall
STATE:726:r1200c/:Ah|As/Kh:0|0:alwayscall|deepstack
STATE:727:cc/cr300c:Kh|Qh/Ks:300|-300:deepstack|alwayscall
STATE:728:cc/cc:Kh|Qh/Ks:100|-100:alwayscall|deepstack
STATE:729:cc/cc:Ah|Qh/Kh:100|-100:deepstack|alwayscall
STATE:730:cc/cc:Qs|Qh/As:0|0:alwayscall|deepstack
STATE:731:cc/cc:Qh|Qs/Ks:0|0:deepstack|alwayscall
STATE:732:cc/cc:Qh|As/Ah:-100|100:alwayscall|deepstack
STATE:733:cr300c/cc:Kh|Ah/Qs:-300|300:deepstack|alwayscall
STATE:734:cc/r300c:Ks|Kh/Ah:0|0:alwayscall|deepstack
STATE:735:cc/cc:Qh|Qs/Ks:0|0:deepstack|alwayscall
STATE:736:cc/cc:Qh|As/Ks:-100|100:alwayscall|deepstack
STATE:737:cr300c/cc:Kh|As/Ks:300|-300:deepstack|alwayscall
STATE:738:cc/cc:Kh|Qs/As:100|-100:alwayscall|deepstack
STATE:739:cc/cr1200c:Ah|Qh/As:1200|-1200:deepstack|alwayscall
STATE:740:cc/cc:Kh|Ks/Qs:0|0:alwayscall|deepstack
STATE:741:cc/cc:Qs|Qh/Ah:0|0:deepstack|alwayscall
STATE:742:r1200c/:As|Ks/Ah:1200|-1200:alwayscall|deepstack
STATE:743:cc/cc:As|Ks/Qs:100|-100:deepstack|alwayscall
STATE:744:cc/cc:As|Ks/Qh:100|-100:alwayscall|deepstack
STATE:745:cc/cc:Qs|Kh/As:-100|100:deepstack|alwayscall
STATE:746:cc/cc:Qs|Qh/Ah:0|0:alwayscall|deepstack
STATE:747:cc/cc:Kh|Qs/Ks:100|-100:deepstack|alwayscall
STATE:748:cc/cc:As|Ks/Qs:100|-100:alwayscall|deepstack
STATE:749:cc/cc:Qh|Qs/Ah:0|0:deepstack|alwayscall
STATE:750:cc/cc:Qs|Qh/Ks:0|0:alwayscall|deepstack
STATE:751:cc/cc:Qh|Kh/As:-100|100:deepstack|alwayscall
STATE:752:r1200c/:Ah|As/Qs:0|0:alwayscall|deepstack
STATE:753:cc/cc:Ks|Qh/As:100|-100:deepstack|alwayscall
STATE:754:cc/cc:Qh|Qs/Ks:0|0:alwayscall|deepstack
STATE:755:cc/cc:Qs|Qh/As:0|0:deepstack|alwayscall
STATE:756:cc/cc:Ah|Kh/Ks:-100|100:alwayscall|deepstack
STATE:757:cc/cc:Kh|Ks/Ah:0|0:deepstack|alwayscall
STATE:758:cc/r300c:Kh|Qs/Ah:300|-300:alwayscall|deepstack
STATE:759:cc/cc:Ks|Qs/Ah:100|-100:deepstack|alwayscall
STATE:760:r1200c/:As|Qs/Qh:-1200|1200:alwayscall|deepstack
STATE:761:cc/cc:Ah|As/Qh:0|0:deepstack|alwayscall
STATE:762:cc/cc:Qh|As/Ks:-100|100:alwayscall|deepstack
STATE:763:cr300c/cr1200c:Qh|Kh/Ks:-1200|1200:deepstack|alwayscall
STATE:764:cc/cc:Qs|As/Ah:-100|100:alwayscall|deepstack
STATE:765:cr300c/cc:As|Ks/Qh:300|-300:deepstack|alwayscall
STATE:766:cc/cc:Ks|As/Qs:-100|100:alwayscall|deepstack
STATE:767:cc/cc:Ks|Qs/Ah:100|-100:deepstack|alwayscall
STATE:768:cc/cc:As|Qh/Ks:100|-100:alwayscall|deepstack
STATE:769:cc/cr300c:As|Kh/Ks:-300|300:deepstack|alwayscall
STATE:770:cc/cc:Qh|Ah/As:-100|100:alwayscall|deepstack
STATE:771:cc/cc:Ah|Qs/As:100|-100:deepstack|alwayscall
STATE:772:cc/cc:Ks|As/Qh:-100|100:alwayscall|deepstack
STATE:773:cc/cr300c:As|Qs/Qh:-300|300:deepstack|alwayscall
STATE:774:cc/r300c:Kh|As/Ah:-300|300:alwayscall|deepstack
STATE:775:cr300c/cr900c:Ah|Ks/Qh:900|-900:deepstack|alwayscall
STATE:776:r1200c/:Ah|Kh/Qs:1200|-1200:alwayscall|deepstack
STATE:777:cr300c/cr900c:Kh|Ah/As:-900|900:deepstack|alwayscall
STATE:778:cc/cc:Ks|Ah/Kh:100|-100:alwayscall|deepstack
STATE:779:cc/cc:Kh|Ks/Ah:0|0:deepstack|alwayscall
STATE:780:cc/cc:Ah|Ks/Kh:-100|100:alwayscall|deepstack
STATE:781:cc/cc:Ks|As/Qh:-100|100:deepstack|alwayscall
STATE:782:cc/cc:Ah|As/Ks:0|0:alwayscall|deepstack
STATE:783:cc/cc:Qh|Qs/Ks:0|0:deepstack|alwayscall
STATE:784:cc/cc:Kh|As/Qh:-100|100:alwayscall|deepstack
STATE:785:cr300c/cr900c:As|Qh/Kh:900|-900:deepstack|alwayscall
STATE:786:cc/cc:Qs|Ah/Qh:100|-100:alwayscall|deepstack
STATE:787:cr300c/cc:Qh|Ah/Ks:-300|300:deepstack|alwayscall
STATE:788:cc/cc:As|Ks/Qh:100|-100:alwayscall|deepstack
STATE:789:cr300c/cc:Kh|As/Qs:-300|300:deepstack|alwayscall
STATE:790:cc/cc:As|Ah/Kh:0|0:alwayscall|deepstack
STATE:791:cr300c/cr1200c:Kh|Qh/Ah:1200|-1200:deepstack|alwayscall
STATE:792:cc/cc:As|Qh/Qs:-100|100:alwayscall|deepstack
STATE:793:cc/cc:Kh|As/Qh:-100|100:deepstack|alwayscall
STATE:794:cc/cc:Kh|Ks/Qh:0|0:alwayscall|deepstack
STATE:795:cc/cr300c:As|Qs/Qh:-300|300:deepstack|alwayscall
STATE:796:cc/cc:Kh|Qh/Ks:100|-100:alwayscall|deepstack
STATE:797:cc/cc:Qh|Ks/Qs:100|-100:deepstack|alwayscall
STATE:798:cc/cc:Qs|As/Ks:-100|100:alwayscall|deepstack
STATE:799:cc/cr300c:Qs|Kh/Qh:300|-300:deepstack|alwayscall
STATE:800:cc/cc:As|Ah/Qs:0|0:alwayscall|deepstack
STATE:801:cr300c/cc:Kh|Qh/Ks:300|-300:deepstack|alwayscall
STATE:802:cc/cc:Qs|Ah/Ks:-100|100:alwayscall|deepstack
STATE:803:cc/cc:Ks|Kh/Ah:0|0:deepstack|alwayscall
STATE:804:cc/cc:Ah|As/Qh:0|0:alwayscall|deepstack
STATE:805:cc/cc:Qh|Qs/Ah:0|0:deepstack|alwayscall
STATE:806:cc/cc:Kh|As/Ks:100|-100:alwayscall|deepstack
STATE:807:cc/cc:As|Qh/Ks:100|-100:deepstack|alwayscall
STATE:808:cc/cc:As|Ah/Qh:0|0:alwayscall|deepstack
STATE:809:cr300c/cr900c:Ks|Qs/Kh:900|-900:deepstack|alwayscall
STATE:810:cc/r300c:Ks|Qs/Ah:300|-300:alwayscall|deepstack
STATE:811:cr300c/cr1200c:Qs|As/Ah:-1200|1200:deepstack|alwayscall
STATE:812:cc/cc:Qh|As/Ah:-100|100:alwayscall|deepstack
STATE:813:cc/cc:As|Qh/Ah:100|-100:deepstack|alwayscall
STATE:814:cc/cc:Qh|Ks/As:-100|100:alwayscall|deepstack
STATE:815:cc/cc:Ah|Kh/Qh:100|-100:deepstack|alwayscall
STATE:816:r300c/cc:Ah|Qh/Ks:300|-300:alwayscall|deepstack
STATE:817:cr1200c/:Ah|As/Ks:0|0:deepstack|alwayscall
STATE:818:cc/r300c:As|Kh/Ah:300|-300:alwayscall|deepstack
STATE:819:cc/cc:Ah|Qs/As:100|-100:deepstack|alwayscall
STATE:820:r1200c/:Ah|As/Ks:0|0:alwayscall|deepstack
STATE:821:cc/cc:Qh|Kh/Qs:100|-100:deepstack|alwayscall
STATE:822:cc/cc:Ah|Kh/Qh:100|-100:alwayscall|deepstack
STATE:823:cr300c/cc:Kh|As/Qh:-300|300:deepstack|alwayscall
STATE:824:cc/r300c:Qs|Ks/Ah:-300|300:alwayscall|deepstack
STATE:825:cr300c/cr1200c:Qh|Qs/Ah:0|0:deepstack|alwayscall
STATE:826:r1200c/:As|Qs/Kh:1200|-1200:alwayscall|deepstack
STATE:827:cc/cr1200c:Qh|As/Ah:-1200|1200:deepstack|alwayscall
STATE:828:cc/cc:Kh|Ks/Qh:0|0:alwayscall|deepstack
STATE:829:cr300c/cc:Ah|As/Kh:0|0:deepstack|alwayscall
STATE:830:r1200c/:Ah|Kh/Qh:1200|-1200:alwayscall|deepstack
STATE:831:cc/cr300c:Ks|Qh/Kh:300|-300:deepstack|alwayscall
STATE:832:cc/r300c:Ah|Ks/As:300|-300:alwayscall|deepstack
STATE:833:cr300c/cr1200c:Qs|Ah/Kh:-1200|1200:deepstack|alwayscall
STATE:834:cc/cc:Qs|Qh/Ah:0|0:alwayscall|deepstack
STATE:835:cr300c/cc:Ks|Ah/Qs:-300|300:deepstack|alwayscall
STATE:836:r300c/cc:Ks|As/Ah:-300|300:alwayscall|deepstack
STATE:837:cc/cc:Ks|Qs/Ah:100|-100:deepstack|alwayscall
STATE:838:cc/cc:Ks|Qh/Ah:100|-100:alwayscall|deepstack
STATE:839:cc/cr300c:As|Qs/Qh:-300|300:deepstack|alwayscall
STATE:840:r1200c/:As|Ah/Qs:0|0:alwayscall|deepstack
STATE:841:cc/cc:As|Qh/Ah:100|-100:deepstack|alwayscall
STATE:842:cc/cc:Ah|Qs/Kh:100|-100:alwayscall|deepstack
STATE:843:cr300c/cr1200c:Kh|As/Qh:-1200|1200:deepstack|alwayscall
STATE:844:cc/cc:Qh|Ks/Ah:-100|100:alwayscall|deepstack
STATE:845:cr300c/cr1200c:Qs|As/Qh:1200|-1200:deepstack|alwayscall
STATE:846:cc/cc:Kh|Ks/Qh:0|0:alwayscall|deepstack
STATE:847:cr300c/cr1200c:As|Kh/Qs:1200|-1200:deepstack|alwayscall
STATE:848:cc/cc:Qs|Ks/Ah:-100|100:alwayscall|deepstack
STATE:849:cr300c/cc:Ah|As/Qs:0|0:deepstack|alwayscall
STATE:850:cc/cc:Kh|Qh/Ks:100|-100:alwayscall|deepstack
STATE:851:cc/cr300c:Kh|Ks/Qh:0|0:deepstack|alwayscall
STATE:852:cc/r300c:Kh|Qh/Ks:300|-300:alwayscall|deepstack
STATE:853:cr300c/cc:Qh|Qs/Kh:0|0:deepstack|alwayscall
STATE:854:cc/cc:Qs|Ks/Kh:-100|100:alwayscall|deepstack
STATE:855:cr300c/cr1200c:Ks|Ah/Kh:1200|-1200:deepstack|alwayscall
STATE:856:cc/cc:Ks|Qs/Kh:100|-100:alwayscall|deepstack
STATE:857:cc/cc:As|Ks/Ah:100|-100:deepstack|alwayscall
STATE:858:r300c/cc:As|Qh/Qs:-300|300:alwayscall|deepstack
STATE:859:cc/cc:Qh|Kh/Ah:-100|100:deepstack|alwayscall
STATE:860:r1200c/:Ah|As/Ks:0|0:alwayscall|deepstack
STATE:861:cc/cr1200c:Qs|Kh/Ah:-1200|1200:deepstack|alwayscall
STATE:862:cc/r300c:Kh|As/Ah:-300|300:alwayscall|deepstack
STATE:863:cc/cc:Kh|Ks/As:0|0:deepstack|alwayscall
STATE:864:cc/cc:As|Qs/Kh:100|-100:alwayscall|deepstack
STATE:865:cr300c/cc:As|Ah/Qs:0|0:deepstack|alwayscall
STATE:866:cc/cc:Qh|Ks/Qs:100|-100:alwayscall|deepstack
STATE:867:cc/cc:Kh|Ks/Qh:0|0:deepstack|alwayscall
STATE:868:cc/cc:Qs|As/Kh:-100|100:alwayscall|deepstack
STATE:869:cc/cc:Ah|Qh/Kh:100|-100:deepstack|alwayscall
STATE:870:cc/cc:Qh|Kh/Ah:-100|100:alwayscall|deepstack
STATE:871:cr300c/cc:Kh|Ah/Qs:-300|300:deepstack|alwayscall
STATE:872:cc/cc:Ks|Qs/Qh:-100|100:alwayscall|deepstack
STATE:873:cc/cr300c:Ks|Qh/Qs:-300|300:deepstack|alwayscall
STATE:874:cc/cc:Ks|Qs/Qh:-100|100:alwayscall|deepstack
STATE:875:cc/cc:Qs|Kh/Ah:-100|100:deepstack|alwayscall
STATE:876:cc/cc:Ah|Qh/Kh:100|-100:alwayscall|deepstack
STATE:877:cr300c/cc:Kh|Ah/Ks:300|-300:deepstack|alwayscall
STATE:878:cc/cc:Qs|As/Kh:-100|100:alwayscall|deepstack
STATE:879:cc/cr300c:Qh|Kh/Ks:-300|300:deepstack|alwayscall
STATE:880:cc/cc:As|Qh/Qs:-100|100:alwayscall|deepstack
STATE:881:cc/cc:Ks|Qs/As:100|-100:deepstack|alwayscall
STATE:882:cc/cc:Kh|Qs/Ah:100|-100:alwayscall|deepstack
STATE:883:cc/cc:Ks|Qs/As:100|-100:deepstack|alwayscall
STATE:884:cc/cc:Kh|Ah/Qs:-100|100:alwayscall|deepstack
STATE:885:cc/cc:Ah|Qs/Kh:100|-100:deepstack|alwayscall
STATE:886:cc/cc:Qh|Kh/Ah:-100|100:alwayscall|deepstack
STATE:887:cc/cc:Ah|Kh/Qs:100|-100:deepstack|alwayscall
STATE:888:cc/cc:Ks|As/Ah:-100|100:alwayscall|deepstack
STATE:889:cr300c/cc:Kh|Ks/Qs:0|0:deepstack|alwayscall
STATE:890:cc/cc:Qh|Ks/Qs:100|-100:alwayscall|deepstack
STATE:891:cr300c/cr1200c:Qs|Ks/Qh:1200|-1200:deepstack|alwayscall
STATE:892:r300c/cc:Qh|Qs/Ah:0|0:alwayscall|deepstack
STATE:893:cc/cr300c:Qh|Ks/Kh:-300|300:deepstack|alwayscall
STATE:894:cc/cc:Qh|As/Ah:-100|100:alwayscall|deepstack
STATE:895:cc/cr300c:As|Qh/Qs:-300|300:deepstack|alwayscall
STATE:896:r1200c/:As|Kh/Qh:1200|-1200:alwayscall|deepstack
STATE:897:cr300c/cr900c:Ks|As/Ah:-900|900:deepstack|alwayscall
STATE:898:cc/cc:Qs|As/Ks:-100|100:alwayscall|deepstack
STATE:899:cc/cc:As|Qs/Ah:100|-100:deepstack|alwayscall
STATE:900:cc/cc:Qs|Qh/Ah:0|0:alwayscall|deepstack
STATE:901:cr300c/cr900c:Kh|Ks/Qh:0|0:deepstack|alwayscall
STATE:902:cc/cc:Ah|Qh/Qs:-100|100:alwayscall|deepstack
STATE:903:cc/cc:Qh|Kh/Qs:100|-100:deepstack|alwayscall
STATE:904:r1200c/:As|Qs/Kh:1200|-1200:alwayscall|deepstack
STATE:905:cc/cc:As|Ks/Ah:100|-100:deepstack|alwayscall
STATE:906:cc/cc:Ks|Ah/Qs:-100|100:alwayscall|deepstack
STATE:907:cr300c/cc:Ks|As/Qs:-300|300:deepstack|alwayscall
STATE:908:cc/cc:Ks|As/Qh:-100|100:alwayscall|deepstack
STATE:909:cr300c/cc:As|Qh/Ks:300|-300:deepstack|alwayscall
STATE:910:cc/r1200c:As|Qs/Ah:1200|-1200:alwayscall|deepstack
STATE:911:cr300c/cc:Ks|Ah/Qh:-300|300:deepstack|alwayscall
STATE:912:cc/cc:As|Qs/Qh:-100|100:alwayscall|deepstack
STATE:913:cr300c/cc:Qh|Ks/Ah:-300|300:deepstack|alwayscall
STATE:914:r1200c/:Ah|Kh/Qh:1200|-1200:alwayscall|deepstack
STATE:915:cr300c/cc:Ks|As/Qh:-300|300:deepstack|alwayscall
STATE:916:cc/cc:Qh|Ks/Qs:100|-100:alwayscall|deepstack
STATE:917:cr300c/cc:As|Ah/Ks:0|0:deepstack|alwayscall
STATE:918:cc/r300c:Ks|Kh/Ah:0|0:alwayscall|deepstack
STATE:919:cc/cc:Kh|Ks/Ah:0|0:deepstack|alwayscall
STATE:920:r1200c/:As|Qs/Ks:1200|-1200:alwayscall|deepstack
STATE:921:cc/cc:Qh|Ks/As:-100|100:deepstack|alwayscall
STATE:922:r1200c/:Ah|As/Kh:0|0:alwayscall|deepstack
STATE:923:cc/cc:Kh|Ah/Qh:-100|100:deepstack|alwayscall
STATE:924:cc/cc:As|Ah/Kh:0|0:alwayscall|deepstack
STATE:925:cr300c/cr900c:As|Ks/Qh:900|-900:deepstack|alwayscall
STATE:926:r1200c/:As|Kh/Qs:1200|-1200:alwayscall|deepstack
STATE:927:cr300c/cr1200c:Ah|Qh/Qs:-1200|1200:deepstack|alwayscall
STATE:928:cc/cc:Ks|Qs/As:100|-100:alwayscall|deepstack
STATE:929:cc/cc:Kh|Ks/Qs:0|0:deepstack|alwayscall
STATE:930:cc/cc:Ks|Qh/Qs:-100|100:alwayscall|deepstack
STATE:931:cc/cc:Ks|Kh/As:0|0:deepstack|alwayscall
STATE:932:cc/cc:Ks|As/Kh:100|-100:alwayscall|deepstack
STATE:933:cr300c/cr1200c:Kh|Ah/As:-1200|1200:deepstack|alwayscall
STATE:934:cc/cc:Kh|As/Qs:-100|100:alwayscall|deepstack
STATE:935:cc/cc:Ah|Ks/As:100|-100:deepstack|alwayscall
STATE:936:cc/cc:As|Qh/Qs:-100|100:alwayscall|deepstack
STATE:937:cr300c/cr1200c:Ah|Qs/Qh:-1200|1200:deepstack|alwayscall
STATE:938:cc/r300c:As|Qs/Ah:300|-300:alwayscall|deepstack
STATE:939:cr1200c/:Qs|Ah/As:-1200|1200:deepstack|alwayscall
STATE:940:r1200c/:Ah|Qs/As:1200|-1200:alwayscall|deepstack
STATE:941:cc/cc:Kh|Qs/As:100|-100:deepstack|alwayscall
STATE:942:cc/cc:Kh|As/Qh:-100|100:alwayscall|deepstack
STATE:943:cr1200c/:Qs|As/Kh:-1200|1200:deepstack|alwayscall
STATE:944:cc/r300c:As|Qs/Ah:300|-300:alwayscall|deepstack
STATE:945:cr300c/cc:Ah|As/Ks:0|0:deepstack|alwayscall
STATE:946:cc/cc:Qh|Ks/As:-100|100:alwayscall|deepstack
STATE:947:cr300c/cc:Qh|Ah/Ks:-300|300:deepstack|alwayscall
STATE:948:cc/cc:Ks|Kh/As:0|0:alwayscall|deepstack
STATE:949:cr300c/cc:Ks|As/Kh:300|-300:deepstack|alwayscall
STATE:950:cc/cc:As|Qh/Qs:-100|100:alwayscall|deepstack
STATE:951:cc/cc:Kh|Qh/Ks:100|-100:deepstack|alwayscall
STATE:952:cc/cc:As|Ah/Qs:0|0:alwayscall|deepstack
STATE:953:cc/cc:Ks|Kh/Qs:0|0:deepstack|alwayscall
STATE:954:cc/cc:Qs|Ks/As:-100|100:alwayscall|deepstack
STATE:955:cr300c/cr1200c:As|Ah/Qh:0|0:deepstack|alwayscall
STATE:956:cc/cc:Qs|As/Kh:-100|100:alwayscall|deepstack
STATE:957:cr300c/cr1200c:Qh|Ah/As:-1200|1200:deepstack|alwayscall
STATE:958:cc/r300c:Ks|As/Ah:-300|300:alwayscall|deepstack
STATE:959:cr300c/cc:Qs|Ah/Kh:-300|300:deepstack|alwayscall
STATE:960:cc/r300c:Kh|Ah/As:-300|300:alwayscall|deepstack
STATE:961:cc/cc:As|Ah/Qh:0|0:deepstack|alwayscall
STATE:962:cc/cc:As|Qs/Qh:-100|100:alwayscall|deepstack
STATE:963:cc/cc:Qs|Ks/As:-100|100:deepstack|alwayscall
STATE:964:cc/cc:Kh|Qh/Ks:100|-100:alwayscall|deepstack
STATE:965:cr300c/cr1200c:Ah|Kh/Ks:-1200|1200:deepstack|alwayscall
STATE:966:cc/cc:Qh|As/Ks:-100|100:alwayscall|deepstack
STATE:967:cr300c/cc:Qs|Ah/Kh:-300|300:deepstack|alwayscall
STATE:968:r1200c/:Ah|Kh/Qh:1200|-1200:alwayscall|deepstack
STATE:969:cr300c/cc:Qs|Ah/Qh:300|-300:deepstack|alwayscall
STATE:970:cc/cc:Qs|Ah/Qh:100|-100:alwayscall|deepstack
STATE:971:cr300c/cc:Qh|Ah/Qs:300|-300:deepstack|alwayscall
STATE:972:r1200c/:Ah|Kh/Ks:-1200|1200:alwayscall|deepstack
STATE:973:cr300c/cr1200c:Qs|Ah/As:-1200|1200:deepstack|alwayscall
STATE:974:cc/cc:Qh|Qs/As:0|0:alwayscall|deepstack
STATE:975:cc/cr300c:As|Qs/Kh:300|-300:deepstack|alwayscall
STATE:976:cc/cc:Kh|Qh/Qs:-100|100:alwayscall|deepstack
STATE:977:cr300c/cr900c:Ah|Qs/Kh:900|-900:deepstack|alwayscall
STATE:978:cc/cc:Qs|Qh/Kh:0|0:alwayscall|deepstack
STATE:979:cc/cr1200c:As|Qs/Ah:1200|-1200:deepstack|alwayscall
STATE:980:cc/r300c:Qs|Ks/Ah:-300|300:alwayscall|deepstack
STATE:981:cc/cc:Ah|Ks/Qs:100|-100:deepstack|alwayscall
STATE:982:cc/cc:Qs|Ah/Ks:-100|100:alwayscall|deepstack
STATE:983:cr300c/cr1200c:Kh|As/Ks:1200|-1200:deepstack|alwayscall
STATE:984:cc/cc:As|Ah/Qh:0|0:alwayscall|deepstack
STATE:985:cc/cr300c:Qh|Ks/Qs:300|-300:deepstack|alwayscall
STATE:986:cc/cc:Qs|As/Ah:-100|100:alwayscall|deepstack
STATE:987:cr300c/cr1200c:Kh|Qs/Ah:1200|-1200:deepstack|alwayscall
STATE:988:cc/cc:As|Qs/Qh:-100|100:alwayscall|deepstack
STATE:989:cc/cc:Qs|Kh/Qh:100|-100:deepstack|alwayscall
STATE:990:r300c/r1200c:Qs|Ah/As:-1200|1200:alwayscall|deepstack
STATE:991:cr300c/cr1200c:Ah|Ks/As:1200|-1200:deepstack|alwayscall
STATE:992:cc/cc:Qh|As/Qs:100|-100:alwayscall|deepstack
STATE:993:cr300c/cr1200c:As|Kh/Ks:-1200|1200:deepstack|alwayscall
STATE:994:cc/cc:Kh|As/Qs:-100|100:alwayscall|deepstack
STATE:995:cr300c/cr1200c:Ah|Ks/Kh:-1200|1200:deepstack|alwayscall
STATE:996:cc/cc:Qs|Kh/Qh:100|-100:alwayscall|deepstack
STATE:997:cr300c/cr1200c:Qh|As/Ah:-1200|1200:deepstack|alwayscall
STATE:998:cc/cc:Qh|As/Ks:-100|100:alwayscall|deepstack
STATE:999:cr300c/cr1200c:As|Qh/Qs:-1200|1200:deepstack|alwayscall
SCORE:89600|-89600:alwayscall|deepstack
