# name/game/hands/seed randomblufferVdeepstack ./DeepStack-Leduc/ACPCServer/leduc.game 100 1
#--t_response 600000
#--t_hand 600000
#--t_per_hand 7000
STATE:0:cc/cc:Kh|Ks/Qh:0|0:deepStack|randombluffer
STATE:1:r300c/cc:Ah|Qs/Kh:300|-300:randombluffer|deepStack
STATE:2:cr1200c/:As|Kh/Qs:1200|-1200:deepStack|randombluffer
STATE:3:cc/cr300f:Qh|Qs/Kh:-100|100:randombluffer|deepStack
STATE:4:cc/cc:Ks|Qs/Kh:100|-100:deepStack|randombluffer
STATE:5:r1200c/:Qh|Ah/Kh:-1200|1200:randombluffer|deepStack
STATE:6:cr1200c/:Ah|Kh/As:1200|-1200:deepStack|randombluffer
STATE:7:cc/cr300r1200f:Qs|Kh/Qh:300|-300:randombluffer|deepStack
STATE:8:cc/cr1200f:Qs|Kh/Ah:-100|100:deepStack|randombluffer
STATE:9:r1200f:Ah|Ks:100|-100:randombluffer|deepStack
STATE:10:cr300r1200f:Ah|Kh:300|-300:deepStack|randombluffer
STATE:11:cc/cc:Qs|Ah/Kh:-100|100:randombluffer|deepStack
STATE:12:cc/cr1200f:As|Kh/Qh:-100|100:deepStack|randombluffer
STATE:13:cc/r1200f:Ah|Qh/Kh:100|-100:randombluffer|deepStack
STATE:14:cc/cr1200f:As|Qs/Ks:-100|100:deepStack|randombluffer
STATE:15:cr300f:Qs|As:-100|100:randombluffer|deepStack
STATE:16:cr1200c/:As|Ks/Qh:1200|-1200:deepStack|randombluffer
STATE:17:cr300r1200c/:Qs|As/Qh:1200|-1200:randombluffer|deepStack
STATE:18:cr300c/cc:Qs|As/Ks:-300|300:deepStack|randombluffer
STATE:19:r1200c/:Ah|As/Qh:0|0:randombluffer|deepStack
STATE:20:r300r1200f:Ks|As:-300|300:deepStack|randombluffer
STATE:21:r1200f:Ah|Qs:100|-100:randombluffer|deepStack
STATE:22:cc/cc:Kh|Ah/Qh:-100|100:deepStack|randombluffer
STATE:23:r1200c/:Ks|As/Qs:-1200|1200:randombluffer|deepStack
STATE:24:r1200c/:Ah|As/Qh:0|0:deepStack|randombluffer
STATE:25:cr300r1200c/:Qh|As/Qs:1200|-1200:randombluffer|deepStack
STATE:26:r1200f:As|Qh:100|-100:deepStack|randombluffer
STATE:27:cr300f:Qh|Ah:-100|100:randombluffer|deepStack
STATE:28:cr1200f:Kh|Qh:-100|100:deepStack|randombluffer
STATE:29:r1200c/:Kh|As/Ks:1200|-1200:randombluffer|deepStack
STATE:30:r1200f:Ah|Qs:100|-100:deepStack|randombluffer
STATE:31:cr300f:Qs|As:-100|100:randombluffer|deepStack
STATE:32:cr300f:Qs|Ah:-100|100:deepStack|randombluffer
STATE:33:cc/r1200f:Kh|Qs/As:100|-100:randombluffer|deepStack
STATE:34:cr1200f:Qs|Kh:-100|100:deepStack|randombluffer
STATE:35:cr300f:Qh|As:-100|100:randombluffer|deepStack
STATE:36:cr300f:Qs|Qh:-100|100:deepStack|randombluffer
STATE:37:cc/cr300r1200c:Kh|Qh/Qs:-1200|1200:randombluffer|deepStack
STATE:38:cr1200f:Kh|Ah:-100|100:deepStack|randombluffer
STATE:39:r300c/cr1200f:Ks|Qs/Qh:-300|300:randombluffer|deepStack
STATE:40:cr300f:Ks|Kh:-100|100:deepStack|randombluffer
STATE:41:r300c/r1200c:As|Ks/Kh:-1200|1200:randombluffer|deepStack
STATE:42:cr1200f:Kh|Ks:-100|100:deepStack|randombluffer
STATE:43:cc/cc:Qs|Ks/Ah:-100|100:randombluffer|deepStack
STATE:44:cc/cc:Qh|Ks/Ah:-100|100:deepStack|randombluffer
STATE:45:r1200f:Ah|Kh:100|-100:randombluffer|deepStack
STATE:46:cc/cc:Qs|Ks/As:-100|100:deepStack|randombluffer
STATE:47:cr300c/r1200c:Kh|Ah/Qs:-1200|1200:randombluffer|deepStack
STATE:48:cr1200f:Qh|Ks:-100|100:deepStack|randombluffer
STATE:49:r1200f:Ah|Kh:100|-100:randombluffer|deepStack
STATE:50:cr1200f:Qs|Ks:-100|100:deepStack|randombluffer
STATE:51:r1200c/:Qs|Ah/Qh:1200|-1200:randombluffer|deepStack
STATE:52:cc/r300c:Ks|Kh/As:0|0:deepStack|randombluffer
STATE:53:r1200f:Ks|Qh:100|-100:randombluffer|deepStack
STATE:54:r1200f:As|Kh:100|-100:deepStack|randombluffer
STATE:55:r1200c/:Ks|As/Qh:-1200|1200:randombluffer|deepStack
STATE:56:cr1200f:Ks|As:-100|100:deepStack|randombluffer
STATE:57:r1200c/:As|Ah/Qh:0|0:randombluffer|deepStack
STATE:58:cr300f:Qs|As:-100|100:deepStack|randombluffer
STATE:59:r1200f:Qs|Qh:100|-100:randombluffer|deepStack
STATE:60:cr300f:Ks|As:-100|100:deepStack|randombluffer
STATE:61:cc/r1200f:Qh|Qs/Ah:100|-100:randombluffer|deepStack
STATE:62:cc/cc:Qh|Ks/Ah:-100|100:deepStack|randombluffer
STATE:63:cr1200f:Qh|As:-100|100:randombluffer|deepStack
STATE:64:cr1200f:Qs|Kh:-100|100:deepStack|randombluffer
STATE:65:cr300f:Qh|Kh:-100|100:randombluffer|deepStack
STATE:66:r1200f:As|Kh:100|-100:deepStack|randombluffer
STATE:67:r1200f:Ah|Qs:100|-100:randombluffer|deepStack
STATE:68:cc/r300f:Kh|Qh/As:100|-100:deepStack|randombluffer
STATE:69:cr300r1200c/:Qh|Ah/Kh:-1200|1200:randombluffer|deepStack
STATE:70:cc/cr1200f:Ks|Qs/Qh:-100|100:deepStack|randombluffer
STATE:71:r1200f:As|Qh:100|-100:randombluffer|deepStack
STATE:72:cc/cc:As|Kh/Qs:100|-100:deepStack|randombluffer
STATE:73:cr300c/r900c:Qh|Ah/Qs:900|-900:randombluffer|deepStack
STATE:74:cr300f:Qs|Kh:-100|100:deepStack|randombluffer
STATE:75:cr300f:Qs|Qh:-100|100:randombluffer|deepStack
STATE:76:cr300c/r1200f:Qs|Qh/Kh:300|-300:deepStack|randombluffer
STATE:77:cc/cr300f:Ks|Qh/Qs:-100|100:randombluffer|deepStack
STATE:78:cc/cc:Ks|Qs/Kh:100|-100:deepStack|randombluffer
STATE:79:cr1200f:Ks|As:-100|100:randombluffer|deepStack
STATE:80:r1200c/:As|Ah/Kh:0|0:deepStack|randombluffer
STATE:81:cr300r1200f:Ah|Qh:300|-300:randombluffer|deepStack
STATE:82:r1200f:As|Qs:100|-100:deepStack|randombluffer
STATE:83:cc/cc:As|Ah/Kh:0|0:randombluffer|deepStack
STATE:84:cr300f:Ks|As:-100|100:deepStack|randombluffer
STATE:85:r1200f:As|Kh:100|-100:randombluffer|deepStack
STATE:86:cr1200f:Qh|Ah:-100|100:deepStack|randombluffer
STATE:87:r1200f:Ks|Qs:100|-100:randombluffer|deepStack
STATE:88:r1200f:Ah|Qs:100|-100:deepStack|randombluffer
STATE:89:cr300f:Kh|Ah:-100|100:randombluffer|deepStack
STATE:90:r1200f:As|Ks:100|-100:deepStack|randombluffer
STATE:91:cc/cc:Ks|Qs/As:100|-100:randombluffer|deepStack
STATE:92:cr1200f:Qh|Ks:-100|100:deepStack|randombluffer
STATE:93:r1200f:As|Qs:100|-100:randombluffer|deepStack
STATE:94:r1200f:Ah|Qh:100|-100:deepStack|randombluffer
STATE:95:r1200f:Ah|Ks:100|-100:randombluffer|deepStack
STATE:96:cr1200f:Kh|Qh:-100|100:deepStack|randombluffer
STATE:97:cc/cr300r1200f:Ks|Qs/Kh:300|-300:randombluffer|deepStack
STATE:98:cr1200f:Qh|Ks:-100|100:deepStack|randombluffer
STATE:99:r1200c/:Qh|Ah/Qs:1200|-1200:randombluffer|deepStack
SCORE:2400|-2400:deepStack|randombluffer
