# name/game/hands/seed randomvdeepstack1000 ./DeepStack-Leduc/ACPCServer/leduc.game 1000 5
#--t_response 600000
#--t_hand 600000
#--t_per_hand 7000
STATE:0:r300c/cr1167f:As|Ks/Qs:-300|300:random|deepstack
STATE:1:r1158f:Qs|Kh:100|-100:deepstack|random
STATE:2:cr201c/cc:Ks|Qs/Qh:-201|201:random|deepstack
STATE:3:r1178c/cr1200c:Ks|As/Ah:-1200|1200:deepstack|random
STATE:4:cc/cc:As|Ah/Ks:0|0:random|deepstack
STATE:5:r1114f:Qh|Qs:100|-100:deepstack|random
STATE:6:cr779r1200c/:As|Ks/Kh:-1200|1200:random|deepstack
STATE:7:r230r1200c/:Qs|Ah/As:-1200|1200:deepstack|random
STATE:8:cr693r1200c/:Ah|As/Qs:0|0:random|deepstack
STATE:9:cr1200c/:Qs|As/Ah:-1200|1200:deepstack|random
STATE:10:cr626f:Qh|Ks:-100|100:random|deepstack
STATE:11:r1077r1200c/:Qh|As/Kh:-1200|1200:deepstack|random
STATE:12:cc/cr941f:Kh|Ks/As:-100|100:random|deepstack
STATE:13:r809r1200c/:Kh|As/Ks:1200|-1200:deepstack|random
STATE:14:cr1005f:Qh|Ah:-100|100:random|deepstack
STATE:15:r889r1200c/:Ks|As/Ah:-1200|1200:deepstack|random
STATE:16:cr580f:Ks|Qh:-100|100:random|deepstack
STATE:17:r693f:Ah|Kh:100|-100:deepstack|random
STATE:18:cr520r1200f:As|Kh:520|-520:random|deepstack
STATE:19:r909f:Ah|Kh:100|-100:deepstack|random
STATE:20:cc/cc:Qs|Ah/As:-100|100:random|deepstack
STATE:21:r426f:Ah|Qh:100|-100:deepstack|random
STATE:22:cr819f:Kh|Ks:-100|100:random|deepstack
STATE:23:cr1200c/:Qs|Ah/Ks:-1200|1200:deepstack|random
STATE:24:cc/cr1150f:Kh|As/Qs:-100|100:random|deepstack
STATE:25:r350c/cc:Ah|Ks/Qs:350|-350:deepstack|random
STATE:26:r1200c/:As|Ks/Ah:1200|-1200:random|deepstack
STATE:27:cr300r1122f:As|Qh:300|-300:deepstack|random
STATE:28:cr990f:Kh|Ah:-100|100:random|deepstack
STATE:29:cc/r811f:Qh|Ah/Ks:100|-100:deepstack|random
STATE:30:cr688r1200c/:Ah|As/Kh:0|0:random|deepstack
STATE:31:r845f:Ks|Qh:100|-100:deepstack|random
STATE:32:cr350f:Qs|Qh:-100|100:random|deepstack
STATE:33:r635r1200c/:As|Ah/Kh:0|0:deepstack|random
STATE:34:cc/cr671f:Ks|As/Qh:-100|100:random|deepstack
STATE:35:r763r1200c/:Qs|Ah/Qh:1200|-1200:deepstack|random
STATE:36:cc/cc:Qh|Ks/Ah:-100|100:random|deepstack
STATE:37:r489c/r703r1200c:Kh|As/Ah:-1200|1200:deepstack|random
STATE:38:cc/cc:Ks|Kh/Qs:0|0:random|deepstack
STATE:39:cr300r606c/r934f:Ah|Qh/Ks:606|-606:deepstack|random
STATE:40:cr317r1200c/:Ah|Qh/As:1200|-1200:random|deepstack
STATE:41:cr300c/cc:Qh|As/Kh:-300|300:deepstack|random
STATE:42:cr983f:Qh|Ah:-100|100:random|deepstack
STATE:43:r430c/r1032f:Kh|Ks/Qh:430|-430:deepstack|random
STATE:44:cc/cr666f:Qs|Qh/Ks:-100|100:random|deepstack
STATE:45:cr300r1035f:As|Kh:300|-300:deepstack|random
STATE:46:r1200c/:Ah|Ks/Qh:1200|-1200:random|deepstack
STATE:47:r265c/cr1200c:Kh|Ks/Qs:0|0:deepstack|random
STATE:48:cc/cc:As|Qs/Kh:100|-100:random|deepstack
STATE:49:cr300r753c/r1175c:Kh|As/Qh:-1175|1175:deepstack|random
STATE:50:cc/cc:Ks|As/Qh:-100|100:random|deepstack
STATE:51:r1059f:As|Ks:100|-100:deepstack|random
STATE:52:cr776f:Ks|Qh:-100|100:random|deepstack
STATE:53:r423f:Qh|Kh:100|-100:deepstack|random
STATE:54:cr937f:Kh|Qs:-100|100:random|deepstack
STATE:55:cc/cc:Kh|Qs/Ah:100|-100:deepstack|random
STATE:56:r1200c/:As|Qh/Kh:1200|-1200:random|deepstack
STATE:57:cr300c/r812c:Qh|Ah/Ks:-812|812:deepstack|random
STATE:58:cr382f:Kh|Qh:-100|100:random|deepstack
STATE:59:r1130r1200c/:Ks|As/Kh:1200|-1200:deepstack|random
STATE:60:cr689f:Kh|Qs:-100|100:random|deepstack
STATE:61:r643f:Qh|Ks:100|-100:deepstack|random
STATE:62:r1200c/:As|Qh/Ks:1200|-1200:random|deepstack
STATE:63:cc/r1025f:Ks|Kh/As:100|-100:deepstack|random
STATE:64:r1200c/:As|Qs/Qh:-1200|1200:random|deepstack
STATE:65:cc/cc:Qs|Kh/Ah:-100|100:deepstack|random
STATE:66:cc/cc:Qh|Kh/As:-100|100:random|deepstack
STATE:67:r594f:Ah|Ks:100|-100:deepstack|random
STATE:68:cc/r300r607f:Kh|As/Ah:-300|300:random|deepstack
STATE:69:r826f:Qs|Ks:100|-100:deepstack|random
STATE:70:cr1187f:Qh|Kh:-100|100:random|deepstack
STATE:71:cr300c/cr1200c:Qs|Ks/Kh:-1200|1200:deepstack|random
STATE:72:cr344f:Kh|Ks:-100|100:random|deepstack
STATE:73:r1029c/r1140r1200c:Qs|Ah/Ks:-1200|1200:deepstack|random
STATE:74:cr677r1200c/:Ah|Ks/As:1200|-1200:random|deepstack
STATE:75:cc/cr300c:Ah|Ks/Kh:-300|300:deepstack|random
STATE:76:cc/r300c:Kh|Qs/As:300|-300:random|deepstack
STATE:77:r967f:Ah|Ks:100|-100:deepstack|random
STATE:78:cc/cr703f:As|Kh/Qh:-100|100:random|deepstack
STATE:79:cc/cc:Kh|Qs/Ks:100|-100:deepstack|random
STATE:80:cc/cr390f:Qh|Ah/Kh:-100|100:random|deepstack
STATE:81:r900r1200c/:Qs|As/Qh:1200|-1200:deepstack|random
STATE:82:cc/r300r620r1200c:Ah|Ks/As:1200|-1200:random|deepstack
STATE:83:r358c/cr1074r1200c:Qh|Ks/Kh:-1200|1200:deepstack|random
STATE:84:cr758f:Ks|As:-100|100:random|deepstack
STATE:85:r301c/r1125f:Kh|Ks/Qh:301|-301:deepstack|random
STATE:86:cr985f:Qs|Kh:-100|100:random|deepstack
STATE:87:cc/r880r1200c:Ks|Qh/Qs:-1200|1200:deepstack|random
STATE:88:cc/r1200c:Ah|Kh/As:1200|-1200:random|deepstack
STATE:89:cr300c/cc:Kh|As/Qs:-300|300:deepstack|random
STATE:90:cc/cr567r1200c:Kh|Qs/Ks:1200|-1200:random|deepstack
STATE:91:cc/cc:Ah|Qh/Kh:100|-100:deepstack|random
STATE:92:r300r863r1200c/:As|Kh/Ah:1200|-1200:random|deepstack
STATE:93:cc/cc:Kh|Qs/As:100|-100:deepstack|random
STATE:94:cc/cc:Ks|Ah/Qh:-100|100:random|deepstack
STATE:95:r1142f:Ks|Kh:100|-100:deepstack|random
STATE:96:cr922f:Qh|As:-100|100:random|deepstack
STATE:97:cc/r992f:As|Ah/Ks:100|-100:deepstack|random
STATE:98:cr235c/r1200c:Qs|As/Qh:1200|-1200:random|deepstack
STATE:99:cc/cc:Qs|Kh/Qh:100|-100:deepstack|random
STATE:100:cc/cr736f:Qs|Kh/As:-100|100:random|deepstack
STATE:101:cr300r858r1200c/:Kh|As/Qs:-1200|1200:deepstack|random
STATE:102:cr834f:Ks|Ah:-100|100:random|deepstack
STATE:103:cc/cc:Ks|Ah/Qs:-100|100:deepstack|random
STATE:104:cr1190f:Qs|Ah:-100|100:random|deepstack
STATE:105:cr300r963r1200c/:Qh|As/Kh:-1200|1200:deepstack|random
STATE:106:cr775r1200c/:As|Ah/Qs:0|0:random|deepstack
STATE:107:cr300r1070r1200c/:Qs|As/Ah:-1200|1200:deepstack|random
STATE:108:cc/cr1199f:As|Qh/Qs:-100|100:random|deepstack
STATE:109:cc/cr300r1065r1200c:Qh|Ks/Kh:-1200|1200:deepstack|random
STATE:110:r1200c/:As|Qs/Ah:1200|-1200:random|deepstack
STATE:111:r489c/cr1200c:Qs|Ah/As:-1200|1200:deepstack|random
STATE:112:cr229c/cc:Qh|Kh/As:-229|229:random|deepstack
STATE:113:cc/r482f:Qh|Qs/Ah:100|-100:deepstack|random
STATE:114:cc/cr704f:Ah|Qs/Qh:-100|100:random|deepstack
STATE:115:cr300r595r1200c/:Qs|As/Kh:-1200|1200:deepstack|random
STATE:116:cc/cc:Qs|As/Kh:-100|100:random|deepstack
STATE:117:cc/cr300c:As|Qh/Qs:-300|300:deepstack|random
STATE:118:cc/cc:Qh|Kh/Ks:-100|100:random|deepstack
STATE:119:r222c/r718c:Ks|Kh/As:0|0:deepstack|random
STATE:120:cr969f:Ks|Ah:-100|100:random|deepstack
STATE:121:cc/cr300r633r1200c:Qh|Kh/Ks:-1200|1200:deepstack|random
STATE:122:cc/cr658f:Ks|Qs/As:-100|100:random|deepstack
STATE:123:r918f:Qs|Qh:100|-100:deepstack|random
STATE:124:cr503f:Ks|Kh:-100|100:random|deepstack
STATE:125:cc/r795f:Ks|As/Qs:100|-100:deepstack|random
STATE:126:cr235r705r1192r1200c/:As|Ks/Qs:1200|-1200:random|deepstack
STATE:127:r1184f:Qs|Qh:100|-100:deepstack|random
STATE:128:cc/cc:Kh|Qs/Ks:100|-100:random|deepstack
STATE:129:r598f:Kh|Ks:100|-100:deepstack|random
STATE:130:r1200c/:As|Ah/Kh:0|0:random|deepstack
STATE:131:r805r1200f:Ah|As:-805|805:deepstack|random
STATE:132:cr364f:Ks|Kh:-100|100:random|deepstack
STATE:133:cc/cc:Ah|Qh/As:100|-100:deepstack|random
STATE:134:r1200c/:Ah|Kh/Ks:-1200|1200:random|deepstack
STATE:135:cc/r310f:As|Qs/Ks:100|-100:deepstack|random
STATE:136:cr1051f:Qh|Qs:-100|100:random|deepstack
STATE:137:cc/r1096f:Qh|Qs/Kh:100|-100:deepstack|random
STATE:138:cr440f:Qh|Ah:-100|100:random|deepstack
STATE:139:r575r1200f:Qh|Ah:-575|575:deepstack|random
STATE:140:cr897r1200c/:Ah|Qs/Qh:-1200|1200:random|deepstack
STATE:141:r795f:Kh|Ks:100|-100:deepstack|random
STATE:142:cc/cc:As|Kh/Ks:-100|100:random|deepstack
STATE:143:r318r1200c/:Kh|As/Ah:-1200|1200:deepstack|random
STATE:144:cr607f:Qh|Ks:-100|100:random|deepstack
STATE:145:cr300c/r710c:Qs|As/Qh:710|-710:deepstack|random
STATE:146:cc/cr710f:Ks|Kh/Qh:-100|100:random|deepstack
STATE:147:r698r1200c/:Kh|Ah/Qs:-1200|1200:deepstack|random
STATE:148:r1200f:Ah|Ks:100|-100:random|deepstack
STATE:149:cr300c/r559c:Qh|Kh/As:-559|559:deepstack|random
STATE:150:cr1126r1200c/:Ah|Qs/Ks:1200|-1200:random|deepstack
STATE:151:cc/r560f:Qh|Ks/Ah:100|-100:deepstack|random
STATE:152:cc/cr294f:As|Ah/Qs:-100|100:random|deepstack
STATE:153:cc/r278f:Ks|Kh/Qh:100|-100:deepstack|random
STATE:154:cr942r1200c/:As|Qs/Kh:1200|-1200:random|deepstack
STATE:155:cr300r1149c/r1200c:Qh|Ah/Ks:-1200|1200:deepstack|random
STATE:156:cc/cc:Qs|Ah/Kh:-100|100:random|deepstack
STATE:157:cr300r610r1200c/:Ah|As/Qh:0|0:deepstack|random
STATE:158:cc/cr586f:Ks|Qs/Qh:-100|100:random|deepstack
STATE:159:cr1200c/:Qh|Ah/As:-1200|1200:deepstack|random
STATE:160:cr714f:Qh|Qs:-100|100:random|deepstack
STATE:161:r683r1200c/:As|Ah/Qs:0|0:deepstack|random
STATE:162:cr551f:Ks|Qh:-100|100:random|deepstack
STATE:163:cr300r873c/cr1200c:As|Ah/Ks:0|0:deepstack|random
STATE:164:cc/r1200c:Ks|Ah/As:-1200|1200:random|deepstack
STATE:165:cc/cc:Ah|Kh/Qs:100|-100:deepstack|random
STATE:166:cc/r300r606c:Ks|As/Ah:-606|606:random|deepstack
STATE:167:cc/r795f:As|Qs/Kh:100|-100:deepstack|random
STATE:168:cr1090f:Qh|As:-100|100:random|deepstack
STATE:169:r1067f:Qh|Kh:100|-100:deepstack|random
STATE:170:cr702f:Kh|Qh:-100|100:random|deepstack
STATE:171:cr300c/r571f:As|Qs/Kh:300|-300:deepstack|random
STATE:172:cr843f:Ks|As:-100|100:random|deepstack
STATE:173:cc/r565f:Qh|Ah/Kh:100|-100:deepstack|random
STATE:174:cc/cc:Ks|Qs/Qh:-100|100:random|deepstack
STATE:175:r454c/r1053f:Ah|Qs/Kh:454|-454:deepstack|random
STATE:176:r1200c/:Ah|Qs/Qh:-1200|1200:random|deepstack
STATE:177:cr300r969f:Ks|Qs:300|-300:deepstack|random
STATE:178:cc/cc:As|Ah/Kh:0|0:random|deepstack
STATE:179:cr300c/r745c:As|Ah/Kh:0|0:deepstack|random
STATE:180:r1200c/:Ah|As/Kh:0|0:random|deepstack
STATE:181:cc/r258f:Ks|Ah/Qs:100|-100:deepstack|random
STATE:182:cr504f:Ks|Kh:-100|100:random|deepstack
STATE:183:r1057f:Ks|Qh:100|-100:deepstack|random
STATE:184:cr293f:Qs|Kh:-100|100:random|deepstack
STATE:185:r680f:As|Qs:100|-100:deepstack|random
STATE:186:cr903f:Qs|Ks:-100|100:random|deepstack
STATE:187:cr300c/r928c:Qs|Ah/Qh:928|-928:deepstack|random
STATE:188:cc/cr830f:Qs|Kh/As:-100|100:random|deepstack
STATE:189:cr300c/cr1200c:Kh|Ah/As:-1200|1200:deepstack|random
STATE:190:cr261c/cr973f:Qh|Ah/Ks:-261|261:random|deepstack
STATE:191:cr1200c/:Ks|As/Qh:-1200|1200:deepstack|random
STATE:192:cr585f:Ks|Kh:-100|100:random|deepstack
STATE:193:r792r1200c/:Qs|As/Kh:-1200|1200:deepstack|random
STATE:194:cc/cc:Qs|Kh/Ks:-100|100:random|deepstack
STATE:195:r569f:Ah|Ks:100|-100:deepstack|random
STATE:196:cr878r1200c/:As|Ks/Qh:1200|-1200:random|deepstack
STATE:197:cc/r386f:Qs|As/Kh:100|-100:deepstack|random
STATE:198:cr1173f:Kh|Ah:-100|100:random|deepstack
STATE:199:cc/r543f:As|Qs/Ks:100|-100:deepstack|random
STATE:200:cr861f:Ks|Qh:-100|100:random|deepstack
STATE:201:cc/r812f:As|Kh/Qs:100|-100:deepstack|random
STATE:202:cc/cc:Qh|Kh/As:-100|100:random|deepstack
STATE:203:cc/r560f:Qs|Qh/Ks:100|-100:deepstack|random
STATE:204:cr852f:Ks|Qs:-100|100:random|deepstack
STATE:205:r546c/r680c:Qs|Ah/Ks:-680|680:deepstack|random
STATE:206:r1200f:Ah|As:100|-100:random|deepstack
STATE:207:r441c/r1019f:Ks|Kh/Ah:441|-441:deepstack|random
STATE:208:cc/r300c:Kh|Ks/Ah:0|0:random|deepstack
STATE:209:r1084r1200c/:Ah|As/Qs:0|0:deepstack|random
STATE:210:cr763f:Qh|Kh:-100|100:random|deepstack
STATE:211:cc/r761f:Kh|Ks/Ah:100|-100:deepstack|random
STATE:212:cr917f:Qs|Kh:-100|100:random|deepstack
STATE:213:r716r1200c/:Qs|As/Ks:-1200|1200:deepstack|random
STATE:214:cc/cr389f:Qs|Qh/Ks:-100|100:random|deepstack
STATE:215:r399r1200f:Qs|Ah:-399|399:deepstack|random
STATE:216:cr805f:Ks|As:-100|100:random|deepstack
STATE:217:r364f:As|Qs:100|-100:deepstack|random
STATE:218:cr251c/cc:Qh|Ks/Ah:-251|251:random|deepstack
STATE:219:cc/r216r1200c:Qs|Ks/Kh:-1200|1200:deepstack|random
STATE:220:cc/cr1049f:Qh|As/Ks:-100|100:random|deepstack
STATE:221:cc/cc:Kh|Ks/Qh:0|0:deepstack|random
STATE:222:cr203c/cr419f:Ks|As/Qs:-203|203:random|deepstack
STATE:223:r802r1200c/:Qs|Ah/Kh:-1200|1200:deepstack|random
STATE:224:cc/cc:Kh|Qs/Qh:-100|100:random|deepstack
STATE:225:r969f:Ks|Qs:100|-100:deepstack|random
STATE:226:r300c/cr955r1200c:Kh|As/Ks:1200|-1200:random|deepstack
STATE:227:cc/r554r1200c:Qh|Ks/Kh:-1200|1200:deepstack|random
STATE:228:cc/r300r607r1200c:Ks|Kh/As:0|0:random|deepstack
STATE:229:cc/cc:Ah|Qs/As:100|-100:deepstack|random
STATE:230:cc/r300r1079f:Ks|Qh/Ah:-300|300:random|deepstack
STATE:231:r1117f:Ks|Kh:100|-100:deepstack|random
STATE:232:cr608f:Qs|Kh:-100|100:random|deepstack
STATE:233:cc/cc:Qh|Qs/Ah:0|0:deepstack|random
STATE:234:cc/cr1101f:Qs|Kh/Ks:-100|100:random|deepstack
STATE:235:r930r1200c/:Kh|As/Qh:-1200|1200:deepstack|random
STATE:236:cr212c/cr629f:Ks|Ah/Qs:-212|212:random|deepstack
STATE:237:cc/r582f:Ks|Qh/As:100|-100:deepstack|random
STATE:238:cc/cc:Qh|As/Ah:-100|100:random|deepstack
STATE:239:cc/cr300c:Ks|Qh/Kh:300|-300:deepstack|random
STATE:240:cc/cr364f:Ah|Ks/Qs:-100|100:random|deepstack
STATE:241:r937f:Kh|Qs:100|-100:deepstack|random
STATE:242:cc/cr896f:Qh|Qs/Ah:-100|100:random|deepstack
STATE:243:r255c/r689f:As|Kh/Ah:255|-255:deepstack|random
STATE:244:cc/cr289f:Qh|Qs/Ah:-100|100:random|deepstack
STATE:245:r1167f:Ah|Ks:100|-100:deepstack|random
STATE:246:r1200c/:As|Qs/Ah:1200|-1200:random|deepstack
STATE:247:cc/cr300c:Ks|Qs/Qh:-300|300:deepstack|random
STATE:248:cr807r1200c/:As|Qs/Ks:1200|-1200:random|deepstack
STATE:249:cr300c/cr1200f:Kh|Qs/Ah:-300|300:deepstack|random
STATE:250:cr818f:Qs|As:-100|100:random|deepstack
STATE:251:r580r1200c/:Ks|Ah/Qs:-1200|1200:deepstack|random
STATE:252:cc/cc:As|Qh/Kh:100|-100:random|deepstack
STATE:253:cc/cc:Qh|Kh/Qs:100|-100:deepstack|random
STATE:254:r300c/cc:As|Ah/Kh:0|0:random|deepstack
STATE:255:cc/r701f:As|Ks/Qs:100|-100:deepstack|random
STATE:256:cc/cc:Kh|Qh/Qs:-100|100:random|deepstack
STATE:257:r1109f:Ah|Kh:100|-100:deepstack|random
STATE:258:r300r1043f:Ks|As:-300|300:random|deepstack
STATE:259:cc/r1087f:As|Qs/Ks:100|-100:deepstack|random
STATE:260:cc/cr452f:Qs|Qh/As:-100|100:random|deepstack
STATE:261:r890f:As|Qh:100|-100:deepstack|random
STATE:262:cc/cr1017f:Ah|As/Ks:-100|100:random|deepstack
STATE:263:r614f:Kh|Qs:100|-100:deepstack|random
STATE:264:cr719f:Ks|Qs:-100|100:random|deepstack
STATE:265:cc/r437f:Ah|Qs/As:100|-100:deepstack|random
STATE:266:r300r759c/cc:Kh|As/Qh:-759|759:random|deepstack
STATE:267:cc/r1154f:As|Kh/Ah:100|-100:deepstack|random
STATE:268:cc/cr1060r1200c:Qs|Ks/Qh:1200|-1200:random|deepstack
STATE:269:cc/r951f:Ks|Qs/Kh:100|-100:deepstack|random
STATE:270:cc/r300c:As|Qh/Ah:300|-300:random|deepstack
STATE:271:r992f:Qs|Kh:100|-100:deepstack|random
STATE:272:r1200c/:Ah|Qs/As:1200|-1200:random|deepstack
STATE:273:r917f:Qs|Kh:100|-100:deepstack|random
STATE:274:cc/cr664f:Kh|As/Qs:-100|100:random|deepstack
STATE:275:cc/cc:As|Qs/Kh:100|-100:deepstack|random
STATE:276:cr828f:Ks|As:-100|100:random|deepstack
STATE:277:r448r1200c/:Qh|As/Qs:1200|-1200:deepstack|random
STATE:278:cc/cr706f:Qh|Kh/As:-100|100:random|deepstack
STATE:279:r395c/r543r1200c:As|Kh/Ks:-1200|1200:deepstack|random
STATE:280:cc/cc:Ah|Qh/Kh:100|-100:random|deepstack
STATE:281:cr300r1041c/r1198c:Kh|Ah/Ks:1198|-1198:deepstack|random
STATE:282:cr823f:Ks|Qh:-100|100:random|deepstack
STATE:283:cr300c/r1109c:Qh|As/Ah:-1109|1109:deepstack|random
STATE:284:cr283r1200c/:Ah|Ks/Qs:1200|-1200:random|deepstack
STATE:285:cr300r564c/r934r1200c:Qh|Ks/Kh:-1200|1200:deepstack|random
STATE:286:cc/r300c:Kh|Qh/As:300|-300:random|deepstack
STATE:287:r760c/r1121c:Qs|Ah/Qh:1121|-1121:deepstack|random
STATE:288:cc/cc:Ks|Qs/Ah:100|-100:random|deepstack
STATE:289:cr1200c/:Ks|As/Qh:-1200|1200:deepstack|random
STATE:290:cr955f:Ks|Kh:-100|100:random|deepstack
STATE:291:cc/cc:Qh|Qs/Ks:0|0:deepstack|random
STATE:292:cr730f:Qs|As:-100|100:random|deepstack
STATE:293:r363c/r883r1200c:Qs|Ks/Kh:-1200|1200:deepstack|random
STATE:294:cc/r300r643f:Ks|Kh/Ah:-300|300:random|deepstack
STATE:295:cc/r929f:Ah|Qh/As:100|-100:deepstack|random
STATE:296:cr1044f:Qs|Kh:-100|100:random|deepstack
STATE:297:r1048f:Qs|Kh:100|-100:deepstack|random
STATE:298:cr508f:Kh|Qs:-100|100:random|deepstack
STATE:299:r910r1200c/:Qh|As/Ks:-1200|1200:deepstack|random
STATE:300:cc/cc:Qs|Qh/Ah:0|0:random|deepstack
STATE:301:cr300r667r1200c/:Qs|As/Ah:-1200|1200:deepstack|random
STATE:302:cc/r1200c:Qs|Ah/As:-1200|1200:random|deepstack
STATE:303:cr300r845r1200c/:Qh|As/Ks:-1200|1200:deepstack|random
STATE:304:cr550f:Ks|Ah:-100|100:random|deepstack
STATE:305:r343c/cr1029c:Ah|Kh/Ks:-1029|1029:deepstack|random
STATE:306:cc/cr529f:Ks|Ah/Qh:-100|100:random|deepstack
STATE:307:r556f:Ah|Ks:100|-100:deepstack|random
STATE:308:r1200c/:Ah|Qh/Kh:1200|-1200:random|deepstack
STATE:309:cr300f:Qh|As:-100|100:deepstack|random
STATE:310:r300c/cc:Kh|As/Qh:-300|300:random|deepstack
STATE:311:r462f:Ah|Kh:100|-100:deepstack|random
STATE:312:cr943f:Kh|Ah:-100|100:random|deepstack
STATE:313:r848f:Ks|Qh:100|-100:deepstack|random
STATE:314:cr216c/r648r1192r1200c:Qh|Ks/Qs:1200|-1200:random|deepstack
STATE:315:cc/cc:Qs|Ks/Ah:-100|100:deepstack|random
STATE:316:cc/cr554f:Qh|Ks/As:-100|100:random|deepstack
STATE:317:r531r1200c/:Qh|As/Ks:-1200|1200:deepstack|random
STATE:318:cc/cc:Qs|Qh/Ah:0|0:random|deepstack
STATE:319:r870f:As|Qs:100|-100:deepstack|random
STATE:320:r1200c/:As|Qs/Qh:-1200|1200:random|deepstack
STATE:321:r292c/r1134f:Ah|Ks/As:292|-292:deepstack|random
STATE:322:cr507c/cr942c:Ah|Kh/As:942|-942:random|deepstack
STATE:323:r331f:Ks|Qs:100|-100:deepstack|random
STATE:324:cr1128r1200c/:As|Qs/Ks:1200|-1200:random|deepstack
STATE:325:r1100f:As|Qh:100|-100:deepstack|random
STATE:326:cc/cr632r1200c:Qs|As/Qh:1200|-1200:random|deepstack
STATE:327:r700r1200c/:Kh|As/Qs:-1200|1200:deepstack|random
STATE:328:cr252c/cr865f:Ks|Qs/Qh:-252|252:random|deepstack
STATE:329:cr300c/r1105f:Qh|As/Kh:300|-300:deepstack|random
STATE:330:cc/r300f:Ks|Kh/As:100|-100:random|deepstack
STATE:331:r1019f:Ah|Ks:100|-100:deepstack|random
STATE:332:cr544f:Kh|Ah:-100|100:random|deepstack
STATE:333:cc/cc:Qs|Kh/Ah:-100|100:deepstack|random
STATE:334:cr221c/r663r1127c:Kh|As/Ks:1127|-1127:random|deepstack
STATE:335:r677r1200c/:Ks|Ah/Qh:-1200|1200:deepstack|random
STATE:336:cr253c/cr397f:Ks|Kh/Qs:-253|253:random|deepstack
STATE:337:cc/r1141f:Qs|Qh/Ks:100|-100:deepstack|random
STATE:338:cr437f:Qh|As:-100|100:random|deepstack
STATE:339:cc/cc:Qs|Kh/As:-100|100:deepstack|random
STATE:340:cr1176f:Qs|Kh:-100|100:random|deepstack
STATE:341:r230c/cr690c:Qh|Ks/Kh:-690|690:deepstack|random
STATE:342:cr707f:Qh|Ah:-100|100:random|deepstack
STATE:343:cr300r888r1200c/:Ks|As/Qs:-1200|1200:deepstack|random
STATE:344:cr688r1200c/:As|Ks/Ah:1200|-1200:random|deepstack
STATE:345:cc/r1099f:Kh|Qh/Ks:100|-100:deepstack|random
STATE:346:cc/cr304f:Qh|Kh/Ks:-100|100:random|deepstack
STATE:347:cc/r275c:Ks|Kh/Ah:0|0:deepstack|random
STATE:348:cr632f:Ks|Qs:-100|100:random|deepstack
STATE:349:r1074f:As|Qs:100|-100:deepstack|random
STATE:350:cc/cr1174f:Ah|Qs/Ks:-100|100:random|deepstack
STATE:351:r769f:Qs|Qh:100|-100:deepstack|random
STATE:352:cc/cc:Ks|As/Qs:-100|100:random|deepstack
STATE:353:r631r1200c/:Qh|Ah/As:-1200|1200:deepstack|random
STATE:354:cr571f:Kh|Ah:-100|100:random|deepstack
STATE:355:r516f:Qs|Qh:100|-100:deepstack|random
STATE:356:r1200c/:As|Qh/Ks:1200|-1200:random|deepstack
STATE:357:cc/cc:As|Ks/Qs:100|-100:deepstack|random
STATE:358:cr920f:Qs|As:-100|100:random|deepstack
STATE:359:cc/cc:Ah|Kh/As:100|-100:deepstack|random
STATE:360:r1200c/:Ah|As/Qh:0|0:random|deepstack
STATE:361:r1119f:Kh|Qh:100|-100:deepstack|random
STATE:362:cc/r300r574r1200c:As|Qh/Ah:1200|-1200:random|deepstack
STATE:363:r982f:As|Ks:100|-100:deepstack|random
STATE:364:cc/cc:Kh|Qs/Ks:100|-100:random|deepstack
STATE:365:cc/cc:Kh|Ks/Ah:0|0:deepstack|random
STATE:366:cr711f:Qh|As:-100|100:random|deepstack
STATE:367:r698f:Kh|Qs:100|-100:deepstack|random
STATE:368:cc/cc:As|Qh/Kh:100|-100:random|deepstack
STATE:369:r799f:Qs|Ks:100|-100:deepstack|random
STATE:370:cc/r1200c:Ah|Ks/As:1200|-1200:random|deepstack
STATE:371:r273c/r1169f:As|Ks/Qs:273|-273:deepstack|random
STATE:372:r1200c/:Ah|Qs/As:1200|-1200:random|deepstack
STATE:373:r619f:Qh|Ks:100|-100:deepstack|random
STATE:374:cc/cc:Kh|Ah/As:-100|100:random|deepstack
STATE:375:cc/cr300r751f:As|Qs/Ks:300|-300:deepstack|random
STATE:376:cr950r1200f:As|Ks:950|-950:random|deepstack
STATE:377:cc/cc:Kh|Ks/Qs:0|0:deepstack|random
STATE:378:cc/cr945r1200c:Kh|Qs/Ks:1200|-1200:random|deepstack
STATE:379:cr300r630c/cr1200c:As|Ks/Ah:1200|-1200:deepstack|random
STATE:380:r300r1017f:Ks|As:-300|300:random|deepstack
STATE:381:r1124c/cr1200c:Qh|As/Kh:-1200|1200:deepstack|random
STATE:382:cr1175r1200c/:As|Qh/Kh:1200|-1200:random|deepstack
STATE:383:r535r1200c/:Qs|Ah/Kh:-1200|1200:deepstack|random
STATE:384:cc/cc:Ks|Qh/Kh:100|-100:random|deepstack
STATE:385:cc/cc:Qh|Qs/Ah:0|0:deepstack|random
STATE:386:r1200c/:As|Ah/Ks:0|0:random|deepstack
STATE:387:r377c/cc:Ks|Qh/As:377|-377:deepstack|random
STATE:388:cc/cr469f:Qs|As/Ks:-100|100:random|deepstack
STATE:389:r600f:Ah|Kh:100|-100:deepstack|random
STATE:390:cr738f:Ks|As:-100|100:random|deepstack
STATE:391:cc/cc:Qs|Qh/As:0|0:deepstack|random
STATE:392:cr1060f:Qh|As:-100|100:random|deepstack
STATE:393:r607f:As|Qh:100|-100:deepstack|random
STATE:394:r300c/cc:Ks|Ah/Qh:-300|300:random|deepstack
STATE:395:r705f:Qh|Kh:100|-100:deepstack|random
STATE:396:cc/cr659r1200c:Ks|As/Kh:1200|-1200:random|deepstack
STATE:397:cc/cr300c:Qs|Kh/Ks:-300|300:deepstack|random
STATE:398:cc/cc:Ah|Kh/Qh:100|-100:random|deepstack
STATE:399:r1022r1200c/:Qh|As/Ks:-1200|1200:deepstack|random
STATE:400:cr750f:Ks|Qs:-100|100:random|deepstack
STATE:401:cr300r1085f:Ks|Kh:300|-300:deepstack|random
STATE:402:cr1158r1200c/:As|Qh/Ah:1200|-1200:random|deepstack
STATE:403:r223c/r755f:Kh|Qh/Ks:223|-223:deepstack|random
STATE:404:cc/cc:Ks|Qs/Kh:100|-100:random|deepstack
STATE:405:r342c/cr1200c:Qh|Ah/As:-1200|1200:deepstack|random
STATE:406:r300c/cr721f:Ks|As/Qh:-300|300:random|deepstack
STATE:407:cr300c/r869f:As|Ah/Kh:300|-300:deepstack|random
STATE:408:cr280f:Qs|Qh:-100|100:random|deepstack
STATE:409:r369c/cc:Qs|Kh/Qh:369|-369:deepstack|random
STATE:410:cr798f:Ks|Ah:-100|100:random|deepstack
STATE:411:r524r1200c/:Qs|Ah/Qh:1200|-1200:deepstack|random
STATE:412:cc/cr419f:Qs|Ks/Ah:-100|100:random|deepstack
STATE:413:r950r1200c/:Qs|Ah/Kh:-1200|1200:deepstack|random
STATE:414:cc/cc:Kh|Qh/Ah:100|-100:random|deepstack
STATE:415:r879f:As|Ks:100|-100:deepstack|random
STATE:416:cc/cc:Qs|Ks/Kh:-100|100:random|deepstack
STATE:417:cr300c/cr900r1200c:Qs|Ah/As:-1200|1200:deepstack|random
STATE:418:r1200c/:As|Ks/Kh:-1200|1200:random|deepstack
STATE:419:cr300r892f:Qh|Ks:300|-300:deepstack|random
STATE:420:cc/r1200c:As|Qs/Ah:1200|-1200:random|deepstack
STATE:421:r1084f:Kh|Qh:100|-100:deepstack|random
STATE:422:cc/cr707f:Kh|As/Qs:-100|100:random|deepstack
STATE:423:r960f:Ks|Qs:100|-100:deepstack|random
STATE:424:cc/cr789f:Ah|Qs/Ks:-100|100:random|deepstack
STATE:425:r438c/cr1200c:Ks|As/Qh:-1200|1200:deepstack|random
STATE:426:cr654f:Kh|As:-100|100:random|deepstack
STATE:427:r516f:Ah|Qs:100|-100:deepstack|random
STATE:428:cr1014f:Qh|Qs:-100|100:random|deepstack
STATE:429:cr300c/r1173r1200c:Qs|Ah/As:-1200|1200:deepstack|random
STATE:430:cr816r1200c/:As|Qs/Kh:1200|-1200:random|deepstack
STATE:431:r1155f:Qh|Ks:100|-100:deepstack|random
STATE:432:cr887f:Ks|Ah:-100|100:random|deepstack
STATE:433:r921r1200c/:As|Ah/Qh:0|0:deepstack|random
STATE:434:cr770f:Qh|As:-100|100:random|deepstack
STATE:435:r975f:Qh|Qs:100|-100:deepstack|random
STATE:436:cr794f:Qs|Ks:-100|100:random|deepstack
STATE:437:cc/r245f:Ah|Qs/Ks:100|-100:deepstack|random
STATE:438:cc/cr389f:Qh|Kh/As:-100|100:random|deepstack
STATE:439:cr300c/r1032f:Kh|Ks/Qh:300|-300:deepstack|random
STATE:440:cc/cc:Ah|Qh/Kh:100|-100:random|deepstack
STATE:441:cc/r796r1200c:Kh|Qs/Qh:-1200|1200:deepstack|random
STATE:442:cc/cc:Ks|Qh/Kh:100|-100:random|deepstack
STATE:443:r715r1200c/:Ah|As/Ks:0|0:deepstack|random
STATE:444:r300r1025r1200c/:As|Ah/Ks:0|0:random|deepstack
STATE:445:cr300r1121c/r1200c:Qh|As/Ks:-1200|1200:deepstack|random
STATE:446:cr318r1200c/:Ah|Qs/Ks:1200|-1200:random|deepstack
STATE:447:r608f:Kh|Qs:100|-100:deepstack|random
STATE:448:cc/cr515r1200c:Qh|Kh/Qs:1200|-1200:random|deepstack
STATE:449:cc/r674f:Ks|Qs/Kh:100|-100:deepstack|random
STATE:450:cr645f:Ks|Qs:-100|100:random|deepstack
STATE:451:r692f:Qh|Ks:100|-100:deepstack|random
STATE:452:cr1041f:Ks|Ah:-100|100:random|deepstack
STATE:453:r405f:Ah|Qh:100|-100:deepstack|random
STATE:454:r1200c/:Ah|Kh/As:1200|-1200:random|deepstack
STATE:455:cr300c/cc:Qs|Ah/Ks:-300|300:deepstack|random
STATE:456:cc/cr531f:Ks|Qs/Qh:-100|100:random|deepstack
STATE:457:cc/r1061f:Ah|Kh/Qs:100|-100:deepstack|random
STATE:458:r1200c/:Ah|As/Qh:0|0:random|deepstack
STATE:459:r426f:Kh|Qs:100|-100:deepstack|random
STATE:460:cc/cr1113f:As|Ks/Qs:-100|100:random|deepstack
STATE:461:r205c/r914c:Ah|Ks/As:914|-914:deepstack|random
STATE:462:cr327r1200c/:Ah|Ks/Qs:1200|-1200:random|deepstack
STATE:463:r434c/r600f:As|Kh/Qh:434|-434:deepstack|random
STATE:464:cc/cr536f:Ks|Qh/Qs:-100|100:random|deepstack
STATE:465:r1144c/r1200c:Kh|Ah/Qs:-1200|1200:deepstack|random
STATE:466:r1200c/:Ah|Ks/As:1200|-1200:random|deepstack
STATE:467:r609f:Kh|Qs:100|-100:deepstack|random
STATE:468:cr825f:Ks|Qs:-100|100:random|deepstack
STATE:469:r1004f:Qh|Ks:100|-100:deepstack|random
STATE:470:cr589f:Qh|Kh:-100|100:random|deepstack
STATE:471:cr300c/r768f:Ah|Qh/Kh:300|-300:deepstack|random
STATE:472:cc/cc:Qh|Qs/Kh:0|0:random|deepstack
STATE:473:cr300r919r1200c/:Qs|As/Qh:1200|-1200:deepstack|random
STATE:474:cr832r1200c/:As|Qh/Ah:1200|-1200:random|deepstack
STATE:475:cr1200c/:Ks|As/Qs:-1200|1200:deepstack|random
STATE:476:r300c/cc:Ks|Kh/Qs:0|0:random|deepstack
STATE:477:r792r1200c/:Kh|As/Ah:-1200|1200:deepstack|random
STATE:478:cr651f:Qh|Ah:-100|100:random|deepstack
STATE:479:cc/r728f:As|Ks/Qh:100|-100:deepstack|random
STATE:480:cc/cc:Qh|Qs/As:0|0:random|deepstack
STATE:481:cc/cc:Ah|As/Qh:0|0:deepstack|random
STATE:482:cr540f:Kh|Ks:-100|100:random|deepstack
STATE:483:r597f:Qh|Qs:100|-100:deepstack|random
STATE:484:cr411f:Ks|Qh:-100|100:random|deepstack
STATE:485:cr300r1173c/cr1200c:Qh|As/Kh:-1200|1200:deepstack|random
STATE:486:cr308f:Qs|Ah:-100|100:random|deepstack
STATE:487:cr300c/r1013f:As|Ah/Qh:300|-300:deepstack|random
STATE:488:cc/cr785r1200c:Ks|Qh/Kh:1200|-1200:random|deepstack
STATE:489:cc/r426f:Ah|Kh/Qs:100|-100:deepstack|random
STATE:490:cc/cc:Ks|Qs/Kh:100|-100:random|deepstack
STATE:491:r764f:Ah|Qh:100|-100:deepstack|random
STATE:492:cr286f:Kh|Qs:-100|100:random|deepstack
STATE:493:cr300c/r970f:Kh|Qh/Ks:300|-300:deepstack|random
STATE:494:cc/r300r1189r1200c:Ks|Kh/As:0|0:random|deepstack
STATE:495:cr300c/cr1200c:Kh|Ks/As:0|0:deepstack|random
STATE:496:cc/cc:Qh|As/Kh:-100|100:random|deepstack
STATE:497:cc/r1159f:As|Kh/Qs:100|-100:deepstack|random
STATE:498:cc/cc:Ah|Qh/Qs:-100|100:random|deepstack
STATE:499:cc/cr300r726f:Ah|Kh/Qs:300|-300:deepstack|random
STATE:500:r1200c/:As|Qh/Ah:1200|-1200:random|deepstack
STATE:501:r895f:Ks|Kh:100|-100:deepstack|random
STATE:502:cr1135r1200c/:Ah|As/Qs:0|0:random|deepstack
STATE:503:cr300c/cr1200c:Kh|Ah/Ks:1200|-1200:deepstack|random
STATE:504:r1200c/:As|Qh/Ks:1200|-1200:random|deepstack
STATE:505:cc/r231f:Ks|Kh/Qs:100|-100:deepstack|random
STATE:506:cr520f:Kh|As:-100|100:random|deepstack
STATE:507:cr300f:Qh|As:-100|100:deepstack|random
STATE:508:cc/cr862f:Qs|Qh/Kh:-100|100:random|deepstack
STATE:509:r678f:Qs|Ks:100|-100:deepstack|random
STATE:510:cr898r1200c/:As|Kh/Ah:1200|-1200:random|deepstack
STATE:511:r255c/cr765c:Qs|Ks/Kh:-765|765:deepstack|random
STATE:512:cr229c/cc:Kh|Ks/Ah:0|0:random|deepstack
STATE:513:r243c/r786r1200c:Ks|Ah/Qs:-1200|1200:deepstack|random
STATE:514:cr1052f:Qs|As:-100|100:random|deepstack
STATE:515:cr300r798c/cc:Ah|Kh/As:798|-798:deepstack|random
STATE:516:r300c/cc:Kh|Ks/Qh:0|0:random|deepstack
STATE:517:cc/cr300r1138f:Qs|Ks/Qh:300|-300:deepstack|random
STATE:518:cc/cc:Qh|Kh/Qs:100|-100:random|deepstack
STATE:519:cc/r444f:As|Qs/Ah:100|-100:deepstack|random
STATE:520:cc/cc:Kh|As/Ks:100|-100:random|deepstack
STATE:521:r414f:As|Kh:100|-100:deepstack|random
STATE:522:cc/cr625f:Qh|Ks/Kh:-100|100:random|deepstack
STATE:523:cr300c/cr1200c:Qs|As/Kh:-1200|1200:deepstack|random
STATE:524:cr658f:Ks|Qs:-100|100:random|deepstack
STATE:525:cc/cc:As|Qs/Kh:100|-100:deepstack|random
STATE:526:cc/cr813r1200c:Qh|As/Qs:1200|-1200:random|deepstack
STATE:527:cc/r366f:Kh|Qs/Ah:100|-100:deepstack|random
STATE:528:cc/cr278f:Kh|Qh/Qs:-100|100:random|deepstack
STATE:529:cr300r587c/r1100r1200f:Qs|Kh/Ks:-1100|1100:deepstack|random
STATE:530:cc/r1200c:Qs|Kh/As:-1200|1200:random|deepstack
STATE:531:r303r1200c/:Kh|Ah/Ks:1200|-1200:deepstack|random
STATE:532:cr971f:Qh|As:-100|100:random|deepstack
STATE:533:cc/r1154f:Ks|Qh/Ah:100|-100:deepstack|random
STATE:534:cc/cr982r1200c:Ks|As/Kh:1200|-1200:random|deepstack
STATE:535:cr300c/cr1200c:As|Kh/Ks:-1200|1200:deepstack|random
STATE:536:cr771f:Qh|Ks:-100|100:random|deepstack
STATE:537:cc/r794r1200c:Qh|Ks/Kh:-1200|1200:deepstack|random
STATE:538:cr714f:Qh|As:-100|100:random|deepstack
STATE:539:r542f:Qs|Ks:100|-100:deepstack|random
STATE:540:cr328f:Kh|Qs:-100|100:random|deepstack
STATE:541:cr300c/r788r1200c:Qs|Ah/As:-1200|1200:deepstack|random
STATE:542:cr289r1200c/:Ah|Kh/Qs:1200|-1200:random|deepstack
STATE:543:cc/cc:Qh|Ks/Ah:-100|100:deepstack|random
STATE:544:cc/cr891f:Qs|As/Kh:-100|100:random|deepstack
STATE:545:cr300r611r1200c/:Qs|Ah/Kh:-1200|1200:deepstack|random
STATE:546:r1200c/:Ah|As/Qs:0|0:random|deepstack
STATE:547:r721f:Ah|Kh:100|-100:deepstack|random
STATE:548:cr874f:Kh|Qh:-100|100:random|deepstack
STATE:549:cr300r1178r1200c/:As|Ah/Kh:0|0:deepstack|random
STATE:550:r1200f:As|Qs:100|-100:random|deepstack
STATE:551:cr300r558c/cr1200c:Qh|Kh/As:-1200|1200:deepstack|random
STATE:552:r1200c/:As|Ah/Kh:0|0:random|deepstack
STATE:553:r271r813c/cr1200c:Ah|As/Kh:0|0:deepstack|random
STATE:554:cc/r300r797f:Ks|Ah/As:-300|300:random|deepstack
STATE:555:r442c/r1052r1200f:Kh|Qs/Qh:-1052|1052:deepstack|random
STATE:556:cr833f:Ks|Ah:-100|100:random|deepstack
STATE:557:cc/cr300c:As|Qh/Qs:-300|300:deepstack|random
STATE:558:cr482f:Kh|Ks:-100|100:random|deepstack
STATE:559:cc/r821f:Qh|Qs/Ah:100|-100:deepstack|random
STATE:560:cc/cr1054c:Qh|As/Qs:1054|-1054:random|deepstack
STATE:561:cc/r722f:Kh|Qh/Ks:100|-100:deepstack|random
STATE:562:r1200c/:As|Qh/Ks:1200|-1200:random|deepstack
STATE:563:cr300c/r515c:Qs|Ah/Kh:-515|515:deepstack|random
STATE:564:cc/cc:Qs|Kh/As:-100|100:random|deepstack
STATE:565:cc/cc:Qs|Qh/As:0|0:deepstack|random
STATE:566:cc/cr759c:Ks|Qs/Ah:759|-759:random|deepstack
STATE:567:cr300c/cr1200c:Kh|Qs/As:1200|-1200:deepstack|random
STATE:568:r300r588r1200c/:Ah|Qh/Qs:-1200|1200:random|deepstack
STATE:569:r740f:Ah|Kh:100|-100:deepstack|random
STATE:570:cr662f:Ks|Qs:-100|100:random|deepstack
STATE:571:cc/r801c:Ks|Kh/Ah:0|0:deepstack|random
STATE:572:cr938f:Qs|Ah:-100|100:random|deepstack
STATE:573:r921f:Qh|Ks:100|-100:deepstack|random
STATE:574:cr1120f:Kh|As:-100|100:random|deepstack
STATE:575:r906f:Qh|Kh:100|-100:deepstack|random
STATE:576:cr310c/r1200c:Kh|As/Qh:-1200|1200:random|deepstack
STATE:577:r563r1200c/:Ah|As/Qs:0|0:deepstack|random
STATE:578:r300r540c/cr1059c:Ks|Qh/Ah:1059|-1059:random|deepstack
STATE:579:r1039f:Ah|Ks:100|-100:deepstack|random
STATE:580:r300r678c/cr1087c:As|Ks/Qs:1087|-1087:random|deepstack
STATE:581:r322r1200c/:Ah|As/Qh:0|0:deepstack|random
STATE:582:r1200c/:Ah|Qh/As:1200|-1200:random|deepstack
STATE:583:cr300r581c/cc:Qh|Ah/Ks:-581|581:deepstack|random
STATE:584:cc/cr716r1200f:Kh|Qh/Ks:716|-716:random|deepstack
STATE:585:cc/cc:Ks|Ah/Qs:-100|100:deepstack|random
STATE:586:cc/r300r795r1200f:As|Qh/Ah:795|-795:random|deepstack
STATE:587:cr300r1016c/r1147c:Qs|Ah/Qh:1147|-1147:deepstack|random
STATE:588:r1200f:Ah|As:100|-100:random|deepstack
STATE:589:r617r1200c/:Qs|As/Kh:-1200|1200:deepstack|random
STATE:590:r1200c/:Ah|Qs/Ks:1200|-1200:random|deepstack
STATE:591:r919f:Ah|Qs:100|-100:deepstack|random
STATE:592:cc/cc:Qs|Ks/Ah:-100|100:random|deepstack
STATE:593:cc/cc:Kh|Ks/As:0|0:deepstack|random
STATE:594:r1200c/:As|Ks/Ah:1200|-1200:random|deepstack
STATE:595:cr300r763r1200c/:Ks|Ah/Kh:1200|-1200:deepstack|random
STATE:596:cr684f:Qs|Qh:-100|100:random|deepstack
STATE:597:r1005r1200c/:Qs|As/Kh:-1200|1200:deepstack|random
STATE:598:cc/r300r572c:Kh|Ah/As:-572|572:random|deepstack
STATE:599:r423c/r1135f:Qs|Kh/As:423|-423:deepstack|random
STATE:600:cr665f:Ks|As:-100|100:random|deepstack
STATE:601:cr300c/r500f:As|Kh/Qh:300|-300:deepstack|random
STATE:602:r1200c/:Ah|As/Ks:0|0:random|deepstack
STATE:603:r578r1200c/:As|Ah/Kh:0|0:deepstack|random
STATE:604:cc/cc:Qs|As/Kh:-100|100:random|deepstack
STATE:605:r952f:Qh|Ks:100|-100:deepstack|random
STATE:606:cr1129f:Qh|Qs:-100|100:random|deepstack
STATE:607:r1193c/cr1200c:Ks|As/Kh:1200|-1200:deepstack|random
STATE:608:cc/r1200c:Ah|Qs/As:1200|-1200:random|deepstack
STATE:609:cc/cc:Qs|Ks/Qh:100|-100:deepstack|random
STATE:610:cc/r300c:Kh|As/Ah:-300|300:random|deepstack
STATE:611:r886f:Qh|Kh:100|-100:deepstack|random
STATE:612:cc/cr666r1200c:Kh|Qs/Ks:1200|-1200:random|deepstack
STATE:613:cc/r570r1200c:Ah|Ks/Kh:-1200|1200:deepstack|random
STATE:614:cr480f:Ks|Ah:-100|100:random|deepstack
STATE:615:r315f:Ah|Qh:100|-100:deepstack|random
STATE:616:cr518f:Qh|Kh:-100|100:random|deepstack
STATE:617:r936r1200f:Ah|As:-936|936:deepstack|random
STATE:618:cc/cr320f:Ks|Kh/As:-100|100:random|deepstack
STATE:619:cr300c/cr900r1200c:Kh|Ah/Ks:1200|-1200:deepstack|random
STATE:620:cc/cc:Kh|Qs/Ks:100|-100:random|deepstack
STATE:621:cc/r1186f:Qh|Kh/As:100|-100:deepstack|random
STATE:622:cr1183f:Ks|Ah:-100|100:random|deepstack
STATE:623:cc/r829f:Qh|Qs/As:100|-100:deepstack|random
STATE:624:r1200c/:As|Qs/Ah:1200|-1200:random|deepstack
STATE:625:cr300c/r941f:Qh|Ah/Qs:300|-300:deepstack|random
STATE:626:cr1051f:Qh|As:-100|100:random|deepstack
STATE:627:r823r1200c/:Ks|As/Qh:-1200|1200:deepstack|random
STATE:628:cr702f:Ks|Kh:-100|100:random|deepstack
STATE:629:r650f:Kh|Qs:100|-100:deepstack|random
STATE:630:r300c/cc:Qs|Ah/Kh:-300|300:random|deepstack
STATE:631:cr300r721r1200c/:Qs|Ah/Kh:-1200|1200:deepstack|random
STATE:632:cc/cr396r1200c:Qs|Ks/Qh:1200|-1200:random|deepstack
STATE:633:r956f:Ah|Ks:100|-100:deepstack|random
STATE:634:cc/cr1140r1200c:Qs|Kh/Qh:1200|-1200:random|deepstack
STATE:635:cc/r641r1200f:Ks|Qs/Qh:-641|641:deepstack|random
STATE:636:cc/cc:Qs|As/Kh:-100|100:random|deepstack
STATE:637:cc/r907f:Qh|Qs/As:100|-100:deepstack|random
STATE:638:cc/cc:Qh|Kh/Qs:100|-100:random|deepstack
STATE:639:r533f:Qs|Ks:100|-100:deepstack|random
STATE:640:cc/cr715f:Ah|Ks/Kh:-100|100:random|deepstack
STATE:641:r235c/cc:Qs|Kh/As:-235|235:deepstack|random
STATE:642:cc/cr649f:As|Qh/Kh:-100|100:random|deepstack
STATE:643:cc/r730f:As|Kh/Qs:100|-100:deepstack|random
STATE:644:r1200c/:As|Kh/Qh:1200|-1200:random|deepstack
STATE:645:cr300r843c/cr1200c:Ks|Ah/Kh:1200|-1200:deepstack|random
STATE:646:cr796f:Qs|As:-100|100:random|deepstack
STATE:647:cr1200c/:Qs|As/Kh:-1200|1200:deepstack|random
STATE:648:cc/cc:Qs|Ks/As:-100|100:random|deepstack
STATE:649:r497f:As|Ks:100|-100:deepstack|random
STATE:650:cr224r1200c/:Ah|Ks/Qh:1200|-1200:random|deepstack
STATE:651:r757f:As|Qs:100|-100:deepstack|random
STATE:652:r300r588c/r1200c:As|Ks/Ah:1200|-1200:random|deepstack
STATE:653:cc/cc:Qs|Kh/As:-100|100:deepstack|random
STATE:654:cr974f:Qs|Kh:-100|100:random|deepstack
STATE:655:cr300r508c/cc:Kh|Qh/As:508|-508:deepstack|random
STATE:656:cc/cr984f:Qs|Kh/As:-100|100:random|deepstack
STATE:657:r257c/cc:Qh|Ks/As:-257|257:deepstack|random
STATE:658:cr590r1200c/:As|Qh/Kh:1200|-1200:random|deepstack
STATE:659:r1155c/cr1200c:Qs|Ah/Ks:-1200|1200:deepstack|random
STATE:660:cc/cr1086f:Qs|Qh/As:-100|100:random|deepstack
STATE:661:cr300f:Ks|Ah:-100|100:deepstack|random
STATE:662:cc/cr418r1200c:Kh|Ah/Ks:1200|-1200:random|deepstack
STATE:663:cc/r979f:Ah|Qs/Ks:100|-100:deepstack|random
STATE:664:cr1020r1200c/:As|Qh/Qs:-1200|1200:random|deepstack
STATE:665:r551c/r1195c:Ks|Ah/Kh:1195|-1195:deepstack|random
STATE:666:cr780f:Qs|Qh:-100|100:random|deepstack
STATE:667:r686r1200c/:Ks|As/Qs:-1200|1200:deepstack|random
STATE:668:cr1070f:Qs|Ks:-100|100:random|deepstack
STATE:669:r835r1200f:Qh|Ah:-835|835:deepstack|random
STATE:670:cc/cr325f:Qh|Qs/Kh:-100|100:random|deepstack
STATE:671:r670r1200c/:Kh|Ah/As:-1200|1200:deepstack|random
STATE:672:r1200c/:Ah|Qh/As:1200|-1200:random|deepstack
STATE:673:cc/r408f:Qh|Kh/Qs:100|-100:deepstack|random
STATE:674:cc/cc:Qh|Ks/Qs:100|-100:random|deepstack
STATE:675:r508f:As|Qs:100|-100:deepstack|random
STATE:676:cr1052f:Ks|Ah:-100|100:random|deepstack
STATE:677:cr300r1115r1200c/:Qs|As/Qh:1200|-1200:deepstack|random
STATE:678:cr831r1200c/:Ah|Qs/As:1200|-1200:random|deepstack
STATE:679:r980f:Ah|Qh:100|-100:deepstack|random
STATE:680:cc/cr411r1200c:Qs|As/Qh:1200|-1200:random|deepstack
STATE:681:r842f:Ks|Qs:100|-100:deepstack|random
STATE:682:cc/r300f:Kh|Qh/As:100|-100:random|deepstack
STATE:683:r716f:Kh|Qs:100|-100:deepstack|random
STATE:684:cc/cc:Qs|Kh/As:-100|100:random|deepstack
STATE:685:r1065f:Qs|Qh:100|-100:deepstack|random
STATE:686:cc/r300c:Kh|Qs/As:300|-300:random|deepstack
STATE:687:cr300r534c/cr1200c:Kh|Qs/Qh:-1200|1200:deepstack|random
STATE:688:cr643f:Kh|As:-100|100:random|deepstack
STATE:689:r627r1200c/:Qs|As/Ah:-1200|1200:deepstack|random
STATE:690:cc/r300c:Ah|Qh/As:300|-300:random|deepstack
STATE:691:cc/cr300r560r1200c:Kh|Qs/Qh:-1200|1200:deepstack|random
STATE:692:r1200c/:As|Ks/Ah:1200|-1200:random|deepstack
STATE:693:r1038f:Ah|Qh:100|-100:deepstack|random
STATE:694:cr483f:Ks|Kh:-100|100:random|deepstack
STATE:695:cc/r296f:Ah|Qs/Kh:100|-100:deepstack|random
STATE:696:cr1199f:Qs|Qh:-100|100:random|deepstack
STATE:697:r1068c/cr1200c:Ks|Ah/Qh:-1200|1200:deepstack|random
STATE:698:cr404f:Kh|As:-100|100:random|deepstack
STATE:699:r1050f:Qs|Ks:100|-100:deepstack|random
STATE:700:cc/cc:Kh|As/Qs:-100|100:random|deepstack
STATE:701:r325r1200c/:As|Ah/Qh:0|0:deepstack|random
STATE:702:cc/cr691f:Kh|Qh/Qs:-100|100:random|deepstack
STATE:703:cr300c/cc:Qh|Ks/Ah:-300|300:deepstack|random
STATE:704:cc/cc:Qh|As/Ah:-100|100:random|deepstack
STATE:705:cc/r356f:Ah|Qs/As:100|-100:deepstack|random
STATE:706:cc/r300c:Ks|Qs/As:300|-300:random|deepstack
STATE:707:r719f:Ks|Qs:100|-100:deepstack|random
STATE:708:r1200c/:As|Qs/Qh:-1200|1200:random|deepstack
STATE:709:cc/cc:Qh|Ks/Ah:-100|100:deepstack|random
STATE:710:cr1165r1200c/:As|Kh/Ah:1200|-1200:random|deepstack
STATE:711:cc/cc:As|Qh/Ah:100|-100:deepstack|random
STATE:712:cr1071r1200c/:Ah|Ks/Qh:1200|-1200:random|deepstack
STATE:713:cc/r635f:As|Ks/Ah:100|-100:deepstack|random
STATE:714:cr358f:Kh|Ks:-100|100:random|deepstack
STATE:715:r709r1200c/:Qs|Ah/As:-1200|1200:deepstack|random
STATE:716:cc/cc:Qs|As/Ah:-100|100:random|deepstack
STATE:717:cr1200c/:Ks|As/Qh:-1200|1200:deepstack|random
STATE:718:r1200f:Ah|Qh:100|-100:random|deepstack
STATE:719:cr1200c/:Ks|Ah/Qh:-1200|1200:deepstack|random
STATE:720:cc/cc:Qh|Ks/Kh:-100|100:random|deepstack
STATE:721:r1092f:Ks|Kh:100|-100:deepstack|random
STATE:722:r1200c/:As|Kh/Qh:1200|-1200:random|deepstack
STATE:723:cr300c/cc:Kh|Ah/Qs:-300|300:deepstack|random
STATE:724:r1200c/:As|Ks/Qh:1200|-1200:random|deepstack
STATE:725:r501c/cr1200c:As|Ah/Qs:0|0:deepstack|random
STATE:726:r1200c/:Ah|As/Kh:0|0:random|deepstack
STATE:727:r813f:Kh|Qh:100|-100:deepstack|random
STATE:728:cr646f:Kh|Qh:-100|100:random|deepstack
STATE:729:r304c/r1008f:Ah|Qh/Kh:304|-304:deepstack|random
STATE:730:cc/cr330f:Qs|Qh/As:-100|100:random|deepstack
STATE:731:r1113f:Qh|Qs:100|-100:deepstack|random
STATE:732:cr929f:Qh|As:-100|100:random|deepstack
STATE:733:cr300r881c/r1101r1200c:Kh|Ah/Qs:-1200|1200:deepstack|random
STATE:734:cc/r300r542f:Ks|Kh/Ah:-300|300:random|deepstack
STATE:735:r987f:Qh|Qs:100|-100:deepstack|random
STATE:736:cc/cc:Qh|As/Ks:-100|100:random|deepstack
STATE:737:cr300r980r1200c/:Kh|As/Ks:1200|-1200:deepstack|random
STATE:738:cc/r300c:Kh|Qs/As:300|-300:random|deepstack
STATE:739:r534f:Ah|Qh:100|-100:deepstack|random
STATE:740:cr1176f:Kh|Ks:-100|100:random|deepstack
STATE:741:cc/r768f:Qs|Qh/Ah:100|-100:deepstack|random
STATE:742:cc/r300r922r1200c:As|Ks/Ah:1200|-1200:random|deepstack
STATE:743:r1080f:As|Ks:100|-100:deepstack|random
STATE:744:r1200c/:As|Ks/Qh:1200|-1200:random|deepstack
STATE:745:r603f:Qs|Kh:100|-100:deepstack|random
STATE:746:cr667f:Qs|Qh:-100|100:random|deepstack
STATE:747:r760f:Kh|Qs:100|-100:deepstack|random
STATE:748:cc/cr440f:As|Ks/Qs:-100|100:random|deepstack
STATE:749:r201c/cc:Qh|Qs/Ah:0|0:deepstack|random
STATE:750:cc/cr683f:Qs|Qh/Ks:-100|100:random|deepstack
STATE:751:r598f:Qh|Kh:100|-100:deepstack|random
STATE:752:cc/cc:Ah|As/Qs:0|0:random|deepstack
STATE:753:r435f:Ks|Qh:100|-100:deepstack|random
STATE:754:cc/cc:Qh|Qs/Ks:0|0:random|deepstack
STATE:755:r287c/r464r1200c:Qs|Qh/As:0|0:deepstack|random
STATE:756:r1200c/:Ah|Kh/Ks:-1200|1200:random|deepstack
STATE:757:cc/r893f:Kh|Ks/Ah:100|-100:deepstack|random
STATE:758:cc/cr1170f:Kh|Qs/Ah:-100|100:random|deepstack
STATE:759:cc/cc:Ks|Qs/Ah:100|-100:deepstack|random
STATE:760:cc/cc:As|Qs/Qh:-100|100:random|deepstack
STATE:761:r987r1200c/:Ah|As/Qh:0|0:deepstack|random
STATE:762:cc/cc:Qh|As/Ks:-100|100:random|deepstack
STATE:763:cc/r693r1200c:Qh|Kh/Ks:-1200|1200:deepstack|random
STATE:764:cc/cc:Qs|As/Ah:-100|100:random|deepstack
STATE:765:cc/r511f:As|Ks/Qh:100|-100:deepstack|random
STATE:766:cr1013f:Ks|As:-100|100:random|deepstack
STATE:767:r748f:Ks|Qs:100|-100:deepstack|random
STATE:768:r1200c/:As|Qh/Ks:1200|-1200:random|deepstack
STATE:769:cc/r314r1200c:As|Kh/Ks:-1200|1200:deepstack|random
STATE:770:cc/cr584f:Qh|Ah/As:-100|100:random|deepstack
STATE:771:r1173f:Ah|Qs:100|-100:deepstack|random
STATE:772:cc/cc:Ks|As/Qh:-100|100:random|deepstack
STATE:773:r770f:As|Qs:100|-100:deepstack|random
STATE:774:cc/r300c:Kh|As/Ah:-300|300:random|deepstack
STATE:775:cc/r713f:Ah|Ks/Qh:100|-100:deepstack|random
STATE:776:cc/cc:Ah|Kh/Qs:100|-100:random|deepstack
STATE:777:r915r1200c/:Kh|Ah/As:-1200|1200:deepstack|random
STATE:778:cr245c/cc:Ks|Ah/Kh:245|-245:random|deepstack
STATE:779:r903f:Kh|Ks:100|-100:deepstack|random
STATE:780:cr1176r1200c/:Ah|Ks/Kh:-1200|1200:random|deepstack
STATE:781:cr300c/cc:Ks|As/Qh:-300|300:deepstack|random
STATE:782:cr725r1200c/:Ah|As/Ks:0|0:random|deepstack
STATE:783:cc/cc:Qh|Qs/Ks:0|0:deepstack|random
STATE:784:cc/cc:Kh|As/Qh:-100|100:random|deepstack
STATE:785:r405f:As|Qh:100|-100:deepstack|random
STATE:786:cr842f:Qs|Ah:-100|100:random|deepstack
STATE:787:cr1200c/:Qh|Ah/Ks:-1200|1200:deepstack|random
STATE:788:cr1065r1200c/:As|Ks/Qh:1200|-1200:random|deepstack
STATE:789:r370c/r1094c:Kh|As/Qs:-1094|1094:deepstack|random
STATE:790:r1200c/:As|Ah/Kh:0|0:random|deepstack
STATE:791:cc/cc:Kh|Qh/Ah:100|-100:deepstack|random
STATE:792:r1200f:As|Qh:100|-100:random|deepstack
STATE:793:cr1200c/:Kh|As/Qh:-1200|1200:deepstack|random
STATE:794:cr757f:Kh|Ks:-100|100:random|deepstack
STATE:795:cc/r208r1200c:As|Qs/Qh:-1200|1200:deepstack|random
STATE:796:cr403f:Kh|Qh:-100|100:random|deepstack
STATE:797:r1181f:Qh|Ks:100|-100:deepstack|random
STATE:798:cc/cr451f:Qs|As/Ks:-100|100:random|deepstack
STATE:799:cr300r953f:Qs|Kh:300|-300:deepstack|random
STATE:800:cc/cr311f:As|Ah/Qs:-100|100:random|deepstack
STATE:801:cr300r715c/r865f:Kh|Qh/Ks:715|-715:deepstack|random
STATE:802:cr232c/cr635f:Qs|Ah/Ks:-232|232:random|deepstack
STATE:803:cc/cc:Ks|Kh/Ah:0|0:deepstack|random
STATE:804:cc/cr506f:Ah|As/Qh:-100|100:random|deepstack
STATE:805:cc/r869f:Qh|Qs/Ah:100|-100:deepstack|random
STATE:806:cc/cc:Kh|As/Ks:100|-100:random|deepstack
STATE:807:cc/r565f:As|Qh/Ks:100|-100:deepstack|random
STATE:808:cc/cr489f:As|Ah/Qh:-100|100:random|deepstack
STATE:809:cc/r965f:Ks|Qs/Kh:100|-100:deepstack|random
STATE:810:cr878f:Ks|Qs:-100|100:random|deepstack
STATE:811:cr300c/r523r1200c:Qs|As/Ah:-1200|1200:deepstack|random
STATE:812:cc/cr1148f:Qh|As/Ah:-100|100:random|deepstack
STATE:813:r245c/cc:As|Qh/Ah:245|-245:deepstack|random
STATE:814:cr435c/cc:Qh|Ks/As:-435|435:random|deepstack
STATE:815:cc/cc:Ah|Kh/Qh:100|-100:deepstack|random
STATE:816:r1200c/:Ah|Qh/Ks:1200|-1200:random|deepstack
STATE:817:r200r1200c/:Ah|As/Ks:0|0:deepstack|random
STATE:818:cc/r1200f:As|Kh/Ah:100|-100:random|deepstack
STATE:819:r1146f:Ah|Qs:100|-100:deepstack|random
STATE:820:r1200c/:Ah|As/Ks:0|0:random|deepstack
STATE:821:r666f:Qh|Kh:100|-100:deepstack|random
STATE:822:r300c/cr1143c:Ah|Kh/Qh:1143|-1143:random|deepstack
STATE:823:r326c/r867c:Kh|As/Qh:-867|867:deepstack|random
STATE:824:cc/r1200c:Qs|Ks/Ah:-1200|1200:random|deepstack
STATE:825:r467c/cc:Qh|Qs/Ah:0|0:deepstack|random
STATE:826:r1200c/:As|Qs/Kh:1200|-1200:random|deepstack
STATE:827:r704r1200c/:Qh|As/Ah:-1200|1200:deepstack|random
STATE:828:r300c/cc:Kh|Ks/Qh:0|0:random|deepstack
STATE:829:r986r1200c/:Ah|As/Kh:0|0:deepstack|random
STATE:830:cc/cc:Ah|Kh/Qh:100|-100:random|deepstack
STATE:831:r511f:Ks|Qh:100|-100:deepstack|random
STATE:832:cc/r1200c:Ah|Ks/As:1200|-1200:random|deepstack
STATE:833:r557c/r826r1200c:Qs|Ah/Kh:-1200|1200:deepstack|random
STATE:834:cr622f:Qs|Qh:-100|100:random|deepstack
STATE:835:cr300r656c/cc:Ks|Ah/Qs:-656|656:deepstack|random
STATE:836:cr1109f:Ks|As:-100|100:random|deepstack
STATE:837:r508f:Ks|Qs:100|-100:deepstack|random
STATE:838:cc/r300r1020f:Ks|Qh/Ah:-300|300:random|deepstack
STATE:839:r883f:As|Qs:100|-100:deepstack|random
STATE:840:cr335r1200c/:As|Ah/Qs:0|0:random|deepstack
STATE:841:r817f:As|Qh:100|-100:deepstack|random
STATE:842:r1200c/:Ah|Qs/Kh:1200|-1200:random|deepstack
STATE:843:r406r1200c/:Kh|As/Qh:-1200|1200:deepstack|random
STATE:844:cr430f:Qh|Ks:-100|100:random|deepstack
STATE:845:cr1200c/:Qs|As/Qh:1200|-1200:deepstack|random
STATE:846:cr978f:Kh|Ks:-100|100:random|deepstack
STATE:847:r749f:As|Kh:100|-100:deepstack|random
STATE:848:cc/cc:Qs|Ks/Ah:-100|100:random|deepstack
STATE:849:r317r1200c/:Ah|As/Qs:0|0:deepstack|random
STATE:850:cr800f:Kh|Qh:-100|100:random|deepstack
STATE:851:cc/cc:Kh|Ks/Qh:0|0:deepstack|random
STATE:852:cc/cc:Kh|Qh/Ks:100|-100:random|deepstack
STATE:853:r228c/cc:Qh|Qs/Kh:0|0:deepstack|random
STATE:854:cr1012f:Qs|Ks:-100|100:random|deepstack
STATE:855:cr300c/cr1200c:Ks|Ah/Kh:1200|-1200:deepstack|random
STATE:856:r300c/cc:Ks|Qs/Kh:300|-300:random|deepstack
STATE:857:r853f:As|Ks:100|-100:deepstack|random
STATE:858:cr269r1200c/:As|Qh/Qs:-1200|1200:random|deepstack
STATE:859:cr300c/cc:Qh|Kh/Ah:-300|300:deepstack|random
STATE:860:cc/cr947f:Ah|As/Ks:-100|100:random|deepstack
STATE:861:r901f:Qs|Kh:100|-100:deepstack|random
STATE:862:cr567f:Kh|As:-100|100:random|deepstack
STATE:863:r911f:Kh|Ks:100|-100:deepstack|random
STATE:864:cr770r1200c/:As|Qs/Kh:1200|-1200:random|deepstack
STATE:865:cr300c/cc:As|Ah/Qs:0|0:deepstack|random
STATE:866:cc/cc:Qh|Ks/Qs:100|-100:random|deepstack
STATE:867:cc/cc:Kh|Ks/Qh:0|0:deepstack|random
STATE:868:cr705f:Qs|As:-100|100:random|deepstack
STATE:869:r392f:Ah|Qh:100|-100:deepstack|random
STATE:870:cc/cc:Qh|Kh/Ah:-100|100:random|deepstack
STATE:871:cc/cc:Kh|Ah/Qs:-100|100:deepstack|random
STATE:872:cc/cr496f:Ks|Qs/Qh:-100|100:random|deepstack
STATE:873:r799f:Ks|Qh:100|-100:deepstack|random
STATE:874:cr323c/cr1168f:Ks|Qs/Qh:-323|323:random|deepstack
STATE:875:cr300f:Qs|Kh:-100|100:deepstack|random
STATE:876:r1200c/:Ah|Qh/Kh:1200|-1200:random|deepstack
STATE:877:r839c/r998r1200c:Kh|Ah/Ks:1200|-1200:deepstack|random
STATE:878:cc/cr498f:Qs|As/Kh:-100|100:random|deepstack
STATE:879:cc/cr300r1152r1200c:Qh|Kh/Ks:-1200|1200:deepstack|random
STATE:880:r1200c/:As|Qh/Qs:-1200|1200:random|deepstack
STATE:881:r1005f:Ks|Qs:100|-100:deepstack|random
STATE:882:cc/r300c:Kh|Qs/Ah:300|-300:random|deepstack
STATE:883:cc/cc:Ks|Qs/As:100|-100:deepstack|random
STATE:884:cr587f:Kh|Ah:-100|100:random|deepstack
STATE:885:cc/r386f:Ah|Qs/Kh:100|-100:deepstack|random
STATE:886:cc/cr382f:Qh|Kh/Ah:-100|100:random|deepstack
STATE:887:r410c/r1170f:Ah|Kh/Qs:410|-410:deepstack|random
STATE:888:cc/r300c:Ks|As/Ah:-300|300:random|deepstack
STATE:889:r1156f:Kh|Ks:100|-100:deepstack|random
STATE:890:cr378f:Qh|Ks:-100|100:random|deepstack
STATE:891:cc/r267f:Qs|Ks/Qh:100|-100:deepstack|random
STATE:892:cc/cr212f:Qh|Qs/Ah:-100|100:random|deepstack
STATE:893:cc/r1164r1200c:Qh|Ks/Kh:-1200|1200:deepstack|random
STATE:894:cc/cr1055f:Qh|As/Ah:-100|100:random|deepstack
STATE:895:cr300r628c/r1176r1200c:As|Qh/Qs:-1200|1200:deepstack|random
STATE:896:cc/cr443f:As|Kh/Qh:-100|100:random|deepstack
STATE:897:cr300r757c/r923r1200c:Ks|As/Ah:-1200|1200:deepstack|random
STATE:898:cc/cr1056f:Qs|As/Ks:-100|100:random|deepstack
STATE:899:cc/cc:As|Qs/Ah:100|-100:deepstack|random
STATE:900:cc/cr1074f:Qs|Qh/Ah:-100|100:random|deepstack
STATE:901:r1190f:Kh|Ks:100|-100:deepstack|random
STATE:902:cc/cc:Ah|Qh/Qs:-100|100:random|deepstack
STATE:903:cc/cr300c:Qh|Kh/Qs:300|-300:deepstack|random
STATE:904:cr649r1200c/:As|Qs/Kh:1200|-1200:random|deepstack
STATE:905:cc/r911c:As|Ks/Ah:911|-911:deepstack|random
STATE:906:cc/cr245f:Ks|Ah/Qs:-100|100:random|deepstack
STATE:907:cc/r728f:Ks|As/Qs:100|-100:deepstack|random
STATE:908:cr294f:Ks|As:-100|100:random|deepstack
STATE:909:cc/cc:As|Qh/Ks:100|-100:deepstack|random
STATE:910:cr783r1200c/:As|Qs/Ah:1200|-1200:random|deepstack
STATE:911:r812c/r941c:Ks|Ah/Qh:-941|941:deepstack|random
STATE:912:cc/cr536f:As|Qs/Qh:-100|100:random|deepstack
STATE:913:r913f:Qh|Ks:100|-100:deepstack|random
STATE:914:cc/cc:Ah|Kh/Qh:100|-100:random|deepstack
STATE:915:cr300r973r1200c/:Ks|As/Qh:-1200|1200:deepstack|random
STATE:916:cc/cc:Qh|Ks/Qs:100|-100:random|deepstack
STATE:917:cr300r645c/cr1200c:As|Ah/Ks:0|0:deepstack|random
STATE:918:cr544f:Ks|Kh:-100|100:random|deepstack
STATE:919:r800f:Kh|Ks:100|-100:deepstack|random
STATE:920:cc/cr287f:As|Qs/Ks:-100|100:random|deepstack
STATE:921:r400f:Qh|Ks:100|-100:deepstack|random
STATE:922:cc/cc:Ah|As/Kh:0|0:random|deepstack
STATE:923:r871c/r1170c:Kh|Ah/Qh:-1170|1170:deepstack|random
STATE:924:cr348r1200c/:As|Ah/Kh:0|0:random|deepstack
STATE:925:cc/r411f:As|Ks/Qh:100|-100:deepstack|random
STATE:926:cr571r1200c/:As|Kh/Qs:1200|-1200:random|deepstack
STATE:927:cc/r1159r1200c:Ah|Qh/Qs:-1200|1200:deepstack|random
STATE:928:cc/r300c:Ks|Qs/As:300|-300:random|deepstack
STATE:929:cc/cc:Kh|Ks/Qs:0|0:deepstack|random
STATE:930:cr477f:Ks|Qh:-100|100:random|deepstack
STATE:931:r974f:Ks|Kh:100|-100:deepstack|random
STATE:932:cr492f:Ks|As:-100|100:random|deepstack
STATE:933:cr300c/cr1200c:Kh|Ah/As:-1200|1200:deepstack|random
STATE:934:cc/cc:Kh|As/Qs:-100|100:random|deepstack
STATE:935:cc/r862f:Ah|Ks/As:100|-100:deepstack|random
STATE:936:r1200c/:As|Qh/Qs:-1200|1200:random|deepstack
STATE:937:cc/r806r1200c:Ah|Qs/Qh:-1200|1200:deepstack|random
STATE:938:r1200f:As|Qs:100|-100:random|deepstack
STATE:939:r468r1200c/:Qs|Ah/As:-1200|1200:deepstack|random
STATE:940:r1200c/:Ah|Qs/As:1200|-1200:random|deepstack
STATE:941:r804f:Kh|Qs:100|-100:deepstack|random
STATE:942:cr886f:Kh|As:-100|100:random|deepstack
STATE:943:r368r1200c/:Qs|As/Kh:-1200|1200:deepstack|random
STATE:944:r300r876r1200c/:As|Qs/Ah:1200|-1200:random|deepstack
STATE:945:cr300c/r451c:Ah|As/Ks:0|0:deepstack|random
STATE:946:cr1101f:Qh|Ks:-100|100:random|deepstack
STATE:947:cc/r655f:Qh|Ah/Ks:100|-100:deepstack|random
STATE:948:cc/r300r991f:Ks|Kh/As:-300|300:random|deepstack
STATE:949:r862r1200c/:Ks|As/Kh:1200|-1200:deepstack|random
STATE:950:r1200c/:As|Qh/Qs:-1200|1200:random|deepstack
STATE:951:r526f:Kh|Qh:100|-100:deepstack|random
STATE:952:cc/cr674f:As|Ah/Qs:-100|100:random|deepstack
STATE:953:r1176f:Ks|Kh:100|-100:deepstack|random
STATE:954:cc/cr701f:Qs|Ks/As:-100|100:random|deepstack
STATE:955:cr300r654r1200f:As|Ah:-654|654:deepstack|random
STATE:956:cc/cr525f:Qs|As/Kh:-100|100:random|deepstack
STATE:957:cc/r691r1200c:Qh|Ah/As:-1200|1200:deepstack|random
STATE:958:cc/r300r844c:Ks|As/Ah:-844|844:random|deepstack
STATE:959:r664r1200c/:Qs|Ah/Kh:-1200|1200:deepstack|random
STATE:960:cr355f:Kh|Ah:-100|100:random|deepstack
STATE:961:cr300r763r1200c/:As|Ah/Qh:0|0:deepstack|random
STATE:962:r1200c/:As|Qs/Qh:-1200|1200:random|deepstack
STATE:963:cc/r506f:Qs|Ks/As:100|-100:deepstack|random
STATE:964:cc/cr818r1200c:Kh|Qh/Ks:1200|-1200:random|deepstack
STATE:965:cr300c/r736r1200c:Ah|Kh/Ks:-1200|1200:deepstack|random
STATE:966:cc/cc:Qh|As/Ks:-100|100:random|deepstack
STATE:967:cr1200f:Qs|Ah:-100|100:deepstack|random
STATE:968:cc/cr540f:Ah|Kh/Qh:-100|100:random|deepstack
STATE:969:cr300r950r1200c/:Qs|Ah/Qh:1200|-1200:deepstack|random
STATE:970:cr1099f:Qs|Ah:-100|100:random|deepstack
STATE:971:cr300c/cc:Qh|Ah/Qs:300|-300:deepstack|random
STATE:972:r300r851r1200c/:Ah|Kh/Ks:-1200|1200:random|deepstack
STATE:973:cr1200c/:Qs|Ah/As:-1200|1200:deepstack|random
STATE:974:cc/cc:Qh|Qs/As:0|0:random|deepstack
STATE:975:r629f:As|Qs:100|-100:deepstack|random
STATE:976:cc/cc:Kh|Qh/Qs:-100|100:random|deepstack
STATE:977:r1186f:Ah|Qs:100|-100:deepstack|random
STATE:978:cr224c/cr940f:Qs|Qh/Kh:-224|224:random|deepstack
STATE:979:cr300r725c/cr1200c:As|Qs/Ah:1200|-1200:deepstack|random
STATE:980:cr768f:Qs|Ks:-100|100:random|deepstack
STATE:981:cc/r436f:Ah|Ks/Qs:100|-100:deepstack|random
STATE:982:cc/cc:Qs|Ah/Ks:-100|100:random|deepstack
STATE:983:r748r1200c/:Kh|As/Ks:1200|-1200:deepstack|random
STATE:984:cc/cc:As|Ah/Qh:0|0:random|deepstack
STATE:985:cc/r689f:Qh|Ks/Qs:100|-100:deepstack|random
STATE:986:cc/cr989f:Qs|As/Ah:-100|100:random|deepstack
STATE:987:r393c/cc:Kh|Qs/Ah:393|-393:deepstack|random
STATE:988:cr375c/r1200c:As|Qs/Qh:-1200|1200:random|deepstack
STATE:989:cc/r926f:Qs|Kh/Qh:100|-100:deepstack|random
STATE:990:cr943f:Qs|Ah:-100|100:random|deepstack
STATE:991:cc/cc:Ah|Ks/As:100|-100:deepstack|random
STATE:992:cr369f:Qh|As:-100|100:random|deepstack
STATE:993:r1147f:As|Kh:100|-100:deepstack|random
STATE:994:cc/cr313f:Kh|As/Qs:-100|100:random|deepstack
STATE:995:r300c/r1067c:Ah|Ks/Kh:-1067|1067:deepstack|random
STATE:996:cr1050f:Qs|Kh:-100|100:random|deepstack
STATE:997:cc/r808r1200c:Qh|As/Ah:-1200|1200:deepstack|random
STATE:998:cr238c/r714r1192f:Qh|As/Ks:-714|714:random|deepstack
STATE:999:cr300c/cr900c:As|Qh/Qs:-900|900:deepstack|random
SCORE:137600|-137600:random|deepstack
