# name/game/hands/seed smartbluffervdeepstack ./DeepStack-Leduc/ACPCServer/leduc.game 1000 5
#--t_response 600000
#--t_hand 600000
#--t_per_hand 7000
STATE:0:cr300r1200f:As|Ks:300|-300:deepstack|semibluffer
STATE:1:cc/cc:Qs|Kh/Ah:-100|100:semibluffer|deepstack
STATE:2:cc/cr300f:Ks|Qs/Qh:-100|100:deepstack|semibluffer
STATE:3:r1200c/:Ks|As/Ah:-1200|1200:semibluffer|deepstack
STATE:4:cr300r1200c/:As|Ah/Ks:0|0:deepstack|semibluffer
STATE:5:r1200f:Qh|Qs:100|-100:semibluffer|deepstack
STATE:6:cc/cr300f:As|Ks/Kh:-100|100:deepstack|semibluffer
STATE:7:r1200c/:Qs|Ah/As:-1200|1200:semibluffer|deepstack
STATE:8:cr300r1200c/:Ah|As/Qs:0|0:deepstack|semibluffer
STATE:9:r1200c/:Qs|As/Ah:-1200|1200:semibluffer|deepstack
STATE:10:cr300f:Qh|Ks:-100|100:deepstack|semibluffer
STATE:11:r1200c/:Qh|As/Kh:-1200|1200:semibluffer|deepstack
STATE:12:cr300f:Kh|Ks:-100|100:deepstack|semibluffer
STATE:13:r1200c/:Kh|As/Ks:1200|-1200:semibluffer|deepstack
STATE:14:cr300f:Qh|Ah:-100|100:deepstack|semibluffer
STATE:15:r1200c/:Ks|As/Ah:-1200|1200:semibluffer|deepstack
STATE:16:cc/r300f:Ks|Qh/As:100|-100:deepstack|semibluffer
STATE:17:r1200f:Ah|Kh:100|-100:semibluffer|deepstack
STATE:18:r1200f:As|Kh:100|-100:deepstack|semibluffer
STATE:19:r1200f:Ah|Kh:100|-100:semibluffer|deepstack
STATE:20:cc/cr1200f:Qs|Ah/As:-100|100:deepstack|semibluffer
STATE:21:cr300r1200f:Ah|Qh:300|-300:semibluffer|deepstack
STATE:22:cc/cc:Kh|Ks/Qh:0|0:deepstack|semibluffer
STATE:23:cr1200f:Qs|Ah:-100|100:semibluffer|deepstack
STATE:24:cr300c/cr1200f:Kh|As/Qs:-300|300:deepstack|semibluffer
STATE:25:r1200f:Ah|Ks:100|-100:semibluffer|deepstack
STATE:26:cc/r300c:As|Ks/Ah:300|-300:deepstack|semibluffer
STATE:27:r1200f:As|Qh:100|-100:semibluffer|deepstack
STATE:28:cr300c/cc:Kh|Ah/Qs:-300|300:deepstack|semibluffer
STATE:29:r1200c/:Qh|Ah/Ks:-1200|1200:semibluffer|deepstack
STATE:30:r300c/cr1200f:Ah|As/Kh:-300|300:deepstack|semibluffer
STATE:31:r1200f:Ks|Qh:100|-100:semibluffer|deepstack
STATE:32:cc/cc:Qs|Qh/Kh:0|0:deepstack|semibluffer
STATE:33:r1200c/:As|Ah/Kh:0|0:semibluffer|deepstack
STATE:34:cr300f:Ks|As:-100|100:deepstack|semibluffer
STATE:35:r1200c/:Qs|Ah/Qh:1200|-1200:semibluffer|deepstack
STATE:36:cc/cc:Qh|Ks/Ah:-100|100:deepstack|semibluffer
STATE:37:cr300c/cr1200c:Kh|As/Ah:-1200|1200:semibluffer|deepstack
STATE:38:cc/cr300f:Ks|Kh/Qs:-100|100:deepstack|semibluffer
STATE:39:r1200f:Ah|Qh:100|-100:semibluffer|deepstack
STATE:40:cc/r300f:Ah|Qh/As:100|-100:deepstack|semibluffer
STATE:41:cr1200f:Qh|As:-100|100:semibluffer|deepstack
STATE:42:cr300f:Qh|Ah:-100|100:deepstack|semibluffer
STATE:43:r1200f:Kh|Ks:100|-100:semibluffer|deepstack
STATE:44:cc/cr300f:Qs|Qh/Ks:-100|100:deepstack|semibluffer
STATE:45:r1200f:As|Kh:100|-100:semibluffer|deepstack
STATE:46:r1200f:Ah|Ks:100|-100:deepstack|semibluffer
STATE:47:cr300f:Kh|Ks:-100|100:semibluffer|deepstack
STATE:48:cc/cc:As|Qs/Kh:100|-100:deepstack|semibluffer
STATE:49:cr300f:Kh|As:-100|100:semibluffer|deepstack
STATE:50:cr300f:Ks|As:-100|100:deepstack|semibluffer
STATE:51:r1200f:As|Ks:100|-100:semibluffer|deepstack
STATE:52:cc/r300r1200f:Ks|Qh/Ah:-300|300:deepstack|semibluffer
STATE:53:r1200f:Qh|Kh:100|-100:semibluffer|deepstack
STATE:54:cc/cc:Kh|Qs/Ks:100|-100:deepstack|semibluffer
STATE:55:cc/cc:Kh|Qs/Ah:100|-100:semibluffer|deepstack
STATE:56:r1200f:As|Qh:100|-100:deepstack|semibluffer
STATE:57:cc/cc:Qh|Ah/Ks:-100|100:semibluffer|deepstack
STATE:58:cr300f:Kh|Qh:-100|100:deepstack|semibluffer
STATE:59:r1200c/:Ks|As/Kh:1200|-1200:semibluffer|deepstack
STATE:60:cr300f:Kh|Qs:-100|100:deepstack|semibluffer
STATE:61:r1200f:Qh|Ks:100|-100:semibluffer|deepstack
STATE:62:cr300r1200f:As|Qh:300|-300:deepstack|semibluffer
STATE:63:cc/r300c:Ks|Kh/As:0|0:semibluffer|deepstack
STATE:64:cc/cr300c:As|Qs/Qh:-300|300:deepstack|semibluffer
STATE:65:r1200f:Qs|Kh:100|-100:semibluffer|deepstack
STATE:66:cc/cc:Qh|Kh/As:-100|100:deepstack|semibluffer
STATE:67:cr300r1200f:Ah|Ks:300|-300:semibluffer|deepstack
STATE:68:cr300f:Kh|As:-100|100:deepstack|semibluffer
STATE:69:r1200f:Qs|Ks:100|-100:semibluffer|deepstack
STATE:70:cc/cc:Qh|Kh/Ah:-100|100:deepstack|semibluffer
STATE:71:cc/cr300f:Qs|Ks/Kh:-100|100:semibluffer|deepstack
STATE:72:cr300c/cc:Kh|Ks/Qs:0|0:deepstack|semibluffer
STATE:73:r1200c/:Qs|Ah/Ks:-1200|1200:semibluffer|deepstack
STATE:74:cc/r300c:Ah|Ks/As:300|-300:deepstack|semibluffer
STATE:75:r1200f:Ah|Ks:100|-100:semibluffer|deepstack
STATE:76:cc/r300f:Kh|Qs/As:100|-100:deepstack|semibluffer
STATE:77:r300c/cc:Ah|Ks/Qs:300|-300:semibluffer|deepstack
STATE:78:r1200f:As|Kh:100|-100:deepstack|semibluffer
STATE:79:cc/cc:Kh|Qs/Ks:100|-100:semibluffer|deepstack
STATE:80:cr300f:Qh|Ah:-100|100:deepstack|semibluffer
STATE:81:r1200c/:Qs|As/Qh:1200|-1200:semibluffer|deepstack
STATE:82:r1200f:Ah|Ks:100|-100:deepstack|semibluffer
STATE:83:cr300c/r1200c:Qh|Ks/Kh:-1200|1200:semibluffer|deepstack
STATE:84:cr300f:Ks|As:-100|100:deepstack|semibluffer
STATE:85:r1200f:Kh|Ks:100|-100:semibluffer|deepstack
STATE:86:cc/cr300f:Qs|Kh/Ks:-100|100:deepstack|semibluffer
STATE:87:r1200f:Ks|Qh:100|-100:semibluffer|deepstack
STATE:88:r1200f:Ah|Kh:100|-100:deepstack|semibluffer
STATE:89:cr300c/cc:Kh|As/Qs:-300|300:semibluffer|deepstack
STATE:90:cc/cc:Kh|Qs/Ks:100|-100:deepstack|semibluffer
STATE:91:cr300r1200f:Ah|Qh:300|-300:semibluffer|deepstack
STATE:92:r1200f:As|Kh:100|-100:deepstack|semibluffer
STATE:93:cr300f:Kh|Qs:-100|100:semibluffer|deepstack
STATE:94:cr300c/cc:Ks|Ah/Qh:-300|300:deepstack|semibluffer
STATE:95:r1200f:Ks|Kh:100|-100:semibluffer|deepstack
STATE:96:cr300c/r1200f:Qh|As/Qs:300|-300:deepstack|semibluffer
STATE:97:cr300r1200c/:As|Ah/Ks:0|0:semibluffer|deepstack
STATE:98:cr300f:Qs|As:-100|100:deepstack|semibluffer
STATE:99:r1200f:Qs|Kh:100|-100:semibluffer|deepstack
STATE:100:cc/cc:Qs|Kh/As:-100|100:deepstack|semibluffer
STATE:101:cr300f:Kh|As:-100|100:semibluffer|deepstack
STATE:102:cr300c/r1200f:Ks|Ah/Kh:300|-300:deepstack|semibluffer
STATE:103:cr300f:Ks|Ah:-100|100:semibluffer|deepstack
STATE:104:cr300c/cr1200f:Qs|Ah/As:-300|300:deepstack|semibluffer
STATE:105:r1200c/:Qh|As/Kh:-1200|1200:semibluffer|deepstack
STATE:106:cr1200c/:As|Ah/Qs:0|0:deepstack|semibluffer
STATE:107:r1200c/:Qs|As/Ah:-1200|1200:semibluffer|deepstack
STATE:108:cc/cr300f:As|Qh/Qs:-100|100:deepstack|semibluffer
STATE:109:r1200f:Qh|Ks:100|-100:semibluffer|deepstack
STATE:110:cc/r300f:As|Qs/Ah:100|-100:deepstack|semibluffer
STATE:111:cr300f:Qs|Ah:-100|100:semibluffer|deepstack
STATE:112:cc/cc:Qh|Kh/As:-100|100:deepstack|semibluffer
STATE:113:cc/cc:Qh|Qs/Ah:0|0:semibluffer|deepstack
STATE:114:r1200f:Ah|Qs:100|-100:deepstack|semibluffer
STATE:115:cr300f:Qs|As:-100|100:semibluffer|deepstack
STATE:116:cr300c/cr1200f:Qs|As/Kh:-300|300:deepstack|semibluffer
STATE:117:r1200f:As|Qh:100|-100:semibluffer|deepstack
STATE:118:cc/cr300f:Qh|Kh/Ks:-100|100:deepstack|semibluffer
STATE:119:r1200f:Ks|Kh:100|-100:semibluffer|deepstack
STATE:120:cr300c/cr1200c:Ks|Ah/As:-1200|1200:deepstack|semibluffer
STATE:121:r1200f:Qh|Kh:100|-100:semibluffer|deepstack
STATE:122:cc/r300f:Ks|Qs/As:100|-100:deepstack|semibluffer
STATE:123:cc/cc:Qs|Qh/As:0|0:semibluffer|deepstack
STATE:124:cr300c/cr1200c:Ks|Kh/Ah:0|0:deepstack|semibluffer
STATE:125:r1200c/:Ks|As/Qs:-1200|1200:semibluffer|deepstack
STATE:126:cc/cc:As|Ks/Qs:100|-100:deepstack|semibluffer
STATE:127:cr300c/cr1200f:Qs|Qh/As:-300|300:semibluffer|deepstack
STATE:128:cc/cr300r900r1200c:Kh|Qs/Ks:1200|-1200:deepstack|semibluffer
STATE:129:r1200f:Kh|Ks:100|-100:semibluffer|deepstack
STATE:130:r1200c/:As|Ah/Kh:0|0:deepstack|semibluffer
STATE:131:r1200c/:Ah|As/Ks:0|0:semibluffer|deepstack
STATE:132:cc/r300c:Ks|Kh/As:0|0:deepstack|semibluffer
STATE:133:r1200f:Ah|Qh:100|-100:semibluffer|deepstack
STATE:134:r1200f:Ah|Kh:100|-100:deepstack|semibluffer
STATE:135:cc/cc:As|Qs/Ks:100|-100:semibluffer|deepstack
STATE:136:cc/cc:Qh|Qs/Ah:0|0:deepstack|semibluffer
STATE:137:cc/cc:Qh|Qs/Kh:0|0:semibluffer|deepstack
STATE:138:cr300f:Qh|Ah:-100|100:deepstack|semibluffer
STATE:139:r1200c/:Qh|Ah/Ks:-1200|1200:semibluffer|deepstack
STATE:140:cc/cr300f:Ah|Qs/Qh:-100|100:deepstack|semibluffer
STATE:141:r1200f:Kh|Ks:100|-100:semibluffer|deepstack
STATE:142:cr300r1200f:As|Kh:300|-300:deepstack|semibluffer
STATE:143:cr300f:Kh|As:-100|100:semibluffer|deepstack
STATE:144:cc/cr300f:Qh|Ks/Kh:-100|100:deepstack|semibluffer
STATE:145:r1200c/:Qs|As/Qh:1200|-1200:semibluffer|deepstack
STATE:146:cc/cc:Ks|Kh/Qh:0|0:deepstack|semibluffer
STATE:147:cr300f:Kh|Ah:-100|100:semibluffer|deepstack
STATE:148:r1200f:Ah|Ks:100|-100:deepstack|semibluffer
STATE:149:cc/cr1200f:Qh|Kh/As:-100|100:semibluffer|deepstack
STATE:150:r1200f:Ah|Qs:100|-100:deepstack|semibluffer
STATE:151:cc/cc:Qh|Ks/Ah:-100|100:semibluffer|deepstack
STATE:152:cr300r1200c/:As|Ah/Qs:0|0:deepstack|semibluffer
STATE:153:r1200f:Ks|Kh:100|-100:semibluffer|deepstack
STATE:154:cc/cr300f:As|Qs/Kh:-100|100:deepstack|semibluffer
STATE:155:r1200c/:Qh|Ah/Ks:-1200|1200:semibluffer|deepstack
STATE:156:cr300c/r1200f:Qs|Ah/Kh:300|-300:deepstack|semibluffer
STATE:157:r300r900r1200c/:Ah|As/Qh:0|0:semibluffer|deepstack
STATE:158:cc/cr300f:Ks|Qs/Qh:-100|100:deepstack|semibluffer
STATE:159:r1200c/:Qh|Ah/As:-1200|1200:semibluffer|deepstack
STATE:160:cc/cc:Qh|Qs/Kh:0|0:deepstack|semibluffer
STATE:161:cr300r1200c/:As|Ah/Qs:0|0:semibluffer|deepstack
STATE:162:cc/cc:Ks|Qh/Ah:100|-100:deepstack|semibluffer
STATE:163:cr300r1200c/:As|Ah/Ks:0|0:semibluffer|deepstack
STATE:164:r300r900f:Ks|Ah:-300|300:deepstack|semibluffer
STATE:165:r1200f:Ah|Kh:100|-100:semibluffer|deepstack
STATE:166:cr300c/cr1200f:Ks|As/Ah:-300|300:deepstack|semibluffer
STATE:167:r1200f:As|Qs:100|-100:semibluffer|deepstack
STATE:168:cr300c/r1200f:Qh|As/Qs:300|-300:deepstack|semibluffer
STATE:169:cc/cc:Qh|Kh/Ah:-100|100:semibluffer|deepstack
STATE:170:cc/cr300f:Kh|Qh/Qs:-100|100:deepstack|semibluffer
STATE:171:r1200f:As|Qs:100|-100:semibluffer|deepstack
STATE:172:cr300c/cc:Ks|As/Qh:-300|300:deepstack|semibluffer
STATE:173:r1200c/:Qh|Ah/Kh:-1200|1200:semibluffer|deepstack
STATE:174:cc/cr300f:Ks|Qs/Qh:-100|100:deepstack|semibluffer
STATE:175:r1200f:Ah|Qs:100|-100:semibluffer|deepstack
STATE:176:cc/cr300f:Ah|Qs/Qh:-100|100:deepstack|semibluffer
STATE:177:r1200f:Ks|Qs:100|-100:semibluffer|deepstack
STATE:178:r1200c/:As|Ah/Kh:0|0:deepstack|semibluffer
STATE:179:r1200c/:As|Ah/Kh:0|0:semibluffer|deepstack
STATE:180:r1200c/:Ah|As/Kh:0|0:deepstack|semibluffer
STATE:181:r1200c/:Ks|Ah/Qs:-1200|1200:semibluffer|deepstack
STATE:182:cc/r300c:Ks|Kh/As:0|0:deepstack|semibluffer
STATE:183:r1200f:Ks|Qh:100|-100:semibluffer|deepstack
STATE:184:cr300f:Qs|Kh:-100|100:deepstack|semibluffer
STATE:185:r1200f:As|Qs:100|-100:semibluffer|deepstack
STATE:186:cc/cr300f:Qs|Ks/Kh:-100|100:deepstack|semibluffer
STATE:187:r1200c/:Qs|Ah/Qh:1200|-1200:semibluffer|deepstack
STATE:188:cr300f:Qs|Kh:-100|100:deepstack|semibluffer
STATE:189:r1200c/:Kh|Ah/As:-1200|1200:semibluffer|deepstack
STATE:190:cr300f:Qh|Ah:-100|100:deepstack|semibluffer
STATE:191:r1200c/:Ks|As/Qh:-1200|1200:semibluffer|deepstack
STATE:192:cc/r300f:Ks|Kh/As:100|-100:deepstack|semibluffer
STATE:193:cr300c/cr1200f:Qs|As/Kh:-300|300:semibluffer|deepstack
STATE:194:cc/cr300f:Qs|Kh/Ks:-100|100:deepstack|semibluffer
STATE:195:r1200f:Ah|Ks:100|-100:semibluffer|deepstack
STATE:196:r1200f:As|Ks:100|-100:deepstack|semibluffer
STATE:197:cr300c/cc:Qs|As/Kh:-300|300:semibluffer|deepstack
STATE:198:cr300f:Kh|Ah:-100|100:deepstack|semibluffer
STATE:199:r1200f:As|Qs:100|-100:semibluffer|deepstack
STATE:200:cr300c/cr1200f:Ks|Qh/Qs:-300|300:deepstack|semibluffer
STATE:201:r1200f:As|Kh:100|-100:semibluffer|deepstack
STATE:202:cc/cc:Qh|Kh/As:-100|100:deepstack|semibluffer
STATE:203:cc/cc:Qs|Qh/Ks:0|0:semibluffer|deepstack
STATE:204:cc/cc:Ks|Qs/Kh:100|-100:deepstack|semibluffer
STATE:205:cr300c/r1200c:Qs|Ah/Ks:-1200|1200:semibluffer|deepstack
STATE:206:r1200c/:Ah|As/Kh:0|0:deepstack|semibluffer
STATE:207:r1200f:Ks|Kh:100|-100:semibluffer|deepstack
STATE:208:cc/r300f:Kh|Ks/Ah:100|-100:deepstack|semibluffer
STATE:209:r1200c/:Ah|As/Qs:0|0:semibluffer|deepstack
STATE:210:cc/cc:Qh|Kh/Ah:-100|100:deepstack|semibluffer
STATE:211:cc/cc:Kh|Ks/Ah:0|0:semibluffer|deepstack
STATE:212:cr300f:Qs|Kh:-100|100:deepstack|semibluffer
STATE:213:r1200c/:Qs|As/Ks:-1200|1200:semibluffer|deepstack
STATE:214:cr300f:Qs|Qh:-100|100:deepstack|semibluffer
STATE:215:r1200c/:Qs|Ah/As:-1200|1200:semibluffer|deepstack
STATE:216:cr300f:Ks|As:-100|100:deepstack|semibluffer
STATE:217:r1200f:As|Qs:100|-100:semibluffer|deepstack
STATE:218:cc/cc:Qh|Ks/Ah:-100|100:deepstack|semibluffer
STATE:219:cr300f:Qs|Ks:-100|100:semibluffer|deepstack
STATE:220:r300r1200f:Qh|As:-300|300:deepstack|semibluffer
STATE:221:r1200f:Kh|Ks:100|-100:semibluffer|deepstack
STATE:222:cr300c/cc:Ks|As/Qs:-300|300:deepstack|semibluffer
STATE:223:r1200c/:Qs|Ah/Kh:-1200|1200:semibluffer|deepstack
STATE:224:cr300c/cr1200f:Kh|Qs/Qh:-300|300:deepstack|semibluffer
STATE:225:r1200f:Ks|Qs:100|-100:semibluffer|deepstack
STATE:226:cr300f:Kh|As:-100|100:deepstack|semibluffer
STATE:227:r1200f:Qh|Ks:100|-100:semibluffer|deepstack
STATE:228:cc/r300c:Ks|Kh/As:0|0:deepstack|semibluffer
STATE:229:r1200f:Ah|Qs:100|-100:semibluffer|deepstack
STATE:230:cc/cc:Ks|Qh/Ah:100|-100:deepstack|semibluffer
STATE:231:cc/r300c:Ks|Kh/As:0|0:semibluffer|deepstack
STATE:232:cr300f:Qs|Kh:-100|100:deepstack|semibluffer
STATE:233:r1200f:Qh|Qs:100|-100:semibluffer|deepstack
STATE:234:cc/cr300f:Qs|Kh/Ks:-100|100:deepstack|semibluffer
STATE:235:r1200c/:Kh|As/Qh:-1200|1200:semibluffer|deepstack
STATE:236:cr300c/r1200f:Ks|Ah/Qs:300|-300:deepstack|semibluffer
STATE:237:cr300f:Ks|Qh:-100|100:semibluffer|deepstack
STATE:238:cr1200f:Qh|As:-100|100:deepstack|semibluffer
STATE:239:r1200f:Ks|Qh:100|-100:semibluffer|deepstack
STATE:240:r1200f:Ah|Ks:100|-100:deepstack|semibluffer
STATE:241:cr300f:Kh|Qs:-100|100:semibluffer|deepstack
STATE:242:cc/cc:Qh|Qs/Ah:0|0:deepstack|semibluffer
STATE:243:cc/r300c:As|Kh/Ah:300|-300:semibluffer|deepstack
STATE:244:cr300f:Qh|Qs:-100|100:deepstack|semibluffer
STATE:245:r1200f:Ah|Ks:100|-100:semibluffer|deepstack
STATE:246:cc/r300f:As|Qs/Ah:100|-100:deepstack|semibluffer
STATE:247:cc/cr300f:Ks|Qs/Qh:-100|100:semibluffer|deepstack
STATE:248:r1200f:As|Qs:100|-100:deepstack|semibluffer
STATE:249:cc/r300f:Kh|Qs/Ah:100|-100:semibluffer|deepstack
STATE:250:r300r1200f:Qs|As:-300|300:deepstack|semibluffer
STATE:251:r1200c/:Ks|Ah/Qs:-1200|1200:semibluffer|deepstack
STATE:252:r1200f:As|Qh:100|-100:deepstack|semibluffer
STATE:253:cr300c/r1200f:Qh|Kh/Qs:300|-300:semibluffer|deepstack
STATE:254:r1200c/:As|Ah/Kh:0|0:deepstack|semibluffer
STATE:255:r1200f:As|Ks:100|-100:semibluffer|deepstack
STATE:256:cc/cr300f:Kh|Qh/Qs:-100|100:deepstack|semibluffer
STATE:257:r1200f:Ah|Kh:100|-100:semibluffer|deepstack
STATE:258:r300c/cc:Ks|As/Qh:-300|300:deepstack|semibluffer
STATE:259:cc/cc:As|Qs/Ks:100|-100:semibluffer|deepstack
STATE:260:cc/cc:Qs|Qh/As:0|0:deepstack|semibluffer
STATE:261:cc/r300f:As|Qh/Ah:100|-100:semibluffer|deepstack
STATE:262:r1200c/:Ah|As/Ks:0|0:deepstack|semibluffer
STATE:263:r1200f:Kh|Qs:100|-100:semibluffer|deepstack
STATE:264:cc/cc:Ks|Qs/Kh:100|-100:deepstack|semibluffer
STATE:265:cc/cc:Ah|Qs/As:100|-100:semibluffer|deepstack
STATE:266:cr1200f:Kh|As:-100|100:deepstack|semibluffer
STATE:267:r1200f:As|Kh:100|-100:semibluffer|deepstack
STATE:268:cc/cr300r900r1200c:Qs|Ks/Qh:1200|-1200:deepstack|semibluffer
STATE:269:r1200f:Ks|Qs:100|-100:semibluffer|deepstack
STATE:270:cc/r1200f:As|Qh/Ah:100|-100:deepstack|semibluffer
STATE:271:cc/r1200f:Qs|Kh/As:100|-100:semibluffer|deepstack
STATE:272:r1200f:Ah|Qs:100|-100:deepstack|semibluffer
STATE:273:cc/cc:Qs|Kh/Ah:-100|100:semibluffer|deepstack
STATE:274:cr300f:Kh|As:-100|100:deepstack|semibluffer
STATE:275:r1200f:As|Qs:100|-100:semibluffer|deepstack
STATE:276:cr1200f:Ks|As:-100|100:deepstack|semibluffer
STATE:277:r1200c/:Qh|As/Qs:1200|-1200:semibluffer|deepstack
STATE:278:r300c/cc:Qh|Kh/As:-300|300:deepstack|semibluffer
STATE:279:r1200f:As|Kh:100|-100:semibluffer|deepstack
STATE:280:cc/cc:Ah|Qh/Kh:100|-100:deepstack|semibluffer
STATE:281:cr300f:Kh|Ah:-100|100:semibluffer|deepstack
STATE:282:cr300f:Ks|Qh:-100|100:deepstack|semibluffer
STATE:283:r1200c/:Qh|As/Ah:-1200|1200:semibluffer|deepstack
STATE:284:cc/cc:Ah|Ks/Qs:100|-100:deepstack|semibluffer
STATE:285:cc/cr300f:Qh|Ks/Kh:-100|100:semibluffer|deepstack
STATE:286:cc/r300f:Kh|Qh/As:100|-100:deepstack|semibluffer
STATE:287:cr1200f:Qs|Ah:-100|100:semibluffer|deepstack
STATE:288:cc/r300r900f:Ks|Qs/Ah:-300|300:deepstack|semibluffer
STATE:289:r1200c/:Ks|As/Qh:-1200|1200:semibluffer|deepstack
STATE:290:cc/cc:Ks|Kh/Qs:0|0:deepstack|semibluffer
STATE:291:cc/cc:Qh|Qs/Ks:0|0:semibluffer|deepstack
STATE:292:cc/cc:Qs|As/Ks:-100|100:deepstack|semibluffer
STATE:293:cc/cr300f:Qs|Ks/Kh:-100|100:semibluffer|deepstack
STATE:294:cc/cc:Ks|Kh/Ah:0|0:deepstack|semibluffer
STATE:295:r1200f:Ah|Qh:100|-100:semibluffer|deepstack
STATE:296:cc/cr300f:Qs|Kh/Ks:-100|100:deepstack|semibluffer
STATE:297:r1200f:Qs|Kh:100|-100:semibluffer|deepstack
STATE:298:cr300f:Kh|Qs:-100|100:deepstack|semibluffer
STATE:299:r1200c/:Qh|As/Ks:-1200|1200:semibluffer|deepstack
STATE:300:cr300c/cr1200f:Qs|Qh/Ah:-300|300:deepstack|semibluffer
STATE:301:r1200c/:Qs|As/Ah:-1200|1200:semibluffer|deepstack
STATE:302:cr300f:Qs|Ah:-100|100:deepstack|semibluffer
STATE:303:r1200c/:Qh|As/Ks:-1200|1200:semibluffer|deepstack
STATE:304:cr300f:Ks|Ah:-100|100:deepstack|semibluffer
STATE:305:r1200f:Ah|Kh:100|-100:semibluffer|deepstack
STATE:306:cr300c/cc:Ks|Ah/Qh:-300|300:deepstack|semibluffer
STATE:307:r1200f:Ah|Ks:100|-100:semibluffer|deepstack
STATE:308:cc/cc:Ah|Qh/Kh:100|-100:deepstack|semibluffer
STATE:309:cr300f:Qh|As:-100|100:semibluffer|deepstack
STATE:310:cc/cc:Kh|As/Qh:-100|100:deepstack|semibluffer
STATE:311:cc/cc:Ah|Kh/Qh:100|-100:semibluffer|deepstack
STATE:312:cr300c/r1200f:Kh|Ah/Qh:300|-300:deepstack|semibluffer
STATE:313:cc/cc:Ks|Qh/Kh:100|-100:semibluffer|deepstack
STATE:314:cc/cc:Qh|Ks/Qs:100|-100:deepstack|semibluffer
STATE:315:cc/cc:Qs|Ks/Ah:-100|100:semibluffer|deepstack
STATE:316:cc/cc:Qh|Ks/As:-100|100:deepstack|semibluffer
STATE:317:cr300f:Qh|As:-100|100:semibluffer|deepstack
STATE:318:cc/cc:Qs|Qh/Ah:0|0:deepstack|semibluffer
STATE:319:cc/cc:As|Qs/Ks:100|-100:semibluffer|deepstack
STATE:320:cc/cr300c:As|Qs/Qh:-300|300:deepstack|semibluffer
STATE:321:r1200f:Ah|Ks:100|-100:semibluffer|deepstack
STATE:322:cc/r300c:Ah|Kh/As:300|-300:deepstack|semibluffer
STATE:323:r1200f:Ks|Qs:100|-100:semibluffer|deepstack
STATE:324:cc/cc:As|Qs/Ks:100|-100:deepstack|semibluffer
STATE:325:r300c/r1200f:As|Qh/Ks:300|-300:semibluffer|deepstack
STATE:326:cr300f:Qs|As:-100|100:deepstack|semibluffer
STATE:327:r1200c/:Kh|As/Qs:-1200|1200:semibluffer|deepstack
STATE:328:cc/cr300f:Ks|Qs/Qh:-100|100:deepstack|semibluffer
STATE:329:r1200c/:Qh|As/Kh:-1200|1200:semibluffer|deepstack
STATE:330:cc/r300f:Ks|Kh/As:100|-100:deepstack|semibluffer
STATE:331:r1200f:Ah|Ks:100|-100:semibluffer|deepstack
STATE:332:cr300f:Kh|Ah:-100|100:deepstack|semibluffer
STATE:333:r1200f:Qs|Kh:100|-100:semibluffer|deepstack
STATE:334:cr300c/r1200f:Kh|As/Ks:300|-300:deepstack|semibluffer
STATE:335:cc/cc:Ks|Ah/Qh:-100|100:semibluffer|deepstack
STATE:336:cc/cr300f:Ks|Kh/Qs:-100|100:deepstack|semibluffer
STATE:337:r1200f:Qs|Qh:100|-100:semibluffer|deepstack
STATE:338:cc/cc:Qh|As/Kh:-100|100:deepstack|semibluffer
STATE:339:cr300f:Qs|Kh:-100|100:semibluffer|deepstack
STATE:340:cc/cc:Qs|Kh/Qh:100|-100:deepstack|semibluffer
STATE:341:cc/cr300f:Qh|Ks/Kh:-100|100:semibluffer|deepstack
STATE:342:cr300f:Qh|Ah:-100|100:deepstack|semibluffer
STATE:343:r1200c/:Ks|As/Qs:-1200|1200:semibluffer|deepstack
STATE:344:r1200f:As|Ks:100|-100:deepstack|semibluffer
STATE:345:cr300f:Kh|Qh:-100|100:semibluffer|deepstack
STATE:346:cc/cr300f:Qh|Kh/Ks:-100|100:deepstack|semibluffer
STATE:347:r1200f:Ks|Kh:100|-100:semibluffer|deepstack
STATE:348:cr300c/cr1200c:Ks|Qs/As:1200|-1200:deepstack|semibluffer
STATE:349:r1200f:As|Qs:100|-100:semibluffer|deepstack
STATE:350:cc/cc:Ah|Qs/Ks:100|-100:deepstack|semibluffer
STATE:351:cc/r1200f:Qs|Qh/Ah:100|-100:semibluffer|deepstack
STATE:352:cc/cc:Ks|As/Qs:-100|100:deepstack|semibluffer
STATE:353:cr300f:Qh|Ah:-100|100:semibluffer|deepstack
STATE:354:cr300f:Kh|Ah:-100|100:deepstack|semibluffer
STATE:355:r1200f:Qs|Qh:100|-100:semibluffer|deepstack
STATE:356:cr300r1200f:As|Qh:300|-300:deepstack|semibluffer
STATE:357:cr300c/cc:As|Ks/Qs:300|-300:semibluffer|deepstack
STATE:358:cr300f:Qs|As:-100|100:deepstack|semibluffer
STATE:359:r1200f:Ah|Kh:100|-100:semibluffer|deepstack
STATE:360:cr300r1200c/:Ah|As/Qh:0|0:deepstack|semibluffer
STATE:361:r1200f:Kh|Qh:100|-100:semibluffer|deepstack
STATE:362:cc/r300f:As|Qh/Ah:100|-100:deepstack|semibluffer
STATE:363:r1200f:As|Ks:100|-100:semibluffer|deepstack
STATE:364:cc/cc:Kh|Qs/Ks:100|-100:deepstack|semibluffer
STATE:365:cc/r300c:Kh|Ks/Ah:0|0:semibluffer|deepstack
STATE:366:cr1200f:Qh|As:-100|100:deepstack|semibluffer
STATE:367:r1200f:Kh|Qs:100|-100:semibluffer|deepstack
STATE:368:cc/cc:As|Qh/Kh:100|-100:deepstack|semibluffer
STATE:369:cc/cc:Qs|Ks/As:-100|100:semibluffer|deepstack
STATE:370:cc/r300c:Ah|Ks/As:300|-300:deepstack|semibluffer
STATE:371:r1200f:As|Ks:100|-100:semibluffer|deepstack
STATE:372:cr300r1200f:Ah|Qs:300|-300:deepstack|semibluffer
STATE:373:cr300f:Qh|Ks:-100|100:semibluffer|deepstack
STATE:374:cr300f:Kh|Ah:-100|100:deepstack|semibluffer
STATE:375:r1200f:As|Qs:100|-100:semibluffer|deepstack
STATE:376:r1200f:As|Ks:100|-100:deepstack|semibluffer
STATE:377:cr300f:Kh|Ks:-100|100:semibluffer|deepstack
STATE:378:cc/cr300r1200f:Kh|Qs/Ks:300|-300:deepstack|semibluffer
STATE:379:r1200f:As|Ks:100|-100:semibluffer|deepstack
STATE:380:cr300c/cc:Ks|As/Qh:-300|300:deepstack|semibluffer
STATE:381:r1200c/:Qh|As/Kh:-1200|1200:semibluffer|deepstack
STATE:382:cc/cc:As|Qh/Kh:100|-100:deepstack|semibluffer
STATE:383:cr300f:Qs|Ah:-100|100:semibluffer|deepstack
STATE:384:cr300f:Ks|Qh:-100|100:deepstack|semibluffer
STATE:385:r1200f:Qh|Qs:100|-100:semibluffer|deepstack
STATE:386:r1200c/:As|Ah/Ks:0|0:deepstack|semibluffer
STATE:387:r1200f:Ks|Qh:100|-100:semibluffer|deepstack
STATE:388:cr300f:Qs|As:-100|100:deepstack|semibluffer
STATE:389:r1200f:Ah|Kh:100|-100:semibluffer|deepstack
STATE:390:cr1200f:Ks|As:-100|100:deepstack|semibluffer
STATE:391:r1200f:Qs|Qh:100|-100:semibluffer|deepstack
STATE:392:cc/cr1200f:Qh|As/Ah:-100|100:deepstack|semibluffer
STATE:393:r1200f:As|Qh:100|-100:semibluffer|deepstack
STATE:394:cr300f:Ks|Ah:-100|100:deepstack|semibluffer
STATE:395:r1200f:Qh|Kh:100|-100:semibluffer|deepstack
STATE:396:cr300c/r1200c:Ks|As/Kh:1200|-1200:deepstack|semibluffer
STATE:397:r1200f:Qs|Kh:100|-100:semibluffer|deepstack
STATE:398:r1200f:Ah|Kh:100|-100:deepstack|semibluffer
STATE:399:cr300f:Qh|As:-100|100:semibluffer|deepstack
STATE:400:cc/cc:Ks|Qs/Ah:100|-100:deepstack|semibluffer
STATE:401:cr300c/cc:Ks|Kh/Ah:0|0:semibluffer|deepstack
STATE:402:r1200f:As|Qh:100|-100:deepstack|semibluffer
STATE:403:r300c/r1200f:Kh|Qh/Ks:300|-300:semibluffer|deepstack
STATE:404:cc/cr300r1200f:Ks|Qs/Kh:300|-300:deepstack|semibluffer
STATE:405:cr300f:Qh|Ah:-100|100:semibluffer|deepstack
STATE:406:cr300f:Ks|As:-100|100:deepstack|semibluffer
STATE:407:r1200c/:As|Ah/Kh:0|0:semibluffer|deepstack
STATE:408:cc/cc:Qs|Qh/Ah:0|0:deepstack|semibluffer
STATE:409:cr300c/r1200f:Qs|Kh/Qh:300|-300:semibluffer|deepstack
STATE:410:r300r1200f:Ks|Ah:-300|300:deepstack|semibluffer
STATE:411:r1200c/:Qs|Ah/Qh:1200|-1200:semibluffer|deepstack
STATE:412:cc/r1200f:Qs|Ks/Ah:100|-100:deepstack|semibluffer
STATE:413:cr1200f:Qs|Ah:-100|100:semibluffer|deepstack
STATE:414:cc/r300r900f:Kh|Qh/Ah:-300|300:deepstack|semibluffer
STATE:415:r1200f:As|Ks:100|-100:semibluffer|deepstack
STATE:416:cr300c/r1200c:Qs|Ks/Kh:-1200|1200:deepstack|semibluffer
STATE:417:r1200c/:Qs|Ah/As:-1200|1200:semibluffer|deepstack
STATE:418:cc/cr300f:As|Ks/Kh:-100|100:deepstack|semibluffer
STATE:419:r1200f:Qh|Ks:100|-100:semibluffer|deepstack
STATE:420:r1200f:As|Qs:100|-100:deepstack|semibluffer
STATE:421:cr300f:Kh|Qh:-100|100:semibluffer|deepstack
STATE:422:cr300c/cc:Kh|As/Qs:-300|300:deepstack|semibluffer
STATE:423:r1200f:Ks|Qs:100|-100:semibluffer|deepstack
STATE:424:cc/cc:Ah|Qs/Ks:100|-100:deepstack|semibluffer
STATE:425:cr1200f:Ks|As:-100|100:semibluffer|deepstack
STATE:426:cr300f:Kh|As:-100|100:deepstack|semibluffer
STATE:427:r1200f:Ah|Qs:100|-100:semibluffer|deepstack
STATE:428:cc/cc:Qh|Qs/Ks:0|0:deepstack|semibluffer
STATE:429:cc/cr1200f:Qs|Ah/As:-100|100:semibluffer|deepstack
STATE:430:cc/cc:As|Qs/Kh:100|-100:deepstack|semibluffer
STATE:431:cc/cc:Qh|Ks/Qs:100|-100:semibluffer|deepstack
STATE:432:cr300f:Ks|Ah:-100|100:deepstack|semibluffer
STATE:433:r1200c/:As|Ah/Qh:0|0:semibluffer|deepstack
STATE:434:cc/cc:Qh|As/Qs:100|-100:deepstack|semibluffer
STATE:435:cr300f:Qh|Qs:-100|100:semibluffer|deepstack
STATE:436:cc/cr300f:Qs|Ks/Kh:-100|100:deepstack|semibluffer
STATE:437:r1200f:Ah|Qs:100|-100:semibluffer|deepstack
STATE:438:cc/cc:Qh|Kh/As:-100|100:deepstack|semibluffer
STATE:439:cr300f:Kh|Ks:-100|100:semibluffer|deepstack
STATE:440:r1200f:Ah|Qh:100|-100:deepstack|semibluffer
STATE:441:cc/cr300f:Kh|Qs/Qh:-100|100:semibluffer|deepstack
STATE:442:cc/cc:Ks|Qh/Kh:100|-100:deepstack|semibluffer
STATE:443:cr300r1200c/:Ah|As/Ks:0|0:semibluffer|deepstack
STATE:444:cr300r1200c/:As|Ah/Ks:0|0:deepstack|semibluffer
STATE:445:r1200c/:Qh|As/Ks:-1200|1200:semibluffer|deepstack
STATE:446:r1200f:Ah|Qs:100|-100:deepstack|semibluffer
STATE:447:cr300c/cr1200f:Kh|Qs/As:-300|300:semibluffer|deepstack
STATE:448:cc/cc:Qh|Kh/Qs:100|-100:deepstack|semibluffer
STATE:449:cc/cc:Ks|Qs/Kh:100|-100:semibluffer|deepstack
STATE:450:cc/r300f:Ks|Qs/Ah:100|-100:deepstack|semibluffer
STATE:451:cc/cr300f:Qh|Ks/Kh:-100|100:semibluffer|deepstack
STATE:452:cr1200f:Ks|Ah:-100|100:deepstack|semibluffer
STATE:453:r1200f:Ah|Qh:100|-100:semibluffer|deepstack
STATE:454:cc/r300c:Ah|Kh/As:300|-300:deepstack|semibluffer
STATE:455:r1200c/:Qs|Ah/Ks:-1200|1200:semibluffer|deepstack
STATE:456:cc/cr300f:Ks|Qs/Qh:-100|100:deepstack|semibluffer
STATE:457:r1200f:Ah|Kh:100|-100:semibluffer|deepstack
STATE:458:r300c/cc:Ah|As/Qh:0|0:deepstack|semibluffer
STATE:459:cc/r300f:Kh|Qs/Ah:100|-100:semibluffer|deepstack
STATE:460:cc/cc:As|Ks/Qs:100|-100:deepstack|semibluffer
STATE:461:cr300r1200f:Ah|Ks:300|-300:semibluffer|deepstack
STATE:462:cc/cc:Ah|Ks/Qs:100|-100:deepstack|semibluffer
STATE:463:cc/cc:As|Kh/Qh:100|-100:semibluffer|deepstack
STATE:464:cc/cr300f:Ks|Qh/Qs:-100|100:deepstack|semibluffer
STATE:465:r1200c/:Kh|Ah/Qs:-1200|1200:semibluffer|deepstack
STATE:466:r1200f:Ah|Ks:100|-100:deepstack|semibluffer
STATE:467:cc/cc:Kh|Qs/Ks:100|-100:semibluffer|deepstack
STATE:468:cc/r300f:Ks|Qs/As:100|-100:deepstack|semibluffer
STATE:469:cr300f:Qh|Ks:-100|100:semibluffer|deepstack
STATE:470:cc/cr300f:Qh|Kh/Ks:-100|100:deepstack|semibluffer
STATE:471:r1200f:Ah|Qh:100|-100:semibluffer|deepstack
STATE:472:r300c/cr1200f:Qh|Qs/Kh:-300|300:deepstack|semibluffer
STATE:473:r1200c/:Qs|As/Qh:1200|-1200:semibluffer|deepstack
STATE:474:r1200f:As|Qh:100|-100:deepstack|semibluffer
STATE:475:cr300f:Ks|As:-100|100:semibluffer|deepstack
STATE:476:cr300f:Ks|Kh:-100|100:deepstack|semibluffer
STATE:477:r1200c/:Kh|As/Ah:-1200|1200:semibluffer|deepstack
STATE:478:cr1200f:Qh|Ah:-100|100:deepstack|semibluffer
STATE:479:r1200f:As|Ks:100|-100:semibluffer|deepstack
STATE:480:cc/cc:Qh|Qs/As:0|0:deepstack|semibluffer
STATE:481:r1200c/:Ah|As/Qh:0|0:semibluffer|deepstack
STATE:482:cc/r300f:Kh|Ks/As:100|-100:deepstack|semibluffer
STATE:483:r300c/r1200f:Qh|Qs/Kh:300|-300:semibluffer|deepstack
STATE:484:cr300f:Ks|Qh:-100|100:deepstack|semibluffer
STATE:485:r1200c/:Qh|As/Kh:-1200|1200:semibluffer|deepstack
STATE:486:cr300f:Qs|Ah:-100|100:deepstack|semibluffer
STATE:487:r1200c/:As|Ah/Qh:0|0:semibluffer|deepstack
STATE:488:cc/r300f:Ks|Qh/Kh:100|-100:deepstack|semibluffer
STATE:489:cr300r1200f:Ah|Kh:300|-300:semibluffer|deepstack
STATE:490:cc/cr300r1200f:Ks|Qs/Kh:300|-300:deepstack|semibluffer
STATE:491:r1200f:Ah|Qh:100|-100:semibluffer|deepstack
STATE:492:cc/r300f:Kh|Qs/Ah:100|-100:deepstack|semibluffer
STATE:493:cr300f:Kh|Qh:-100|100:semibluffer|deepstack
STATE:494:cc/r300f:Ks|Kh/As:100|-100:deepstack|semibluffer
STATE:495:cr300f:Kh|Ks:-100|100:semibluffer|deepstack
STATE:496:cr1200f:Qh|As:-100|100:deepstack|semibluffer
STATE:497:r1200f:As|Kh:100|-100:semibluffer|deepstack
STATE:498:r1200f:Ah|Qh:100|-100:deepstack|semibluffer
STATE:499:cc/cc:Ah|Kh/Qs:100|-100:semibluffer|deepstack
STATE:500:cc/r300f:As|Qh/Ah:100|-100:deepstack|semibluffer
STATE:501:cc/cc:Ks|Kh/Qs:0|0:semibluffer|deepstack
STATE:502:cr1200c/:Ah|As/Qs:0|0:deepstack|semibluffer
STATE:503:r1200c/:Kh|Ah/Ks:1200|-1200:semibluffer|deepstack
STATE:504:cr300r1200f:As|Qh:300|-300:deepstack|semibluffer
STATE:505:cr300f:Ks|Kh:-100|100:semibluffer|deepstack
STATE:506:cr300f:Kh|As:-100|100:deepstack|semibluffer
STATE:507:r1200c/:Qh|As/Ah:-1200|1200:semibluffer|deepstack
STATE:508:cc/cc:Qs|Qh/Kh:0|0:deepstack|semibluffer
STATE:509:cr300c/r900f:Qs|Ks/Qh:300|-300:semibluffer|deepstack
STATE:510:cc/r300c:As|Kh/Ah:300|-300:deepstack|semibluffer
STATE:511:r1200f:Qs|Ks:100|-100:semibluffer|deepstack
STATE:512:cc/r300f:Kh|Ks/Ah:100|-100:deepstack|semibluffer
STATE:513:cc/cc:Ks|Ah/Qs:-100|100:semibluffer|deepstack
STATE:514:cr300f:Qs|As:-100|100:deepstack|semibluffer
STATE:515:r1200f:Ah|Kh:100|-100:semibluffer|deepstack
STATE:516:cc/cr300f:Kh|Ks/Qh:-100|100:deepstack|semibluffer
STATE:517:r1200f:Qs|Ks:100|-100:semibluffer|deepstack
STATE:518:cr300f:Qh|Kh:-100|100:deepstack|semibluffer
STATE:519:r1200f:As|Qs:100|-100:semibluffer|deepstack
STATE:520:cr300f:Kh|As:-100|100:deepstack|semibluffer
STATE:521:r1200f:As|Kh:100|-100:semibluffer|deepstack
STATE:522:cc/cr300f:Qh|Ks/Kh:-100|100:deepstack|semibluffer
STATE:523:r1200c/:Qs|As/Kh:-1200|1200:semibluffer|deepstack
STATE:524:cc/cr300f:Ks|Qs/Qh:-100|100:deepstack|semibluffer
STATE:525:r1200f:As|Qs:100|-100:semibluffer|deepstack
STATE:526:cr300c/cc:Qh|As/Qs:300|-300:deepstack|semibluffer
STATE:527:r1200f:Kh|Qs:100|-100:semibluffer|deepstack
STATE:528:cc/cr300f:Kh|Qh/Qs:-100|100:deepstack|semibluffer
STATE:529:r1200f:Qs|Kh:100|-100:semibluffer|deepstack
STATE:530:cc/r1200f:Qs|Kh/As:100|-100:deepstack|semibluffer
STATE:531:cr300f:Kh|Ah:-100|100:semibluffer|deepstack
STATE:532:cr300f:Qh|As:-100|100:deepstack|semibluffer
STATE:533:r1200f:Ks|Qh:100|-100:semibluffer|deepstack
STATE:534:cr300f:Ks|As:-100|100:deepstack|semibluffer
STATE:535:r1200f:As|Kh:100|-100:semibluffer|deepstack
STATE:536:cr300f:Qh|Ks:-100|100:deepstack|semibluffer
STATE:537:r1200f:Qh|Ks:100|-100:semibluffer|deepstack
STATE:538:cr300f:Qh|As:-100|100:deepstack|semibluffer
STATE:539:r1200f:Qs|Ks:100|-100:semibluffer|deepstack
STATE:540:cc/r300f:Kh|Qs/As:100|-100:deepstack|semibluffer
STATE:541:cr300f:Qs|Ah:-100|100:semibluffer|deepstack
STATE:542:cr300r1200f:Ah|Kh:300|-300:deepstack|semibluffer
STATE:543:cc/cc:Qh|Ks/Ah:-100|100:semibluffer|deepstack
STATE:544:cr300f:Qs|As:-100|100:deepstack|semibluffer
STATE:545:r1200c/:Qs|Ah/Kh:-1200|1200:semibluffer|deepstack
STATE:546:cr300r1200c/:Ah|As/Qs:0|0:deepstack|semibluffer
STATE:547:r1200f:Ah|Kh:100|-100:semibluffer|deepstack
STATE:548:cc/r300f:Kh|Qh/Ah:100|-100:deepstack|semibluffer
STATE:549:cr1200c/:As|Ah/Kh:0|0:semibluffer|deepstack
STATE:550:r1200f:As|Qs:100|-100:deepstack|semibluffer
STATE:551:cc/cc:Qh|Kh/As:-100|100:semibluffer|deepstack
STATE:552:r1200c/:As|Ah/Kh:0|0:deepstack|semibluffer
STATE:553:r1200c/:Ah|As/Kh:0|0:semibluffer|deepstack
STATE:554:cr300c/cr1200f:Ks|Ah/As:-300|300:deepstack|semibluffer
STATE:555:r1200f:Kh|Qs:100|-100:semibluffer|deepstack
STATE:556:cr300f:Ks|Ah:-100|100:deepstack|semibluffer
STATE:557:r1200f:As|Qh:100|-100:semibluffer|deepstack
STATE:558:cc/cc:Kh|Ks/Qh:0|0:deepstack|semibluffer
STATE:559:cr300f:Qh|Qs:-100|100:semibluffer|deepstack
STATE:560:cr300c/cc:Qh|As/Qs:300|-300:deepstack|semibluffer
STATE:561:r1200f:Kh|Qh:100|-100:semibluffer|deepstack
STATE:562:r1200f:As|Qh:100|-100:deepstack|semibluffer
STATE:563:cr300f:Qs|Ah:-100|100:semibluffer|deepstack
STATE:564:cr300f:Qs|Kh:-100|100:deepstack|semibluffer
STATE:565:r1200f:Qs|Qh:100|-100:semibluffer|deepstack
STATE:566:cc/r300f:Ks|Qs/Ah:100|-100:deepstack|semibluffer
STATE:567:cc/r300f:Kh|Qs/As:100|-100:semibluffer|deepstack
STATE:568:cc/cr300f:Ah|Qh/Qs:-100|100:deepstack|semibluffer
STATE:569:r1200f:Ah|Kh:100|-100:semibluffer|deepstack
STATE:570:cc/r300f:Ks|Qs/Ah:100|-100:deepstack|semibluffer
STATE:571:cc/r300c:Ks|Kh/Ah:0|0:semibluffer|deepstack
STATE:572:cr300c/r1200f:Qs|Ah/Qh:300|-300:deepstack|semibluffer
STATE:573:cr300f:Qh|Ks:-100|100:semibluffer|deepstack
STATE:574:cr300f:Kh|As:-100|100:deepstack|semibluffer
STATE:575:r1200f:Qh|Kh:100|-100:semibluffer|deepstack
STATE:576:cr300f:Kh|As:-100|100:deepstack|semibluffer
STATE:577:r1200c/:Ah|As/Qs:0|0:semibluffer|deepstack
STATE:578:cr300f:Ks|Qh:-100|100:deepstack|semibluffer
STATE:579:r1200f:Ah|Ks:100|-100:semibluffer|deepstack
STATE:580:cr300r1200f:As|Ks:300|-300:deepstack|semibluffer
STATE:581:cr300r1200c/:Ah|As/Qh:0|0:semibluffer|deepstack
STATE:582:r1200f:Ah|Qh:100|-100:deepstack|semibluffer
STATE:583:cr300f:Qh|Ah:-100|100:semibluffer|deepstack
STATE:584:cc/cr300r900r1200c:Kh|Qh/Ks:1200|-1200:deepstack|semibluffer
STATE:585:r1200c/:Ks|Ah/Qs:-1200|1200:semibluffer|deepstack
STATE:586:r1200f:As|Qh:100|-100:deepstack|semibluffer
STATE:587:cr300f:Qs|Ah:-100|100:semibluffer|deepstack
STATE:588:r1200c/:Ah|As/Kh:0|0:deepstack|semibluffer
STATE:589:r1200c/:Qs|As/Kh:-1200|1200:semibluffer|deepstack
STATE:590:cc/cc:Ah|Qs/Ks:100|-100:deepstack|semibluffer
STATE:591:r1200f:Ah|Qs:100|-100:semibluffer|deepstack
STATE:592:cc/cc:Qs|Ks/Ah:-100|100:deepstack|semibluffer
STATE:593:cc/cc:Kh|Ks/As:0|0:semibluffer|deepstack
STATE:594:cr300r1200f:As|Ks:300|-300:deepstack|semibluffer
STATE:595:cr300f:Ks|Ah:-100|100:semibluffer|deepstack
STATE:596:cc/cc:Qs|Qh/Ks:0|0:deepstack|semibluffer
STATE:597:cr300c/r1200f:Qs|As/Kh:300|-300:semibluffer|deepstack
STATE:598:cr300c/cr1200f:Kh|Ah/As:-300|300:deepstack|semibluffer
STATE:599:r1200f:Qs|Kh:100|-100:semibluffer|deepstack
STATE:600:cr300f:Ks|As:-100|100:deepstack|semibluffer
STATE:601:r1200f:As|Kh:100|-100:semibluffer|deepstack
STATE:602:cr300r1200c/:Ah|As/Ks:0|0:deepstack|semibluffer
STATE:603:r1200c/:As|Ah/Kh:0|0:semibluffer|deepstack
STATE:604:cr300c/r1200f:Qs|As/Kh:300|-300:deepstack|semibluffer
STATE:605:cc/cc:Qh|Ks/Ah:-100|100:semibluffer|deepstack
STATE:606:cc/cc:Qh|Qs/Ah:0|0:deepstack|semibluffer
STATE:607:cr300c/r1200f:Ks|As/Kh:300|-300:semibluffer|deepstack
STATE:608:cc/r300f:Ah|Qs/As:100|-100:deepstack|semibluffer
STATE:609:cc/cr300r900f:Qs|Ks/Qh:300|-300:semibluffer|deepstack
STATE:610:cr300f:Kh|As:-100|100:deepstack|semibluffer
STATE:611:r1200f:Qh|Kh:100|-100:semibluffer|deepstack
STATE:612:cc/cr300r1200f:Kh|Qs/Ks:300|-300:deepstack|semibluffer
STATE:613:cc/cr300f:Ah|Ks/Kh:-100|100:semibluffer|deepstack
STATE:614:cr300c/r1200f:Ks|Ah/Kh:300|-300:deepstack|semibluffer
STATE:615:cc/cc:Ah|Qh/Ks:100|-100:semibluffer|deepstack
STATE:616:cc/cc:Qh|Kh/As:-100|100:deepstack|semibluffer
STATE:617:cr300r1200c/:Ah|As/Qs:0|0:semibluffer|deepstack
STATE:618:cc/r300c:Ks|Kh/As:0|0:deepstack|semibluffer
STATE:619:r1200c/:Kh|Ah/Ks:1200|-1200:semibluffer|deepstack
STATE:620:cr300f:Kh|Qs:-100|100:deepstack|semibluffer
STATE:621:r1200f:Qh|Kh:100|-100:semibluffer|deepstack
STATE:622:cr1200f:Ks|Ah:-100|100:deepstack|semibluffer
STATE:623:r1200f:Qh|Qs:100|-100:semibluffer|deepstack
STATE:624:cc/r300f:As|Qs/Ah:100|-100:deepstack|semibluffer
STATE:625:cr300f:Qh|Ah:-100|100:semibluffer|deepstack
STATE:626:cr300c/cr1200f:Qh|As/Ah:-300|300:deepstack|semibluffer
STATE:627:r1200c/:Ks|As/Qh:-1200|1200:semibluffer|deepstack
STATE:628:cc/cc:Ks|Kh/Qs:0|0:deepstack|semibluffer
STATE:629:cc/cc:Kh|Qs/Ks:100|-100:semibluffer|deepstack
STATE:630:cr300f:Qs|Ah:-100|100:deepstack|semibluffer
STATE:631:r1200c/:Qs|Ah/Kh:-1200|1200:semibluffer|deepstack
STATE:632:cc/cr300r1200f:Qs|Ks/Qh:300|-300:deepstack|semibluffer
STATE:633:cc/cc:Ah|Ks/Qs:100|-100:semibluffer|deepstack
STATE:634:cr300f:Qs|Kh:-100|100:deepstack|semibluffer
STATE:635:r1200f:Ks|Qs:100|-100:semibluffer|deepstack
STATE:636:cr300f:Qs|As:-100|100:deepstack|semibluffer
STATE:637:r1200f:Qh|Qs:100|-100:semibluffer|deepstack
STATE:638:cc/cr300r1200f:Qh|Kh/Qs:300|-300:deepstack|semibluffer
STATE:639:r300c/r1200c:Qs|Ks/Ah:-1200|1200:semibluffer|deepstack
STATE:640:r300c/cr1200f:Ah|Ks/Kh:-300|300:deepstack|semibluffer
STATE:641:r1200f:Qs|Kh:100|-100:semibluffer|deepstack
STATE:642:r1200f:As|Qh:100|-100:deepstack|semibluffer
STATE:643:cc/cc:As|Kh/Qs:100|-100:semibluffer|deepstack
STATE:644:r1200f:As|Kh:100|-100:deepstack|semibluffer
STATE:645:cr300f:Ks|Ah:-100|100:semibluffer|deepstack
STATE:646:cr300f:Qs|As:-100|100:deepstack|semibluffer
STATE:647:r1200c/:Qs|As/Kh:-1200|1200:semibluffer|deepstack
STATE:648:cc/cc:Qs|Ks/As:-100|100:deepstack|semibluffer
STATE:649:cc/r300f:As|Ks/Ah:100|-100:semibluffer|deepstack
STATE:650:cc/cc:Ah|Ks/Qh:100|-100:deepstack|semibluffer
STATE:651:r1200f:As|Qs:100|-100:semibluffer|deepstack
STATE:652:cc/r300c:As|Ks/Ah:300|-300:deepstack|semibluffer
STATE:653:r1200f:Qs|Kh:100|-100:semibluffer|deepstack
STATE:654:cc/cc:Qs|Kh/As:-100|100:deepstack|semibluffer
STATE:655:cc/r300f:Kh|Qh/As:100|-100:semibluffer|deepstack
STATE:656:cc/cc:Qs|Kh/As:-100|100:deepstack|semibluffer
STATE:657:cc/cc:Qh|Ks/As:-100|100:semibluffer|deepstack
STATE:658:cr300c/cc:As|Qh/Kh:300|-300:deepstack|semibluffer
STATE:659:r1200c/:Qs|Ah/Ks:-1200|1200:semibluffer|deepstack
STATE:660:cc/cc:Qs|Qh/As:0|0:deepstack|semibluffer
STATE:661:cc/r300r900f:Ks|Ah/As:-300|300:semibluffer|deepstack
STATE:662:cr300f:Kh|Ah:-100|100:deepstack|semibluffer
STATE:663:r1200f:Ah|Qs:100|-100:semibluffer|deepstack
STATE:664:cc/cr300c:As|Qh/Qs:-300|300:deepstack|semibluffer
STATE:665:r1200c/:Ks|Ah/Kh:1200|-1200:semibluffer|deepstack
STATE:666:cc/cc:Qs|Qh/Kh:0|0:deepstack|semibluffer
STATE:667:cr300f:Ks|As:-100|100:semibluffer|deepstack
STATE:668:cc/r1200c:Qs|Ks/Ah:-1200|1200:deepstack|semibluffer
STATE:669:r1200c/:Qh|Ah/As:-1200|1200:semibluffer|deepstack
STATE:670:cc/cc:Qh|Qs/Kh:0|0:deepstack|semibluffer
STATE:671:cr300f:Kh|Ah:-100|100:semibluffer|deepstack
STATE:672:cc/r1200f:Ah|Qh/As:100|-100:deepstack|semibluffer
STATE:673:cc/cc:Qh|Kh/Qs:100|-100:semibluffer|deepstack
STATE:674:cc/cr300r1200f:Qh|Ks/Qs:300|-300:deepstack|semibluffer
STATE:675:cc/cc:As|Qs/Ks:100|-100:semibluffer|deepstack
STATE:676:cr300f:Ks|Ah:-100|100:deepstack|semibluffer
STATE:677:r1200c/:Qs|As/Qh:1200|-1200:semibluffer|deepstack
STATE:678:cr300r1200f:Ah|Qs:300|-300:deepstack|semibluffer
STATE:679:r300c/r1200f:Ah|Qh/Kh:300|-300:semibluffer|deepstack
STATE:680:cr300f:Qs|As:-100|100:deepstack|semibluffer
STATE:681:r1200f:Ks|Qs:100|-100:semibluffer|deepstack
STATE:682:cc/cc:Kh|Qh/As:100|-100:deepstack|semibluffer
STATE:683:cr300f:Kh|Qs:-100|100:semibluffer|deepstack
STATE:684:cr300f:Qs|Kh:-100|100:deepstack|semibluffer
STATE:685:r1200f:Qs|Qh:100|-100:semibluffer|deepstack
STATE:686:cc/r300f:Kh|Qs/As:100|-100:deepstack|semibluffer
STATE:687:cc/cr300f:Kh|Qs/Qh:-100|100:semibluffer|deepstack
STATE:688:cr300f:Kh|As:-100|100:deepstack|semibluffer
STATE:689:r1200c/:Qs|As/Ah:-1200|1200:semibluffer|deepstack
STATE:690:cc/r1200f:Ah|Qh/As:100|-100:deepstack|semibluffer
STATE:691:r300c/cr1200f:Kh|Qs/Qh:-300|300:semibluffer|deepstack
STATE:692:cc/r300c:As|Ks/Ah:300|-300:deepstack|semibluffer
STATE:693:r1200f:Ah|Qh:100|-100:semibluffer|deepstack
STATE:694:cr300c/cr1200f:Ks|Kh/Ah:-300|300:deepstack|semibluffer
STATE:695:r1200f:Ah|Qs:100|-100:semibluffer|deepstack
STATE:696:cc/cc:Qs|Qh/Kh:0|0:deepstack|semibluffer
STATE:697:cr300f:Ks|Ah:-100|100:semibluffer|deepstack
STATE:698:cr300f:Kh|As:-100|100:deepstack|semibluffer
STATE:699:r1200f:Qs|Ks:100|-100:semibluffer|deepstack
STATE:700:cr300f:Kh|As:-100|100:deepstack|semibluffer
STATE:701:r1200c/:As|Ah/Qh:0|0:semibluffer|deepstack
STATE:702:cc/cr300f:Kh|Qh/Qs:-100|100:deepstack|semibluffer
STATE:703:r1200f:Qh|Ks:100|-100:semibluffer|deepstack
STATE:704:cr1200f:Qh|As:-100|100:deepstack|semibluffer
STATE:705:r1200f:Ah|Qs:100|-100:semibluffer|deepstack
STATE:706:cc/cr1200f:Ks|Qs/As:-100|100:deepstack|semibluffer
STATE:707:r300c/r1200f:Ks|Qs/Ah:300|-300:semibluffer|deepstack
STATE:708:r300c/cr1200f:As|Qs/Qh:-300|300:deepstack|semibluffer
STATE:709:r1200f:Qh|Ks:100|-100:semibluffer|deepstack
STATE:710:r1200f:As|Kh:100|-100:deepstack|semibluffer
STATE:711:cr300r1200f:As|Qh:300|-300:semibluffer|deepstack
STATE:712:r300c/cc:Ah|Ks/Qh:300|-300:deepstack|semibluffer
STATE:713:r300c/r1200f:As|Ks/Ah:300|-300:semibluffer|deepstack
STATE:714:cc/cc:Kh|Ks/As:0|0:deepstack|semibluffer
STATE:715:cr300f:Qs|Ah:-100|100:semibluffer|deepstack
STATE:716:cr300f:Qs|As:-100|100:deepstack|semibluffer
STATE:717:r1200c/:Ks|As/Qh:-1200|1200:semibluffer|deepstack
STATE:718:cc/r300f:Ah|Qh/As:100|-100:deepstack|semibluffer
STATE:719:cc/cc:Ks|Ah/Qh:-100|100:semibluffer|deepstack
STATE:720:cc/cr300f:Qh|Ks/Kh:-100|100:deepstack|semibluffer
STATE:721:r1200f:Ks|Kh:100|-100:semibluffer|deepstack
STATE:722:r1200f:As|Kh:100|-100:deepstack|semibluffer
STATE:723:cr300f:Kh|Ah:-100|100:semibluffer|deepstack
STATE:724:cc/cc:As|Ks/Qh:100|-100:deepstack|semibluffer
STATE:725:r1200c/:As|Ah/Qs:0|0:semibluffer|deepstack
STATE:726:cr300c/cc:Ah|As/Kh:0|0:deepstack|semibluffer
STATE:727:r1200f:Kh|Qh:100|-100:semibluffer|deepstack
STATE:728:cc/cc:Kh|Qh/Ks:100|-100:deepstack|semibluffer
STATE:729:cc/cr300c:Ah|Qh/Kh:300|-300:semibluffer|deepstack
STATE:730:cc/cc:Qs|Qh/As:0|0:deepstack|semibluffer
STATE:731:cc/cc:Qh|Qs/Ks:0|0:semibluffer|deepstack
STATE:732:cr1200f:Qh|As:-100|100:deepstack|semibluffer
STATE:733:r1200c/:Kh|Ah/Qs:-1200|1200:semibluffer|deepstack
STATE:734:cr300f:Ks|Kh:-100|100:deepstack|semibluffer
STATE:735:r1200f:Qh|Qs:100|-100:semibluffer|deepstack
STATE:736:cr300f:Qh|As:-100|100:deepstack|semibluffer
STATE:737:r1200c/:Kh|As/Ks:1200|-1200:semibluffer|deepstack
STATE:738:cc/r300f:Kh|Qs/As:100|-100:deepstack|semibluffer
STATE:739:cr300r1200f:Ah|Qh:300|-300:semibluffer|deepstack
STATE:740:cr300f:Kh|Ks:-100|100:deepstack|semibluffer
STATE:741:r1200f:Qs|Qh:100|-100:semibluffer|deepstack
STATE:742:cr300r1200f:As|Ks:300|-300:deepstack|semibluffer
STATE:743:cr300r1200f:As|Ks:300|-300:semibluffer|deepstack
STATE:744:cc/cc:As|Ks/Qh:100|-100:deepstack|semibluffer
STATE:745:cc/cr1200f:Qs|Kh/As:-100|100:semibluffer|deepstack
STATE:746:cc/cc:Qs|Qh/Ah:0|0:deepstack|semibluffer
STATE:747:cc/cc:Kh|Qs/Ks:100|-100:semibluffer|deepstack
STATE:748:cc/cc:As|Ks/Qs:100|-100:deepstack|semibluffer
STATE:749:cc/cc:Qh|Qs/Ah:0|0:semibluffer|deepstack
STATE:750:cr300f:Qs|Qh:-100|100:deepstack|semibluffer
STATE:751:r1200f:Qh|Kh:100|-100:semibluffer|deepstack
STATE:752:cr300c/cc:Ah|As/Qs:0|0:deepstack|semibluffer
STATE:753:r1200f:Ks|Qh:100|-100:semibluffer|deepstack
STATE:754:cc/cc:Qh|Qs/Ks:0|0:deepstack|semibluffer
STATE:755:cc/cc:Qs|Qh/As:0|0:semibluffer|deepstack
STATE:756:r1200f:Ah|Kh:100|-100:deepstack|semibluffer
STATE:757:cc/r300c:Kh|Ks/Ah:0|0:semibluffer|deepstack
STATE:758:cc/r300f:Kh|Qs/Ah:100|-100:deepstack|semibluffer
STATE:759:cc/r300r1200f:Ks|Qs/Ah:-300|300:semibluffer|deepstack
STATE:760:cr300r1200f:As|Qs:300|-300:deepstack|semibluffer
STATE:761:cr300r1200c/:Ah|As/Qh:0|0:semibluffer|deepstack
STATE:762:cc/cc:Qh|As/Ks:-100|100:deepstack|semibluffer
STATE:763:cr300f:Qh|Kh:-100|100:semibluffer|deepstack
STATE:764:cc/cr1200f:Qs|As/Ah:-100|100:deepstack|semibluffer
STATE:765:r300c/cc:As|Ks/Qh:300|-300:semibluffer|deepstack
STATE:766:cr300f:Ks|As:-100|100:deepstack|semibluffer
STATE:767:r1200f:Ks|Qs:100|-100:semibluffer|deepstack
STATE:768:cc/cr300f:As|Qh/Ks:-100|100:deepstack|semibluffer
STATE:769:r1200f:As|Kh:100|-100:semibluffer|deepstack
STATE:770:cr300f:Qh|Ah:-100|100:deepstack|semibluffer
STATE:771:r1200f:Ah|Qs:100|-100:semibluffer|deepstack
STATE:772:cr300c/r1200f:Ks|As/Qh:300|-300:deepstack|semibluffer
STATE:773:cc/cr300f:As|Qs/Qh:-100|100:semibluffer|deepstack
STATE:774:cc/r300r900f:Kh|As/Ah:-300|300:deepstack|semibluffer
STATE:775:r1200f:Ah|Ks:100|-100:semibluffer|deepstack
STATE:776:cc/cc:Ah|Kh/Qs:100|-100:deepstack|semibluffer
STATE:777:r300r1200f:Kh|Ah:-300|300:semibluffer|deepstack
STATE:778:cr300c/r1200c:Ks|Ah/Kh:1200|-1200:deepstack|semibluffer
STATE:779:r1200f:Kh|Ks:100|-100:semibluffer|deepstack
STATE:780:r1200f:Ah|Ks:100|-100:deepstack|semibluffer
STATE:781:cr1200f:Ks|As:-100|100:semibluffer|deepstack
STATE:782:cr300r1200c/:Ah|As/Ks:0|0:deepstack|semibluffer
STATE:783:r1200f:Qh|Qs:100|-100:semibluffer|deepstack
STATE:784:cr300f:Kh|As:-100|100:deepstack|semibluffer
STATE:785:r1200f:As|Qh:100|-100:semibluffer|deepstack
STATE:786:cr300c/r1200f:Qs|Ah/Qh:300|-300:deepstack|semibluffer
STATE:787:cr300f:Qh|Ah:-100|100:semibluffer|deepstack
STATE:788:r1200f:As|Ks:100|-100:deepstack|semibluffer
STATE:789:cr1200f:Kh|As:-100|100:semibluffer|deepstack
STATE:790:cr300r1200c/:As|Ah/Kh:0|0:deepstack|semibluffer
STATE:791:r1200f:Kh|Qh:100|-100:semibluffer|deepstack
STATE:792:r1200f:As|Qh:100|-100:deepstack|semibluffer
STATE:793:r300r1200f:Kh|As:-300|300:semibluffer|deepstack
STATE:794:cc/cc:Kh|Ks/Qh:0|0:deepstack|semibluffer
STATE:795:cc/cr300c:As|Qs/Qh:-300|300:semibluffer|deepstack
STATE:796:cc/cc:Kh|Qh/Ks:100|-100:deepstack|semibluffer
STATE:797:cc/cc:Qh|Ks/Qs:100|-100:semibluffer|deepstack
STATE:798:cr300f:Qs|As:-100|100:deepstack|semibluffer
STATE:799:r1200f:Qs|Kh:100|-100:semibluffer|deepstack
STATE:800:cr300r1200c/:As|Ah/Qs:0|0:deepstack|semibluffer
STATE:801:r1200f:Kh|Qh:100|-100:semibluffer|deepstack
STATE:802:cr1200f:Qs|Ah:-100|100:deepstack|semibluffer
STATE:803:r1200f:Ks|Kh:100|-100:semibluffer|deepstack
STATE:804:r300c/cc:Ah|As/Qh:0|0:deepstack|semibluffer
STATE:805:cc/cc:Qh|Qs/Ah:0|0:semibluffer|deepstack
STATE:806:cr300f:Kh|As:-100|100:deepstack|semibluffer
STATE:807:r1200f:As|Qh:100|-100:semibluffer|deepstack
STATE:808:r1200c/:As|Ah/Qh:0|0:deepstack|semibluffer
STATE:809:r1200f:Ks|Qs:100|-100:semibluffer|deepstack
STATE:810:cc/r300f:Ks|Qs/Ah:100|-100:deepstack|semibluffer
STATE:811:cr1200f:Qs|As:-100|100:semibluffer|deepstack
STATE:812:cr1200f:Qh|As:-100|100:deepstack|semibluffer
STATE:813:r1200f:As|Qh:100|-100:semibluffer|deepstack
STATE:814:cc/cc:Qh|Ks/As:-100|100:deepstack|semibluffer
STATE:815:r1200f:Ah|Kh:100|-100:semibluffer|deepstack
STATE:816:cr300r1200f:Ah|Qh:300|-300:deepstack|semibluffer
STATE:817:r1200c/:Ah|As/Ks:0|0:semibluffer|deepstack
STATE:818:cc/r300c:As|Kh/Ah:300|-300:deepstack|semibluffer
STATE:819:r1200f:Ah|Qs:100|-100:semibluffer|deepstack
STATE:820:r1200c/:Ah|As/Ks:0|0:deepstack|semibluffer
STATE:821:r1200f:Qh|Kh:100|-100:semibluffer|deepstack
STATE:822:cc/cc:Ah|Kh/Qh:100|-100:deepstack|semibluffer
STATE:823:cr300f:Kh|As:-100|100:semibluffer|deepstack
STATE:824:cr300f:Qs|Ks:-100|100:deepstack|semibluffer
STATE:825:r1200f:Qh|Qs:100|-100:semibluffer|deepstack
STATE:826:cc/cc:As|Qs/Kh:100|-100:deepstack|semibluffer
STATE:827:cr300f:Qh|As:-100|100:semibluffer|deepstack
STATE:828:cc/cc:Kh|Ks/Qh:0|0:deepstack|semibluffer
STATE:829:r1200c/:Ah|As/Kh:0|0:semibluffer|deepstack
STATE:830:cc/cc:Ah|Kh/Qh:100|-100:deepstack|semibluffer
STATE:831:cc/cc:Ks|Qh/Kh:100|-100:semibluffer|deepstack
STATE:832:r1200f:Ah|Ks:100|-100:deepstack|semibluffer
STATE:833:cr300f:Qs|Ah:-100|100:semibluffer|deepstack
STATE:834:cc/cc:Qs|Qh/Ah:0|0:deepstack|semibluffer
STATE:835:cr300f:Ks|Ah:-100|100:semibluffer|deepstack
STATE:836:cr1200f:Ks|As:-100|100:deepstack|semibluffer
STATE:837:r1200f:Ks|Qs:100|-100:semibluffer|deepstack
STATE:838:cc/r300f:Ks|Qh/Ah:100|-100:deepstack|semibluffer
STATE:839:r1200f:As|Qs:100|-100:semibluffer|deepstack
STATE:840:r1200c/:As|Ah/Qs:0|0:deepstack|semibluffer
STATE:841:r1200f:As|Qh:100|-100:semibluffer|deepstack
STATE:842:cc/cc:Ah|Qs/Kh:100|-100:deepstack|semibluffer
STATE:843:cr300f:Kh|As:-100|100:semibluffer|deepstack
STATE:844:cc/cc:Qh|Ks/Ah:-100|100:deepstack|semibluffer
STATE:845:cr300f:Qs|As:-100|100:semibluffer|deepstack
STATE:846:cc/cc:Kh|Ks/Qh:0|0:deepstack|semibluffer
STATE:847:cc/cc:As|Kh/Qs:100|-100:semibluffer|deepstack
STATE:848:cc/r1200f:Qs|Ks/Ah:100|-100:deepstack|semibluffer
STATE:849:r1200c/:Ah|As/Qs:0|0:semibluffer|deepstack
STATE:850:cc/cc:Kh|Qh/Ks:100|-100:deepstack|semibluffer
STATE:851:cc/cr300f:Kh|Ks/Qh:-100|100:semibluffer|deepstack
STATE:852:cc/cr300r900r1200c:Kh|Qh/Ks:1200|-1200:deepstack|semibluffer
STATE:853:r1200f:Qh|Qs:100|-100:semibluffer|deepstack
STATE:854:cc/cr300f:Qs|Ks/Kh:-100|100:deepstack|semibluffer
STATE:855:r1200c/:Ks|Ah/Kh:1200|-1200:semibluffer|deepstack
STATE:856:r300c/cr1200c:Ks|Qs/Kh:1200|-1200:deepstack|semibluffer
STATE:857:r1200f:As|Ks:100|-100:semibluffer|deepstack
STATE:858:cc/cr300c:As|Qh/Qs:-300|300:deepstack|semibluffer
STATE:859:r1200f:Qh|Kh:100|-100:semibluffer|deepstack
STATE:860:cc/cc:Ah|As/Ks:0|0:deepstack|semibluffer
STATE:861:cc/cc:Qs|Kh/Ah:-100|100:semibluffer|deepstack
STATE:862:cr300f:Kh|As:-100|100:deepstack|semibluffer
STATE:863:r1200f:Kh|Ks:100|-100:semibluffer|deepstack
STATE:864:cc/cr300f:As|Qs/Kh:-100|100:deepstack|semibluffer
STATE:865:r1200c/:As|Ah/Qs:0|0:semibluffer|deepstack
STATE:866:cr300c/r1200f:Qh|Ks/Qs:300|-300:deepstack|semibluffer
STATE:867:cc/cc:Kh|Ks/Qh:0|0:semibluffer|deepstack
STATE:868:cr300c/r1200f:Qs|As/Kh:300|-300:deepstack|semibluffer
STATE:869:r1200f:Ah|Qh:100|-100:semibluffer|deepstack
STATE:870:cr300f:Qh|Kh:-100|100:deepstack|semibluffer
STATE:871:r1200c/:Kh|Ah/Qs:-1200|1200:semibluffer|deepstack
STATE:872:cr300f:Ks|Qs:-100|100:deepstack|semibluffer
STATE:873:r1200f:Ks|Qh:100|-100:semibluffer|deepstack
STATE:874:cc/cr300f:Ks|Qs/Qh:-100|100:deepstack|semibluffer
STATE:875:r1200f:Qs|Kh:100|-100:semibluffer|deepstack
STATE:876:r1200f:Ah|Qh:100|-100:deepstack|semibluffer
STATE:877:cr300f:Kh|Ah:-100|100:semibluffer|deepstack
STATE:878:cr300f:Qs|As:-100|100:deepstack|semibluffer
STATE:879:r1200f:Qh|Kh:100|-100:semibluffer|deepstack
STATE:880:r1200f:As|Qh:100|-100:deepstack|semibluffer
STATE:881:cc/r300f:Ks|Qs/As:100|-100:semibluffer|deepstack
STATE:882:cc/r300f:Kh|Qs/Ah:100|-100:deepstack|semibluffer
STATE:883:cc/r300f:Ks|Qs/As:100|-100:semibluffer|deepstack
STATE:884:cr300f:Kh|Ah:-100|100:deepstack|semibluffer
STATE:885:r1200f:Ah|Qs:100|-100:semibluffer|deepstack
STATE:886:cc/cc:Qh|Kh/Ah:-100|100:deepstack|semibluffer
STATE:887:r1200f:Ah|Kh:100|-100:semibluffer|deepstack
STATE:888:cr1200f:Ks|As:-100|100:deepstack|semibluffer
STATE:889:r1200f:Kh|Ks:100|-100:semibluffer|deepstack
STATE:890:cc/cc:Qh|Ks/Qs:100|-100:deepstack|semibluffer
STATE:891:cr300c/r900f:Qs|Ks/Qh:300|-300:semibluffer|deepstack
STATE:892:cc/cc:Qh|Qs/Ah:0|0:deepstack|semibluffer
STATE:893:cc/cr300f:Qh|Ks/Kh:-100|100:semibluffer|deepstack
STATE:894:cc/cr1200f:Qh|As/Ah:-100|100:deepstack|semibluffer
STATE:895:r1200f:As|Qh:100|-100:semibluffer|deepstack
STATE:896:cc/cc:As|Kh/Qh:100|-100:deepstack|semibluffer
STATE:897:cr300f:Ks|As:-100|100:semibluffer|deepstack
STATE:898:cr300c/cc:Qs|As/Ks:-300|300:deepstack|semibluffer
STATE:899:r1200f:As|Qs:100|-100:semibluffer|deepstack
STATE:900:cr300f:Qs|Qh:-100|100:deepstack|semibluffer
STATE:901:r1200f:Kh|Ks:100|-100:semibluffer|deepstack
STATE:902:cc/cr300c:Ah|Qh/Qs:-300|300:deepstack|semibluffer
STATE:903:r1200f:Qh|Kh:100|-100:semibluffer|deepstack
STATE:904:r1200f:As|Qs:100|-100:deepstack|semibluffer
STATE:905:cc/r300f:As|Ks/Ah:100|-100:semibluffer|deepstack
STATE:906:cr300f:Ks|Ah:-100|100:deepstack|semibluffer
STATE:907:r1200c/:Ks|As/Qs:-1200|1200:semibluffer|deepstack
STATE:908:cr1200f:Ks|As:-100|100:deepstack|semibluffer
STATE:909:r1200f:As|Qh:100|-100:semibluffer|deepstack
STATE:910:r1200f:As|Qs:100|-100:deepstack|semibluffer
STATE:911:cr300f:Ks|Ah:-100|100:semibluffer|deepstack
STATE:912:cc/cr300f:As|Qs/Qh:-100|100:deepstack|semibluffer
STATE:913:r1200f:Qh|Ks:100|-100:semibluffer|deepstack
STATE:914:cc/cc:Ah|Kh/Qh:100|-100:deepstack|semibluffer
STATE:915:cr300c/cr900f:Ks|As/Qh:-300|300:semibluffer|deepstack
STATE:916:cc/cc:Qh|Ks/Qs:100|-100:deepstack|semibluffer
STATE:917:cr300r1200c/:As|Ah/Ks:0|0:semibluffer|deepstack
STATE:918:cc/r300f:Ks|Kh/Ah:100|-100:deepstack|semibluffer
STATE:919:cc/r300f:Kh|Ks/Ah:100|-100:semibluffer|deepstack
STATE:920:cc/cc:As|Qs/Ks:100|-100:deepstack|semibluffer
STATE:921:cr300c/cc:Qh|Ks/As:-300|300:semibluffer|deepstack
STATE:922:r1200c/:Ah|As/Kh:0|0:deepstack|semibluffer
STATE:923:r1200c/:Kh|Ah/Qh:-1200|1200:semibluffer|deepstack
STATE:924:cr300r1200c/:As|Ah/Kh:0|0:deepstack|semibluffer
STATE:925:r1200f:As|Ks:100|-100:semibluffer|deepstack
STATE:926:cc/cc:As|Kh/Qs:100|-100:deepstack|semibluffer
STATE:927:r300f:Ah|Qh:100|-100:semibluffer|deepstack
STATE:928:r300f:Ks|Qs:100|-100:deepstack|semibluffer
STATE:929:cc/cc:Kh|Ks/Qs:0|0:semibluffer|deepstack
STATE:930:cc/cr300f:Ks|Qh/Qs:-100|100:deepstack|semibluffer
STATE:931:r1200f:Ks|Kh:100|-100:semibluffer|deepstack
STATE:932:cr1200f:Ks|As:-100|100:deepstack|semibluffer
STATE:933:r1200c/:Kh|Ah/As:-1200|1200:semibluffer|deepstack
STATE:934:cr1200f:Kh|As:-100|100:deepstack|semibluffer
STATE:935:r1200f:Ah|Ks:100|-100:semibluffer|deepstack
STATE:936:cc/cr300c:As|Qh/Qs:-300|300:deepstack|semibluffer
STATE:937:r1200f:Ah|Qs:100|-100:semibluffer|deepstack
STATE:938:cc/r300f:As|Qs/Ah:100|-100:deepstack|semibluffer
STATE:939:cr300f:Qs|Ah:-100|100:semibluffer|deepstack
STATE:940:r1200f:Ah|Qs:100|-100:deepstack|semibluffer
STATE:941:cr300f:Kh|Qs:-100|100:semibluffer|deepstack
STATE:942:cr300f:Kh|As:-100|100:deepstack|semibluffer
STATE:943:r1200c/:Qs|As/Kh:-1200|1200:semibluffer|deepstack
STATE:944:cr300c/cr1200c:As|Qs/Ah:1200|-1200:deepstack|semibluffer
STATE:945:r1200c/:Ah|As/Ks:0|0:semibluffer|deepstack
STATE:946:cc/cc:Qh|Ks/As:-100|100:deepstack|semibluffer
STATE:947:cr300f:Qh|Ah:-100|100:semibluffer|deepstack
STATE:948:cc/cc:Ks|Kh/As:0|0:deepstack|semibluffer
STATE:949:cr300f:Ks|As:-100|100:semibluffer|deepstack
STATE:950:cc/cr300f:As|Qh/Qs:-100|100:deepstack|semibluffer
STATE:951:r1200f:Kh|Qh:100|-100:semibluffer|deepstack
STATE:952:cr300r1200c/:As|Ah/Qs:0|0:deepstack|semibluffer
STATE:953:r1200f:Ks|Kh:100|-100:semibluffer|deepstack
STATE:954:cc/cc:Qs|Ks/As:-100|100:deepstack|semibluffer
STATE:955:r1200c/:As|Ah/Qh:0|0:semibluffer|deepstack
STATE:956:cr300f:Qs|As:-100|100:deepstack|semibluffer
STATE:957:r1200c/:Qh|Ah/As:-1200|1200:semibluffer|deepstack
STATE:958:cr1200f:Ks|As:-100|100:deepstack|semibluffer
STATE:959:r1200c/:Qs|Ah/Kh:-1200|1200:semibluffer|deepstack
STATE:960:cr300c/cr1200f:Kh|Ah/As:-300|300:deepstack|semibluffer
STATE:961:r1200c/:As|Ah/Qh:0|0:semibluffer|deepstack
STATE:962:r1200f:As|Qs:100|-100:deepstack|semibluffer
STATE:963:cr300f:Qs|Ks:-100|100:semibluffer|deepstack
STATE:964:cc/cc:Kh|Qh/Ks:100|-100:deepstack|semibluffer
STATE:965:cc/cr300f:Ah|Kh/Ks:-100|100:semibluffer|deepstack
STATE:966:cr300c/cr900f:Qh|As/Ks:-300|300:deepstack|semibluffer
STATE:967:cr300f:Qs|Ah:-100|100:semibluffer|deepstack
STATE:968:cc/cc:Ah|Kh/Qh:100|-100:deepstack|semibluffer
STATE:969:cr300c/r1200f:Qs|Ah/Qh:300|-300:semibluffer|deepstack
STATE:970:cr300f:Qs|Ah:-100|100:deepstack|semibluffer
STATE:971:r1200c/:Qh|Ah/Qs:1200|-1200:semibluffer|deepstack
STATE:972:r1200f:Ah|Kh:100|-100:deepstack|semibluffer
STATE:973:cr300f:Qs|Ah:-100|100:semibluffer|deepstack
STATE:974:cc/cc:Qh|Qs/As:0|0:deepstack|semibluffer
STATE:975:cr300r1200f:As|Qs:300|-300:semibluffer|deepstack
STATE:976:cc/cr300f:Kh|Qh/Qs:-100|100:deepstack|semibluffer
STATE:977:r1200f:Ah|Qs:100|-100:semibluffer|deepstack
STATE:978:cr300f:Qs|Qh:-100|100:deepstack|semibluffer
STATE:979:r1200f:As|Qs:100|-100:semibluffer|deepstack
STATE:980:cc/cc:Qs|Ks/Ah:-100|100:deepstack|semibluffer
STATE:981:cc/cc:Ah|Ks/Qs:100|-100:semibluffer|deepstack
STATE:982:cr300f:Qs|Ah:-100|100:deepstack|semibluffer
STATE:983:r1200c/:Kh|As/Ks:1200|-1200:semibluffer|deepstack
STATE:984:cr300r1200c/:As|Ah/Qh:0|0:deepstack|semibluffer
STATE:985:r1200f:Qh|Ks:100|-100:semibluffer|deepstack
STATE:986:cc/cr1200f:Qs|As/Ah:-100|100:deepstack|semibluffer
STATE:987:cc/r300f:Kh|Qs/Ah:100|-100:semibluffer|deepstack
STATE:988:cr300r1200f:As|Qs:300|-300:deepstack|semibluffer
STATE:989:cc/cr300r1200f:Qs|Kh/Qh:300|-300:semibluffer|deepstack
STATE:990:cr300f:Qs|Ah:-100|100:deepstack|semibluffer
STATE:991:r1200f:Ah|Ks:100|-100:semibluffer|deepstack
STATE:992:cr1200f:Qh|As:-100|100:deepstack|semibluffer
STATE:993:r1200f:As|Kh:100|-100:semibluffer|deepstack
STATE:994:cr1200f:Kh|As:-100|100:deepstack|semibluffer
STATE:995:r1200f:Ah|Ks:100|-100:semibluffer|deepstack
STATE:996:cc/cc:Qs|Kh/Qh:100|-100:deepstack|semibluffer
STATE:997:cr1200f:Qh|As:-100|100:semibluffer|deepstack
STATE:998:cr300f:Qh|As:-100|100:deepstack|semibluffer
STATE:999:r1200f:As|Qh:100|-100:semibluffer|deepstack
SCORE:39800|-39800:deepstack|semibluffer
