# name/game/hands/seed strongadaptiverocksvdeepstack ./DeepStack-Leduc/ACPCServer/leduc.game 1000 5
#--t_response 600000
#--t_hand 600000
#--t_per_hand 7000
STATE:0:r300c/cc:As|Ks/Qs:300|-300:deepstack|strongadaptiverocks
STATE:1:cc/cc:Qs|Kh/Ah:-100|100:strongadaptiverocks|deepstack
STATE:2:cc/cr300f:Ks|Qs/Qh:-100|100:deepstack|strongadaptiverocks
STATE:3:cr1200f:Ks|As:-100|100:strongadaptiverocks|deepstack
STATE:4:cr300r1200c/:As|Ah/Ks:0|0:deepstack|strongadaptiverocks
STATE:5:cc/cr300f:Qh|Qs/As:-100|100:strongadaptiverocks|deepstack
STATE:6:cc/cr300f:As|Ks/Kh:-100|100:deepstack|strongadaptiverocks
STATE:7:cc/cr1200f:Qs|Ah/As:-100|100:strongadaptiverocks|deepstack
STATE:8:cr1200c/:Ah|As/Qs:0|0:deepstack|strongadaptiverocks
STATE:9:cr300f:Qs|As:-100|100:strongadaptiverocks|deepstack
STATE:10:cc/cr300f:Qh|Ks/Kh:-100|100:deepstack|strongadaptiverocks
STATE:11:cc/cc:Qh|As/Kh:-100|100:strongadaptiverocks|deepstack
STATE:12:cc/cc:Kh|Ks/As:0|0:deepstack|strongadaptiverocks
STATE:13:cc/cc:Kh|As/Ks:100|-100:strongadaptiverocks|deepstack
STATE:14:cr300f:Qh|Ah:-100|100:deepstack|strongadaptiverocks
STATE:15:cr300f:Ks|As:-100|100:strongadaptiverocks|deepstack
STATE:16:cc/r300f:Ks|Qh/As:100|-100:deepstack|strongadaptiverocks
STATE:17:cc/cr300f:Ah|Kh/Ks:-100|100:strongadaptiverocks|deepstack
STATE:18:cc/cc:As|Kh/Qs:100|-100:deepstack|strongadaptiverocks
STATE:19:cc/r300f:Ah|Kh/As:100|-100:strongadaptiverocks|deepstack
STATE:20:cr300f:Qs|Ah:-100|100:deepstack|strongadaptiverocks
STATE:21:cc/cc:Ah|Qh/Kh:100|-100:strongadaptiverocks|deepstack
STATE:22:cc/cc:Kh|Ks/Qh:0|0:deepstack|strongadaptiverocks
STATE:23:cr300f:Qs|Ah:-100|100:strongadaptiverocks|deepstack
STATE:24:cr1200f:Kh|As:-100|100:deepstack|strongadaptiverocks
STATE:25:cc/cr300f:Ah|Ks/Qs:-100|100:strongadaptiverocks|deepstack
STATE:26:r1200f:As|Ks:100|-100:deepstack|strongadaptiverocks
STATE:27:cc/cc:As|Qh/Kh:100|-100:strongadaptiverocks|deepstack
STATE:28:cr300f:Kh|Ah:-100|100:deepstack|strongadaptiverocks
STATE:29:cr300f:Qh|Ah:-100|100:strongadaptiverocks|deepstack
STATE:30:cr1200c/:Ah|As/Kh:0|0:deepstack|strongadaptiverocks
STATE:31:cc/cr1200f:Ks|Qh/As:-100|100:strongadaptiverocks|deepstack
STATE:32:cc/cc:Qs|Qh/Kh:0|0:deepstack|strongadaptiverocks
STATE:33:cr300r1200c/:As|Ah/Kh:0|0:strongadaptiverocks|deepstack
STATE:34:cr1200f:Ks|As:-100|100:deepstack|strongadaptiverocks
STATE:35:cr300f:Qs|Ah:-100|100:strongadaptiverocks|deepstack
STATE:36:cc/cc:Qh|Ks/Ah:-100|100:deepstack|strongadaptiverocks
STATE:37:cr300f:Kh|As:-100|100:strongadaptiverocks|deepstack
STATE:38:cc/cc:Ks|Kh/Qs:0|0:deepstack|strongadaptiverocks
STATE:39:cc/cc:Ah|Qh/Ks:100|-100:strongadaptiverocks|deepstack
STATE:40:r1200f:Ah|Qh:100|-100:deepstack|strongadaptiverocks
STATE:41:cr1200f:Qh|As:-100|100:strongadaptiverocks|deepstack
STATE:42:cr300f:Qh|Ah:-100|100:deepstack|strongadaptiverocks
STATE:43:cc/cc:Kh|Ks/Qh:0|0:strongadaptiverocks|deepstack
STATE:44:cc/cc:Qs|Qh/Ks:0|0:deepstack|strongadaptiverocks
STATE:45:cc/cc:As|Kh/Qh:100|-100:strongadaptiverocks|deepstack
STATE:46:cc/cc:Ah|Ks/Qh:100|-100:deepstack|strongadaptiverocks
STATE:47:cc/cr300f:Kh|Ks/Qs:-100|100:strongadaptiverocks|deepstack
STATE:48:r1200f:As|Qs:100|-100:deepstack|strongadaptiverocks
STATE:49:cr300f:Kh|As:-100|100:strongadaptiverocks|deepstack
STATE:50:cr1200f:Ks|As:-100|100:deepstack|strongadaptiverocks
STATE:51:cr300r1200f:As|Ks:300|-300:strongadaptiverocks|deepstack
STATE:52:cc/r300f:Ks|Qh/Ah:100|-100:deepstack|strongadaptiverocks
STATE:53:cc/cc:Qh|Kh/As:-100|100:strongadaptiverocks|deepstack
STATE:54:cc/cc:Kh|Qs/Ks:100|-100:deepstack|strongadaptiverocks
STATE:55:cc/cc:Kh|Qs/Ah:100|-100:strongadaptiverocks|deepstack
STATE:56:r1200f:As|Qh:100|-100:deepstack|strongadaptiverocks
STATE:57:cr300f:Qh|Ah:-100|100:strongadaptiverocks|deepstack
STATE:58:cc/cc:Kh|Qh/Ks:100|-100:deepstack|strongadaptiverocks
STATE:59:cr300f:Ks|As:-100|100:strongadaptiverocks|deepstack
STATE:60:cc/r300f:Kh|Qs/Ah:100|-100:deepstack|strongadaptiverocks
STATE:61:cr300f:Qh|Ks:-100|100:strongadaptiverocks|deepstack
STATE:62:cc/cc:As|Qh/Ks:100|-100:deepstack|strongadaptiverocks
STATE:63:cr300f:Ks|Kh:-100|100:strongadaptiverocks|deepstack
STATE:64:cc/cr300c:As|Qs/Qh:-300|300:deepstack|strongadaptiverocks
STATE:65:cr300f:Qs|Kh:-100|100:strongadaptiverocks|deepstack
STATE:66:cc/cc:Qh|Kh/As:-100|100:deepstack|strongadaptiverocks
STATE:67:cc/r300c:Ah|Ks/As:300|-300:strongadaptiverocks|deepstack
STATE:68:cr1200f:Kh|As:-100|100:deepstack|strongadaptiverocks
STATE:69:cc/cr300r900f:Qs|Ks/Qh:300|-300:strongadaptiverocks|deepstack
STATE:70:cc/cc:Qh|Kh/Ah:-100|100:deepstack|strongadaptiverocks
STATE:71:cc/cr300f:Qs|Ks/Kh:-100|100:strongadaptiverocks|deepstack
STATE:72:cc/cc:Kh|Ks/Qs:0|0:deepstack|strongadaptiverocks
STATE:73:cr300f:Qs|Ah:-100|100:strongadaptiverocks|deepstack
STATE:74:cc/r300f:Ah|Ks/As:100|-100:deepstack|strongadaptiverocks
STATE:75:cc/cr300f:Ah|Ks/Kh:-100|100:strongadaptiverocks|deepstack
STATE:76:cc/r300f:Kh|Qs/As:100|-100:deepstack|strongadaptiverocks
STATE:77:cc/cr300f:Ah|Ks/Qs:-100|100:strongadaptiverocks|deepstack
STATE:78:cc/cc:As|Kh/Qh:100|-100:deepstack|strongadaptiverocks
STATE:79:cr300f:Kh|Qs:-100|100:strongadaptiverocks|deepstack
STATE:80:cr300f:Qh|Ah:-100|100:deepstack|strongadaptiverocks
STATE:81:cr300f:Qs|As:-100|100:strongadaptiverocks|deepstack
STATE:82:r1200f:Ah|Ks:100|-100:deepstack|strongadaptiverocks
STATE:83:cc/cr300f:Qh|Ks/Kh:-100|100:strongadaptiverocks|deepstack
STATE:84:cr1200f:Ks|As:-100|100:deepstack|strongadaptiverocks
STATE:85:cr300f:Kh|Ks:-100|100:strongadaptiverocks|deepstack
STATE:86:r300c/cr900f:Qs|Kh/Ks:-300|300:deepstack|strongadaptiverocks
STATE:87:cc/cr300f:Ks|Qh/Qs:-100|100:strongadaptiverocks|deepstack
STATE:88:cc/r1200f:Ah|Kh/As:100|-100:deepstack|strongadaptiverocks
STATE:89:cr300f:Kh|As:-100|100:strongadaptiverocks|deepstack
STATE:90:cc/cc:Kh|Qs/Ks:100|-100:deepstack|strongadaptiverocks
STATE:91:cc/cc:Ah|Qh/Kh:100|-100:strongadaptiverocks|deepstack
STATE:92:cc/r1200f:As|Kh/Ah:100|-100:deepstack|strongadaptiverocks
STATE:93:cc/cc:Kh|Qs/As:100|-100:strongadaptiverocks|deepstack
STATE:94:cr300f:Ks|Ah:-100|100:deepstack|strongadaptiverocks
STATE:95:cc/cc:Ks|Kh/As:0|0:strongadaptiverocks|deepstack
STATE:96:cr1200f:Qh|As:-100|100:deepstack|strongadaptiverocks
STATE:97:cr300r1200c/:As|Ah/Ks:0|0:strongadaptiverocks|deepstack
STATE:98:cr1200f:Qs|As:-100|100:deepstack|strongadaptiverocks
STATE:99:cr300f:Qs|Kh:-100|100:strongadaptiverocks|deepstack
STATE:100:cc/cc:Qs|Kh/As:-100|100:deepstack|strongadaptiverocks
STATE:101:cr1200f:Kh|As:-100|100:strongadaptiverocks|deepstack
STATE:102:cr300f:Ks|Ah:-100|100:deepstack|strongadaptiverocks
STATE:103:cr300f:Ks|Ah:-100|100:strongadaptiverocks|deepstack
STATE:104:cr300c/cr900f:Qs|Ah/As:-300|300:deepstack|strongadaptiverocks
STATE:105:cr300f:Qh|As:-100|100:strongadaptiverocks|deepstack
STATE:106:cr300r1200c/:As|Ah/Qs:0|0:deepstack|strongadaptiverocks
STATE:107:cr1200f:Qs|As:-100|100:strongadaptiverocks|deepstack
STATE:108:cc/cr300c:As|Qh/Qs:-300|300:deepstack|strongadaptiverocks
STATE:109:cc/cr300f:Qh|Ks/Kh:-100|100:strongadaptiverocks|deepstack
STATE:110:cc/r300f:As|Qs/Ah:100|-100:deepstack|strongadaptiverocks
STATE:111:cr1200f:Qs|Ah:-100|100:strongadaptiverocks|deepstack
STATE:112:cc/cc:Qh|Kh/As:-100|100:deepstack|strongadaptiverocks
STATE:113:cc/cc:Qh|Qs/Ah:0|0:strongadaptiverocks|deepstack
STATE:114:cc/cr300f:Ah|Qs/Qh:-100|100:deepstack|strongadaptiverocks
STATE:115:cr300f:Qs|As:-100|100:strongadaptiverocks|deepstack
STATE:116:cr1200f:Qs|As:-100|100:deepstack|strongadaptiverocks
STATE:117:cc/cr300f:As|Qh/Qs:-100|100:strongadaptiverocks|deepstack
STATE:118:cc/cr300f:Qh|Kh/Ks:-100|100:deepstack|strongadaptiverocks
STATE:119:cc/cc:Ks|Kh/As:0|0:strongadaptiverocks|deepstack
STATE:120:cr300f:Ks|Ah:-100|100:deepstack|strongadaptiverocks
STATE:121:cc/cr300f:Qh|Kh/Ks:-100|100:strongadaptiverocks|deepstack
STATE:122:cc/r300f:Ks|Qs/As:100|-100:deepstack|strongadaptiverocks
STATE:123:cc/cc:Qs|Qh/As:0|0:strongadaptiverocks|deepstack
STATE:124:cc/r300f:Ks|Kh/Ah:100|-100:deepstack|strongadaptiverocks
STATE:125:cr1200f:Ks|As:-100|100:strongadaptiverocks|deepstack
STATE:126:cc/cc:As|Ks/Qs:100|-100:deepstack|strongadaptiverocks
STATE:127:cc/cc:Qs|Qh/As:0|0:strongadaptiverocks|deepstack
STATE:128:cc/cc:Kh|Qs/Ks:100|-100:deepstack|strongadaptiverocks
STATE:129:cc/cr300f:Kh|Ks/Qs:-100|100:strongadaptiverocks|deepstack
STATE:130:cr300c/cc:As|Ah/Kh:0|0:deepstack|strongadaptiverocks
STATE:131:cr300r1200c/:Ah|As/Ks:0|0:strongadaptiverocks|deepstack
STATE:132:cc/r300f:Ks|Kh/As:100|-100:deepstack|strongadaptiverocks
STATE:133:cc/r300f:Ah|Qh/As:100|-100:strongadaptiverocks|deepstack
STATE:134:cc/cr300c:Ah|Kh/Ks:-300|300:deepstack|strongadaptiverocks
STATE:135:cc/cc:As|Qs/Ks:100|-100:strongadaptiverocks|deepstack
STATE:136:cc/cc:Qh|Qs/Ah:0|0:deepstack|strongadaptiverocks
STATE:137:cc/cr300f:Qh|Qs/Kh:-100|100:strongadaptiverocks|deepstack
STATE:138:cr300f:Qh|Ah:-100|100:deepstack|strongadaptiverocks
STATE:139:cr300f:Qh|Ah:-100|100:strongadaptiverocks|deepstack
STATE:140:cc/cr300c:Ah|Qs/Qh:-300|300:deepstack|strongadaptiverocks
STATE:141:cr300f:Kh|Ks:-100|100:strongadaptiverocks|deepstack
STATE:142:cc/cr300f:As|Kh/Ks:-100|100:deepstack|strongadaptiverocks
STATE:143:cr300f:Kh|As:-100|100:strongadaptiverocks|deepstack
STATE:144:cc/cr300f:Qh|Ks/Kh:-100|100:deepstack|strongadaptiverocks
STATE:145:cc/cc:Qs|As/Qh:100|-100:strongadaptiverocks|deepstack
STATE:146:r300c/cc:Ks|Kh/Qh:0|0:deepstack|strongadaptiverocks
STATE:147:cc/cc:Kh|Ah/Qs:-100|100:strongadaptiverocks|deepstack
STATE:148:cc/cc:Ah|Ks/Qs:100|-100:deepstack|strongadaptiverocks
STATE:149:cc/cc:Qh|Kh/As:-100|100:strongadaptiverocks|deepstack
STATE:150:cc/cc:Ah|Qs/Ks:100|-100:deepstack|strongadaptiverocks
STATE:151:cc/cc:Qh|Ks/Ah:-100|100:strongadaptiverocks|deepstack
STATE:152:cr300r1200c/:As|Ah/Qs:0|0:deepstack|strongadaptiverocks
STATE:153:cr300f:Ks|Kh:-100|100:strongadaptiverocks|deepstack
STATE:154:cc/cc:As|Qs/Kh:100|-100:deepstack|strongadaptiverocks
STATE:155:cr300f:Qh|Ah:-100|100:strongadaptiverocks|deepstack
STATE:156:cr300f:Qs|Ah:-100|100:deepstack|strongadaptiverocks
STATE:157:cr300r1200c/:Ah|As/Qh:0|0:strongadaptiverocks|deepstack
STATE:158:cc/cr300f:Ks|Qs/Qh:-100|100:deepstack|strongadaptiverocks
STATE:159:cc/cr1200f:Qh|Ah/As:-100|100:strongadaptiverocks|deepstack
STATE:160:cc/cc:Qh|Qs/Kh:0|0:deepstack|strongadaptiverocks
STATE:161:cr300r1200c/:As|Ah/Qs:0|0:strongadaptiverocks|deepstack
STATE:162:cc/r300f:Ks|Qh/Ah:100|-100:deepstack|strongadaptiverocks
STATE:163:cr300r1200c/:As|Ah/Ks:0|0:strongadaptiverocks|deepstack
STATE:164:cr300f:Ks|Ah:-100|100:deepstack|strongadaptiverocks
STATE:165:cc/cc:Ah|Kh/Qs:100|-100:strongadaptiverocks|deepstack
STATE:166:cr1200f:Ks|As:-100|100:deepstack|strongadaptiverocks
STATE:167:cc/cc:As|Qs/Kh:100|-100:strongadaptiverocks|deepstack
STATE:168:cr1200f:Qh|As:-100|100:deepstack|strongadaptiverocks
STATE:169:cc/cc:Qh|Kh/Ah:-100|100:strongadaptiverocks|deepstack
STATE:170:cc/cr300f:Kh|Qh/Qs:-100|100:deepstack|strongadaptiverocks
STATE:171:cc/cc:As|Qs/Kh:100|-100:strongadaptiverocks|deepstack
STATE:172:cr1200f:Ks|As:-100|100:deepstack|strongadaptiverocks
STATE:173:cr300f:Qh|Ah:-100|100:strongadaptiverocks|deepstack
STATE:174:cc/cr300f:Ks|Qs/Qh:-100|100:deepstack|strongadaptiverocks
STATE:175:cc/cc:Ah|Qs/Kh:100|-100:strongadaptiverocks|deepstack
STATE:176:r1200f:Ah|Qs:100|-100:deepstack|strongadaptiverocks
STATE:177:cc/cc:Ks|Qs/Kh:100|-100:strongadaptiverocks|deepstack
STATE:178:cr300r1200c/:As|Ah/Kh:0|0:deepstack|strongadaptiverocks
STATE:179:cr300r1200c/:As|Ah/Kh:0|0:strongadaptiverocks|deepstack
STATE:180:r1200c/:Ah|As/Kh:0|0:deepstack|strongadaptiverocks
STATE:181:cr300f:Ks|Ah:-100|100:strongadaptiverocks|deepstack
STATE:182:cc/r300f:Ks|Kh/As:100|-100:deepstack|strongadaptiverocks
STATE:183:cc/cc:Ks|Qh/Kh:100|-100:strongadaptiverocks|deepstack
STATE:184:cc/cc:Qs|Kh/Qh:100|-100:deepstack|strongadaptiverocks
STATE:185:cc/cc:As|Qs/Ks:100|-100:strongadaptiverocks|deepstack
STATE:186:cc/cr300f:Qs|Ks/Kh:-100|100:deepstack|strongadaptiverocks
STATE:187:cr300f:Qs|Ah:-100|100:strongadaptiverocks|deepstack
STATE:188:cc/r1200f:Qs|Kh/As:100|-100:deepstack|strongadaptiverocks
STATE:189:cr300f:Kh|Ah:-100|100:strongadaptiverocks|deepstack
STATE:190:cr300f:Qh|Ah:-100|100:deepstack|strongadaptiverocks
STATE:191:cr1200f:Ks|As:-100|100:strongadaptiverocks|deepstack
STATE:192:cc/r300f:Ks|Kh/As:100|-100:deepstack|strongadaptiverocks
STATE:193:cr300f:Qs|As:-100|100:strongadaptiverocks|deepstack
STATE:194:cc/cr300f:Qs|Kh/Ks:-100|100:deepstack|strongadaptiverocks
STATE:195:cc/r300c:Ah|Ks/As:300|-300:strongadaptiverocks|deepstack
STATE:196:cc/cc:As|Ks/Qh:100|-100:deepstack|strongadaptiverocks
STATE:197:cr300f:Qs|As:-100|100:strongadaptiverocks|deepstack
STATE:198:cr300f:Kh|Ah:-100|100:deepstack|strongadaptiverocks
STATE:199:cc/cc:As|Qs/Ks:100|-100:strongadaptiverocks|deepstack
STATE:200:cc/cr300f:Ks|Qh/Qs:-100|100:deepstack|strongadaptiverocks
STATE:201:cc/cc:As|Kh/Qs:100|-100:strongadaptiverocks|deepstack
STATE:202:cc/cc:Qh|Kh/As:-100|100:deepstack|strongadaptiverocks
STATE:203:cc/cc:Qs|Qh/Ks:0|0:strongadaptiverocks|deepstack
STATE:204:r300f:Ks|Qs:100|-100:deepstack|strongadaptiverocks
STATE:205:cr300f:Qs|Ah:-100|100:strongadaptiverocks|deepstack
STATE:206:cr1200c/:Ah|As/Kh:0|0:deepstack|strongadaptiverocks
STATE:207:cc/cc:Ks|Kh/Ah:0|0:strongadaptiverocks|deepstack
STATE:208:cc/r300f:Kh|Ks/Ah:100|-100:deepstack|strongadaptiverocks
STATE:209:cr300r1200c/:Ah|As/Qs:0|0:strongadaptiverocks|deepstack
STATE:210:cc/cc:Qh|Kh/Ah:-100|100:deepstack|strongadaptiverocks
STATE:211:cc/cc:Kh|Ks/Ah:0|0:strongadaptiverocks|deepstack
STATE:212:cc/cr300f:Qs|Kh/Ks:-100|100:deepstack|strongadaptiverocks
STATE:213:cr1200f:Qs|As:-100|100:strongadaptiverocks|deepstack
STATE:214:cc/cc:Qs|Qh/Ks:0|0:deepstack|strongadaptiverocks
STATE:215:cr300f:Qs|Ah:-100|100:strongadaptiverocks|deepstack
STATE:216:cr1200f:Ks|As:-100|100:deepstack|strongadaptiverocks
STATE:217:cc/r300f:As|Qs/Ah:100|-100:strongadaptiverocks|deepstack
STATE:218:cc/cc:Qh|Ks/Ah:-100|100:deepstack|strongadaptiverocks
STATE:219:cr300f:Qs|Ks:-100|100:strongadaptiverocks|deepstack
STATE:220:cr1200f:Qh|As:-100|100:deepstack|strongadaptiverocks
STATE:221:cc/cc:Kh|Ks/Qh:0|0:strongadaptiverocks|deepstack
STATE:222:cr1200f:Ks|As:-100|100:deepstack|strongadaptiverocks
STATE:223:cr300f:Qs|Ah:-100|100:strongadaptiverocks|deepstack
STATE:224:cc/cr300f:Kh|Qs/Qh:-100|100:deepstack|strongadaptiverocks
STATE:225:cc/cc:Ks|Qs/Kh:100|-100:strongadaptiverocks|deepstack
STATE:226:cr1200f:Kh|As:-100|100:deepstack|strongadaptiverocks
STATE:227:cc/cr300f:Qh|Ks/Kh:-100|100:strongadaptiverocks|deepstack
STATE:228:cc/cc:Ks|Kh/As:0|0:deepstack|strongadaptiverocks
STATE:229:cc/r300f:Ah|Qs/As:100|-100:strongadaptiverocks|deepstack
STATE:230:cc/cc:Ks|Qh/Ah:100|-100:deepstack|strongadaptiverocks
STATE:231:cc/cr1200f:Ks|Kh/As:-100|100:strongadaptiverocks|deepstack
STATE:232:cc/cc:Qs|Kh/Qh:100|-100:deepstack|strongadaptiverocks
STATE:233:cc/cr1200f:Qh|Qs/Ah:-100|100:strongadaptiverocks|deepstack
STATE:234:cc/cr300f:Qs|Kh/Ks:-100|100:deepstack|strongadaptiverocks
STATE:235:cr300f:Kh|As:-100|100:strongadaptiverocks|deepstack
STATE:236:cr300f:Ks|Ah:-100|100:deepstack|strongadaptiverocks
STATE:237:cc/cc:Ks|Qh/As:100|-100:strongadaptiverocks|deepstack
STATE:238:cr1200f:Qh|As:-100|100:deepstack|strongadaptiverocks
STATE:239:cc/cr300r900f:Ks|Qh/Kh:300|-300:strongadaptiverocks|deepstack
STATE:240:r1200f:Ah|Ks:100|-100:deepstack|strongadaptiverocks
STATE:241:cc/cr300f:Kh|Qs/Qh:-100|100:strongadaptiverocks|deepstack
STATE:242:cc/cc:Qh|Qs/Ah:0|0:deepstack|strongadaptiverocks
STATE:243:cc/r300c:As|Kh/Ah:300|-300:strongadaptiverocks|deepstack
STATE:244:cc/cc:Qh|Qs/Ah:0|0:deepstack|strongadaptiverocks
STATE:245:cc/cc:Ah|Ks/Qs:100|-100:strongadaptiverocks|deepstack
STATE:246:cc/r300f:As|Qs/Ah:100|-100:deepstack|strongadaptiverocks
STATE:247:cc/cr300f:Ks|Qs/Qh:-100|100:strongadaptiverocks|deepstack
STATE:248:cc/cc:As|Qs/Ks:100|-100:deepstack|strongadaptiverocks
STATE:249:cc/cc:Kh|Qs/Ah:100|-100:strongadaptiverocks|deepstack
STATE:250:cr1200f:Qs|As:-100|100:deepstack|strongadaptiverocks
STATE:251:cr300f:Ks|Ah:-100|100:strongadaptiverocks|deepstack
STATE:252:r1200f:As|Qh:100|-100:deepstack|strongadaptiverocks
STATE:253:cc/cr300r1200f:Qh|Kh/Qs:300|-300:strongadaptiverocks|deepstack
STATE:254:cr300r1200c/:As|Ah/Kh:0|0:deepstack|strongadaptiverocks
STATE:255:cc/cc:As|Ks/Qs:100|-100:strongadaptiverocks|deepstack
STATE:256:cc/cr300f:Kh|Qh/Qs:-100|100:deepstack|strongadaptiverocks
STATE:257:cc/r300c:Ah|Kh/As:300|-300:strongadaptiverocks|deepstack
STATE:258:r300c/cc:Ks|As/Qh:-300|300:deepstack|strongadaptiverocks
STATE:259:cc/cc:As|Qs/Ks:100|-100:strongadaptiverocks|deepstack
STATE:260:cc/cc:Qs|Qh/As:0|0:deepstack|strongadaptiverocks
STATE:261:cc/r300f:As|Qh/Ah:100|-100:strongadaptiverocks|deepstack
STATE:262:cr1200c/:Ah|As/Ks:0|0:deepstack|strongadaptiverocks
STATE:263:cc/cr300f:Kh|Qs/Qh:-100|100:strongadaptiverocks|deepstack
STATE:264:cc/cc:Ks|Qs/Kh:100|-100:deepstack|strongadaptiverocks
STATE:265:cc/r300f:Ah|Qs/As:100|-100:strongadaptiverocks|deepstack
STATE:266:cr1200f:Kh|As:-100|100:deepstack|strongadaptiverocks
STATE:267:cc/r300f:As|Kh/Ah:100|-100:strongadaptiverocks|deepstack
STATE:268:cc/cc:Qs|Ks/Qh:100|-100:deepstack|strongadaptiverocks
STATE:269:cc/cc:Ks|Qs/Kh:100|-100:strongadaptiverocks|deepstack
STATE:270:cc/r300f:As|Qh/Ah:100|-100:deepstack|strongadaptiverocks
STATE:271:cc/cc:Qs|Kh/As:-100|100:strongadaptiverocks|deepstack
STATE:272:r1200f:Ah|Qs:100|-100:deepstack|strongadaptiverocks
STATE:273:cr300f:Qs|Kh:-100|100:strongadaptiverocks|deepstack
STATE:274:cr1200f:Kh|As:-100|100:deepstack|strongadaptiverocks
STATE:275:cc/cc:As|Qs/Kh:100|-100:strongadaptiverocks|deepstack
STATE:276:r300c/cc:Ks|As/Kh:300|-300:deepstack|strongadaptiverocks
STATE:277:cr300f:Qh|As:-100|100:strongadaptiverocks|deepstack
STATE:278:cc/cc:Qh|Kh/As:-100|100:deepstack|strongadaptiverocks
STATE:279:cc/cr300f:As|Kh/Ks:-100|100:strongadaptiverocks|deepstack
STATE:280:r1200f:Ah|Qh:100|-100:deepstack|strongadaptiverocks
STATE:281:cr300f:Kh|Ah:-100|100:strongadaptiverocks|deepstack
STATE:282:cc/cr300f:Ks|Qh/Qs:-100|100:deepstack|strongadaptiverocks
STATE:283:cr1200f:Qh|As:-100|100:strongadaptiverocks|deepstack
STATE:284:r1200f:Ah|Ks:100|-100:deepstack|strongadaptiverocks
STATE:285:cc/cr300f:Qh|Ks/Kh:-100|100:strongadaptiverocks|deepstack
STATE:286:cc/r300f:Kh|Qh/As:100|-100:deepstack|strongadaptiverocks
STATE:287:cr300f:Qs|Ah:-100|100:strongadaptiverocks|deepstack
STATE:288:cc/r300f:Ks|Qs/Ah:100|-100:deepstack|strongadaptiverocks
STATE:289:cr300f:Ks|As:-100|100:strongadaptiverocks|deepstack
STATE:290:cc/cc:Ks|Kh/Qs:0|0:deepstack|strongadaptiverocks
STATE:291:cc/cc:Qh|Qs/Ks:0|0:strongadaptiverocks|deepstack
STATE:292:cr1200f:Qs|As:-100|100:deepstack|strongadaptiverocks
STATE:293:cc/cr300f:Qs|Ks/Kh:-100|100:strongadaptiverocks|deepstack
STATE:294:cc/r300f:Ks|Kh/Ah:100|-100:deepstack|strongadaptiverocks
STATE:295:cc/r300f:Ah|Qh/As:100|-100:strongadaptiverocks|deepstack
STATE:296:cc/cr300f:Qs|Kh/Ks:-100|100:deepstack|strongadaptiverocks
STATE:297:cc/cc:Qs|Kh/Ah:-100|100:strongadaptiverocks|deepstack
STATE:298:cc/cr300f:Kh|Qs/Qh:-100|100:deepstack|strongadaptiverocks
STATE:299:cr300f:Qh|As:-100|100:strongadaptiverocks|deepstack
STATE:300:cc/cc:Qs|Qh/Ah:0|0:deepstack|strongadaptiverocks
STATE:301:cr300f:Qs|As:-100|100:strongadaptiverocks|deepstack
STATE:302:cr300c/cr900f:Qs|Ah/As:-300|300:deepstack|strongadaptiverocks
STATE:303:cr1200f:Qh|As:-100|100:strongadaptiverocks|deepstack
STATE:304:cr300f:Ks|Ah:-100|100:deepstack|strongadaptiverocks
STATE:305:cc/cr300f:Ah|Kh/Ks:-100|100:strongadaptiverocks|deepstack
STATE:306:cr300c/cc:Ks|Ah/Qh:-300|300:deepstack|strongadaptiverocks
STATE:307:cr300r1200f:Ah|Ks:300|-300:strongadaptiverocks|deepstack
STATE:308:r1200f:Ah|Qh:100|-100:deepstack|strongadaptiverocks
STATE:309:cr300f:Qh|As:-100|100:strongadaptiverocks|deepstack
STATE:310:cr1200f:Kh|As:-100|100:deepstack|strongadaptiverocks
STATE:311:cc/cc:Ah|Kh/Qh:100|-100:strongadaptiverocks|deepstack
STATE:312:cr300f:Kh|Ah:-100|100:deepstack|strongadaptiverocks
STATE:313:cc/cc:Ks|Qh/Kh:100|-100:strongadaptiverocks|deepstack
STATE:314:cc/cc:Qh|Ks/Qs:100|-100:deepstack|strongadaptiverocks
STATE:315:cc/cc:Qs|Ks/Ah:-100|100:strongadaptiverocks|deepstack
STATE:316:cc/cc:Qh|Ks/As:-100|100:deepstack|strongadaptiverocks
STATE:317:cr300f:Qh|As:-100|100:strongadaptiverocks|deepstack
STATE:318:cc/cc:Qs|Qh/Ah:0|0:deepstack|strongadaptiverocks
STATE:319:cc/cc:As|Qs/Ks:100|-100:strongadaptiverocks|deepstack
STATE:320:cc/cr300f:As|Qs/Qh:-100|100:deepstack|strongadaptiverocks
STATE:321:cc/r300c:Ah|Ks/As:300|-300:strongadaptiverocks|deepstack
STATE:322:r300c/r1200f:Ah|Kh/As:300|-300:deepstack|strongadaptiverocks
STATE:323:cc/cr300f:Ks|Qs/Qh:-100|100:strongadaptiverocks|deepstack
STATE:324:r300f:As|Qs:100|-100:deepstack|strongadaptiverocks
STATE:325:cc/cc:As|Qh/Ks:100|-100:strongadaptiverocks|deepstack
STATE:326:cr1200f:Qs|As:-100|100:deepstack|strongadaptiverocks
STATE:327:cr300f:Kh|As:-100|100:strongadaptiverocks|deepstack
STATE:328:cc/cr300f:Ks|Qs/Qh:-100|100:deepstack|strongadaptiverocks
STATE:329:cr300f:Qh|As:-100|100:strongadaptiverocks|deepstack
STATE:330:cc/cc:Ks|Kh/As:0|0:deepstack|strongadaptiverocks
STATE:331:cc/r300f:Ah|Ks/As:100|-100:strongadaptiverocks|deepstack
STATE:332:r300c/cc:Kh|Ah/Ks:300|-300:deepstack|strongadaptiverocks
STATE:333:cc/cc:Qs|Kh/Ah:-100|100:strongadaptiverocks|deepstack
STATE:334:cr1200f:Kh|As:-100|100:deepstack|strongadaptiverocks
STATE:335:cr300f:Ks|Ah:-100|100:strongadaptiverocks|deepstack
STATE:336:cc/cc:Ks|Kh/Qs:0|0:deepstack|strongadaptiverocks
STATE:337:cr300f:Qs|Qh:-100|100:strongadaptiverocks|deepstack
STATE:338:cr1200f:Qh|As:-100|100:deepstack|strongadaptiverocks
STATE:339:cc/cc:Qs|Kh/As:-100|100:strongadaptiverocks|deepstack
STATE:340:cc/cc:Qs|Kh/Qh:100|-100:deepstack|strongadaptiverocks
STATE:341:cc/cr300f:Qh|Ks/Kh:-100|100:strongadaptiverocks|deepstack
STATE:342:cr300f:Qh|Ah:-100|100:deepstack|strongadaptiverocks
STATE:343:cc/cc:Ks|As/Qs:-100|100:strongadaptiverocks|deepstack
STATE:344:cc/r300f:As|Ks/Ah:100|-100:deepstack|strongadaptiverocks
STATE:345:cc/cr300r900f:Kh|Qh/Ks:300|-300:strongadaptiverocks|deepstack
STATE:346:cc/cr300f:Qh|Kh/Ks:-100|100:deepstack|strongadaptiverocks
STATE:347:cr300f:Ks|Kh:-100|100:strongadaptiverocks|deepstack
STATE:348:cc/cc:Ks|Qs/As:100|-100:deepstack|strongadaptiverocks
STATE:349:cc/cc:As|Qs/Ks:100|-100:strongadaptiverocks|deepstack
STATE:350:r1200f:Ah|Qs:100|-100:deepstack|strongadaptiverocks
STATE:351:cr300f:Qs|Qh:-100|100:strongadaptiverocks|deepstack
STATE:352:cr1200f:Ks|As:-100|100:deepstack|strongadaptiverocks
STATE:353:cr300f:Qh|Ah:-100|100:strongadaptiverocks|deepstack
STATE:354:cr300f:Kh|Ah:-100|100:deepstack|strongadaptiverocks
STATE:355:cc/cc:Qs|Qh/Ks:0|0:strongadaptiverocks|deepstack
STATE:356:cc/cc:As|Qh/Ks:100|-100:deepstack|strongadaptiverocks
STATE:357:cc/cr300f:As|Ks/Qs:-100|100:strongadaptiverocks|deepstack
STATE:358:cr1200f:Qs|As:-100|100:deepstack|strongadaptiverocks
STATE:359:cc/r300f:Ah|Kh/As:100|-100:strongadaptiverocks|deepstack
STATE:360:cr1200c/:Ah|As/Qh:0|0:deepstack|strongadaptiverocks
STATE:361:cc/cc:Kh|Qh/Ks:100|-100:strongadaptiverocks|deepstack
STATE:362:cc/r300f:As|Qh/Ah:100|-100:deepstack|strongadaptiverocks
STATE:363:cr300r1200f:As|Ks:300|-300:strongadaptiverocks|deepstack
STATE:364:cc/cc:Kh|Qs/Ks:100|-100:deepstack|strongadaptiverocks
STATE:365:cc/cc:Kh|Ks/Ah:0|0:strongadaptiverocks|deepstack
STATE:366:cr1200f:Qh|As:-100|100:deepstack|strongadaptiverocks
STATE:367:cc/cc:Kh|Qs/As:100|-100:strongadaptiverocks|deepstack
STATE:368:cc/cc:As|Qh/Kh:100|-100:deepstack|strongadaptiverocks
STATE:369:cc/cc:Qs|Ks/As:-100|100:strongadaptiverocks|deepstack
STATE:370:r1200f:Ah|Ks:100|-100:deepstack|strongadaptiverocks
STATE:371:cr300r1200f:As|Ks:300|-300:strongadaptiverocks|deepstack
STATE:372:r1200f:Ah|Qs:100|-100:deepstack|strongadaptiverocks
STATE:373:cr300f:Qh|Ks:-100|100:strongadaptiverocks|deepstack
STATE:374:cr300f:Kh|Ah:-100|100:deepstack|strongadaptiverocks
STATE:375:cr300r1200f:As|Qs:300|-300:strongadaptiverocks|deepstack
STATE:376:cc/cc:As|Ks/Qs:100|-100:deepstack|strongadaptiverocks
STATE:377:cc/cc:Kh|Ks/Qs:0|0:strongadaptiverocks|deepstack
STATE:378:cc/cc:Kh|Qs/Ks:100|-100:deepstack|strongadaptiverocks
STATE:379:cc/r300f:As|Ks/Ah:100|-100:strongadaptiverocks|deepstack
STATE:380:cr1200f:Ks|As:-100|100:deepstack|strongadaptiverocks
STATE:381:cr300f:Qh|As:-100|100:strongadaptiverocks|deepstack
STATE:382:r1200f:As|Qh:100|-100:deepstack|strongadaptiverocks
STATE:383:cr300f:Qs|Ah:-100|100:strongadaptiverocks|deepstack
STATE:384:cc/cc:Ks|Qh/Kh:100|-100:deepstack|strongadaptiverocks
STATE:385:cc/cc:Qh|Qs/Ah:0|0:strongadaptiverocks|deepstack
STATE:386:r1200c/:As|Ah/Ks:0|0:deepstack|strongadaptiverocks
STATE:387:cc/cr1200f:Ks|Qh/As:-100|100:strongadaptiverocks|deepstack
STATE:388:cr1200f:Qs|As:-100|100:deepstack|strongadaptiverocks
STATE:389:cc/r300f:Ah|Kh/As:100|-100:strongadaptiverocks|deepstack
STATE:390:r300c/cc:Ks|As/Qh:-300|300:deepstack|strongadaptiverocks
STATE:391:cc/cc:Qs|Qh/As:0|0:strongadaptiverocks|deepstack
STATE:392:cr1200f:Qh|As:-100|100:deepstack|strongadaptiverocks
STATE:393:cc/cr300f:As|Qh/Qs:-100|100:strongadaptiverocks|deepstack
STATE:394:cr300c/r1200f:Ks|Ah/Qh:300|-300:deepstack|strongadaptiverocks
STATE:395:cc/cc:Qh|Kh/Ah:-100|100:strongadaptiverocks|deepstack
STATE:396:cr1200f:Ks|As:-100|100:deepstack|strongadaptiverocks
STATE:397:cc/cr300f:Qs|Kh/Ks:-100|100:strongadaptiverocks|deepstack
STATE:398:cc/cc:Ah|Kh/Qh:100|-100:deepstack|strongadaptiverocks
STATE:399:cr300f:Qh|As:-100|100:strongadaptiverocks|deepstack
STATE:400:cc/cc:Ks|Qs/Ah:100|-100:deepstack|strongadaptiverocks
STATE:401:cc/cc:Ks|Kh/Ah:0|0:strongadaptiverocks|deepstack
STATE:402:r300f:As|Qh:100|-100:deepstack|strongadaptiverocks
STATE:403:cc/cr300r900f:Kh|Qh/Ks:300|-300:strongadaptiverocks|deepstack
STATE:404:cc/cc:Ks|Qs/Kh:100|-100:deepstack|strongadaptiverocks
STATE:405:cr300f:Qh|Ah:-100|100:strongadaptiverocks|deepstack
STATE:406:cr1200f:Ks|As:-100|100:deepstack|strongadaptiverocks
STATE:407:cr300r1200c/:As|Ah/Kh:0|0:strongadaptiverocks|deepstack
STATE:408:cc/cc:Qs|Qh/Ah:0|0:deepstack|strongadaptiverocks
STATE:409:cr300f:Qs|Kh:-100|100:strongadaptiverocks|deepstack
STATE:410:cr300f:Ks|Ah:-100|100:deepstack|strongadaptiverocks
STATE:411:cr300f:Qs|Ah:-100|100:strongadaptiverocks|deepstack
STATE:412:cc/cc:Qs|Ks/Ah:-100|100:deepstack|strongadaptiverocks
STATE:413:cc/cc:Qs|Ah/Kh:-100|100:strongadaptiverocks|deepstack
STATE:414:cc/r300f:Kh|Qh/Ah:100|-100:deepstack|strongadaptiverocks
STATE:415:cc/cr300f:As|Ks/Kh:-100|100:strongadaptiverocks|deepstack
STATE:416:cc/cr300f:Qs|Ks/Kh:-100|100:deepstack|strongadaptiverocks
STATE:417:cr300f:Qs|Ah:-100|100:strongadaptiverocks|deepstack
STATE:418:r300c/cr900f:As|Ks/Kh:-300|300:deepstack|strongadaptiverocks
STATE:419:cc/cc:Qh|Ks/As:-100|100:strongadaptiverocks|deepstack
STATE:420:r300f:As|Qs:100|-100:deepstack|strongadaptiverocks
STATE:421:cc/cr300r900f:Kh|Qh/Ks:300|-300:strongadaptiverocks|deepstack
STATE:422:cr1200f:Kh|As:-100|100:deepstack|strongadaptiverocks
STATE:423:cc/cc:Ks|Qs/As:100|-100:strongadaptiverocks|deepstack
STATE:424:cc/cc:Ah|Qs/Ks:100|-100:deepstack|strongadaptiverocks
STATE:425:cr300f:Ks|As:-100|100:strongadaptiverocks|deepstack
STATE:426:cr1200f:Kh|As:-100|100:deepstack|strongadaptiverocks
STATE:427:cr300r1200f:Ah|Qs:300|-300:strongadaptiverocks|deepstack
STATE:428:cc/cc:Qh|Qs/Ks:0|0:deepstack|strongadaptiverocks
STATE:429:cc/cr1200f:Qs|Ah/As:-100|100:strongadaptiverocks|deepstack
STATE:430:r1200f:As|Qs:100|-100:deepstack|strongadaptiverocks
STATE:431:cc/cc:Qh|Ks/Qs:100|-100:strongadaptiverocks|deepstack
STATE:432:cr300f:Ks|Ah:-100|100:deepstack|strongadaptiverocks
STATE:433:cr300r1200c/:As|Ah/Qh:0|0:strongadaptiverocks|deepstack
STATE:434:cr1200f:Qh|As:-100|100:deepstack|strongadaptiverocks
STATE:435:cc/cc:Qh|Qs/As:0|0:strongadaptiverocks|deepstack
STATE:436:cc/cr300f:Qs|Ks/Kh:-100|100:deepstack|strongadaptiverocks
STATE:437:cc/cr300f:Ah|Qs/Ks:-100|100:strongadaptiverocks|deepstack
STATE:438:cc/cc:Qh|Kh/As:-100|100:deepstack|strongadaptiverocks
STATE:439:cc/cc:Kh|Ks/Qh:0|0:strongadaptiverocks|deepstack
STATE:440:cc/cc:Ah|Qh/Kh:100|-100:deepstack|strongadaptiverocks
STATE:441:cc/cr300f:Kh|Qs/Qh:-100|100:strongadaptiverocks|deepstack
STATE:442:cc/cc:Ks|Qh/Kh:100|-100:deepstack|strongadaptiverocks
STATE:443:cr300r1200c/:Ah|As/Ks:0|0:strongadaptiverocks|deepstack
STATE:444:r1200c/:As|Ah/Ks:0|0:deepstack|strongadaptiverocks
STATE:445:cr300f:Qh|As:-100|100:strongadaptiverocks|deepstack
STATE:446:cc/cc:Ah|Qs/Ks:100|-100:deepstack|strongadaptiverocks
STATE:447:cc/cc:Kh|Qs/As:100|-100:strongadaptiverocks|deepstack
STATE:448:cc/cc:Qh|Kh/Qs:100|-100:deepstack|strongadaptiverocks
STATE:449:cr300f:Ks|Qs:-100|100:strongadaptiverocks|deepstack
STATE:450:cc/r300f:Ks|Qs/Ah:100|-100:deepstack|strongadaptiverocks
STATE:451:cc/cr300f:Qh|Ks/Kh:-100|100:strongadaptiverocks|deepstack
STATE:452:cr300f:Ks|Ah:-100|100:deepstack|strongadaptiverocks
STATE:453:cr300r1200f:Ah|Qh:300|-300:strongadaptiverocks|deepstack
STATE:454:cc/r300f:Ah|Kh/As:100|-100:deepstack|strongadaptiverocks
STATE:455:cr300f:Qs|Ah:-100|100:strongadaptiverocks|deepstack
STATE:456:cc/cr300f:Ks|Qs/Qh:-100|100:deepstack|strongadaptiverocks
STATE:457:cc/cc:Ah|Kh/Qs:100|-100:strongadaptiverocks|deepstack
STATE:458:cr1200c/:Ah|As/Qh:0|0:deepstack|strongadaptiverocks
STATE:459:cc/cc:Kh|Qs/Ah:100|-100:strongadaptiverocks|deepstack
STATE:460:r1200f:As|Ks:100|-100:deepstack|strongadaptiverocks
STATE:461:cc/r300f:Ah|Ks/As:100|-100:strongadaptiverocks|deepstack
STATE:462:r1200f:Ah|Ks:100|-100:deepstack|strongadaptiverocks
STATE:463:cc/cr300f:As|Kh/Qh:-100|100:strongadaptiverocks|deepstack
STATE:464:cc/cr300f:Ks|Qh/Qs:-100|100:deepstack|strongadaptiverocks
STATE:465:cr300f:Kh|Ah:-100|100:strongadaptiverocks|deepstack
STATE:466:cc/r1200f:Ah|Ks/As:100|-100:deepstack|strongadaptiverocks
STATE:467:cc/cc:Kh|Qs/Ks:100|-100:strongadaptiverocks|deepstack
STATE:468:cc/r1200f:Ks|Qs/As:100|-100:deepstack|strongadaptiverocks
STATE:469:cc/cc:Qh|Ks/Ah:-100|100:strongadaptiverocks|deepstack
STATE:470:cc/cr300f:Qh|Kh/Ks:-100|100:deepstack|strongadaptiverocks
STATE:471:cc/cr300f:Ah|Qh/Kh:-100|100:strongadaptiverocks|deepstack
STATE:472:cc/cc:Qh|Qs/Kh:0|0:deepstack|strongadaptiverocks
STATE:473:cr300f:Qs|As:-100|100:strongadaptiverocks|deepstack
STATE:474:cc/r300f:As|Qh/Ah:100|-100:deepstack|strongadaptiverocks
STATE:475:cr300f:Ks|As:-100|100:strongadaptiverocks|deepstack
STATE:476:cc/cc:Ks|Kh/Qs:0|0:deepstack|strongadaptiverocks
STATE:477:cr300f:Kh|As:-100|100:strongadaptiverocks|deepstack
STATE:478:cr300c/cr900f:Qh|Ah/As:-300|300:deepstack|strongadaptiverocks
STATE:479:cc/cr300f:As|Ks/Qh:-100|100:strongadaptiverocks|deepstack
STATE:480:cc/cc:Qh|Qs/As:0|0:deepstack|strongadaptiverocks
STATE:481:cr300r1200c/:Ah|As/Qh:0|0:strongadaptiverocks|deepstack
STATE:482:cc/cc:Kh|Ks/As:0|0:deepstack|strongadaptiverocks
STATE:483:cc/cr300f:Qh|Qs/Kh:-100|100:strongadaptiverocks|deepstack
STATE:484:cc/cc:Ks|Qh/Ah:100|-100:deepstack|strongadaptiverocks
STATE:485:cr300f:Qh|As:-100|100:strongadaptiverocks|deepstack
STATE:486:cr300c/cc:Qs|Ah/Kh:-300|300:deepstack|strongadaptiverocks
STATE:487:cr1200c/:As|Ah/Qh:0|0:strongadaptiverocks|deepstack
STATE:488:cc/cc:Ks|Qh/Kh:100|-100:deepstack|strongadaptiverocks
STATE:489:cc/cc:Ah|Kh/Qs:100|-100:strongadaptiverocks|deepstack
STATE:490:cc/cc:Ks|Qs/Kh:100|-100:deepstack|strongadaptiverocks
STATE:491:cc/cc:Ah|Qh/Kh:100|-100:strongadaptiverocks|deepstack
STATE:492:cc/cc:Kh|Qs/Ah:100|-100:deepstack|strongadaptiverocks
STATE:493:cc/cc:Kh|Qh/Ks:100|-100:strongadaptiverocks|deepstack
STATE:494:cc/cc:Ks|Kh/As:0|0:deepstack|strongadaptiverocks
STATE:495:cc/cc:Kh|Ks/As:0|0:strongadaptiverocks|deepstack
STATE:496:cr1200f:Qh|As:-100|100:deepstack|strongadaptiverocks
STATE:497:cc/cc:As|Kh/Qs:100|-100:strongadaptiverocks|deepstack
STATE:498:r300f:Ah|Qh:100|-100:deepstack|strongadaptiverocks
STATE:499:cc/cc:Ah|Kh/Qs:100|-100:strongadaptiverocks|deepstack
STATE:500:r1200f:As|Qh:100|-100:deepstack|strongadaptiverocks
STATE:501:cc/cc:Ks|Kh/Qs:0|0:strongadaptiverocks|deepstack
STATE:502:cr1200c/:Ah|As/Qs:0|0:deepstack|strongadaptiverocks
STATE:503:cr300f:Kh|Ah:-100|100:strongadaptiverocks|deepstack
STATE:504:cc/cc:As|Qh/Ks:100|-100:deepstack|strongadaptiverocks
STATE:505:cc/cc:Ks|Kh/Qs:0|0:strongadaptiverocks|deepstack
STATE:506:cr1200f:Kh|As:-100|100:deepstack|strongadaptiverocks
STATE:507:cr1200f:Qh|As:-100|100:strongadaptiverocks|deepstack
STATE:508:cc/cc:Qs|Qh/Kh:0|0:deepstack|strongadaptiverocks
STATE:509:cc/cc:Qs|Ks/Qh:100|-100:strongadaptiverocks|deepstack
STATE:510:r1200f:As|Kh:100|-100:deepstack|strongadaptiverocks
STATE:511:cc/cr300f:Qs|Ks/Kh:-100|100:strongadaptiverocks|deepstack
STATE:512:cc/cc:Kh|Ks/Ah:0|0:deepstack|strongadaptiverocks
STATE:513:cr300f:Ks|Ah:-100|100:strongadaptiverocks|deepstack
STATE:514:cr1200f:Qs|As:-100|100:deepstack|strongadaptiverocks
STATE:515:cc/r300c:Ah|Kh/As:300|-300:strongadaptiverocks|deepstack
STATE:516:cc/cc:Kh|Ks/Qh:0|0:deepstack|strongadaptiverocks
STATE:517:cc/cc:Qs|Ks/Qh:100|-100:strongadaptiverocks|deepstack
STATE:518:cc/cc:Qh|Kh/Qs:100|-100:deepstack|strongadaptiverocks
STATE:519:cr300r1200f:As|Qs:300|-300:strongadaptiverocks|deepstack
STATE:520:cr1200f:Kh|As:-100|100:deepstack|strongadaptiverocks
STATE:521:cc/cr300f:As|Kh/Ks:-100|100:strongadaptiverocks|deepstack
STATE:522:cc/cr300f:Qh|Ks/Kh:-100|100:deepstack|strongadaptiverocks
STATE:523:cr300f:Qs|As:-100|100:strongadaptiverocks|deepstack
STATE:524:cc/cr300f:Ks|Qs/Qh:-100|100:deepstack|strongadaptiverocks
STATE:525:cc/cc:As|Qs/Kh:100|-100:strongadaptiverocks|deepstack
STATE:526:cr1200f:Qh|As:-100|100:deepstack|strongadaptiverocks
STATE:527:cc/cr1200f:Kh|Qs/Ah:-100|100:strongadaptiverocks|deepstack
STATE:528:cc/cr300f:Kh|Qh/Qs:-100|100:deepstack|strongadaptiverocks
STATE:529:cc/cr300f:Qs|Kh/Ks:-100|100:strongadaptiverocks|deepstack
STATE:530:cc/cc:Qs|Kh/As:-100|100:deepstack|strongadaptiverocks
STATE:531:cr300f:Kh|Ah:-100|100:strongadaptiverocks|deepstack
STATE:532:cr1200f:Qh|As:-100|100:deepstack|strongadaptiverocks
STATE:533:cc/cr1200f:Ks|Qh/Ah:-100|100:strongadaptiverocks|deepstack
STATE:534:cr1200f:Ks|As:-100|100:deepstack|strongadaptiverocks
STATE:535:cc/cr300f:As|Kh/Ks:-100|100:strongadaptiverocks|deepstack
STATE:536:cc/cc:Qh|Ks/Qs:100|-100:deepstack|strongadaptiverocks
STATE:537:cc/cr300f:Qh|Ks/Kh:-100|100:strongadaptiverocks|deepstack
STATE:538:cr1200f:Qh|As:-100|100:deepstack|strongadaptiverocks
STATE:539:cc/cr300r900f:Qs|Ks/Qh:300|-300:strongadaptiverocks|deepstack
STATE:540:cc/cc:Kh|Qs/As:100|-100:deepstack|strongadaptiverocks
STATE:541:cr300f:Qs|Ah:-100|100:strongadaptiverocks|deepstack
STATE:542:cc/cc:Ah|Kh/Qs:100|-100:deepstack|strongadaptiverocks
STATE:543:cc/cc:Qh|Ks/Ah:-100|100:strongadaptiverocks|deepstack
STATE:544:cr1200f:Qs|As:-100|100:deepstack|strongadaptiverocks
STATE:545:cr300f:Qs|Ah:-100|100:strongadaptiverocks|deepstack
STATE:546:r1200c/:Ah|As/Qs:0|0:deepstack|strongadaptiverocks
STATE:547:cc/cr300f:Ah|Kh/Ks:-100|100:strongadaptiverocks|deepstack
STATE:548:cc/r300f:Kh|Qh/Ah:100|-100:deepstack|strongadaptiverocks
STATE:549:cr300r1200c/:As|Ah/Kh:0|0:strongadaptiverocks|deepstack
STATE:550:cc/r300f:As|Qs/Ah:100|-100:deepstack|strongadaptiverocks
STATE:551:cc/cc:Qh|Kh/As:-100|100:strongadaptiverocks|deepstack
STATE:552:r1200c/:As|Ah/Kh:0|0:deepstack|strongadaptiverocks
STATE:553:cr300r1200c/:Ah|As/Kh:0|0:strongadaptiverocks|deepstack
STATE:554:cr300f:Ks|Ah:-100|100:deepstack|strongadaptiverocks
STATE:555:cc/cr300f:Kh|Qs/Qh:-100|100:strongadaptiverocks|deepstack
STATE:556:cr300f:Ks|Ah:-100|100:deepstack|strongadaptiverocks
STATE:557:cr300r1200f:As|Qh:300|-300:strongadaptiverocks|deepstack
STATE:558:cc/cc:Kh|Ks/Qh:0|0:deepstack|strongadaptiverocks
STATE:559:cc/cc:Qh|Qs/Ah:0|0:strongadaptiverocks|deepstack
STATE:560:cr1200f:Qh|As:-100|100:deepstack|strongadaptiverocks
STATE:561:cc/cc:Kh|Qh/Ks:100|-100:strongadaptiverocks|deepstack
STATE:562:cc/cc:As|Qh/Ks:100|-100:deepstack|strongadaptiverocks
STATE:563:cr300f:Qs|Ah:-100|100:strongadaptiverocks|deepstack
STATE:564:cc/cc:Qs|Kh/As:-100|100:deepstack|strongadaptiverocks
STATE:565:cc/cc:Qs|Qh/As:0|0:strongadaptiverocks|deepstack
STATE:566:cc/r300f:Ks|Qs/Ah:100|-100:deepstack|strongadaptiverocks
STATE:567:cc/cr300c:Kh|Qs/As:300|-300:strongadaptiverocks|deepstack
STATE:568:cc/cr300f:Ah|Qh/Qs:-100|100:deepstack|strongadaptiverocks
STATE:569:cc/cr300f:Ah|Kh/Qs:-100|100:strongadaptiverocks|deepstack
STATE:570:cc/r300f:Ks|Qs/Ah:100|-100:deepstack|strongadaptiverocks
STATE:571:cr300f:Ks|Kh:-100|100:strongadaptiverocks|deepstack
STATE:572:cr300f:Qs|Ah:-100|100:deepstack|strongadaptiverocks
STATE:573:cc/cr300f:Qh|Ks/Kh:-100|100:strongadaptiverocks|deepstack
STATE:574:cr1200f:Kh|As:-100|100:deepstack|strongadaptiverocks
STATE:575:cc/cc:Qh|Kh/Qs:100|-100:strongadaptiverocks|deepstack
STATE:576:cr1200f:Kh|As:-100|100:deepstack|strongadaptiverocks
STATE:577:cr300r1200c/:Ah|As/Qs:0|0:strongadaptiverocks|deepstack
STATE:578:cc/r300f:Ks|Qh/Ah:100|-100:deepstack|strongadaptiverocks
STATE:579:cc/cc:Ah|Ks/Qh:100|-100:strongadaptiverocks|deepstack
STATE:580:cc/cc:As|Ks/Qs:100|-100:deepstack|strongadaptiverocks
STATE:581:cr300r1200c/:Ah|As/Qh:0|0:strongadaptiverocks|deepstack
STATE:582:r1200f:Ah|Qh:100|-100:deepstack|strongadaptiverocks
STATE:583:cr300f:Qh|Ah:-100|100:strongadaptiverocks|deepstack
STATE:584:cc/cc:Kh|Qh/Ks:100|-100:deepstack|strongadaptiverocks
STATE:585:cc/cc:Ks|Ah/Qs:-100|100:strongadaptiverocks|deepstack
STATE:586:r1200f:As|Qh:100|-100:deepstack|strongadaptiverocks
STATE:587:cr1200f:Qs|Ah:-100|100:strongadaptiverocks|deepstack
STATE:588:cr1200c/:Ah|As/Kh:0|0:deepstack|strongadaptiverocks
STATE:589:cr300f:Qs|As:-100|100:strongadaptiverocks|deepstack
STATE:590:r1200f:Ah|Qs:100|-100:deepstack|strongadaptiverocks
STATE:591:cc/cr300f:Ah|Qs/Qh:-100|100:strongadaptiverocks|deepstack
STATE:592:cc/cc:Qs|Ks/Ah:-100|100:deepstack|strongadaptiverocks
STATE:593:cc/cc:Kh|Ks/As:0|0:strongadaptiverocks|deepstack
STATE:594:r1200f:As|Ks:100|-100:deepstack|strongadaptiverocks
STATE:595:cr1200f:Ks|Ah:-100|100:strongadaptiverocks|deepstack
STATE:596:cc/cc:Qs|Qh/Ks:0|0:deepstack|strongadaptiverocks
STATE:597:cr1200f:Qs|As:-100|100:strongadaptiverocks|deepstack
STATE:598:cr300c/cr900f:Kh|Ah/As:-300|300:deepstack|strongadaptiverocks
STATE:599:cr300f:Qs|Kh:-100|100:strongadaptiverocks|deepstack
STATE:600:cr1200f:Ks|As:-100|100:deepstack|strongadaptiverocks
STATE:601:cc/cc:As|Kh/Qh:100|-100:strongadaptiverocks|deepstack
STATE:602:cr1200c/:Ah|As/Ks:0|0:deepstack|strongadaptiverocks
STATE:603:cr300r1200c/:As|Ah/Kh:0|0:strongadaptiverocks|deepstack
STATE:604:cr1200f:Qs|As:-100|100:deepstack|strongadaptiverocks
STATE:605:cc/cc:Qh|Ks/Ah:-100|100:strongadaptiverocks|deepstack
STATE:606:cc/cc:Qh|Qs/Ah:0|0:deepstack|strongadaptiverocks
STATE:607:cr300f:Ks|As:-100|100:strongadaptiverocks|deepstack
STATE:608:r1200f:Ah|Qs:100|-100:deepstack|strongadaptiverocks
STATE:609:cc/cc:Qs|Ks/Qh:100|-100:strongadaptiverocks|deepstack
STATE:610:cr1200f:Kh|As:-100|100:deepstack|strongadaptiverocks
STATE:611:cc/cc:Qh|Kh/Qs:100|-100:strongadaptiverocks|deepstack
STATE:612:cc/cc:Kh|Qs/Ks:100|-100:deepstack|strongadaptiverocks
STATE:613:cc/cr300f:Ah|Ks/Kh:-100|100:strongadaptiverocks|deepstack
STATE:614:cr300f:Ks|Ah:-100|100:deepstack|strongadaptiverocks
STATE:615:cc/cc:Ah|Qh/Ks:100|-100:strongadaptiverocks|deepstack
STATE:616:cc/cc:Qh|Kh/As:-100|100:deepstack|strongadaptiverocks
STATE:617:cr300r1200c/:Ah|As/Qs:0|0:strongadaptiverocks|deepstack
STATE:618:cc/r300f:Ks|Kh/As:100|-100:deepstack|strongadaptiverocks
STATE:619:cr1200f:Kh|Ah:-100|100:strongadaptiverocks|deepstack
STATE:620:cc/cc:Kh|Qs/Ks:100|-100:deepstack|strongadaptiverocks
STATE:621:cc/cc:Qh|Kh/As:-100|100:strongadaptiverocks|deepstack
STATE:622:cr300c/r1200f:Ks|Ah/Kh:300|-300:deepstack|strongadaptiverocks
STATE:623:cc/cc:Qh|Qs/As:0|0:strongadaptiverocks|deepstack
STATE:624:cc/r300f:As|Qs/Ah:100|-100:deepstack|strongadaptiverocks
STATE:625:cr300f:Qh|Ah:-100|100:strongadaptiverocks|deepstack
STATE:626:cr1200f:Qh|As:-100|100:deepstack|strongadaptiverocks
STATE:627:cr300f:Ks|As:-100|100:strongadaptiverocks|deepstack
STATE:628:cc/cc:Ks|Kh/Qs:0|0:deepstack|strongadaptiverocks
STATE:629:cc/cr300r900f:Kh|Qs/Ks:300|-300:strongadaptiverocks|deepstack
STATE:630:cr300f:Qs|Ah:-100|100:deepstack|strongadaptiverocks
STATE:631:cr300f:Qs|Ah:-100|100:strongadaptiverocks|deepstack
STATE:632:cc/cc:Qs|Ks/Qh:100|-100:deepstack|strongadaptiverocks
STATE:633:cc/cc:Ah|Ks/Qs:100|-100:strongadaptiverocks|deepstack
STATE:634:cc/cc:Qs|Kh/Qh:100|-100:deepstack|strongadaptiverocks
STATE:635:cr300f:Ks|Qs:-100|100:strongadaptiverocks|deepstack
STATE:636:cr1200f:Qs|As:-100|100:deepstack|strongadaptiverocks
STATE:637:cc/cc:Qh|Qs/As:0|0:strongadaptiverocks|deepstack
STATE:638:cc/cc:Qh|Kh/Qs:100|-100:deepstack|strongadaptiverocks
STATE:639:cc/cc:Qs|Ks/Ah:-100|100:strongadaptiverocks|deepstack
STATE:640:r1200f:Ah|Ks:100|-100:deepstack|strongadaptiverocks
STATE:641:cc/cc:Qs|Kh/As:-100|100:strongadaptiverocks|deepstack
STATE:642:cc/cc:As|Qh/Kh:100|-100:deepstack|strongadaptiverocks
STATE:643:cc/cc:As|Kh/Qs:100|-100:strongadaptiverocks|deepstack
STATE:644:cc/cc:As|Kh/Qh:100|-100:deepstack|strongadaptiverocks
STATE:645:cr300f:Ks|Ah:-100|100:strongadaptiverocks|deepstack
STATE:646:r300c/cc:Qs|As/Kh:-300|300:deepstack|strongadaptiverocks
STATE:647:cr300f:Qs|As:-100|100:strongadaptiverocks|deepstack
STATE:648:cc/cc:Qs|Ks/As:-100|100:deepstack|strongadaptiverocks
STATE:649:cr300r1200f:As|Ks:300|-300:strongadaptiverocks|deepstack
STATE:650:r1200f:Ah|Ks:100|-100:deepstack|strongadaptiverocks
STATE:651:cr300r1200f:As|Qs:300|-300:strongadaptiverocks|deepstack
STATE:652:cc/r300f:As|Ks/Ah:100|-100:deepstack|strongadaptiverocks
STATE:653:cc/cc:Qs|Kh/As:-100|100:strongadaptiverocks|deepstack
STATE:654:cc/cc:Qs|Kh/As:-100|100:deepstack|strongadaptiverocks
STATE:655:cc/cc:Kh|Qh/As:100|-100:strongadaptiverocks|deepstack
STATE:656:cc/cc:Qs|Kh/As:-100|100:deepstack|strongadaptiverocks
STATE:657:cr300f:Qh|Ks:-100|100:strongadaptiverocks|deepstack
STATE:658:cc/cc:As|Qh/Kh:100|-100:deepstack|strongadaptiverocks
STATE:659:cr300f:Qs|Ah:-100|100:strongadaptiverocks|deepstack
STATE:660:cc/cc:Qs|Qh/As:0|0:deepstack|strongadaptiverocks
STATE:661:cr300f:Ks|Ah:-100|100:strongadaptiverocks|deepstack
STATE:662:cr300f:Kh|Ah:-100|100:deepstack|strongadaptiverocks
STATE:663:cc/cr300f:Ah|Qs/Ks:-100|100:strongadaptiverocks|deepstack
STATE:664:cc/cr300f:As|Qh/Qs:-100|100:deepstack|strongadaptiverocks
STATE:665:cr300f:Ks|Ah:-100|100:strongadaptiverocks|deepstack
STATE:666:cc/cc:Qs|Qh/Kh:0|0:deepstack|strongadaptiverocks
STATE:667:cr300f:Ks|As:-100|100:strongadaptiverocks|deepstack
STATE:668:cc/cc:Qs|Ks/Ah:-100|100:deepstack|strongadaptiverocks
STATE:669:cr300f:Qh|Ah:-100|100:strongadaptiverocks|deepstack
STATE:670:cc/cc:Qh|Qs/Kh:0|0:deepstack|strongadaptiverocks
STATE:671:cc/cr1200f:Kh|Ah/As:-100|100:strongadaptiverocks|deepstack
STATE:672:r1200f:Ah|Qh:100|-100:deepstack|strongadaptiverocks
STATE:673:cr300f:Qh|Kh:-100|100:strongadaptiverocks|deepstack
STATE:674:cc/cc:Qh|Ks/Qs:100|-100:deepstack|strongadaptiverocks
STATE:675:cc/cr300f:As|Qs/Ks:-100|100:strongadaptiverocks|deepstack
STATE:676:cr300f:Ks|Ah:-100|100:deepstack|strongadaptiverocks
STATE:677:cr300f:Qs|As:-100|100:strongadaptiverocks|deepstack
STATE:678:cc/r1200f:Ah|Qs/As:100|-100:deepstack|strongadaptiverocks
STATE:679:cc/cc:Ah|Qh/Kh:100|-100:strongadaptiverocks|deepstack
STATE:680:cr1200f:Qs|As:-100|100:deepstack|strongadaptiverocks
STATE:681:cc/cc:Ks|Qs/Kh:100|-100:strongadaptiverocks|deepstack
STATE:682:cc/cc:Kh|Qh/As:100|-100:deepstack|strongadaptiverocks
STATE:683:cc/cc:Kh|Qs/Ks:100|-100:strongadaptiverocks|deepstack
STATE:684:cc/cc:Qs|Kh/As:-100|100:deepstack|strongadaptiverocks
STATE:685:cr300f:Qs|Qh:-100|100:strongadaptiverocks|deepstack
STATE:686:cc/cc:Kh|Qs/As:100|-100:deepstack|strongadaptiverocks
STATE:687:cc/cr300f:Kh|Qs/Qh:-100|100:strongadaptiverocks|deepstack
STATE:688:cr1200f:Kh|As:-100|100:deepstack|strongadaptiverocks
STATE:689:cr300f:Qs|As:-100|100:strongadaptiverocks|deepstack
STATE:690:r1200f:Ah|Qh:100|-100:deepstack|strongadaptiverocks
STATE:691:cc/cr300f:Kh|Qs/Qh:-100|100:strongadaptiverocks|deepstack
STATE:692:cc/r300f:As|Ks/Ah:100|-100:deepstack|strongadaptiverocks
STATE:693:cr300r1200f:Ah|Qh:300|-300:strongadaptiverocks|deepstack
STATE:694:cc/r300f:Ks|Kh/Ah:100|-100:deepstack|strongadaptiverocks
STATE:695:cc/cc:Ah|Qs/Kh:100|-100:strongadaptiverocks|deepstack
STATE:696:cc/cc:Qs|Qh/Kh:0|0:deepstack|strongadaptiverocks
STATE:697:cr300f:Ks|Ah:-100|100:strongadaptiverocks|deepstack
STATE:698:cr1200f:Kh|As:-100|100:deepstack|strongadaptiverocks
STATE:699:cc/cr300f:Qs|Ks/Kh:-100|100:strongadaptiverocks|deepstack
STATE:700:cr1200f:Kh|As:-100|100:deepstack|strongadaptiverocks
STATE:701:cr300r1200c/:As|Ah/Qh:0|0:strongadaptiverocks|deepstack
STATE:702:cc/cr300f:Kh|Qh/Qs:-100|100:deepstack|strongadaptiverocks
STATE:703:cc/cc:Qh|Ks/Ah:-100|100:strongadaptiverocks|deepstack
STATE:704:cr1200f:Qh|As:-100|100:deepstack|strongadaptiverocks
STATE:705:cc/r300f:Ah|Qs/As:100|-100:strongadaptiverocks|deepstack
STATE:706:cc/r300f:Ks|Qs/As:100|-100:deepstack|strongadaptiverocks
STATE:707:cc/cc:Ks|Qs/Ah:100|-100:strongadaptiverocks|deepstack
STATE:708:cc/cr300c:As|Qs/Qh:-300|300:deepstack|strongadaptiverocks
STATE:709:cr300f:Qh|Ks:-100|100:strongadaptiverocks|deepstack
STATE:710:cc/r300f:As|Kh/Ah:100|-100:deepstack|strongadaptiverocks
STATE:711:cc/r300f:As|Qh/Ah:100|-100:strongadaptiverocks|deepstack
STATE:712:r1200f:Ah|Ks:100|-100:deepstack|strongadaptiverocks
STATE:713:cc/r300c:As|Ks/Ah:300|-300:strongadaptiverocks|deepstack
STATE:714:cc/cc:Kh|Ks/As:0|0:deepstack|strongadaptiverocks
STATE:715:cr1200f:Qs|Ah:-100|100:strongadaptiverocks|deepstack
STATE:716:cr1200f:Qs|As:-100|100:deepstack|strongadaptiverocks
STATE:717:cr300f:Ks|As:-100|100:strongadaptiverocks|deepstack
STATE:718:cc/r1200f:Ah|Qh/As:100|-100:deepstack|strongadaptiverocks
STATE:719:cr300f:Ks|Ah:-100|100:strongadaptiverocks|deepstack
STATE:720:cc/cr300f:Qh|Ks/Kh:-100|100:deepstack|strongadaptiverocks
STATE:721:cc/cc:Ks|Kh/Qs:0|0:strongadaptiverocks|deepstack
STATE:722:cc/cc:As|Kh/Qh:100|-100:deepstack|strongadaptiverocks
STATE:723:cr300f:Kh|Ah:-100|100:strongadaptiverocks|deepstack
STATE:724:r1200f:As|Ks:100|-100:deepstack|strongadaptiverocks
STATE:725:cr300r1200c/:As|Ah/Qs:0|0:strongadaptiverocks|deepstack
STATE:726:r1200c/:Ah|As/Kh:0|0:deepstack|strongadaptiverocks
STATE:727:cc/cc:Kh|Qh/Ks:100|-100:strongadaptiverocks|deepstack
STATE:728:cc/cc:Kh|Qh/Ks:100|-100:deepstack|strongadaptiverocks
STATE:729:cc/cc:Ah|Qh/Kh:100|-100:strongadaptiverocks|deepstack
STATE:730:cc/cc:Qs|Qh/As:0|0:deepstack|strongadaptiverocks
STATE:731:cc/cc:Qh|Qs/Ks:0|0:strongadaptiverocks|deepstack
STATE:732:r300c/r1200c:Qh|As/Ah:-1200|1200:deepstack|strongadaptiverocks
STATE:733:cr300f:Kh|Ah:-100|100:strongadaptiverocks|deepstack
STATE:734:cc/r300f:Ks|Kh/Ah:100|-100:deepstack|strongadaptiverocks
STATE:735:cc/cc:Qh|Qs/Ks:0|0:strongadaptiverocks|deepstack
STATE:736:cr1200f:Qh|As:-100|100:deepstack|strongadaptiverocks
STATE:737:cr300f:Kh|As:-100|100:strongadaptiverocks|deepstack
STATE:738:cc/r300f:Kh|Qs/As:100|-100:deepstack|strongadaptiverocks
STATE:739:cc/r300f:Ah|Qh/As:100|-100:strongadaptiverocks|deepstack
STATE:740:cc/cc:Kh|Ks/Qs:0|0:deepstack|strongadaptiverocks
STATE:741:cc/cc:Qs|Qh/Ah:0|0:strongadaptiverocks|deepstack
STATE:742:r1200f:As|Ks:100|-100:deepstack|strongadaptiverocks
STATE:743:cr300r1200f:As|Ks:300|-300:strongadaptiverocks|deepstack
STATE:744:cc/cc:As|Ks/Qh:100|-100:deepstack|strongadaptiverocks
STATE:745:cr300f:Qs|Kh:-100|100:strongadaptiverocks|deepstack
STATE:746:cc/cc:Qs|Qh/Ah:0|0:deepstack|strongadaptiverocks
STATE:747:cc/cc:Kh|Qs/Ks:100|-100:strongadaptiverocks|deepstack
STATE:748:r1200f:As|Ks:100|-100:deepstack|strongadaptiverocks
STATE:749:cc/cc:Qh|Qs/Ah:0|0:strongadaptiverocks|deepstack
STATE:750:cc/cc:Qs|Qh/Ks:0|0:deepstack|strongadaptiverocks
STATE:751:cr300f:Qh|Kh:-100|100:strongadaptiverocks|deepstack
STATE:752:r1200c/:Ah|As/Qs:0|0:deepstack|strongadaptiverocks
STATE:753:cc/cr1200f:Ks|Qh/As:-100|100:strongadaptiverocks|deepstack
STATE:754:cc/cc:Qh|Qs/Ks:0|0:deepstack|strongadaptiverocks
STATE:755:cc/cc:Qs|Qh/As:0|0:strongadaptiverocks|deepstack
STATE:756:r1200f:Ah|Kh:100|-100:deepstack|strongadaptiverocks
STATE:757:cc/cc:Kh|Ks/Ah:0|0:strongadaptiverocks|deepstack
STATE:758:cc/r300f:Kh|Qs/Ah:100|-100:deepstack|strongadaptiverocks
STATE:759:cc/cc:Ks|Qs/Ah:100|-100:strongadaptiverocks|deepstack
STATE:760:r1200f:As|Qs:100|-100:deepstack|strongadaptiverocks
STATE:761:cr1200c/:Ah|As/Qh:0|0:strongadaptiverocks|deepstack
STATE:762:cr1200f:Qh|As:-100|100:deepstack|strongadaptiverocks
STATE:763:cr300f:Qh|Kh:-100|100:strongadaptiverocks|deepstack
STATE:764:cr1200f:Qs|As:-100|100:deepstack|strongadaptiverocks
STATE:765:cc/cc:As|Ks/Qh:100|-100:strongadaptiverocks|deepstack
STATE:766:r300c/cc:Ks|As/Qs:-300|300:deepstack|strongadaptiverocks
STATE:767:cc/cc:Ks|Qs/Ah:100|-100:strongadaptiverocks|deepstack
STATE:768:cc/cc:As|Qh/Ks:100|-100:deepstack|strongadaptiverocks
STATE:769:cc/cr300f:As|Kh/Ks:-100|100:strongadaptiverocks|deepstack
STATE:770:cr300f:Qh|Ah:-100|100:deepstack|strongadaptiverocks
STATE:771:cr300r1200f:Ah|Qs:300|-300:strongadaptiverocks|deepstack
STATE:772:cr1200f:Ks|As:-100|100:deepstack|strongadaptiverocks
STATE:773:cc/cr300f:As|Qs/Qh:-100|100:strongadaptiverocks|deepstack
STATE:774:cr1200f:Kh|As:-100|100:deepstack|strongadaptiverocks
STATE:775:cc/cc:Ah|Ks/Qh:100|-100:strongadaptiverocks|deepstack
STATE:776:cc/cc:Ah|Kh/Qs:100|-100:deepstack|strongadaptiverocks
STATE:777:cr300f:Kh|Ah:-100|100:strongadaptiverocks|deepstack
STATE:778:cr300c/r1200f:Ks|Ah/Kh:300|-300:deepstack|strongadaptiverocks
STATE:779:cr300f:Kh|Ks:-100|100:strongadaptiverocks|deepstack
STATE:780:r1200f:Ah|Ks:100|-100:deepstack|strongadaptiverocks
STATE:781:cr300f:Ks|As:-100|100:strongadaptiverocks|deepstack
STATE:782:cr1200c/:Ah|As/Ks:0|0:deepstack|strongadaptiverocks
STATE:783:cc/cc:Qh|Qs/Ks:0|0:strongadaptiverocks|deepstack
STATE:784:cr1200f:Kh|As:-100|100:deepstack|strongadaptiverocks
STATE:785:cc/cc:As|Qh/Kh:100|-100:strongadaptiverocks|deepstack
STATE:786:cr300f:Qs|Ah:-100|100:deepstack|strongadaptiverocks
STATE:787:cr300f:Qh|Ah:-100|100:strongadaptiverocks|deepstack
STATE:788:r1200f:As|Ks:100|-100:deepstack|strongadaptiverocks
STATE:789:cr300f:Kh|As:-100|100:strongadaptiverocks|deepstack
STATE:790:cr300r900c/cr1200c:As|Ah/Kh:0|0:deepstack|strongadaptiverocks
STATE:791:cc/cc:Kh|Qh/Ah:100|-100:strongadaptiverocks|deepstack
STATE:792:cc/cr300f:As|Qh/Qs:-100|100:deepstack|strongadaptiverocks
STATE:793:cr300f:Kh|As:-100|100:strongadaptiverocks|deepstack
STATE:794:cc/cc:Kh|Ks/Qh:0|0:deepstack|strongadaptiverocks
STATE:795:cr300r1200f:As|Qs:300|-300:strongadaptiverocks|deepstack
STATE:796:cc/cc:Kh|Qh/Ks:100|-100:deepstack|strongadaptiverocks
STATE:797:cc/cr300r1200f:Qh|Ks/Qs:300|-300:strongadaptiverocks|deepstack
STATE:798:cr1200f:Qs|As:-100|100:deepstack|strongadaptiverocks
STATE:799:cr300f:Qs|Kh:-100|100:strongadaptiverocks|deepstack
STATE:800:r1200c/:As|Ah/Qs:0|0:deepstack|strongadaptiverocks
STATE:801:cc/cc:Kh|Qh/Ks:100|-100:strongadaptiverocks|deepstack
STATE:802:cr300f:Qs|Ah:-100|100:deepstack|strongadaptiverocks
STATE:803:cc/cc:Ks|Kh/Ah:0|0:strongadaptiverocks|deepstack
STATE:804:r300c/cc:Ah|As/Qh:0|0:deepstack|strongadaptiverocks
STATE:805:cr300f:Qh|Qs:-100|100:strongadaptiverocks|deepstack
STATE:806:cr1200f:Kh|As:-100|100:deepstack|strongadaptiverocks
STATE:807:cc/cc:As|Qh/Ks:100|-100:strongadaptiverocks|deepstack
STATE:808:r1200c/:As|Ah/Qh:0|0:deepstack|strongadaptiverocks
STATE:809:cc/cc:Ks|Qs/Kh:100|-100:strongadaptiverocks|deepstack
STATE:810:cc/r300f:Ks|Qs/Ah:100|-100:deepstack|strongadaptiverocks
STATE:811:cc/cr1200f:Qs|As/Ah:-100|100:strongadaptiverocks|deepstack
STATE:812:cr1200f:Qh|As:-100|100:deepstack|strongadaptiverocks
STATE:813:cc/r300f:As|Qh/Ah:100|-100:strongadaptiverocks|deepstack
STATE:814:cc/cc:Qh|Ks/As:-100|100:deepstack|strongadaptiverocks
STATE:815:cr300r1200f:Ah|Kh:300|-300:strongadaptiverocks|deepstack
STATE:816:r1200f:Ah|Qh:100|-100:deepstack|strongadaptiverocks
STATE:817:cr300r1200c/:Ah|As/Ks:0|0:strongadaptiverocks|deepstack
STATE:818:r1200f:As|Kh:100|-100:deepstack|strongadaptiverocks
STATE:819:cc/r300f:Ah|Qs/As:100|-100:strongadaptiverocks|deepstack
STATE:820:cr1200c/:Ah|As/Ks:0|0:deepstack|strongadaptiverocks
STATE:821:cc/cc:Qh|Kh/Qs:100|-100:strongadaptiverocks|deepstack
STATE:822:cc/cc:Ah|Kh/Qh:100|-100:deepstack|strongadaptiverocks
STATE:823:cr300f:Kh|As:-100|100:strongadaptiverocks|deepstack
STATE:824:cc/cc:Qs|Ks/Ah:-100|100:deepstack|strongadaptiverocks
STATE:825:cc/cc:Qh|Qs/Ah:0|0:strongadaptiverocks|deepstack
STATE:826:r1200f:As|Qs:100|-100:deepstack|strongadaptiverocks
STATE:827:cr1200f:Qh|As:-100|100:strongadaptiverocks|deepstack
STATE:828:cc/cc:Kh|Ks/Qh:0|0:deepstack|strongadaptiverocks
STATE:829:cr300r1200c/:Ah|As/Kh:0|0:strongadaptiverocks|deepstack
STATE:830:r1200f:Ah|Kh:100|-100:deepstack|strongadaptiverocks
STATE:831:cr300f:Ks|Qh:-100|100:strongadaptiverocks|deepstack
STATE:832:cc/r1200f:Ah|Ks/As:100|-100:deepstack|strongadaptiverocks
STATE:833:cr300f:Qs|Ah:-100|100:strongadaptiverocks|deepstack
STATE:834:cc/cc:Qs|Qh/Ah:0|0:deepstack|strongadaptiverocks
STATE:835:cc/cc:Ks|Ah/Qs:-100|100:strongadaptiverocks|deepstack
STATE:836:cr1200f:Ks|As:-100|100:deepstack|strongadaptiverocks
STATE:837:cc/cc:Ks|Qs/Ah:100|-100:strongadaptiverocks|deepstack
STATE:838:cc/r300f:Ks|Qh/Ah:100|-100:deepstack|strongadaptiverocks
STATE:839:cc/cr300f:As|Qs/Qh:-100|100:strongadaptiverocks|deepstack
STATE:840:cr300r1200c/:As|Ah/Qs:0|0:deepstack|strongadaptiverocks
STATE:841:cr300r1200f:As|Qh:300|-300:strongadaptiverocks|deepstack
STATE:842:cc/cc:Ah|Qs/Kh:100|-100:deepstack|strongadaptiverocks
STATE:843:cr1200f:Kh|As:-100|100:strongadaptiverocks|deepstack
STATE:844:cc/cc:Qh|Ks/Ah:-100|100:deepstack|strongadaptiverocks
STATE:845:cr1200f:Qs|As:-100|100:strongadaptiverocks|deepstack
STATE:846:cc/cc:Kh|Ks/Qh:0|0:deepstack|strongadaptiverocks
STATE:847:cr300r1200f:As|Kh:300|-300:strongadaptiverocks|deepstack
STATE:848:cc/r1200f:Qs|Ks/Ah:100|-100:deepstack|strongadaptiverocks
STATE:849:cr300r1200c/:Ah|As/Qs:0|0:strongadaptiverocks|deepstack
STATE:850:cc/cc:Kh|Qh/Ks:100|-100:deepstack|strongadaptiverocks
STATE:851:cc/cc:Kh|Ks/Qh:0|0:strongadaptiverocks|deepstack
STATE:852:cc/cc:Kh|Qh/Ks:100|-100:deepstack|strongadaptiverocks
STATE:853:cc/cc:Qh|Qs/Kh:0|0:strongadaptiverocks|deepstack
STATE:854:cc/cr300f:Qs|Ks/Kh:-100|100:deepstack|strongadaptiverocks
STATE:855:cc/cc:Ks|Ah/Kh:100|-100:strongadaptiverocks|deepstack
STATE:856:cc/cc:Ks|Qs/Kh:100|-100:deepstack|strongadaptiverocks
STATE:857:cc/r300c:As|Ks/Ah:300|-300:strongadaptiverocks|deepstack
STATE:858:cc/cr300f:As|Qh/Qs:-100|100:deepstack|strongadaptiverocks
STATE:859:cr300f:Qh|Kh:-100|100:strongadaptiverocks|deepstack
STATE:860:cr1200c/:Ah|As/Ks:0|0:deepstack|strongadaptiverocks
STATE:861:cc/cc:Qs|Kh/Ah:-100|100:strongadaptiverocks|deepstack
STATE:862:cr1200f:Kh|As:-100|100:deepstack|strongadaptiverocks
STATE:863:cc/cc:Kh|Ks/As:0|0:strongadaptiverocks|deepstack
STATE:864:r1200f:As|Qs:100|-100:deepstack|strongadaptiverocks
STATE:865:cr300r1200c/:As|Ah/Qs:0|0:strongadaptiverocks|deepstack
STATE:866:cc/cc:Qh|Ks/Qs:100|-100:deepstack|strongadaptiverocks
STATE:867:cc/cc:Kh|Ks/Qh:0|0:strongadaptiverocks|deepstack
STATE:868:cr1200f:Qs|As:-100|100:deepstack|strongadaptiverocks
STATE:869:cc/cr300f:Ah|Qh/Kh:-100|100:strongadaptiverocks|deepstack
STATE:870:cc/cc:Qh|Kh/Ah:-100|100:deepstack|strongadaptiverocks
STATE:871:cr300f:Kh|Ah:-100|100:strongadaptiverocks|deepstack
STATE:872:cc/cr300f:Ks|Qs/Qh:-100|100:deepstack|strongadaptiverocks
STATE:873:cr300f:Ks|Qh:-100|100:strongadaptiverocks|deepstack
STATE:874:cc/cr300f:Ks|Qs/Qh:-100|100:deepstack|strongadaptiverocks
STATE:875:cc/cc:Qs|Kh/Ah:-100|100:strongadaptiverocks|deepstack
STATE:876:r1200f:Ah|Qh:100|-100:deepstack|strongadaptiverocks
STATE:877:cc/cc:Kh|Ah/Ks:100|-100:strongadaptiverocks|deepstack
STATE:878:cr1200f:Qs|As:-100|100:deepstack|strongadaptiverocks
STATE:879:cc/cr300f:Qh|Kh/Ks:-100|100:strongadaptiverocks|deepstack
STATE:880:cc/cr300f:As|Qh/Qs:-100|100:deepstack|strongadaptiverocks
STATE:881:cr300f:Ks|Qs:-100|100:strongadaptiverocks|deepstack
STATE:882:cc/r300f:Kh|Qs/Ah:100|-100:deepstack|strongadaptiverocks
STATE:883:cr300f:Ks|Qs:-100|100:strongadaptiverocks|deepstack
STATE:884:cr300c/cc:Kh|Ah/Qs:-300|300:deepstack|strongadaptiverocks
STATE:885:cc/cr300f:Ah|Qs/Kh:-100|100:strongadaptiverocks|deepstack
STATE:886:cc/cc:Qh|Kh/Ah:-100|100:deepstack|strongadaptiverocks
STATE:887:cc/cr300f:Ah|Kh/Qs:-100|100:strongadaptiverocks|deepstack
STATE:888:cr1200f:Ks|As:-100|100:deepstack|strongadaptiverocks
STATE:889:cc/cr300f:Kh|Ks/Qs:-100|100:strongadaptiverocks|deepstack
STATE:890:cc/cc:Qh|Ks/Qs:100|-100:deepstack|strongadaptiverocks
STATE:891:cc/cc:Qs|Ks/Qh:100|-100:strongadaptiverocks|deepstack
STATE:892:cc/cc:Qh|Qs/Ah:0|0:deepstack|strongadaptiverocks
STATE:893:cr300f:Qh|Ks:-100|100:strongadaptiverocks|deepstack
STATE:894:cr1200f:Qh|As:-100|100:deepstack|strongadaptiverocks
STATE:895:cr300r1200f:As|Qh:300|-300:strongadaptiverocks|deepstack
STATE:896:r1200f:As|Kh:100|-100:deepstack|strongadaptiverocks
STATE:897:cr300f:Ks|As:-100|100:strongadaptiverocks|deepstack
STATE:898:cr1200f:Qs|As:-100|100:deepstack|strongadaptiverocks
STATE:899:cr300r1200f:As|Qs:300|-300:strongadaptiverocks|deepstack
STATE:900:cc/cc:Qs|Qh/Ah:0|0:deepstack|strongadaptiverocks
STATE:901:cc/cc:Kh|Ks/Qh:0|0:strongadaptiverocks|deepstack
STATE:902:r1200f:Ah|Qh:100|-100:deepstack|strongadaptiverocks
STATE:903:cc/cc:Qh|Kh/Qs:100|-100:strongadaptiverocks|deepstack
STATE:904:cc/cc:As|Qs/Kh:100|-100:deepstack|strongadaptiverocks
STATE:905:cc/r300c:As|Ks/Ah:300|-300:strongadaptiverocks|deepstack
STATE:906:cr300f:Ks|Ah:-100|100:deepstack|strongadaptiverocks
STATE:907:cr300f:Ks|As:-100|100:strongadaptiverocks|deepstack
STATE:908:cr1200f:Ks|As:-100|100:deepstack|strongadaptiverocks
STATE:909:cc/cc:As|Qh/Ks:100|-100:strongadaptiverocks|deepstack
STATE:910:cc/cc:As|Qs/Ah:100|-100:deepstack|strongadaptiverocks
STATE:911:cr300f:Ks|Ah:-100|100:strongadaptiverocks|deepstack
STATE:912:cc/cr300f:As|Qs/Qh:-100|100:deepstack|strongadaptiverocks
STATE:913:cc/cc:Qh|Ks/Ah:-100|100:strongadaptiverocks|deepstack
STATE:914:cc/cc:Ah|Kh/Qh:100|-100:deepstack|strongadaptiverocks
STATE:915:cr1200f:Ks|As:-100|100:strongadaptiverocks|deepstack
STATE:916:cc/cc:Qh|Ks/Qs:100|-100:deepstack|strongadaptiverocks
STATE:917:cr300r1200c/:As|Ah/Ks:0|0:strongadaptiverocks|deepstack
STATE:918:cc/r300f:Ks|Kh/Ah:100|-100:deepstack|strongadaptiverocks
STATE:919:cr300f:Kh|Ks:-100|100:strongadaptiverocks|deepstack
STATE:920:cc/cc:As|Qs/Ks:100|-100:deepstack|strongadaptiverocks
STATE:921:cr300f:Qh|Ks:-100|100:strongadaptiverocks|deepstack
STATE:922:cr1200c/:Ah|As/Kh:0|0:deepstack|strongadaptiverocks
STATE:923:cr300f:Kh|Ah:-100|100:strongadaptiverocks|deepstack
STATE:924:r1200c/:As|Ah/Kh:0|0:deepstack|strongadaptiverocks
STATE:925:cc/cc:As|Ks/Qh:100|-100:strongadaptiverocks|deepstack
STATE:926:cc/cc:As|Kh/Qs:100|-100:deepstack|strongadaptiverocks
STATE:927:cr300r1200f:Ah|Qh:300|-300:strongadaptiverocks|deepstack
STATE:928:cc/r300f:Ks|Qs/As:100|-100:deepstack|strongadaptiverocks
STATE:929:cc/cc:Kh|Ks/Qs:0|0:strongadaptiverocks|deepstack
STATE:930:cc/cr300f:Ks|Qh/Qs:-100|100:deepstack|strongadaptiverocks
STATE:931:cc/cc:Ks|Kh/As:0|0:strongadaptiverocks|deepstack
STATE:932:cr1200f:Ks|As:-100|100:deepstack|strongadaptiverocks
STATE:933:cr300f:Kh|Ah:-100|100:strongadaptiverocks|deepstack
STATE:934:cr1200f:Kh|As:-100|100:deepstack|strongadaptiverocks
STATE:935:cc/r300c:Ah|Ks/As:300|-300:strongadaptiverocks|deepstack
STATE:936:cc/cr300f:As|Qh/Qs:-100|100:deepstack|strongadaptiverocks
STATE:937:cc/cr300f:Ah|Qs/Qh:-100|100:strongadaptiverocks|deepstack
STATE:938:cc/r1200f:As|Qs/Ah:100|-100:deepstack|strongadaptiverocks
STATE:939:cr300f:Qs|Ah:-100|100:strongadaptiverocks|deepstack
STATE:940:r1200f:Ah|Qs:100|-100:deepstack|strongadaptiverocks
STATE:941:cc/cc:Kh|Qs/As:100|-100:strongadaptiverocks|deepstack
STATE:942:cr1200f:Kh|As:-100|100:deepstack|strongadaptiverocks
STATE:943:cr300f:Qs|As:-100|100:strongadaptiverocks|deepstack
STATE:944:cc/r1200f:As|Qs/Ah:100|-100:deepstack|strongadaptiverocks
STATE:945:cr300r1200c/:Ah|As/Ks:0|0:strongadaptiverocks|deepstack
STATE:946:cc/cc:Qh|Ks/As:-100|100:deepstack|strongadaptiverocks
STATE:947:cr300f:Qh|Ah:-100|100:strongadaptiverocks|deepstack
STATE:948:cc/r300f:Ks|Kh/As:100|-100:deepstack|strongadaptiverocks
STATE:949:cr1200f:Ks|As:-100|100:strongadaptiverocks|deepstack
STATE:950:r1200f:As|Qh:100|-100:deepstack|strongadaptiverocks
STATE:951:cc/cc:Kh|Qh/Ks:100|-100:strongadaptiverocks|deepstack
STATE:952:cr300r1200c/:As|Ah/Qs:0|0:deepstack|strongadaptiverocks
STATE:953:cc/cc:Ks|Kh/Qs:0|0:strongadaptiverocks|deepstack
STATE:954:cc/cc:Qs|Ks/As:-100|100:deepstack|strongadaptiverocks
STATE:955:cc/cc:As|Ah/Qh:0|0:strongadaptiverocks|deepstack
STATE:956:cr1200f:Qs|As:-100|100:deepstack|strongadaptiverocks
STATE:957:cr1200f:Qh|Ah:-100|100:strongadaptiverocks|deepstack
STATE:958:cr1200f:Ks|As:-100|100:deepstack|strongadaptiverocks
STATE:959:cc/cc:Qs|Ah/Kh:-100|100:strongadaptiverocks|deepstack
STATE:960:cr300f:Kh|Ah:-100|100:deepstack|strongadaptiverocks
STATE:961:cr300r1200c/:As|Ah/Qh:0|0:strongadaptiverocks|deepstack
STATE:962:cc/cr300f:As|Qs/Qh:-100|100:deepstack|strongadaptiverocks
STATE:963:cc/cc:Qs|Ks/As:-100|100:strongadaptiverocks|deepstack
STATE:964:cc/cc:Kh|Qh/Ks:100|-100:deepstack|strongadaptiverocks
STATE:965:cc/cr300f:Ah|Kh/Ks:-100|100:strongadaptiverocks|deepstack
STATE:966:cr1200f:Qh|As:-100|100:deepstack|strongadaptiverocks
STATE:967:cr300f:Qs|Ah:-100|100:strongadaptiverocks|deepstack
STATE:968:r1200f:Ah|Kh:100|-100:deepstack|strongadaptiverocks
STATE:969:cc/cc:Qs|Ah/Qh:100|-100:strongadaptiverocks|deepstack
STATE:970:cr300c/r1200f:Qs|Ah/Qh:300|-300:deepstack|strongadaptiverocks
STATE:971:cr300f:Qh|Ah:-100|100:strongadaptiverocks|deepstack
STATE:972:r1200f:Ah|Kh:100|-100:deepstack|strongadaptiverocks
STATE:973:cr300f:Qs|Ah:-100|100:strongadaptiverocks|deepstack
STATE:974:cc/cc:Qh|Qs/As:0|0:deepstack|strongadaptiverocks
STATE:975:cc/cr300f:As|Qs/Kh:-100|100:strongadaptiverocks|deepstack
STATE:976:cc/cr300f:Kh|Qh/Qs:-100|100:deepstack|strongadaptiverocks
STATE:977:cc/cc:Ah|Qs/Kh:100|-100:strongadaptiverocks|deepstack
STATE:978:cc/cc:Qs|Qh/Kh:0|0:deepstack|strongadaptiverocks
STATE:979:cr300r1200f:As|Qs:300|-300:strongadaptiverocks|deepstack
STATE:980:cc/cc:Qs|Ks/Ah:-100|100:deepstack|strongadaptiverocks
STATE:981:cc/cc:Ah|Ks/Qs:100|-100:strongadaptiverocks|deepstack
STATE:982:cr300c/cc:Qs|Ah/Ks:-300|300:deepstack|strongadaptiverocks
STATE:983:cr1200f:Kh|As:-100|100:strongadaptiverocks|deepstack
STATE:984:cr300r1200c/:As|Ah/Qh:0|0:deepstack|strongadaptiverocks
STATE:985:cr300f:Qh|Ks:-100|100:strongadaptiverocks|deepstack
STATE:986:cr1200f:Qs|As:-100|100:deepstack|strongadaptiverocks
STATE:987:cc/cr1200f:Kh|Qs/Ah:-100|100:strongadaptiverocks|deepstack
STATE:988:cc/cr300f:As|Qs/Qh:-100|100:deepstack|strongadaptiverocks
STATE:989:cc/cr300r900f:Qs|Kh/Qh:300|-300:strongadaptiverocks|deepstack
STATE:990:cr300f:Qs|Ah:-100|100:deepstack|strongadaptiverocks
STATE:991:cc/r300f:Ah|Ks/As:100|-100:strongadaptiverocks|deepstack
STATE:992:cr1200f:Qh|As:-100|100:deepstack|strongadaptiverocks
STATE:993:cr300r1200f:As|Kh:300|-300:strongadaptiverocks|deepstack
STATE:994:cr1200f:Kh|As:-100|100:deepstack|strongadaptiverocks
STATE:995:cc/cr300f:Ah|Ks/Kh:-100|100:strongadaptiverocks|deepstack
STATE:996:cc/cc:Qs|Kh/Qh:100|-100:deepstack|strongadaptiverocks
STATE:997:cr300f:Qh|As:-100|100:strongadaptiverocks|deepstack
STATE:998:cr1200f:Qh|As:-100|100:deepstack|strongadaptiverocks
STATE:999:cc/cr300f:As|Qh/Qs:-100|100:strongadaptiverocks|deepstack
SCORE:-1500|1500:deepstack|strongadaptiverocks
