# name/game/hands/seed mildadaptiverocks_v_deepstack ./DeepStack-Leduc/ACPCServer/leduc.game 1000 3
#--t_response 600000
#--t_hand 600000
#--t_per_hand 7000
STATE:0:cc/cc:Ks|Qs/Kh:100|-100:deepstack|mildadaptive_rocks
STATE:1:cc/cc:Qs|Qh/Ks:0|0:mildadaptive_rocks|deepstack
STATE:2:cr300f:Qh|As:-100|100:deepstack|mildadaptive_rocks
STATE:3:cr300f:Kh|Ks:-100|100:mildadaptive_rocks|deepstack
STATE:4:r1200f:As|Ks:100|-100:deepstack|mildadaptive_rocks
STATE:5:cc/cc:Kh|Qh/Ah:100|-100:mildadaptive_rocks|deepstack
STATE:6:r1200f:Ah|Ks:100|-100:deepstack|mildadaptive_rocks
STATE:7:r1200f:As|Kh:100|-100:mildadaptive_rocks|deepstack
STATE:8:cc/cc:Qh|Qs/Kh:0|0:deepstack|mildadaptive_rocks
STATE:9:cc/cc:Qh|Ks/Ah:-100|100:mildadaptive_rocks|deepstack
STATE:10:cc/cc:Qh|Kh/As:-100|100:deepstack|mildadaptive_rocks
STATE:11:cc/cc:Kh|Ks/Ah:0|0:mildadaptive_rocks|deepstack
STATE:12:cc/r1200f:As|Qh/Ah:100|-100:deepstack|mildadaptive_rocks
STATE:13:cc/r1200c:Qs|As/Ah:-1200|1200:mildadaptive_rocks|deepstack
STATE:14:cc/r1200f:Ah|Qh/As:100|-100:deepstack|mildadaptive_rocks
STATE:15:cr300f:Qs|Kh:-100|100:mildadaptive_rocks|deepstack
STATE:16:cc/cc:Qs|Kh/As:-100|100:deepstack|mildadaptive_rocks
STATE:17:cc/cc:Ks|As/Qh:-100|100:mildadaptive_rocks|deepstack
STATE:18:r1200f:Ah|Qh:100|-100:deepstack|mildadaptive_rocks
STATE:19:cr300f:Kh|As:-100|100:mildadaptive_rocks|deepstack
STATE:20:cc/cc:Ks|Qs/Ah:100|-100:deepstack|mildadaptive_rocks
STATE:21:cc/cr300f:Qh|Ks/Kh:-100|100:mildadaptive_rocks|deepstack
STATE:22:cc/cr300c:Ah|Qs/Ks:300|-300:deepstack|mildadaptive_rocks
STATE:23:cc/cr1200f:Kh|Qs/Qh:-100|100:mildadaptive_rocks|deepstack
STATE:24:cc/cc:As|Ah/Kh:0|0:deepstack|mildadaptive_rocks
STATE:25:cc/cr300c:Ah|Qs/Kh:300|-300:mildadaptive_rocks|deepstack
STATE:26:cc/r300f:Kh|Qh/As:100|-100:deepstack|mildadaptive_rocks
STATE:27:cr300f:Qs|As:-100|100:mildadaptive_rocks|deepstack
STATE:28:cc/cr300f:Ah|Qh/Qs:-100|100:deepstack|mildadaptive_rocks
STATE:29:cr300r1200c/:As|Ah/Qs:0|0:mildadaptive_rocks|deepstack
STATE:30:cc/cc:Qh|As/Ks:-100|100:deepstack|mildadaptive_rocks
STATE:31:cc/cr300f:Ks|Qh/Qs:-100|100:mildadaptive_rocks|deepstack
STATE:32:cc/cc:As|Ah/Qs:0|0:deepstack|mildadaptive_rocks
STATE:33:cc/cc:Kh|Qs/Ah:100|-100:mildadaptive_rocks|deepstack
STATE:34:cr300c/r900f:Ks|Qs/Kh:300|-300:deepstack|mildadaptive_rocks
STATE:35:cc/cc:Ks|Kh/Qh:0|0:mildadaptive_rocks|deepstack
STATE:36:cc/cc:Ah|Qh/Ks:100|-100:deepstack|mildadaptive_rocks
STATE:37:cc/cc:Ah|Kh/Qh:100|-100:mildadaptive_rocks|deepstack
STATE:38:cr300c/cc:Ah|Kh/Qs:300|-300:deepstack|mildadaptive_rocks
STATE:39:cc/cc:Ks|Qh/As:100|-100:mildadaptive_rocks|deepstack
STATE:40:cc/cr300f:Qh|Ks/Kh:-100|100:deepstack|mildadaptive_rocks
STATE:41:cr300f:Qs|Ah:-100|100:mildadaptive_rocks|deepstack
STATE:42:cc/r300f:Qh|Qs/Kh:100|-100:deepstack|mildadaptive_rocks
STATE:43:cr300f:Qh|As:-100|100:mildadaptive_rocks|deepstack
STATE:44:r1200f:As|Qh:100|-100:deepstack|mildadaptive_rocks
STATE:45:cr300c/cr900f:Ks|Ah/Qs:-300|300:mildadaptive_rocks|deepstack
STATE:46:cc/cc:Qs|Qh/Ah:0|0:deepstack|mildadaptive_rocks
STATE:47:cr300r1200f:Ah|Qs:300|-300:mildadaptive_rocks|deepstack
STATE:48:cc/cc:Ah|Ks/Qh:100|-100:deepstack|mildadaptive_rocks
STATE:49:r300c/cc:Kh|As/Qh:-300|300:mildadaptive_rocks|deepstack
STATE:50:cc/cc:Qh|Ks/Qs:100|-100:deepstack|mildadaptive_rocks
STATE:51:cc/cc:Qh|Kh/Qs:100|-100:mildadaptive_rocks|deepstack
STATE:52:r1200f:As|Qs:100|-100:deepstack|mildadaptive_rocks
STATE:53:cc/cc:Kh|Ks/Qs:0|0:mildadaptive_rocks|deepstack
STATE:54:cc/cc:Qh|As/Qs:100|-100:deepstack|mildadaptive_rocks
STATE:55:cr300c/cc:Qh|As/Kh:-300|300:mildadaptive_rocks|deepstack
STATE:56:r1200f:Ah|Ks:100|-100:deepstack|mildadaptive_rocks
STATE:57:cc/cr300f:As|Kh/Ks:-100|100:mildadaptive_rocks|deepstack
STATE:58:cc/cc:Qs|As/Qh:100|-100:deepstack|mildadaptive_rocks
STATE:59:cc/cr300f:Ah|Qs/Qh:-100|100:mildadaptive_rocks|deepstack
STATE:60:cc/cc:Qs|As/Ks:-100|100:deepstack|mildadaptive_rocks
STATE:61:cr300f:Qh|Ah:-100|100:mildadaptive_rocks|deepstack
STATE:62:cc/cc:Ks|As/Qh:-100|100:deepstack|mildadaptive_rocks
STATE:63:cr300c/cr1200f:Qs|Qh/Kh:-300|300:mildadaptive_rocks|deepstack
STATE:64:cr300c/cc:Ks|As/Qh:-300|300:deepstack|mildadaptive_rocks
STATE:65:cc/cr300f:As|Ks/Qs:-100|100:mildadaptive_rocks|deepstack
STATE:66:cc/r1200f:Kh|Qs/Ah:100|-100:deepstack|mildadaptive_rocks
STATE:67:cc/r300f:Kh|Qh/Ks:100|-100:mildadaptive_rocks|deepstack
STATE:68:cc/r300f:Qs|Ah/Qh:100|-100:deepstack|mildadaptive_rocks
STATE:69:cc/cr300f:Kh|Qs/Qh:-100|100:mildadaptive_rocks|deepstack
STATE:70:cr300c/r1200f:Kh|As/Qh:300|-300:deepstack|mildadaptive_rocks
STATE:71:cr300f:Ks|Qs:-100|100:mildadaptive_rocks|deepstack
STATE:72:cc/cr300f:Ks|Qs/Qh:-100|100:deepstack|mildadaptive_rocks
STATE:73:cr300f:Qh|As:-100|100:mildadaptive_rocks|deepstack
STATE:74:cc/cc:Ks|Qs/Ah:100|-100:deepstack|mildadaptive_rocks
STATE:75:r1200c/:As|Ah/Qs:0|0:mildadaptive_rocks|deepstack
STATE:76:cr300f:Qh|Ah:-100|100:deepstack|mildadaptive_rocks
STATE:77:cc/cc:As|Qh/Kh:100|-100:mildadaptive_rocks|deepstack
STATE:78:cc/cc:Kh|Ks/Qs:0|0:deepstack|mildadaptive_rocks
STATE:79:cr300f:Qh|Ah:-100|100:mildadaptive_rocks|deepstack
STATE:80:cc/cr300f:Qs|Kh/Ks:-100|100:deepstack|mildadaptive_rocks
STATE:81:cr1200f:Qs|As:-100|100:mildadaptive_rocks|deepstack
STATE:82:cc/r300f:Kh|Qs/Ks:100|-100:deepstack|mildadaptive_rocks
STATE:83:cr300f:Ks|Kh:-100|100:mildadaptive_rocks|deepstack
STATE:84:r1200f:As|Qs:100|-100:deepstack|mildadaptive_rocks
STATE:85:cr300r1200f:Ah|Qs:300|-300:mildadaptive_rocks|deepstack
STATE:86:cr300f:Ks|As:-100|100:deepstack|mildadaptive_rocks
STATE:87:cr300r1200c/:Ah|As/Ks:0|0:mildadaptive_rocks|deepstack
STATE:88:r1200f:As|Qh:100|-100:deepstack|mildadaptive_rocks
STATE:89:cr300r1200f:Ah|Qh:300|-300:mildadaptive_rocks|deepstack
STATE:90:cc/cc:Qh|Qs/Ks:0|0:deepstack|mildadaptive_rocks
STATE:91:cc/cr300f:As|Kh/Ks:-100|100:mildadaptive_rocks|deepstack
STATE:92:cc/r300f:Qh|Ks/Ah:100|-100:deepstack|mildadaptive_rocks
STATE:93:cr300f:Qs|Kh:-100|100:mildadaptive_rocks|deepstack
STATE:94:r1200f:As|Qh:100|-100:deepstack|mildadaptive_rocks
STATE:95:cc/cc:Qs|Qh/Ks:0|0:mildadaptive_rocks|deepstack
STATE:96:cc/cc:Ks|Qh/Kh:100|-100:deepstack|mildadaptive_rocks
STATE:97:cc/r1200f:As|Ks/Ah:100|-100:mildadaptive_rocks|deepstack
STATE:98:cc/cr1200f:Kh|As/Ah:-100|100:deepstack|mildadaptive_rocks
STATE:99:cc/r1200f:Ah|Ks/As:100|-100:mildadaptive_rocks|deepstack
STATE:100:cr300c/r900c:Qs|Ah/Ks:-900|900:deepstack|mildadaptive_rocks
STATE:101:cc/cc:Ks|Qs/Ah:100|-100:mildadaptive_rocks|deepstack
STATE:102:cc/cc:Qs|Ah/Kh:-100|100:deepstack|mildadaptive_rocks
STATE:103:cr300c/r1200f:Qs|Ah/Qh:300|-300:mildadaptive_rocks|deepstack
STATE:104:cc/cc:Qh|Qs/Ah:0|0:deepstack|mildadaptive_rocks
STATE:105:cc/cc:Qs|Ah/Qh:100|-100:mildadaptive_rocks|deepstack
STATE:106:cr300f:Qh|Ah:-100|100:deepstack|mildadaptive_rocks
STATE:107:cr300f:Qs|Ah:-100|100:mildadaptive_rocks|deepstack
STATE:108:cc/cc:Ah|Qs/Kh:100|-100:deepstack|mildadaptive_rocks
STATE:109:cr300r1200c/:As|Ah/Kh:0|0:mildadaptive_rocks|deepstack
STATE:110:r300r1200f:Qh|Ah:-300|300:deepstack|mildadaptive_rocks
STATE:111:cr300f:Kh|Qs:-100|100:mildadaptive_rocks|deepstack
STATE:112:cr300f:Qh|Ah:-100|100:deepstack|mildadaptive_rocks
STATE:113:cc/cc:Qs|Qh/Ah:0|0:mildadaptive_rocks|deepstack
STATE:114:cc/r300r900f:Ks|Ah/As:-300|300:deepstack|mildadaptive_rocks
STATE:115:cc/cc:Qs|Kh/Ah:-100|100:mildadaptive_rocks|deepstack
STATE:116:cc/r300f:Qh|Qs/Ah:100|-100:deepstack|mildadaptive_rocks
STATE:117:cc/cc:Kh|Qh/As:100|-100:mildadaptive_rocks|deepstack
STATE:118:r1200f:Ah|Ks:100|-100:deepstack|mildadaptive_rocks
STATE:119:cr300f:Kh|As:-100|100:mildadaptive_rocks|deepstack
STATE:120:cc/cc:Ah|As/Qh:0|0:deepstack|mildadaptive_rocks
STATE:121:cr300f:Qh|Ah:-100|100:mildadaptive_rocks|deepstack
STATE:122:cc/r300f:Qh|Ah/Ks:100|-100:deepstack|mildadaptive_rocks
STATE:123:r300c/cr900f:As|Ks/Kh:-300|300:mildadaptive_rocks|deepstack
STATE:124:cc/r300f:Kh|Qh/Ks:100|-100:deepstack|mildadaptive_rocks
STATE:125:cc/r300r1200f:Qh|Kh/Ks:-300|300:mildadaptive_rocks|deepstack
STATE:126:cc/r300f:Ks|As/Kh:100|-100:deepstack|mildadaptive_rocks
STATE:127:cc/cc:Ks|Qs/Ah:100|-100:mildadaptive_rocks|deepstack
STATE:128:cc/r300f:Qh|Kh/As:100|-100:deepstack|mildadaptive_rocks
STATE:129:cc/cc:Qh|As/Kh:-100|100:mildadaptive_rocks|deepstack
STATE:130:cr300f:Kh|As:-100|100:deepstack|mildadaptive_rocks
STATE:131:cc/r300f:Kh|Qh/As:100|-100:mildadaptive_rocks|deepstack
STATE:132:cc/cr300f:Qs|Ks/Kh:-100|100:deepstack|mildadaptive_rocks
STATE:133:cc/cc:Ah|Qh/Kh:100|-100:mildadaptive_rocks|deepstack
STATE:134:cc/cc:Ks|As/Qs:-100|100:deepstack|mildadaptive_rocks
STATE:135:r1200c/:As|Ah/Qs:0|0:mildadaptive_rocks|deepstack
STATE:136:r1200f:As|Qh:100|-100:deepstack|mildadaptive_rocks
STATE:137:cc/r1200f:As|Kh/Ah:100|-100:mildadaptive_rocks|deepstack
STATE:138:cc/cc:As|Qh/Ks:100|-100:deepstack|mildadaptive_rocks
STATE:139:cr300f:Qs|Ks:-100|100:mildadaptive_rocks|deepstack
STATE:140:cc/cc:Qs|As/Ks:-100|100:deepstack|mildadaptive_rocks
STATE:141:cc/cc:Ks|Kh/Qs:0|0:mildadaptive_rocks|deepstack
STATE:142:cc/cc:Ah|Kh/Qs:100|-100:deepstack|mildadaptive_rocks
STATE:143:cc/cr300f:Qs|Kh/As:-100|100:mildadaptive_rocks|deepstack
STATE:144:cc/r300f:Qs|Ah/Qh:100|-100:deepstack|mildadaptive_rocks
STATE:145:cr300r1200f:Ah|Qh:300|-300:mildadaptive_rocks|deepstack
STATE:146:cr300c/cc:Qh|Ah/Ks:-300|300:deepstack|mildadaptive_rocks
STATE:147:cc/cr300f:Qs|Qh/Kh:-100|100:mildadaptive_rocks|deepstack
STATE:148:r1200f:Ah|Qh:100|-100:deepstack|mildadaptive_rocks
STATE:149:r1200f:As|Ks:100|-100:mildadaptive_rocks|deepstack
STATE:150:cc/cc:As|Qs/Kh:100|-100:deepstack|mildadaptive_rocks
STATE:151:r1200f:As|Ks:100|-100:mildadaptive_rocks|deepstack
STATE:152:cc/r300f:Ks|Qh/Kh:100|-100:deepstack|mildadaptive_rocks
STATE:153:cc/cc:Qs|Kh/Ah:-100|100:mildadaptive_rocks|deepstack
STATE:154:cc/cr300f:Qs|As/Ah:-100|100:deepstack|mildadaptive_rocks
STATE:155:cc/r300f:Ks|Qh/As:100|-100:mildadaptive_rocks|deepstack
STATE:156:cc/r1200f:Qs|Ks/Ah:100|-100:deepstack|mildadaptive_rocks
STATE:157:cc/cc:Ah|Qh/Kh:100|-100:mildadaptive_rocks|deepstack
STATE:158:cc/r300f:Qh|Ks/As:100|-100:deepstack|mildadaptive_rocks
STATE:159:cc/cc:Qs|Qh/As:0|0:mildadaptive_rocks|deepstack
STATE:160:cc/cc:Kh|Qh/Ah:100|-100:deepstack|mildadaptive_rocks
STATE:161:cr300f:Qs|As:-100|100:mildadaptive_rocks|deepstack
STATE:162:cc/cc:Kh|As/Qs:-100|100:deepstack|mildadaptive_rocks
STATE:163:cc/cc:Kh|Qh/As:100|-100:mildadaptive_rocks|deepstack
STATE:164:cc/cc:As|Ks/Qh:100|-100:deepstack|mildadaptive_rocks
STATE:165:r1200f:As|Ks:100|-100:mildadaptive_rocks|deepstack
STATE:166:cc/cr1200f:Qh|Kh/Ah:-100|100:deepstack|mildadaptive_rocks
STATE:167:cr300r1200f:Ah|Qh:300|-300:mildadaptive_rocks|deepstack
STATE:168:cc/cc:As|Kh/Qh:100|-100:deepstack|mildadaptive_rocks
STATE:169:cr300f:Ks|Ah:-100|100:mildadaptive_rocks|deepstack
STATE:170:r1200f:As|Ks:100|-100:deepstack|mildadaptive_rocks
STATE:171:cr300f:Qh|As:-100|100:mildadaptive_rocks|deepstack
STATE:172:cr300c/r1200f:Qs|Kh/Qh:300|-300:deepstack|mildadaptive_rocks
STATE:173:cr300f:Ks|Ah:-100|100:mildadaptive_rocks|deepstack
STATE:174:cc/cc:Qs|As/Ks:-100|100:deepstack|mildadaptive_rocks
STATE:175:cr300f:Kh|Qh:-100|100:mildadaptive_rocks|deepstack
STATE:176:cc/cr300f:Kh|Qh/Qs:-100|100:deepstack|mildadaptive_rocks
STATE:177:cc/r300c:Ah|Ks/As:300|-300:mildadaptive_rocks|deepstack
STATE:178:cc/cc:Qh|Qs/As:0|0:deepstack|mildadaptive_rocks
STATE:179:cc/cr300f:Ks|Kh/Qh:-100|100:mildadaptive_rocks|deepstack
STATE:180:cc/cc:Qh|Ah/Ks:-100|100:deepstack|mildadaptive_rocks
STATE:181:cr300r1200f:As|Ks:300|-300:mildadaptive_rocks|deepstack
STATE:182:cc/cc:Qh|Qs/Kh:0|0:deepstack|mildadaptive_rocks
STATE:183:r1200f:Ah|Qs:100|-100:mildadaptive_rocks|deepstack
STATE:184:cc/cc:Qh|Kh/Qs:100|-100:deepstack|mildadaptive_rocks
STATE:185:cr300f:Kh|Ah:-100|100:mildadaptive_rocks|deepstack
STATE:186:cc/cc:Qs|Kh/Qh:100|-100:deepstack|mildadaptive_rocks
STATE:187:cr300r1200f:As|Qs:300|-300:mildadaptive_rocks|deepstack
STATE:188:cc/cr300f:Qh|Ks/Kh:-100|100:deepstack|mildadaptive_rocks
STATE:189:cr300r1200f:As|Kh:300|-300:mildadaptive_rocks|deepstack
STATE:190:cc/cc:Kh|Qh/Ks:100|-100:deepstack|mildadaptive_rocks
STATE:191:cc/cr300f:Kh|Qs/Qh:-100|100:mildadaptive_rocks|deepstack
STATE:192:cc/cc:Kh|Ah/Qh:-100|100:deepstack|mildadaptive_rocks
STATE:193:cc/cr300f:Qh|Ks/Kh:-100|100:mildadaptive_rocks|deepstack
STATE:194:cr300c/cr1200f:Kh|Qs/Qh:-300|300:deepstack|mildadaptive_rocks
STATE:195:cc/cr1200f:Qh|Ah/As:-100|100:mildadaptive_rocks|deepstack
STATE:196:cc/r1200c:Qs|Ah/As:-1200|1200:deepstack|mildadaptive_rocks
STATE:197:cr300r1200f:Ah|Qh:300|-300:mildadaptive_rocks|deepstack
STATE:198:cc/cc:Qs|Ks/As:-100|100:deepstack|mildadaptive_rocks
STATE:199:cr300c/r1200f:Kh|As/Qh:300|-300:mildadaptive_rocks|deepstack
STATE:200:cc/cc:Qh|Qs/Kh:0|0:deepstack|mildadaptive_rocks
STATE:201:cc/cc:Qh|Kh/Qs:100|-100:mildadaptive_rocks|deepstack
STATE:202:cc/cc:Qs|Ah/Ks:-100|100:deepstack|mildadaptive_rocks
STATE:203:cc/cr300f:Ah|Kh/Ks:-100|100:mildadaptive_rocks|deepstack
STATE:204:cc/cc:As|Qs/Ks:100|-100:deepstack|mildadaptive_rocks
STATE:205:cc/cc:Ks|Ah/Qs:-100|100:mildadaptive_rocks|deepstack
STATE:206:r1200c/:Ah|As/Ks:0|0:deepstack|mildadaptive_rocks
STATE:207:cc/r300f:Ah|Qs/As:100|-100:mildadaptive_rocks|deepstack
STATE:208:r1200f:Ah|Ks:100|-100:deepstack|mildadaptive_rocks
STATE:209:cr300f:Qs|As:-100|100:mildadaptive_rocks|deepstack
STATE:210:cc/cc:Ks|Qh/As:100|-100:deepstack|mildadaptive_rocks
STATE:211:cr300f:Qh|Qs:-100|100:mildadaptive_rocks|deepstack
STATE:212:cc/cc:Ks|As/Qs:-100|100:deepstack|mildadaptive_rocks
STATE:213:cr300f:Qh|Ks:-100|100:mildadaptive_rocks|deepstack
STATE:214:cc/cc:Qh|As/Ks:-100|100:deepstack|mildadaptive_rocks
STATE:215:cr300f:Ks|Ah:-100|100:mildadaptive_rocks|deepstack
STATE:216:r1200f:As|Qs:100|-100:deepstack|mildadaptive_rocks
STATE:217:cr300c/cc:Ks|Ah/Qh:-300|300:mildadaptive_rocks|deepstack
STATE:218:r1200c/:As|Ah/Kh:0|0:deepstack|mildadaptive_rocks
STATE:219:cr300f:Qh|Ah:-100|100:mildadaptive_rocks|deepstack
STATE:220:cc/r300f:Ah|Qs/As:100|-100:deepstack|mildadaptive_rocks
STATE:221:cr300f:Ks|Qh:-100|100:mildadaptive_rocks|deepstack
STATE:222:cr300c/cc:Kh|Ks/As:0|0:deepstack|mildadaptive_rocks
STATE:223:cc/cc:Ah|Qh/Kh:100|-100:mildadaptive_rocks|deepstack
STATE:224:cc/cc:Kh|Ah/Qs:-100|100:deepstack|mildadaptive_rocks
STATE:225:cr300f:Kh|As:-100|100:mildadaptive_rocks|deepstack
STATE:226:cr300f:Kh|Ah:-100|100:deepstack|mildadaptive_rocks
STATE:227:cc/cc:Ah|As/Ks:0|0:mildadaptive_rocks|deepstack
STATE:228:cc/cc:As|Ah/Qh:0|0:deepstack|mildadaptive_rocks
STATE:229:cc/cc:Ks|Qh/Kh:100|-100:mildadaptive_rocks|deepstack
STATE:230:cr300f:Qs|Kh:-100|100:deepstack|mildadaptive_rocks
STATE:231:cc/cr300f:As|Kh/Ks:-100|100:mildadaptive_rocks|deepstack
STATE:232:cc/r300f:Kh|Ks/As:100|-100:deepstack|mildadaptive_rocks
STATE:233:cc/cr300f:Qh|Kh/Ah:-100|100:mildadaptive_rocks|deepstack
STATE:234:cr300f:Ks|Kh:-100|100:deepstack|mildadaptive_rocks
STATE:235:cc/r300f:Kh|Qs/Ks:100|-100:mildadaptive_rocks|deepstack
STATE:236:cc/cc:Qh|Ks/Qs:100|-100:deepstack|mildadaptive_rocks
STATE:237:cr300r1200f:Ah|Kh:300|-300:mildadaptive_rocks|deepstack
STATE:238:r1200f:As|Ks:100|-100:deepstack|mildadaptive_rocks
STATE:239:cc/r300f:Ks|Qs/As:100|-100:mildadaptive_rocks|deepstack
STATE:240:cc/cr300c:Ah|Qs/Qh:-300|300:deepstack|mildadaptive_rocks
STATE:241:cc/cr300f:Ah|Ks/Kh:-100|100:mildadaptive_rocks|deepstack
STATE:242:cc/cc:Ks|Kh/Ah:0|0:deepstack|mildadaptive_rocks
STATE:243:cc/cc:Ah|Kh/Qh:100|-100:mildadaptive_rocks|deepstack
STATE:244:cc/cr300c:Ah|Kh/Qs:300|-300:deepstack|mildadaptive_rocks
STATE:245:cr300f:Qh|Ah:-100|100:mildadaptive_rocks|deepstack
STATE:246:cc/cr300c:Kh|As/Ah:-300|300:deepstack|mildadaptive_rocks
STATE:247:r1200f:Ah|Kh:100|-100:mildadaptive_rocks|deepstack
STATE:248:cc/r300f:Ah|Qs/As:100|-100:deepstack|mildadaptive_rocks
STATE:249:cr300f:Qs|As:-100|100:mildadaptive_rocks|deepstack
STATE:250:cc/r300f:Ks|Kh/As:100|-100:deepstack|mildadaptive_rocks
STATE:251:cr300f:Qh|As:-100|100:mildadaptive_rocks|deepstack
STATE:252:cc/cr300f:Ah|Kh/Ks:-100|100:deepstack|mildadaptive_rocks
STATE:253:cr300c/cc:Ks|As/Qs:-300|300:mildadaptive_rocks|deepstack
STATE:254:cc/cc:Ah|As/Kh:0|0:deepstack|mildadaptive_rocks
STATE:255:cr300c/cr1200c:Kh|Ks/As:0|0:mildadaptive_rocks|deepstack
STATE:256:cc/r300f:Ks|Qs/As:100|-100:deepstack|mildadaptive_rocks
STATE:257:cr300r1200c/:As|Ah/Qs:0|0:mildadaptive_rocks|deepstack
STATE:258:cc/cc:Qh|Qs/Ks:0|0:deepstack|mildadaptive_rocks
STATE:259:cc/cc:Qh|Qs/Ks:0|0:mildadaptive_rocks|deepstack
STATE:260:cc/cc:Qh|Ks/Ah:-100|100:deepstack|mildadaptive_rocks
STATE:261:cr300f:Ks|As:-100|100:mildadaptive_rocks|deepstack
STATE:262:cc/cc:Qh|Kh/Ah:-100|100:deepstack|mildadaptive_rocks
STATE:263:cc/cc:Kh|Ks/As:0|0:mildadaptive_rocks|deepstack
STATE:264:cr300c/cc:Kh|As/Qh:-300|300:deepstack|mildadaptive_rocks
STATE:265:cc/cr1200f:Kh|Qh/Ah:-100|100:mildadaptive_rocks|deepstack
STATE:266:cr300c/cc:Ks|As/Qs:-300|300:deepstack|mildadaptive_rocks
STATE:267:cc/cr300f:Qh|Ks/As:-100|100:mildadaptive_rocks|deepstack
STATE:268:cr300r1200f:Ah|Ks:300|-300:deepstack|mildadaptive_rocks
STATE:269:cc/cc:Ks|Kh/Qh:0|0:mildadaptive_rocks|deepstack
STATE:270:cc/cc:Ks|Ah/Qh:-100|100:deepstack|mildadaptive_rocks
STATE:271:cc/cc:Ks|Qh/Kh:100|-100:mildadaptive_rocks|deepstack
STATE:272:cc/cr300f:Qs|Ks/Kh:-100|100:deepstack|mildadaptive_rocks
STATE:273:cc/cc:Ks|Qs/Ah:100|-100:mildadaptive_rocks|deepstack
STATE:274:cc/cc:Qh|Ah/Kh:-100|100:deepstack|mildadaptive_rocks
STATE:275:cc/r300r900f:Kh|Ah/As:-300|300:mildadaptive_rocks|deepstack
STATE:276:cc/r300f:Kh|As/Ks:100|-100:deepstack|mildadaptive_rocks
STATE:277:cr300c/cr900f:Ks|Kh/Ah:-300|300:mildadaptive_rocks|deepstack
STATE:278:cc/cc:Qh|Ah/Qs:100|-100:deepstack|mildadaptive_rocks
STATE:279:cr300f:Ks|As:-100|100:mildadaptive_rocks|deepstack
STATE:280:cc/cr1200f:Qs|Qh/As:-100|100:deepstack|mildadaptive_rocks
STATE:281:cc/cr300f:As|Qs/Qh:-100|100:mildadaptive_rocks|deepstack
STATE:282:cc/cc:Ah|As/Qh:0|0:deepstack|mildadaptive_rocks
STATE:283:cc/cr300f:Ah|Kh/Qs:-100|100:mildadaptive_rocks|deepstack
STATE:284:cc/r1200c:As|Kh/Ah:1200|-1200:deepstack|mildadaptive_rocks
STATE:285:cr300f:Qs|Ah:-100|100:mildadaptive_rocks|deepstack
STATE:286:cr300f:Qs|Qh:-100|100:deepstack|mildadaptive_rocks
STATE:287:r1200f:Ah|Ks:100|-100:mildadaptive_rocks|deepstack
STATE:288:cc/cr300f:Ah|Kh/Ks:-100|100:deepstack|mildadaptive_rocks
STATE:289:r300r1200c/:As|Ah/Ks:0|0:mildadaptive_rocks|deepstack
STATE:290:r1200f:As|Qs:100|-100:deepstack|mildadaptive_rocks
STATE:291:cr300f:Qs|Ks:-100|100:mildadaptive_rocks|deepstack
STATE:292:r1200c/:As|Ah/Kh:0|0:deepstack|mildadaptive_rocks
STATE:293:r1200f:Ah|Ks:100|-100:mildadaptive_rocks|deepstack
STATE:294:cr300c/r1200f:Ks|As/Kh:300|-300:deepstack|mildadaptive_rocks
STATE:295:cr1200c/:As|Ah/Kh:0|0:mildadaptive_rocks|deepstack
STATE:296:cr300c/r900f:Qs|Ah/Kh:300|-300:deepstack|mildadaptive_rocks
STATE:297:r1200f:As|Qs:100|-100:mildadaptive_rocks|deepstack
STATE:298:r1200f:As|Qh:100|-100:deepstack|mildadaptive_rocks
STATE:299:cc/cc:Qs|Ks/As:-100|100:mildadaptive_rocks|deepstack
STATE:300:cr300f:Qh|Qs:-100|100:deepstack|mildadaptive_rocks
STATE:301:cr300f:Qs|As:-100|100:mildadaptive_rocks|deepstack
STATE:302:r1200f:As|Kh:100|-100:deepstack|mildadaptive_rocks
STATE:303:cr300f:Qh|Qs:-100|100:mildadaptive_rocks|deepstack
STATE:304:cc/cc:Ah|Qs/Kh:100|-100:deepstack|mildadaptive_rocks
STATE:305:cc/cc:Ah|Qs/Ks:100|-100:mildadaptive_rocks|deepstack
STATE:306:cc/cc:Kh|As/Qs:-100|100:deepstack|mildadaptive_rocks
STATE:307:cc/cr300f:As|Ks/Kh:-100|100:mildadaptive_rocks|deepstack
STATE:308:cr300c/cr900f:Kh|Ah/Qs:-300|300:deepstack|mildadaptive_rocks
STATE:309:cc/cc:Qh|Kh/Ah:-100|100:mildadaptive_rocks|deepstack
STATE:310:cr300r1200f:Ah|Ks:300|-300:deepstack|mildadaptive_rocks
STATE:311:cc/cc:As|Qh/Ks:100|-100:mildadaptive_rocks|deepstack
STATE:312:cr300f:Ks|As:-100|100:deepstack|mildadaptive_rocks
STATE:313:cc/cr1200c:Ks|Ah/As:-1200|1200:mildadaptive_rocks|deepstack
STATE:314:cr300f:Qh|As:-100|100:deepstack|mildadaptive_rocks
STATE:315:cr300f:Ks|As:-100|100:mildadaptive_rocks|deepstack
STATE:316:cc/cc:Kh|Ks/Qh:0|0:deepstack|mildadaptive_rocks
STATE:317:cc/r300f:Kh|Qh/As:100|-100:mildadaptive_rocks|deepstack
STATE:318:cc/cc:Qh|Kh/Qs:100|-100:deepstack|mildadaptive_rocks
STATE:319:cc/cc:Ks|Qh/Ah:100|-100:mildadaptive_rocks|deepstack
STATE:320:r1200c/:As|Ah/Qs:0|0:deepstack|mildadaptive_rocks
STATE:321:cr300c/cr1200f:Ks|Kh/Qs:-300|300:mildadaptive_rocks|deepstack
STATE:322:cc/cr300f:Ks|Qs/Qh:-100|100:deepstack|mildadaptive_rocks
STATE:323:cc/cc:Ks|Kh/Qh:0|0:mildadaptive_rocks|deepstack
STATE:324:cc/cc:Kh|Qs/Ks:100|-100:deepstack|mildadaptive_rocks
STATE:325:cr300c/cr900f:Ks|As/Ah:-300|300:mildadaptive_rocks|deepstack
STATE:326:cc/cc:Ks|Ah/Kh:100|-100:deepstack|mildadaptive_rocks
STATE:327:cc/cr300f:Ah|Qs/Qh:-100|100:mildadaptive_rocks|deepstack
STATE:328:cc/cc:Kh|Ks/Qs:0|0:deepstack|mildadaptive_rocks
STATE:329:cr300f:Qs|As:-100|100:mildadaptive_rocks|deepstack
STATE:330:cc/cr300c:Ah|Kh/Ks:-300|300:deepstack|mildadaptive_rocks
STATE:331:cc/cc:Ks|Qh/Kh:100|-100:mildadaptive_rocks|deepstack
STATE:332:cc/cc:Ks|Qs/Ah:100|-100:deepstack|mildadaptive_rocks
STATE:333:cr300r1200c/:As|Ah/Qs:0|0:mildadaptive_rocks|deepstack
STATE:334:cc/cc:Ks|Qs/Ah:100|-100:deepstack|mildadaptive_rocks
STATE:335:cc/cr300f:Ah|Qh/Kh:-100|100:mildadaptive_rocks|deepstack
STATE:336:cr300f:Qs|Qh:-100|100:deepstack|mildadaptive_rocks
STATE:337:cc/cc:Kh|Ah/Ks:100|-100:mildadaptive_rocks|deepstack
STATE:338:cc/cc:Kh|Ah/Qh:-100|100:deepstack|mildadaptive_rocks
STATE:339:r1200f:As|Ks:100|-100:mildadaptive_rocks|deepstack
STATE:340:cc/cc:Ks|Kh/Qs:0|0:deepstack|mildadaptive_rocks
STATE:341:r1200c/:As|Ah/Qh:0|0:mildadaptive_rocks|deepstack
STATE:342:cr300c/cr900c:Kh|Ah/As:-900|900:deepstack|mildadaptive_rocks
STATE:343:cc/cc:Ks|Qs/Ah:100|-100:mildadaptive_rocks|deepstack
STATE:344:r1200f:As|Ks:100|-100:deepstack|mildadaptive_rocks
STATE:345:cr300r1200c/:Ah|As/Qs:0|0:mildadaptive_rocks|deepstack
STATE:346:cc/cc:Ks|Qh/Kh:100|-100:deepstack|mildadaptive_rocks
STATE:347:cc/cc:As|Ks/Qs:100|-100:mildadaptive_rocks|deepstack
STATE:348:r300c/r900f:Qh|Qs/Ah:300|-300:deepstack|mildadaptive_rocks
STATE:349:cr300f:Ks|Ah:-100|100:mildadaptive_rocks|deepstack
STATE:350:r300c/r900f:Qh|Ks/As:300|-300:deepstack|mildadaptive_rocks
STATE:351:cr300f:Kh|Qh:-100|100:mildadaptive_rocks|deepstack
STATE:352:cc/cc:Ks|Qs/Ah:100|-100:deepstack|mildadaptive_rocks
STATE:353:cc/cc:Kh|Ah/Qs:-100|100:mildadaptive_rocks|deepstack
STATE:354:cc/cc:Qs|Ks/Qh:100|-100:deepstack|mildadaptive_rocks
STATE:355:cr300f:Qh|Ah:-100|100:mildadaptive_rocks|deepstack
STATE:356:cc/cc:As|Qs/Ks:100|-100:deepstack|mildadaptive_rocks
STATE:357:cc/r300c:Ah|Kh/As:300|-300:mildadaptive_rocks|deepstack
STATE:358:cc/cc:Qs|Kh/Ah:-100|100:deepstack|mildadaptive_rocks
STATE:359:cc/cc:Ah|Qh/Kh:100|-100:mildadaptive_rocks|deepstack
STATE:360:cc/cc:Qh|Ks/As:-100|100:deepstack|mildadaptive_rocks
STATE:361:cc/cr300f:Kh|Qh/Qs:-100|100:mildadaptive_rocks|deepstack
STATE:362:cr300r1200c/:Ah|As/Kh:0|0:deepstack|mildadaptive_rocks
STATE:363:r1200f:As|Kh:100|-100:mildadaptive_rocks|deepstack
STATE:364:cr300r1200f:Ah|Ks:300|-300:deepstack|mildadaptive_rocks
STATE:365:cr300f:Qs|Ks:-100|100:mildadaptive_rocks|deepstack
STATE:366:cc/cc:Qh|Kh/Ah:-100|100:deepstack|mildadaptive_rocks
STATE:367:cr300f:Kh|Qh:-100|100:mildadaptive_rocks|deepstack
STATE:368:cc/r300f:Ks|Qs/As:100|-100:deepstack|mildadaptive_rocks
STATE:369:cr300f:Kh|As:-100|100:mildadaptive_rocks|deepstack
STATE:370:r1200f:Ah|Qh:100|-100:deepstack|mildadaptive_rocks
STATE:371:cr300f:Kh|Ks:-100|100:mildadaptive_rocks|deepstack
STATE:372:cc/cc:Ah|As/Ks:0|0:deepstack|mildadaptive_rocks
STATE:373:cc/cr300f:Qh|Ks/Kh:-100|100:mildadaptive_rocks|deepstack
STATE:374:cc/cr300c:Ah|Qh/Ks:300|-300:deepstack|mildadaptive_rocks
STATE:375:cc/cc:Ah|Qh/Kh:100|-100:mildadaptive_rocks|deepstack
STATE:376:cr300f:Ks|As:-100|100:deepstack|mildadaptive_rocks
STATE:377:cr300f:Kh|Qh:-100|100:mildadaptive_rocks|deepstack
STATE:378:r1200f:As|Kh:100|-100:deepstack|mildadaptive_rocks
STATE:379:cr300f:Ks|As:-100|100:mildadaptive_rocks|deepstack
STATE:380:cc/cc:Ah|Qh/Kh:100|-100:deepstack|mildadaptive_rocks
STATE:381:cr300r1200f:Ah|Ks:300|-300:mildadaptive_rocks|deepstack
STATE:382:cr300f:Qh|As:-100|100:deepstack|mildadaptive_rocks
STATE:383:cr300f:Ks|As:-100|100:mildadaptive_rocks|deepstack
STATE:384:cc/cr300f:Ah|Qs/Qh:-100|100:deepstack|mildadaptive_rocks
STATE:385:cc/cr300f:Ah|Kh/Ks:-100|100:mildadaptive_rocks|deepstack
STATE:386:cc/cr300f:Ah|Qs/Qh:-100|100:deepstack|mildadaptive_rocks
STATE:387:cc/r1200f:Qh|Kh/As:100|-100:mildadaptive_rocks|deepstack
STATE:388:r1200f:As|Qs:100|-100:deepstack|mildadaptive_rocks
STATE:389:cc/cc:Ks|Qh/Kh:100|-100:mildadaptive_rocks|deepstack
STATE:390:cr300c/cc:Ks|As/Qh:-300|300:deepstack|mildadaptive_rocks
STATE:391:cr300c/cc:Ks|As/Qh:-300|300:mildadaptive_rocks|deepstack
STATE:392:r1200f:As|Ks:100|-100:deepstack|mildadaptive_rocks
STATE:393:cr300f:Kh|As:-100|100:mildadaptive_rocks|deepstack
STATE:394:cc/cc:Qs|As/Kh:-100|100:deepstack|mildadaptive_rocks
STATE:395:cr300f:Kh|As:-100|100:mildadaptive_rocks|deepstack
STATE:396:cc/r300r1200f:Ks|Qs/Qh:-300|300:deepstack|mildadaptive_rocks
STATE:397:cc/cr300c:Ah|Kh/Ks:-300|300:mildadaptive_rocks|deepstack
STATE:398:cr300f:Qs|Ks:-100|100:deepstack|mildadaptive_rocks
STATE:399:cc/r1200c:Qh|Ah/As:-1200|1200:mildadaptive_rocks|deepstack
STATE:400:cc/cr300f:Ah|Kh/Ks:-100|100:deepstack|mildadaptive_rocks
STATE:401:cr300f:Qh|Ah:-100|100:mildadaptive_rocks|deepstack
STATE:402:cc/cc:Qh|Ah/Kh:-100|100:deepstack|mildadaptive_rocks
STATE:403:cc/cc:Kh|Qs/Ks:100|-100:mildadaptive_rocks|deepstack
STATE:404:r1200f:As|Qh:100|-100:deepstack|mildadaptive_rocks
STATE:405:cr300f:Qs|Ah:-100|100:mildadaptive_rocks|deepstack
STATE:406:cc/cc:Ah|Kh/Qs:100|-100:deepstack|mildadaptive_rocks
STATE:407:cr300f:Qs|As:-100|100:mildadaptive_rocks|deepstack
STATE:408:cc/r300f:Ks|Qs/As:100|-100:deepstack|mildadaptive_rocks
STATE:409:cc/cc:Ah|Qs/Kh:100|-100:mildadaptive_rocks|deepstack
STATE:410:r1200f:As|Kh:100|-100:deepstack|mildadaptive_rocks
STATE:411:cr300f:Ks|Qs:-100|100:mildadaptive_rocks|deepstack
STATE:412:cc/cc:Qs|Kh/Ah:-100|100:deepstack|mildadaptive_rocks
STATE:413:cc/cr1200f:Kh|Ks/Qh:-100|100:mildadaptive_rocks|deepstack
STATE:414:cc/r300f:Kh|Qh/Ks:100|-100:deepstack|mildadaptive_rocks
STATE:415:cc/cr300f:Qh|Ks/Kh:-100|100:mildadaptive_rocks|deepstack
STATE:416:cc/cc:Qh|Qs/Ah:0|0:deepstack|mildadaptive_rocks
STATE:417:cr300f:Kh|As:-100|100:mildadaptive_rocks|deepstack
STATE:418:cc/r1200f:Ah|Ks/As:100|-100:deepstack|mildadaptive_rocks
STATE:419:cc/r300f:Ah|Qs/As:100|-100:mildadaptive_rocks|deepstack
STATE:420:cc/cc:Qs|Ks/As:-100|100:deepstack|mildadaptive_rocks
STATE:421:r300c/cc:As|Ks/Ah:300|-300:mildadaptive_rocks|deepstack
STATE:422:cc/r300c:Qs|Ah/Qh:300|-300:deepstack|mildadaptive_rocks
STATE:423:cc/cr300f:Kh|Ks/Qs:-100|100:mildadaptive_rocks|deepstack
STATE:424:r1200f:As|Qs:100|-100:deepstack|mildadaptive_rocks
STATE:425:cc/cc:Qs|As/Kh:-100|100:mildadaptive_rocks|deepstack
STATE:426:cc/cc:Qs|Ah/Ks:-100|100:deepstack|mildadaptive_rocks
STATE:427:cc/cc:Qs|Kh/Qh:100|-100:mildadaptive_rocks|deepstack
STATE:428:cc/r1200f:As|Qs/Ah:100|-100:deepstack|mildadaptive_rocks
STATE:429:cr300f:Kh|Ah:-100|100:mildadaptive_rocks|deepstack
STATE:430:r300c/cr900r1200f:Qh|Ks/Qs:900|-900:deepstack|mildadaptive_rocks
STATE:431:cc/cr300c:As|Qs/Kh:300|-300:mildadaptive_rocks|deepstack
STATE:432:cr300f:Kh|Ks:-100|100:deepstack|mildadaptive_rocks
STATE:433:r1200f:Ah|Qh:100|-100:mildadaptive_rocks|deepstack
STATE:434:cc/cc:Ah|Qh/Ks:100|-100:deepstack|mildadaptive_rocks
STATE:435:cc/r300c:Qh|Ah/Ks:-300|300:mildadaptive_rocks|deepstack
STATE:436:r1200f:As|Kh:100|-100:deepstack|mildadaptive_rocks
STATE:437:cc/r300f:Ah|Qh/As:100|-100:mildadaptive_rocks|deepstack
STATE:438:cc/cr300f:Ah|Qs/Qh:-100|100:deepstack|mildadaptive_rocks
STATE:439:cc/cr300f:Kh|Qh/Qs:-100|100:mildadaptive_rocks|deepstack
STATE:440:cr300r1200f:Ah|Ks:300|-300:deepstack|mildadaptive_rocks
STATE:441:cr300f:Kh|Ah:-100|100:mildadaptive_rocks|deepstack
STATE:442:r1200f:Ah|Kh:100|-100:deepstack|mildadaptive_rocks
STATE:443:cr300c/cr1200f:Ah|Ks/Kh:-300|300:mildadaptive_rocks|deepstack
STATE:444:cc/cc:Kh|As/Qs:-100|100:deepstack|mildadaptive_rocks
STATE:445:cc/cc:Ah|Qh/Kh:100|-100:mildadaptive_rocks|deepstack
STATE:446:cc/r300f:Kh|Ah/Ks:100|-100:deepstack|mildadaptive_rocks
STATE:447:cc/cc:Ah|Qs/Ks:100|-100:mildadaptive_rocks|deepstack
STATE:448:cr300r1200f:Ah|Ks:300|-300:deepstack|mildadaptive_rocks
STATE:449:cc/cr300f:Qh|Ks/Kh:-100|100:mildadaptive_rocks|deepstack
STATE:450:cc/cc:Qs|As/Kh:-100|100:deepstack|mildadaptive_rocks
STATE:451:cc/r1200f:Qh|Qs/As:100|-100:mildadaptive_rocks|deepstack
STATE:452:cc/cc:Kh|Qh/Ah:100|-100:deepstack|mildadaptive_rocks
STATE:453:cc/cr300f:Kh|Ks/Qh:-100|100:mildadaptive_rocks|deepstack
STATE:454:cr300f:Kh|Ah:-100|100:deepstack|mildadaptive_rocks
STATE:455:cc/cc:Qs|Qh/Ks:0|0:mildadaptive_rocks|deepstack
STATE:456:cr300r1200c/:Ah|As/Ks:0|0:deepstack|mildadaptive_rocks
STATE:457:cc/r300f:Qs|Kh/Qh:100|-100:mildadaptive_rocks|deepstack
STATE:458:r300r1200f:Qs|As:-300|300:deepstack|mildadaptive_rocks
STATE:459:cr300f:Ks|Ah:-100|100:mildadaptive_rocks|deepstack
STATE:460:cr300f:Kh|As:-100|100:deepstack|mildadaptive_rocks
STATE:461:cr300f:Qh|As:-100|100:mildadaptive_rocks|deepstack
STATE:462:r1200c/:As|Ah/Qs:0|0:deepstack|mildadaptive_rocks
STATE:463:cc/cc:Ah|Qh/Ks:100|-100:mildadaptive_rocks|deepstack
STATE:464:r1200f:As|Ks:100|-100:deepstack|mildadaptive_rocks
STATE:465:cc/cc:Qh|Ks/Qs:100|-100:mildadaptive_rocks|deepstack
STATE:466:cr300r1200f:Ah|Kh:300|-300:deepstack|mildadaptive_rocks
STATE:467:cc/r1200f:As|Qs/Ah:100|-100:mildadaptive_rocks|deepstack
STATE:468:cc/cr300f:Ks|Qs/Qh:-100|100:deepstack|mildadaptive_rocks
STATE:469:cr300c/cr1200f:Kh|Qs/Qh:-300|300:mildadaptive_rocks|deepstack
STATE:470:cc/cc:Ks|Qs/Kh:100|-100:deepstack|mildadaptive_rocks
STATE:471:cc/r300f:Kh|Qs/As:100|-100:mildadaptive_rocks|deepstack
STATE:472:cc/cc:Ks|As/Qs:-100|100:deepstack|mildadaptive_rocks
STATE:473:cr300c/cr1200f:Kh|Qh/Qs:-300|300:mildadaptive_rocks|deepstack
STATE:474:cc/cr300f:As|Kh/Ks:-100|100:deepstack|mildadaptive_rocks
STATE:475:cc/cc:Ah|Qs/Kh:100|-100:mildadaptive_rocks|deepstack
STATE:476:cr300r1200f:Ah|Ks:300|-300:deepstack|mildadaptive_rocks
STATE:477:cc/cc:Kh|Qs/Ks:100|-100:mildadaptive_rocks|deepstack
STATE:478:cc/cc:Qh|Kh/Qs:100|-100:deepstack|mildadaptive_rocks
STATE:479:cc/cc:Qh|Ks/Qs:100|-100:mildadaptive_rocks|deepstack
STATE:480:r300c/cc:As|Ks/Qh:300|-300:deepstack|mildadaptive_rocks
STATE:481:cc/cc:Kh|Ah/Qh:-100|100:mildadaptive_rocks|deepstack
STATE:482:cc/cc:Qs|As/Ks:-100|100:deepstack|mildadaptive_rocks
STATE:483:cc/cr300f:As|Kh/Ks:-100|100:mildadaptive_rocks|deepstack
STATE:484:cc/cc:Ks|Ah/Qs:-100|100:deepstack|mildadaptive_rocks
STATE:485:cc/cc:Qh|Kh/As:-100|100:mildadaptive_rocks|deepstack
STATE:486:cc/cr300f:Qs|Ks/Kh:-100|100:deepstack|mildadaptive_rocks
STATE:487:r1200c/:As|Ah/Qh:0|0:mildadaptive_rocks|deepstack
STATE:488:cr300f:Ks|Ah:-100|100:deepstack|mildadaptive_rocks
STATE:489:cc/cr300c:Ah|Kh/Ks:-300|300:mildadaptive_rocks|deepstack
STATE:490:cr300f:Ks|As:-100|100:deepstack|mildadaptive_rocks
STATE:491:cr300r1200f:Ah|Ks:300|-300:mildadaptive_rocks|deepstack
STATE:492:r300r1200f:Ks|Ah:-300|300:deepstack|mildadaptive_rocks
STATE:493:cr300f:Qs|Kh:-100|100:mildadaptive_rocks|deepstack
STATE:494:cr300c/cc:Ks|As/Qs:-300|300:deepstack|mildadaptive_rocks
STATE:495:r1200f:As|Ks:100|-100:mildadaptive_rocks|deepstack
STATE:496:cc/cc:Qh|As/Kh:-100|100:deepstack|mildadaptive_rocks
STATE:497:cc/r300c:Ah|Kh/As:300|-300:mildadaptive_rocks|deepstack
STATE:498:cc/cc:Ah|Kh/Qs:100|-100:deepstack|mildadaptive_rocks
STATE:499:cr300r1200c/:As|Ah/Qh:0|0:mildadaptive_rocks|deepstack
STATE:500:cc/r300r900c:Ks|Ah/As:-900|900:deepstack|mildadaptive_rocks
STATE:501:cc/cr300f:Ah|Qs/Kh:-100|100:mildadaptive_rocks|deepstack
STATE:502:cc/cc:Ah|Qs/Kh:100|-100:deepstack|mildadaptive_rocks
STATE:503:r300r1200f:Ks|Ah:-300|300:mildadaptive_rocks|deepstack
STATE:504:cr300r1200f:Ah|Qs:300|-300:deepstack|mildadaptive_rocks
STATE:505:r300r1200f:Qh|Ah:-300|300:mildadaptive_rocks|deepstack
STATE:506:cc/cc:Ah|Kh/Qs:100|-100:deepstack|mildadaptive_rocks
STATE:507:cc/cc:Qs|Ks/Qh:100|-100:mildadaptive_rocks|deepstack
STATE:508:cc/cc:Kh|Ah/Qs:-100|100:deepstack|mildadaptive_rocks
STATE:509:cc/cc:Ah|Qh/Kh:100|-100:mildadaptive_rocks|deepstack
STATE:510:cc/cc:Qs|Ah/Kh:-100|100:deepstack|mildadaptive_rocks
STATE:511:cr300f:Qs|Ah:-100|100:mildadaptive_rocks|deepstack
STATE:512:cr300f:Kh|Ks:-100|100:deepstack|mildadaptive_rocks
STATE:513:cr300f:Ks|Qh:-100|100:mildadaptive_rocks|deepstack
STATE:514:cc/cc:Ks|Qh/Kh:100|-100:deepstack|mildadaptive_rocks
STATE:515:cr300r1200f:Ah|Ks:300|-300:mildadaptive_rocks|deepstack
STATE:516:cr300f:Ks|Kh:-100|100:deepstack|mildadaptive_rocks
STATE:517:cc/cc:Kh|Qh/Ah:100|-100:mildadaptive_rocks|deepstack
STATE:518:cc/cc:Kh|Ah/Qs:-100|100:deepstack|mildadaptive_rocks
STATE:519:cr300f:Qs|Kh:-100|100:mildadaptive_rocks|deepstack
STATE:520:r1200f:Ah|Kh:100|-100:deepstack|mildadaptive_rocks
STATE:521:r1200f:As|Kh:100|-100:mildadaptive_rocks|deepstack
STATE:522:cr300f:Qh|As:-100|100:deepstack|mildadaptive_rocks
STATE:523:cc/r300c:Ks|Kh/As:0|0:mildadaptive_rocks|deepstack
STATE:524:cc/cc:Ks|Qh/Ah:100|-100:deepstack|mildadaptive_rocks
STATE:525:cr300f:Qs|As:-100|100:mildadaptive_rocks|deepstack
STATE:526:cc/cc:Ks|Ah/Qh:-100|100:deepstack|mildadaptive_rocks
STATE:527:cr300f:Kh|As:-100|100:mildadaptive_rocks|deepstack
STATE:528:cc/cc:Ks|Qh/Ah:100|-100:deepstack|mildadaptive_rocks
STATE:529:cr300c/r900f:Kh|As/Ks:300|-300:mildadaptive_rocks|deepstack
STATE:530:r1200f:Ah|Ks:100|-100:deepstack|mildadaptive_rocks
STATE:531:cr300f:Qh|Ah:-100|100:mildadaptive_rocks|deepstack
STATE:532:cr300r1200c/:As|Ah/Qh:0|0:deepstack|mildadaptive_rocks
STATE:533:cc/cr300f:Qs|Ah/As:-100|100:mildadaptive_rocks|deepstack
STATE:534:cc/cc:Ah|Ks/Qs:100|-100:deepstack|mildadaptive_rocks
STATE:535:cr300f:Ks|Ah:-100|100:mildadaptive_rocks|deepstack
STATE:536:r1200f:As|Qh:100|-100:deepstack|mildadaptive_rocks
STATE:537:cc/cc:Kh|As/Qs:-100|100:mildadaptive_rocks|deepstack
STATE:538:cc/r300r900f:Ks|Ah/As:-300|300:deepstack|mildadaptive_rocks
STATE:539:cc/cc:Kh|As/Qs:-100|100:mildadaptive_rocks|deepstack
STATE:540:cc/cc:Ks|Kh/Ah:0|0:deepstack|mildadaptive_rocks
STATE:541:cr300f:Ks|As:-100|100:mildadaptive_rocks|deepstack
STATE:542:cc/cc:Qh|Ah/Kh:-100|100:deepstack|mildadaptive_rocks
STATE:543:cc/cc:Qs|Ks/As:-100|100:mildadaptive_rocks|deepstack
STATE:544:r1200f:As|Qh:100|-100:deepstack|mildadaptive_rocks
STATE:545:cc/cc:Ah|Qh/Ks:100|-100:mildadaptive_rocks|deepstack
STATE:546:cc/cr1200f:Ks|Qs/Ah:-100|100:deepstack|mildadaptive_rocks
STATE:547:cc/r300f:Ah|Kh/As:100|-100:mildadaptive_rocks|deepstack
STATE:548:cr300f:Ks|Kh:-100|100:deepstack|mildadaptive_rocks
STATE:549:cc/r1200f:Qs|Qh/Ah:100|-100:mildadaptive_rocks|deepstack
STATE:550:cc/cc:Qs|Kh/Qh:100|-100:deepstack|mildadaptive_rocks
STATE:551:cr300r1200f:As|Kh:300|-300:mildadaptive_rocks|deepstack
STATE:552:cc/cc:Qh|Qs/Ah:0|0:deepstack|mildadaptive_rocks
STATE:553:cc/cr300f:Qs|Qh/Ks:-100|100:mildadaptive_rocks|deepstack
STATE:554:cc/cc:Kh|Ah/Qh:-100|100:deepstack|mildadaptive_rocks
STATE:555:cc/cc:Kh|Ks/Qs:0|0:mildadaptive_rocks|deepstack
STATE:556:cc/cc:As|Kh/Qh:100|-100:deepstack|mildadaptive_rocks
STATE:557:cc/cc:As|Qh/Ks:100|-100:mildadaptive_rocks|deepstack
STATE:558:cc/r1200c:Ks|Ah/As:-1200|1200:deepstack|mildadaptive_rocks
STATE:559:cr300f:Kh|Ah:-100|100:mildadaptive_rocks|deepstack
STATE:560:cr300r1200f:Ah|Qh:300|-300:deepstack|mildadaptive_rocks
STATE:561:cr300c/cc:Qh|Ks/Ah:-300|300:mildadaptive_rocks|deepstack
STATE:562:cc/r300f:Kh|Qs/As:100|-100:deepstack|mildadaptive_rocks
STATE:563:cr300f:Qs|Ah:-100|100:mildadaptive_rocks|deepstack
STATE:564:cc/cc:Ks|Ah/Qs:-100|100:deepstack|mildadaptive_rocks
STATE:565:cc/cr300f:Ah|Ks/Qh:-100|100:mildadaptive_rocks|deepstack
STATE:566:cr300c/cr900f:Kh|Ah/As:-300|300:deepstack|mildadaptive_rocks
STATE:567:cc/cc:Ah|Ks/Qs:100|-100:mildadaptive_rocks|deepstack
STATE:568:cc/r300c:Ah|Ks/As:300|-300:deepstack|mildadaptive_rocks
STATE:569:cc/cc:Qs|Qh/Ks:0|0:mildadaptive_rocks|deepstack
STATE:570:cr300f:Qh|Ah:-100|100:deepstack|mildadaptive_rocks
STATE:571:cr300f:Ks|Ah:-100|100:mildadaptive_rocks|deepstack
STATE:572:cc/r300f:Kh|Qs/Ks:100|-100:deepstack|mildadaptive_rocks
STATE:573:cr300r1200c/:As|Ah/Ks:0|0:mildadaptive_rocks|deepstack
STATE:574:r1200f:As|Qs:100|-100:deepstack|mildadaptive_rocks
STATE:575:cc/cc:Kh|Ah/Ks:100|-100:mildadaptive_rocks|deepstack
STATE:576:r1200f:As|Ks:100|-100:deepstack|mildadaptive_rocks
STATE:577:cc/cr300c:Ah|Ks/Kh:-300|300:mildadaptive_rocks|deepstack
STATE:578:cc/r300f:Qs|Ah/Ks:100|-100:deepstack|mildadaptive_rocks
STATE:579:cc/cc:Qh|Ah/Qs:100|-100:mildadaptive_rocks|deepstack
STATE:580:cc/cc:Ah|Qs/Ks:100|-100:deepstack|mildadaptive_rocks
STATE:581:cc/cc:Kh|Ks/Ah:0|0:mildadaptive_rocks|deepstack
STATE:582:cr300f:Qs|As:-100|100:deepstack|mildadaptive_rocks
STATE:583:cr300f:Kh|Ah:-100|100:mildadaptive_rocks|deepstack
STATE:584:cc/cr1200f:Qs|As/Ah:-100|100:deepstack|mildadaptive_rocks
STATE:585:cr300c/cc:Kh|Ah/Qs:-300|300:mildadaptive_rocks|deepstack
STATE:586:cc/r300f:Qs|Kh/Qh:100|-100:deepstack|mildadaptive_rocks
STATE:587:cr300r1200c/:Ah|As/Qh:0|0:mildadaptive_rocks|deepstack
STATE:588:cr300r1200c/:Ah|As/Qs:0|0:deepstack|mildadaptive_rocks
STATE:589:cr300r1200c/:Ah|As/Qs:0|0:mildadaptive_rocks|deepstack
STATE:590:cc/cc:Kh|Ks/Ah:0|0:deepstack|mildadaptive_rocks
STATE:591:cc/cc:Qs|Ks/As:-100|100:mildadaptive_rocks|deepstack
STATE:592:cc/cc:Ah|As/Kh:0|0:deepstack|mildadaptive_rocks
STATE:593:cc/cc:Ah|Qs/Ks:100|-100:mildadaptive_rocks|deepstack
STATE:594:cc/cc:As|Ah/Qs:0|0:deepstack|mildadaptive_rocks
STATE:595:cc/cc:Qs|Qh/As:0|0:mildadaptive_rocks|deepstack
STATE:596:cc/r300f:Kh|Qh/As:100|-100:deepstack|mildadaptive_rocks
STATE:597:cr300f:Qh|As:-100|100:mildadaptive_rocks|deepstack
STATE:598:cc/cc:Ah|Kh/Qs:100|-100:deepstack|mildadaptive_rocks
STATE:599:cr300r1200f:As|Ks:300|-300:mildadaptive_rocks|deepstack
STATE:600:cc/cc:Ah|Ks/Qs:100|-100:deepstack|mildadaptive_rocks
STATE:601:cc/cr300c:Ah|Qh/Kh:300|-300:mildadaptive_rocks|deepstack
STATE:602:cc/cc:Ks|Ah/Kh:100|-100:deepstack|mildadaptive_rocks
STATE:603:cc/cc:Ah|As/Ks:0|0:mildadaptive_rocks|deepstack
STATE:604:cc/cc:Qh|Ah/Qs:100|-100:deepstack|mildadaptive_rocks
STATE:605:cc/cc:Qs|Qh/Ks:0|0:mildadaptive_rocks|deepstack
STATE:606:cc/cr300f:Ah|Qh/Ks:-100|100:deepstack|mildadaptive_rocks
STATE:607:cc/cc:Ks|Ah/Qh:-100|100:mildadaptive_rocks|deepstack
STATE:608:cc/cc:Ah|As/Ks:0|0:deepstack|mildadaptive_rocks
STATE:609:cc/r1200f:As|Qh/Ah:100|-100:mildadaptive_rocks|deepstack
STATE:610:cr300f:Qs|Ah:-100|100:deepstack|mildadaptive_rocks
STATE:611:cc/cr300f:As|Qs/Qh:-100|100:mildadaptive_rocks|deepstack
STATE:612:cc/cc:Kh|Ks/Qs:0|0:deepstack|mildadaptive_rocks
STATE:613:cc/cc:Ah|Ks/Qs:100|-100:mildadaptive_rocks|deepstack
STATE:614:cr300r1200c/:Ah|As/Ks:0|0:deepstack|mildadaptive_rocks
STATE:615:cc/cr300r1200f:Ks|Qs/Kh:300|-300:mildadaptive_rocks|deepstack
STATE:616:r1200c/:As|Ah/Qh:0|0:deepstack|mildadaptive_rocks
STATE:617:cc/cr300f:Kh|Qs/Qh:-100|100:mildadaptive_rocks|deepstack
STATE:618:cc/cc:As|Ah/Qs:0|0:deepstack|mildadaptive_rocks
STATE:619:cr300r1200c/:Ah|As/Ks:0|0:mildadaptive_rocks|deepstack
STATE:620:cc/cc:Qs|As/Ks:-100|100:deepstack|mildadaptive_rocks
STATE:621:cc/cc:Qh|As/Kh:-100|100:mildadaptive_rocks|deepstack
STATE:622:cc/r300f:Ah|Kh/As:100|-100:deepstack|mildadaptive_rocks
STATE:623:cc/cc:Qh|Ks/Ah:-100|100:mildadaptive_rocks|deepstack
STATE:624:cc/r300r900f:Kh|Ah/As:-300|300:deepstack|mildadaptive_rocks
STATE:625:cr300f:Ks|As:-100|100:mildadaptive_rocks|deepstack
STATE:626:cc/cc:Qh|Kh/Qs:100|-100:deepstack|mildadaptive_rocks
STATE:627:cr300f:Ks|As:-100|100:mildadaptive_rocks|deepstack
STATE:628:cc/cc:Ks|Qs/Ah:100|-100:deepstack|mildadaptive_rocks
STATE:629:cc/cc:Qh|Ks/Ah:-100|100:mildadaptive_rocks|deepstack
STATE:630:cr300f:Kh|As:-100|100:deepstack|mildadaptive_rocks
STATE:631:cr300r1200f:Ah|Qh:300|-300:mildadaptive_rocks|deepstack
STATE:632:cr300c/cc:Kh|As/Qs:-300|300:deepstack|mildadaptive_rocks
STATE:633:cc/cc:Qs|Kh/As:-100|100:mildadaptive_rocks|deepstack
STATE:634:cc/cr300f:Ks|Qs/Qh:-100|100:deepstack|mildadaptive_rocks
STATE:635:cr300f:Qh|Ah:-100|100:mildadaptive_rocks|deepstack
STATE:636:cr300f:Qh|Ah:-100|100:deepstack|mildadaptive_rocks
STATE:637:cc/cr300f:Ks|Qh/Qs:-100|100:mildadaptive_rocks|deepstack
STATE:638:cc/r300r1200f:Kh|Qs/Qh:-300|300:deepstack|mildadaptive_rocks
STATE:639:cc/cc:Ah|As/Qh:0|0:mildadaptive_rocks|deepstack
STATE:640:r1200f:As|Qs:100|-100:deepstack|mildadaptive_rocks
STATE:641:cc/cr300f:As|Qs/Qh:-100|100:mildadaptive_rocks|deepstack
STATE:642:cc/cc:Qs|Kh/Ah:-100|100:deepstack|mildadaptive_rocks
STATE:643:cr300f:Ks|As:-100|100:mildadaptive_rocks|deepstack
STATE:644:cc/cc:Qs|Qh/Kh:0|0:deepstack|mildadaptive_rocks
STATE:645:cc/cr300f:Qh|Kh/Ks:-100|100:mildadaptive_rocks|deepstack
STATE:646:cc/cr300f:Ks|Qs/Qh:-100|100:deepstack|mildadaptive_rocks
STATE:647:r1200f:As|Qh:100|-100:mildadaptive_rocks|deepstack
STATE:648:cc/r300f:Ks|Qs/As:100|-100:deepstack|mildadaptive_rocks
STATE:649:cc/cc:Kh|Qh/Ks:100|-100:mildadaptive_rocks|deepstack
STATE:650:cc/r300f:Qs|Qh/Ks:100|-100:deepstack|mildadaptive_rocks
STATE:651:cr300f:Qs|Ah:-100|100:mildadaptive_rocks|deepstack
STATE:652:cc/cc:Qh|Ks/Qs:100|-100:deepstack|mildadaptive_rocks
STATE:653:cc/cr300f:Kh|Qs/Qh:-100|100:mildadaptive_rocks|deepstack
STATE:654:cc/cr300f:Qh|Ks/Kh:-100|100:deepstack|mildadaptive_rocks
STATE:655:cr300f:Qs|Kh:-100|100:mildadaptive_rocks|deepstack
STATE:656:cr300c/cr1200f:Ks|Qs/As:-300|300:deepstack|mildadaptive_rocks
STATE:657:cc/cc:Qh|Kh/Ah:-100|100:mildadaptive_rocks|deepstack
STATE:658:cc/cr300f:Qh|Ks/Kh:-100|100:deepstack|mildadaptive_rocks
STATE:659:cc/cc:Ks|Qs/Ah:100|-100:mildadaptive_rocks|deepstack
STATE:660:r1200f:As|Kh:100|-100:deepstack|mildadaptive_rocks
STATE:661:cr300f:Qs|As:-100|100:mildadaptive_rocks|deepstack
STATE:662:cc/r1200f:Ah|Qh/As:100|-100:deepstack|mildadaptive_rocks
STATE:663:cr300f:Qs|Ah:-100|100:mildadaptive_rocks|deepstack
STATE:664:cr300f:Qs|As:-100|100:deepstack|mildadaptive_rocks
STATE:665:cr300f:Qs|Ah:-100|100:mildadaptive_rocks|deepstack
STATE:666:cc/cc:As|Qs/Ks:100|-100:deepstack|mildadaptive_rocks
STATE:667:cr300f:Qs|As:-100|100:mildadaptive_rocks|deepstack
STATE:668:cc/cr300f:Qs|Kh/Ks:-100|100:deepstack|mildadaptive_rocks
STATE:669:cc/r300f:Kh|Qh/As:100|-100:mildadaptive_rocks|deepstack
STATE:670:cr300f:Qs|Ah:-100|100:deepstack|mildadaptive_rocks
STATE:671:cc/cc:Ah|Kh/Qs:100|-100:mildadaptive_rocks|deepstack
STATE:672:cc/r300r900f:Ks|Ah/As:-300|300:deepstack|mildadaptive_rocks
STATE:673:cc/cr1200f:Qh|Qs/Ah:-100|100:mildadaptive_rocks|deepstack
STATE:674:cc/cc:Ks|As/Qs:-100|100:deepstack|mildadaptive_rocks
STATE:675:cc/cr300f:Qh|Ah/As:-100|100:mildadaptive_rocks|deepstack
STATE:676:cr300c/r1200f:Kh|As/Ks:300|-300:deepstack|mildadaptive_rocks
STATE:677:cr300r1200c/:As|Ah/Kh:0|0:mildadaptive_rocks|deepstack
STATE:678:cc/cr300f:Ah|Kh/Ks:-100|100:deepstack|mildadaptive_rocks
STATE:679:cc/cr300f:Ah|Kh/Ks:-100|100:mildadaptive_rocks|deepstack
STATE:680:r1200f:As|Ks:100|-100:deepstack|mildadaptive_rocks
STATE:681:cc/cc:Ah|As/Ks:0|0:mildadaptive_rocks|deepstack
STATE:682:cr300r1200f:As|Qs:300|-300:deepstack|mildadaptive_rocks
STATE:683:cc/cc:Qh|Qs/Kh:0|0:mildadaptive_rocks|deepstack
STATE:684:cc/cc:As|Ah/Qs:0|0:deepstack|mildadaptive_rocks
STATE:685:cr300f:Kh|As:-100|100:mildadaptive_rocks|deepstack
STATE:686:r1200f:As|Qs:100|-100:deepstack|mildadaptive_rocks
STATE:687:cc/cr300f:Ah|Ks/Kh:-100|100:mildadaptive_rocks|deepstack
STATE:688:cc/cc:Qs|Ah/Kh:-100|100:deepstack|mildadaptive_rocks
STATE:689:cc/cc:Ks|Kh/Ah:0|0:mildadaptive_rocks|deepstack
STATE:690:cc/cc:Ks|Qh/Ah:100|-100:deepstack|mildadaptive_rocks
STATE:691:cc/cr300f:Ah|As/Qh:-100|100:mildadaptive_rocks|deepstack
STATE:692:cc/cr300f:Qh|Ks/Kh:-100|100:deepstack|mildadaptive_rocks
STATE:693:cc/cc:Kh|Ah/Ks:100|-100:mildadaptive_rocks|deepstack
STATE:694:cr300r1200f:Ah|Qh:300|-300:deepstack|mildadaptive_rocks
STATE:695:cr300f:Ks|As:-100|100:mildadaptive_rocks|deepstack
STATE:696:cc/cc:Qh|Qs/Ks:0|0:deepstack|mildadaptive_rocks
STATE:697:cr300f:Qh|Ks:-100|100:mildadaptive_rocks|deepstack
STATE:698:r1200f:As|Qs:100|-100:deepstack|mildadaptive_rocks
STATE:699:cc/cr300f:Qs|Ks/Kh:-100|100:mildadaptive_rocks|deepstack
STATE:700:cc/cc:Kh|Ks/Ah:0|0:deepstack|mildadaptive_rocks
STATE:701:cr300f:Qh|As:-100|100:mildadaptive_rocks|deepstack
STATE:702:cc/cc:As|Kh/Qs:100|-100:deepstack|mildadaptive_rocks
STATE:703:cr300c/cr900f:Kh|As/Ah:-300|300:mildadaptive_rocks|deepstack
STATE:704:cc/cc:Kh|Qh/Ks:100|-100:deepstack|mildadaptive_rocks
STATE:705:cr300r1200c/:Ah|As/Qs:0|0:mildadaptive_rocks|deepstack
STATE:706:cc/cc:Kh|As/Qh:-100|100:deepstack|mildadaptive_rocks
STATE:707:cc/cc:Ah|As/Qh:0|0:mildadaptive_rocks|deepstack
STATE:708:cc/r300f:Kh|Ah/Ks:100|-100:deepstack|mildadaptive_rocks
STATE:709:cr300f:Qh|As:-100|100:mildadaptive_rocks|deepstack
STATE:710:cc/cc:Qs|Qh/Ah:0|0:deepstack|mildadaptive_rocks
STATE:711:cc/cc:Qh|Kh/As:-100|100:mildadaptive_rocks|deepstack
STATE:712:cc/cr300c:As|Qh/Qs:-300|300:deepstack|mildadaptive_rocks
STATE:713:cc/cr300c:Ah|Qh/Qs:-300|300:mildadaptive_rocks|deepstack
STATE:714:cc/cc:Qh|As/Kh:-100|100:deepstack|mildadaptive_rocks
STATE:715:cr300f:Kh|As:-100|100:mildadaptive_rocks|deepstack
STATE:716:cc/cc:Qs|Qh/Ah:0|0:deepstack|mildadaptive_rocks
STATE:717:cc/cr300f:Qs|Qh/Ks:-100|100:mildadaptive_rocks|deepstack
STATE:718:r1200f:As|Kh:100|-100:deepstack|mildadaptive_rocks
STATE:719:r300c/cr900f:Ah|Kh/Ks:-300|300:mildadaptive_rocks|deepstack
STATE:720:cc/cr300f:Qs|Ks/As:-100|100:deepstack|mildadaptive_rocks
STATE:721:cc/cr300f:Qs|Ks/Kh:-100|100:mildadaptive_rocks|deepstack
STATE:722:cc/cr300f:Ah|Kh/Ks:-100|100:deepstack|mildadaptive_rocks
STATE:723:cr300f:Qh|As:-100|100:mildadaptive_rocks|deepstack
STATE:724:cr300c/cr900c:Ks|Ah/As:-900|900:deepstack|mildadaptive_rocks
STATE:725:cc/cc:Qh|Kh/Ah:-100|100:mildadaptive_rocks|deepstack
STATE:726:cr300c/r900f:Ks|Ah/Kh:300|-300:deepstack|mildadaptive_rocks
STATE:727:cc/cr300f:Qs|Ks/Kh:-100|100:mildadaptive_rocks|deepstack
STATE:728:cc/cc:Ks|Kh/Qs:0|0:deepstack|mildadaptive_rocks
STATE:729:cc/cc:Ks|Kh/As:0|0:mildadaptive_rocks|deepstack
STATE:730:cr300c/cr900f:Qh|As/Ah:-300|300:deepstack|mildadaptive_rocks
STATE:731:cr300f:Ks|As:-100|100:mildadaptive_rocks|deepstack
STATE:732:cc/cr300r1200f:Qh|Kh/Qs:300|-300:deepstack|mildadaptive_rocks
STATE:733:cr300f:Kh|As:-100|100:mildadaptive_rocks|deepstack
STATE:734:cc/cc:Qh|Ks/Qs:100|-100:deepstack|mildadaptive_rocks
STATE:735:cc/cc:Qs|Ah/Kh:-100|100:mildadaptive_rocks|deepstack
STATE:736:cc/cc:Kh|Ah/Qs:-100|100:deepstack|mildadaptive_rocks
STATE:737:cc/cr300f:Ks|Qs/Qh:-100|100:mildadaptive_rocks|deepstack
STATE:738:cc/cc:As|Ks/Qh:100|-100:deepstack|mildadaptive_rocks
STATE:739:cc/cr300f:Qh|Ah/As:-100|100:mildadaptive_rocks|deepstack
STATE:740:r1200f:As|Qs:100|-100:deepstack|mildadaptive_rocks
STATE:741:cc/cc:Qs|Ks/Ah:-100|100:mildadaptive_rocks|deepstack
STATE:742:cc/cr300f:Ah|Kh/Qh:-100|100:deepstack|mildadaptive_rocks
STATE:743:cr300r1200f:As|Qs:300|-300:mildadaptive_rocks|deepstack
STATE:744:cc/r1200f:Ah|Qh/As:100|-100:deepstack|mildadaptive_rocks
STATE:745:cr300c/cr900f:Kh|As/Ah:-300|300:mildadaptive_rocks|deepstack
STATE:746:cr300f:Qs|Ah:-100|100:deepstack|mildadaptive_rocks
STATE:747:cc/cr300c:Ah|Kh/Ks:-300|300:mildadaptive_rocks|deepstack
STATE:748:cc/cr300f:Qs|Kh/Ks:-100|100:deepstack|mildadaptive_rocks
STATE:749:cc/cc:Ah|Qs/Kh:100|-100:mildadaptive_rocks|deepstack
STATE:750:cc/cc:As|Qs/Kh:100|-100:deepstack|mildadaptive_rocks
STATE:751:cr300f:Ks|Ah:-100|100:mildadaptive_rocks|deepstack
STATE:752:cc/cc:Qh|Ks/Qs:100|-100:deepstack|mildadaptive_rocks
STATE:753:cc/cc:Qh|Qs/Ah:0|0:mildadaptive_rocks|deepstack
STATE:754:r1200c/:As|Ah/Qh:0|0:deepstack|mildadaptive_rocks
STATE:755:cc/cc:Ah|Qs/Kh:100|-100:mildadaptive_rocks|deepstack
STATE:756:r1200f:As|Qs:100|-100:deepstack|mildadaptive_rocks
STATE:757:cc/r300c:Ah|Ks/As:300|-300:mildadaptive_rocks|deepstack
STATE:758:cc/cr300f:Ah|Kh/Ks:-100|100:deepstack|mildadaptive_rocks
STATE:759:cc/cc:Qs|Kh/As:-100|100:mildadaptive_rocks|deepstack
STATE:760:cc/cc:Kh|Ah/Qh:-100|100:deepstack|mildadaptive_rocks
STATE:761:cc/cc:Ah|As/Qh:0|0:mildadaptive_rocks|deepstack
STATE:762:cc/cr300f:Qh|Ks/Kh:-100|100:deepstack|mildadaptive_rocks
STATE:763:cr300f:Qs|Ah:-100|100:mildadaptive_rocks|deepstack
STATE:764:cc/cc:Kh|Qs/Ks:100|-100:deepstack|mildadaptive_rocks
STATE:765:cr300f:Kh|Ks:-100|100:mildadaptive_rocks|deepstack
STATE:766:cc/cc:Qh|Ks/Ah:-100|100:deepstack|mildadaptive_rocks
STATE:767:cr300f:Kh|As:-100|100:mildadaptive_rocks|deepstack
STATE:768:cc/r300f:Kh|Qh/As:100|-100:deepstack|mildadaptive_rocks
STATE:769:cc/cc:Ks|Kh/Qh:0|0:mildadaptive_rocks|deepstack
STATE:770:cc/r300f:Ks|Ah/Kh:100|-100:deepstack|mildadaptive_rocks
STATE:771:cc/cr300f:Qs|Ks/As:-100|100:mildadaptive_rocks|deepstack
STATE:772:cc/cc:Qs|Kh/As:-100|100:deepstack|mildadaptive_rocks
STATE:773:cc/cc:Kh|As/Qs:-100|100:mildadaptive_rocks|deepstack
STATE:774:cc/r300f:Qh|Qs/Ks:100|-100:deepstack|mildadaptive_rocks
STATE:775:cc/cc:As|Kh/Qh:100|-100:mildadaptive_rocks|deepstack
STATE:776:cc/cc:Qh|Qs/Ks:0|0:deepstack|mildadaptive_rocks
STATE:777:cr300c/r900c:Ks|Ah/Kh:900|-900:mildadaptive_rocks|deepstack
STATE:778:cc/cr300f:Kh|Qs/Qh:-100|100:deepstack|mildadaptive_rocks
STATE:779:cc/cc:As|Qs/Ks:100|-100:mildadaptive_rocks|deepstack
STATE:780:cr300c/cr900c:Kh|Ah/As:-900|900:deepstack|mildadaptive_rocks
STATE:781:cr300f:Qs|As:-100|100:mildadaptive_rocks|deepstack
STATE:782:cc/cr300f:Kh|Qh/Qs:-100|100:deepstack|mildadaptive_rocks
STATE:783:r1200f:As|Qh:100|-100:mildadaptive_rocks|deepstack
STATE:784:cc/cc:Kh|Ah/Qs:-100|100:deepstack|mildadaptive_rocks
STATE:785:r300c/cr1200f:Ah|Ks/Kh:-300|300:mildadaptive_rocks|deepstack
STATE:786:r300c/cc:As|Qh/Ks:300|-300:deepstack|mildadaptive_rocks
STATE:787:r1200c/:As|Ah/Kh:0|0:mildadaptive_rocks|deepstack
STATE:788:r1200c/:As|Ah/Qh:0|0:deepstack|mildadaptive_rocks
STATE:789:cc/cr300f:As|Qs/Qh:-100|100:mildadaptive_rocks|deepstack
STATE:790:r1200f:As|Ks:100|-100:deepstack|mildadaptive_rocks
STATE:791:cc/cr300f:As|Ks/Kh:-100|100:mildadaptive_rocks|deepstack
STATE:792:cc/cc:Kh|Qs/Ah:100|-100:deepstack|mildadaptive_rocks
STATE:793:cr300f:Ks|As:-100|100:mildadaptive_rocks|deepstack
STATE:794:cc/cc:Ah|As/Ks:0|0:deepstack|mildadaptive_rocks
STATE:795:cr300f:Ks|Qh:-100|100:mildadaptive_rocks|deepstack
STATE:796:cc/r300f:Qh|Qs/Ks:100|-100:deepstack|mildadaptive_rocks
STATE:797:cr300r1200f:Ah|Qh:300|-300:mildadaptive_rocks|deepstack
STATE:798:cc/cc:Kh|As/Ks:100|-100:deepstack|mildadaptive_rocks
STATE:799:cc/cc:As|Kh/Qs:100|-100:mildadaptive_rocks|deepstack
STATE:800:cc/cc:Qh|Ah/Kh:-100|100:deepstack|mildadaptive_rocks
STATE:801:cr300r1200f:Ah|Ks:300|-300:mildadaptive_rocks|deepstack
STATE:802:cc/cc:Kh|Ah/Ks:100|-100:deepstack|mildadaptive_rocks
STATE:803:cc/cc:Qh|Qs/Ah:0|0:mildadaptive_rocks|deepstack
STATE:804:cc/cc:Ah|Qh/Kh:100|-100:deepstack|mildadaptive_rocks
STATE:805:cc/cc:Ah|Kh/Qs:100|-100:mildadaptive_rocks|deepstack
STATE:806:r300c/r900f:As|Qs/Ah:300|-300:deepstack|mildadaptive_rocks
STATE:807:cr300f:Kh|As:-100|100:mildadaptive_rocks|deepstack
STATE:808:cc/cc:Qh|Ks/Ah:-100|100:deepstack|mildadaptive_rocks
STATE:809:cr300f:Ks|Ah:-100|100:mildadaptive_rocks|deepstack
STATE:810:cc/cr300f:Qs|Ks/Kh:-100|100:deepstack|mildadaptive_rocks
STATE:811:cc/r300f:Qh|Qs/Kh:100|-100:mildadaptive_rocks|deepstack
STATE:812:cr300r1200f:Ah|Ks:300|-300:deepstack|mildadaptive_rocks
STATE:813:cc/cc:Ah|Qs/Ks:100|-100:mildadaptive_rocks|deepstack
STATE:814:cr300f:Qh|Ah:-100|100:deepstack|mildadaptive_rocks
STATE:815:cc/cc:Qh|Qs/Kh:0|0:mildadaptive_rocks|deepstack
STATE:816:cc/cc:As|Qs/Kh:100|-100:deepstack|mildadaptive_rocks
STATE:817:cr300c/cr900f:Ks|As/Ah:-300|300:mildadaptive_rocks|deepstack
STATE:818:cr300r1200f:As|Qs:300|-300:deepstack|mildadaptive_rocks
STATE:819:cr300c/cc:Kh|Ks/Ah:0|0:mildadaptive_rocks|deepstack
STATE:820:cc/r300c:Kh|As/Ks:300|-300:deepstack|mildadaptive_rocks
STATE:821:cc/cr300f:Kh|Ks/Qh:-100|100:mildadaptive_rocks|deepstack
STATE:822:r300c/cc:Ks|Qs/Kh:300|-300:deepstack|mildadaptive_rocks
STATE:823:cr300f:Qs|Ah:-100|100:mildadaptive_rocks|deepstack
STATE:824:cr300c/r1200f:Qs|As/Kh:300|-300:deepstack|mildadaptive_rocks
STATE:825:cr300f:Qs|Ah:-100|100:mildadaptive_rocks|deepstack
STATE:826:r1200f:As|Qh:100|-100:deepstack|mildadaptive_rocks
STATE:827:cr300r1200f:Ah|Qh:300|-300:mildadaptive_rocks|deepstack
STATE:828:cc/cr300f:Qs|Ks/Kh:-100|100:deepstack|mildadaptive_rocks
STATE:829:cc/cc:As|Qs/Kh:100|-100:mildadaptive_rocks|deepstack
STATE:830:cr300f:Kh|As:-100|100:deepstack|mildadaptive_rocks
STATE:831:cc/r1200c:As|Ks/Ah:1200|-1200:mildadaptive_rocks|deepstack
STATE:832:cc/r300f:Ah|Qh/As:100|-100:deepstack|mildadaptive_rocks
STATE:833:r1200f:Ah|Qh:100|-100:mildadaptive_rocks|deepstack
STATE:834:cr300f:Kh|As:-100|100:deepstack|mildadaptive_rocks
STATE:835:cr300f:Kh|Ks:-100|100:mildadaptive_rocks|deepstack
STATE:836:r1200f:Ah|Ks:100|-100:deepstack|mildadaptive_rocks
STATE:837:r1200c/:As|Ah/Qs:0|0:mildadaptive_rocks|deepstack
STATE:838:cc/cc:Qh|Kh/Qs:100|-100:deepstack|mildadaptive_rocks
STATE:839:cr300c/cr900f:Ks|Kh/Qs:-300|300:mildadaptive_rocks|deepstack
STATE:840:cr300f:Qh|Ah:-100|100:deepstack|mildadaptive_rocks
STATE:841:cc/cc:Qs|Kh/Qh:100|-100:mildadaptive_rocks|deepstack
STATE:842:r1200f:As|Kh:100|-100:deepstack|mildadaptive_rocks
STATE:843:cr300f:Qh|Ah:-100|100:mildadaptive_rocks|deepstack
STATE:844:cc/cc:Qs|As/Kh:-100|100:deepstack|mildadaptive_rocks
STATE:845:cc/cc:Qs|Qh/Kh:0|0:mildadaptive_rocks|deepstack
STATE:846:r1200f:As|Ks:100|-100:deepstack|mildadaptive_rocks
STATE:847:r1200f:As|Qs:100|-100:mildadaptive_rocks|deepstack
STATE:848:cc/cr300f:Qs|Ks/Kh:-100|100:deepstack|mildadaptive_rocks
STATE:849:cc/cc:Kh|Ks/Qs:0|0:mildadaptive_rocks|deepstack
STATE:850:cc/cc:Kh|Qs/Ah:100|-100:deepstack|mildadaptive_rocks
STATE:851:cc/cr300f:Qs|Qh/Kh:-100|100:mildadaptive_rocks|deepstack
STATE:852:r1200f:As|Qh:100|-100:deepstack|mildadaptive_rocks
STATE:853:cc/cc:Qs|Qh/Ks:0|0:mildadaptive_rocks|deepstack
STATE:854:cc/cc:Ah|Kh/Qs:100|-100:deepstack|mildadaptive_rocks
STATE:855:cr300r1200f:As|Ks:300|-300:mildadaptive_rocks|deepstack
STATE:856:cr300c/cc:Qs|As/Ks:-300|300:deepstack|mildadaptive_rocks
STATE:857:cr300f:Qs|Qh:-100|100:mildadaptive_rocks|deepstack
STATE:858:r1200f:As|Qh:100|-100:deepstack|mildadaptive_rocks
STATE:859:cr300r1200c/:Ah|As/Ks:0|0:mildadaptive_rocks|deepstack
STATE:860:cc/cr300r1200f:Qs|Kh/Qh:300|-300:deepstack|mildadaptive_rocks
STATE:861:cr300f:Qh|Ah:-100|100:mildadaptive_rocks|deepstack
STATE:862:cr300f:Kh|As:-100|100:deepstack|mildadaptive_rocks
STATE:863:cc/cr300f:Qh|As/Ah:-100|100:mildadaptive_rocks|deepstack
STATE:864:cc/cc:Qh|Qs/Ah:0|0:deepstack|mildadaptive_rocks
STATE:865:cc/cc:Ks|Kh/As:0|0:mildadaptive_rocks|deepstack
STATE:866:cc/cc:Kh|As/Qh:-100|100:deepstack|mildadaptive_rocks
STATE:867:r1200c/:As|Ah/Kh:0|0:mildadaptive_rocks|deepstack
STATE:868:cc/cr300f:Qs|Ks/Kh:-100|100:deepstack|mildadaptive_rocks
STATE:869:cr300f:Kh|Qs:-100|100:mildadaptive_rocks|deepstack
STATE:870:cc/cc:Qh|As/Kh:-100|100:deepstack|mildadaptive_rocks
STATE:871:cc/cc:Qs|Ks/Ah:-100|100:mildadaptive_rocks|deepstack
STATE:872:cr300c/cc:Qh|Ah/Ks:-300|300:deepstack|mildadaptive_rocks
STATE:873:cr300c/cc:Ks|As/Qh:-300|300:mildadaptive_rocks|deepstack
STATE:874:cc/cc:Ks|Ah/Qs:-100|100:deepstack|mildadaptive_rocks
STATE:875:cc/cr300f:Ks|Qs/Qh:-100|100:mildadaptive_rocks|deepstack
STATE:876:cr300f:Ks|Kh:-100|100:deepstack|mildadaptive_rocks
STATE:877:cc/cc:Qs|Qh/As:0|0:mildadaptive_rocks|deepstack
STATE:878:cc/cc:Kh|Ks/Qh:0|0:deepstack|mildadaptive_rocks
STATE:879:cr300f:Qh|Ks:-100|100:mildadaptive_rocks|deepstack
STATE:880:cc/cr300f:Qh|Ah/As:-100|100:deepstack|mildadaptive_rocks
STATE:881:cr300c/cc:Ks|As/Qs:-300|300:mildadaptive_rocks|deepstack
STATE:882:cr300f:Kh|Ah:-100|100:deepstack|mildadaptive_rocks
STATE:883:cc/cr300f:Qh|Kh/Ks:-100|100:mildadaptive_rocks|deepstack
STATE:884:cc/cc:Qh|Kh/As:-100|100:deepstack|mildadaptive_rocks
STATE:885:cr300f:Qs|Ah:-100|100:mildadaptive_rocks|deepstack
STATE:886:cc/cr1200f:Qs|As/Ah:-100|100:deepstack|mildadaptive_rocks
STATE:887:cc/cc:Qh|Qs/Ks:0|0:mildadaptive_rocks|deepstack
STATE:888:cc/cc:Qs|Qh/Ah:0|0:deepstack|mildadaptive_rocks
STATE:889:cr300c/r900f:Qh|Ah/Qs:300|-300:mildadaptive_rocks|deepstack
STATE:890:cc/r1200f:Ah|Kh/As:100|-100:deepstack|mildadaptive_rocks
STATE:891:cc/cc:As|Ks/Qs:100|-100:mildadaptive_rocks|deepstack
STATE:892:cr300r1200f:Ah|Kh:300|-300:deepstack|mildadaptive_rocks
STATE:893:cc/cr300c:Ah|Qs/Qh:-300|300:mildadaptive_rocks|deepstack
STATE:894:cc/cc:Ah|As/Qh:0|0:deepstack|mildadaptive_rocks
STATE:895:cc/cr300f:Ah|Kh/Ks:-100|100:mildadaptive_rocks|deepstack
STATE:896:cr300f:Ks|Ah:-100|100:deepstack|mildadaptive_rocks
STATE:897:cr300f:Qh|Ah:-100|100:mildadaptive_rocks|deepstack
STATE:898:cc/r300f:Ks|Qh/As:100|-100:deepstack|mildadaptive_rocks
STATE:899:cr300f:Kh|Qh:-100|100:mildadaptive_rocks|deepstack
STATE:900:cr300f:Qs|Ks:-100|100:deepstack|mildadaptive_rocks
STATE:901:cc/cc:Ks|Qs/As:100|-100:mildadaptive_rocks|deepstack
STATE:902:cc/cc:Qs|Ks/Ah:-100|100:deepstack|mildadaptive_rocks
STATE:903:cc/cr300c:Ah|Qh/Qs:-300|300:mildadaptive_rocks|deepstack
STATE:904:cc/cc:Ks|Qs/As:100|-100:deepstack|mildadaptive_rocks
STATE:905:cc/r300f:Ah|Qh/As:100|-100:mildadaptive_rocks|deepstack
STATE:906:cr300f:Qh|Ah:-100|100:deepstack|mildadaptive_rocks
STATE:907:cc/cc:Qh|As/Ks:-100|100:mildadaptive_rocks|deepstack
STATE:908:cr300f:Kh|Ah:-100|100:deepstack|mildadaptive_rocks
STATE:909:cc/cc:Qs|Qh/Ks:0|0:mildadaptive_rocks|deepstack
STATE:910:cc/cc:Qh|Ah/Qs:100|-100:deepstack|mildadaptive_rocks
STATE:911:cr300f:Qh|Kh:-100|100:mildadaptive_rocks|deepstack
STATE:912:cc/cc:Kh|Ah/Qs:-100|100:deepstack|mildadaptive_rocks
STATE:913:cc/cc:Ks|Qh/Ah:100|-100:mildadaptive_rocks|deepstack
STATE:914:cr300c/r1200f:Qs|Ah/Qh:300|-300:deepstack|mildadaptive_rocks
STATE:915:cr300f:Qs|As:-100|100:mildadaptive_rocks|deepstack
STATE:916:r300c/r900f:Ks|Qs/Kh:300|-300:deepstack|mildadaptive_rocks
STATE:917:cr300f:Ks|Ah:-100|100:mildadaptive_rocks|deepstack
STATE:918:cr300r1200c/:Ah|As/Ks:0|0:deepstack|mildadaptive_rocks
STATE:919:cc/cc:As|Ks/Ah:100|-100:mildadaptive_rocks|deepstack
STATE:920:cc/cc:Qh|Ah/Kh:-100|100:deepstack|mildadaptive_rocks
STATE:921:cr300f:Qs|As:-100|100:mildadaptive_rocks|deepstack
STATE:922:cr300f:Ks|As:-100|100:deepstack|mildadaptive_rocks
STATE:923:cc/cr300f:Ah|Qh/Qs:-100|100:mildadaptive_rocks|deepstack
STATE:924:r1200f:As|Kh:100|-100:deepstack|mildadaptive_rocks
STATE:925:cc/cc:Ah|Qs/Kh:100|-100:mildadaptive_rocks|deepstack
STATE:926:cc/cc:Ks|Ah/Qh:-100|100:deepstack|mildadaptive_rocks
STATE:927:cc/cc:Ks|Kh/Qs:0|0:mildadaptive_rocks|deepstack
STATE:928:cc/cc:Qs|Kh/As:-100|100:deepstack|mildadaptive_rocks
STATE:929:cr300f:Qh|Ks:-100|100:mildadaptive_rocks|deepstack
STATE:930:cc/cc:Ks|As/Qh:-100|100:deepstack|mildadaptive_rocks
STATE:931:cc/cc:Ks|Qh/Ah:100|-100:mildadaptive_rocks|deepstack
STATE:932:r300c/r1200c:Qh|As/Ah:-1200|1200:deepstack|mildadaptive_rocks
STATE:933:cr300f:Ks|Ah:-100|100:mildadaptive_rocks|deepstack
STATE:934:cr300f:Ks|Ah:-100|100:deepstack|mildadaptive_rocks
STATE:935:r1200f:As|Qh:100|-100:mildadaptive_rocks|deepstack
STATE:936:cc/r300f:Qs|As/Qh:100|-100:deepstack|mildadaptive_rocks
STATE:937:cc/cc:Qh|Qs/Ah:0|0:mildadaptive_rocks|deepstack
STATE:938:cc/cc:Ks|As/Qs:-100|100:deepstack|mildadaptive_rocks
STATE:939:cr300f:Ks|Ah:-100|100:mildadaptive_rocks|deepstack
STATE:940:cr300f:Kh|Qh:-100|100:deepstack|mildadaptive_rocks
STATE:941:cc/cc:Ah|Qs/Kh:100|-100:mildadaptive_rocks|deepstack
STATE:942:cr300f:Qh|As:-100|100:deepstack|mildadaptive_rocks
STATE:943:cc/r1200f:Qh|Qs/Ah:100|-100:mildadaptive_rocks|deepstack
STATE:944:r1200f:As|Qs:100|-100:deepstack|mildadaptive_rocks
STATE:945:cc/cc:Ks|As/Kh:100|-100:mildadaptive_rocks|deepstack
STATE:946:cc/cc:Ks|Qs/Ah:100|-100:deepstack|mildadaptive_rocks
STATE:947:cc/r1200f:Qs|Qh/Ah:100|-100:mildadaptive_rocks|deepstack
STATE:948:cc/cc:Kh|Ks/Ah:0|0:deepstack|mildadaptive_rocks
STATE:949:cc/cr300f:Ah|Kh/Qh:-100|100:mildadaptive_rocks|deepstack
STATE:950:r1200f:As|Qh:100|-100:deepstack|mildadaptive_rocks
STATE:951:cr300c/cr1200f:Kh|Ah/As:-300|300:mildadaptive_rocks|deepstack
STATE:952:cr300f:Qs|Ks:-100|100:deepstack|mildadaptive_rocks
STATE:953:cr300f:Kh|Qs:-100|100:mildadaptive_rocks|deepstack
STATE:954:cc/cr1200f:Qs|As/Ah:-100|100:deepstack|mildadaptive_rocks
STATE:955:cr300r1200f:Ah|Kh:300|-300:mildadaptive_rocks|deepstack
STATE:956:cr300f:Qs|As:-100|100:deepstack|mildadaptive_rocks
STATE:957:cc/r300c:Ah|Kh/As:300|-300:mildadaptive_rocks|deepstack
STATE:958:r1200f:As|Qh:100|-100:deepstack|mildadaptive_rocks
STATE:959:cr300f:Qh|Ks:-100|100:mildadaptive_rocks|deepstack
STATE:960:cc/cr300f:Ks|Qh/Qs:-100|100:deepstack|mildadaptive_rocks
STATE:961:cc/r1200f:As|Qh/Ah:100|-100:mildadaptive_rocks|deepstack
STATE:962:cr300f:Kh|As:-100|100:deepstack|mildadaptive_rocks
STATE:963:r1200f:As|Qh:100|-100:mildadaptive_rocks|deepstack
STATE:964:cc/cc:Qh|As/Qs:100|-100:deepstack|mildadaptive_rocks
STATE:965:cc/cc:Qs|Ks/As:-100|100:mildadaptive_rocks|deepstack
STATE:966:cc/cc:Qh|Kh/Ah:-100|100:deepstack|mildadaptive_rocks
STATE:967:cc/cc:As|Ks/Qs:100|-100:mildadaptive_rocks|deepstack
STATE:968:cc/cc:Ks|Kh/Ah:0|0:deepstack|mildadaptive_rocks
STATE:969:cr300f:Ks|As:-100|100:mildadaptive_rocks|deepstack
STATE:970:cc/cc:Qh|As/Qs:100|-100:deepstack|mildadaptive_rocks
STATE:971:cr300f:Qs|Kh:-100|100:mildadaptive_rocks|deepstack
STATE:972:cc/cc:Qs|Ks/Qh:100|-100:deepstack|mildadaptive_rocks
STATE:973:cc/cc:As|Qs/Ks:100|-100:mildadaptive_rocks|deepstack
STATE:974:r300c/cc:As|Kh/Qs:300|-300:deepstack|mildadaptive_rocks
STATE:975:cr300r1200f:Ah|Qs:300|-300:mildadaptive_rocks|deepstack
STATE:976:cc/cr300f:Qs|Kh/Ks:-100|100:deepstack|mildadaptive_rocks
STATE:977:cc/cr300f:As|Kh/Qs:-100|100:mildadaptive_rocks|deepstack
STATE:978:cc/cr300f:Kh|Ks/Qh:-100|100:deepstack|mildadaptive_rocks
STATE:979:cc/r300f:Ks|Qs/As:100|-100:mildadaptive_rocks|deepstack
STATE:980:cc/cc:Qh|Ks/Qs:100|-100:deepstack|mildadaptive_rocks
STATE:981:cr300f:Qs|As:-100|100:mildadaptive_rocks|deepstack
STATE:982:cc/r300f:Kh|Qs/As:100|-100:deepstack|mildadaptive_rocks
STATE:983:cc/cc:Ks|Qh/Kh:100|-100:mildadaptive_rocks|deepstack
STATE:984:cc/cc:Ks|Kh/Qs:0|0:deepstack|mildadaptive_rocks
STATE:985:cc/cc:As|Ah/Qh:0|0:mildadaptive_rocks|deepstack
STATE:986:cc/cc:Ks|Ah/Qh:-100|100:deepstack|mildadaptive_rocks
STATE:987:cc/cc:Qh|Qs/Ks:0|0:mildadaptive_rocks|deepstack
STATE:988:cc/cc:Ks|Ah/Qs:-100|100:deepstack|mildadaptive_rocks
STATE:989:cc/cr300f:As|Qh/Qs:-100|100:mildadaptive_rocks|deepstack
STATE:990:cc/cc:Qh|As/Qs:100|-100:deepstack|mildadaptive_rocks
STATE:991:cc/cc:Qs|Qh/Kh:0|0:mildadaptive_rocks|deepstack
STATE:992:cc/r300f:Qs|Qh/Ks:100|-100:deepstack|mildadaptive_rocks
STATE:993:cr300f:Qs|Ah:-100|100:mildadaptive_rocks|deepstack
STATE:994:cc/cr1200f:Qs|Ah/As:-100|100:deepstack|mildadaptive_rocks
STATE:995:cr300f:Ks|Kh:-100|100:mildadaptive_rocks|deepstack
STATE:996:cc/cc:Qs|Qh/As:0|0:deepstack|mildadaptive_rocks
STATE:997:cr300f:Ks|Qh:-100|100:mildadaptive_rocks|deepstack
STATE:998:cr300f:Qs|Ah:-100|100:deepstack|mildadaptive_rocks
STATE:999:cc/cc:Ks|Qh/Ah:100|-100:mildadaptive_rocks|deepstack
SCORE:11400|-11400:deepstack|mildadaptive_rocks
