# name/game/hands/seed randombluff_v_deepstack ./DeepStack-Leduc/ACPCServer/leduc.game 1000 3
#--t_response 600000
#--t_hand 600000
#--t_per_hand 7000
STATE:0:cr300c/r900f:Ks|Qs/Kh:300|-300:deepstack|randomizedbluffer
STATE:1:cc/cr300r1200f:Qs|Qh/Ks:300|-300:randomizedbluffer|deepstack
STATE:2:cr300c/cc:Qh|As/Kh:-300|300:deepstack|randomizedbluffer
STATE:3:cc/cc:Kh|Ks/Qs:0|0:randomizedbluffer|deepstack
STATE:4:r1200f:As|Ks:100|-100:deepstack|randomizedbluffer
STATE:5:r1200f:Kh|Qh:100|-100:randomizedbluffer|deepstack
STATE:6:cr1200c/:Ah|Ks/Qh:1200|-1200:deepstack|randomizedbluffer
STATE:7:r1200f:As|Kh:100|-100:randomizedbluffer|deepstack
STATE:8:cc/cr1200f:Qh|Qs/Kh:-100|100:deepstack|randomizedbluffer
STATE:9:cc/r1200f:Qh|Ks/Ah:100|-100:randomizedbluffer|deepstack
STATE:10:cc/r1200f:Qh|Kh/As:100|-100:deepstack|randomizedbluffer
STATE:11:cc/cc:Kh|Ks/Ah:0|0:randomizedbluffer|deepstack
STATE:12:r1200f:As|Qh:100|-100:deepstack|randomizedbluffer
STATE:13:cr300r1200c/:Qs|As/Ah:-1200|1200:randomizedbluffer|deepstack
STATE:14:cc/r1200f:Ah|Qh/As:100|-100:deepstack|randomizedbluffer
STATE:15:cc/r1200f:Qs|Kh/As:100|-100:randomizedbluffer|deepstack
STATE:16:cc/cc:Qs|Kh/As:-100|100:deepstack|randomizedbluffer
STATE:17:r1200c/:Ks|As/Qh:-1200|1200:randomizedbluffer|deepstack
STATE:18:cc/cr1200f:Ah|Qh/Kh:-100|100:deepstack|randomizedbluffer
STATE:19:cc/cc:Kh|As/Qh:-100|100:randomizedbluffer|deepstack
STATE:20:cc/cr1200f:Ks|Qs/Ah:-100|100:deepstack|randomizedbluffer
STATE:21:r1200f:Qh|Ks:100|-100:randomizedbluffer|deepstack
STATE:22:cc/cc:Ah|Qs/Ks:100|-100:deepstack|randomizedbluffer
STATE:23:r1200f:Kh|Qs:100|-100:randomizedbluffer|deepstack
STATE:24:r1200c/:As|Ah/Kh:0|0:deepstack|randomizedbluffer
STATE:25:r300c/r1200f:Ah|Qs/Kh:300|-300:randomizedbluffer|deepstack
STATE:26:cc/r300f:Kh|Qh/As:100|-100:deepstack|randomizedbluffer
STATE:27:cr300r1200c/:Qs|As/Ks:-1200|1200:randomizedbluffer|deepstack
STATE:28:cr1200c/:Ah|Qh/Qs:-1200|1200:deepstack|randomizedbluffer
STATE:29:r1200c/:As|Ah/Qs:0|0:randomizedbluffer|deepstack
STATE:30:cc/cc:Qh|As/Ks:-100|100:deepstack|randomizedbluffer
STATE:31:cc/cr300r1200c:Ks|Qh/Qs:-1200|1200:randomizedbluffer|deepstack
STATE:32:r1200c/:As|Ah/Qs:0|0:deepstack|randomizedbluffer
STATE:33:cc/cc:Kh|Qs/Ah:100|-100:randomizedbluffer|deepstack
STATE:34:cc/cc:Ks|Qs/Kh:100|-100:deepstack|randomizedbluffer
STATE:35:cc/r1200f:Ks|Kh/Qh:100|-100:randomizedbluffer|deepstack
STATE:36:cr1200c/:Ah|Qh/Ks:1200|-1200:deepstack|randomizedbluffer
STATE:37:cc/cc:Ah|Kh/Qh:100|-100:randomizedbluffer|deepstack
STATE:38:r1200f:Ah|Kh:100|-100:deepstack|randomizedbluffer
STATE:39:cc/r300f:Ks|Qh/As:100|-100:randomizedbluffer|deepstack
STATE:40:cr1200f:Qh|Ks:-100|100:deepstack|randomizedbluffer
STATE:41:r1200c/:Qs|Ah/Qh:1200|-1200:randomizedbluffer|deepstack
STATE:42:cc/cc:Qh|Qs/Kh:0|0:deepstack|randomizedbluffer
STATE:43:cr300f:Qh|As:-100|100:randomizedbluffer|deepstack
STATE:44:r1200f:As|Qh:100|-100:deepstack|randomizedbluffer
STATE:45:cr300c/cc:Ks|Ah/Qs:-300|300:randomizedbluffer|deepstack
STATE:46:cc/cr1200f:Qs|Qh/Ah:-100|100:deepstack|randomizedbluffer
STATE:47:r1200f:Ah|Qs:100|-100:randomizedbluffer|deepstack
STATE:48:cr1200c/:Ah|Ks/Qh:1200|-1200:deepstack|randomizedbluffer
STATE:49:r1200c/:Kh|As/Qh:-1200|1200:randomizedbluffer|deepstack
STATE:50:cr1200f:Qh|Ks:-100|100:deepstack|randomizedbluffer
STATE:51:cr300c/r1200f:Qh|Kh/Qs:300|-300:randomizedbluffer|deepstack
STATE:52:r1200f:As|Qs:100|-100:deepstack|randomizedbluffer
STATE:53:r1200f:Kh|Ks:100|-100:randomizedbluffer|deepstack
STATE:54:cr1200f:Qh|As:-100|100:deepstack|randomizedbluffer
STATE:55:r1200c/:Qh|As/Kh:-1200|1200:randomizedbluffer|deepstack
STATE:56:r1200f:Ah|Ks:100|-100:deepstack|randomizedbluffer
STATE:57:r1200f:As|Kh:100|-100:randomizedbluffer|deepstack
STATE:58:cr300c/r1200c:Qs|As/Qh:1200|-1200:deepstack|randomizedbluffer
STATE:59:r1200f:Ah|Qs:100|-100:randomizedbluffer|deepstack
STATE:60:cr300f:Qs|As:-100|100:deepstack|randomizedbluffer
STATE:61:cr300f:Qh|Ah:-100|100:randomizedbluffer|deepstack
STATE:62:cr300f:Ks|As:-100|100:deepstack|randomizedbluffer
STATE:63:r1200f:Qs|Qh:100|-100:randomizedbluffer|deepstack
STATE:64:cr300f:Ks|As:-100|100:deepstack|randomizedbluffer
STATE:65:r1200f:As|Ks:100|-100:randomizedbluffer|deepstack
STATE:66:cc/cr1200f:Kh|Qs/Ah:-100|100:deepstack|randomizedbluffer
STATE:67:cc/r300f:Kh|Qh/Ks:100|-100:randomizedbluffer|deepstack
STATE:68:cr300f:Qs|Ah:-100|100:deepstack|randomizedbluffer
STATE:69:r1200f:Kh|Qs:100|-100:randomizedbluffer|deepstack
STATE:70:cr300f:Kh|As:-100|100:deepstack|randomizedbluffer
STATE:71:r1200f:Ks|Qs:100|-100:randomizedbluffer|deepstack
STATE:72:cr1200f:Ks|Qs:-100|100:deepstack|randomizedbluffer
STATE:73:cc/r300f:Qh|As/Ks:100|-100:randomizedbluffer|deepstack
STATE:74:cc/cc:Ks|Qs/Ah:100|-100:deepstack|randomizedbluffer
STATE:75:r1200c/:As|Ah/Qs:0|0:randomizedbluffer|deepstack
STATE:76:cc/cr1200f:Qh|Ah/As:-100|100:deepstack|randomizedbluffer
STATE:77:r1200f:As|Qh:100|-100:randomizedbluffer|deepstack
STATE:78:cc/cc:Kh|Ks/Qs:0|0:deepstack|randomizedbluffer
STATE:79:cr300f:Qh|Ah:-100|100:randomizedbluffer|deepstack
STATE:80:cc/cr300f:Qs|Kh/Ks:-100|100:deepstack|randomizedbluffer
STATE:81:cc/cc:Qs|As/Kh:-100|100:randomizedbluffer|deepstack
STATE:82:cr300f:Kh|Qs:-100|100:deepstack|randomizedbluffer
STATE:83:r1200f:Ks|Kh:100|-100:randomizedbluffer|deepstack
STATE:84:r1200f:As|Qs:100|-100:deepstack|randomizedbluffer
STATE:85:r1200f:Ah|Qs:100|-100:randomizedbluffer|deepstack
STATE:86:cr1200f:Ks|As:-100|100:deepstack|randomizedbluffer
STATE:87:r300r1200c/:Ah|As/Ks:0|0:randomizedbluffer|deepstack
STATE:88:r1200f:As|Qh:100|-100:deepstack|randomizedbluffer
STATE:89:cc/r1200f:Ah|Qh/As:100|-100:randomizedbluffer|deepstack
STATE:90:cr1200f:Qh|Qs:-100|100:deepstack|randomizedbluffer
STATE:91:r1200f:As|Kh:100|-100:randomizedbluffer|deepstack
STATE:92:cr300c/cc:Qh|Ks/Ah:-300|300:deepstack|randomizedbluffer
STATE:93:cc/r300f:Qs|Kh/Qh:100|-100:randomizedbluffer|deepstack
STATE:94:r1200f:As|Qh:100|-100:deepstack|randomizedbluffer
STATE:95:r1200f:Qs|Qh:100|-100:randomizedbluffer|deepstack
STATE:96:cc/cr1200c:Ks|Qh/Kh:1200|-1200:deepstack|randomizedbluffer
STATE:97:r1200f:As|Ks:100|-100:randomizedbluffer|deepstack
STATE:98:cr1200f:Kh|As:-100|100:deepstack|randomizedbluffer
STATE:99:r1200f:Ah|Ks:100|-100:randomizedbluffer|deepstack
STATE:100:cr300f:Qs|Ah:-100|100:deepstack|randomizedbluffer
STATE:101:cr300r1200f:Ks|Qs:300|-300:randomizedbluffer|deepstack
STATE:102:cr1200f:Qs|Ah:-100|100:deepstack|randomizedbluffer
STATE:103:r1200c/:Qs|Ah/Qh:1200|-1200:randomizedbluffer|deepstack
STATE:104:cc/cc:Qh|Qs/Ah:0|0:deepstack|randomizedbluffer
STATE:105:cr300r1200c/:Qs|Ah/Qh:1200|-1200:randomizedbluffer|deepstack
STATE:106:cr1200f:Qh|Ah:-100|100:deepstack|randomizedbluffer
STATE:107:cr1200f:Qs|Ah:-100|100:randomizedbluffer|deepstack
STATE:108:cc/cc:Ah|Qs/Kh:100|-100:deepstack|randomizedbluffer
STATE:109:r1200c/:As|Ah/Kh:0|0:randomizedbluffer|deepstack
STATE:110:cr300f:Qh|Ah:-100|100:deepstack|randomizedbluffer
STATE:111:r1200f:Kh|Qs:100|-100:randomizedbluffer|deepstack
STATE:112:cr300f:Qh|Ah:-100|100:deepstack|randomizedbluffer
STATE:113:cc/r1200f:Qs|Qh/Ah:100|-100:randomizedbluffer|deepstack
STATE:114:cr300c/cr1200f:Ks|Ah/As:-300|300:deepstack|randomizedbluffer
STATE:115:cc/cc:Qs|Kh/Ah:-100|100:randomizedbluffer|deepstack
STATE:116:cc/cc:Qh|Qs/Ah:0|0:deepstack|randomizedbluffer
STATE:117:r1200f:Kh|Qh:100|-100:randomizedbluffer|deepstack
STATE:118:cr1200c/:Ah|Ks/As:1200|-1200:deepstack|randomizedbluffer
STATE:119:r1200c/:Kh|As/Qh:-1200|1200:randomizedbluffer|deepstack
STATE:120:r1200c/:Ah|As/Qh:0|0:deepstack|randomizedbluffer
STATE:121:cr300f:Qh|Ah:-100|100:randomizedbluffer|deepstack
STATE:122:cr300c/cc:Qh|Ah/Ks:-300|300:deepstack|randomizedbluffer
STATE:123:r1200f:As|Ks:100|-100:randomizedbluffer|deepstack
STATE:124:cc/cr1200c:Kh|Qh/Ks:1200|-1200:deepstack|randomizedbluffer
STATE:125:r1200f:Qh|Kh:100|-100:randomizedbluffer|deepstack
STATE:126:cr300c/r1200f:Ks|As/Kh:300|-300:deepstack|randomizedbluffer
STATE:127:cc/r1200f:Ks|Qs/Ah:100|-100:randomizedbluffer|deepstack
STATE:128:cc/cr300f:Qh|Kh/As:-100|100:deepstack|randomizedbluffer
STATE:129:cr300f:Qh|As:-100|100:randomizedbluffer|deepstack
STATE:130:cr1200f:Kh|As:-100|100:deepstack|randomizedbluffer
STATE:131:cc/r300f:Kh|Qh/As:100|-100:randomizedbluffer|deepstack
STATE:132:cr300c/r900r1200f:Qs|Ks/Kh:-900|900:deepstack|randomizedbluffer
STATE:133:r1200f:Ah|Qh:100|-100:randomizedbluffer|deepstack
STATE:134:cr1200f:Ks|As:-100|100:deepstack|randomizedbluffer
STATE:135:r1200c/:As|Ah/Qs:0|0:randomizedbluffer|deepstack
STATE:136:r1200f:As|Qh:100|-100:deepstack|randomizedbluffer
STATE:137:r1200f:As|Kh:100|-100:randomizedbluffer|deepstack
STATE:138:r300c/cr1200f:As|Qh/Ks:-300|300:deepstack|randomizedbluffer
STATE:139:cc/cr300r1200c:Qs|Ks/Kh:-1200|1200:randomizedbluffer|deepstack
STATE:140:cc/cr1200f:Qs|As/Ks:-100|100:deepstack|randomizedbluffer
STATE:141:cc/r1200f:Ks|Kh/Qs:100|-100:randomizedbluffer|deepstack
STATE:142:cc/cr300f:Ah|Kh/Qs:-100|100:deepstack|randomizedbluffer
STATE:143:cc/r1200f:Qs|Kh/As:100|-100:randomizedbluffer|deepstack
STATE:144:cc/r300f:Qs|Ah/Qh:100|-100:deepstack|randomizedbluffer
STATE:145:cc/r300f:Ah|Qh/As:100|-100:randomizedbluffer|deepstack
STATE:146:cr1200f:Qh|Ah:-100|100:deepstack|randomizedbluffer
STATE:147:r1200f:Qs|Qh:100|-100:randomizedbluffer|deepstack
STATE:148:cr1200c/:Ah|Qh/Qs:-1200|1200:deepstack|randomizedbluffer
STATE:149:cc/r1200f:As|Ks/Qh:100|-100:randomizedbluffer|deepstack
STATE:150:r1200f:As|Qs:100|-100:deepstack|randomizedbluffer
STATE:151:r1200f:As|Ks:100|-100:randomizedbluffer|deepstack
STATE:152:cc/cc:Ks|Qh/Kh:100|-100:deepstack|randomizedbluffer
STATE:153:cr300c/cr1200f:Qs|Kh/Ah:-300|300:randomizedbluffer|deepstack
STATE:154:cc/cr1200f:Qs|As/Ah:-100|100:deepstack|randomizedbluffer
STATE:155:cc/r1200f:Ks|Qh/As:100|-100:randomizedbluffer|deepstack
STATE:156:cc/r300c:Qs|Ks/Ah:-300|300:deepstack|randomizedbluffer
STATE:157:r1200f:Ah|Qh:100|-100:randomizedbluffer|deepstack
STATE:158:cc/cr1200f:Qh|Ks/As:-100|100:deepstack|randomizedbluffer
STATE:159:cc/cc:Qs|Qh/As:0|0:randomizedbluffer|deepstack
STATE:160:cr1200f:Kh|Qh:-100|100:deepstack|randomizedbluffer
STATE:161:r1200c/:Qs|As/Kh:-1200|1200:randomizedbluffer|deepstack
STATE:162:cr300c/cr900f:Kh|As/Qs:-300|300:deepstack|randomizedbluffer
STATE:163:cc/r1200f:Kh|Qh/As:100|-100:randomizedbluffer|deepstack
STATE:164:cr300r1200f:As|Ks:300|-300:deepstack|randomizedbluffer
STATE:165:r1200f:As|Ks:100|-100:randomizedbluffer|deepstack
STATE:166:cr1200f:Qh|Kh:-100|100:deepstack|randomizedbluffer
STATE:167:cc/r1200c:Ah|Qh/Qs:-1200|1200:randomizedbluffer|deepstack
STATE:168:r1200f:As|Kh:100|-100:deepstack|randomizedbluffer
STATE:169:cr300c/cr1200f:Ks|Ah/As:-300|300:randomizedbluffer|deepstack
STATE:170:cc/r1200f:As|Ks/Ah:100|-100:deepstack|randomizedbluffer
STATE:171:cr300r1200c/:Qh|As/Qs:1200|-1200:randomizedbluffer|deepstack
STATE:172:cc/cc:Qs|Kh/Qh:100|-100:deepstack|randomizedbluffer
STATE:173:r1200c/:Ks|Ah/Qh:-1200|1200:randomizedbluffer|deepstack
STATE:174:cr1200f:Qs|As:-100|100:deepstack|randomizedbluffer
STATE:175:cc/cr300r1200f:Kh|Qh/Ks:300|-300:randomizedbluffer|deepstack
STATE:176:cr300c/cr1200f:Kh|Qh/Qs:-300|300:deepstack|randomizedbluffer
STATE:177:r1200f:Ah|Ks:100|-100:randomizedbluffer|deepstack
STATE:178:cc/cc:Qh|Qs/As:0|0:deepstack|randomizedbluffer
STATE:179:cr300f:Ks|Kh:-100|100:randomizedbluffer|deepstack
STATE:180:cr300f:Qh|Ah:-100|100:deepstack|randomizedbluffer
STATE:181:r1200f:As|Ks:100|-100:randomizedbluffer|deepstack
STATE:182:cc/cr300f:Qh|Qs/Kh:-100|100:deepstack|randomizedbluffer
STATE:183:cc/r1200c:Ah|Qs/Qh:-1200|1200:randomizedbluffer|deepstack
STATE:184:r300c/cr1200c:Qh|Kh/Qs:1200|-1200:deepstack|randomizedbluffer
STATE:185:cc/r1200f:Kh|Ah/Ks:100|-100:randomizedbluffer|deepstack
STATE:186:cc/r300f:Qs|Kh/Qh:100|-100:deepstack|randomizedbluffer
STATE:187:cr300r1200f:As|Qs:300|-300:randomizedbluffer|deepstack
STATE:188:cr1200f:Qh|Ks:-100|100:deepstack|randomizedbluffer
STATE:189:r1200f:As|Kh:100|-100:randomizedbluffer|deepstack
STATE:190:cr300f:Kh|Qh:-100|100:deepstack|randomizedbluffer
STATE:191:cc/cr300f:Kh|Qs/Qh:-100|100:randomizedbluffer|deepstack
STATE:192:cc/cc:Kh|Ah/Qh:-100|100:deepstack|randomizedbluffer
STATE:193:cr300r1200f:Qh|Ks:300|-300:randomizedbluffer|deepstack
STATE:194:cc/cr300f:Kh|Qs/Qh:-100|100:deepstack|randomizedbluffer
STATE:195:cc/r1200c:Qh|Ah/As:-1200|1200:randomizedbluffer|deepstack
STATE:196:r300r1200f:Qs|Ah:-300|300:deepstack|randomizedbluffer
STATE:197:cc/cr300c:Ah|Qh/Qs:-300|300:randomizedbluffer|deepstack
STATE:198:cc/r1200f:Qs|Ks/As:100|-100:deepstack|randomizedbluffer
STATE:199:r1200c/:Kh|As/Qh:-1200|1200:randomizedbluffer|deepstack
STATE:200:cc/cc:Qh|Qs/Kh:0|0:deepstack|randomizedbluffer
STATE:201:r1200f:Qh|Kh:100|-100:randomizedbluffer|deepstack
STATE:202:cc/cc:Qs|Ah/Ks:-100|100:deepstack|randomizedbluffer
STATE:203:cc/r1200c:Ah|Kh/Ks:-1200|1200:randomizedbluffer|deepstack
STATE:204:r1200f:As|Qs:100|-100:deepstack|randomizedbluffer
STATE:205:cr300r1200c/:Ks|Ah/Qs:-1200|1200:randomizedbluffer|deepstack
STATE:206:cr300r1200c/:Ah|As/Ks:0|0:deepstack|randomizedbluffer
STATE:207:r1200f:Ah|Qs:100|-100:randomizedbluffer|deepstack
STATE:208:r300c/cr900f:Ah|Ks/Kh:-300|300:deepstack|randomizedbluffer
STATE:209:cr300f:Qs|As:-100|100:randomizedbluffer|deepstack
STATE:210:cc/r300f:Ks|Qh/As:100|-100:deepstack|randomizedbluffer
STATE:211:cc/r1200f:Qh|Qs/As:100|-100:randomizedbluffer|deepstack
STATE:212:cr300f:Ks|As:-100|100:deepstack|randomizedbluffer
STATE:213:r1200f:Qh|Ks:100|-100:randomizedbluffer|deepstack
STATE:214:r300r1200f:Qh|As:-300|300:deepstack|randomizedbluffer
STATE:215:cr300c/cr1200f:Ks|Ah/As:-300|300:randomizedbluffer|deepstack
STATE:216:r300r1200c/:As|Qs/Qh:-1200|1200:deepstack|randomizedbluffer
STATE:217:r1200c/:Ks|Ah/Qh:-1200|1200:randomizedbluffer|deepstack
STATE:218:r1200c/:As|Ah/Kh:0|0:deepstack|randomizedbluffer
STATE:219:r1200c/:Qh|Ah/Ks:-1200|1200:randomizedbluffer|deepstack
STATE:220:cr300r1200f:Ah|Qs:300|-300:deepstack|randomizedbluffer
STATE:221:cc/r300f:Ks|Qh/As:100|-100:randomizedbluffer|deepstack
STATE:222:cc/r300f:Kh|Ks/As:100|-100:deepstack|randomizedbluffer
STATE:223:cc/cc:Ah|Qh/Kh:100|-100:randomizedbluffer|deepstack
STATE:224:cr300c/cc:Kh|Ah/Qs:-300|300:deepstack|randomizedbluffer
STATE:225:cr300c/cc:Kh|As/Qh:-300|300:randomizedbluffer|deepstack
STATE:226:cr300f:Kh|Ah:-100|100:deepstack|randomizedbluffer
STATE:227:r1200c/:Ah|As/Ks:0|0:randomizedbluffer|deepstack
STATE:228:cc/cr1200f:As|Ah/Qh:-100|100:deepstack|randomizedbluffer
STATE:229:r300c/cr900r1200f:Ks|Qh/Kh:900|-900:randomizedbluffer|deepstack
STATE:230:r300c/cr900r1200f:Qs|Kh/Qh:900|-900:deepstack|randomizedbluffer
STATE:231:r1200f:As|Kh:100|-100:randomizedbluffer|deepstack
STATE:232:cr300f:Kh|Ks:-100|100:deepstack|randomizedbluffer
STATE:233:cc/r1200f:Qh|Kh/Ah:100|-100:randomizedbluffer|deepstack
STATE:234:cr1200f:Ks|Kh:-100|100:deepstack|randomizedbluffer
STATE:235:cc/r300f:Kh|Qs/Ks:100|-100:randomizedbluffer|deepstack
STATE:236:cr300f:Qh|Ks:-100|100:deepstack|randomizedbluffer
STATE:237:r1200f:Ah|Kh:100|-100:randomizedbluffer|deepstack
STATE:238:cr1200c/:As|Ks/Qh:1200|-1200:deepstack|randomizedbluffer
STATE:239:cc/r300f:Ks|Qs/As:100|-100:randomizedbluffer|deepstack
STATE:240:cr300r1200f:Ah|Qs:300|-300:deepstack|randomizedbluffer
STATE:241:cr300r1200f:Ah|Ks:300|-300:randomizedbluffer|deepstack
STATE:242:cc/cr300c:Ks|Kh/Ah:0|0:deepstack|randomizedbluffer
STATE:243:r1200f:Ah|Kh:100|-100:randomizedbluffer|deepstack
STATE:244:cr300r1200f:Ah|Kh:300|-300:deepstack|randomizedbluffer
STATE:245:r1200c/:Qh|Ah/Kh:-1200|1200:randomizedbluffer|deepstack
STATE:246:cr1200f:Kh|As:-100|100:deepstack|randomizedbluffer
STATE:247:r1200f:Ah|Kh:100|-100:randomizedbluffer|deepstack
STATE:248:cr1200c/:Ah|Qs/As:1200|-1200:deepstack|randomizedbluffer
STATE:249:cr300r1200c/:Qs|As/Kh:-1200|1200:randomizedbluffer|deepstack
STATE:250:cr1200f:Ks|Kh:-100|100:deepstack|randomizedbluffer
STATE:251:cr300f:Qh|As:-100|100:randomizedbluffer|deepstack
STATE:252:cc/cr1200f:Ah|Kh/Ks:-100|100:deepstack|randomizedbluffer
STATE:253:r1200c/:Ks|As/Qs:-1200|1200:randomizedbluffer|deepstack
STATE:254:cr300r1200c/:Ah|As/Kh:0|0:deepstack|randomizedbluffer
STATE:255:r1200f:Kh|Ks:100|-100:randomizedbluffer|deepstack
STATE:256:cc/cc:Ks|Qs/As:100|-100:deepstack|randomizedbluffer
STATE:257:cr300r1200c/:As|Ah/Qs:0|0:randomizedbluffer|deepstack
STATE:258:cc/cr1200f:Qh|Qs/Ks:-100|100:deepstack|randomizedbluffer
STATE:259:cc/cc:Qh|Qs/Ks:0|0:randomizedbluffer|deepstack
STATE:260:cr300f:Qh|Ks:-100|100:deepstack|randomizedbluffer
STATE:261:r1200c/:Ks|As/Qh:-1200|1200:randomizedbluffer|deepstack
STATE:262:cr300f:Qh|Kh:-100|100:deepstack|randomizedbluffer
STATE:263:cc/r300f:Kh|Ks/As:100|-100:randomizedbluffer|deepstack
STATE:264:r300r1200f:Kh|As:-300|300:deepstack|randomizedbluffer
STATE:265:r1200f:Kh|Qh:100|-100:randomizedbluffer|deepstack
STATE:266:cr300c/cc:Ks|As/Qs:-300|300:deepstack|randomizedbluffer
STATE:267:cr300f:Qh|Ks:-100|100:randomizedbluffer|deepstack
STATE:268:cr1200c/:Ah|Ks/Kh:-1200|1200:deepstack|randomizedbluffer
STATE:269:r1200f:Ks|Kh:100|-100:randomizedbluffer|deepstack
STATE:270:cr300c/cr1200f:Ks|Ah/Qh:-300|300:deepstack|randomizedbluffer
STATE:271:r1200f:Ks|Qh:100|-100:randomizedbluffer|deepstack
STATE:272:cc/cr300f:Qs|Ks/Kh:-100|100:deepstack|randomizedbluffer
STATE:273:cc/cc:Ks|Qs/Ah:100|-100:randomizedbluffer|deepstack
STATE:274:cc/r300f:Qh|Ah/Kh:100|-100:deepstack|randomizedbluffer
STATE:275:cr300c/cr1200f:Kh|Ah/As:-300|300:randomizedbluffer|deepstack
STATE:276:cc/r300c:Kh|As/Ks:300|-300:deepstack|randomizedbluffer
STATE:277:r1200f:Ks|Kh:100|-100:randomizedbluffer|deepstack
STATE:278:cr300f:Qh|Ah:-100|100:deepstack|randomizedbluffer
STATE:279:cr300f:Ks|As:-100|100:randomizedbluffer|deepstack
STATE:280:cc/cc:Qs|Qh/As:0|0:deepstack|randomizedbluffer
STATE:281:r1200f:As|Qs:100|-100:randomizedbluffer|deepstack
STATE:282:cr300r1200c/:Ah|As/Qh:0|0:deepstack|randomizedbluffer
STATE:283:r1200f:Ah|Kh:100|-100:randomizedbluffer|deepstack
STATE:284:r1200f:As|Kh:100|-100:deepstack|randomizedbluffer
STATE:285:cr300c/r1200c:Qs|Ah/Ks:-1200|1200:randomizedbluffer|deepstack
STATE:286:cc/cc:Qs|Qh/As:0|0:deepstack|randomizedbluffer
STATE:287:cc/r1200f:Ah|Ks/As:100|-100:randomizedbluffer|deepstack
STATE:288:r1200f:Ah|Kh:100|-100:deepstack|randomizedbluffer
STATE:289:cr300r1200c/:As|Ah/Ks:0|0:randomizedbluffer|deepstack
STATE:290:cc/cc:As|Qs/Kh:100|-100:deepstack|randomizedbluffer
STATE:291:r1200f:Qs|Ks:100|-100:randomizedbluffer|deepstack
STATE:292:cr1200c/:As|Ah/Kh:0|0:deepstack|randomizedbluffer
STATE:293:cc/cc:Ah|Ks/Qh:100|-100:randomizedbluffer|deepstack
STATE:294:cr300c/cr1200c:Ks|As/Kh:1200|-1200:deepstack|randomizedbluffer
STATE:295:r1200c/:As|Ah/Kh:0|0:randomizedbluffer|deepstack
STATE:296:cc/cc:Qs|Ah/Kh:-100|100:deepstack|randomizedbluffer
STATE:297:r1200f:As|Qs:100|-100:randomizedbluffer|deepstack
STATE:298:cr1200c/:As|Qh/Ah:1200|-1200:deepstack|randomizedbluffer
STATE:299:r1200f:Qs|Ks:100|-100:randomizedbluffer|deepstack
STATE:300:cc/cc:Qh|Qs/Kh:0|0:deepstack|randomizedbluffer
STATE:301:r1200c/:Qs|As/Kh:-1200|1200:randomizedbluffer|deepstack
STATE:302:r1200f:As|Kh:100|-100:deepstack|randomizedbluffer
STATE:303:cr300f:Qh|Qs:-100|100:randomizedbluffer|deepstack
STATE:304:cc/cr300c:Ah|Qs/Kh:300|-300:deepstack|randomizedbluffer
STATE:305:cr300r1200f:Ah|Qs:300|-300:randomizedbluffer|deepstack
STATE:306:cr300f:Kh|As:-100|100:deepstack|randomizedbluffer
STATE:307:r1200f:As|Ks:100|-100:randomizedbluffer|deepstack
STATE:308:cr300f:Kh|Ah:-100|100:deepstack|randomizedbluffer
STATE:309:cc/cc:Qh|Kh/Ah:-100|100:randomizedbluffer|deepstack
STATE:310:cr1200c/:Ah|Ks/As:1200|-1200:deepstack|randomizedbluffer
STATE:311:r1200f:As|Qh:100|-100:randomizedbluffer|deepstack
STATE:312:cr300c/r900r1200c:Ks|As/Kh:1200|-1200:deepstack|randomizedbluffer
STATE:313:cr300r1200c/:Ks|Ah/As:-1200|1200:randomizedbluffer|deepstack
STATE:314:cr300f:Qh|As:-100|100:deepstack|randomizedbluffer
STATE:315:cr300f:Ks|As:-100|100:randomizedbluffer|deepstack
STATE:316:cc/cr1200f:Kh|Ks/Qh:-100|100:deepstack|randomizedbluffer
STATE:317:cc/r1200f:Kh|Qh/As:100|-100:randomizedbluffer|deepstack
STATE:318:cr300f:Qh|Kh:-100|100:deepstack|randomizedbluffer
STATE:319:r1200f:Ks|Qh:100|-100:randomizedbluffer|deepstack
STATE:320:r1200c/:As|Ah/Qs:0|0:deepstack|randomizedbluffer
STATE:321:cc/r1200f:Ks|Kh/Qs:100|-100:randomizedbluffer|deepstack
STATE:322:cr1200f:Ks|Qs:-100|100:deepstack|randomizedbluffer
STATE:323:cc/cc:Ks|Kh/Qh:0|0:randomizedbluffer|deepstack
STATE:324:cr1200f:Kh|Qs:-100|100:deepstack|randomizedbluffer
STATE:325:r1200c/:Ks|As/Ah:-1200|1200:randomizedbluffer|deepstack
STATE:326:cr300f:Ks|Ah:-100|100:deepstack|randomizedbluffer
STATE:327:r1200f:Ah|Qs:100|-100:randomizedbluffer|deepstack
STATE:328:cc/cc:Kh|Ks/Qs:0|0:deepstack|randomizedbluffer
STATE:329:cc/cc:Qs|As/Qh:100|-100:randomizedbluffer|deepstack
STATE:330:r1200f:Ah|Kh:100|-100:deepstack|randomizedbluffer
STATE:331:cc/r300f:Ks|Qh/Kh:100|-100:randomizedbluffer|deepstack
STATE:332:cc/cc:Ks|Qs/Ah:100|-100:deepstack|randomizedbluffer
STATE:333:r1200c/:As|Ah/Qs:0|0:randomizedbluffer|deepstack
STATE:334:cc/cc:Ks|Qs/Ah:100|-100:deepstack|randomizedbluffer
STATE:335:cc/cc:Ah|Qh/Kh:100|-100:randomizedbluffer|deepstack
STATE:336:cr1200f:Qs|Qh:-100|100:deepstack|randomizedbluffer
STATE:337:cr300f:Kh|Ah:-100|100:randomizedbluffer|deepstack
STATE:338:cr1200f:Kh|Ah:-100|100:deepstack|randomizedbluffer
STATE:339:r1200f:As|Ks:100|-100:randomizedbluffer|deepstack
STATE:340:cr1200f:Ks|Kh:-100|100:deepstack|randomizedbluffer
STATE:341:r1200c/:As|Ah/Qh:0|0:randomizedbluffer|deepstack
STATE:342:cr1200f:Kh|Ah:-100|100:deepstack|randomizedbluffer
STATE:343:cc/cc:Ks|Qs/Ah:100|-100:randomizedbluffer|deepstack
STATE:344:r1200f:As|Ks:100|-100:deepstack|randomizedbluffer
STATE:345:cr300r1200c/:Ah|As/Qs:0|0:randomizedbluffer|deepstack
STATE:346:cr1200f:Ks|Qh:-100|100:deepstack|randomizedbluffer
STATE:347:r1200f:As|Ks:100|-100:randomizedbluffer|deepstack
STATE:348:cr1200f:Qh|Qs:-100|100:deepstack|randomizedbluffer
STATE:349:r1200c/:Ks|Ah/Qh:-1200|1200:randomizedbluffer|deepstack
STATE:350:cc/r300c:Qh|Ks/As:-300|300:deepstack|randomizedbluffer
STATE:351:cc/r1200c:Kh|Qh/Qs:-1200|1200:randomizedbluffer|deepstack
STATE:352:cr1200f:Ks|Qs:-100|100:deepstack|randomizedbluffer
STATE:353:cr300f:Kh|Ah:-100|100:randomizedbluffer|deepstack
STATE:354:cc/cr300r1200f:Qs|Ks/Qh:300|-300:deepstack|randomizedbluffer
STATE:355:cr300r1200c/:Qh|Ah/Ks:-1200|1200:randomizedbluffer|deepstack
STATE:356:r1200f:As|Qs:100|-100:deepstack|randomizedbluffer
STATE:357:r1200f:Ah|Kh:100|-100:randomizedbluffer|deepstack
STATE:358:cc/cc:Qs|Kh/Ah:-100|100:deepstack|randomizedbluffer
STATE:359:r1200f:Ah|Qh:100|-100:randomizedbluffer|deepstack
STATE:360:cr300c/cr1200f:Qh|Ks/As:-300|300:deepstack|randomizedbluffer
STATE:361:cr300f:Kh|Qh:-100|100:randomizedbluffer|deepstack
STATE:362:cc/cc:Ah|As/Kh:0|0:deepstack|randomizedbluffer
STATE:363:r1200f:As|Kh:100|-100:randomizedbluffer|deepstack
STATE:364:cr1200c/:Ah|Ks/As:1200|-1200:deepstack|randomizedbluffer
STATE:365:r300c/cc:Qs|Ks/Qh:300|-300:randomizedbluffer|deepstack
STATE:366:cr300f:Qh|Kh:-100|100:deepstack|randomizedbluffer
STATE:367:cc/r1200c:Kh|Qh/Qs:-1200|1200:randomizedbluffer|deepstack
STATE:368:cc/cc:Ks|Qs/As:100|-100:deepstack|randomizedbluffer
STATE:369:cr300f:Kh|As:-100|100:randomizedbluffer|deepstack
STATE:370:cr1200c/:Ah|Qh/As:1200|-1200:deepstack|randomizedbluffer
STATE:371:r1200f:Kh|Ks:100|-100:randomizedbluffer|deepstack
STATE:372:cr1200c/:Ah|As/Ks:0|0:deepstack|randomizedbluffer
STATE:373:cr300r1200f:Qh|Ks:300|-300:randomizedbluffer|deepstack
STATE:374:cr1200c/:Ah|Qh/Ks:1200|-1200:deepstack|randomizedbluffer
STATE:375:cc/r1200f:Ah|Qh/Kh:100|-100:randomizedbluffer|deepstack
STATE:376:cc/cc:Ks|As/Qs:-100|100:deepstack|randomizedbluffer
STATE:377:cc/r1200f:Kh|Qh/Ks:100|-100:randomizedbluffer|deepstack
STATE:378:r1200f:As|Kh:100|-100:deepstack|randomizedbluffer
STATE:379:cr300r1200c/:Ks|As/Kh:1200|-1200:randomizedbluffer|deepstack
STATE:380:cc/cr300f:Ah|Qh/Kh:-100|100:deepstack|randomizedbluffer
STATE:381:cc/r300c:Ah|Ks/As:300|-300:randomizedbluffer|deepstack
STATE:382:cr1200f:Qh|As:-100|100:deepstack|randomizedbluffer
STATE:383:cr300f:Ks|As:-100|100:randomizedbluffer|deepstack
STATE:384:cr1200c/:Ah|Qs/Qh:-1200|1200:deepstack|randomizedbluffer
STATE:385:cc/cr300c:Ah|Kh/Ks:-300|300:randomizedbluffer|deepstack
STATE:386:r300r1200c/:Ah|Qs/Qh:-1200|1200:deepstack|randomizedbluffer
STATE:387:r1200f:Qh|Kh:100|-100:randomizedbluffer|deepstack
STATE:388:cc/cr1200f:As|Qs/Kh:-100|100:deepstack|randomizedbluffer
STATE:389:r1200f:Ks|Qh:100|-100:randomizedbluffer|deepstack
STATE:390:cr300c/cc:Ks|As/Qh:-300|300:deepstack|randomizedbluffer
STATE:391:r300r1200f:Ks|As:-300|300:randomizedbluffer|deepstack
STATE:392:cc/cr300c:As|Ks/Kh:-300|300:deepstack|randomizedbluffer
STATE:393:r1200c/:Kh|As/Ks:1200|-1200:randomizedbluffer|deepstack
STATE:394:cr1200f:Qs|As:-100|100:deepstack|randomizedbluffer
STATE:395:cr300c/r1200c:Kh|As/Ah:-1200|1200:randomizedbluffer|deepstack
STATE:396:cr300f:Ks|Qs:-100|100:deepstack|randomizedbluffer
STATE:397:cc/r1200c:Ah|Kh/Ks:-1200|1200:randomizedbluffer|deepstack
STATE:398:cc/cc:Qs|Ks/Ah:-100|100:deepstack|randomizedbluffer
STATE:399:cr300r1200c/:Qh|Ah/As:-1200|1200:randomizedbluffer|deepstack
STATE:400:cr1200c/:Ah|Kh/Ks:-1200|1200:deepstack|randomizedbluffer
STATE:401:cr300r1200c/:Qh|Ah/Kh:-1200|1200:randomizedbluffer|deepstack
STATE:402:cr300c/r1200f:Qh|Ah/Kh:300|-300:deepstack|randomizedbluffer
STATE:403:cc/cc:Kh|Qs/Ks:100|-100:randomizedbluffer|deepstack
STATE:404:cr1200c/:As|Qh/Qs:-1200|1200:deepstack|randomizedbluffer
STATE:405:cr300r1200c/:Qs|Ah/Ks:-1200|1200:randomizedbluffer|deepstack
STATE:406:cr300r1200f:Ah|Kh:300|-300:deepstack|randomizedbluffer
STATE:407:cr300f:Qs|As:-100|100:randomizedbluffer|deepstack
STATE:408:cr1200f:Ks|Qs:-100|100:deepstack|randomizedbluffer
STATE:409:r1200f:Ah|Qs:100|-100:randomizedbluffer|deepstack
STATE:410:cc/r1200f:As|Kh/Ah:100|-100:deepstack|randomizedbluffer
STATE:411:r1200f:Ks|Qs:100|-100:randomizedbluffer|deepstack
STATE:412:cr1200f:Qs|Kh:-100|100:deepstack|randomizedbluffer
STATE:413:cc/r300f:Kh|Ks/Qh:100|-100:randomizedbluffer|deepstack
STATE:414:cc/cr1200c:Kh|Qh/Ks:1200|-1200:deepstack|randomizedbluffer
STATE:415:cc/cr300f:Qh|Ks/Kh:-100|100:randomizedbluffer|deepstack
STATE:416:cr300f:Qh|Qs:-100|100:deepstack|randomizedbluffer
STATE:417:cr300f:Kh|As:-100|100:randomizedbluffer|deepstack
STATE:418:cr300r1200f:Ah|Ks:300|-300:deepstack|randomizedbluffer
STATE:419:cc/r1200f:Ah|Qs/As:100|-100:randomizedbluffer|deepstack
STATE:420:cc/cc:Qs|Ks/As:-100|100:deepstack|randomizedbluffer
STATE:421:cr300r1200f:As|Ks:300|-300:randomizedbluffer|deepstack
STATE:422:cr1200f:Qs|Ah:-100|100:deepstack|randomizedbluffer
STATE:423:cc/cc:Kh|Ks/Qs:0|0:randomizedbluffer|deepstack
STATE:424:r1200f:As|Qs:100|-100:deepstack|randomizedbluffer
STATE:425:cr300f:Qs|As:-100|100:randomizedbluffer|deepstack
STATE:426:cr1200f:Qs|Ah:-100|100:deepstack|randomizedbluffer
STATE:427:cc/cc:Qs|Kh/Qh:100|-100:randomizedbluffer|deepstack
STATE:428:r1200f:As|Qs:100|-100:deepstack|randomizedbluffer
STATE:429:cr300f:Kh|Ah:-100|100:randomizedbluffer|deepstack
STATE:430:cr1200f:Qh|Ks:-100|100:deepstack|randomizedbluffer
STATE:431:cc/cc:As|Qs/Kh:100|-100:randomizedbluffer|deepstack
STATE:432:cc/cc:Kh|Ks/Ah:0|0:deepstack|randomizedbluffer
STATE:433:cc/cr300r1200c:Ah|Qh/Qs:-1200|1200:randomizedbluffer|deepstack
STATE:434:cr300r1200f:Ah|Qh:300|-300:deepstack|randomizedbluffer
STATE:435:r1200c/:Qh|Ah/Ks:-1200|1200:randomizedbluffer|deepstack
STATE:436:r1200f:As|Kh:100|-100:deepstack|randomizedbluffer
STATE:437:cc/r300f:Ah|Qh/As:100|-100:randomizedbluffer|deepstack
STATE:438:cc/cr1200f:Ah|Qs/Qh:-100|100:deepstack|randomizedbluffer
STATE:439:cc/cr300r1200c:Kh|Qh/Qs:-1200|1200:randomizedbluffer|deepstack
STATE:440:cc/r300f:Ah|Ks/As:100|-100:deepstack|randomizedbluffer
STATE:441:cr300r1200c/:Kh|Ah/As:-1200|1200:randomizedbluffer|deepstack
STATE:442:r1200f:Ah|Kh:100|-100:deepstack|randomizedbluffer
STATE:443:cc/cr300f:Ah|Ks/Kh:-100|100:randomizedbluffer|deepstack
STATE:444:cc/cr1200f:Kh|As/Qs:-100|100:deepstack|randomizedbluffer
STATE:445:cc/r1200f:Ah|Qh/Kh:100|-100:randomizedbluffer|deepstack
STATE:446:cc/cr1200c:Kh|Ah/Ks:1200|-1200:deepstack|randomizedbluffer
STATE:447:r300c/cr900r1200f:Ah|Qs/Ks:900|-900:randomizedbluffer|deepstack
STATE:448:cr1200c/:Ah|Ks/As:1200|-1200:deepstack|randomizedbluffer
STATE:449:cr300f:Qh|Ks:-100|100:randomizedbluffer|deepstack
STATE:450:cc/cc:Qs|As/Kh:-100|100:deepstack|randomizedbluffer
STATE:451:cc/cc:Qh|Qs/As:0|0:randomizedbluffer|deepstack
STATE:452:cr300f:Kh|Qh:-100|100:deepstack|randomizedbluffer
STATE:453:cc/r1200f:Kh|Ks/Qh:100|-100:randomizedbluffer|deepstack
STATE:454:cr300c/r900r1200c:Kh|Ah/Ks:1200|-1200:deepstack|randomizedbluffer
STATE:455:r1200f:Qs|Qh:100|-100:randomizedbluffer|deepstack
STATE:456:cc/cc:Ah|As/Ks:0|0:deepstack|randomizedbluffer
STATE:457:r1200f:Qs|Kh:100|-100:randomizedbluffer|deepstack
STATE:458:cc/cr1200f:Qs|As/Kh:-100|100:deepstack|randomizedbluffer
STATE:459:cr300c/r900c:Ks|Ah/Qs:-900|900:randomizedbluffer|deepstack
STATE:460:cr300f:Kh|As:-100|100:deepstack|randomizedbluffer
STATE:461:cr300f:Qh|As:-100|100:randomizedbluffer|deepstack
STATE:462:r1200c/:As|Ah/Qs:0|0:deepstack|randomizedbluffer
STATE:463:cc/cr300r1200f:Ah|Qh/Ks:300|-300:randomizedbluffer|deepstack
STATE:464:r1200f:As|Ks:100|-100:deepstack|randomizedbluffer
STATE:465:cc/r1200f:Qh|Ks/Qs:100|-100:randomizedbluffer|deepstack
STATE:466:cc/cc:Ah|Kh/Qh:100|-100:deepstack|randomizedbluffer
STATE:467:r1200f:As|Qs:100|-100:randomizedbluffer|deepstack
STATE:468:cc/cr300f:Ks|Qs/Qh:-100|100:deepstack|randomizedbluffer
STATE:469:r1200f:Kh|Qs:100|-100:randomizedbluffer|deepstack
STATE:470:cr1200f:Ks|Qs:-100|100:deepstack|randomizedbluffer
STATE:471:cc/r300f:Kh|Qs/As:100|-100:randomizedbluffer|deepstack
STATE:472:cr300f:Ks|As:-100|100:deepstack|randomizedbluffer
STATE:473:cr300r1200f:Kh|Qh:300|-300:randomizedbluffer|deepstack
STATE:474:cr1200c/:As|Kh/Ks:-1200|1200:deepstack|randomizedbluffer
STATE:475:cc/cc:Ah|Qs/Kh:100|-100:randomizedbluffer|deepstack
STATE:476:r1200f:Ah|Ks:100|-100:deepstack|randomizedbluffer
STATE:477:cc/cr300r1200f:Kh|Qs/Ks:300|-300:randomizedbluffer|deepstack
STATE:478:cr1200f:Qh|Kh:-100|100:deepstack|randomizedbluffer
STATE:479:r1200f:Qh|Ks:100|-100:randomizedbluffer|deepstack
STATE:480:r1200f:As|Ks:100|-100:deepstack|randomizedbluffer
STATE:481:cr300f:Kh|Ah:-100|100:randomizedbluffer|deepstack
STATE:482:cr1200f:Qs|As:-100|100:deepstack|randomizedbluffer
STATE:483:r1200f:As|Kh:100|-100:randomizedbluffer|deepstack
STATE:484:cr1200f:Ks|Ah:-100|100:deepstack|randomizedbluffer
STATE:485:cc/cc:Qh|Kh/As:-100|100:randomizedbluffer|deepstack
STATE:486:cr300c/cr1200f:Qs|Ks/Kh:-300|300:deepstack|randomizedbluffer
STATE:487:r1200c/:As|Ah/Qh:0|0:randomizedbluffer|deepstack
STATE:488:cr300f:Ks|Ah:-100|100:deepstack|randomizedbluffer
STATE:489:r1200f:Ah|Kh:100|-100:randomizedbluffer|deepstack
STATE:490:cr300f:Ks|As:-100|100:deepstack|randomizedbluffer
STATE:491:cr300r1200f:Ah|Ks:300|-300:randomizedbluffer|deepstack
STATE:492:cc/cr1200f:Ks|Ah/Qh:-100|100:deepstack|randomizedbluffer
STATE:493:cc/r1200f:Qs|Kh/Ah:100|-100:randomizedbluffer|deepstack
STATE:494:cr300c/cr1200f:Ks|As/Qs:-300|300:deepstack|randomizedbluffer
STATE:495:r1200f:As|Ks:100|-100:randomizedbluffer|deepstack
STATE:496:cr1200f:Qh|As:-100|100:deepstack|randomizedbluffer
STATE:497:cc/r1200f:Ah|Kh/As:100|-100:randomizedbluffer|deepstack
STATE:498:cc/cr300c:Ah|Kh/Qs:300|-300:deepstack|randomizedbluffer
STATE:499:r1200c/:As|Ah/Qh:0|0:randomizedbluffer|deepstack
STATE:500:cr300f:Ks|Ah:-100|100:deepstack|randomizedbluffer
STATE:501:cc/cc:Ah|Qs/Kh:100|-100:randomizedbluffer|deepstack
STATE:502:cc/cr1200f:Ah|Qs/Kh:-100|100:deepstack|randomizedbluffer
STATE:503:cr300c/cr900f:Ks|Ah/As:-300|300:randomizedbluffer|deepstack
STATE:504:cr1200c/:Ah|Qs/Ks:1200|-1200:deepstack|randomizedbluffer
STATE:505:cr300r1200c/:Qh|Ah/Ks:-1200|1200:randomizedbluffer|deepstack
STATE:506:cr300r1200f:Ah|Kh:300|-300:deepstack|randomizedbluffer
STATE:507:r1200f:Qs|Ks:100|-100:randomizedbluffer|deepstack
STATE:508:cr1200f:Kh|Ah:-100|100:deepstack|randomizedbluffer
STATE:509:cc/cc:Ah|Qh/Kh:100|-100:randomizedbluffer|deepstack
STATE:510:cr300f:Qs|Ah:-100|100:deepstack|randomizedbluffer
STATE:511:cr300c/r900f:Qs|Ah/Qh:300|-300:randomizedbluffer|deepstack
STATE:512:cc/r300c:Kh|Ks/As:0|0:deepstack|randomizedbluffer
STATE:513:r1200f:Ks|Qh:100|-100:randomizedbluffer|deepstack
STATE:514:cr1200f:Ks|Qh:-100|100:deepstack|randomizedbluffer
STATE:515:r1200f:Ah|Ks:100|-100:randomizedbluffer|deepstack
STATE:516:cr1200f:Ks|Kh:-100|100:deepstack|randomizedbluffer
STATE:517:cc/cc:Kh|Qh/Ah:100|-100:randomizedbluffer|deepstack
STATE:518:cr1200f:Kh|Ah:-100|100:deepstack|randomizedbluffer
STATE:519:cc/r1200f:Qs|Kh/Ah:100|-100:randomizedbluffer|deepstack
STATE:520:cc/r1200c:Ah|Kh/As:1200|-1200:deepstack|randomizedbluffer
STATE:521:r1200f:As|Kh:100|-100:randomizedbluffer|deepstack
STATE:522:cr300c/cr1200f:Qh|As/Kh:-300|300:deepstack|randomizedbluffer
STATE:523:cc/r300f:Ks|Kh/As:100|-100:randomizedbluffer|deepstack
STATE:524:cr1200f:Ks|Qh:-100|100:deepstack|randomizedbluffer
STATE:525:cr300f:Qs|As:-100|100:randomizedbluffer|deepstack
STATE:526:cr1200f:Ks|Ah:-100|100:deepstack|randomizedbluffer
STATE:527:cr300c/cr1200f:Kh|As/Qs:-300|300:randomizedbluffer|deepstack
STATE:528:cc/cc:Ks|Qh/Ah:100|-100:deepstack|randomizedbluffer
STATE:529:cr300r1200c/:Kh|As/Ks:1200|-1200:randomizedbluffer|deepstack
STATE:530:r1200f:Ah|Ks:100|-100:deepstack|randomizedbluffer
STATE:531:r1200c/:Qh|Ah/As:-1200|1200:randomizedbluffer|deepstack
STATE:532:cr300r1200c/:As|Ah/Qh:0|0:deepstack|randomizedbluffer
STATE:533:cr300r1200c/:Qs|Ah/As:-1200|1200:randomizedbluffer|deepstack
STATE:534:r1200f:Ah|Ks:100|-100:deepstack|randomizedbluffer
STATE:535:cr300r1200c/:Ks|Ah/Qs:-1200|1200:randomizedbluffer|deepstack
STATE:536:r1200f:As|Qh:100|-100:deepstack|randomizedbluffer
STATE:537:r1200c/:Kh|As/Qs:-1200|1200:randomizedbluffer|deepstack
STATE:538:cr1200f:Ks|Ah:-100|100:deepstack|randomizedbluffer
STATE:539:cc/cc:Kh|As/Qs:-100|100:randomizedbluffer|deepstack
STATE:540:cr1200f:Ks|Kh:-100|100:deepstack|randomizedbluffer
STATE:541:cr300f:Ks|As:-100|100:randomizedbluffer|deepstack
STATE:542:cc/cc:Qh|Ah/Kh:-100|100:deepstack|randomizedbluffer
STATE:543:r1200f:Qs|Ks:100|-100:randomizedbluffer|deepstack
STATE:544:r1200f:As|Qh:100|-100:deepstack|randomizedbluffer
STATE:545:cr300r1200f:Ah|Qh:300|-300:randomizedbluffer|deepstack
STATE:546:cr1200f:Ks|Qs:-100|100:deepstack|randomizedbluffer
STATE:547:cc/r300c:Ah|Kh/As:300|-300:randomizedbluffer|deepstack
STATE:548:cr1200f:Ks|Kh:-100|100:deepstack|randomizedbluffer
STATE:549:cc/cr1200f:Qs|Qh/Ah:-100|100:randomizedbluffer|deepstack
STATE:550:cc/cr1200c:Qs|Kh/Qh:1200|-1200:deepstack|randomizedbluffer
STATE:551:r1200f:As|Kh:100|-100:randomizedbluffer|deepstack
STATE:552:cr1200f:Qh|Qs:-100|100:deepstack|randomizedbluffer
STATE:553:cc/r1200f:Qs|Qh/Ks:100|-100:randomizedbluffer|deepstack
STATE:554:cr1200f:Kh|Ah:-100|100:deepstack|randomizedbluffer
STATE:555:r1200f:Kh|Ks:100|-100:randomizedbluffer|deepstack
STATE:556:r1200f:As|Kh:100|-100:deepstack|randomizedbluffer
STATE:557:r1200f:As|Qh:100|-100:randomizedbluffer|deepstack
STATE:558:cr300f:Ks|Ah:-100|100:deepstack|randomizedbluffer
STATE:559:r1200c/:Kh|Ah/Ks:1200|-1200:randomizedbluffer|deepstack
STATE:560:cr1200c/:Ah|Qh/As:1200|-1200:deepstack|randomizedbluffer
STATE:561:cc/r1200c:Qh|Ks/Ah:-1200|1200:randomizedbluffer|deepstack
STATE:562:cc/r300f:Kh|Qs/As:100|-100:deepstack|randomizedbluffer
STATE:563:cr300f:Qs|Ah:-100|100:randomizedbluffer|deepstack
STATE:564:cr300c/cr1200f:Ks|Ah/Qs:-300|300:deepstack|randomizedbluffer
STATE:565:r1200f:Ah|Ks:100|-100:randomizedbluffer|deepstack
STATE:566:cr300f:Kh|Ah:-100|100:deepstack|randomizedbluffer
STATE:567:cc/cc:Ah|Ks/Qs:100|-100:randomizedbluffer|deepstack
STATE:568:cc/r300c:Ah|Ks/As:300|-300:deepstack|randomizedbluffer
STATE:569:r1200f:Qs|Qh:100|-100:randomizedbluffer|deepstack
STATE:570:cr300f:Qh|Ah:-100|100:deepstack|randomizedbluffer
STATE:571:cc/r300f:Ks|Ah/Kh:100|-100:randomizedbluffer|deepstack
STATE:572:cc/cc:Kh|Qs/Ks:100|-100:deepstack|randomizedbluffer
STATE:573:r1200c/:As|Ah/Ks:0|0:randomizedbluffer|deepstack
STATE:574:cr1200c/:As|Qs/Ah:1200|-1200:deepstack|randomizedbluffer
STATE:575:cr300r1200c/:Kh|Ah/Ks:1200|-1200:randomizedbluffer|deepstack
STATE:576:r1200f:As|Ks:100|-100:deepstack|randomizedbluffer
STATE:577:r1200f:Ah|Ks:100|-100:randomizedbluffer|deepstack
STATE:578:cr1200f:Qs|Ah:-100|100:deepstack|randomizedbluffer
STATE:579:cc/cc:Qh|Ah/Qs:100|-100:randomizedbluffer|deepstack
STATE:580:cc/cr1200f:Ah|Qs/Ks:-100|100:deepstack|randomizedbluffer
STATE:581:cr300r1200f:Kh|Ks:300|-300:randomizedbluffer|deepstack
STATE:582:cr1200f:Qs|As:-100|100:deepstack|randomizedbluffer
STATE:583:cr300f:Kh|Ah:-100|100:randomizedbluffer|deepstack
STATE:584:cr300f:Qs|As:-100|100:deepstack|randomizedbluffer
STATE:585:cc/cc:Kh|Ah/Qs:-100|100:randomizedbluffer|deepstack
STATE:586:cr1200f:Qs|Kh:-100|100:deepstack|randomizedbluffer
STATE:587:cr300r1200c/:Ah|As/Qh:0|0:randomizedbluffer|deepstack
STATE:588:cr300r1200c/:Ah|As/Qs:0|0:deepstack|randomizedbluffer
STATE:589:cc/r1200f:Ah|As/Qs:100|-100:randomizedbluffer|deepstack
STATE:590:cr1200f:Kh|Ks:-100|100:deepstack|randomizedbluffer
STATE:591:cr300r1200f:Qs|Ks:300|-300:randomizedbluffer|deepstack
STATE:592:cc/cr1200f:Ah|As/Kh:-100|100:deepstack|randomizedbluffer
STATE:593:cc/r1200f:Ah|Qs/Ks:100|-100:randomizedbluffer|deepstack
STATE:594:r1200c/:As|Ah/Qs:0|0:deepstack|randomizedbluffer
STATE:595:cr300f:Qs|Qh:-100|100:randomizedbluffer|deepstack
STATE:596:cr1200f:Kh|Qh:-100|100:deepstack|randomizedbluffer
STATE:597:r1200c/:Qh|As/Qs:1200|-1200:randomizedbluffer|deepstack
STATE:598:cc/cr300f:Ah|Kh/Qs:-100|100:deepstack|randomizedbluffer
STATE:599:cc/r1200c:As|Ks/Kh:-1200|1200:randomizedbluffer|deepstack
STATE:600:cr300c/cr1200c:Ah|Ks/Qs:1200|-1200:deepstack|randomizedbluffer
STATE:601:cc/r1200f:Ah|Qh/Kh:100|-100:randomizedbluffer|deepstack
STATE:602:cr1200f:Ks|Ah:-100|100:deepstack|randomizedbluffer
STATE:603:cr300r1200c/:Ah|As/Ks:0|0:randomizedbluffer|deepstack
STATE:604:cr300f:Qh|Ah:-100|100:deepstack|randomizedbluffer
STATE:605:cc/cc:Qs|Qh/Ks:0|0:randomizedbluffer|deepstack
STATE:606:cr300r1200f:Ah|Qh:300|-300:deepstack|randomizedbluffer
STATE:607:r1200c/:Ks|Ah/Qh:-1200|1200:randomizedbluffer|deepstack
STATE:608:cr300r1200c/:Ah|As/Ks:0|0:deepstack|randomizedbluffer
STATE:609:r1200f:As|Qh:100|-100:randomizedbluffer|deepstack
STATE:610:cr1200f:Qs|Ah:-100|100:deepstack|randomizedbluffer
STATE:611:cc/cr300f:As|Qs/Qh:-100|100:randomizedbluffer|deepstack
STATE:612:cr1200f:Kh|Ks:-100|100:deepstack|randomizedbluffer
STATE:613:cr300r1200f:Ah|Ks:300|-300:randomizedbluffer|deepstack
STATE:614:cr300r1200c/:Ah|As/Ks:0|0:deepstack|randomizedbluffer
STATE:615:cc/cc:Ks|Qs/Kh:100|-100:randomizedbluffer|deepstack
STATE:616:r1200c/:As|Ah/Qh:0|0:deepstack|randomizedbluffer
STATE:617:cc/cr300f:Kh|Qs/Qh:-100|100:randomizedbluffer|deepstack
STATE:618:r1200c/:As|Ah/Qs:0|0:deepstack|randomizedbluffer
STATE:619:cr300r1200c/:Ah|As/Ks:0|0:randomizedbluffer|deepstack
STATE:620:cc/r300c:Qs|As/Ks:-300|300:deepstack|randomizedbluffer
STATE:621:r1200c/:Qh|As/Kh:-1200|1200:randomizedbluffer|deepstack
STATE:622:cc/r300r1200c:Ah|Kh/As:1200|-1200:deepstack|randomizedbluffer
STATE:623:cc/cc:Qh|Ks/Ah:-100|100:randomizedbluffer|deepstack
STATE:624:cr1200f:Kh|Ah:-100|100:deepstack|randomizedbluffer
STATE:625:r1200c/:Ks|As/Kh:1200|-1200:randomizedbluffer|deepstack
STATE:626:cc/cr1200c:Qh|Kh/Qs:1200|-1200:deepstack|randomizedbluffer
STATE:627:r300r1200f:Ks|As:-300|300:randomizedbluffer|deepstack
STATE:628:cc/cr1200f:Ks|Qs/Ah:-100|100:deepstack|randomizedbluffer
STATE:629:cc/cc:Qh|Ks/Ah:-100|100:randomizedbluffer|deepstack
STATE:630:cr300f:Kh|As:-100|100:deepstack|randomizedbluffer
STATE:631:r1200f:Ah|Qh:100|-100:randomizedbluffer|deepstack
STATE:632:cr300f:Kh|As:-100|100:deepstack|randomizedbluffer
STATE:633:cc/r1200f:Qs|Kh/As:100|-100:randomizedbluffer|deepstack
STATE:634:cr1200f:Ks|Qs:-100|100:deepstack|randomizedbluffer
STATE:635:r1200c/:Qh|Ah/Qs:1200|-1200:randomizedbluffer|deepstack
STATE:636:cr1200f:Qh|Ah:-100|100:deepstack|randomizedbluffer
STATE:637:cc/cr300f:Ks|Qh/Qs:-100|100:randomizedbluffer|deepstack
STATE:638:cc/cr300f:Kh|Qs/Qh:-100|100:deepstack|randomizedbluffer
STATE:639:cc/r1200f:Ah|As/Qh:100|-100:randomizedbluffer|deepstack
STATE:640:cr1200c/:As|Qs/Ks:1200|-1200:deepstack|randomizedbluffer
STATE:641:cc/cr300c:As|Qs/Qh:-300|300:randomizedbluffer|deepstack
STATE:642:cr1200f:Qs|Kh:-100|100:deepstack|randomizedbluffer
STATE:643:cr300f:Ks|As:-100|100:randomizedbluffer|deepstack
STATE:644:cr1200f:Qs|Qh:-100|100:deepstack|randomizedbluffer
STATE:645:r1200f:Qh|Kh:100|-100:randomizedbluffer|deepstack
STATE:646:cc/cr300f:Ks|Qs/Qh:-100|100:deepstack|randomizedbluffer
STATE:647:r1200f:As|Qh:100|-100:randomizedbluffer|deepstack
STATE:648:cc/r300f:Ks|Qs/As:100|-100:deepstack|randomizedbluffer
STATE:649:r300c/cc:Kh|Qh/Ks:300|-300:randomizedbluffer|deepstack
STATE:650:cr1200f:Qs|Qh:-100|100:deepstack|randomizedbluffer
STATE:651:r1200c/:Qs|Ah/Ks:-1200|1200:randomizedbluffer|deepstack
STATE:652:cr300f:Qh|Ks:-100|100:deepstack|randomizedbluffer
STATE:653:r1200f:Kh|Qs:100|-100:randomizedbluffer|deepstack
STATE:654:cr1200f:Qh|Ks:-100|100:deepstack|randomizedbluffer
STATE:655:r1200f:Qs|Kh:100|-100:randomizedbluffer|deepstack
STATE:656:cr1200f:Ks|Qs:-100|100:deepstack|randomizedbluffer
STATE:657:cc/cc:Qh|Kh/Ah:-100|100:randomizedbluffer|deepstack
STATE:658:cc/cr1200f:Qh|Ks/Kh:-100|100:deepstack|randomizedbluffer
STATE:659:r1200f:Ks|Qs:100|-100:randomizedbluffer|deepstack
STATE:660:r1200f:As|Kh:100|-100:deepstack|randomizedbluffer
STATE:661:cr300r1200c/:Qs|As/Qh:1200|-1200:randomizedbluffer|deepstack
STATE:662:cr1200c/:Ah|Qh/As:1200|-1200:deepstack|randomizedbluffer
STATE:663:cr300f:Qs|Ah:-100|100:randomizedbluffer|deepstack
STATE:664:r300r1200f:Qs|As:-300|300:deepstack|randomizedbluffer
STATE:665:cc/cc:Qs|Ah/Qh:100|-100:randomizedbluffer|deepstack
STATE:666:r1200f:As|Qs:100|-100:deepstack|randomizedbluffer
STATE:667:cr300f:Qs|As:-100|100:randomizedbluffer|deepstack
STATE:668:cr1200f:Qs|Kh:-100|100:deepstack|randomizedbluffer
STATE:669:cc/cc:Kh|Qh/As:100|-100:randomizedbluffer|deepstack
STATE:670:cr300f:Qs|Ah:-100|100:deepstack|randomizedbluffer
STATE:671:cc/r1200f:Ah|Kh/Qs:100|-100:randomizedbluffer|deepstack
STATE:672:cc/r300r900f:Ks|Ah/As:-300|300:deepstack|randomizedbluffer
STATE:673:cc/r1200f:Qh|Qs/Ah:100|-100:randomizedbluffer|deepstack
STATE:674:cr300c/cr1200f:Ks|As/Qs:-300|300:deepstack|randomizedbluffer
STATE:675:cr300c/cr1200f:Qh|Ah/As:-300|300:randomizedbluffer|deepstack
STATE:676:cr300c/r1200f:Kh|As/Ks:300|-300:deepstack|randomizedbluffer
STATE:677:r1200c/:As|Ah/Kh:0|0:randomizedbluffer|deepstack
STATE:678:cr1200c/:Ah|Kh/Ks:-1200|1200:deepstack|randomizedbluffer
STATE:679:r1200f:Ah|Kh:100|-100:randomizedbluffer|deepstack
STATE:680:r1200f:As|Ks:100|-100:deepstack|randomizedbluffer
STATE:681:cr300r1200c/:Ah|As/Ks:0|0:randomizedbluffer|deepstack
STATE:682:cc/r1200f:As|Qs/Ah:100|-100:deepstack|randomizedbluffer
STATE:683:cc/cr300f:Qh|Qs/Kh:-100|100:randomizedbluffer|deepstack
STATE:684:cr300r1200c/:As|Ah/Qs:0|0:deepstack|randomizedbluffer
STATE:685:cr300c/r1200f:Kh|As/Ks:300|-300:randomizedbluffer|deepstack
STATE:686:r1200f:As|Qs:100|-100:deepstack|randomizedbluffer
STATE:687:cc/r1200c:Ah|Ks/Kh:-1200|1200:randomizedbluffer|deepstack
STATE:688:cr300f:Qs|Ah:-100|100:deepstack|randomizedbluffer
STATE:689:cc/r1200f:Ks|Kh/Ah:100|-100:randomizedbluffer|deepstack
STATE:690:cr300c/cr900f:Ks|Qh/Ah:-300|300:deepstack|randomizedbluffer
STATE:691:r1200c/:Ah|As/Qh:0|0:randomizedbluffer|deepstack
STATE:692:cc/cr300f:Qh|Ks/Kh:-100|100:deepstack|randomizedbluffer
STATE:693:r1200c/:Kh|Ah/Ks:1200|-1200:randomizedbluffer|deepstack
STATE:694:r1200f:Ah|Qh:100|-100:deepstack|randomizedbluffer
STATE:695:r1200c/:Ks|As/Kh:1200|-1200:randomizedbluffer|deepstack
STATE:696:cr300f:Qh|Qs:-100|100:deepstack|randomizedbluffer
STATE:697:cc/cc:Qh|Ks/Ah:-100|100:randomizedbluffer|deepstack
STATE:698:r300c/r900r1200c:As|Qs/Ah:1200|-1200:deepstack|randomizedbluffer
STATE:699:r1200f:Qs|Ks:100|-100:randomizedbluffer|deepstack
STATE:700:cr1200f:Kh|Ks:-100|100:deepstack|randomizedbluffer
STATE:701:cr300r1200c/:Qh|As/Qs:1200|-1200:randomizedbluffer|deepstack
STATE:702:r1200f:As|Kh:100|-100:deepstack|randomizedbluffer
STATE:703:r1200c/:Kh|As/Ah:-1200|1200:randomizedbluffer|deepstack
STATE:704:cc/cr1200c:Kh|Qh/Ks:1200|-1200:deepstack|randomizedbluffer
STATE:705:r1200c/:Ah|As/Qs:0|0:randomizedbluffer|deepstack
STATE:706:cr1200f:Kh|As:-100|100:deepstack|randomizedbluffer
STATE:707:cr300r1200c/:Ah|As/Qh:0|0:randomizedbluffer|deepstack
STATE:708:cr300c/r1200f:Kh|Ah/Ks:300|-300:deepstack|randomizedbluffer
STATE:709:r1200c/:Qh|As/Ah:-1200|1200:randomizedbluffer|deepstack
STATE:710:cr1200f:Qs|Qh:-100|100:deepstack|randomizedbluffer
STATE:711:cc/cr300f:Qh|Kh/As:-100|100:randomizedbluffer|deepstack
STATE:712:cr1200c/:As|Qh/Qs:-1200|1200:deepstack|randomizedbluffer
STATE:713:r1200f:Ah|Qh:100|-100:randomizedbluffer|deepstack
STATE:714:cr300c/cr1200f:Qh|As/Kh:-300|300:deepstack|randomizedbluffer
STATE:715:cr300r1200c/:Kh|As/Qh:-1200|1200:randomizedbluffer|deepstack
STATE:716:cr300f:Qs|Qh:-100|100:deepstack|randomizedbluffer
STATE:717:cr300f:Qs|Qh:-100|100:randomizedbluffer|deepstack
STATE:718:cr1200c/:As|Kh/Ks:-1200|1200:deepstack|randomizedbluffer
STATE:719:cc/r1200c:Ah|Kh/Ks:-1200|1200:randomizedbluffer|deepstack
STATE:720:cc/cr1200f:Qs|Ks/As:-100|100:deepstack|randomizedbluffer
STATE:721:r1200f:Qs|Ks:100|-100:randomizedbluffer|deepstack
STATE:722:cc/cr1200f:Ah|Kh/Ks:-100|100:deepstack|randomizedbluffer
STATE:723:cc/r1200c:Qh|As/Ah:-1200|1200:randomizedbluffer|deepstack
STATE:724:cr300f:Ks|Ah:-100|100:deepstack|randomizedbluffer
STATE:725:r1200f:Qh|Kh:100|-100:randomizedbluffer|deepstack
STATE:726:cr300c/r900r1200c:Ks|Ah/Kh:1200|-1200:deepstack|randomizedbluffer
STATE:727:r1200f:Qs|Ks:100|-100:randomizedbluffer|deepstack
STATE:728:cr300f:Ks|Kh:-100|100:deepstack|randomizedbluffer
STATE:729:cr300r1200f:Ks|Kh:300|-300:randomizedbluffer|deepstack
STATE:730:cc/cr1200f:Qh|As/Ah:-100|100:deepstack|randomizedbluffer
STATE:731:cc/cc:Ks|As/Qh:-100|100:randomizedbluffer|deepstack
STATE:732:cr300f:Qh|Kh:-100|100:deepstack|randomizedbluffer
STATE:733:cc/cc:Kh|As/Qs:-100|100:randomizedbluffer|deepstack
STATE:734:cr300f:Qh|Ks:-100|100:deepstack|randomizedbluffer
STATE:735:r1200c/:Qs|Ah/Kh:-1200|1200:randomizedbluffer|deepstack
STATE:736:cr300c/cr900f:Kh|Ah/Qs:-300|300:deepstack|randomizedbluffer
STATE:737:cc/r1200c:Ks|Qs/Qh:-1200|1200:randomizedbluffer|deepstack
STATE:738:cc/cr300f:As|Ks/Qh:-100|100:deepstack|randomizedbluffer
STATE:739:cr300f:Qh|Ah:-100|100:randomizedbluffer|deepstack
STATE:740:r1200f:As|Qs:100|-100:deepstack|randomizedbluffer
STATE:741:r1200f:Qs|Ks:100|-100:randomizedbluffer|deepstack
STATE:742:cc/cr1200f:Ah|Kh/Qh:-100|100:deepstack|randomizedbluffer
STATE:743:r300c/cc:As|Qs/Ks:300|-300:randomizedbluffer|deepstack
STATE:744:cr300r1200f:Ah|Qh:300|-300:deepstack|randomizedbluffer
STATE:745:cr300c/r1200c:Kh|As/Ah:-1200|1200:randomizedbluffer|deepstack
STATE:746:cc/r300f:Qs|Ah/Qh:100|-100:deepstack|randomizedbluffer
STATE:747:cc/r1200c:Ah|Kh/Ks:-1200|1200:randomizedbluffer|deepstack
STATE:748:cc/cr1200f:Qs|Kh/Ks:-100|100:deepstack|randomizedbluffer
STATE:749:cr300r1200f:Ah|Qs:300|-300:randomizedbluffer|deepstack
STATE:750:cc/cc:As|Qs/Kh:100|-100:deepstack|randomizedbluffer
STATE:751:r300r1200f:Ks|Ah:-300|300:randomizedbluffer|deepstack
STATE:752:cc/cc:Qh|Ks/Qs:100|-100:deepstack|randomizedbluffer
STATE:753:cc/cc:Qh|Qs/Ah:0|0:randomizedbluffer|deepstack
STATE:754:r300r1200c/:As|Ah/Qh:0|0:deepstack|randomizedbluffer
STATE:755:r1200f:Ah|Qs:100|-100:randomizedbluffer|deepstack
STATE:756:r1200f:As|Qs:100|-100:deepstack|randomizedbluffer
STATE:757:r1200f:Ah|Ks:100|-100:randomizedbluffer|deepstack
STATE:758:r1200f:Ah|Kh:100|-100:deepstack|randomizedbluffer
STATE:759:cc/cc:Qs|Kh/As:-100|100:randomizedbluffer|deepstack
STATE:760:cc/r300r1200f:Kh|Ah/Qh:-300|300:deepstack|randomizedbluffer
STATE:761:cr300r900r1200c/:Ah|As/Qh:0|0:randomizedbluffer|deepstack
STATE:762:cr300f:Qh|Ks:-100|100:deepstack|randomizedbluffer
STATE:763:r1200c/:Qs|Ah/Kh:-1200|1200:randomizedbluffer|deepstack
STATE:764:cc/cr1200c:Kh|Qs/Ks:1200|-1200:deepstack|randomizedbluffer
STATE:765:cc/r300c:Kh|Ks/As:0|0:randomizedbluffer|deepstack
STATE:766:cr1200f:Qh|Ks:-100|100:deepstack|randomizedbluffer
STATE:767:cr300r1200c/:Kh|As/Ks:1200|-1200:randomizedbluffer|deepstack
STATE:768:cr300f:Kh|Qh:-100|100:deepstack|randomizedbluffer
STATE:769:cc/r1200f:Ks|Kh/Qh:100|-100:randomizedbluffer|deepstack
STATE:770:cr1200f:Ks|Ah:-100|100:deepstack|randomizedbluffer
STATE:771:cr300c/cr1200f:Qs|Ks/As:-300|300:randomizedbluffer|deepstack
STATE:772:cc/r1200f:Qs|Kh/As:100|-100:deepstack|randomizedbluffer
STATE:773:cr300c/cc:Kh|As/Qs:-300|300:randomizedbluffer|deepstack
STATE:774:cc/cr300f:Qh|Qs/Ks:-100|100:deepstack|randomizedbluffer
STATE:775:r1200f:As|Kh:100|-100:randomizedbluffer|deepstack
STATE:776:cc/cc:Qh|Qs/Ks:0|0:deepstack|randomizedbluffer
STATE:777:r1200c/:Ks|Ah/Kh:1200|-1200:randomizedbluffer|deepstack
STATE:778:r300r1200f:Kh|Qs:-300|300:deepstack|randomizedbluffer
STATE:779:r1200f:As|Qs:100|-100:randomizedbluffer|deepstack
STATE:780:cr300c/cr1200f:Kh|Ah/As:-300|300:deepstack|randomizedbluffer
STATE:781:cr300f:Qs|As:-100|100:randomizedbluffer|deepstack
STATE:782:cc/cr1200f:Kh|Qh/Qs:-100|100:deepstack|randomizedbluffer
STATE:783:cc/cc:As|Qh/Ah:100|-100:randomizedbluffer|deepstack
STATE:784:cr300c/cc:Kh|Ah/Qs:-300|300:deepstack|randomizedbluffer
STATE:785:r1200f:Ah|Ks:100|-100:randomizedbluffer|deepstack
STATE:786:cc/cc:As|Qh/Ks:100|-100:deepstack|randomizedbluffer
STATE:787:r1200c/:As|Ah/Kh:0|0:randomizedbluffer|deepstack
STATE:788:cr1200c/:As|Ah/Qh:0|0:deepstack|randomizedbluffer
STATE:789:r1200f:As|Qs:100|-100:randomizedbluffer|deepstack
STATE:790:r1200f:As|Ks:100|-100:deepstack|randomizedbluffer
STATE:791:cc/r1200c:As|Ks/Kh:-1200|1200:randomizedbluffer|deepstack
STATE:792:cc/cc:Kh|Qs/Ah:100|-100:deepstack|randomizedbluffer
STATE:793:cc/cc:Ks|As/Kh:100|-100:randomizedbluffer|deepstack
STATE:794:cr300r1200c/:Ah|As/Ks:0|0:deepstack|randomizedbluffer
STATE:795:cr300c/r1200f:Ks|Qh/Kh:300|-300:randomizedbluffer|deepstack
STATE:796:cr300f:Qh|Qs:-100|100:deepstack|randomizedbluffer
STATE:797:r1200f:Ah|Qh:100|-100:randomizedbluffer|deepstack
STATE:798:cr1200f:Kh|As:-100|100:deepstack|randomizedbluffer
STATE:799:r1200f:As|Kh:100|-100:randomizedbluffer|deepstack
STATE:800:cc/cc:Qh|Ah/Kh:-100|100:deepstack|randomizedbluffer
STATE:801:cc/cr300r1200c:Ah|Ks/Kh:-1200|1200:randomizedbluffer|deepstack
STATE:802:cr300f:Kh|Ah:-100|100:deepstack|randomizedbluffer
STATE:803:r1200f:Qh|Qs:100|-100:randomizedbluffer|deepstack
STATE:804:cc/cr1200f:Ah|Qh/Kh:-100|100:deepstack|randomizedbluffer
STATE:805:cc/cc:Ah|Kh/Qs:100|-100:randomizedbluffer|deepstack
STATE:806:cc/r1200f:As|Qs/Ah:100|-100:deepstack|randomizedbluffer
STATE:807:r1200c/:Kh|As/Ks:1200|-1200:randomizedbluffer|deepstack
STATE:808:cr1200f:Qh|Ks:-100|100:deepstack|randomizedbluffer
STATE:809:cr300r1200c/:Ks|Ah/As:-1200|1200:randomizedbluffer|deepstack
STATE:810:cr300c/r900r1200f:Qs|Ks/Kh:-900|900:deepstack|randomizedbluffer
STATE:811:r1200f:Qh|Qs:100|-100:randomizedbluffer|deepstack
STATE:812:cr300r1200f:Ah|Ks:300|-300:deepstack|randomizedbluffer
STATE:813:r1200f:Ah|Qs:100|-100:randomizedbluffer|deepstack
STATE:814:cr1200f:Qh|Ah:-100|100:deepstack|randomizedbluffer
STATE:815:r300c/cr900r1200f:Qh|Qs/Kh:900|-900:randomizedbluffer|deepstack
STATE:816:cr300r1200f:As|Qs:300|-300:deepstack|randomizedbluffer
STATE:817:cr300c/cr1200c:Ks|As/Ah:-1200|1200:randomizedbluffer|deepstack
STATE:818:r1200f:As|Qs:100|-100:deepstack|randomizedbluffer
STATE:819:r1200f:Kh|Ks:100|-100:randomizedbluffer|deepstack
STATE:820:cc/cc:Kh|As/Ks:100|-100:deepstack|randomizedbluffer
STATE:821:r1200f:Kh|Ks:100|-100:randomizedbluffer|deepstack
STATE:822:cr1200f:Ks|Qs:-100|100:deepstack|randomizedbluffer
STATE:823:cc/cc:Qs|Ah/Ks:-100|100:randomizedbluffer|deepstack
STATE:824:cr1200f:Qs|As:-100|100:deepstack|randomizedbluffer
STATE:825:r1200c/:Qs|Ah/Kh:-1200|1200:randomizedbluffer|deepstack
STATE:826:r1200f:As|Qh:100|-100:deepstack|randomizedbluffer
STATE:827:cr300r1200f:Ah|Qh:300|-300:randomizedbluffer|deepstack
STATE:828:cr1200f:Qs|Ks:-100|100:deepstack|randomizedbluffer
STATE:829:r1200f:As|Qs:100|-100:randomizedbluffer|deepstack
STATE:830:cr300c/r1200c:Kh|As/Qs:-1200|1200:deepstack|randomizedbluffer
STATE:831:r1200f:As|Ks:100|-100:randomizedbluffer|deepstack
STATE:832:cc/r300r1200c:Ah|Qh/As:1200|-1200:deepstack|randomizedbluffer
STATE:833:cc/r1200f:Ah|Qh/Kh:100|-100:randomizedbluffer|deepstack
STATE:834:cr300f:Kh|As:-100|100:deepstack|randomizedbluffer
STATE:835:r1200f:Kh|Ks:100|-100:randomizedbluffer|deepstack
STATE:836:cc/r300c:Ah|Ks/As:300|-300:deepstack|randomizedbluffer
STATE:837:cr300r1200c/:As|Ah/Qs:0|0:randomizedbluffer|deepstack
STATE:838:cc/cc:Qh|Kh/Qs:100|-100:deepstack|randomizedbluffer
STATE:839:r1200f:Ks|Kh:100|-100:randomizedbluffer|deepstack
STATE:840:cr300f:Qh|Ah:-100|100:deepstack|randomizedbluffer
STATE:841:r1200f:Qs|Kh:100|-100:randomizedbluffer|deepstack
STATE:842:r1200f:As|Kh:100|-100:deepstack|randomizedbluffer
STATE:843:cr300f:Qh|Ah:-100|100:randomizedbluffer|deepstack
STATE:844:cr300f:Qs|As:-100|100:deepstack|randomizedbluffer
STATE:845:r1200f:Qs|Qh:100|-100:randomizedbluffer|deepstack
STATE:846:cr1200c/:As|Ks/Ah:1200|-1200:deepstack|randomizedbluffer
STATE:847:r1200f:As|Qs:100|-100:randomizedbluffer|deepstack
STATE:848:cc/cr300f:Qs|Ks/Kh:-100|100:deepstack|randomizedbluffer
STATE:849:r1200f:Kh|Ks:100|-100:randomizedbluffer|deepstack
STATE:850:cc/cc:Kh|Qs/Ah:100|-100:deepstack|randomizedbluffer
STATE:851:cc/cc:Qs|Qh/Kh:0|0:randomizedbluffer|deepstack
STATE:852:r1200f:As|Qh:100|-100:deepstack|randomizedbluffer
STATE:853:r1200f:Qs|Qh:100|-100:randomizedbluffer|deepstack
STATE:854:cc/cr1200f:Ah|Kh/Qs:-100|100:deepstack|randomizedbluffer
STATE:855:r1200f:As|Ks:100|-100:randomizedbluffer|deepstack
STATE:856:cr1200f:Qs|As:-100|100:deepstack|randomizedbluffer
STATE:857:cc/cc:Qs|Qh/As:0|0:randomizedbluffer|deepstack
STATE:858:cc/cr300f:As|Qh/Ks:-100|100:deepstack|randomizedbluffer
STATE:859:r1200c/:Ah|As/Ks:0|0:randomizedbluffer|deepstack
STATE:860:cc/cc:Qs|Kh/Qh:100|-100:deepstack|randomizedbluffer
STATE:861:cr1200f:Qh|Ah:-100|100:randomizedbluffer|deepstack
STATE:862:cr1200f:Kh|As:-100|100:deepstack|randomizedbluffer
STATE:863:r1200c/:Qh|As/Ah:-1200|1200:randomizedbluffer|deepstack
STATE:864:cc/cc:Qh|Qs/Ah:0|0:deepstack|randomizedbluffer
STATE:865:cc/cc:Ks|Kh/As:0|0:randomizedbluffer|deepstack
STATE:866:cr1200f:Kh|As:-100|100:deepstack|randomizedbluffer
STATE:867:r1200c/:As|Ah/Kh:0|0:randomizedbluffer|deepstack
STATE:868:cc/cr300f:Qs|Ks/Kh:-100|100:deepstack|randomizedbluffer
STATE:869:r1200f:Kh|Qs:100|-100:randomizedbluffer|deepstack
STATE:870:cr300f:Qh|As:-100|100:deepstack|randomizedbluffer
STATE:871:cc/cc:Qs|Ks/Ah:-100|100:randomizedbluffer|deepstack
STATE:872:cr300c/cc:Qh|Ah/Ks:-300|300:deepstack|randomizedbluffer
STATE:873:cr300r1200c/:Ks|As/Qh:-1200|1200:randomizedbluffer|deepstack
STATE:874:cr1200f:Ks|Ah:-100|100:deepstack|randomizedbluffer
STATE:875:cc/r1200c:Ks|Qs/Qh:-1200|1200:randomizedbluffer|deepstack
STATE:876:cc/cr1200f:Ks|Kh/Ah:-100|100:deepstack|randomizedbluffer
STATE:877:cc/r1200f:Qs|Qh/As:100|-100:randomizedbluffer|deepstack
STATE:878:cc/cr300f:Kh|Ks/Qh:-100|100:deepstack|randomizedbluffer
STATE:879:cc/cr300r1200c:Qh|Ks/Kh:-1200|1200:randomizedbluffer|deepstack
STATE:880:cr300f:Qh|Ah:-100|100:deepstack|randomizedbluffer
STATE:881:cr300f:Ks|As:-100|100:randomizedbluffer|deepstack
STATE:882:r300c/cr1200f:Kh|Ah/As:-300|300:deepstack|randomizedbluffer
STATE:883:cc/cr300r1200c:Qh|Kh/Ks:-1200|1200:randomizedbluffer|deepstack
STATE:884:cc/cr300f:Qh|Kh/As:-100|100:deepstack|randomizedbluffer
STATE:885:r1200c/:Qs|Ah/Qh:1200|-1200:randomizedbluffer|deepstack
STATE:886:cr300c/cr1200f:Qs|As/Ah:-300|300:deepstack|randomizedbluffer
STATE:887:r1200f:Qh|Qs:100|-100:randomizedbluffer|deepstack
STATE:888:cr1200f:Qs|Qh:-100|100:deepstack|randomizedbluffer
STATE:889:r1200c/:Qh|Ah/Qs:1200|-1200:randomizedbluffer|deepstack
STATE:890:cr1200c/:Ah|Kh/As:1200|-1200:deepstack|randomizedbluffer
STATE:891:r1200f:As|Ks:100|-100:randomizedbluffer|deepstack
STATE:892:r1200f:Ah|Kh:100|-100:deepstack|randomizedbluffer
STATE:893:cr300r1200f:Ah|Qs:300|-300:randomizedbluffer|deepstack
STATE:894:cr1200c/:Ah|As/Qh:0|0:deepstack|randomizedbluffer
STATE:895:cc/r1200c:Ah|Kh/Ks:-1200|1200:randomizedbluffer|deepstack
STATE:896:cr300c/cc:Ks|Ah/Qh:-300|300:deepstack|randomizedbluffer
STATE:897:r1200c/:Qh|Ah/Kh:-1200|1200:randomizedbluffer|deepstack
STATE:898:cc/r300f:Ks|Qh/As:100|-100:deepstack|randomizedbluffer
STATE:899:cc/cc:Kh|Qh/Ks:100|-100:randomizedbluffer|deepstack
STATE:900:cr300f:Qs|Ks:-100|100:deepstack|randomizedbluffer
STATE:901:r1200f:Ks|Qs:100|-100:randomizedbluffer|deepstack
STATE:902:cr1200f:Qs|Ks:-100|100:deepstack|randomizedbluffer
STATE:903:cr300c/cr1200c:Ah|Qh/Qs:-1200|1200:randomizedbluffer|deepstack
STATE:904:cc/r300f:Ks|Qs/As:100|-100:deepstack|randomizedbluffer
STATE:905:cr300r1200f:Ah|Qh:300|-300:randomizedbluffer|deepstack
STATE:906:cr300f:Qh|Ah:-100|100:deepstack|randomizedbluffer
STATE:907:cr300f:Qh|As:-100|100:randomizedbluffer|deepstack
STATE:908:cr300f:Kh|Ah:-100|100:deepstack|randomizedbluffer
STATE:909:r1200f:Qs|Qh:100|-100:randomizedbluffer|deepstack
STATE:910:cr300f:Qh|Ah:-100|100:deepstack|randomizedbluffer
STATE:911:cc/cc:Qh|Kh/Qs:100|-100:randomizedbluffer|deepstack
STATE:912:cr300f:Kh|Ah:-100|100:deepstack|randomizedbluffer
STATE:913:r1200f:Ks|Qh:100|-100:randomizedbluffer|deepstack
STATE:914:cr1200f:Qs|Ah:-100|100:deepstack|randomizedbluffer
STATE:915:r1200c/:Qs|As/Ah:-1200|1200:randomizedbluffer|deepstack
STATE:916:cc/cr1200c:Ks|Qs/Kh:1200|-1200:deepstack|randomizedbluffer
STATE:917:cr300f:Ks|Ah:-100|100:randomizedbluffer|deepstack
STATE:918:cc/cc:Ah|As/Ks:0|0:deepstack|randomizedbluffer
STATE:919:r1200f:As|Ks:100|-100:randomizedbluffer|deepstack
STATE:920:cc/cr1200f:Qh|Ah/Kh:-100|100:deepstack|randomizedbluffer
STATE:921:r1200c/:Qs|As/Qh:1200|-1200:randomizedbluffer|deepstack
STATE:922:cr300f:Ks|As:-100|100:deepstack|randomizedbluffer
STATE:923:r1200f:Ah|Qh:100|-100:randomizedbluffer|deepstack
STATE:924:r1200f:As|Kh:100|-100:deepstack|randomizedbluffer
STATE:925:cc/cr300r1200f:Ah|Qs/Kh:300|-300:randomizedbluffer|deepstack
STATE:926:cc/cr1200f:Ks|Ah/Qh:-100|100:deepstack|randomizedbluffer
STATE:927:cc/cc:Ks|Kh/Qs:0|0:randomizedbluffer|deepstack
STATE:928:cc/cr1200f:Qs|Kh/As:-100|100:deepstack|randomizedbluffer
STATE:929:cc/r1200f:Qh|Ks/As:100|-100:randomizedbluffer|deepstack
STATE:930:cr1200f:Ks|As:-100|100:deepstack|randomizedbluffer
STATE:931:cr300c/cr900f:Ks|Qh/Ah:-300|300:randomizedbluffer|deepstack
STATE:932:cr1200f:Qh|As:-100|100:deepstack|randomizedbluffer
STATE:933:r1200c/:Ks|Ah/Qs:-1200|1200:randomizedbluffer|deepstack
STATE:934:cr300c/cr1200f:Ks|Ah/As:-300|300:deepstack|randomizedbluffer
STATE:935:r1200f:As|Qh:100|-100:randomizedbluffer|deepstack
STATE:936:cr300c/r1200f:Qs|As/Qh:300|-300:deepstack|randomizedbluffer
STATE:937:cc/r1200f:Qh|Qs/Ah:100|-100:randomizedbluffer|deepstack
STATE:938:cr1200f:Ks|As:-100|100:deepstack|randomizedbluffer
STATE:939:r300r1200f:Ks|Ah:-300|300:randomizedbluffer|deepstack
STATE:940:cc/cr1200c:Kh|Qh/Ks:1200|-1200:deepstack|randomizedbluffer
STATE:941:cc/cc:Ah|Qs/Kh:100|-100:randomizedbluffer|deepstack
STATE:942:cc/cc:Qh|As/Qs:100|-100:deepstack|randomizedbluffer
STATE:943:cc/r1200f:Qh|Qs/Ah:100|-100:randomizedbluffer|deepstack
STATE:944:cr1200c/:As|Qs/Kh:1200|-1200:deepstack|randomizedbluffer
STATE:945:r1200c/:Ks|As/Kh:1200|-1200:randomizedbluffer|deepstack
STATE:946:cr1200f:Ks|Qs:-100|100:deepstack|randomizedbluffer
STATE:947:cc/r1200f:Qs|Qh/Ah:100|-100:randomizedbluffer|deepstack
STATE:948:cc/cr1200f:Kh|Ks/Ah:-100|100:deepstack|randomizedbluffer
STATE:949:cc/cc:Ah|Kh/Qh:100|-100:randomizedbluffer|deepstack
STATE:950:cc/cr300f:As|Qh/Ks:-100|100:deepstack|randomizedbluffer
STATE:951:r300r1200f:Kh|Ah:-300|300:randomizedbluffer|deepstack
STATE:952:cc/r1200f:Qs|Ks/Ah:100|-100:deepstack|randomizedbluffer
STATE:953:r1200f:Kh|Qs:100|-100:randomizedbluffer|deepstack
STATE:954:cr1200f:Qs|As:-100|100:deepstack|randomizedbluffer
STATE:955:r1200f:Ah|Kh:100|-100:randomizedbluffer|deepstack
STATE:956:cc/cc:Qs|As/Ks:-100|100:deepstack|randomizedbluffer
STATE:957:cc/r1200f:Ah|Kh/As:100|-100:randomizedbluffer|deepstack
STATE:958:cr1200c/:As|Qh/Qs:-1200|1200:deepstack|randomizedbluffer
STATE:959:r1200f:Qh|Ks:100|-100:randomizedbluffer|deepstack
STATE:960:cr1200f:Ks|Qh:-100|100:deepstack|randomizedbluffer
STATE:961:r1200f:As|Qh:100|-100:randomizedbluffer|deepstack
STATE:962:cc/cc:Kh|As/Qh:-100|100:deepstack|randomizedbluffer
STATE:963:r1200f:As|Qh:100|-100:randomizedbluffer|deepstack
STATE:964:cr1200f:Qh|As:-100|100:deepstack|randomizedbluffer
STATE:965:cc/cc:Qs|Ks/As:-100|100:randomizedbluffer|deepstack
STATE:966:cc/cc:Qh|Kh/Ah:-100|100:deepstack|randomizedbluffer
STATE:967:r1200f:As|Ks:100|-100:randomizedbluffer|deepstack
STATE:968:cc/cr1200f:Ks|Kh/Ah:-100|100:deepstack|randomizedbluffer
STATE:969:cr300f:Ks|As:-100|100:randomizedbluffer|deepstack
STATE:970:cr1200f:Qh|As:-100|100:deepstack|randomizedbluffer
STATE:971:cc/cr300r1200c:Qs|Kh/Ks:-1200|1200:randomizedbluffer|deepstack
STATE:972:cc/cr300r1200f:Qs|Ks/Qh:300|-300:deepstack|randomizedbluffer
STATE:973:r1200f:As|Qs:100|-100:randomizedbluffer|deepstack
STATE:974:r1200f:As|Kh:100|-100:deepstack|randomizedbluffer
STATE:975:r1200f:Ah|Qs:100|-100:randomizedbluffer|deepstack
STATE:976:cc/r300r1200f:Qs|Kh/Ks:-300|300:deepstack|randomizedbluffer
STATE:977:r1200f:As|Kh:100|-100:randomizedbluffer|deepstack
STATE:978:cr300f:Kh|Ks:-100|100:deepstack|randomizedbluffer
STATE:979:cc/cc:Ks|Qs/As:100|-100:randomizedbluffer|deepstack
STATE:980:cr1200f:Qh|Ks:-100|100:deepstack|randomizedbluffer
STATE:981:cr300c/r1200f:Qs|As/Ks:300|-300:randomizedbluffer|deepstack
STATE:982:cc/cc:Kh|Qs/As:100|-100:deepstack|randomizedbluffer
STATE:983:r1200f:Ks|Qh:100|-100:randomizedbluffer|deepstack
STATE:984:cc/cr1200f:Ks|Kh/Qs:-100|100:deepstack|randomizedbluffer
STATE:985:r1200c/:As|Ah/Qh:0|0:randomizedbluffer|deepstack
STATE:986:cr300f:Ks|Ah:-100|100:deepstack|randomizedbluffer
STATE:987:cc/cc:Qh|Qs/Ks:0|0:randomizedbluffer|deepstack
STATE:988:cr300c/cc:Ks|Ah/Qs:-300|300:deepstack|randomizedbluffer
STATE:989:r1200f:As|Qh:100|-100:randomizedbluffer|deepstack
STATE:990:cr1200f:Qh|As:-100|100:deepstack|randomizedbluffer
STATE:991:cc/cc:Qs|Qh/Kh:0|0:randomizedbluffer|deepstack
STATE:992:cr1200f:Qs|Qh:-100|100:deepstack|randomizedbluffer
STATE:993:cc/cc:Qs|Ah/Kh:-100|100:randomizedbluffer|deepstack
STATE:994:cr300f:Qs|Ah:-100|100:deepstack|randomizedbluffer
STATE:995:r1200f:Ks|Kh:100|-100:randomizedbluffer|deepstack
STATE:996:cr1200f:Qs|Qh:-100|100:deepstack|randomizedbluffer
STATE:997:cc/cr300r900f:Ks|Qh/Kh:300|-300:randomizedbluffer|deepstack
STATE:998:cr300f:Qs|Ah:-100|100:deepstack|randomizedbluffer
STATE:999:cc/cc:Ks|Qh/Ah:100|-100:randomizedbluffer|deepstack
SCORE:53600|-53600:deepstack|randomizedbluffer
