# name/game/hands/seed rocks_v_controlDS_1k ./DeepStack-Leduc/ACPCServer/leduc.game 1000 3
#--t_response 600000
#--t_hand 600000
#--t_per_hand 7000
STATE:0:r300f:Ks|Qs:100|-100:deepstack|rocks
STATE:1:cc/cc:Qs|Qh/Ks:0|0:rocks|deepstack
STATE:2:cr1200f:Qh|As:-100|100:deepstack|rocks
STATE:3:cr300f:Kh|Ks:-100|100:rocks|deepstack
STATE:4:cc/r1200f:As|Ks/Ah:100|-100:deepstack|rocks
STATE:5:cc/cc:Kh|Qh/Ah:100|-100:rocks|deepstack
STATE:6:r300f:Ah|Ks:100|-100:deepstack|rocks
STATE:7:r1200f:As|Kh:100|-100:rocks|deepstack
STATE:8:cc/cc:Qh|Qs/Kh:0|0:deepstack|rocks
STATE:9:cc/cc:Qh|Ks/Ah:-100|100:rocks|deepstack
STATE:10:cc/cc:Qh|Kh/As:-100|100:deepstack|rocks
STATE:11:cr300f:Kh|Ks:-100|100:rocks|deepstack
STATE:12:r1200f:As|Qh:100|-100:deepstack|rocks
STATE:13:cr300f:Qs|As:-100|100:rocks|deepstack
STATE:14:cc/r300f:Ah|Qh/As:100|-100:deepstack|rocks
STATE:15:cr300f:Qs|Kh:-100|100:rocks|deepstack
STATE:16:cc/cc:Qs|Kh/As:-100|100:deepstack|rocks
STATE:17:cr300f:Ks|As:-100|100:rocks|deepstack
STATE:18:cc/cc:Ah|Qh/Kh:100|-100:deepstack|rocks
STATE:19:cr300f:Kh|As:-100|100:rocks|deepstack
STATE:20:cc/cc:Ks|Qs/Ah:100|-100:deepstack|rocks
STATE:21:cc/cr300f:Qh|Ks/Kh:-100|100:rocks|deepstack
STATE:22:r1200f:Ah|Qs:100|-100:deepstack|rocks
STATE:23:cc/cr300f:Kh|Qs/Qh:-100|100:rocks|deepstack
STATE:24:r1200c/:As|Ah/Kh:0|0:deepstack|rocks
STATE:25:r1200f:Ah|Qs:100|-100:rocks|deepstack
STATE:26:cc/r300f:Kh|Qh/As:100|-100:deepstack|rocks
STATE:27:cr300f:Qs|As:-100|100:rocks|deepstack
STATE:28:cc/cc:Ah|Qh/Qs:-100|100:deepstack|rocks
STATE:29:r1200c/:As|Ah/Qs:0|0:rocks|deepstack
STATE:30:cr1200f:Qh|As:-100|100:deepstack|rocks
STATE:31:cc/cr300f:Ks|Qh/Qs:-100|100:rocks|deepstack
STATE:32:r1200c/:As|Ah/Qs:0|0:deepstack|rocks
STATE:33:cc/cc:Kh|Qs/Ah:100|-100:rocks|deepstack
STATE:34:cc/r300f:Ks|Qs/Kh:100|-100:deepstack|rocks
STATE:35:cc/cc:Ks|Kh/Qh:0|0:rocks|deepstack
STATE:36:cc/cc:Ah|Qh/Ks:100|-100:deepstack|rocks
STATE:37:r1200f:Ah|Kh:100|-100:rocks|deepstack
STATE:38:r1200f:Ah|Kh:100|-100:deepstack|rocks
STATE:39:cc/cc:Ks|Qh/As:100|-100:rocks|deepstack
STATE:40:cc/cc:Qh|Ks/Kh:-100|100:deepstack|rocks
STATE:41:cr300f:Qs|Ah:-100|100:rocks|deepstack
STATE:42:cc/cc:Qh|Qs/Kh:0|0:deepstack|rocks
STATE:43:cr300f:Qh|As:-100|100:rocks|deepstack
STATE:44:r1200f:As|Qh:100|-100:deepstack|rocks
STATE:45:cc/cc:Ks|Ah/Qs:-100|100:rocks|deepstack
STATE:46:cc/cc:Qs|Qh/Ah:0|0:deepstack|rocks
STATE:47:r1200f:Ah|Qs:100|-100:rocks|deepstack
STATE:48:cc/cc:Ah|Ks/Qh:100|-100:deepstack|rocks
STATE:49:cr300f:Kh|As:-100|100:rocks|deepstack
STATE:50:cc/cc:Qh|Ks/Qs:100|-100:deepstack|rocks
STATE:51:cc/cc:Qh|Kh/Qs:100|-100:rocks|deepstack
STATE:52:r1200f:As|Qs:100|-100:deepstack|rocks
STATE:53:cc/cc:Kh|Ks/Qs:0|0:rocks|deepstack
STATE:54:cr1200f:Qh|As:-100|100:deepstack|rocks
STATE:55:cr300f:Qh|As:-100|100:rocks|deepstack
STATE:56:cc/cc:Ah|Ks/Qs:100|-100:deepstack|rocks
STATE:57:r1200f:As|Kh:100|-100:rocks|deepstack
STATE:58:cr1200f:Qs|As:-100|100:deepstack|rocks
STATE:59:r1200f:Ah|Qs:100|-100:rocks|deepstack
STATE:60:cr1200f:Qs|As:-100|100:deepstack|rocks
STATE:61:cr300f:Qh|Ah:-100|100:rocks|deepstack
STATE:62:cr1200f:Ks|As:-100|100:deepstack|rocks
STATE:63:cc/cc:Qs|Qh/Kh:0|0:rocks|deepstack
STATE:64:cr1200f:Ks|As:-100|100:deepstack|rocks
STATE:65:r1200f:As|Ks:100|-100:rocks|deepstack
STATE:66:cc/cc:Kh|Qs/Ah:100|-100:deepstack|rocks
STATE:67:cc/cc:Kh|Qh/Ks:100|-100:rocks|deepstack
STATE:68:cr1200f:Qs|Ah:-100|100:deepstack|rocks
STATE:69:cc/cr300f:Kh|Qs/Qh:-100|100:rocks|deepstack
STATE:70:cr1200f:Kh|As:-100|100:deepstack|rocks
STATE:71:cc/cr300f:Ks|Qs/Qh:-100|100:rocks|deepstack
STATE:72:cc/cc:Ks|Qs/Qh:-100|100:deepstack|rocks
STATE:73:cc/cc:Qh|As/Ks:-100|100:rocks|deepstack
STATE:74:cc/cc:Ks|Qs/Ah:100|-100:deepstack|rocks
STATE:75:r1200c/:As|Ah/Qs:0|0:rocks|deepstack
STATE:76:cr1200f:Qh|Ah:-100|100:deepstack|rocks
STATE:77:r1200f:As|Qh:100|-100:rocks|deepstack
STATE:78:cc/cc:Kh|Ks/Qs:0|0:deepstack|rocks
STATE:79:cr300f:Qh|Ah:-100|100:rocks|deepstack
STATE:80:cc/cc:Qs|Kh/Ks:-100|100:deepstack|rocks
STATE:81:cc/cc:Qs|As/Kh:-100|100:rocks|deepstack
STATE:82:cc/cc:Kh|Qs/Ks:100|-100:deepstack|rocks
STATE:83:cc/cr300f:Ks|Kh/As:-100|100:rocks|deepstack
STATE:84:cc/cc:As|Qs/Qh:-100|100:deepstack|rocks
STATE:85:r1200f:Ah|Qs:100|-100:rocks|deepstack
STATE:86:cr1200f:Ks|As:-100|100:deepstack|rocks
STATE:87:r1200c/:Ah|As/Ks:0|0:rocks|deepstack
STATE:88:r1200f:As|Qh:100|-100:deepstack|rocks
STATE:89:r1200f:Ah|Qh:100|-100:rocks|deepstack
STATE:90:cc/cc:Qh|Qs/Ks:0|0:deepstack|rocks
STATE:91:r1200f:As|Kh:100|-100:rocks|deepstack
STATE:92:cc/cc:Qh|Ks/Ah:-100|100:deepstack|rocks
STATE:93:cc/cr300f:Qs|Kh/Qh:-100|100:rocks|deepstack
STATE:94:r1200f:As|Qh:100|-100:deepstack|rocks
STATE:95:cc/cr300f:Qs|Qh/Ks:-100|100:rocks|deepstack
STATE:96:cc/cc:Ks|Qh/Kh:100|-100:deepstack|rocks
STATE:97:r1200f:As|Ks:100|-100:rocks|deepstack
STATE:98:cr1200f:Kh|As:-100|100:deepstack|rocks
STATE:99:r1200f:Ah|Ks:100|-100:rocks|deepstack
STATE:100:cr1200f:Qs|Ah:-100|100:deepstack|rocks
STATE:101:cc/cc:Ks|Qs/Ah:100|-100:rocks|deepstack
STATE:102:cr1200f:Qs|Ah:-100|100:deepstack|rocks
STATE:103:cc/cc:Qs|Ah/Qh:100|-100:rocks|deepstack
STATE:104:cc/cc:Qh|Qs/Ah:0|0:deepstack|rocks
STATE:105:cr300f:Qs|Ah:-100|100:rocks|deepstack
STATE:106:cr1200f:Qh|Ah:-100|100:deepstack|rocks
STATE:107:cr300f:Qs|Ah:-100|100:rocks|deepstack
STATE:108:cc/cc:Ah|Qs/Kh:100|-100:deepstack|rocks
STATE:109:r1200c/:As|Ah/Kh:0|0:rocks|deepstack
STATE:110:cr1200f:Qh|Ah:-100|100:deepstack|rocks
STATE:111:cc/cr300f:Kh|Qs/Qh:-100|100:rocks|deepstack
STATE:112:cr1200f:Qh|Ah:-100|100:deepstack|rocks
STATE:113:cr300f:Qs|Qh:-100|100:rocks|deepstack
STATE:114:r300r1200f:Ks|Ah:-300|300:deepstack|rocks
STATE:115:cc/cc:Qs|Kh/Ah:-100|100:rocks|deepstack
STATE:116:cc/cc:Qh|Qs/Ah:0|0:deepstack|rocks
STATE:117:cc/cc:Kh|Qh/As:100|-100:rocks|deepstack
STATE:118:cc/r1200f:Ah|Ks/As:100|-100:deepstack|rocks
STATE:119:cr300f:Kh|As:-100|100:rocks|deepstack
STATE:120:r1200c/:Ah|As/Qh:0|0:deepstack|rocks
STATE:121:cc/cc:Qh|Ah/Qs:100|-100:rocks|deepstack
STATE:122:cr1200f:Qh|Ah:-100|100:deepstack|rocks
STATE:123:r1200f:As|Ks:100|-100:rocks|deepstack
STATE:124:cc/r300f:Kh|Qh/Ks:100|-100:deepstack|rocks
STATE:125:cc/cr300f:Qh|Kh/Ks:-100|100:rocks|deepstack
STATE:126:cr1200f:Ks|As:-100|100:deepstack|rocks
STATE:127:cc/cc:Ks|Qs/Ah:100|-100:rocks|deepstack
STATE:128:cc/r1200f:Qh|Kh/As:100|-100:deepstack|rocks
STATE:129:cr300f:Qh|As:-100|100:rocks|deepstack
STATE:130:cr1200f:Kh|As:-100|100:deepstack|rocks
STATE:131:cc/cc:Kh|Qh/As:100|-100:rocks|deepstack
STATE:132:cc/cc:Qs|Ks/Kh:-100|100:deepstack|rocks
STATE:133:r1200f:Ah|Qh:100|-100:rocks|deepstack
STATE:134:cr1200f:Ks|As:-100|100:deepstack|rocks
STATE:135:r1200c/:As|Ah/Qs:0|0:rocks|deepstack
STATE:136:cc/cc:As|Qh/Kh:100|-100:deepstack|rocks
STATE:137:r1200f:As|Kh:100|-100:rocks|deepstack
STATE:138:cc/cc:As|Qh/Ks:100|-100:deepstack|rocks
STATE:139:cr300f:Qs|Ks:-100|100:rocks|deepstack
STATE:140:cr1200f:Qs|As:-100|100:deepstack|rocks
STATE:141:cc/cr300f:Ks|Kh/Qs:-100|100:rocks|deepstack
STATE:142:r1200f:Ah|Kh:100|-100:deepstack|rocks
STATE:143:cc/cc:Qs|Kh/As:-100|100:rocks|deepstack
STATE:144:cr1200f:Qs|Ah:-100|100:deepstack|rocks
STATE:145:r1200f:Ah|Qh:100|-100:rocks|deepstack
STATE:146:cr1200f:Qh|Ah:-100|100:deepstack|rocks
STATE:147:cc/cc:Qs|Qh/Kh:0|0:rocks|deepstack
STATE:148:cc/cc:Ah|Qh/Qs:-100|100:deepstack|rocks
STATE:149:r1200f:As|Ks:100|-100:rocks|deepstack
STATE:150:r1200f:As|Qs:100|-100:deepstack|rocks
STATE:151:r1200f:As|Ks:100|-100:rocks|deepstack
STATE:152:cc/cc:Ks|Qh/Kh:100|-100:deepstack|rocks
STATE:153:cc/cc:Qs|Kh/Ah:-100|100:rocks|deepstack
STATE:154:cr1200f:Qs|As:-100|100:deepstack|rocks
STATE:155:cc/cc:Ks|Qh/As:100|-100:rocks|deepstack
STATE:156:cc/cc:Qs|Ks/Ah:-100|100:deepstack|rocks
STATE:157:r1200f:Ah|Qh:100|-100:rocks|deepstack
STATE:158:cc/cc:Qh|Ks/As:-100|100:deepstack|rocks
STATE:159:cc/cc:Qs|Qh/As:0|0:rocks|deepstack
STATE:160:cc/cc:Kh|Qh/Ah:100|-100:deepstack|rocks
STATE:161:cr300f:Qs|As:-100|100:rocks|deepstack
STATE:162:cr1200f:Kh|As:-100|100:deepstack|rocks
STATE:163:cc/cc:Kh|Qh/As:100|-100:rocks|deepstack
STATE:164:r1200f:As|Ks:100|-100:deepstack|rocks
STATE:165:r1200f:As|Ks:100|-100:rocks|deepstack
STATE:166:cc/cc:Qh|Kh/Ah:-100|100:deepstack|rocks
STATE:167:r1200f:Ah|Qh:100|-100:rocks|deepstack
STATE:168:r1200f:As|Kh:100|-100:deepstack|rocks
STATE:169:cr300f:Ks|Ah:-100|100:rocks|deepstack
STATE:170:cc/r1200f:As|Ks/Ah:100|-100:deepstack|rocks
STATE:171:cr300f:Qh|As:-100|100:rocks|deepstack
STATE:172:cc/cc:Qs|Kh/Qh:100|-100:deepstack|rocks
STATE:173:cc/cc:Ks|Ah/Qh:-100|100:rocks|deepstack
STATE:174:cr1200f:Qs|As:-100|100:deepstack|rocks
STATE:175:cc/cc:Kh|Qh/Ks:100|-100:rocks|deepstack
STATE:176:cc/cc:Kh|Qh/Qs:-100|100:deepstack|rocks
STATE:177:r1200f:Ah|Ks:100|-100:rocks|deepstack
STATE:178:cc/cc:Qh|Qs/As:0|0:deepstack|rocks
STATE:179:cc/cc:Ks|Kh/Qh:0|0:rocks|deepstack
STATE:180:cr1200f:Qh|Ah:-100|100:deepstack|rocks
STATE:181:r1200f:As|Ks:100|-100:rocks|deepstack
STATE:182:cc/r300f:Qh|Qs/Kh:100|-100:deepstack|rocks
STATE:183:r1200f:Ah|Qs:100|-100:rocks|deepstack
STATE:184:cc/cc:Qh|Kh/Qs:100|-100:deepstack|rocks
STATE:185:cr300f:Kh|Ah:-100|100:rocks|deepstack
STATE:186:cc/cc:Qs|Kh/Qh:100|-100:deepstack|rocks
STATE:187:r1200f:As|Qs:100|-100:rocks|deepstack
STATE:188:cc/cc:Qh|Ks/Kh:-100|100:deepstack|rocks
STATE:189:r1200f:As|Kh:100|-100:rocks|deepstack
STATE:190:cc/r300f:Kh|Qh/Ks:100|-100:deepstack|rocks
STATE:191:cc/cr300f:Kh|Qs/Qh:-100|100:rocks|deepstack
STATE:192:cr1200f:Kh|Ah:-100|100:deepstack|rocks
STATE:193:cr300f:Qh|Ks:-100|100:rocks|deepstack
STATE:194:cc/cc:Kh|Qs/Qh:-100|100:deepstack|rocks
STATE:195:cr300f:Qh|Ah:-100|100:rocks|deepstack
STATE:196:r300r1200f:Qs|Ah:-300|300:deepstack|rocks
STATE:197:r1200f:Ah|Qh:100|-100:rocks|deepstack
STATE:198:cc/cc:Qs|Ks/As:-100|100:deepstack|rocks
STATE:199:cr300f:Kh|As:-100|100:rocks|deepstack
STATE:200:cc/r300f:Qh|Qs/Kh:100|-100:deepstack|rocks
STATE:201:cc/cc:Qh|Kh/Qs:100|-100:rocks|deepstack
STATE:202:cr1200f:Qs|Ah:-100|100:deepstack|rocks
STATE:203:r1200f:Ah|Kh:100|-100:rocks|deepstack
STATE:204:cc/cc:As|Qs/Ks:100|-100:deepstack|rocks
STATE:205:cr300f:Ks|Ah:-100|100:rocks|deepstack
STATE:206:cr1200c/:Ah|As/Ks:0|0:deepstack|rocks
STATE:207:r1200f:Ah|Qs:100|-100:rocks|deepstack
STATE:208:r1200f:Ah|Ks:100|-100:deepstack|rocks
STATE:209:cr300f:Qs|As:-100|100:rocks|deepstack
STATE:210:cc/cc:Ks|Qh/As:100|-100:deepstack|rocks
STATE:211:cr300f:Qh|Qs:-100|100:rocks|deepstack
STATE:212:cr1200f:Ks|As:-100|100:deepstack|rocks
STATE:213:cr300f:Qh|Ks:-100|100:rocks|deepstack
STATE:214:cr1200f:Qh|As:-100|100:deepstack|rocks
STATE:215:cr300f:Ks|Ah:-100|100:rocks|deepstack
STATE:216:r1200f:As|Qs:100|-100:deepstack|rocks
STATE:217:cr300f:Ks|Ah:-100|100:rocks|deepstack
STATE:218:r1200c/:As|Ah/Kh:0|0:deepstack|rocks
STATE:219:cr300f:Qh|Ah:-100|100:rocks|deepstack
STATE:220:cc/r300f:Ah|Qs/As:100|-100:deepstack|rocks
STATE:221:cr300f:Ks|Qh:-100|100:rocks|deepstack
STATE:222:cc/cc:Kh|Ks/As:0|0:deepstack|rocks
STATE:223:r1200f:Ah|Qh:100|-100:rocks|deepstack
STATE:224:cr1200f:Kh|Ah:-100|100:deepstack|rocks
STATE:225:cr300f:Kh|As:-100|100:rocks|deepstack
STATE:226:cr1200f:Kh|Ah:-100|100:deepstack|rocks
STATE:227:r1200c/:Ah|As/Ks:0|0:rocks|deepstack
STATE:228:cr1200c/:As|Ah/Qh:0|0:deepstack|rocks
STATE:229:cr300f:Ks|Qh:-100|100:rocks|deepstack
STATE:230:cc/cc:Qs|Kh/Qh:100|-100:deepstack|rocks
STATE:231:r1200f:As|Kh:100|-100:rocks|deepstack
STATE:232:cc/r300f:Kh|Ks/As:100|-100:deepstack|rocks
STATE:233:cc/cc:Qh|Kh/Ah:-100|100:rocks|deepstack
STATE:234:cc/cc:Ks|Kh/As:0|0:deepstack|rocks
STATE:235:cc/cr300f:Kh|Qs/Ks:-100|100:rocks|deepstack
STATE:236:cc/cc:Qh|Ks/Qs:100|-100:deepstack|rocks
STATE:237:r1200f:Ah|Kh:100|-100:rocks|deepstack
STATE:238:r1200f:As|Ks:100|-100:deepstack|rocks
STATE:239:cr300f:Ks|Qs:-100|100:rocks|deepstack
STATE:240:cc/cc:Ah|Qs/Qh:-100|100:deepstack|rocks
STATE:241:r1200f:Ah|Ks:100|-100:rocks|deepstack
STATE:242:cc/cc:Ks|Kh/Ah:0|0:deepstack|rocks
STATE:243:r1200f:Ah|Kh:100|-100:rocks|deepstack
STATE:244:r1200f:Ah|Kh:100|-100:deepstack|rocks
STATE:245:cr300f:Qh|Ah:-100|100:rocks|deepstack
STATE:246:cr1200f:Kh|As:-100|100:deepstack|rocks
STATE:247:r1200f:Ah|Kh:100|-100:rocks|deepstack
STATE:248:cc/r1200f:Ah|Qs/As:100|-100:deepstack|rocks
STATE:249:cr300f:Qs|As:-100|100:rocks|deepstack
STATE:250:cc/cc:Ks|Kh/As:0|0:deepstack|rocks
STATE:251:cc/cc:Qh|As/Ks:-100|100:rocks|deepstack
STATE:252:cc/cc:Ah|Kh/Ks:-100|100:deepstack|rocks
STATE:253:cr300f:Ks|As:-100|100:rocks|deepstack
STATE:254:cr1200c/:Ah|As/Kh:0|0:deepstack|rocks
STATE:255:cc/cc:Kh|Ks/As:0|0:rocks|deepstack
STATE:256:cc/r300f:Ks|Qs/As:100|-100:deepstack|rocks
STATE:257:r1200c/:As|Ah/Qs:0|0:rocks|deepstack
STATE:258:cc/r300f:Qh|Qs/Ks:100|-100:deepstack|rocks
STATE:259:cc/cc:Qh|Qs/Ks:0|0:rocks|deepstack
STATE:260:cc/cc:Qh|Ks/Ah:-100|100:deepstack|rocks
STATE:261:cc/cc:Ks|As/Qh:-100|100:rocks|deepstack
STATE:262:cc/cc:Qh|Kh/Ah:-100|100:deepstack|rocks
STATE:263:cc/cc:Kh|Ks/As:0|0:rocks|deepstack
STATE:264:cr1200f:Kh|As:-100|100:deepstack|rocks
STATE:265:cr300f:Kh|Qh:-100|100:rocks|deepstack
STATE:266:cr1200f:Ks|As:-100|100:deepstack|rocks
STATE:267:cr300f:Qh|Ks:-100|100:rocks|deepstack
STATE:268:cc/cc:Ah|Ks/Kh:-100|100:deepstack|rocks
STATE:269:cc/cc:Ks|Kh/Qh:0|0:rocks|deepstack
STATE:270:cr1200f:Ks|Ah:-100|100:deepstack|rocks
STATE:271:cc/cc:Ks|Qh/Kh:100|-100:rocks|deepstack
STATE:272:cc/cc:Qs|Ks/Kh:-100|100:deepstack|rocks
STATE:273:cc/cc:Ks|Qs/Ah:100|-100:rocks|deepstack
STATE:274:cr1200f:Qh|Ah:-100|100:deepstack|rocks
STATE:275:cr300f:Kh|Ah:-100|100:rocks|deepstack
STATE:276:cr1200f:Kh|As:-100|100:deepstack|rocks
STATE:277:cc/cc:Ks|Kh/Ah:0|0:rocks|deepstack
STATE:278:cr1200f:Qh|Ah:-100|100:deepstack|rocks
STATE:279:cr300f:Ks|As:-100|100:rocks|deepstack
STATE:280:cc/cc:Qs|Qh/As:0|0:deepstack|rocks
STATE:281:r1200f:As|Qs:100|-100:rocks|deepstack
STATE:282:cr1200c/:Ah|As/Qh:0|0:deepstack|rocks
STATE:283:r1200f:Ah|Kh:100|-100:rocks|deepstack
STATE:284:r1200f:As|Kh:100|-100:deepstack|rocks
STATE:285:cr300f:Qs|Ah:-100|100:rocks|deepstack
STATE:286:cc/cc:Qs|Qh/As:0|0:deepstack|rocks
STATE:287:r1200f:Ah|Ks:100|-100:rocks|deepstack
STATE:288:cc/cc:Ah|Kh/Ks:-100|100:deepstack|rocks
STATE:289:r1200c/:As|Ah/Ks:0|0:rocks|deepstack
STATE:290:cc/cc:As|Qs/Kh:100|-100:deepstack|rocks
STATE:291:cr300f:Qs|Ks:-100|100:rocks|deepstack
STATE:292:r1200c/:As|Ah/Kh:0|0:deepstack|rocks
STATE:293:r1200f:Ah|Ks:100|-100:rocks|deepstack
STATE:294:cr1200f:Ks|As:-100|100:deepstack|rocks
STATE:295:r1200c/:As|Ah/Kh:0|0:rocks|deepstack
STATE:296:cr1200f:Qs|Ah:-100|100:deepstack|rocks
STATE:297:r1200f:As|Qs:100|-100:rocks|deepstack
STATE:298:r1200f:As|Qh:100|-100:deepstack|rocks
STATE:299:cr300f:Qs|Ks:-100|100:rocks|deepstack
STATE:300:cc/cc:Qh|Qs/Kh:0|0:deepstack|rocks
STATE:301:cc/cc:Qs|As/Kh:-100|100:rocks|deepstack
STATE:302:r1200f:As|Kh:100|-100:deepstack|rocks
STATE:303:cc/cc:Qh|Qs/Ks:0|0:rocks|deepstack
STATE:304:cc/cc:Ah|Qs/Kh:100|-100:deepstack|rocks
STATE:305:r1200f:Ah|Qs:100|-100:rocks|deepstack
STATE:306:cr1200f:Kh|As:-100|100:deepstack|rocks
STATE:307:r1200f:As|Ks:100|-100:rocks|deepstack
STATE:308:cr1200f:Kh|Ah:-100|100:deepstack|rocks
STATE:309:cr300f:Qh|Kh:-100|100:rocks|deepstack
STATE:310:r1200f:Ah|Ks:100|-100:deepstack|rocks
STATE:311:r1200f:As|Qh:100|-100:rocks|deepstack
STATE:312:cr1200f:Ks|As:-100|100:deepstack|rocks
STATE:313:cr300f:Ks|Ah:-100|100:rocks|deepstack
STATE:314:cr1200f:Qh|As:-100|100:deepstack|rocks
STATE:315:cr300f:Ks|As:-100|100:rocks|deepstack
STATE:316:cc/r300f:Kh|Ks/Qh:100|-100:deepstack|rocks
STATE:317:cc/cc:Kh|Qh/As:100|-100:rocks|deepstack
STATE:318:cc/cc:Qh|Kh/Qs:100|-100:deepstack|rocks
STATE:319:cc/cr1200f:Ks|Qh/Ah:-100|100:rocks|deepstack
STATE:320:cr1200c/:As|Ah/Qs:0|0:deepstack|rocks
STATE:321:cc/cc:Ks|Kh/Qs:0|0:rocks|deepstack
STATE:322:cc/cc:Ks|Qs/Qh:-100|100:deepstack|rocks
STATE:323:cc/cc:Ks|Kh/Qh:0|0:rocks|deepstack
STATE:324:cc/r300f:Kh|Qs/Ks:100|-100:deepstack|rocks
STATE:325:cr300f:Ks|As:-100|100:rocks|deepstack
STATE:326:cr1200f:Ks|Ah:-100|100:deepstack|rocks
STATE:327:r1200f:Ah|Qs:100|-100:rocks|deepstack
STATE:328:cc/cc:Kh|Ks/Qs:0|0:deepstack|rocks
STATE:329:cr300f:Qs|As:-100|100:rocks|deepstack
STATE:330:cc/cc:Ah|Kh/Ks:-100|100:deepstack|rocks
STATE:331:cc/cc:Ks|Qh/Kh:100|-100:rocks|deepstack
STATE:332:cc/cc:Ks|Qs/Ah:100|-100:deepstack|rocks
STATE:333:r1200c/:As|Ah/Qs:0|0:rocks|deepstack
STATE:334:cc/cc:Ks|Qs/Ah:100|-100:deepstack|rocks
STATE:335:r1200f:Ah|Qh:100|-100:rocks|deepstack
STATE:336:cc/cc:Qs|Qh/Kh:0|0:deepstack|rocks
STATE:337:cr300f:Kh|Ah:-100|100:rocks|deepstack
STATE:338:cr1200f:Kh|Ah:-100|100:deepstack|rocks
STATE:339:r1200f:As|Ks:100|-100:rocks|deepstack
STATE:340:cc/cc:Ks|Kh/Qs:0|0:deepstack|rocks
STATE:341:r1200c/:As|Ah/Qh:0|0:rocks|deepstack
STATE:342:cr1200f:Kh|Ah:-100|100:deepstack|rocks
STATE:343:cc/cc:Ks|Qs/Ah:100|-100:rocks|deepstack
STATE:344:cc/cc:As|Ks/Qs:100|-100:deepstack|rocks
STATE:345:r1200c/:Ah|As/Qs:0|0:rocks|deepstack
STATE:346:cc/r300f:Ks|Qh/Kh:100|-100:deepstack|rocks
STATE:347:r1200f:As|Ks:100|-100:rocks|deepstack
STATE:348:cc/r1200f:Qh|Qs/Ah:100|-100:deepstack|rocks
STATE:349:cr300f:Ks|Ah:-100|100:rocks|deepstack
STATE:350:cc/cc:Qh|Ks/As:-100|100:deepstack|rocks
STATE:351:cc/cr300f:Kh|Qh/Qs:-100|100:rocks|deepstack
STATE:352:cc/cc:Ks|Qs/Ah:100|-100:deepstack|rocks
STATE:353:cc/cc:Kh|Ah/Qs:-100|100:rocks|deepstack
STATE:354:cc/cc:Qs|Ks/Qh:100|-100:deepstack|rocks
STATE:355:cr300f:Qh|Ah:-100|100:rocks|deepstack
STATE:356:r1200f:As|Qs:100|-100:deepstack|rocks
STATE:357:r1200f:Ah|Kh:100|-100:rocks|deepstack
STATE:358:cc/cc:Qs|Kh/Ah:-100|100:deepstack|rocks
STATE:359:r1200f:Ah|Qh:100|-100:rocks|deepstack
STATE:360:cc/cc:Qh|Ks/As:-100|100:deepstack|rocks
STATE:361:cc/cr300f:Kh|Qh/Qs:-100|100:rocks|deepstack
STATE:362:cr1200c/:Ah|As/Kh:0|0:deepstack|rocks
STATE:363:r1200f:As|Kh:100|-100:rocks|deepstack
STATE:364:cc/r300f:Ah|Ks/As:100|-100:deepstack|rocks
STATE:365:cc/cr300f:Qs|Ks/Qh:-100|100:rocks|deepstack
STATE:366:cc/cc:Qh|Kh/Ah:-100|100:deepstack|rocks
STATE:367:cc/cr300f:Kh|Qh/Qs:-100|100:rocks|deepstack
STATE:368:cc/cc:Ks|Qs/As:100|-100:deepstack|rocks
STATE:369:cr300f:Kh|As:-100|100:rocks|deepstack
STATE:370:cc/r300f:Ah|Qh/As:100|-100:deepstack|rocks
STATE:371:cc/cc:Kh|Ks/Ah:0|0:rocks|deepstack
STATE:372:cr1200c/:Ah|As/Ks:0|0:deepstack|rocks
STATE:373:cc/cr300f:Qh|Ks/Kh:-100|100:rocks|deepstack
STATE:374:cc/cc:Ah|Qh/Ks:100|-100:deepstack|rocks
STATE:375:r1200f:Ah|Qh:100|-100:rocks|deepstack
STATE:376:cr1200f:Ks|As:-100|100:deepstack|rocks
STATE:377:cc/cc:Kh|Qh/Ks:100|-100:rocks|deepstack
STATE:378:r1200f:As|Kh:100|-100:deepstack|rocks
STATE:379:cr300f:Ks|As:-100|100:rocks|deepstack
STATE:380:cc/cc:Ah|Qh/Kh:100|-100:deepstack|rocks
STATE:381:r1200f:Ah|Ks:100|-100:rocks|deepstack
STATE:382:cr1200f:Qh|As:-100|100:deepstack|rocks
STATE:383:cr300f:Ks|As:-100|100:rocks|deepstack
STATE:384:cc/cc:Ah|Qs/Qh:-100|100:deepstack|rocks
STATE:385:r1200f:Ah|Kh:100|-100:rocks|deepstack
STATE:386:cc/cc:Ah|Qs/Qh:-100|100:deepstack|rocks
STATE:387:cc/cc:Qh|Kh/As:-100|100:rocks|deepstack
STATE:388:r300f:As|Qs:100|-100:deepstack|rocks
STATE:389:cc/cc:Ks|Qh/Kh:100|-100:rocks|deepstack
STATE:390:cr1200f:Ks|As:-100|100:deepstack|rocks
STATE:391:cr300f:Ks|As:-100|100:rocks|deepstack
STATE:392:cc/cc:As|Ks/Kh:-100|100:deepstack|rocks
STATE:393:cr300f:Kh|As:-100|100:rocks|deepstack
STATE:394:cr1200f:Qs|As:-100|100:deepstack|rocks
STATE:395:cc/cr1200f:Kh|As/Ah:-100|100:rocks|deepstack
STATE:396:cc/cc:Ks|Qs/Qh:-100|100:deepstack|rocks
STATE:397:r1200f:Ah|Kh:100|-100:rocks|deepstack
STATE:398:cc/r1200f:Qs|Ks/Ah:100|-100:deepstack|rocks
STATE:399:cr1200f:Qh|Ah:-100|100:rocks|deepstack
STATE:400:cc/cc:Ah|Kh/Ks:-100|100:deepstack|rocks
STATE:401:cr300f:Qh|Ah:-100|100:rocks|deepstack
STATE:402:cr1200f:Qh|Ah:-100|100:deepstack|rocks
STATE:403:cr300f:Kh|Qs:-100|100:rocks|deepstack
STATE:404:r1200f:As|Qh:100|-100:deepstack|rocks
STATE:405:cr300f:Qs|Ah:-100|100:rocks|deepstack
STATE:406:cc/cc:Ah|Kh/Qs:100|-100:deepstack|rocks
STATE:407:cr300f:Qs|As:-100|100:rocks|deepstack
STATE:408:cc/r300f:Ks|Qs/As:100|-100:deepstack|rocks
STATE:409:r1200f:Ah|Qs:100|-100:rocks|deepstack
STATE:410:r1200f:As|Kh:100|-100:deepstack|rocks
STATE:411:cc/cc:Ks|Qs/As:100|-100:rocks|deepstack
STATE:412:cc/cc:Qs|Kh/Ah:-100|100:deepstack|rocks
STATE:413:cc/cc:Kh|Ks/Qh:0|0:rocks|deepstack
STATE:414:cc/r300f:Kh|Qh/Ks:100|-100:deepstack|rocks
STATE:415:cc/cr300f:Qh|Ks/Kh:-100|100:rocks|deepstack
STATE:416:cc/cc:Qh|Qs/Ah:0|0:deepstack|rocks
STATE:417:cr300f:Kh|As:-100|100:rocks|deepstack
STATE:418:cc/r1200f:Ah|Ks/As:100|-100:deepstack|rocks
STATE:419:r1200f:Ah|Qs:100|-100:rocks|deepstack
STATE:420:cc/cc:Qs|Ks/As:-100|100:deepstack|rocks
STATE:421:r1200f:As|Ks:100|-100:rocks|deepstack
STATE:422:cr1200f:Qs|Ah:-100|100:deepstack|rocks
STATE:423:cr300f:Kh|Ks:-100|100:rocks|deepstack
STATE:424:cc/cc:As|Qs/Qh:-100|100:deepstack|rocks
STATE:425:cr300f:Qs|As:-100|100:rocks|deepstack
STATE:426:cr1200f:Qs|Ah:-100|100:deepstack|rocks
STATE:427:cc/cc:Qs|Kh/Qh:100|-100:rocks|deepstack
STATE:428:cc/r1200f:As|Qs/Ah:100|-100:deepstack|rocks
STATE:429:cc/cr1200f:Kh|Ah/As:-100|100:rocks|deepstack
STATE:430:cc/cc:Qh|Ks/Qs:100|-100:deepstack|rocks
STATE:431:r1200f:As|Qs:100|-100:rocks|deepstack
STATE:432:cc/cc:Kh|Ks/Ah:0|0:deepstack|rocks
STATE:433:r1200f:Ah|Qh:100|-100:rocks|deepstack
STATE:434:r1200f:Ah|Qh:100|-100:deepstack|rocks
STATE:435:cr300f:Qh|Ah:-100|100:rocks|deepstack
STATE:436:r1200f:As|Kh:100|-100:deepstack|rocks
STATE:437:r1200f:Ah|Qh:100|-100:rocks|deepstack
STATE:438:r1200f:Ah|Qs:100|-100:deepstack|rocks
STATE:439:cc/cr300f:Kh|Qh/Qs:-100|100:rocks|deepstack
STATE:440:cc/r300f:Ah|Ks/As:100|-100:deepstack|rocks
STATE:441:cr300f:Kh|Ah:-100|100:rocks|deepstack
STATE:442:r1200f:Ah|Kh:100|-100:deepstack|rocks
STATE:443:r1200f:Ah|Ks:100|-100:rocks|deepstack
STATE:444:cr1200f:Kh|As:-100|100:deepstack|rocks
STATE:445:r1200f:Ah|Qh:100|-100:rocks|deepstack
STATE:446:cr1200f:Kh|Ah:-100|100:deepstack|rocks
STATE:447:r1200f:Ah|Qs:100|-100:rocks|deepstack
STATE:448:r1200f:Ah|Ks:100|-100:deepstack|rocks
STATE:449:cc/cr300f:Qh|Ks/Kh:-100|100:rocks|deepstack
STATE:450:cr1200f:Qs|As:-100|100:deepstack|rocks
STATE:451:cc/cc:Qh|Qs/As:0|0:rocks|deepstack
STATE:452:cc/cc:Kh|Qh/Ah:100|-100:deepstack|rocks
STATE:453:cc/cr300f:Kh|Ks/Qh:-100|100:rocks|deepstack
STATE:454:cr1200f:Kh|Ah:-100|100:deepstack|rocks
STATE:455:cr300f:Qs|Qh:-100|100:rocks|deepstack
STATE:456:cr1200c/:Ah|As/Ks:0|0:deepstack|rocks
STATE:457:cc/cc:Qs|Kh/Qh:100|-100:rocks|deepstack
STATE:458:cr1200f:Qs|As:-100|100:deepstack|rocks
STATE:459:cr300f:Ks|Ah:-100|100:rocks|deepstack
STATE:460:cr1200f:Kh|As:-100|100:deepstack|rocks
STATE:461:cr300f:Qh|As:-100|100:rocks|deepstack
STATE:462:r1200c/:As|Ah/Qs:0|0:deepstack|rocks
STATE:463:r1200f:Ah|Qh:100|-100:rocks|deepstack
STATE:464:r1200f:As|Ks:100|-100:deepstack|rocks
STATE:465:cc/cc:Qh|Ks/Qs:100|-100:rocks|deepstack
STATE:466:cc/cc:Ah|Kh/Qh:100|-100:deepstack|rocks
STATE:467:r1200f:As|Qs:100|-100:rocks|deepstack
STATE:468:cc/cc:Ks|Qs/Qh:-100|100:deepstack|rocks
STATE:469:cr300f:Kh|Qs:-100|100:rocks|deepstack
STATE:470:cc/cc:Ks|Qs/Kh:100|-100:deepstack|rocks
STATE:471:cc/cc:Kh|Qs/As:100|-100:rocks|deepstack
STATE:472:cr1200f:Ks|As:-100|100:deepstack|rocks
STATE:473:cc/cr300f:Kh|Qh/Qs:-100|100:rocks|deepstack
STATE:474:r1200f:As|Kh:100|-100:deepstack|rocks
STATE:475:r1200f:Ah|Qs:100|-100:rocks|deepstack
STATE:476:r1200f:Ah|Ks:100|-100:deepstack|rocks
STATE:477:cc/cc:Kh|Qs/Ks:100|-100:rocks|deepstack
STATE:478:cc/cc:Qh|Kh/Qs:100|-100:deepstack|rocks
STATE:479:cc/cc:Qh|Ks/Qs:100|-100:rocks|deepstack
STATE:480:cc/cc:As|Ks/Qh:100|-100:deepstack|rocks
STATE:481:cr300f:Kh|Ah:-100|100:rocks|deepstack
STATE:482:cr1200f:Qs|As:-100|100:deepstack|rocks
STATE:483:r1200f:As|Kh:100|-100:rocks|deepstack
STATE:484:cr1200f:Ks|Ah:-100|100:deepstack|rocks
STATE:485:cc/cr300f:Qh|Kh/As:-100|100:rocks|deepstack
STATE:486:cc/cc:Qs|Ks/Kh:-100|100:deepstack|rocks
STATE:487:r1200c/:As|Ah/Qh:0|0:rocks|deepstack
STATE:488:cr1200f:Ks|Ah:-100|100:deepstack|rocks
STATE:489:r1200f:Ah|Kh:100|-100:rocks|deepstack
STATE:490:cr1200f:Ks|As:-100|100:deepstack|rocks
STATE:491:r1200f:Ah|Ks:100|-100:rocks|deepstack
STATE:492:cr1200f:Ks|Ah:-100|100:deepstack|rocks
STATE:493:cc/cc:Qs|Kh/Ah:-100|100:rocks|deepstack
STATE:494:cr1200f:Ks|As:-100|100:deepstack|rocks
STATE:495:r1200f:As|Ks:100|-100:rocks|deepstack
STATE:496:cr1200f:Qh|As:-100|100:deepstack|rocks
STATE:497:r1200f:Ah|Kh:100|-100:rocks|deepstack
STATE:498:cc/cc:Ah|Kh/Qs:100|-100:deepstack|rocks
STATE:499:r1200c/:As|Ah/Qh:0|0:rocks|deepstack
STATE:500:cr1200f:Ks|Ah:-100|100:deepstack|rocks
STATE:501:r1200f:Ah|Qs:100|-100:rocks|deepstack
STATE:502:cc/cc:Ah|Qs/Kh:100|-100:deepstack|rocks
STATE:503:cc/cr1200f:Ks|Ah/As:-100|100:rocks|deepstack
STATE:504:cc/cc:Ah|Qs/Ks:100|-100:deepstack|rocks
STATE:505:cr300f:Qh|Ah:-100|100:rocks|deepstack
STATE:506:cc/cc:Ah|Kh/Qs:100|-100:deepstack|rocks
STATE:507:cc/cr300f:Qs|Ks/Qh:-100|100:rocks|deepstack
STATE:508:cr1200f:Kh|Ah:-100|100:deepstack|rocks
STATE:509:r1200f:Ah|Qh:100|-100:rocks|deepstack
STATE:510:cr1200f:Qs|Ah:-100|100:deepstack|rocks
STATE:511:cr300f:Qs|Ah:-100|100:rocks|deepstack
STATE:512:cc/r300f:Kh|Ks/As:100|-100:deepstack|rocks
STATE:513:cc/cc:Ks|Qh/As:100|-100:rocks|deepstack
STATE:514:cc/cc:Ks|Qh/Kh:100|-100:deepstack|rocks
STATE:515:r1200f:Ah|Ks:100|-100:rocks|deepstack
STATE:516:cc/cc:Ks|Kh/Qh:0|0:deepstack|rocks
STATE:517:cc/cr1200f:Kh|Qh/Ah:-100|100:rocks|deepstack
STATE:518:cr1200f:Kh|Ah:-100|100:deepstack|rocks
STATE:519:cr300f:Qs|Kh:-100|100:rocks|deepstack
STATE:520:cc/r300f:Ah|Kh/As:100|-100:deepstack|rocks
STATE:521:r1200f:As|Kh:100|-100:rocks|deepstack
STATE:522:cr1200f:Qh|As:-100|100:deepstack|rocks
STATE:523:cc/cc:Ks|Kh/As:0|0:rocks|deepstack
STATE:524:cc/cc:Ks|Qh/Ah:100|-100:deepstack|rocks
STATE:525:cr300f:Qs|As:-100|100:rocks|deepstack
STATE:526:cr1200f:Ks|Ah:-100|100:deepstack|rocks
STATE:527:cr300f:Kh|As:-100|100:rocks|deepstack
STATE:528:cc/cc:Ks|Qh/Ah:100|-100:deepstack|rocks
STATE:529:cr300f:Kh|As:-100|100:rocks|deepstack
STATE:530:cc/cc:Ah|Ks/Qh:100|-100:deepstack|rocks
STATE:531:cr300f:Qh|Ah:-100|100:rocks|deepstack
STATE:532:r1200c/:As|Ah/Qh:0|0:deepstack|rocks
STATE:533:cr300f:Qs|Ah:-100|100:rocks|deepstack
STATE:534:cc/cc:Ah|Ks/Qs:100|-100:deepstack|rocks
STATE:535:cr300f:Ks|Ah:-100|100:rocks|deepstack
STATE:536:cc/cc:As|Qh/Ks:100|-100:deepstack|rocks
STATE:537:cr300f:Kh|As:-100|100:rocks|deepstack
STATE:538:cr1200f:Ks|Ah:-100|100:deepstack|rocks
STATE:539:cc/cc:Kh|As/Qs:-100|100:rocks|deepstack
STATE:540:cc/cc:Ks|Kh/Ah:0|0:deepstack|rocks
STATE:541:cr300f:Ks|As:-100|100:rocks|deepstack
STATE:542:cr1200f:Qh|Ah:-100|100:deepstack|rocks
STATE:543:cc/cc:Qs|Ks/As:-100|100:rocks|deepstack
STATE:544:r1200f:As|Qh:100|-100:deepstack|rocks
STATE:545:r1200f:Ah|Qh:100|-100:rocks|deepstack
STATE:546:cc/cc:Ks|Qs/Ah:100|-100:deepstack|rocks
STATE:547:r1200f:Ah|Kh:100|-100:rocks|deepstack
STATE:548:cc/r300f:Ks|Kh/Qh:100|-100:deepstack|rocks
STATE:549:cr300f:Qs|Qh:-100|100:rocks|deepstack
STATE:550:cc/cc:Qs|Kh/Qh:100|-100:deepstack|rocks
STATE:551:r1200f:As|Kh:100|-100:rocks|deepstack
STATE:552:cc/cc:Qh|Qs/Ah:0|0:deepstack|rocks
STATE:553:cc/cr300f:Qs|Qh/Ks:-100|100:rocks|deepstack
STATE:554:cr1200f:Kh|Ah:-100|100:deepstack|rocks
STATE:555:cr300f:Kh|Ks:-100|100:rocks|deepstack
STATE:556:cc/cc:As|Kh/Qh:100|-100:deepstack|rocks
STATE:557:r1200f:As|Qh:100|-100:rocks|deepstack
STATE:558:cr1200f:Ks|Ah:-100|100:deepstack|rocks
STATE:559:cr300f:Kh|Ah:-100|100:rocks|deepstack
STATE:560:cc/r300f:Ah|Qh/As:100|-100:deepstack|rocks
STATE:561:cc/cc:Qh|Ks/Ah:-100|100:rocks|deepstack
STATE:562:cc/r300f:Kh|Qs/As:100|-100:deepstack|rocks
STATE:563:cr1200f:Qs|Ah:-100|100:rocks|deepstack
STATE:564:cr1200f:Ks|Ah:-100|100:deepstack|rocks
STATE:565:r1200f:Ah|Ks:100|-100:rocks|deepstack
STATE:566:cr1200f:Kh|Ah:-100|100:deepstack|rocks
STATE:567:r1200f:Ah|Ks:100|-100:rocks|deepstack
STATE:568:cc/cc:Ah|Ks/As:100|-100:deepstack|rocks
STATE:569:cc/cr300f:Qs|Qh/Ks:-100|100:rocks|deepstack
STATE:570:cr1200f:Qh|Ah:-100|100:deepstack|rocks
STATE:571:cr300f:Ks|Ah:-100|100:rocks|deepstack
STATE:572:cc/cc:Kh|Qs/Ks:100|-100:deepstack|rocks
STATE:573:r1200c/:As|Ah/Ks:0|0:rocks|deepstack
STATE:574:cc/r1200f:As|Qs/Ah:100|-100:deepstack|rocks
STATE:575:cc/cc:Kh|Ah/Ks:100|-100:rocks|deepstack
STATE:576:r1200f:As|Ks:100|-100:deepstack|rocks
STATE:577:r1200f:Ah|Ks:100|-100:rocks|deepstack
STATE:578:cr1200f:Qs|Ah:-100|100:deepstack|rocks
STATE:579:cr300f:Qh|Ah:-100|100:rocks|deepstack
STATE:580:cc/cc:Ah|Qs/Ks:100|-100:deepstack|rocks
STATE:581:cr300f:Kh|Ks:-100|100:rocks|deepstack
STATE:582:cr1200f:Qs|As:-100|100:deepstack|rocks
STATE:583:cr300f:Kh|Ah:-100|100:rocks|deepstack
STATE:584:cr1200f:Qs|As:-100|100:deepstack|rocks
STATE:585:cc/cc:Kh|Ah/Qs:-100|100:rocks|deepstack
STATE:586:cc/cc:Qs|Kh/Qh:100|-100:deepstack|rocks
STATE:587:r1200c/:Ah|As/Qh:0|0:rocks|deepstack
STATE:588:cr1200c/:Ah|As/Qs:0|0:deepstack|rocks
STATE:589:r1200c/:Ah|As/Qs:0|0:rocks|deepstack
STATE:590:cc/cc:Kh|Ks/Ah:0|0:deepstack|rocks
STATE:591:cc/cc:Qs|Ks/As:-100|100:rocks|deepstack
STATE:592:cr1200c/:Ah|As/Kh:0|0:deepstack|rocks
STATE:593:r1200f:Ah|Qs:100|-100:rocks|deepstack
STATE:594:cr1200c/:As|Ah/Qs:0|0:deepstack|rocks
STATE:595:cc/cc:Qs|Qh/As:0|0:rocks|deepstack
STATE:596:cc/r300f:Kh|Qh/As:100|-100:deepstack|rocks
STATE:597:cr300f:Qh|As:-100|100:rocks|deepstack
STATE:598:cc/cc:Ah|Kh/Qs:100|-100:deepstack|rocks
STATE:599:r1200f:As|Ks:100|-100:rocks|deepstack
STATE:600:cc/cc:Ah|Ks/Qs:100|-100:deepstack|rocks
STATE:601:r1200f:Ah|Qh:100|-100:rocks|deepstack
STATE:602:cr1200f:Ks|Ah:-100|100:deepstack|rocks
STATE:603:r1200c/:Ah|As/Ks:0|0:rocks|deepstack
STATE:604:cr1200f:Qh|Ah:-100|100:deepstack|rocks
STATE:605:cr300f:Qs|Qh:-100|100:rocks|deepstack
STATE:606:cc/cc:Ah|Qh/Ks:100|-100:deepstack|rocks
STATE:607:cr300f:Ks|Ah:-100|100:rocks|deepstack
STATE:608:r1200c/:Ah|As/Ks:0|0:deepstack|rocks
STATE:609:r1200f:As|Qh:100|-100:rocks|deepstack
STATE:610:cr1200f:Qs|Ah:-100|100:deepstack|rocks
STATE:611:r1200f:As|Qs:100|-100:rocks|deepstack
STATE:612:cc/cc:Kh|Ks/Qs:0|0:deepstack|rocks
STATE:613:r1200f:Ah|Ks:100|-100:rocks|deepstack
STATE:614:cr1200c/:Ah|As/Ks:0|0:deepstack|rocks
STATE:615:cc/cc:Ks|Qs/Kh:100|-100:rocks|deepstack
STATE:616:r1200c/:As|Ah/Qh:0|0:deepstack|rocks
STATE:617:cc/cr300f:Kh|Qs/Qh:-100|100:rocks|deepstack
STATE:618:r1200c/:As|Ah/Qs:0|0:deepstack|rocks
STATE:619:r1200c/:Ah|As/Ks:0|0:rocks|deepstack
STATE:620:cr1200f:Qs|As:-100|100:deepstack|rocks
STATE:621:cc/cc:Qh|As/Kh:-100|100:rocks|deepstack
STATE:622:cc/r1200f:Ah|Kh/As:100|-100:deepstack|rocks
STATE:623:cc/cc:Qh|Ks/Ah:-100|100:rocks|deepstack
STATE:624:cr1200f:Kh|Ah:-100|100:deepstack|rocks
STATE:625:cc/cc:Ks|As/Kh:100|-100:rocks|deepstack
STATE:626:cc/cc:Qh|Kh/Qs:100|-100:deepstack|rocks
STATE:627:cr300f:Ks|As:-100|100:rocks|deepstack
STATE:628:cc/cc:Ks|Qs/Ah:100|-100:deepstack|rocks
STATE:629:cc/cr1200f:Qh|Ks/Ah:-100|100:rocks|deepstack
STATE:630:cr1200f:Kh|As:-100|100:deepstack|rocks
STATE:631:r1200f:Ah|Qh:100|-100:rocks|deepstack
STATE:632:cr1200f:Kh|As:-100|100:deepstack|rocks
STATE:633:cc/cc:Qs|Kh/As:-100|100:rocks|deepstack
STATE:634:cc/cc:Ks|Qs/Qh:-100|100:deepstack|rocks
STATE:635:cr300f:Qh|Ah:-100|100:rocks|deepstack
STATE:636:cr1200f:Qh|Ah:-100|100:deepstack|rocks
STATE:637:cc/cr300f:Ks|Qh/Qs:-100|100:rocks|deepstack
STATE:638:cc/cc:Kh|Qs/Qh:-100|100:deepstack|rocks
STATE:639:r1200c/:Ah|As/Qh:0|0:rocks|deepstack
STATE:640:r1200f:As|Qs:100|-100:deepstack|rocks
STATE:641:r1200f:As|Qs:100|-100:rocks|deepstack
STATE:642:cc/cc:Qs|Kh/Ah:-100|100:deepstack|rocks
STATE:643:cr300f:Ks|As:-100|100:rocks|deepstack
STATE:644:cc/cc:Qs|Qh/Kh:0|0:deepstack|rocks
STATE:645:cr300f:Qh|Kh:-100|100:rocks|deepstack
STATE:646:cc/cc:Ks|Qs/Qh:-100|100:deepstack|rocks
STATE:647:r1200f:As|Qh:100|-100:rocks|deepstack
STATE:648:cc/r300f:Ks|Qs/As:100|-100:deepstack|rocks
STATE:649:cc/cc:Kh|Qh/Ks:100|-100:rocks|deepstack
STATE:650:cc/r300f:Qs|Qh/Ks:100|-100:deepstack|rocks
STATE:651:cr300f:Qs|Ah:-100|100:rocks|deepstack
STATE:652:cc/cc:Qh|Ks/Qs:100|-100:deepstack|rocks
STATE:653:cc/cr1200f:Kh|Qs/Qh:-100|100:rocks|deepstack
STATE:654:cc/cc:Qh|Ks/Kh:-100|100:deepstack|rocks
STATE:655:cc/cr300f:Qs|Kh/Ks:-100|100:rocks|deepstack
STATE:656:cc/r300f:Ks|Qs/As:100|-100:deepstack|rocks
STATE:657:cc/cc:Qh|Kh/Ah:-100|100:rocks|deepstack
STATE:658:cc/cc:Qh|Ks/Kh:-100|100:deepstack|rocks
STATE:659:cc/cc:Ks|Qs/Ah:100|-100:rocks|deepstack
STATE:660:r300f:As|Kh:100|-100:deepstack|rocks
STATE:661:cc/cc:Qs|As/Qh:100|-100:rocks|deepstack
STATE:662:cc/r1200f:Ah|Qh/As:100|-100:deepstack|rocks
STATE:663:cr300f:Qs|Ah:-100|100:rocks|deepstack
STATE:664:cr1200f:Qs|As:-100|100:deepstack|rocks
STATE:665:cr300f:Qs|Ah:-100|100:rocks|deepstack
STATE:666:cc/cc:As|Qs/Ks:100|-100:deepstack|rocks
STATE:667:cr300f:Qs|As:-100|100:rocks|deepstack
STATE:668:cc/cc:Qs|Kh/Ks:-100|100:deepstack|rocks
STATE:669:cc/cc:Kh|Qh/As:100|-100:rocks|deepstack
STATE:670:cr1200f:Qs|Ah:-100|100:deepstack|rocks
STATE:671:r1200f:Ah|Kh:100|-100:rocks|deepstack
STATE:672:cr1200f:Ks|Ah:-100|100:deepstack|rocks
STATE:673:cr300f:Qh|Qs:-100|100:rocks|deepstack
STATE:674:cr1200f:Ks|As:-100|100:deepstack|rocks
STATE:675:cr300f:Qh|Ah:-100|100:rocks|deepstack
STATE:676:cr1200f:Kh|As:-100|100:deepstack|rocks
STATE:677:r1200c/:As|Ah/Kh:0|0:rocks|deepstack
STATE:678:cc/cc:Ah|Kh/Ks:-100|100:deepstack|rocks
STATE:679:r1200f:Ah|Kh:100|-100:rocks|deepstack
STATE:680:r1200f:As|Ks:100|-100:deepstack|rocks
STATE:681:r1200c/:Ah|As/Ks:0|0:rocks|deepstack
STATE:682:cc/r1200f:As|Qs/Ah:100|-100:deepstack|rocks
STATE:683:cc/cc:Qh|Qs/Kh:0|0:rocks|deepstack
STATE:684:cr1200c/:As|Ah/Qs:0|0:deepstack|rocks
STATE:685:cr300f:Kh|As:-100|100:rocks|deepstack
STATE:686:r1200f:As|Qs:100|-100:deepstack|rocks
STATE:687:r1200f:Ah|Ks:100|-100:rocks|deepstack
STATE:688:cr1200f:Qs|Ah:-100|100:deepstack|rocks
STATE:689:cc/cc:Ks|Kh/Ah:0|0:rocks|deepstack
STATE:690:cc/cc:Ks|Qh/Ah:100|-100:deepstack|rocks
STATE:691:r1200c/:Ah|As/Qh:0|0:rocks|deepstack
STATE:692:cc/cc:Qh|Ks/Kh:-100|100:deepstack|rocks
STATE:693:cr300f:Kh|Ah:-100|100:rocks|deepstack
STATE:694:cc/cc:Ah|Qh/Qs:-100|100:deepstack|rocks
STATE:695:cr300f:Ks|As:-100|100:rocks|deepstack
STATE:696:cc/cc:Qh|Qs/Ks:0|0:deepstack|rocks
STATE:697:cc/cc:Qh|Ks/Ah:-100|100:rocks|deepstack
STATE:698:r1200f:As|Qs:100|-100:deepstack|rocks
STATE:699:cc/cr300f:Qs|Ks/Kh:-100|100:rocks|deepstack
STATE:700:cc/cc:Kh|Ks/Ah:0|0:deepstack|rocks
STATE:701:cr300f:Qh|As:-100|100:rocks|deepstack
STATE:702:r1200f:As|Kh:100|-100:deepstack|rocks
STATE:703:cr300f:Kh|As:-100|100:rocks|deepstack
STATE:704:cc/cc:Kh|Qh/Ks:100|-100:deepstack|rocks
STATE:705:r1200c/:Ah|As/Qs:0|0:rocks|deepstack
STATE:706:cr1200f:Kh|As:-100|100:deepstack|rocks
STATE:707:r1200c/:Ah|As/Qh:0|0:rocks|deepstack
STATE:708:cr1200f:Kh|Ah:-100|100:deepstack|rocks
STATE:709:cr300f:Qh|As:-100|100:rocks|deepstack
STATE:710:cc/cc:Qs|Qh/Ah:0|0:deepstack|rocks
STATE:711:cc/cc:Qh|Kh/As:-100|100:rocks|deepstack
STATE:712:r1200f:As|Qh:100|-100:deepstack|rocks
STATE:713:r1200f:Ah|Qh:100|-100:rocks|deepstack
STATE:714:cr1200f:Qh|As:-100|100:deepstack|rocks
STATE:715:cr300f:Kh|As:-100|100:rocks|deepstack
STATE:716:cc/cc:Qs|Qh/Ah:0|0:deepstack|rocks
STATE:717:cc/cc:Qs|Qh/Ks:0|0:rocks|deepstack
STATE:718:r1200f:As|Kh:100|-100:deepstack|rocks
STATE:719:r1200f:Ah|Kh:100|-100:rocks|deepstack
STATE:720:cc/cc:Qs|Ks/As:-100|100:deepstack|rocks
STATE:721:cc/cr300f:Qs|Ks/Kh:-100|100:rocks|deepstack
STATE:722:cc/cc:Ah|Kh/Ks:-100|100:deepstack|rocks
STATE:723:cr300f:Qh|As:-100|100:rocks|deepstack
STATE:724:cr1200f:Ks|Ah:-100|100:deepstack|rocks
STATE:725:cc/cc:Qh|Kh/Ah:-100|100:rocks|deepstack
STATE:726:cr1200f:Ks|Ah:-100|100:deepstack|rocks
STATE:727:cc/cr300f:Qs|Ks/Kh:-100|100:rocks|deepstack
STATE:728:cc/cc:Ks|Kh/Qs:0|0:deepstack|rocks
STATE:729:cc/cc:Ks|Kh/As:0|0:rocks|deepstack
STATE:730:cr1200f:Qh|As:-100|100:deepstack|rocks
STATE:731:cr300f:Ks|As:-100|100:rocks|deepstack
STATE:732:cc/cc:Qh|Kh/Qs:100|-100:deepstack|rocks
STATE:733:cr300f:Kh|As:-100|100:rocks|deepstack
STATE:734:cc/cc:Qh|Ks/Qs:100|-100:deepstack|rocks
STATE:735:cc/cc:Qs|Ah/Kh:-100|100:rocks|deepstack
STATE:736:cr1200f:Kh|Ah:-100|100:deepstack|rocks
STATE:737:cc/cr300f:Ks|Qs/Qh:-100|100:rocks|deepstack
STATE:738:r1200f:As|Ks:100|-100:deepstack|rocks
STATE:739:cr300f:Qh|Ah:-100|100:rocks|deepstack
STATE:740:r1200f:As|Qs:100|-100:deepstack|rocks
STATE:741:cr300f:Qs|Ks:-100|100:rocks|deepstack
STATE:742:cc/cc:Ah|Kh/Qh:100|-100:deepstack|rocks
STATE:743:r1200f:As|Qs:100|-100:rocks|deepstack
STATE:744:cc/r300f:Ah|Qh/As:100|-100:deepstack|rocks
STATE:745:cr300f:Kh|As:-100|100:rocks|deepstack
STATE:746:cr1200f:Qs|Ah:-100|100:deepstack|rocks
STATE:747:r1200f:Ah|Kh:100|-100:rocks|deepstack
STATE:748:r300f:Qs|Kh:100|-100:deepstack|rocks
STATE:749:r1200f:Ah|Qs:100|-100:rocks|deepstack
STATE:750:r300f:As|Qs:100|-100:deepstack|rocks
STATE:751:cr300f:Ks|Ah:-100|100:rocks|deepstack
STATE:752:cc/cc:Qh|Ks/Qs:100|-100:deepstack|rocks
STATE:753:cc/cc:Qh|Qs/Ah:0|0:rocks|deepstack
STATE:754:cr1200c/:As|Ah/Qh:0|0:deepstack|rocks
STATE:755:r1200f:Ah|Qs:100|-100:rocks|deepstack
STATE:756:r1200f:As|Qs:100|-100:deepstack|rocks
STATE:757:r1200f:Ah|Ks:100|-100:rocks|deepstack
STATE:758:r1200f:Ah|Kh:100|-100:deepstack|rocks
STATE:759:cc/cc:Qs|Kh/As:-100|100:rocks|deepstack
STATE:760:cr1200f:Kh|Ah:-100|100:deepstack|rocks
STATE:761:r1200c/:Ah|As/Qh:0|0:rocks|deepstack
STATE:762:cc/cc:Qh|Ks/Kh:-100|100:deepstack|rocks
STATE:763:cr300f:Qs|Ah:-100|100:rocks|deepstack
STATE:764:cc/cc:Kh|Qs/Ks:100|-100:deepstack|rocks
STATE:765:cc/cc:Kh|Ks/As:0|0:rocks|deepstack
STATE:766:cc/cc:Qh|Ks/Ah:-100|100:deepstack|rocks
STATE:767:cc/cc:Kh|As/Ks:100|-100:rocks|deepstack
STATE:768:cc/r1200f:Kh|Qh/As:100|-100:deepstack|rocks
STATE:769:cr300f:Ks|Kh:-100|100:rocks|deepstack
STATE:770:cr1200f:Ks|Ah:-100|100:deepstack|rocks
STATE:771:cc/cc:Qs|Ks/As:-100|100:rocks|deepstack
STATE:772:cc/cc:Qs|Kh/As:-100|100:deepstack|rocks
STATE:773:cr300f:Kh|As:-100|100:rocks|deepstack
STATE:774:cc/cc:Qh|Qs/Ks:0|0:deepstack|rocks
STATE:775:r1200f:As|Kh:100|-100:rocks|deepstack
STATE:776:r300f:Qh|Qs:100|-100:deepstack|rocks
STATE:777:cr300f:Ks|Ah:-100|100:rocks|deepstack
STATE:778:cc/cc:Kh|Qs/Qh:-100|100:deepstack|rocks
STATE:779:r1200f:As|Qs:100|-100:rocks|deepstack
STATE:780:cr1200f:Kh|Ah:-100|100:deepstack|rocks
STATE:781:cr300f:Qs|As:-100|100:rocks|deepstack
STATE:782:cc/cc:Kh|Qh/Qs:-100|100:deepstack|rocks
STATE:783:r1200f:As|Qh:100|-100:rocks|deepstack
STATE:784:cr1200f:Kh|Ah:-100|100:deepstack|rocks
STATE:785:r1200f:Ah|Ks:100|-100:rocks|deepstack
STATE:786:r1200f:As|Qh:100|-100:deepstack|rocks
STATE:787:r1200c/:As|Ah/Kh:0|0:rocks|deepstack
STATE:788:cr1200c/:As|Ah/Qh:0|0:deepstack|rocks
STATE:789:r1200f:As|Qs:100|-100:rocks|deepstack
STATE:790:r1200f:As|Ks:100|-100:deepstack|rocks
STATE:791:r1200f:As|Ks:100|-100:rocks|deepstack
STATE:792:cc/cc:Kh|Qs/Ah:100|-100:deepstack|rocks
STATE:793:cr300f:Ks|As:-100|100:rocks|deepstack
STATE:794:cr1200c/:Ah|As/Ks:0|0:deepstack|rocks
STATE:795:cc/cc:Ks|Qh/Kh:100|-100:rocks|deepstack
STATE:796:cc/cc:Qh|Qs/Ks:0|0:deepstack|rocks
STATE:797:r1200f:Ah|Qh:100|-100:rocks|deepstack
STATE:798:cr1200f:Kh|As:-100|100:deepstack|rocks
STATE:799:r1200f:As|Kh:100|-100:rocks|deepstack
STATE:800:cr1200f:Qh|Ah:-100|100:deepstack|rocks
STATE:801:r1200f:Ah|Ks:100|-100:rocks|deepstack
STATE:802:cr1200f:Kh|Ah:-100|100:deepstack|rocks
STATE:803:cc/cc:Qh|Qs/Ah:0|0:rocks|deepstack
STATE:804:cc/cc:Ah|Qh/Kh:100|-100:deepstack|rocks
STATE:805:r1200f:Ah|Kh:100|-100:rocks|deepstack
STATE:806:r300f:As|Qs:100|-100:deepstack|rocks
STATE:807:cr300f:Kh|As:-100|100:rocks|deepstack
STATE:808:cc/r1200f:Qh|Ks/Ah:100|-100:deepstack|rocks
STATE:809:cr300f:Ks|Ah:-100|100:rocks|deepstack
STATE:810:cc/cc:Qs|Ks/Kh:-100|100:deepstack|rocks
STATE:811:cc/cc:Qh|Qs/Kh:0|0:rocks|deepstack
STATE:812:cc/cc:Ah|Ks/Qs:100|-100:deepstack|rocks
STATE:813:r1200f:Ah|Qs:100|-100:rocks|deepstack
STATE:814:cr1200f:Qh|Ah:-100|100:deepstack|rocks
STATE:815:cc/cc:Qh|Qs/Kh:0|0:rocks|deepstack
STATE:816:r1200f:As|Qs:100|-100:deepstack|rocks
STATE:817:cr300f:Ks|As:-100|100:rocks|deepstack
STATE:818:r1200f:As|Qs:100|-100:deepstack|rocks
STATE:819:cc/cc:Kh|Ks/Ah:0|0:rocks|deepstack
STATE:820:cr1200f:Kh|As:-100|100:deepstack|rocks
STATE:821:cc/cr300f:Kh|Ks/Qh:-100|100:rocks|deepstack
STATE:822:cc/r300f:Ks|Qs/Kh:100|-100:deepstack|rocks
STATE:823:cc/cc:Qs|Ah/Ks:-100|100:rocks|deepstack
STATE:824:cr1200f:Qs|As:-100|100:deepstack|rocks
STATE:825:cc/cc:Qs|Ah/Kh:-100|100:rocks|deepstack
STATE:826:cc/cc:As|Qh/Ks:100|-100:deepstack|rocks
STATE:827:r1200f:Ah|Qh:100|-100:rocks|deepstack
STATE:828:cc/cc:Qs|Ks/Kh:-100|100:deepstack|rocks
STATE:829:r1200f:As|Qs:100|-100:rocks|deepstack
STATE:830:cr1200f:Kh|As:-100|100:deepstack|rocks
STATE:831:r1200f:As|Ks:100|-100:rocks|deepstack
STATE:832:cc/r300f:Ah|Qh/As:100|-100:deepstack|rocks
STATE:833:r1200f:Ah|Qh:100|-100:rocks|deepstack
STATE:834:cr1200f:Kh|As:-100|100:deepstack|rocks
STATE:835:cr300f:Kh|Ks:-100|100:rocks|deepstack
STATE:836:r1200f:Ah|Ks:100|-100:deepstack|rocks
STATE:837:r1200c/:As|Ah/Qs:0|0:rocks|deepstack
STATE:838:cc/cc:Qh|Kh/Qs:100|-100:deepstack|rocks
STATE:839:cc/cc:Ks|Kh/Qs:0|0:rocks|deepstack
STATE:840:cr1200f:Qh|Ah:-100|100:deepstack|rocks
STATE:841:cc/cc:Qs|Kh/Qh:100|-100:rocks|deepstack
STATE:842:cc/cc:As|Kh/Qs:100|-100:deepstack|rocks
STATE:843:cr300f:Qh|Ah:-100|100:rocks|deepstack
STATE:844:cr1200f:Qs|As:-100|100:deepstack|rocks
STATE:845:cc/cr300f:Qs|Qh/Kh:-100|100:rocks|deepstack
STATE:846:cc/cc:As|Ks/Ah:100|-100:deepstack|rocks
STATE:847:r1200f:As|Qs:100|-100:rocks|deepstack
STATE:848:cc/cc:Qs|Ks/Kh:-100|100:deepstack|rocks
STATE:849:cc/cc:Kh|Ks/Qs:0|0:rocks|deepstack
STATE:850:cc/cc:Kh|Qs/Ah:100|-100:deepstack|rocks
STATE:851:cc/cc:Qs|Qh/Kh:0|0:rocks|deepstack
STATE:852:r1200f:As|Qh:100|-100:deepstack|rocks
STATE:853:cc/cc:Qs|Qh/Ks:0|0:rocks|deepstack
STATE:854:cc/cc:Ah|Kh/Qs:100|-100:deepstack|rocks
STATE:855:r1200f:As|Ks:100|-100:rocks|deepstack
STATE:856:cr1200f:Qs|As:-100|100:deepstack|rocks
STATE:857:cc/cc:Qs|Qh/As:0|0:rocks|deepstack
STATE:858:r1200f:As|Qh:100|-100:deepstack|rocks
STATE:859:r1200c/:Ah|As/Ks:0|0:rocks|deepstack
STATE:860:cc/cc:Qs|Kh/Qh:100|-100:deepstack|rocks
STATE:861:cr300f:Qh|Ah:-100|100:rocks|deepstack
STATE:862:cr1200f:Kh|As:-100|100:deepstack|rocks
STATE:863:cc/cr300f:Qh|As/Ah:-100|100:rocks|deepstack
STATE:864:cc/cc:Qh|Qs/Ah:0|0:deepstack|rocks
STATE:865:cc/cr300f:Ks|Kh/As:-100|100:rocks|deepstack
STATE:866:cr1200f:Kh|As:-100|100:deepstack|rocks
STATE:867:r1200c/:As|Ah/Kh:0|0:rocks|deepstack
STATE:868:cc/cc:Qs|Ks/Kh:-100|100:deepstack|rocks
STATE:869:cc/cc:Kh|Qs/As:100|-100:rocks|deepstack
STATE:870:cr1200f:Qh|As:-100|100:deepstack|rocks
STATE:871:cc/cc:Qs|Ks/Ah:-100|100:rocks|deepstack
STATE:872:cr1200f:Qh|Ah:-100|100:deepstack|rocks
STATE:873:cr300f:Ks|As:-100|100:rocks|deepstack
STATE:874:cr1200f:Ks|Ah:-100|100:deepstack|rocks
STATE:875:cc/cr300f:Ks|Qs/Qh:-100|100:rocks|deepstack
STATE:876:cc/cc:Ks|Kh/Ah:0|0:deepstack|rocks
STATE:877:cr300f:Qs|Qh:-100|100:rocks|deepstack
STATE:878:cc/cc:Kh|Ks/Qh:0|0:deepstack|rocks
STATE:879:cc/cr300f:Qh|Ks/Kh:-100|100:rocks|deepstack
STATE:880:cr1200f:Qh|Ah:-100|100:deepstack|rocks
STATE:881:cr300f:Ks|As:-100|100:rocks|deepstack
STATE:882:cr1200f:Kh|Ah:-100|100:deepstack|rocks
STATE:883:cc/cr300f:Qh|Kh/Ks:-100|100:rocks|deepstack
STATE:884:cc/r300f:Qh|Kh/As:100|-100:deepstack|rocks
STATE:885:cr300f:Qs|Ah:-100|100:rocks|deepstack
STATE:886:cr1200f:Qs|As:-100|100:deepstack|rocks
STATE:887:cc/cc:Qh|Qs/Ks:0|0:rocks|deepstack
STATE:888:cc/cc:Qs|Qh/Ah:0|0:deepstack|rocks
STATE:889:cr300f:Qh|Ah:-100|100:rocks|deepstack
STATE:890:cc/r300f:Ah|Kh/As:100|-100:deepstack|rocks
STATE:891:r1200f:As|Ks:100|-100:rocks|deepstack
STATE:892:cc/cc:Ah|Kh/Qh:100|-100:deepstack|rocks
STATE:893:r1200f:Ah|Qs:100|-100:rocks|deepstack
STATE:894:cr1200c/:Ah|As/Qh:0|0:deepstack|rocks
STATE:895:r1200f:Ah|Kh:100|-100:rocks|deepstack
STATE:896:cr1200f:Ks|Ah:-100|100:deepstack|rocks
STATE:897:cr300f:Qh|Ah:-100|100:rocks|deepstack
STATE:898:cc/r300f:Ks|Qh/As:100|-100:deepstack|rocks
STATE:899:cc/cc:Kh|Qh/Ks:100|-100:rocks|deepstack
STATE:900:cc/cc:Qs|Ks/Kh:-100|100:deepstack|rocks
STATE:901:cr300f:Ks|Qs:-100|100:rocks|deepstack
STATE:902:cc/cc:Qs|Ks/Ah:-100|100:deepstack|rocks
STATE:903:r1200f:Ah|Qh:100|-100:rocks|deepstack
STATE:904:cc/cc:Ks|Qs/As:100|-100:deepstack|rocks
STATE:905:r1200f:Ah|Qh:100|-100:rocks|deepstack
STATE:906:cr1200f:Qh|Ah:-100|100:deepstack|rocks
STATE:907:cr300f:Qh|As:-100|100:rocks|deepstack
STATE:908:cr1200f:Kh|Ah:-100|100:deepstack|rocks
STATE:909:cc/cc:Qs|Qh/Ks:0|0:rocks|deepstack
STATE:910:cr1200f:Qh|Ah:-100|100:deepstack|rocks
STATE:911:cc/cc:Qh|Kh/Qs:100|-100:rocks|deepstack
STATE:912:cr1200f:Kh|Ah:-100|100:deepstack|rocks
STATE:913:cc/cc:Ks|Qh/Ah:100|-100:rocks|deepstack
STATE:914:cr1200f:Qs|Ah:-100|100:deepstack|rocks
STATE:915:cr300f:Qs|As:-100|100:rocks|deepstack
STATE:916:cc/cc:Ks|Qs/Kh:100|-100:deepstack|rocks
STATE:917:cr300f:Ks|Ah:-100|100:rocks|deepstack
STATE:918:cr1200c/:Ah|As/Ks:0|0:deepstack|rocks
STATE:919:r1200f:As|Ks:100|-100:rocks|deepstack
STATE:920:cr1200f:Qh|Ah:-100|100:deepstack|rocks
STATE:921:cr300f:Qs|As:-100|100:rocks|deepstack
STATE:922:cr1200f:Ks|As:-100|100:deepstack|rocks
STATE:923:r1200f:Ah|Qh:100|-100:rocks|deepstack
STATE:924:cc/cc:As|Kh/Ks:-100|100:deepstack|rocks
STATE:925:r1200f:Ah|Qs:100|-100:rocks|deepstack
STATE:926:cr1200f:Ks|Ah:-100|100:deepstack|rocks
STATE:927:cc/cc:Ks|Kh/Qs:0|0:rocks|deepstack
STATE:928:cc/cc:Qs|Kh/As:-100|100:deepstack|rocks
STATE:929:cc/cc:Qh|Ks/As:-100|100:rocks|deepstack
STATE:930:cr1200f:Ks|As:-100|100:deepstack|rocks
STATE:931:cc/cc:Ks|Qh/Ah:100|-100:rocks|deepstack
STATE:932:cr1200f:Qh|As:-100|100:deepstack|rocks
STATE:933:cr300f:Ks|Ah:-100|100:rocks|deepstack
STATE:934:cr1200f:Ks|Ah:-100|100:deepstack|rocks
STATE:935:r1200f:As|Qh:100|-100:rocks|deepstack
STATE:936:cr1200f:Qs|As:-100|100:deepstack|rocks
STATE:937:cc/cr1200f:Qh|Qs/Ah:-100|100:rocks|deepstack
STATE:938:cr1200f:Ks|As:-100|100:deepstack|rocks
STATE:939:cc/cc:Ks|Ah/Kh:100|-100:rocks|deepstack
STATE:940:cc/cc:Kh|Qh/Ks:100|-100:deepstack|rocks
STATE:941:r1200f:Ah|Qs:100|-100:rocks|deepstack
STATE:942:cr1200f:Qh|As:-100|100:deepstack|rocks
STATE:943:cc/cc:Qh|Qs/Ah:0|0:rocks|deepstack
STATE:944:r1200f:As|Qs:100|-100:deepstack|rocks
STATE:945:cc/cc:Ks|As/Kh:100|-100:rocks|deepstack
STATE:946:cc/cc:Ks|Qs/Ah:100|-100:deepstack|rocks
STATE:947:cc/cc:Qs|Qh/Ah:0|0:rocks|deepstack
STATE:948:cc/r1200f:Kh|Ks/Ah:100|-100:deepstack|rocks
STATE:949:r1200f:Ah|Kh:100|-100:rocks|deepstack
STATE:950:r1200f:As|Qh:100|-100:deepstack|rocks
STATE:951:cr300f:Kh|Ah:-100|100:rocks|deepstack
STATE:952:cc/cc:Qs|Ks/Ah:-100|100:deepstack|rocks
STATE:953:cc/cr300f:Kh|Qs/Qh:-100|100:rocks|deepstack
STATE:954:r300r1200f:Qs|As:-300|300:deepstack|rocks
STATE:955:r1200f:Ah|Kh:100|-100:rocks|deepstack
STATE:956:cr1200f:Qs|As:-100|100:deepstack|rocks
STATE:957:r1200f:Ah|Kh:100|-100:rocks|deepstack
STATE:958:cc/cc:As|Qh/Qs:-100|100:deepstack|rocks
STATE:959:cc/cc:Qh|Ks/Ah:-100|100:rocks|deepstack
STATE:960:cc/cc:Ks|Qh/Qs:-100|100:deepstack|rocks
STATE:961:r1200f:As|Qh:100|-100:rocks|deepstack
STATE:962:cr1200f:Kh|As:-100|100:deepstack|rocks
STATE:963:r1200f:As|Qh:100|-100:rocks|deepstack
STATE:964:cr1200f:Qh|As:-100|100:deepstack|rocks
STATE:965:cc/cc:Qs|Ks/As:-100|100:rocks|deepstack
STATE:966:cc/cc:Qh|Kh/Ah:-100|100:deepstack|rocks
STATE:967:r1200f:As|Ks:100|-100:rocks|deepstack
STATE:968:cc/cc:Ks|Kh/Ah:0|0:deepstack|rocks
STATE:969:cr300f:Ks|As:-100|100:rocks|deepstack
STATE:970:cr1200f:Qh|As:-100|100:deepstack|rocks
STATE:971:cc/cr300f:Qs|Kh/Ks:-100|100:rocks|deepstack
STATE:972:cc/cc:Qs|Ks/Qh:100|-100:deepstack|rocks
STATE:973:r1200f:As|Qs:100|-100:rocks|deepstack
STATE:974:r1200f:As|Kh:100|-100:deepstack|rocks
STATE:975:r1200f:Ah|Qs:100|-100:rocks|deepstack
STATE:976:cc/r300f:Qs|Kh/Ks:100|-100:deepstack|rocks
STATE:977:r1200f:As|Kh:100|-100:rocks|deepstack
STATE:978:cc/cc:Kh|Ks/Qh:0|0:deepstack|rocks
STATE:979:cc/cc:Ks|Qs/As:100|-100:rocks|deepstack
STATE:980:cc/cc:Qh|Ks/Qs:100|-100:deepstack|rocks
STATE:981:cr300f:Qs|As:-100|100:rocks|deepstack
STATE:982:cc/r300f:Kh|Qs/As:100|-100:deepstack|rocks
STATE:983:cc/cc:Ks|Qh/Kh:100|-100:rocks|deepstack
STATE:984:r300f:Ks|Kh:100|-100:deepstack|rocks
STATE:985:r1200c/:As|Ah/Qh:0|0:rocks|deepstack
STATE:986:cr1200f:Ks|Ah:-100|100:deepstack|rocks
STATE:987:cc/cc:Qh|Qs/Ks:0|0:rocks|deepstack
STATE:988:cr1200f:Ks|Ah:-100|100:deepstack|rocks
STATE:989:r1200f:As|Qh:100|-100:rocks|deepstack
STATE:990:cr1200f:Qh|As:-100|100:deepstack|rocks
STATE:991:cc/cc:Qs|Qh/Kh:0|0:rocks|deepstack
STATE:992:cc/cc:Qs|Qh/Ks:0|0:deepstack|rocks
STATE:993:cr300f:Qs|Ah:-100|100:rocks|deepstack
STATE:994:cr1200f:Qs|Ah:-100|100:deepstack|rocks
STATE:995:cc/cc:Ks|Kh/Qs:0|0:rocks|deepstack
STATE:996:cc/cc:Qs|Qh/As:0|0:deepstack|rocks
STATE:997:cc/cc:Ks|Qh/Kh:100|-100:rocks|deepstack
STATE:998:cr1200f:Qs|Ah:-100|100:deepstack|rocks
STATE:999:cc/cc:Ks|Qh/Ah:100|-100:rocks|deepstack
SCORE:1500|-1500:deepstack|rocks
