# name/game/hands/seed smartbluffer_v_controlDS_1k ./DeepStack-Leduc/ACPCServer/leduc.game 1000 3
#--t_response 600000
#--t_hand 600000
#--t_per_hand 7000
STATE:0:cr300f:Ks|Qs:-100|100:deepstack|smartbluffer
STATE:1:r1200f:Qs|Qh:100|-100:smartbluffer|deepstack
STATE:2:cc/cc:Qh|As/Kh:-100|100:deepstack|smartbluffer
STATE:3:cc/cc:Kh|Ks/Qs:0|0:smartbluffer|deepstack
STATE:4:r300c/r900c:As|Ks/Ah:900|-900:deepstack|smartbluffer
STATE:5:r1200f:Kh|Qh:100|-100:smartbluffer|deepstack
STATE:6:r1200f:Ah|Ks:100|-100:deepstack|smartbluffer
STATE:7:cc/r1200f:As|Kh/Ah:100|-100:smartbluffer|deepstack
STATE:8:cc/cc:Qh|Qs/Kh:0|0:deepstack|smartbluffer
STATE:9:r300c/r1200c:Qh|Ks/Ah:-1200|1200:smartbluffer|deepstack
STATE:10:cc/r300f:Qh|Kh/As:100|-100:deepstack|smartbluffer
STATE:11:cc/cc:Kh|Ks/Ah:0|0:smartbluffer|deepstack
STATE:12:r1200f:As|Qh:100|-100:deepstack|smartbluffer
STATE:13:cc/cr1200f:Qs|As/Ah:-100|100:smartbluffer|deepstack
STATE:14:cc/r1200f:Ah|Qh/As:100|-100:deepstack|smartbluffer
STATE:15:cc/cc:Qs|Kh/As:-100|100:smartbluffer|deepstack
STATE:16:cc/cc:Qs|Kh/As:-100|100:deepstack|smartbluffer
STATE:17:cr300c/cc:Ks|As/Qh:-300|300:smartbluffer|deepstack
STATE:18:cc/cc:Ah|Qh/Kh:100|-100:deepstack|smartbluffer
STATE:19:cr300f:Kh|As:-100|100:smartbluffer|deepstack
STATE:20:cc/cc:Ks|Qs/Ah:100|-100:deepstack|smartbluffer
STATE:21:cc/cr300f:Qh|Ks/Kh:-100|100:smartbluffer|deepstack
STATE:22:r1200f:Ah|Qs:100|-100:deepstack|smartbluffer
STATE:23:cc/cr300f:Kh|Qs/Qh:-100|100:smartbluffer|deepstack
STATE:24:r1200c/:As|Ah/Kh:0|0:deepstack|smartbluffer
STATE:25:r1200f:Ah|Qs:100|-100:smartbluffer|deepstack
STATE:26:cc/r300f:Kh|Qh/As:100|-100:deepstack|smartbluffer
STATE:27:cr300c/r1200f:Qs|As/Ks:300|-300:smartbluffer|deepstack
STATE:28:r1200f:Ah|Qh:100|-100:deepstack|smartbluffer
STATE:29:cc/cc:As|Ah/Qs:0|0:smartbluffer|deepstack
STATE:30:cr300f:Qh|As:-100|100:deepstack|smartbluffer
STATE:31:r1200f:Ks|Qh:100|-100:smartbluffer|deepstack
STATE:32:cr300r1200c/:As|Ah/Qs:0|0:deepstack|smartbluffer
STATE:33:r1200f:Kh|Qs:100|-100:smartbluffer|deepstack
STATE:34:cc/cc:Ks|Qs/Kh:100|-100:deepstack|smartbluffer
STATE:35:cc/cc:Ks|Kh/Qh:0|0:smartbluffer|deepstack
STATE:36:cc/cc:Ah|Qh/Ks:100|-100:deepstack|smartbluffer
STATE:37:cc/cc:Ah|Kh/Qh:100|-100:smartbluffer|deepstack
STATE:38:r1200f:Ah|Kh:100|-100:deepstack|smartbluffer
STATE:39:cr300c/cr1200c:Ks|Qh/As:1200|-1200:smartbluffer|deepstack
STATE:40:cc/cr300f:Qh|Ks/Kh:-100|100:deepstack|smartbluffer
STATE:41:r1200c/:Qs|Ah/Qh:1200|-1200:smartbluffer|deepstack
STATE:42:cc/cc:Qh|Qs/Kh:0|0:deepstack|smartbluffer
STATE:43:cc/r300f:Qh|As/Kh:100|-100:smartbluffer|deepstack
STATE:44:cr300r1200f:As|Qh:300|-300:deepstack|smartbluffer
STATE:45:cr300c/cc:Ks|Ah/Qs:-300|300:smartbluffer|deepstack
STATE:46:cc/cc:Qs|Qh/Ah:0|0:deepstack|smartbluffer
STATE:47:cc/cr300f:Ah|Qs/Qh:-100|100:smartbluffer|deepstack
STATE:48:cc/cr300c:Ah|Ks/Qh:300|-300:deepstack|smartbluffer
STATE:49:r1200c/:Kh|As/Qh:-1200|1200:smartbluffer|deepstack
STATE:50:cc/cc:Qh|Ks/Qs:100|-100:deepstack|smartbluffer
STATE:51:cc/cr300r900f:Qh|Kh/Qs:300|-300:smartbluffer|deepstack
STATE:52:r1200f:As|Qs:100|-100:deepstack|smartbluffer
STATE:53:cc/cc:Kh|Ks/Qs:0|0:smartbluffer|deepstack
STATE:54:cr300f:Qh|As:-100|100:deepstack|smartbluffer
STATE:55:r1200c/:Qh|As/Kh:-1200|1200:smartbluffer|deepstack
STATE:56:cr300r1200f:Ah|Ks:300|-300:deepstack|smartbluffer
STATE:57:cc/cr300c:As|Kh/Ks:-300|300:smartbluffer|deepstack
STATE:58:cr300c/r1200f:Qs|As/Qh:300|-300:deepstack|smartbluffer
STATE:59:r1200f:Ah|Qs:100|-100:smartbluffer|deepstack
STATE:60:cr300f:Qs|As:-100|100:deepstack|smartbluffer
STATE:61:r1200c/:Qh|Ah/As:-1200|1200:smartbluffer|deepstack
STATE:62:cr300f:Ks|As:-100|100:deepstack|smartbluffer
STATE:63:r1200f:Qs|Qh:100|-100:smartbluffer|deepstack
STATE:64:cr300f:Ks|As:-100|100:deepstack|smartbluffer
STATE:65:r1200f:As|Ks:100|-100:smartbluffer|deepstack
STATE:66:cr300c/cr1200c:Kh|Qs/Ah:1200|-1200:deepstack|smartbluffer
STATE:67:r1200f:Kh|Qh:100|-100:smartbluffer|deepstack
STATE:68:cr300f:Qs|Ah:-100|100:deepstack|smartbluffer
STATE:69:r1200f:Kh|Qs:100|-100:smartbluffer|deepstack
STATE:70:cr300f:Kh|As:-100|100:deepstack|smartbluffer
STATE:71:r1200f:Ks|Qs:100|-100:smartbluffer|deepstack
STATE:72:cc/cr300f:Ks|Qs/Qh:-100|100:deepstack|smartbluffer
STATE:73:r1200c/:Qh|As/Ks:-1200|1200:smartbluffer|deepstack
STATE:74:cc/cc:Ks|Qs/Ah:100|-100:deepstack|smartbluffer
STATE:75:r1200c/:As|Ah/Qs:0|0:smartbluffer|deepstack
STATE:76:cr300f:Qh|Ah:-100|100:deepstack|smartbluffer
STATE:77:r1200f:As|Qh:100|-100:smartbluffer|deepstack
STATE:78:cr300f:Kh|Ks:-100|100:deepstack|smartbluffer
STATE:79:r1200c/:Qh|Ah/Ks:-1200|1200:smartbluffer|deepstack
STATE:80:cc/cr300f:Qs|Kh/Ks:-100|100:deepstack|smartbluffer
STATE:81:r1200c/:Qs|As/Kh:-1200|1200:smartbluffer|deepstack
STATE:82:cc/cc:Kh|Qs/Ks:100|-100:deepstack|smartbluffer
STATE:83:cc/r300c:Ks|Kh/As:0|0:smartbluffer|deepstack
STATE:84:r1200f:As|Qs:100|-100:deepstack|smartbluffer
STATE:85:cc/cc:Ah|Qs/Ks:100|-100:smartbluffer|deepstack
STATE:86:cr300c/cr1200f:Ks|As/Ah:-300|300:deepstack|smartbluffer
STATE:87:r1200c/:Ah|As/Ks:0|0:smartbluffer|deepstack
STATE:88:r1200f:As|Qh:100|-100:deepstack|smartbluffer
STATE:89:cc/r300f:Ah|Qh/As:100|-100:smartbluffer|deepstack
STATE:90:cr300f:Qh|Qs:-100|100:deepstack|smartbluffer
STATE:91:r1200f:As|Kh:100|-100:smartbluffer|deepstack
STATE:92:cr300f:Qh|Ks:-100|100:deepstack|smartbluffer
STATE:93:r1200f:Qs|Kh:100|-100:smartbluffer|deepstack
STATE:94:r1200f:As|Qh:100|-100:deepstack|smartbluffer
STATE:95:cc/r300f:Qs|Qh/Ks:100|-100:smartbluffer|deepstack
STATE:96:cr300c/cr1200c:Ks|Qh/Kh:1200|-1200:deepstack|smartbluffer
STATE:97:r1200f:As|Ks:100|-100:smartbluffer|deepstack
STATE:98:cr300c/cr1200c:Kh|As/Ah:-1200|1200:deepstack|smartbluffer
STATE:99:r1200f:Ah|Ks:100|-100:smartbluffer|deepstack
STATE:100:cc/cc:Qs|Ah/Ks:-100|100:deepstack|smartbluffer
STATE:101:cc/cr1200c:Ks|Qs/Ah:1200|-1200:smartbluffer|deepstack
STATE:102:cr300f:Qs|Ah:-100|100:deepstack|smartbluffer
STATE:103:r1200c/:Qs|Ah/Qh:1200|-1200:smartbluffer|deepstack
STATE:104:cc/cc:Qh|Qs/Ah:0|0:deepstack|smartbluffer
STATE:105:cr300f:Qs|Ah:-100|100:smartbluffer|deepstack
STATE:106:cc/cc:Qh|Ah/Ks:-100|100:deepstack|smartbluffer
STATE:107:cr300f:Qs|Ah:-100|100:smartbluffer|deepstack
STATE:108:cc/cc:Ah|Qs/Kh:100|-100:deepstack|smartbluffer
STATE:109:r1200c/:As|Ah/Kh:0|0:smartbluffer|deepstack
STATE:110:cc/r300f:Qh|Ah/Ks:100|-100:deepstack|smartbluffer
STATE:111:cc/cr300f:Kh|Qs/Qh:-100|100:smartbluffer|deepstack
STATE:112:cc/cc:Qh|Ah/Qs:100|-100:deepstack|smartbluffer
STATE:113:cc/r1200f:Qs|Qh/Ah:100|-100:smartbluffer|deepstack
STATE:114:cc/cr300c:Ks|Ah/As:-300|300:deepstack|smartbluffer
STATE:115:r1200f:Qs|Kh:100|-100:smartbluffer|deepstack
STATE:116:cc/cc:Qh|Qs/Ah:0|0:deepstack|smartbluffer
STATE:117:cc/r300f:Kh|Qh/As:100|-100:smartbluffer|deepstack
STATE:118:cr300r1200f:Ah|Ks:300|-300:deepstack|smartbluffer
STATE:119:cr300f:Kh|As:-100|100:smartbluffer|deepstack
STATE:120:cc/cc:Ah|As/Qh:0|0:deepstack|smartbluffer
STATE:121:cr300f:Qh|Ah:-100|100:smartbluffer|deepstack
STATE:122:cr300f:Qh|Ah:-100|100:deepstack|smartbluffer
STATE:123:r1200f:As|Ks:100|-100:smartbluffer|deepstack
STATE:124:cc/cc:Kh|Qh/Ks:100|-100:deepstack|smartbluffer
STATE:125:cc/cr300f:Qh|Kh/Ks:-100|100:smartbluffer|deepstack
STATE:126:cr300f:Ks|As:-100|100:deepstack|smartbluffer
STATE:127:r1200f:Ks|Qs:100|-100:smartbluffer|deepstack
STATE:128:cc/cr300f:Qh|Kh/As:-100|100:deepstack|smartbluffer
STATE:129:r1200c/:Qh|As/Kh:-1200|1200:smartbluffer|deepstack
STATE:130:cr300c/cr1200f:Kh|As/Ah:-300|300:deepstack|smartbluffer
STATE:131:r1200f:Kh|Qh:100|-100:smartbluffer|deepstack
STATE:132:cc/cr300f:Qs|Ks/Kh:-100|100:deepstack|smartbluffer
STATE:133:r1200f:Ah|Qh:100|-100:smartbluffer|deepstack
STATE:134:cc/cc:Ks|As/Qs:-100|100:deepstack|smartbluffer
STATE:135:cc/cc:As|Ah/Qs:0|0:smartbluffer|deepstack
STATE:136:r1200f:As|Qh:100|-100:deepstack|smartbluffer
STATE:137:r1200f:As|Kh:100|-100:smartbluffer|deepstack
STATE:138:r1200f:As|Qh:100|-100:deepstack|smartbluffer
STATE:139:cr300f:Qs|Ks:-100|100:smartbluffer|deepstack
STATE:140:cr300f:Qs|As:-100|100:deepstack|smartbluffer
STATE:141:r1200f:Ks|Kh:100|-100:smartbluffer|deepstack
STATE:142:cr300r1200f:Ah|Kh:300|-300:deepstack|smartbluffer
STATE:143:cc/cr300f:Qs|Kh/As:-100|100:smartbluffer|deepstack
STATE:144:cr300f:Qs|Ah:-100|100:deepstack|smartbluffer
STATE:145:r1200f:Ah|Qh:100|-100:smartbluffer|deepstack
STATE:146:cr300f:Qh|Ah:-100|100:deepstack|smartbluffer
STATE:147:r1200f:Qs|Qh:100|-100:smartbluffer|deepstack
STATE:148:cr300r1200f:Ah|Qh:300|-300:deepstack|smartbluffer
STATE:149:r1200f:As|Ks:100|-100:smartbluffer|deepstack
STATE:150:r1200f:As|Qs:100|-100:deepstack|smartbluffer
STATE:151:r1200f:As|Ks:100|-100:smartbluffer|deepstack
STATE:152:cc/cc:Ks|Qh/Kh:100|-100:deepstack|smartbluffer
STATE:153:cc/cc:Qs|Kh/Ah:-100|100:smartbluffer|deepstack
STATE:154:cr300f:Qs|As:-100|100:deepstack|smartbluffer
STATE:155:r1200f:Ks|Qh:100|-100:smartbluffer|deepstack
STATE:156:cc/cc:Qs|Ks/Ah:-100|100:deepstack|smartbluffer
STATE:157:cc/cc:Ah|Qh/Kh:100|-100:smartbluffer|deepstack
STATE:158:cc/cc:Qh|Ks/As:-100|100:deepstack|smartbluffer
STATE:159:cr300f:Qs|Qh:-100|100:smartbluffer|deepstack
STATE:160:cc/cc:Kh|Qh/Ah:100|-100:deepstack|smartbluffer
STATE:161:cr300f:Qs|As:-100|100:smartbluffer|deepstack
STATE:162:cr300f:Kh|As:-100|100:deepstack|smartbluffer
STATE:163:r1200f:Kh|Qh:100|-100:smartbluffer|deepstack
STATE:164:r1200f:As|Ks:100|-100:deepstack|smartbluffer
STATE:165:r1200f:As|Ks:100|-100:smartbluffer|deepstack
STATE:166:cc/r1200f:Qh|Kh/Ah:100|-100:deepstack|smartbluffer
STATE:167:cc/cr300f:Ah|Qh/Qs:-100|100:smartbluffer|deepstack
STATE:168:r1200f:As|Kh:100|-100:deepstack|smartbluffer
STATE:169:cc/r300r900c:Ks|Ah/As:-900|900:smartbluffer|deepstack
STATE:170:r1200f:As|Ks:100|-100:deepstack|smartbluffer
STATE:171:cr300f:Qh|As:-100|100:smartbluffer|deepstack
STATE:172:cc/r300f:Qs|Kh/Qh:100|-100:deepstack|smartbluffer
STATE:173:cr300c/cc:Ks|Ah/Qh:-300|300:smartbluffer|deepstack
STATE:174:cr300f:Qs|As:-100|100:deepstack|smartbluffer
STATE:175:r1200f:Kh|Qh:100|-100:smartbluffer|deepstack
STATE:176:cr300f:Kh|Qh:-100|100:deepstack|smartbluffer
STATE:177:r1200f:Ah|Ks:100|-100:smartbluffer|deepstack
STATE:178:cr300f:Qh|Qs:-100|100:deepstack|smartbluffer
STATE:179:r1200f:Ks|Kh:100|-100:smartbluffer|deepstack
STATE:180:cr300f:Qh|Ah:-100|100:deepstack|smartbluffer
STATE:181:r1200f:As|Ks:100|-100:smartbluffer|deepstack
STATE:182:cc/cc:Qh|Qs/Kh:0|0:deepstack|smartbluffer
STATE:183:cr300r1200f:Ah|Qs:300|-300:smartbluffer|deepstack
STATE:184:cc/cr300r1200f:Qh|Kh/Qs:300|-300:deepstack|smartbluffer
STATE:185:cr300c/r1200f:Kh|Ah/Ks:300|-300:smartbluffer|deepstack
STATE:186:cc/r300f:Qs|Kh/Qh:100|-100:deepstack|smartbluffer
STATE:187:cc/r1200f:As|Qs/Ah:100|-100:smartbluffer|deepstack
STATE:188:cc/cr300f:Qh|Ks/Kh:-100|100:deepstack|smartbluffer
STATE:189:r1200f:As|Kh:100|-100:smartbluffer|deepstack
STATE:190:cc/cc:Kh|Qh/Ks:100|-100:deepstack|smartbluffer
STATE:191:cc/r300r900r1200c:Kh|Qs/Qh:-1200|1200:smartbluffer|deepstack
STATE:192:cr300f:Kh|Ah:-100|100:deepstack|smartbluffer
STATE:193:r1200f:Qh|Ks:100|-100:smartbluffer|deepstack
STATE:194:cr300f:Kh|Qs:-100|100:deepstack|smartbluffer
STATE:195:r1200c/:Qh|Ah/As:-1200|1200:smartbluffer|deepstack
STATE:196:cr300f:Qs|Ah:-100|100:deepstack|smartbluffer
STATE:197:r1200f:Ah|Qh:100|-100:smartbluffer|deepstack
STATE:198:cr300f:Qs|Ks:-100|100:deepstack|smartbluffer
STATE:199:r1200c/:Kh|As/Qh:-1200|1200:smartbluffer|deepstack
STATE:200:cc/cc:Qh|Qs/Kh:0|0:deepstack|smartbluffer
STATE:201:cc/cc:Qh|Kh/Qs:100|-100:smartbluffer|deepstack
STATE:202:cr300f:Qs|Ah:-100|100:deepstack|smartbluffer
STATE:203:r1200f:Ah|Kh:100|-100:smartbluffer|deepstack
STATE:204:r1200f:As|Qs:100|-100:deepstack|smartbluffer
STATE:205:cr300c/cc:Ks|Ah/Qs:-300|300:smartbluffer|deepstack
STATE:206:cr300c/cc:Ah|As/Ks:0|0:deepstack|smartbluffer
STATE:207:r1200f:Ah|Qs:100|-100:smartbluffer|deepstack
STATE:208:cc/cr300f:Ah|Ks/Kh:-100|100:deepstack|smartbluffer
STATE:209:r1200c/:Qs|As/Kh:-1200|1200:smartbluffer|deepstack
STATE:210:cc/r300f:Ks|Qh/As:100|-100:deepstack|smartbluffer
STATE:211:cr300c/cr1200f:Qh|Qs/As:-300|300:smartbluffer|deepstack
STATE:212:cr300c/cr1200f:Ks|As/Qs:-300|300:deepstack|smartbluffer
STATE:213:r1200f:Qh|Ks:100|-100:smartbluffer|deepstack
STATE:214:cr300f:Qh|As:-100|100:deepstack|smartbluffer
STATE:215:r1200c/:Ks|Ah/As:-1200|1200:smartbluffer|deepstack
STATE:216:cc/cr300f:As|Qs/Qh:-100|100:deepstack|smartbluffer
STATE:217:r1200c/:Ks|Ah/Qh:-1200|1200:smartbluffer|deepstack
STATE:218:cr300r1200c/:As|Ah/Kh:0|0:deepstack|smartbluffer
STATE:219:r1200c/:Qh|Ah/Ks:-1200|1200:smartbluffer|deepstack
STATE:220:cc/r1200f:Ah|Qs/As:100|-100:deepstack|smartbluffer
STATE:221:cr300f:Ks|Qh:-100|100:smartbluffer|deepstack
STATE:222:cc/r300f:Kh|Ks/As:100|-100:deepstack|smartbluffer
STATE:223:cc/cc:Ah|Qh/Kh:100|-100:smartbluffer|deepstack
STATE:224:cr300c/r1200f:Kh|Ah/Qs:300|-300:deepstack|smartbluffer
STATE:225:cc/cc:Kh|As/Qh:-100|100:smartbluffer|deepstack
STATE:226:cr300f:Kh|Ah:-100|100:deepstack|smartbluffer
STATE:227:r1200c/:Ah|As/Ks:0|0:smartbluffer|deepstack
STATE:228:cr300r1200c/:As|Ah/Qh:0|0:deepstack|smartbluffer
STATE:229:r1200f:Ks|Qh:100|-100:smartbluffer|deepstack
STATE:230:cc/cc:Qs|Kh/Qh:100|-100:deepstack|smartbluffer
STATE:231:r1200f:As|Kh:100|-100:smartbluffer|deepstack
STATE:232:cc/r300f:Kh|Ks/As:100|-100:deepstack|smartbluffer
STATE:233:cc/cc:Qh|Kh/Ah:-100|100:smartbluffer|deepstack
STATE:234:cc/r300f:Ks|Kh/As:100|-100:deepstack|smartbluffer
STATE:235:cr300f:Kh|Qs:-100|100:smartbluffer|deepstack
STATE:236:cc/cr300r900r1200c:Qh|Ks/Qs:1200|-1200:deepstack|smartbluffer
STATE:237:r1200f:Ah|Kh:100|-100:smartbluffer|deepstack
STATE:238:r1200f:As|Ks:100|-100:deepstack|smartbluffer
STATE:239:cc/r300f:Ks|Qs/As:100|-100:smartbluffer|deepstack
STATE:240:cr300r1200f:Ah|Qs:300|-300:deepstack|smartbluffer
STATE:241:r1200f:Ah|Ks:100|-100:smartbluffer|deepstack
STATE:242:cr300c/cr1200f:Ks|Kh/Ah:-300|300:deepstack|smartbluffer
STATE:243:r1200f:Ah|Kh:100|-100:smartbluffer|deepstack
STATE:244:cc/cc:Ah|Kh/Qs:100|-100:deepstack|smartbluffer
STATE:245:cr300c/r1200f:Qh|Ah/Kh:300|-300:smartbluffer|deepstack
STATE:246:cr300c/cr1200c:Kh|As/Ah:-1200|1200:deepstack|smartbluffer
STATE:247:r1200f:Ah|Kh:100|-100:smartbluffer|deepstack
STATE:248:cc/r1200f:Ah|Qs/As:100|-100:deepstack|smartbluffer
STATE:249:cr300f:Qs|As:-100|100:smartbluffer|deepstack
STATE:250:cc/r300c:Ks|Kh/As:0|0:deepstack|smartbluffer
STATE:251:r1200c/:Qh|As/Ks:-1200|1200:smartbluffer|deepstack
STATE:252:r1200f:Ah|Kh:100|-100:deepstack|smartbluffer
STATE:253:cc/cc:Ks|As/Qs:-100|100:smartbluffer|deepstack
STATE:254:cr300r1200c/:Ah|As/Kh:0|0:deepstack|smartbluffer
STATE:255:r1200f:Kh|Ks:100|-100:smartbluffer|deepstack
STATE:256:cc/r300f:Ks|Qs/As:100|-100:deepstack|smartbluffer
STATE:257:r1200c/:As|Ah/Qs:0|0:smartbluffer|deepstack
STATE:258:cc/cc:Qh|Qs/Ks:0|0:deepstack|smartbluffer
STATE:259:cc/cc:Qh|Qs/Ks:0|0:smartbluffer|deepstack
STATE:260:cr300f:Qh|Ks:-100|100:deepstack|smartbluffer
STATE:261:r1200c/:Ks|As/Qh:-1200|1200:smartbluffer|deepstack
STATE:262:cc/cc:Qh|Kh/Ah:-100|100:deepstack|smartbluffer
STATE:263:cc/r300f:Kh|Ks/As:100|-100:smartbluffer|deepstack
STATE:264:cr300c/cc:Kh|As/Qh:-300|300:deepstack|smartbluffer
STATE:265:r1200f:Kh|Qh:100|-100:smartbluffer|deepstack
STATE:266:cr300f:Ks|As:-100|100:deepstack|smartbluffer
STATE:267:r1200f:Qh|Ks:100|-100:smartbluffer|deepstack
STATE:268:r1200f:Ah|Ks:100|-100:deepstack|smartbluffer
STATE:269:cr300f:Ks|Kh:-100|100:smartbluffer|deepstack
STATE:270:cr300f:Ks|Ah:-100|100:deepstack|smartbluffer
STATE:271:r1200f:Ks|Qh:100|-100:smartbluffer|deepstack
STATE:272:cc/cr300f:Qs|Ks/Kh:-100|100:deepstack|smartbluffer
STATE:273:r1200f:Ks|Qs:100|-100:smartbluffer|deepstack
STATE:274:cr300c/r900r1200f:Qh|Ah/Kh:-900|900:deepstack|smartbluffer
STATE:275:r1200c/:Kh|Ah/As:-1200|1200:smartbluffer|deepstack
STATE:276:cr300f:Kh|As:-100|100:deepstack|smartbluffer
STATE:277:r1200f:Ks|Kh:100|-100:smartbluffer|deepstack
STATE:278:cr300f:Qh|Ah:-100|100:deepstack|smartbluffer
STATE:279:r1200c/:Ks|As/Ah:-1200|1200:smartbluffer|deepstack
STATE:280:cc/cc:Qs|Qh/As:0|0:deepstack|smartbluffer
STATE:281:r1200f:As|Qs:100|-100:smartbluffer|deepstack
STATE:282:cr300r1200c/:Ah|As/Qh:0|0:deepstack|smartbluffer
STATE:283:r1200f:Ah|Kh:100|-100:smartbluffer|deepstack
STATE:284:r1200f:As|Kh:100|-100:deepstack|smartbluffer
STATE:285:cr300f:Qs|Ah:-100|100:smartbluffer|deepstack
STATE:286:cc/cc:Qs|Qh/As:0|0:deepstack|smartbluffer
STATE:287:r1200f:Ah|Ks:100|-100:smartbluffer|deepstack
STATE:288:cc/cr300f:Ah|Kh/Ks:-100|100:deepstack|smartbluffer
STATE:289:r1200c/:As|Ah/Ks:0|0:smartbluffer|deepstack
STATE:290:r1200f:As|Qs:100|-100:deepstack|smartbluffer
STATE:291:cc/cc:Qs|Ks/Qh:100|-100:smartbluffer|deepstack
STATE:292:r1200c/:As|Ah/Kh:0|0:deepstack|smartbluffer
STATE:293:r1200f:Ah|Ks:100|-100:smartbluffer|deepstack
STATE:294:cr300c/r900r1200c:Ks|As/Kh:1200|-1200:deepstack|smartbluffer
STATE:295:r1200c/:As|Ah/Kh:0|0:smartbluffer|deepstack
STATE:296:cc/cc:Qs|Ah/Kh:-100|100:deepstack|smartbluffer
STATE:297:r1200f:As|Qs:100|-100:smartbluffer|deepstack
STATE:298:r1200f:As|Qh:100|-100:deepstack|smartbluffer
STATE:299:cr300f:Qs|Ks:-100|100:smartbluffer|deepstack
STATE:300:cr300f:Qh|Qs:-100|100:deepstack|smartbluffer
STATE:301:r1200c/:Qs|As/Kh:-1200|1200:smartbluffer|deepstack
STATE:302:cr300r1200f:As|Kh:300|-300:deepstack|smartbluffer
STATE:303:cc/cc:Qh|Qs/Ks:0|0:smartbluffer|deepstack
STATE:304:cc/cc:Ah|Qs/Kh:100|-100:deepstack|smartbluffer
STATE:305:cc/cr300f:Ah|Qs/Ks:-100|100:smartbluffer|deepstack
STATE:306:cr300f:Kh|As:-100|100:deepstack|smartbluffer
STATE:307:r1200f:As|Ks:100|-100:smartbluffer|deepstack
STATE:308:cr300c/cc:Kh|Ah/Qs:-300|300:deepstack|smartbluffer
STATE:309:r1200f:Qh|Kh:100|-100:smartbluffer|deepstack
STATE:310:cc/r300f:Ah|Ks/As:100|-100:deepstack|smartbluffer
STATE:311:cc/cr300f:As|Qh/Ks:-100|100:smartbluffer|deepstack
STATE:312:cr300f:Ks|As:-100|100:deepstack|smartbluffer
STATE:313:r1200c/:Ks|Ah/As:-1200|1200:smartbluffer|deepstack
STATE:314:cr300f:Qh|As:-100|100:deepstack|smartbluffer
STATE:315:r1200c/:Ks|As/Kh:1200|-1200:smartbluffer|deepstack
STATE:316:cc/cr300f:Kh|Ks/Qh:-100|100:deepstack|smartbluffer
STATE:317:r1200f:Kh|Qh:100|-100:smartbluffer|deepstack
STATE:318:cc/cc:Qh|Kh/Qs:100|-100:deepstack|smartbluffer
STATE:319:cc/cc:Ks|Qh/Ah:100|-100:smartbluffer|deepstack
STATE:320:r1200c/:As|Ah/Qs:0|0:deepstack|smartbluffer
STATE:321:r1200f:Ks|Kh:100|-100:smartbluffer|deepstack
STATE:322:cc/cr300f:Ks|Qs/Qh:-100|100:deepstack|smartbluffer
STATE:323:r1200f:Ks|Kh:100|-100:smartbluffer|deepstack
STATE:324:cc/cc:Kh|Qs/Ks:100|-100:deepstack|smartbluffer
STATE:325:cr300f:Ks|As:-100|100:smartbluffer|deepstack
STATE:326:cr300f:Ks|Ah:-100|100:deepstack|smartbluffer
STATE:327:r1200f:Ah|Qs:100|-100:smartbluffer|deepstack
STATE:328:cc/cc:Kh|Ks/Qs:0|0:deepstack|smartbluffer
STATE:329:cr300f:Qs|As:-100|100:smartbluffer|deepstack
STATE:330:cc/cr300f:Ah|Kh/Ks:-100|100:deepstack|smartbluffer
STATE:331:r1200f:Ks|Qh:100|-100:smartbluffer|deepstack
STATE:332:cc/cc:Ks|Qs/Ah:100|-100:deepstack|smartbluffer
STATE:333:r1200c/:As|Ah/Qs:0|0:smartbluffer|deepstack
STATE:334:cc/cc:Ks|Qs/Ah:100|-100:deepstack|smartbluffer
STATE:335:cr300c/r1200f:Ah|Qh/Kh:300|-300:smartbluffer|deepstack
STATE:336:cc/cc:Qs|Qh/Kh:0|0:deepstack|smartbluffer
STATE:337:cr300f:Kh|Ah:-100|100:smartbluffer|deepstack
STATE:338:cc/cc:Kh|Ah/Qh:-100|100:deepstack|smartbluffer
STATE:339:r1200f:As|Ks:100|-100:smartbluffer|deepstack
STATE:340:cc/cc:Ks|Kh/Qs:0|0:deepstack|smartbluffer
STATE:341:r1200c/:As|Ah/Qh:0|0:smartbluffer|deepstack
STATE:342:cr300c/cr1200f:Kh|Ah/As:-300|300:deepstack|smartbluffer
STATE:343:r1200f:Ks|Qs:100|-100:smartbluffer|deepstack
STATE:344:r1200f:As|Ks:100|-100:deepstack|smartbluffer
STATE:345:cr300r1200c/:Ah|As/Qs:0|0:smartbluffer|deepstack
STATE:346:cc/cc:Ks|Qh/Kh:100|-100:deepstack|smartbluffer
STATE:347:cr300r1200f:As|Ks:300|-300:smartbluffer|deepstack
STATE:348:cr300f:Qh|Qs:-100|100:deepstack|smartbluffer
STATE:349:r1200c/:Ks|Ah/Qh:-1200|1200:smartbluffer|deepstack
STATE:350:cc/cr300f:Qh|Ks/As:-100|100:deepstack|smartbluffer
STATE:351:r1200f:Kh|Qh:100|-100:smartbluffer|deepstack
STATE:352:cc/cc:Ks|Qs/Ah:100|-100:deepstack|smartbluffer
STATE:353:cr300c/cc:Kh|Ah/Qs:-300|300:smartbluffer|deepstack
STATE:354:cc/cc:Qs|Ks/Qh:100|-100:deepstack|smartbluffer
STATE:355:cr300f:Qh|Ah:-100|100:smartbluffer|deepstack
STATE:356:cc/cc:As|Qs/Ks:100|-100:deepstack|smartbluffer
STATE:357:cc/r1200f:Ah|Kh/As:100|-100:smartbluffer|deepstack
STATE:358:cc/cc:Qs|Kh/Ah:-100|100:deepstack|smartbluffer
STATE:359:cc/cc:Ah|Qh/Kh:100|-100:smartbluffer|deepstack
STATE:360:cc/cc:Qh|Ks/As:-100|100:deepstack|smartbluffer
STATE:361:cr300f:Kh|Qh:-100|100:smartbluffer|deepstack
STATE:362:cc/cc:Ah|As/Kh:0|0:deepstack|smartbluffer
STATE:363:r1200f:As|Kh:100|-100:smartbluffer|deepstack
STATE:364:r1200f:Ah|Ks:100|-100:deepstack|smartbluffer
STATE:365:cc/cc:Qs|Ks/Qh:100|-100:smartbluffer|deepstack
STATE:366:cc/cc:Qh|Kh/Ah:-100|100:deepstack|smartbluffer
STATE:367:cc/cr300f:Kh|Qh/Qs:-100|100:smartbluffer|deepstack
STATE:368:cc/r300f:Ks|Qs/As:100|-100:deepstack|smartbluffer
STATE:369:cr300f:Kh|As:-100|100:smartbluffer|deepstack
STATE:370:cc/r1200f:Ah|Qh/As:100|-100:deepstack|smartbluffer
STATE:371:cr300f:Kh|Ks:-100|100:smartbluffer|deepstack
STATE:372:cr300r1200c/:Ah|As/Ks:0|0:deepstack|smartbluffer
STATE:373:r1200f:Qh|Ks:100|-100:smartbluffer|deepstack
STATE:374:cr300c/cr1200c:Ah|Qh/Ks:1200|-1200:deepstack|smartbluffer
STATE:375:r1200f:Ah|Qh:100|-100:smartbluffer|deepstack
STATE:376:cr300c/cr1200f:Ks|As/Qs:-300|300:deepstack|smartbluffer
STATE:377:r1200f:Kh|Qh:100|-100:smartbluffer|deepstack
STATE:378:r1200f:As|Kh:100|-100:deepstack|smartbluffer
STATE:379:cr300c/r1200f:Ks|As/Kh:300|-300:smartbluffer|deepstack
STATE:380:cc/cr300c:Ah|Qh/Kh:300|-300:deepstack|smartbluffer
STATE:381:r1200f:Ah|Ks:100|-100:smartbluffer|deepstack
STATE:382:cr300f:Qh|As:-100|100:deepstack|smartbluffer
STATE:383:r1200c/:Ks|As/Qh:-1200|1200:smartbluffer|deepstack
STATE:384:cc/cr300c:Ah|Qs/Qh:-300|300:deepstack|smartbluffer
STATE:385:r1200f:Ah|Kh:100|-100:smartbluffer|deepstack
STATE:386:cc/cr300f:Ah|Qs/Qh:-100|100:deepstack|smartbluffer
STATE:387:r1200f:Qh|Kh:100|-100:smartbluffer|deepstack
STATE:388:r1200f:As|Qs:100|-100:deepstack|smartbluffer
STATE:389:cc/r300f:Ks|Qh/Kh:100|-100:smartbluffer|deepstack
STATE:390:cr300c/cc:Ks|As/Qh:-300|300:deepstack|smartbluffer
STATE:391:r1200c/:Ks|As/Qh:-1200|1200:smartbluffer|deepstack
STATE:392:r1200f:As|Ks:100|-100:deepstack|smartbluffer
STATE:393:cr300c/r1200f:Kh|As/Ks:300|-300:smartbluffer|deepstack
STATE:394:cr300f:Qs|As:-100|100:deepstack|smartbluffer
STATE:395:r1200c/:Kh|As/Ah:-1200|1200:smartbluffer|deepstack
STATE:396:cc/r300r1200f:Ks|Qs/Qh:-300|300:deepstack|smartbluffer
STATE:397:r1200f:Ah|Kh:100|-100:smartbluffer|deepstack
STATE:398:cr300f:Qs|Ks:-100|100:deepstack|smartbluffer
STATE:399:r1200c/:Qh|Ah/As:-1200|1200:smartbluffer|deepstack
STATE:400:r1200f:Ah|Kh:100|-100:deepstack|smartbluffer
STATE:401:cr300f:Qh|Ah:-100|100:smartbluffer|deepstack
STATE:402:cr300f:Qh|Ah:-100|100:deepstack|smartbluffer
STATE:403:r1200f:Kh|Qs:100|-100:smartbluffer|deepstack
STATE:404:r300c/cr1200f:As|Qh/Qs:-300|300:deepstack|smartbluffer
STATE:405:r1200c/:Qs|Ah/Ks:-1200|1200:smartbluffer|deepstack
STATE:406:cr300r1200f:Ah|Kh:300|-300:deepstack|smartbluffer
STATE:407:cr300f:Qs|As:-100|100:smartbluffer|deepstack
STATE:408:cc/r300f:Ks|Qs/As:100|-100:deepstack|smartbluffer
STATE:409:cc/cc:Ah|Qs/Kh:100|-100:smartbluffer|deepstack
STATE:410:r1200f:As|Kh:100|-100:deepstack|smartbluffer
STATE:411:cc/cc:Ks|Qs/As:100|-100:smartbluffer|deepstack
STATE:412:cc/cc:Qs|Kh/Ah:-100|100:deepstack|smartbluffer
STATE:413:cc/cc:Kh|Ks/Qh:0|0:smartbluffer|deepstack
STATE:414:cc/r300f:Kh|Qh/Ks:100|-100:deepstack|smartbluffer
STATE:415:cr300f:Qh|Ks:-100|100:smartbluffer|deepstack
STATE:416:cc/cc:Qh|Qs/Ah:0|0:deepstack|smartbluffer
STATE:417:cr300f:Kh|As:-100|100:smartbluffer|deepstack
STATE:418:cr300c/cr1200c:Ah|Ks/As:1200|-1200:deepstack|smartbluffer
STATE:419:r1200f:Ah|Qs:100|-100:smartbluffer|deepstack
STATE:420:cr300f:Qs|Ks:-100|100:deepstack|smartbluffer
STATE:421:r1200f:As|Ks:100|-100:smartbluffer|deepstack
STATE:422:cr300f:Qs|Ah:-100|100:deepstack|smartbluffer
STATE:423:r1200f:Kh|Ks:100|-100:smartbluffer|deepstack
STATE:424:r1200f:As|Qs:100|-100:deepstack|smartbluffer
STATE:425:cr300f:Qs|As:-100|100:smartbluffer|deepstack
STATE:426:cr300c/cr1200f:Qs|Ah/Ks:-300|300:deepstack|smartbluffer
STATE:427:r1200f:Qs|Kh:100|-100:smartbluffer|deepstack
STATE:428:r1200f:As|Qs:100|-100:deepstack|smartbluffer
STATE:429:cr300c/cr1200f:Kh|Ah/As:-300|300:smartbluffer|deepstack
STATE:430:cc/cc:Qh|Ks/Qs:100|-100:deepstack|smartbluffer
STATE:431:cc/cc:As|Qs/Kh:100|-100:smartbluffer|deepstack
STATE:432:cr300c/cr1200f:Kh|Ks/Ah:-300|300:deepstack|smartbluffer
STATE:433:r1200f:Ah|Qh:100|-100:smartbluffer|deepstack
STATE:434:cc/cc:Ah|Qh/Ks:100|-100:deepstack|smartbluffer
STATE:435:cr300f:Qh|Ah:-100|100:smartbluffer|deepstack
STATE:436:cc/cr300f:As|Kh/Qs:-100|100:deepstack|smartbluffer
STATE:437:r1200f:Ah|Qh:100|-100:smartbluffer|deepstack
STATE:438:cc/cr300f:Ah|Qs/Qh:-100|100:deepstack|smartbluffer
STATE:439:r1200f:Kh|Qh:100|-100:smartbluffer|deepstack
STATE:440:cc/r300c:Ah|Ks/As:300|-300:deepstack|smartbluffer
STATE:441:r1200c/:Kh|Ah/As:-1200|1200:smartbluffer|deepstack
STATE:442:cc/cc:Ah|Kh/Qs:100|-100:deepstack|smartbluffer
STATE:443:cc/cr300f:Ah|Ks/Kh:-100|100:smartbluffer|deepstack
STATE:444:cr300c/cr1200f:Kh|As/Qs:-300|300:deepstack|smartbluffer
STATE:445:r1200f:Ah|Qh:100|-100:smartbluffer|deepstack
STATE:446:cr300f:Kh|Ah:-100|100:deepstack|smartbluffer
STATE:447:r1200f:Ah|Qs:100|-100:smartbluffer|deepstack
STATE:448:cr300c/cr1200c:Ah|Ks/As:1200|-1200:deepstack|smartbluffer
STATE:449:r1200f:Qh|Ks:100|-100:smartbluffer|deepstack
STATE:450:cc/cc:Qs|As/Kh:-100|100:deepstack|smartbluffer
STATE:451:cc/cc:Qh|Qs/As:0|0:smartbluffer|deepstack
STATE:452:cc/cc:Kh|Qh/Ah:100|-100:deepstack|smartbluffer
STATE:453:cc/cr300f:Kh|Ks/Qh:-100|100:smartbluffer|deepstack
STATE:454:cr300f:Kh|Ah:-100|100:deepstack|smartbluffer
STATE:455:r1200f:Qs|Qh:100|-100:smartbluffer|deepstack
STATE:456:cc/cc:Ah|As/Ks:0|0:deepstack|smartbluffer
STATE:457:r300c/cr1200c:Qs|Kh/Qh:1200|-1200:smartbluffer|deepstack
STATE:458:cc/cc:Qs|As/Kh:-100|100:deepstack|smartbluffer
STATE:459:cr300f:Ks|Ah:-100|100:smartbluffer|deepstack
STATE:460:cr300c/cr1200f:Kh|As/Ah:-300|300:deepstack|smartbluffer
STATE:461:r1200c/:Qh|As/Ks:-1200|1200:smartbluffer|deepstack
STATE:462:r1200c/:As|Ah/Qs:0|0:deepstack|smartbluffer
STATE:463:r1200f:Ah|Qh:100|-100:smartbluffer|deepstack
STATE:464:r1200f:As|Ks:100|-100:deepstack|smartbluffer
STATE:465:cc/cc:Qh|Ks/Qs:100|-100:smartbluffer|deepstack
STATE:466:cc/cc:Ah|Kh/Qh:100|-100:deepstack|smartbluffer
STATE:467:cc/r1200f:As|Qs/Ah:100|-100:smartbluffer|deepstack
STATE:468:r300c/cr900f:Ks|Qs/Qh:-300|300:deepstack|smartbluffer
STATE:469:r1200f:Kh|Qs:100|-100:smartbluffer|deepstack
STATE:470:cr300f:Ks|Qs:-100|100:deepstack|smartbluffer
STATE:471:r1200f:Kh|Qs:100|-100:smartbluffer|deepstack
STATE:472:cr300f:Ks|As:-100|100:deepstack|smartbluffer
STATE:473:r1200f:Kh|Qh:100|-100:smartbluffer|deepstack
STATE:474:r300c/cr900f:As|Kh/Ks:-300|300:deepstack|smartbluffer
STATE:475:r1200f:Ah|Qs:100|-100:smartbluffer|deepstack
STATE:476:cc/cc:Ah|Ks/Qh:100|-100:deepstack|smartbluffer
STATE:477:cc/cc:Kh|Qs/Ks:100|-100:smartbluffer|deepstack
STATE:478:cc/cr300r1200f:Qh|Kh/Qs:300|-300:deepstack|smartbluffer
STATE:479:cc/cc:Qh|Ks/Qs:100|-100:smartbluffer|deepstack
STATE:480:r1200f:As|Ks:100|-100:deepstack|smartbluffer
STATE:481:cr300c/cc:Kh|Ah/Qh:-300|300:smartbluffer|deepstack
STATE:482:cr300c/r1200f:Qs|As/Ks:300|-300:deepstack|smartbluffer
STATE:483:r1200f:As|Kh:100|-100:smartbluffer|deepstack
STATE:484:cr300f:Ks|Ah:-100|100:deepstack|smartbluffer
STATE:485:r1200f:Qh|Kh:100|-100:smartbluffer|deepstack
STATE:486:cc/cr300f:Qs|Ks/Kh:-100|100:deepstack|smartbluffer
STATE:487:r1200c/:As|Ah/Qh:0|0:smartbluffer|deepstack
STATE:488:cr300f:Ks|Ah:-100|100:deepstack|smartbluffer
STATE:489:r1200f:Ah|Kh:100|-100:smartbluffer|deepstack
STATE:490:cc/cr1200f:Ks|As/Ah:-100|100:deepstack|smartbluffer
STATE:491:r1200f:Ah|Ks:100|-100:smartbluffer|deepstack
STATE:492:cc/cc:Ks|Ah/Qh:-100|100:deepstack|smartbluffer
STATE:493:cc/cc:Qs|Kh/Ah:-100|100:smartbluffer|deepstack
STATE:494:cr300f:Ks|As:-100|100:deepstack|smartbluffer
STATE:495:r1200f:As|Ks:100|-100:smartbluffer|deepstack
STATE:496:cc/cc:Qh|As/Kh:-100|100:deepstack|smartbluffer
STATE:497:cc/r300f:Ah|Kh/As:100|-100:smartbluffer|deepstack
STATE:498:cr300r1200f:Ah|Kh:300|-300:deepstack|smartbluffer
STATE:499:r1200c/:As|Ah/Qh:0|0:smartbluffer|deepstack
STATE:500:cr300f:Ks|Ah:-100|100:deepstack|smartbluffer
STATE:501:r1200f:Ah|Qs:100|-100:smartbluffer|deepstack
STATE:502:cc/cc:Ah|Qs/Kh:100|-100:deepstack|smartbluffer
STATE:503:cr300c/cr1200c:Ks|Ah/As:-1200|1200:smartbluffer|deepstack
STATE:504:r1200f:Ah|Qs:100|-100:deepstack|smartbluffer
STATE:505:cc/r300f:Qh|Ah/Ks:100|-100:smartbluffer|deepstack
STATE:506:cc/cc:Ah|Kh/Qs:100|-100:deepstack|smartbluffer
STATE:507:cr300c/r1200f:Qs|Ks/Qh:300|-300:smartbluffer|deepstack
STATE:508:cr300f:Kh|Ah:-100|100:deepstack|smartbluffer
STATE:509:r1200f:Ah|Qh:100|-100:smartbluffer|deepstack
STATE:510:cr300f:Qs|Ah:-100|100:deepstack|smartbluffer
STATE:511:r1200c/:Qs|Ah/Qh:1200|-1200:smartbluffer|deepstack
STATE:512:cc/r300c:Kh|Ks/As:0|0:deepstack|smartbluffer
STATE:513:r1200f:Ks|Qh:100|-100:smartbluffer|deepstack
STATE:514:cr300c/r900r1200c:Ks|Qh/Kh:1200|-1200:deepstack|smartbluffer
STATE:515:r1200f:Ah|Ks:100|-100:smartbluffer|deepstack
STATE:516:cr300c/cc:Ks|Kh/Qh:0|0:deepstack|smartbluffer
STATE:517:r1200f:Kh|Qh:100|-100:smartbluffer|deepstack
STATE:518:cr300c/cc:Kh|Ah/Qs:-300|300:deepstack|smartbluffer
STATE:519:r1200f:Qs|Kh:100|-100:smartbluffer|deepstack
STATE:520:cc/r300c:Ah|Kh/As:300|-300:deepstack|smartbluffer
STATE:521:r1200f:As|Kh:100|-100:smartbluffer|deepstack
STATE:522:cr300f:Qh|As:-100|100:deepstack|smartbluffer
STATE:523:r1200f:Ks|Kh:100|-100:smartbluffer|deepstack
STATE:524:cc/cc:Ks|Qh/Ah:100|-100:deepstack|smartbluffer
STATE:525:cc/cr1200f:Qs|As/Ah:-100|100:smartbluffer|deepstack
STATE:526:cc/cc:Ks|Ah/Qh:-100|100:deepstack|smartbluffer
STATE:527:cc/cc:Kh|As/Qs:-100|100:smartbluffer|deepstack
STATE:528:cc/cc:Ks|Qh/Ah:100|-100:deepstack|smartbluffer
STATE:529:cr300c/r1200f:Kh|As/Ks:300|-300:smartbluffer|deepstack
STATE:530:cr300r1200f:Ah|Ks:300|-300:deepstack|smartbluffer
STATE:531:cc/cr300f:Qh|Ah/As:-100|100:smartbluffer|deepstack
STATE:532:cr300r1200c/:As|Ah/Qh:0|0:deepstack|smartbluffer
STATE:533:r1200c/:Qs|Ah/As:-1200|1200:smartbluffer|deepstack
STATE:534:cc/cc:Ah|Ks/Qs:100|-100:deepstack|smartbluffer
STATE:535:cr300f:Ks|Ah:-100|100:smartbluffer|deepstack
STATE:536:r1200f:As|Qh:100|-100:deepstack|smartbluffer
STATE:537:cc/cc:Kh|As/Qs:-100|100:smartbluffer|deepstack
STATE:538:cr300f:Ks|Ah:-100|100:deepstack|smartbluffer
STATE:539:r1200c/:Kh|As/Qs:-1200|1200:smartbluffer|deepstack
STATE:540:cc/cc:Ks|Kh/Ah:0|0:deepstack|smartbluffer
STATE:541:cr300f:Ks|As:-100|100:smartbluffer|deepstack
STATE:542:cr300f:Qh|Ah:-100|100:deepstack|smartbluffer
STATE:543:r1200f:Qs|Ks:100|-100:smartbluffer|deepstack
STATE:544:r1200f:As|Qh:100|-100:deepstack|smartbluffer
STATE:545:cc/cc:Ah|Qh/Ks:100|-100:smartbluffer|deepstack
STATE:546:cr300c/cr1200f:Ks|Qs/Ah:-300|300:deepstack|smartbluffer
STATE:547:r1200f:Ah|Kh:100|-100:smartbluffer|deepstack
STATE:548:cr300f:Ks|Kh:-100|100:deepstack|smartbluffer
STATE:549:r1200f:Qs|Qh:100|-100:smartbluffer|deepstack
STATE:550:cc/r300f:Qs|Kh/Qh:100|-100:deepstack|smartbluffer
STATE:551:r1200f:As|Kh:100|-100:smartbluffer|deepstack
STATE:552:cc/r1200f:Qh|Qs/Ah:100|-100:deepstack|smartbluffer
STATE:553:cc/cc:Qs|Qh/Ks:0|0:smartbluffer|deepstack
STATE:554:cr300c/r1200f:Kh|Ah/Qh:300|-300:deepstack|smartbluffer
STATE:555:cc/cc:Kh|Ks/Qs:0|0:smartbluffer|deepstack
STATE:556:r1200f:As|Kh:100|-100:deepstack|smartbluffer
STATE:557:cc/cr300c:As|Qh/Ks:300|-300:smartbluffer|deepstack
STATE:558:cr300f:Ks|Ah:-100|100:deepstack|smartbluffer
STATE:559:r1200c/:Kh|Ah/Ks:1200|-1200:smartbluffer|deepstack
STATE:560:cr300r1200f:Ah|Qh:300|-300:deepstack|smartbluffer
STATE:561:cc/cc:Qh|Ks/Ah:-100|100:smartbluffer|deepstack
STATE:562:cr300c/cr1200f:Kh|Qs/As:-300|300:deepstack|smartbluffer
STATE:563:r1200c/:Qs|Ah/Kh:-1200|1200:smartbluffer|deepstack
STATE:564:cr300f:Ks|Ah:-100|100:deepstack|smartbluffer
STATE:565:r1200f:Ah|Ks:100|-100:smartbluffer|deepstack
STATE:566:cr300c/cr1200c:Kh|Ah/As:-1200|1200:deepstack|smartbluffer
STATE:567:r1200f:Ah|Ks:100|-100:smartbluffer|deepstack
STATE:568:r1200f:Ah|Ks:100|-100:deepstack|smartbluffer
STATE:569:cc/cc:Qs|Qh/Ks:0|0:smartbluffer|deepstack
STATE:570:cr300c/cc:Qh|Ah/Ks:-300|300:deepstack|smartbluffer
STATE:571:r1200c/:Ks|Ah/Kh:1200|-1200:smartbluffer|deepstack
STATE:572:cr300c/r900f:Kh|Qs/Ks:300|-300:deepstack|smartbluffer
STATE:573:r1200c/:As|Ah/Ks:0|0:smartbluffer|deepstack
STATE:574:cr300r1200f:As|Qs:300|-300:deepstack|smartbluffer
STATE:575:cr1200f:Kh|Ah:-100|100:smartbluffer|deepstack
STATE:576:r1200f:As|Ks:100|-100:deepstack|smartbluffer
STATE:577:r1200f:Ah|Ks:100|-100:smartbluffer|deepstack
STATE:578:cr300c/r1200f:Qs|Ah/Ks:300|-300:deepstack|smartbluffer
STATE:579:cr300f:Qh|Ah:-100|100:smartbluffer|deepstack
STATE:580:cc/cc:Ah|Qs/Ks:100|-100:deepstack|smartbluffer
STATE:581:cc/cc:Kh|Ks/Ah:0|0:smartbluffer|deepstack
STATE:582:cr300f:Qs|As:-100|100:deepstack|smartbluffer
STATE:583:r1200c/:Kh|Ah/As:-1200|1200:smartbluffer|deepstack
STATE:584:cr300c/cr1200f:Qs|As/Ah:-300|300:deepstack|smartbluffer
STATE:585:r1200c/:Kh|Ah/Qs:-1200|1200:smartbluffer|deepstack
STATE:586:cc/r300f:Qs|Kh/Qh:100|-100:deepstack|smartbluffer
STATE:587:cc/cc:Ah|As/Qh:0|0:smartbluffer|deepstack
STATE:588:cr300r1200c/:Ah|As/Qs:0|0:deepstack|smartbluffer
STATE:589:r1200c/:Ah|As/Qs:0|0:smartbluffer|deepstack
STATE:590:cr300f:Kh|Ks:-100|100:deepstack|smartbluffer
STATE:591:r1200f:Qs|Ks:100|-100:smartbluffer|deepstack
STATE:592:cc/cc:Ah|As/Kh:0|0:deepstack|smartbluffer
STATE:593:cc/cc:Ah|Qs/Ks:100|-100:smartbluffer|deepstack
STATE:594:cr300r1200c/:As|Ah/Qs:0|0:deepstack|smartbluffer
STATE:595:r1200f:Qs|Qh:100|-100:smartbluffer|deepstack
STATE:596:cc/r300r900f:Kh|Qh/As:-300|300:deepstack|smartbluffer
STATE:597:r1200c/:Qh|As/Qs:1200|-1200:smartbluffer|deepstack
STATE:598:r1200f:Ah|Kh:100|-100:deepstack|smartbluffer
STATE:599:r300c/r1200c:As|Ks/Kh:-1200|1200:smartbluffer|deepstack
STATE:600:r300c/cc:Ah|Ks/Qs:300|-300:deepstack|smartbluffer
STATE:601:cc/cr300f:Ah|Qh/Kh:-100|100:smartbluffer|deepstack
STATE:602:cr300f:Ks|Ah:-100|100:deepstack|smartbluffer
STATE:603:r1200c/:Ah|As/Ks:0|0:smartbluffer|deepstack
STATE:604:cr300f:Qh|Ah:-100|100:deepstack|smartbluffer
STATE:605:r1200f:Qs|Qh:100|-100:smartbluffer|deepstack
STATE:606:cc/cr300f:Ah|Qh/Ks:-100|100:deepstack|smartbluffer
STATE:607:r1200c/:Ks|Ah/Qh:-1200|1200:smartbluffer|deepstack
STATE:608:cr300r1200c/:Ah|As/Ks:0|0:deepstack|smartbluffer
STATE:609:r1200f:As|Qh:100|-100:smartbluffer|deepstack
STATE:610:cr300f:Qs|Ah:-100|100:deepstack|smartbluffer
STATE:611:r1200f:As|Qs:100|-100:smartbluffer|deepstack
STATE:612:cc/cc:Kh|Ks/Qs:0|0:deepstack|smartbluffer
STATE:613:cc/cc:Ah|Ks/Qs:100|-100:smartbluffer|deepstack
STATE:614:cr300c/cc:Ah|As/Ks:0|0:deepstack|smartbluffer
STATE:615:r1200f:Ks|Qs:100|-100:smartbluffer|deepstack
STATE:616:r1200c/:As|Ah/Qh:0|0:deepstack|smartbluffer
STATE:617:r1200f:Kh|Qs:100|-100:smartbluffer|deepstack
STATE:618:r1200c/:As|Ah/Qs:0|0:deepstack|smartbluffer
STATE:619:r1200c/:Ah|As/Ks:0|0:smartbluffer|deepstack
STATE:620:cr300f:Qs|As:-100|100:deepstack|smartbluffer
STATE:621:r1200c/:Qh|As/Kh:-1200|1200:smartbluffer|deepstack
STATE:622:cr300r1200f:Ah|Kh:300|-300:deepstack|smartbluffer
STATE:623:cr300c/cr900f:Qh|Ks/Ah:-300|300:smartbluffer|deepstack
STATE:624:cr300c/cr1200f:Kh|Ah/As:-300|300:deepstack|smartbluffer
STATE:625:r1200c/:Ks|As/Kh:1200|-1200:smartbluffer|deepstack
STATE:626:r300c/cc:Qh|Kh/Qs:300|-300:deepstack|smartbluffer
STATE:627:cr300c/cc:Ks|As/Qs:-300|300:smartbluffer|deepstack
STATE:628:cr300c/cr1200c:Ks|Qs/Ah:1200|-1200:deepstack|smartbluffer
STATE:629:r1200f:Qh|Ks:100|-100:smartbluffer|deepstack
STATE:630:cr300c/r1200f:Kh|As/Ks:300|-300:deepstack|smartbluffer
STATE:631:cc/cc:Ah|Qh/Ks:100|-100:smartbluffer|deepstack
STATE:632:cr300c/cc:Kh|As/Qs:-300|300:deepstack|smartbluffer
STATE:633:r1200f:Qs|Kh:100|-100:smartbluffer|deepstack
STATE:634:cc/cr300f:Ks|Qs/Qh:-100|100:deepstack|smartbluffer
STATE:635:r1200c/:Qh|Ah/Qs:1200|-1200:smartbluffer|deepstack
STATE:636:cr1200f:Qh|Ah:-100|100:deepstack|smartbluffer
STATE:637:r1200f:Ks|Qh:100|-100:smartbluffer|deepstack
STATE:638:cr300c/cr1200f:Kh|Qs/Qh:-300|300:deepstack|smartbluffer
STATE:639:r1200c/:Ah|As/Qh:0|0:smartbluffer|deepstack
STATE:640:r1200f:As|Qs:100|-100:deepstack|smartbluffer
STATE:641:r1200f:As|Qs:100|-100:smartbluffer|deepstack
STATE:642:cc/cc:Qs|Kh/Ah:-100|100:deepstack|smartbluffer
STATE:643:cr300f:Ks|As:-100|100:smartbluffer|deepstack
STATE:644:cc/cc:Qs|Qh/Kh:0|0:deepstack|smartbluffer
STATE:645:cr300f:Qh|Kh:-100|100:smartbluffer|deepstack
STATE:646:cr300f:Ks|Qs:-100|100:deepstack|smartbluffer
STATE:647:r1200f:As|Qh:100|-100:smartbluffer|deepstack
STATE:648:cc/r300f:Ks|Qs/As:100|-100:deepstack|smartbluffer
STATE:649:cr300f:Kh|Qh:-100|100:smartbluffer|deepstack
STATE:650:cc/cc:Qs|Qh/Ks:0|0:deepstack|smartbluffer
STATE:651:cr300c/r1200c:Qs|Ah/Ks:-1200|1200:smartbluffer|deepstack
STATE:652:cc/cc:Qh|Ks/Qs:100|-100:deepstack|smartbluffer
STATE:653:cc/cr300f:Kh|Qs/Qh:-100|100:smartbluffer|deepstack
STATE:654:cc/cr300f:Qh|Ks/Kh:-100|100:deepstack|smartbluffer
STATE:655:r1200f:Qs|Kh:100|-100:smartbluffer|deepstack
STATE:656:cc/r300f:Ks|Qs/As:100|-100:deepstack|smartbluffer
STATE:657:cc/r1200f:Qh|Kh/Ah:100|-100:smartbluffer|deepstack
STATE:658:cc/cr300f:Qh|Ks/Kh:-100|100:deepstack|smartbluffer
STATE:659:r1200f:Ks|Qs:100|-100:smartbluffer|deepstack
STATE:660:cc/cc:As|Kh/Qs:100|-100:deepstack|smartbluffer
STATE:661:cc/r300f:Qs|As/Qh:100|-100:smartbluffer|deepstack
STATE:662:cc/r300f:Ah|Qh/As:100|-100:deepstack|smartbluffer
STATE:663:cc/cc:Qs|Ah/Kh:-100|100:smartbluffer|deepstack
STATE:664:cr300f:Qs|As:-100|100:deepstack|smartbluffer
STATE:665:r1200c/:Qs|Ah/Qh:1200|-1200:smartbluffer|deepstack
STATE:666:r1200f:As|Qs:100|-100:deepstack|smartbluffer
STATE:667:cr300f:Qs|As:-100|100:smartbluffer|deepstack
STATE:668:cc/cr300f:Qs|Kh/Ks:-100|100:deepstack|smartbluffer
STATE:669:r1200f:Kh|Qh:100|-100:smartbluffer|deepstack
STATE:670:cr300f:Qs|Ah:-100|100:deepstack|smartbluffer
STATE:671:r1200f:Ah|Kh:100|-100:smartbluffer|deepstack
STATE:672:cr300c/cr1200f:Ks|Ah/As:-300|300:deepstack|smartbluffer
STATE:673:r1200f:Qh|Qs:100|-100:smartbluffer|deepstack
STATE:674:cr300c/r900f:Ks|As/Qs:300|-300:deepstack|smartbluffer
STATE:675:cr300c/cr1200f:Qh|Ah/As:-300|300:smartbluffer|deepstack
STATE:676:cr300f:Kh|As:-100|100:deepstack|smartbluffer
STATE:677:r1200c/:As|Ah/Kh:0|0:smartbluffer|deepstack
STATE:678:cc/cr300c:Ah|Kh/Ks:-300|300:deepstack|smartbluffer
STATE:679:r1200f:Ah|Kh:100|-100:smartbluffer|deepstack
STATE:680:r1200f:As|Ks:100|-100:deepstack|smartbluffer
STATE:681:cr300r1200c/:Ah|As/Ks:0|0:smartbluffer|deepstack
STATE:682:cc/r1200f:As|Qs/Ah:100|-100:deepstack|smartbluffer
STATE:683:cc/cc:Qh|Qs/Kh:0|0:smartbluffer|deepstack
STATE:684:r1200c/:As|Ah/Qs:0|0:deepstack|smartbluffer
STATE:685:r1200c/:Kh|As/Ks:1200|-1200:smartbluffer|deepstack
STATE:686:r1200f:As|Qs:100|-100:deepstack|smartbluffer
STATE:687:cc/cr300c:Ah|Ks/Kh:-300|300:smartbluffer|deepstack
STATE:688:cr300f:Qs|Ah:-100|100:deepstack|smartbluffer
STATE:689:r1200f:Ks|Kh:100|-100:smartbluffer|deepstack
STATE:690:cc/cc:Ks|Qh/Ah:100|-100:deepstack|smartbluffer
STATE:691:cr300r1200c/:Ah|As/Qh:0|0:smartbluffer|deepstack
STATE:692:cc/cr300f:Qh|Ks/Kh:-100|100:deepstack|smartbluffer
STATE:693:r1200c/:Kh|Ah/Ks:1200|-1200:smartbluffer|deepstack
STATE:694:r300c/cr1200c:Ah|Qh/Qs:-1200|1200:deepstack|smartbluffer
STATE:695:r1200c/:Ks|As/Kh:1200|-1200:smartbluffer|deepstack
STATE:696:cc/r300f:Qh|Qs/Ks:100|-100:deepstack|smartbluffer
STATE:697:cc/cc:Qh|Ks/Ah:-100|100:smartbluffer|deepstack
STATE:698:cr300r1200f:As|Qs:300|-300:deepstack|smartbluffer
STATE:699:cc/cr300f:Qs|Ks/Kh:-100|100:smartbluffer|deepstack
STATE:700:cc/cc:Kh|Ks/Ah:0|0:deepstack|smartbluffer
STATE:701:cr300f:Qh|As:-100|100:smartbluffer|deepstack
STATE:702:cr300r1200f:As|Kh:300|-300:deepstack|smartbluffer
STATE:703:cr300f:Kh|As:-100|100:smartbluffer|deepstack
STATE:704:cc/cc:Kh|Qh/Ks:100|-100:deepstack|smartbluffer
STATE:705:cr300r1200c/:Ah|As/Qs:0|0:smartbluffer|deepstack
STATE:706:cc/cc:Kh|As/Qh:-100|100:deepstack|smartbluffer
STATE:707:r1200c/:Ah|As/Qh:0|0:smartbluffer|deepstack
STATE:708:cr300f:Kh|Ah:-100|100:deepstack|smartbluffer
STATE:709:r1200c/:Qh|As/Ah:-1200|1200:smartbluffer|deepstack
STATE:710:cc/r1200f:Qs|Qh/Ah:100|-100:deepstack|smartbluffer
STATE:711:cr300f:Qh|Kh:-100|100:smartbluffer|deepstack
STATE:712:r1200f:As|Qh:100|-100:deepstack|smartbluffer
STATE:713:cc/cr300c:Ah|Qh/Qs:-300|300:smartbluffer|deepstack
STATE:714:cc/cc:Qh|As/Kh:-100|100:deepstack|smartbluffer
STATE:715:cr300f:Kh|As:-100|100:smartbluffer|deepstack
STATE:716:cr300f:Qs|Qh:-100|100:deepstack|smartbluffer
STATE:717:r1200f:Qs|Qh:100|-100:smartbluffer|deepstack
STATE:718:r1200f:As|Kh:100|-100:deepstack|smartbluffer
STATE:719:cc/cr300c:Ah|Kh/Ks:-300|300:smartbluffer|deepstack
STATE:720:cc/cc:Qs|Ks/As:-100|100:deepstack|smartbluffer
STATE:721:cc/cr300f:Qs|Ks/Kh:-100|100:smartbluffer|deepstack
STATE:722:cr300r1200f:Ah|Kh:300|-300:deepstack|smartbluffer
STATE:723:cr300c/cr900f:Qh|As/Ah:-300|300:smartbluffer|deepstack
STATE:724:cr300c/cr1200f:Ks|Ah/As:-300|300:deepstack|smartbluffer
STATE:725:r1200f:Qh|Kh:100|-100:smartbluffer|deepstack
STATE:726:cr300f:Ks|Ah:-100|100:deepstack|smartbluffer
STATE:727:r1200f:Qs|Ks:100|-100:smartbluffer|deepstack
STATE:728:cc/cc:Ks|Kh/Qs:0|0:deepstack|smartbluffer
STATE:729:cc/r300f:Ks|Kh/As:100|-100:smartbluffer|deepstack
STATE:730:cr300f:Qh|As:-100|100:deepstack|smartbluffer
STATE:731:r1200c/:Ks|As/Qh:-1200|1200:smartbluffer|deepstack
STATE:732:cc/cc:Qh|Kh/Qs:100|-100:deepstack|smartbluffer
STATE:733:cr300c/cc:Kh|As/Qs:-300|300:smartbluffer|deepstack
STATE:734:cr300f:Qh|Ks:-100|100:deepstack|smartbluffer
STATE:735:r1200c/:Qs|Ah/Kh:-1200|1200:smartbluffer|deepstack
STATE:736:cr300f:Kh|Ah:-100|100:deepstack|smartbluffer
STATE:737:r1200f:Ks|Qs:100|-100:smartbluffer|deepstack
STATE:738:cr300r1200f:As|Ks:300|-300:deepstack|smartbluffer
STATE:739:cr300f:Qh|Ah:-100|100:smartbluffer|deepstack
STATE:740:r1200f:As|Qs:100|-100:deepstack|smartbluffer
STATE:741:cc/cc:Qs|Ks/Ah:-100|100:smartbluffer|deepstack
STATE:742:r1200f:Ah|Kh:100|-100:deepstack|smartbluffer
STATE:743:r1200f:As|Qs:100|-100:smartbluffer|deepstack
STATE:744:r1200f:Ah|Qh:100|-100:deepstack|smartbluffer
STATE:745:cr300f:Kh|As:-100|100:smartbluffer|deepstack
STATE:746:cc/r300c:Qs|Ah/Qh:300|-300:deepstack|smartbluffer
STATE:747:r1200f:Ah|Kh:100|-100:smartbluffer|deepstack
STATE:748:cc/cr300f:Qs|Kh/Ks:-100|100:deepstack|smartbluffer
STATE:749:r1200f:Ah|Qs:100|-100:smartbluffer|deepstack
STATE:750:r1200f:As|Qs:100|-100:deepstack|smartbluffer
STATE:751:cr300f:Ks|Ah:-100|100:smartbluffer|deepstack
STATE:752:cc/cr300r1200f:Qh|Ks/Qs:300|-300:deepstack|smartbluffer
STATE:753:cr300f:Qh|Qs:-100|100:smartbluffer|deepstack
STATE:754:r1200c/:As|Ah/Qh:0|0:deepstack|smartbluffer
STATE:755:r1200f:Ah|Qs:100|-100:smartbluffer|deepstack
STATE:756:cr300r1200f:As|Qs:300|-300:deepstack|smartbluffer
STATE:757:cc/r300c:Ah|Ks/As:300|-300:smartbluffer|deepstack
STATE:758:cr300r1200f:Ah|Kh:300|-300:deepstack|smartbluffer
STATE:759:cc/cr300f:Qs|Kh/As:-100|100:smartbluffer|deepstack
STATE:760:cr300c/r1200c:Kh|Ah/Qh:-1200|1200:deepstack|smartbluffer
STATE:761:r1200c/:Ah|As/Qh:0|0:smartbluffer|deepstack
STATE:762:cc/cr300f:Qh|Ks/Kh:-100|100:deepstack|smartbluffer
STATE:763:r1200c/:Qs|Ah/Kh:-1200|1200:smartbluffer|deepstack
STATE:764:cc/cc:Kh|Qs/Ks:100|-100:deepstack|smartbluffer
STATE:765:cc/cc:Kh|Ks/As:0|0:smartbluffer|deepstack
STATE:766:cc/cc:Qh|Ks/Ah:-100|100:deepstack|smartbluffer
STATE:767:cr300f:Kh|As:-100|100:smartbluffer|deepstack
STATE:768:cc/r300f:Kh|Qh/As:100|-100:deepstack|smartbluffer
STATE:769:cr300c/cr900f:Ks|Kh/Qh:-300|300:smartbluffer|deepstack
STATE:770:cr300f:Ks|Ah:-100|100:deepstack|smartbluffer
STATE:771:r1200f:Qs|Ks:100|-100:smartbluffer|deepstack
STATE:772:cr300c/cr1200f:Qs|Kh/As:-300|300:deepstack|smartbluffer
STATE:773:r1200c/:Kh|As/Qs:-1200|1200:smartbluffer|deepstack
STATE:774:cr300f:Qh|Qs:-100|100:deepstack|smartbluffer
STATE:775:r1200f:As|Kh:100|-100:smartbluffer|deepstack
STATE:776:cc/cc:Qh|Qs/Ks:0|0:deepstack|smartbluffer
STATE:777:r300r1200f:Ks|Ah:-300|300:smartbluffer|deepstack
STATE:778:cr300f:Kh|Qs:-100|100:deepstack|smartbluffer
STATE:779:r1200f:As|Qs:100|-100:smartbluffer|deepstack
STATE:780:cr300f:Kh|Ah:-100|100:deepstack|smartbluffer
STATE:781:r1200c/:Qs|As/Ah:-1200|1200:smartbluffer|deepstack
STATE:782:cc/cr300f:Kh|Qh/Qs:-100|100:deepstack|smartbluffer
STATE:783:r1200f:As|Qh:100|-100:smartbluffer|deepstack
STATE:784:cr300c/cc:Kh|Ah/Qs:-300|300:deepstack|smartbluffer
STATE:785:r1200f:Ah|Ks:100|-100:smartbluffer|deepstack
STATE:786:r1200f:As|Qh:100|-100:deepstack|smartbluffer
STATE:787:r1200c/:As|Ah/Kh:0|0:smartbluffer|deepstack
STATE:788:cr300r1200c/:As|Ah/Qh:0|0:deepstack|smartbluffer
STATE:789:r1200f:As|Qs:100|-100:smartbluffer|deepstack
STATE:790:cc/cc:As|Ks/Qs:100|-100:deepstack|smartbluffer
STATE:791:cc/cr300f:As|Ks/Kh:-100|100:smartbluffer|deepstack
STATE:792:cc/cc:Kh|Qs/Ah:100|-100:deepstack|smartbluffer
STATE:793:cr300f:Ks|As:-100|100:smartbluffer|deepstack
STATE:794:r1200c/:Ah|As/Ks:0|0:deepstack|smartbluffer
STATE:795:r1200f:Ks|Qh:100|-100:smartbluffer|deepstack
STATE:796:cc/cc:Qh|Qs/Ks:0|0:deepstack|smartbluffer
STATE:797:cr300r1200f:Ah|Qh:300|-300:smartbluffer|deepstack
STATE:798:cr300c/r1200c:Kh|As/Ks:1200|-1200:deepstack|smartbluffer
STATE:799:r1200f:As|Kh:100|-100:smartbluffer|deepstack
STATE:800:cr300c/r900r1200f:Qh|Ah/Kh:-900|900:deepstack|smartbluffer
STATE:801:r1200f:Ah|Ks:100|-100:smartbluffer|deepstack
STATE:802:cc/r300f:Kh|Ah/Ks:100|-100:deepstack|smartbluffer
STATE:803:cc/r1200f:Qh|Qs/Ah:100|-100:smartbluffer|deepstack
STATE:804:cc/cc:Ah|Qh/Kh:100|-100:deepstack|smartbluffer
STATE:805:r1200f:Ah|Kh:100|-100:smartbluffer|deepstack
STATE:806:cr300r1200f:As|Qs:300|-300:deepstack|smartbluffer
STATE:807:cr300c/r1200f:Kh|As/Ks:300|-300:smartbluffer|deepstack
STATE:808:cc/r1200f:Qh|Ks/Ah:100|-100:deepstack|smartbluffer
STATE:809:cr300c/cr1200f:Ks|Ah/As:-300|300:smartbluffer|deepstack
STATE:810:cr300f:Qs|Ks:-100|100:deepstack|smartbluffer
STATE:811:r1200f:Qh|Qs:100|-100:smartbluffer|deepstack
STATE:812:cc/cc:Ah|Ks/Qs:100|-100:deepstack|smartbluffer
STATE:813:r1200f:Ah|Qs:100|-100:smartbluffer|deepstack
STATE:814:cc/cc:Qh|Ah/Qs:100|-100:deepstack|smartbluffer
STATE:815:cc/cc:Qh|Qs/Kh:0|0:smartbluffer|deepstack
STATE:816:r1200f:As|Qs:100|-100:deepstack|smartbluffer
STATE:817:cc/cr1200f:Ks|As/Ah:-100|100:smartbluffer|deepstack
STATE:818:r1200f:As|Qs:100|-100:deepstack|smartbluffer
STATE:819:cc/cr300c:Kh|Ks/Ah:0|0:smartbluffer|deepstack
STATE:820:cr300f:Kh|As:-100|100:deepstack|smartbluffer
STATE:821:r1200f:Kh|Ks:100|-100:smartbluffer|deepstack
STATE:822:cc/cr300r1200f:Ks|Qs/Kh:300|-300:deepstack|smartbluffer
STATE:823:cr300c/r1200f:Qs|Ah/Ks:300|-300:smartbluffer|deepstack
STATE:824:cc/cc:Qs|As/Kh:-100|100:deepstack|smartbluffer
STATE:825:cr300f:Qs|Ah:-100|100:smartbluffer|deepstack
STATE:826:r1200f:As|Qh:100|-100:deepstack|smartbluffer
STATE:827:cr300r1200f:Ah|Qh:300|-300:smartbluffer|deepstack
STATE:828:cr300f:Qs|Ks:-100|100:deepstack|smartbluffer
STATE:829:r1200f:As|Qs:100|-100:smartbluffer|deepstack
STATE:830:cc/cc:Kh|As/Qs:-100|100:deepstack|smartbluffer
STATE:831:r1200f:As|Ks:100|-100:smartbluffer|deepstack
STATE:832:r1200f:Ah|Qh:100|-100:deepstack|smartbluffer
STATE:833:cc/cc:Ah|Qh/Kh:100|-100:smartbluffer|deepstack
STATE:834:cr300f:Kh|As:-100|100:deepstack|smartbluffer
STATE:835:r1200f:Kh|Ks:100|-100:smartbluffer|deepstack
STATE:836:r1200f:Ah|Ks:100|-100:deepstack|smartbluffer
STATE:837:cr300r1200c/:As|Ah/Qs:0|0:smartbluffer|deepstack
STATE:838:cc/cc:Qh|Kh/Qs:100|-100:deepstack|smartbluffer
STATE:839:cc/cc:Ks|Kh/Qs:0|0:smartbluffer|deepstack
STATE:840:cr300f:Qh|Ah:-100|100:deepstack|smartbluffer
STATE:841:r1200f:Qs|Kh:100|-100:smartbluffer|deepstack
STATE:842:r300c/cc:As|Kh/Qs:300|-300:deepstack|smartbluffer
STATE:843:cc/cc:Qh|Ah/Kh:-100|100:smartbluffer|deepstack
STATE:844:cr300f:Qs|As:-100|100:deepstack|smartbluffer
STATE:845:r1200f:Qs|Qh:100|-100:smartbluffer|deepstack
STATE:846:r1200f:As|Ks:100|-100:deepstack|smartbluffer
STATE:847:r1200f:As|Qs:100|-100:smartbluffer|deepstack
STATE:848:cc/cr300f:Qs|Ks/Kh:-100|100:deepstack|smartbluffer
STATE:849:r1200f:Kh|Ks:100|-100:smartbluffer|deepstack
STATE:850:cc/cc:Kh|Qs/Ah:100|-100:deepstack|smartbluffer
STATE:851:cr300f:Qs|Qh:-100|100:smartbluffer|deepstack
STATE:852:r1200f:As|Qh:100|-100:deepstack|smartbluffer
STATE:853:cr300f:Qs|Qh:-100|100:smartbluffer|deepstack
STATE:854:cr300c/cr900c:Ah|Kh/Qs:900|-900:deepstack|smartbluffer
STATE:855:cc/cc:As|Ks/Qh:100|-100:smartbluffer|deepstack
STATE:856:cc/cc:Qs|As/Ks:-100|100:deepstack|smartbluffer
STATE:857:cc/cc:Qs|Qh/As:0|0:smartbluffer|deepstack
STATE:858:r1200f:As|Qh:100|-100:deepstack|smartbluffer
STATE:859:cr300r1200c/:Ah|As/Ks:0|0:smartbluffer|deepstack
STATE:860:cc/cc:Qs|Kh/Qh:100|-100:deepstack|smartbluffer
STATE:861:cc/cr300f:Qh|Ah/As:-100|100:smartbluffer|deepstack
STATE:862:cr300f:Kh|As:-100|100:deepstack|smartbluffer
STATE:863:r1200c/:Qh|As/Ah:-1200|1200:smartbluffer|deepstack
STATE:864:cc/cc:Qh|Qs/Ah:0|0:deepstack|smartbluffer
STATE:865:cr300f:Ks|Kh:-100|100:smartbluffer|deepstack
STATE:866:cr300f:Kh|As:-100|100:deepstack|smartbluffer
STATE:867:r1200c/:As|Ah/Kh:0|0:smartbluffer|deepstack
STATE:868:cr300f:Qs|Ks:-100|100:deepstack|smartbluffer
STATE:869:r1200f:Kh|Qs:100|-100:smartbluffer|deepstack
STATE:870:cc/cc:Qh|As/Kh:-100|100:deepstack|smartbluffer
STATE:871:cc/r300f:Qs|Ks/Ah:100|-100:smartbluffer|deepstack
STATE:872:cr300f:Qh|Ah:-100|100:deepstack|smartbluffer
STATE:873:r1200c/:Ks|As/Qh:-1200|1200:smartbluffer|deepstack
STATE:874:cr300c/cc:Ks|Ah/Qs:-300|300:deepstack|smartbluffer
STATE:875:r1200f:Ks|Qs:100|-100:smartbluffer|deepstack
STATE:876:cc/cc:Ks|Kh/Ah:0|0:deepstack|smartbluffer
STATE:877:cr300c/cr1200f:Qs|Qh/As:-300|300:smartbluffer|deepstack
STATE:878:cc/cc:Kh|Ks/Qh:0|0:deepstack|smartbluffer
STATE:879:cc/r300r1200f:Qh|Ks/Kh:-300|300:smartbluffer|deepstack
STATE:880:cr300f:Qh|Ah:-100|100:deepstack|smartbluffer
STATE:881:r1200c/:Ks|As/Qs:-1200|1200:smartbluffer|deepstack
STATE:882:cr300c/cr1200f:Kh|Ah/As:-300|300:deepstack|smartbluffer
STATE:883:r1200f:Qh|Kh:100|-100:smartbluffer|deepstack
STATE:884:cc/cc:Qh|Kh/As:-100|100:deepstack|smartbluffer
STATE:885:cr300f:Qs|Ah:-100|100:smartbluffer|deepstack
STATE:886:cr1200f:Qs|As:-100|100:deepstack|smartbluffer
STATE:887:r1200f:Qh|Qs:100|-100:smartbluffer|deepstack
STATE:888:cc/cc:Qs|Qh/Ah:0|0:deepstack|smartbluffer
STATE:889:cr300c/r1200c:Qh|Ah/Qs:1200|-1200:smartbluffer|deepstack
STATE:890:cc/r300f:Ah|Kh/As:100|-100:deepstack|smartbluffer
STATE:891:r1200f:As|Ks:100|-100:smartbluffer|deepstack
STATE:892:cc/cc:Ah|Kh/Qh:100|-100:deepstack|smartbluffer
STATE:893:cr300r1200f:Ah|Qs:300|-300:smartbluffer|deepstack
STATE:894:cr300r1200c/:Ah|As/Qh:0|0:deepstack|smartbluffer
STATE:895:r1200f:Ah|Kh:100|-100:smartbluffer|deepstack
STATE:896:cr1200f:Ks|Ah:-100|100:deepstack|smartbluffer
STATE:897:r1200c/:Qh|Ah/Kh:-1200|1200:smartbluffer|deepstack
STATE:898:cc/cc:Ks|Qh/As:100|-100:deepstack|smartbluffer
STATE:899:cc/r300f:Kh|Qh/Ks:100|-100:smartbluffer|deepstack
STATE:900:cr300c/cr1200f:Qs|Ks/Kh:-300|300:deepstack|smartbluffer
STATE:901:r1200f:Ks|Qs:100|-100:smartbluffer|deepstack
STATE:902:cc/cc:Qs|Ks/Ah:-100|100:deepstack|smartbluffer
STATE:903:cr300r1200f:Ah|Qh:300|-300:smartbluffer|deepstack
STATE:904:cc/r300f:Ks|Qs/As:100|-100:deepstack|smartbluffer
STATE:905:r1200f:Ah|Qh:100|-100:smartbluffer|deepstack
STATE:906:cr300f:Qh|Ah:-100|100:deepstack|smartbluffer
STATE:907:r1200c/:Qh|As/Ks:-1200|1200:smartbluffer|deepstack
STATE:908:cr300f:Kh|Ah:-100|100:deepstack|smartbluffer
STATE:909:r1200f:Qs|Qh:100|-100:smartbluffer|deepstack
STATE:910:cr300f:Qh|Ah:-100|100:deepstack|smartbluffer
STATE:911:r1200f:Qh|Kh:100|-100:smartbluffer|deepstack
STATE:912:cr300f:Kh|Ah:-100|100:deepstack|smartbluffer
STATE:913:r1200f:Ks|Qh:100|-100:smartbluffer|deepstack
STATE:914:cc/cc:Qs|Ah/Qh:100|-100:deepstack|smartbluffer
STATE:915:cr300f:Qs|As:-100|100:smartbluffer|deepstack
STATE:916:cr300c/r900r1200c:Ks|Qs/Kh:1200|-1200:deepstack|smartbluffer
STATE:917:r1200c/:Ks|Ah/As:-1200|1200:smartbluffer|deepstack
STATE:918:cr300r1200c/:Ah|As/Ks:0|0:deepstack|smartbluffer
STATE:919:r1200f:As|Ks:100|-100:smartbluffer|deepstack
STATE:920:cr300f:Qh|Ah:-100|100:deepstack|smartbluffer
STATE:921:r1200c/:Qs|As/Qh:1200|-1200:smartbluffer|deepstack
STATE:922:cr300c/cr1200f:Ks|As/Ah:-300|300:deepstack|smartbluffer
STATE:923:r1200f:Ah|Qh:100|-100:smartbluffer|deepstack
STATE:924:cr300r1200f:As|Kh:300|-300:deepstack|smartbluffer
STATE:925:cc/cc:Ah|Qs/Kh:100|-100:smartbluffer|deepstack
STATE:926:cr1200f:Ks|Ah:-100|100:deepstack|smartbluffer
STATE:927:r1200f:Ks|Kh:100|-100:smartbluffer|deepstack
STATE:928:cc/cc:Qs|Kh/As:-100|100:deepstack|smartbluffer
STATE:929:cc/cc:Qh|Ks/As:-100|100:smartbluffer|deepstack
STATE:930:cr300f:Ks|As:-100|100:deepstack|smartbluffer
STATE:931:r1200f:Ks|Qh:100|-100:smartbluffer|deepstack
STATE:932:r300r1200f:Qh|As:-300|300:deepstack|smartbluffer
STATE:933:r1200c/:Ks|Ah/Qs:-1200|1200:smartbluffer|deepstack
STATE:934:cc/r300r900f:Ks|Ah/As:-300|300:deepstack|smartbluffer
STATE:935:r1200f:As|Qh:100|-100:smartbluffer|deepstack
STATE:936:cr300f:Qs|As:-100|100:deepstack|smartbluffer
STATE:937:r1200f:Qh|Qs:100|-100:smartbluffer|deepstack
STATE:938:cr300f:Ks|As:-100|100:deepstack|smartbluffer
STATE:939:r1200c/:Ks|Ah/Kh:1200|-1200:smartbluffer|deepstack
STATE:940:cc/cr300r1200f:Kh|Qh/Ks:300|-300:deepstack|smartbluffer
STATE:941:cc/cc:Ah|Qs/Kh:100|-100:smartbluffer|deepstack
STATE:942:cr300c/r900c:Qh|As/Qs:900|-900:deepstack|smartbluffer
STATE:943:r1200f:Qh|Qs:100|-100:smartbluffer|deepstack
STATE:944:cc/cr300c:As|Qs/Kh:300|-300:deepstack|smartbluffer
STATE:945:r1200c/:Ks|As/Kh:1200|-1200:smartbluffer|deepstack
STATE:946:cr300c/cr1200c:Ks|Qs/Ah:1200|-1200:deepstack|smartbluffer
STATE:947:r1200f:Qs|Qh:100|-100:smartbluffer|deepstack
STATE:948:cc/cc:Kh|Ks/Ah:0|0:deepstack|smartbluffer
STATE:949:cr300r1200f:Ah|Kh:300|-300:smartbluffer|deepstack
STATE:950:r1200f:As|Qh:100|-100:deepstack|smartbluffer
STATE:951:cr300c/cr900f:Kh|Ah/As:-300|300:smartbluffer|deepstack
STATE:952:cc/cc:Qs|Ks/Ah:-100|100:deepstack|smartbluffer
STATE:953:cc/cr300f:Kh|Qs/Qh:-100|100:smartbluffer|deepstack
STATE:954:cr300f:Qs|As:-100|100:deepstack|smartbluffer
STATE:955:r1200f:Ah|Kh:100|-100:smartbluffer|deepstack
STATE:956:cr300f:Qs|As:-100|100:deepstack|smartbluffer
STATE:957:r1200f:Ah|Kh:100|-100:smartbluffer|deepstack
STATE:958:cc/cr300f:As|Qh/Qs:-100|100:deepstack|smartbluffer
STATE:959:r1200f:Qh|Ks:100|-100:smartbluffer|deepstack
STATE:960:cc/cr300f:Ks|Qh/Qs:-100|100:deepstack|smartbluffer
STATE:961:r1200f:As|Qh:100|-100:smartbluffer|deepstack
STATE:962:cr300c/r1200f:Kh|As/Qh:300|-300:deepstack|smartbluffer
STATE:963:cc/cc:As|Qh/Kh:100|-100:smartbluffer|deepstack
STATE:964:cr300f:Qh|As:-100|100:deepstack|smartbluffer
STATE:965:r1200f:Qs|Ks:100|-100:smartbluffer|deepstack
STATE:966:cc/cc:Qh|Kh/Ah:-100|100:deepstack|smartbluffer
STATE:967:r300c/cc:As|Ks/Qs:300|-300:smartbluffer|deepstack
STATE:968:cr300f:Ks|Kh:-100|100:deepstack|smartbluffer
STATE:969:r1200c/:Ks|As/Qh:-1200|1200:smartbluffer|deepstack
STATE:970:cc/cc:Qh|As/Qs:100|-100:deepstack|smartbluffer
STATE:971:cc/cr300f:Qs|Kh/Ks:-100|100:smartbluffer|deepstack
STATE:972:cc/r300f:Qs|Ks/Qh:100|-100:deepstack|smartbluffer
STATE:973:cc/cc:As|Qs/Ks:100|-100:smartbluffer|deepstack
STATE:974:r1200f:As|Kh:100|-100:deepstack|smartbluffer
STATE:975:cc/cr300c:Ah|Qs/Qh:-300|300:smartbluffer|deepstack
STATE:976:cr300f:Qs|Kh:-100|100:deepstack|smartbluffer
STATE:977:r1200f:As|Kh:100|-100:smartbluffer|deepstack
STATE:978:cr300f:Kh|Ks:-100|100:deepstack|smartbluffer
STATE:979:r1200f:Ks|Qs:100|-100:smartbluffer|deepstack
STATE:980:cc/cr300r900r1200c:Qh|Ks/Qs:1200|-1200:deepstack|smartbluffer
STATE:981:r1200c/:Qs|As/Ks:-1200|1200:smartbluffer|deepstack
STATE:982:cr300f:Kh|Qs:-100|100:deepstack|smartbluffer
STATE:983:r1200f:Ks|Qh:100|-100:smartbluffer|deepstack
STATE:984:cc/cr300f:Ks|Kh/Qs:-100|100:deepstack|smartbluffer
STATE:985:r1200c/:As|Ah/Qh:0|0:smartbluffer|deepstack
STATE:986:cc/r300c:Ks|Ah/Qh:-300|300:deepstack|smartbluffer
STATE:987:r1200f:Qh|Qs:100|-100:smartbluffer|deepstack
STATE:988:cr300f:Ks|Ah:-100|100:deepstack|smartbluffer
STATE:989:r1200f:As|Qh:100|-100:smartbluffer|deepstack
STATE:990:cr300f:Qh|As:-100|100:deepstack|smartbluffer
STATE:991:r1200f:Qs|Qh:100|-100:smartbluffer|deepstack
STATE:992:cc/cc:Qs|Qh/Ks:0|0:deepstack|smartbluffer
STATE:993:cr300c/r1200f:Qs|Ah/Kh:300|-300:smartbluffer|deepstack
STATE:994:cr300f:Qs|Ah:-100|100:deepstack|smartbluffer
STATE:995:r1200f:Ks|Kh:100|-100:smartbluffer|deepstack
STATE:996:cc/cc:Qs|Qh/As:0|0:deepstack|smartbluffer
STATE:997:cc/cc:Ks|Qh/Kh:100|-100:smartbluffer|deepstack
STATE:998:cr300c/cr1200f:Qs|Ah/Kh:-300|300:deepstack|smartbluffer
STATE:999:r1200f:Ks|Qh:100|-100:smartbluffer|deepstack
SCORE:35800|-35800:deepstack|smartbluffer
