# name/game/hands/seed strongadaptiverocks_v_controlDS_1k ./DeepStack-Leduc/ACPCServer/leduc.game 1000 3
#--t_response 600000
#--t_hand 600000
#--t_per_hand 7000
STATE:0:r300c/r900f:Ks|Qs/Kh:300|-300:deepstack|strongadaptive_rocks
STATE:1:cc/cc:Qs|Qh/Ks:0|0:strongadaptive_rocks|deepstack
STATE:2:cc/cc:Qh|As/Kh:-100|100:deepstack|strongadaptive_rocks
STATE:3:cr300f:Kh|Ks:-100|100:strongadaptive_rocks|deepstack
STATE:4:r1200f:As|Ks:100|-100:deepstack|strongadaptive_rocks
STATE:5:cc/cc:Kh|Qh/Ah:100|-100:strongadaptive_rocks|deepstack
STATE:6:cc/cc:Ah|Ks/Qh:100|-100:deepstack|strongadaptive_rocks
STATE:7:cc/r1200f:As|Kh/Ah:100|-100:strongadaptive_rocks|deepstack
STATE:8:cc/cc:Qh|Qs/Kh:0|0:deepstack|strongadaptive_rocks
STATE:9:cc/cc:Qh|Ks/Ah:-100|100:strongadaptive_rocks|deepstack
STATE:10:cc/cc:Qh|Kh/As:-100|100:deepstack|strongadaptive_rocks
STATE:11:cc/cc:Kh|Ks/Ah:0|0:strongadaptive_rocks|deepstack
STATE:12:cc/r1200f:As|Qh/Ah:100|-100:deepstack|strongadaptive_rocks
STATE:13:cr300f:Qs|As:-100|100:strongadaptive_rocks|deepstack
STATE:14:r1200f:Ah|Qh:100|-100:deepstack|strongadaptive_rocks
STATE:15:cr300f:Qs|Kh:-100|100:strongadaptive_rocks|deepstack
STATE:16:cc/cc:Qs|Kh/As:-100|100:deepstack|strongadaptive_rocks
STATE:17:cr300f:Ks|As:-100|100:strongadaptive_rocks|deepstack
STATE:18:r1200f:Ah|Qh:100|-100:deepstack|strongadaptive_rocks
STATE:19:cr300f:Kh|As:-100|100:strongadaptive_rocks|deepstack
STATE:20:cc/cc:Ks|Qs/Ah:100|-100:deepstack|strongadaptive_rocks
STATE:21:cc/cr300f:Qh|Ks/Kh:-100|100:strongadaptive_rocks|deepstack
STATE:22:cc/cc:Ah|Qs/Ks:100|-100:deepstack|strongadaptive_rocks
STATE:23:cc/cr300f:Kh|Qs/Qh:-100|100:strongadaptive_rocks|deepstack
STATE:24:r1200c/:As|Ah/Kh:0|0:deepstack|strongadaptive_rocks
STATE:25:cc/cc:Ah|Qs/Kh:100|-100:strongadaptive_rocks|deepstack
STATE:26:cc/cc:Kh|Qh/As:100|-100:deepstack|strongadaptive_rocks
STATE:27:cc/cc:Qs|As/Ks:-100|100:strongadaptive_rocks|deepstack
STATE:28:cc/cr300f:Ah|Qh/Qs:-100|100:deepstack|strongadaptive_rocks
STATE:29:cc/cc:As|Ah/Qs:0|0:strongadaptive_rocks|deepstack
STATE:30:cc/cc:Qh|As/Ks:-100|100:deepstack|strongadaptive_rocks
STATE:31:cc/cr300f:Ks|Qh/Qs:-100|100:strongadaptive_rocks|deepstack
STATE:32:r1200c/:As|Ah/Qs:0|0:deepstack|strongadaptive_rocks
STATE:33:cc/cc:Kh|Qs/Ah:100|-100:strongadaptive_rocks|deepstack
STATE:34:cc/cc:Ks|Qs/Kh:100|-100:deepstack|strongadaptive_rocks
STATE:35:cc/cc:Ks|Kh/Qh:0|0:strongadaptive_rocks|deepstack
STATE:36:cc/cc:Ah|Qh/Ks:100|-100:deepstack|strongadaptive_rocks
STATE:37:cc/cc:Ah|Kh/Qh:100|-100:strongadaptive_rocks|deepstack
STATE:38:cc/cc:Ah|Kh/Qs:100|-100:deepstack|strongadaptive_rocks
STATE:39:cr300f:Ks|Qh:-100|100:strongadaptive_rocks|deepstack
STATE:40:cc/cr300f:Qh|Ks/Kh:-100|100:deepstack|strongadaptive_rocks
STATE:41:cr300f:Qs|Ah:-100|100:strongadaptive_rocks|deepstack
STATE:42:cc/cc:Qh|Qs/Kh:0|0:deepstack|strongadaptive_rocks
STATE:43:cr300f:Qh|As:-100|100:strongadaptive_rocks|deepstack
STATE:44:r1200f:As|Qh:100|-100:deepstack|strongadaptive_rocks
STATE:45:cc/cc:Ks|Ah/Qs:-100|100:strongadaptive_rocks|deepstack
STATE:46:cc/r1200f:Qs|Qh/Ah:100|-100:deepstack|strongadaptive_rocks
STATE:47:cc/cr300f:Ah|Qs/Qh:-100|100:strongadaptive_rocks|deepstack
STATE:48:cc/cc:Ah|Ks/Qh:100|-100:deepstack|strongadaptive_rocks
STATE:49:cr300f:Kh|As:-100|100:strongadaptive_rocks|deepstack
STATE:50:cc/cc:Qh|Ks/Qs:100|-100:deepstack|strongadaptive_rocks
STATE:51:cc/cc:Qh|Kh/Qs:100|-100:strongadaptive_rocks|deepstack
STATE:52:cc/cr300f:As|Qs/Qh:-100|100:deepstack|strongadaptive_rocks
STATE:53:cc/cc:Kh|Ks/Qs:0|0:strongadaptive_rocks|deepstack
STATE:54:cc/cc:Qh|As/Qs:100|-100:deepstack|strongadaptive_rocks
STATE:55:cc/cc:Qh|As/Kh:-100|100:strongadaptive_rocks|deepstack
STATE:56:r300c/cc:Ah|Ks/Qs:300|-300:deepstack|strongadaptive_rocks
STATE:57:cc/cr300f:As|Kh/Ks:-100|100:strongadaptive_rocks|deepstack
STATE:58:cc/cc:Qs|As/Qh:100|-100:deepstack|strongadaptive_rocks
STATE:59:cc/cr300f:Ah|Qs/Qh:-100|100:strongadaptive_rocks|deepstack
STATE:60:cc/cc:Qs|As/Ks:-100|100:deepstack|strongadaptive_rocks
STATE:61:cr300f:Qh|Ah:-100|100:strongadaptive_rocks|deepstack
STATE:62:cc/r300f:Ks|As/Qh:100|-100:deepstack|strongadaptive_rocks
STATE:63:cc/cr300f:Qs|Qh/Kh:-100|100:strongadaptive_rocks|deepstack
STATE:64:cc/cc:Ks|As/Qh:-100|100:deepstack|strongadaptive_rocks
STATE:65:cc/cc:As|Ks/Qs:100|-100:strongadaptive_rocks|deepstack
STATE:66:cc/cc:Kh|Qs/Ah:100|-100:deepstack|strongadaptive_rocks
STATE:67:cc/cr300r1200f:Kh|Qh/Ks:300|-300:strongadaptive_rocks|deepstack
STATE:68:cc/cc:Qs|Ah/Qh:100|-100:deepstack|strongadaptive_rocks
STATE:69:cc/cr300f:Kh|Qs/Qh:-100|100:strongadaptive_rocks|deepstack
STATE:70:cc/cc:Kh|As/Qh:-100|100:deepstack|strongadaptive_rocks
STATE:71:cc/cr300f:Ks|Qs/Qh:-100|100:strongadaptive_rocks|deepstack
STATE:72:cc/cr300f:Ks|Qs/Qh:-100|100:deepstack|strongadaptive_rocks
STATE:73:cr300f:Qh|As:-100|100:strongadaptive_rocks|deepstack
STATE:74:r300c/cc:Ks|Qs/Ah:300|-300:deepstack|strongadaptive_rocks
STATE:75:cr300r1200c/:As|Ah/Qs:0|0:strongadaptive_rocks|deepstack
STATE:76:cc/cr300f:Qh|Ah/As:-100|100:deepstack|strongadaptive_rocks
STATE:77:cr300r1200f:As|Qh:300|-300:strongadaptive_rocks|deepstack
STATE:78:cc/cc:Kh|Ks/Qs:0|0:deepstack|strongadaptive_rocks
STATE:79:cc/cc:Qh|Ah/Ks:-100|100:strongadaptive_rocks|deepstack
STATE:80:cc/cr300f:Qs|Kh/Ks:-100|100:deepstack|strongadaptive_rocks
STATE:81:cr300f:Qs|As:-100|100:strongadaptive_rocks|deepstack
STATE:82:cc/cc:Kh|Qs/Ks:100|-100:deepstack|strongadaptive_rocks
STATE:83:cr300f:Ks|Kh:-100|100:strongadaptive_rocks|deepstack
STATE:84:cc/cr300c:As|Qs/Qh:-300|300:deepstack|strongadaptive_rocks
STATE:85:cc/cc:Ah|Qs/Ks:100|-100:strongadaptive_rocks|deepstack
STATE:86:cc/cr300r1200c:Ks|As/Ah:-1200|1200:deepstack|strongadaptive_rocks
STATE:87:cc/cc:Ah|As/Ks:0|0:strongadaptive_rocks|deepstack
STATE:88:cc/cc:As|Qh/Ks:100|-100:deepstack|strongadaptive_rocks
STATE:89:cr300r1200f:Ah|Qh:300|-300:strongadaptive_rocks|deepstack
STATE:90:cc/cc:Qh|Qs/Ks:0|0:deepstack|strongadaptive_rocks
STATE:91:cc/cr300f:As|Kh/Ks:-100|100:strongadaptive_rocks|deepstack
STATE:92:cc/cc:Qh|Ks/Ah:-100|100:deepstack|strongadaptive_rocks
STATE:93:cc/cc:Qs|Kh/Qh:100|-100:strongadaptive_rocks|deepstack
STATE:94:r1200f:As|Qh:100|-100:deepstack|strongadaptive_rocks
STATE:95:cc/cc:Qs|Qh/Ks:0|0:strongadaptive_rocks|deepstack
STATE:96:cc/r300f:Ks|Qh/Kh:100|-100:deepstack|strongadaptive_rocks
STATE:97:cr300r1200f:As|Ks:300|-300:strongadaptive_rocks|deepstack
STATE:98:cc/cr300f:Kh|As/Ah:-100|100:deepstack|strongadaptive_rocks
STATE:99:cc/r300f:Ah|Ks/As:100|-100:strongadaptive_rocks|deepstack
STATE:100:cc/cc:Qs|Ah/Ks:-100|100:deepstack|strongadaptive_rocks
STATE:101:cc/cc:Ks|Qs/Ah:100|-100:strongadaptive_rocks|deepstack
STATE:102:cc/cc:Qs|Ah/Kh:-100|100:deepstack|strongadaptive_rocks
STATE:103:cc/cc:Qs|Ah/Qh:100|-100:strongadaptive_rocks|deepstack
STATE:104:cc/cc:Qh|Qs/Ah:0|0:deepstack|strongadaptive_rocks
STATE:105:cr300f:Qs|Ah:-100|100:strongadaptive_rocks|deepstack
STATE:106:cc/cc:Qh|Ah/Ks:-100|100:deepstack|strongadaptive_rocks
STATE:107:cc/cc:Qs|Ah/Qh:100|-100:strongadaptive_rocks|deepstack
STATE:108:cc/cc:Ah|Qs/Kh:100|-100:deepstack|strongadaptive_rocks
STATE:109:cr300r1200c/:As|Ah/Kh:0|0:strongadaptive_rocks|deepstack
STATE:110:cc/cc:Qh|Ah/Ks:-100|100:deepstack|strongadaptive_rocks
STATE:111:cc/cr300f:Kh|Qs/Qh:-100|100:strongadaptive_rocks|deepstack
STATE:112:cc/cc:Qh|Ah/Qs:100|-100:deepstack|strongadaptive_rocks
STATE:113:cr300f:Qs|Qh:-100|100:strongadaptive_rocks|deepstack
STATE:114:cc/r300r900f:Ks|Ah/As:-300|300:deepstack|strongadaptive_rocks
STATE:115:cc/cc:Qs|Kh/Ah:-100|100:strongadaptive_rocks|deepstack
STATE:116:cc/cc:Qh|Qs/Ah:0|0:deepstack|strongadaptive_rocks
STATE:117:cr300f:Kh|Qh:-100|100:strongadaptive_rocks|deepstack
STATE:118:cc/r300f:Ah|Ks/As:100|-100:deepstack|strongadaptive_rocks
STATE:119:cr300f:Kh|As:-100|100:strongadaptive_rocks|deepstack
STATE:120:cc/cc:Ah|As/Qh:0|0:deepstack|strongadaptive_rocks
STATE:121:cr300f:Qh|Ah:-100|100:strongadaptive_rocks|deepstack
STATE:122:cc/cc:Qh|Ah/Ks:-100|100:deepstack|strongadaptive_rocks
STATE:123:cr300r1200f:As|Ks:300|-300:strongadaptive_rocks|deepstack
STATE:124:cc/r300f:Kh|Qh/Ks:100|-100:deepstack|strongadaptive_rocks
STATE:125:cr300f:Qh|Kh:-100|100:strongadaptive_rocks|deepstack
STATE:126:cc/r300f:Ks|As/Kh:100|-100:deepstack|strongadaptive_rocks
STATE:127:cc/cc:Ks|Qs/Ah:100|-100:strongadaptive_rocks|deepstack
STATE:128:cc/r1200f:Qh|Kh/As:100|-100:deepstack|strongadaptive_rocks
STATE:129:cr300f:Qh|As:-100|100:strongadaptive_rocks|deepstack
STATE:130:cc/cr300c:Kh|As/Ah:-300|300:deepstack|strongadaptive_rocks
STATE:131:cc/cc:Kh|Qh/As:100|-100:strongadaptive_rocks|deepstack
STATE:132:cc/cr300f:Qs|Ks/Kh:-100|100:deepstack|strongadaptive_rocks
STATE:133:cc/cc:Ah|Qh/Kh:100|-100:strongadaptive_rocks|deepstack
STATE:134:cc/cc:Ks|As/Qs:-100|100:deepstack|strongadaptive_rocks
STATE:135:cr300r1200c/:As|Ah/Qs:0|0:strongadaptive_rocks|deepstack
STATE:136:cc/cc:As|Qh/Kh:100|-100:deepstack|strongadaptive_rocks
STATE:137:cc/r1200f:As|Kh/Ah:100|-100:strongadaptive_rocks|deepstack
STATE:138:r1200f:As|Qh:100|-100:deepstack|strongadaptive_rocks
STATE:139:cc/cr300f:Qs|Ks/Kh:-100|100:strongadaptive_rocks|deepstack
STATE:140:cc/r300f:Qs|As/Ks:100|-100:deepstack|strongadaptive_rocks
STATE:141:cc/cc:Ks|Kh/Qs:0|0:strongadaptive_rocks|deepstack
STATE:142:cc/cc:Ah|Kh/Qs:100|-100:deepstack|strongadaptive_rocks
STATE:143:cc/cc:Qs|Kh/As:-100|100:strongadaptive_rocks|deepstack
STATE:144:cc/cc:Qs|Ah/Qh:100|-100:deepstack|strongadaptive_rocks
STATE:145:cc/r300f:Ah|Qh/As:100|-100:strongadaptive_rocks|deepstack
STATE:146:cc/cc:Qh|Ah/Ks:-100|100:deepstack|strongadaptive_rocks
STATE:147:cc/cr300f:Qs|Qh/Kh:-100|100:strongadaptive_rocks|deepstack
STATE:148:cc/cr300f:Ah|Qh/Qs:-100|100:deepstack|strongadaptive_rocks
STATE:149:cr300r1200f:As|Ks:300|-300:strongadaptive_rocks|deepstack
STATE:150:cc/cc:As|Qs/Kh:100|-100:deepstack|strongadaptive_rocks
STATE:151:cr300r1200f:As|Ks:300|-300:strongadaptive_rocks|deepstack
STATE:152:cc/cc:Ks|Qh/Kh:100|-100:deepstack|strongadaptive_rocks
STATE:153:cc/cc:Qs|Kh/Ah:-100|100:strongadaptive_rocks|deepstack
STATE:154:cc/cr300f:Qs|As/Ah:-100|100:deepstack|strongadaptive_rocks
STATE:155:cc/cc:Ks|Qh/As:100|-100:strongadaptive_rocks|deepstack
STATE:156:cc/cc:Qs|Ks/Ah:-100|100:deepstack|strongadaptive_rocks
STATE:157:cc/cc:Ah|Qh/Kh:100|-100:strongadaptive_rocks|deepstack
STATE:158:cc/cc:Qh|Ks/As:-100|100:deepstack|strongadaptive_rocks
STATE:159:cc/cc:Qs|Qh/As:0|0:strongadaptive_rocks|deepstack
STATE:160:cc/cc:Kh|Qh/Ah:100|-100:deepstack|strongadaptive_rocks
STATE:161:cr300f:Qs|As:-100|100:strongadaptive_rocks|deepstack
STATE:162:cc/cc:Kh|As/Qs:-100|100:deepstack|strongadaptive_rocks
STATE:163:cc/cc:Kh|Qh/As:100|-100:strongadaptive_rocks|deepstack
STATE:164:r300c/cc:As|Ks/Qh:300|-300:deepstack|strongadaptive_rocks
STATE:165:cc/cc:As|Ks/Qh:100|-100:strongadaptive_rocks|deepstack
STATE:166:cc/cc:Qh|Kh/Ah:-100|100:deepstack|strongadaptive_rocks
STATE:167:cc/cr300f:Ah|Qh/Qs:-100|100:strongadaptive_rocks|deepstack
STATE:168:r300c/cc:As|Kh/Qh:300|-300:deepstack|strongadaptive_rocks
STATE:169:cc/cr1200f:Ks|Ah/As:-100|100:strongadaptive_rocks|deepstack
STATE:170:cc/r1200f:As|Ks/Ah:100|-100:deepstack|strongadaptive_rocks
STATE:171:cr300f:Qh|As:-100|100:strongadaptive_rocks|deepstack
STATE:172:cc/r300f:Qs|Kh/Qh:100|-100:deepstack|strongadaptive_rocks
STATE:173:cr300f:Ks|Ah:-100|100:strongadaptive_rocks|deepstack
STATE:174:cc/cc:Qs|As/Ks:-100|100:deepstack|strongadaptive_rocks
STATE:175:cr300f:Kh|Qh:-100|100:strongadaptive_rocks|deepstack
STATE:176:cc/cr300f:Kh|Qh/Qs:-100|100:deepstack|strongadaptive_rocks
STATE:177:cr300r1200f:Ah|Ks:300|-300:strongadaptive_rocks|deepstack
STATE:178:cc/cc:Qh|Qs/As:0|0:deepstack|strongadaptive_rocks
STATE:179:cc/cc:Ks|Kh/Qh:0|0:strongadaptive_rocks|deepstack
STATE:180:cc/cc:Qh|Ah/Ks:-100|100:deepstack|strongadaptive_rocks
STATE:181:cc/cc:As|Ks/Qs:100|-100:strongadaptive_rocks|deepstack
STATE:182:cc/cc:Qh|Qs/Kh:0|0:deepstack|strongadaptive_rocks
STATE:183:cc/cr300f:Ah|Qs/Qh:-100|100:strongadaptive_rocks|deepstack
STATE:184:cc/cc:Qh|Kh/Qs:100|-100:deepstack|strongadaptive_rocks
STATE:185:cr300f:Kh|Ah:-100|100:strongadaptive_rocks|deepstack
STATE:186:cc/cc:Qs|Kh/Qh:100|-100:deepstack|strongadaptive_rocks
STATE:187:cc/r1200f:As|Qs/Ah:100|-100:strongadaptive_rocks|deepstack
STATE:188:cc/cr300f:Qh|Ks/Kh:-100|100:deepstack|strongadaptive_rocks
STATE:189:cc/cr300f:As|Kh/Ks:-100|100:strongadaptive_rocks|deepstack
STATE:190:r300c/cc:Kh|Qh/Ks:300|-300:deepstack|strongadaptive_rocks
STATE:191:cc/cr300f:Kh|Qs/Qh:-100|100:strongadaptive_rocks|deepstack
STATE:192:cc/cc:Kh|Ah/Qh:-100|100:deepstack|strongadaptive_rocks
STATE:193:cc/cr300f:Qh|Ks/Kh:-100|100:strongadaptive_rocks|deepstack
STATE:194:cc/r300r1200f:Kh|Qs/Qh:-300|300:deepstack|strongadaptive_rocks
STATE:195:cr300f:Qh|Ah:-100|100:strongadaptive_rocks|deepstack
STATE:196:cc/cr300f:Qs|Ah/As:-100|100:deepstack|strongadaptive_rocks
STATE:197:cc/cr300f:Ah|Qh/Qs:-100|100:strongadaptive_rocks|deepstack
STATE:198:cc/cc:Qs|Ks/As:-100|100:deepstack|strongadaptive_rocks
STATE:199:cr300f:Kh|As:-100|100:strongadaptive_rocks|deepstack
STATE:200:cc/cc:Qh|Qs/Kh:0|0:deepstack|strongadaptive_rocks
STATE:201:cc/cc:Qh|Kh/Qs:100|-100:strongadaptive_rocks|deepstack
STATE:202:cc/cc:Qs|Ah/Ks:-100|100:deepstack|strongadaptive_rocks
STATE:203:cc/cr300f:Ah|Kh/Ks:-100|100:strongadaptive_rocks|deepstack
STATE:204:r300c/cc:As|Qs/Ks:300|-300:deepstack|strongadaptive_rocks
STATE:205:cr300f:Ks|Ah:-100|100:strongadaptive_rocks|deepstack
STATE:206:cc/cc:Ah|As/Ks:0|0:deepstack|strongadaptive_rocks
STATE:207:cc/r300f:Ah|Qs/As:100|-100:strongadaptive_rocks|deepstack
STATE:208:cc/cr300f:Ah|Ks/Kh:-100|100:deepstack|strongadaptive_rocks
STATE:209:cr300f:Qs|As:-100|100:strongadaptive_rocks|deepstack
STATE:210:cc/cc:Ks|Qh/As:100|-100:deepstack|strongadaptive_rocks
STATE:211:cc/cc:Qh|Qs/As:0|0:strongadaptive_rocks|deepstack
STATE:212:cc/cc:Ks|As/Qs:-100|100:deepstack|strongadaptive_rocks
STATE:213:cc/cc:Qh|Ks/As:-100|100:strongadaptive_rocks|deepstack
STATE:214:cc/cc:Qh|As/Ks:-100|100:deepstack|strongadaptive_rocks
STATE:215:cr300f:Ks|Ah:-100|100:strongadaptive_rocks|deepstack
STATE:216:cc/cr300f:As|Qs/Qh:-100|100:deepstack|strongadaptive_rocks
STATE:217:cr300f:Ks|Ah:-100|100:strongadaptive_rocks|deepstack
STATE:218:cc/cc:As|Ah/Kh:0|0:deepstack|strongadaptive_rocks
STATE:219:cr300f:Qh|Ah:-100|100:strongadaptive_rocks|deepstack
STATE:220:cc/r300f:Ah|Qs/As:100|-100:deepstack|strongadaptive_rocks
STATE:221:cc/cc:Ks|Qh/As:100|-100:strongadaptive_rocks|deepstack
STATE:222:cc/r300f:Kh|Ks/As:100|-100:deepstack|strongadaptive_rocks
STATE:223:cr300r1200f:Ah|Qh:300|-300:strongadaptive_rocks|deepstack
STATE:224:cc/cc:Kh|Ah/Qs:-100|100:deepstack|strongadaptive_rocks
STATE:225:cr300f:Kh|As:-100|100:strongadaptive_rocks|deepstack
STATE:226:cc/cc:Kh|Ah/Ks:100|-100:deepstack|strongadaptive_rocks
STATE:227:cr300r1200c/:Ah|As/Ks:0|0:strongadaptive_rocks|deepstack
STATE:228:r300r1200c/:As|Ah/Qh:0|0:deepstack|strongadaptive_rocks
STATE:229:cc/cr300r1200f:Ks|Qh/Kh:300|-300:strongadaptive_rocks|deepstack
STATE:230:cc/cc:Qs|Kh/Qh:100|-100:deepstack|strongadaptive_rocks
STATE:231:cc/cr300f:As|Kh/Ks:-100|100:strongadaptive_rocks|deepstack
STATE:232:cc/cc:Kh|Ks/As:0|0:deepstack|strongadaptive_rocks
STATE:233:cr300f:Qh|Kh:-100|100:strongadaptive_rocks|deepstack
STATE:234:cc/r300f:Ks|Kh/As:100|-100:deepstack|strongadaptive_rocks
STATE:235:cc/cc:Kh|Qs/Ks:100|-100:strongadaptive_rocks|deepstack
STATE:236:cc/cc:Qh|Ks/Qs:100|-100:deepstack|strongadaptive_rocks
STATE:237:cc/cr300f:Ah|Kh/Ks:-100|100:strongadaptive_rocks|deepstack
STATE:238:r1200f:As|Ks:100|-100:deepstack|strongadaptive_rocks
STATE:239:cr300f:Ks|Qs:-100|100:strongadaptive_rocks|deepstack
STATE:240:r300c/r900r1200c:Ah|Qs/Qh:-1200|1200:deepstack|strongadaptive_rocks
STATE:241:cc/cr300f:Ah|Ks/Kh:-100|100:strongadaptive_rocks|deepstack
STATE:242:cc/cc:Ks|Kh/Ah:0|0:deepstack|strongadaptive_rocks
STATE:243:cc/cc:Ah|Kh/Qh:100|-100:strongadaptive_rocks|deepstack
STATE:244:r1200f:Ah|Kh:100|-100:deepstack|strongadaptive_rocks
STATE:245:cc/cc:Qh|Ah/Kh:-100|100:strongadaptive_rocks|deepstack
STATE:246:cc/cr300f:Kh|As/Ah:-100|100:deepstack|strongadaptive_rocks
STATE:247:cc/cc:Ah|Kh/Qs:100|-100:strongadaptive_rocks|deepstack
STATE:248:r300c/cc:Ah|Qs/As:300|-300:deepstack|strongadaptive_rocks
STATE:249:cr300f:Qs|As:-100|100:strongadaptive_rocks|deepstack
STATE:250:cc/r300f:Ks|Kh/As:100|-100:deepstack|strongadaptive_rocks
STATE:251:cr300f:Qh|As:-100|100:strongadaptive_rocks|deepstack
STATE:252:cc/cr300c:Ah|Kh/Ks:-300|300:deepstack|strongadaptive_rocks
STATE:253:cr300f:Ks|As:-100|100:strongadaptive_rocks|deepstack
STATE:254:cc/cc:Ah|As/Kh:0|0:deepstack|strongadaptive_rocks
STATE:255:cc/cc:Kh|Ks/As:0|0:strongadaptive_rocks|deepstack
STATE:256:cc/r300f:Ks|Qs/As:100|-100:deepstack|strongadaptive_rocks
STATE:257:cc/cc:As|Ah/Qs:0|0:strongadaptive_rocks|deepstack
STATE:258:cc/cc:Qh|Qs/Ks:0|0:deepstack|strongadaptive_rocks
STATE:259:cc/cc:Qh|Qs/Ks:0|0:strongadaptive_rocks|deepstack
STATE:260:cc/cc:Qh|Ks/Ah:-100|100:deepstack|strongadaptive_rocks
STATE:261:cr300f:Ks|As:-100|100:strongadaptive_rocks|deepstack
STATE:262:cc/cc:Qh|Kh/Ah:-100|100:deepstack|strongadaptive_rocks
STATE:263:cr300f:Kh|Ks:-100|100:strongadaptive_rocks|deepstack
STATE:264:cc/r300f:Kh|As/Qh:100|-100:deepstack|strongadaptive_rocks
STATE:265:cr300f:Kh|Qh:-100|100:strongadaptive_rocks|deepstack
STATE:266:cc/cc:Ks|As/Qs:-100|100:deepstack|strongadaptive_rocks
STATE:267:cc/cr300f:Qh|Ks/As:-100|100:strongadaptive_rocks|deepstack
STATE:268:r300c/cr900f:Ah|Ks/Kh:-300|300:deepstack|strongadaptive_rocks
STATE:269:cr300f:Ks|Kh:-100|100:strongadaptive_rocks|deepstack
STATE:270:cc/cc:Ks|Ah/Qh:-100|100:deepstack|strongadaptive_rocks
STATE:271:cc/cc:Ks|Qh/Kh:100|-100:strongadaptive_rocks|deepstack
STATE:272:cc/cr300f:Qs|Ks/Kh:-100|100:deepstack|strongadaptive_rocks
STATE:273:cc/cc:Ks|Qs/Ah:100|-100:strongadaptive_rocks|deepstack
STATE:274:cc/cc:Qh|Ah/Kh:-100|100:deepstack|strongadaptive_rocks
STATE:275:cr300f:Kh|Ah:-100|100:strongadaptive_rocks|deepstack
STATE:276:cc/cc:Kh|As/Ks:100|-100:deepstack|strongadaptive_rocks
STATE:277:cc/cc:Ks|Kh/Ah:0|0:strongadaptive_rocks|deepstack
STATE:278:cc/cc:Qh|Ah/Qs:100|-100:deepstack|strongadaptive_rocks
STATE:279:cr300f:Ks|As:-100|100:strongadaptive_rocks|deepstack
STATE:280:cc/cc:Qs|Qh/As:0|0:deepstack|strongadaptive_rocks
STATE:281:cc/cr300f:As|Qs/Qh:-100|100:strongadaptive_rocks|deepstack
STATE:282:cc/cc:Ah|As/Qh:0|0:deepstack|strongadaptive_rocks
STATE:283:cc/cr300f:Ah|Kh/Qs:-100|100:strongadaptive_rocks|deepstack
STATE:284:r1200f:As|Kh:100|-100:deepstack|strongadaptive_rocks
STATE:285:cr300f:Qs|Ah:-100|100:strongadaptive_rocks|deepstack
STATE:286:cc/cc:Qs|Qh/As:0|0:deepstack|strongadaptive_rocks
STATE:287:cr300r1200f:Ah|Ks:300|-300:strongadaptive_rocks|deepstack
STATE:288:cc/cr300c:Ah|Kh/Ks:-300|300:deepstack|strongadaptive_rocks
STATE:289:cr300r1200c/:As|Ah/Ks:0|0:strongadaptive_rocks|deepstack
STATE:290:r1200f:As|Qs:100|-100:deepstack|strongadaptive_rocks
STATE:291:cr300f:Qs|Ks:-100|100:strongadaptive_rocks|deepstack
STATE:292:r1200c/:As|Ah/Kh:0|0:deepstack|strongadaptive_rocks
STATE:293:cr300r1200f:Ah|Ks:300|-300:strongadaptive_rocks|deepstack
STATE:294:cc/cc:Ks|As/Kh:100|-100:deepstack|strongadaptive_rocks
STATE:295:cr300r1200c/:As|Ah/Kh:0|0:strongadaptive_rocks|deepstack
STATE:296:cc/r300f:Qs|Ah/Kh:100|-100:deepstack|strongadaptive_rocks
STATE:297:cc/cr300f:As|Qs/Qh:-100|100:strongadaptive_rocks|deepstack
STATE:298:cc/r1200f:As|Qh/Ah:100|-100:deepstack|strongadaptive_rocks
STATE:299:cc/cc:Qs|Ks/As:-100|100:strongadaptive_rocks|deepstack
STATE:300:cc/cc:Qh|Qs/Kh:0|0:deepstack|strongadaptive_rocks
STATE:301:cr300f:Qs|As:-100|100:strongadaptive_rocks|deepstack
STATE:302:cc/cr300c:As|Kh/Ks:-300|300:deepstack|strongadaptive_rocks
STATE:303:cc/cc:Qh|Qs/Ks:0|0:strongadaptive_rocks|deepstack
STATE:304:r1200f:Ah|Qs:100|-100:deepstack|strongadaptive_rocks
STATE:305:cc/cr300f:Ah|Qs/Ks:-100|100:strongadaptive_rocks|deepstack
STATE:306:cc/cc:Kh|As/Qs:-100|100:deepstack|strongadaptive_rocks
STATE:307:cr300r1200f:As|Ks:300|-300:strongadaptive_rocks|deepstack
STATE:308:cc/cc:Kh|Ah/Qs:-100|100:deepstack|strongadaptive_rocks
STATE:309:cc/cc:Qh|Kh/Ah:-100|100:strongadaptive_rocks|deepstack
STATE:310:cc/r1200f:Ah|Ks/As:100|-100:deepstack|strongadaptive_rocks
STATE:311:cc/cc:As|Qh/Ks:100|-100:strongadaptive_rocks|deepstack
STATE:312:cc/cc:Ks|As/Kh:100|-100:deepstack|strongadaptive_rocks
STATE:313:cr300f:Ks|Ah:-100|100:strongadaptive_rocks|deepstack
STATE:314:cc/cc:Qh|As/Kh:-100|100:deepstack|strongadaptive_rocks
STATE:315:cr300f:Ks|As:-100|100:strongadaptive_rocks|deepstack
STATE:316:cc/cc:Kh|Ks/Qh:0|0:deepstack|strongadaptive_rocks
STATE:317:cr300f:Kh|Qh:-100|100:strongadaptive_rocks|deepstack
STATE:318:cc/cc:Qh|Kh/Qs:100|-100:deepstack|strongadaptive_rocks
STATE:319:cc/cc:Ks|Qh/Ah:100|-100:strongadaptive_rocks|deepstack
STATE:320:r1200c/:As|Ah/Qs:0|0:deepstack|strongadaptive_rocks
STATE:321:cc/cc:Ks|Kh/Qs:0|0:strongadaptive_rocks|deepstack
STATE:322:cc/r300r1200f:Ks|Qs/Qh:-300|300:deepstack|strongadaptive_rocks
STATE:323:cr300f:Ks|Kh:-100|100:strongadaptive_rocks|deepstack
STATE:324:cc/cc:Kh|Qs/Ks:100|-100:deepstack|strongadaptive_rocks
STATE:325:cr300f:Ks|As:-100|100:strongadaptive_rocks|deepstack
STATE:326:cc/cc:Ks|Ah/Kh:100|-100:deepstack|strongadaptive_rocks
STATE:327:cc/cr300f:Ah|Qs/Qh:-100|100:strongadaptive_rocks|deepstack
STATE:328:cc/cc:Kh|Ks/Qs:0|0:deepstack|strongadaptive_rocks
STATE:329:cr300f:Qs|As:-100|100:strongadaptive_rocks|deepstack
STATE:330:r300c/cr900f:Ah|Kh/Ks:-300|300:deepstack|strongadaptive_rocks
STATE:331:cr300f:Ks|Qh:-100|100:strongadaptive_rocks|deepstack
STATE:332:cc/cc:Ks|Qs/Ah:100|-100:deepstack|strongadaptive_rocks
STATE:333:cr300r1200c/:As|Ah/Qs:0|0:strongadaptive_rocks|deepstack
STATE:334:cc/cc:Ks|Qs/Ah:100|-100:deepstack|strongadaptive_rocks
STATE:335:cc/cc:Ah|Qh/Kh:100|-100:strongadaptive_rocks|deepstack
STATE:336:cc/cc:Qs|Qh/Kh:0|0:deepstack|strongadaptive_rocks
STATE:337:cr300f:Kh|Ah:-100|100:strongadaptive_rocks|deepstack
STATE:338:cc/cc:Kh|Ah/Qh:-100|100:deepstack|strongadaptive_rocks
STATE:339:cc/cr300f:As|Ks/Kh:-100|100:strongadaptive_rocks|deepstack
STATE:340:cc/cc:Ks|Kh/Qs:0|0:deepstack|strongadaptive_rocks
STATE:341:cr300r1200c/:As|Ah/Qh:0|0:strongadaptive_rocks|deepstack
STATE:342:cc/r300r900f:Kh|Ah/As:-300|300:deepstack|strongadaptive_rocks
STATE:343:cr300f:Ks|Qs:-100|100:strongadaptive_rocks|deepstack
STATE:344:cc/cc:As|Ks/Qs:100|-100:deepstack|strongadaptive_rocks
STATE:345:cr300r1200c/:Ah|As/Qs:0|0:strongadaptive_rocks|deepstack
STATE:346:cc/cc:Ks|Qh/Kh:100|-100:deepstack|strongadaptive_rocks
STATE:347:cr300r1200f:As|Ks:300|-300:strongadaptive_rocks|deepstack
STATE:348:cc/r1200f:Qh|Qs/Ah:100|-100:deepstack|strongadaptive_rocks
STATE:349:cr300f:Ks|Ah:-100|100:strongadaptive_rocks|deepstack
STATE:350:cc/cc:Qh|Ks/As:-100|100:deepstack|strongadaptive_rocks
STATE:351:cr300f:Kh|Qh:-100|100:strongadaptive_rocks|deepstack
STATE:352:r300c/cc:Ks|Qs/Ah:300|-300:deepstack|strongadaptive_rocks
STATE:353:cr300f:Kh|Ah:-100|100:strongadaptive_rocks|deepstack
STATE:354:cc/r300f:Qs|Ks/Qh:100|-100:deepstack|strongadaptive_rocks
STATE:355:cr300f:Qh|Ah:-100|100:strongadaptive_rocks|deepstack
STATE:356:r1200f:As|Qs:100|-100:deepstack|strongadaptive_rocks
STATE:357:cc/r300c:Ah|Kh/As:300|-300:strongadaptive_rocks|deepstack
STATE:358:cc/cc:Qs|Kh/Ah:-100|100:deepstack|strongadaptive_rocks
STATE:359:cc/cc:Ah|Qh/Kh:100|-100:strongadaptive_rocks|deepstack
STATE:360:cc/cc:Qh|Ks/As:-100|100:deepstack|strongadaptive_rocks
STATE:361:cr300f:Kh|Qh:-100|100:strongadaptive_rocks|deepstack
STATE:362:cc/cc:Ah|As/Kh:0|0:deepstack|strongadaptive_rocks
STATE:363:cc/cr300f:As|Kh/Ks:-100|100:strongadaptive_rocks|deepstack
STATE:364:cc/r300f:Ah|Ks/As:100|-100:deepstack|strongadaptive_rocks
STATE:365:cc/cr300r1200f:Qs|Ks/Qh:300|-300:strongadaptive_rocks|deepstack
STATE:366:cc/cc:Qh|Kh/Ah:-100|100:deepstack|strongadaptive_rocks
STATE:367:cc/cr300f:Kh|Qh/Qs:-100|100:strongadaptive_rocks|deepstack
STATE:368:cc/r300f:Ks|Qs/As:100|-100:deepstack|strongadaptive_rocks
STATE:369:cr300f:Kh|As:-100|100:strongadaptive_rocks|deepstack
STATE:370:cc/r1200f:Ah|Qh/As:100|-100:deepstack|strongadaptive_rocks
STATE:371:cr300f:Kh|Ks:-100|100:strongadaptive_rocks|deepstack
STATE:372:cc/cc:Ah|As/Ks:0|0:deepstack|strongadaptive_rocks
STATE:373:cc/cr300f:Qh|Ks/Kh:-100|100:strongadaptive_rocks|deepstack
STATE:374:cc/cc:Ah|Qh/Ks:100|-100:deepstack|strongadaptive_rocks
STATE:375:cc/cc:Ah|Qh/Kh:100|-100:strongadaptive_rocks|deepstack
STATE:376:cc/cc:Ks|As/Qs:-100|100:deepstack|strongadaptive_rocks
STATE:377:cc/cc:Kh|Qh/Ks:100|-100:strongadaptive_rocks|deepstack
STATE:378:r300c/cc:As|Kh/Qh:300|-300:deepstack|strongadaptive_rocks
STATE:379:cc/cc:Ks|As/Kh:100|-100:strongadaptive_rocks|deepstack
STATE:380:cc/cc:Ah|Qh/Kh:100|-100:deepstack|strongadaptive_rocks
STATE:381:cc/r300f:Ah|Ks/As:100|-100:strongadaptive_rocks|deepstack
STATE:382:cc/cc:Qh|As/Ks:-100|100:deepstack|strongadaptive_rocks
STATE:383:cc/cc:Ks|As/Qh:-100|100:strongadaptive_rocks|deepstack
STATE:384:cc/cr300f:Ah|Qs/Qh:-100|100:deepstack|strongadaptive_rocks
STATE:385:cc/cr300f:Ah|Kh/Ks:-100|100:strongadaptive_rocks|deepstack
STATE:386:cc/cr300f:Ah|Qs/Qh:-100|100:deepstack|strongadaptive_rocks
STATE:387:cc/cc:Qh|Kh/As:-100|100:strongadaptive_rocks|deepstack
STATE:388:r1200f:As|Qs:100|-100:deepstack|strongadaptive_rocks
STATE:389:cc/cr300r1200f:Ks|Qh/Kh:300|-300:strongadaptive_rocks|deepstack
STATE:390:cc/cc:Ks|As/Qh:-100|100:deepstack|strongadaptive_rocks
STATE:391:cr300f:Ks|As:-100|100:strongadaptive_rocks|deepstack
STATE:392:r1200f:As|Ks:100|-100:deepstack|strongadaptive_rocks
STATE:393:cr300f:Kh|As:-100|100:strongadaptive_rocks|deepstack
STATE:394:cc/cc:Qs|As/Kh:-100|100:deepstack|strongadaptive_rocks
STATE:395:cr300f:Kh|As:-100|100:strongadaptive_rocks|deepstack
STATE:396:cc/cr300f:Ks|Qs/Qh:-100|100:deepstack|strongadaptive_rocks
STATE:397:cc/cr300f:Ah|Kh/Ks:-100|100:strongadaptive_rocks|deepstack
STATE:398:cc/r300f:Qs|Ks/Ah:100|-100:deepstack|strongadaptive_rocks
STATE:399:cr300f:Qh|Ah:-100|100:strongadaptive_rocks|deepstack
STATE:400:cc/cr300f:Ah|Kh/Ks:-100|100:deepstack|strongadaptive_rocks
STATE:401:cr300f:Qh|Ah:-100|100:strongadaptive_rocks|deepstack
STATE:402:r300r1200f:Qh|Ah:-300|300:deepstack|strongadaptive_rocks
STATE:403:cr300f:Kh|Qs:-100|100:strongadaptive_rocks|deepstack
STATE:404:cc/cr300f:As|Qh/Qs:-100|100:deepstack|strongadaptive_rocks
STATE:405:cc/cc:Qs|Ah/Ks:-100|100:strongadaptive_rocks|deepstack
STATE:406:cc/cc:Ah|Kh/Qs:100|-100:deepstack|strongadaptive_rocks
STATE:407:cr300f:Qs|As:-100|100:strongadaptive_rocks|deepstack
STATE:408:cc/r300f:Ks|Qs/As:100|-100:deepstack|strongadaptive_rocks
STATE:409:cr300r1200f:Ah|Qs:300|-300:strongadaptive_rocks|deepstack
STATE:410:r1200f:As|Kh:100|-100:deepstack|strongadaptive_rocks
STATE:411:cr300f:Ks|Qs:-100|100:strongadaptive_rocks|deepstack
STATE:412:cc/cc:Qs|Kh/Ah:-100|100:deepstack|strongadaptive_rocks
STATE:413:cc/cr300f:Kh|Ks/Qh:-100|100:strongadaptive_rocks|deepstack
STATE:414:cc/cc:Kh|Qh/Ks:100|-100:deepstack|strongadaptive_rocks
STATE:415:cc/cr300f:Qh|Ks/Kh:-100|100:strongadaptive_rocks|deepstack
STATE:416:cc/cc:Qh|Qs/Ah:0|0:deepstack|strongadaptive_rocks
STATE:417:cr300f:Kh|As:-100|100:strongadaptive_rocks|deepstack
STATE:418:cc/r300f:Ah|Ks/As:100|-100:deepstack|strongadaptive_rocks
STATE:419:cc/r300f:Ah|Qs/As:100|-100:strongadaptive_rocks|deepstack
STATE:420:cc/cc:Qs|Ks/As:-100|100:deepstack|strongadaptive_rocks
STATE:421:cc/r1200f:As|Ks/Ah:100|-100:strongadaptive_rocks|deepstack
STATE:422:cc/r300f:Qs|Ah/Qh:100|-100:deepstack|strongadaptive_rocks
STATE:423:cr300f:Kh|Ks:-100|100:strongadaptive_rocks|deepstack
STATE:424:cc/cr300f:As|Qs/Qh:-100|100:deepstack|strongadaptive_rocks
STATE:425:cc/cc:Qs|As/Kh:-100|100:strongadaptive_rocks|deepstack
STATE:426:cc/cc:Qs|Ah/Ks:-100|100:deepstack|strongadaptive_rocks
STATE:427:cc/cc:Qs|Kh/Qh:100|-100:strongadaptive_rocks|deepstack
STATE:428:r1200f:As|Qs:100|-100:deepstack|strongadaptive_rocks
STATE:429:cr300f:Kh|Ah:-100|100:strongadaptive_rocks|deepstack
STATE:430:cc/cc:Qh|Ks/Qs:100|-100:deepstack|strongadaptive_rocks
STATE:431:cc/cc:As|Qs/Kh:100|-100:strongadaptive_rocks|deepstack
STATE:432:cc/cc:Kh|Ks/Ah:0|0:deepstack|strongadaptive_rocks
STATE:433:cr300r1200f:Ah|Qh:300|-300:strongadaptive_rocks|deepstack
STATE:434:cc/cc:Ah|Qh/Ks:100|-100:deepstack|strongadaptive_rocks
STATE:435:cc/cc:Qh|Ah/Ks:-100|100:strongadaptive_rocks|deepstack
STATE:436:r300c/cc:As|Kh/Qs:300|-300:deepstack|strongadaptive_rocks
STATE:437:cc/r300f:Ah|Qh/As:100|-100:strongadaptive_rocks|deepstack
STATE:438:cc/cr300f:Ah|Qs/Qh:-100|100:deepstack|strongadaptive_rocks
STATE:439:cr300f:Kh|Qh:-100|100:strongadaptive_rocks|deepstack
STATE:440:cc/r300f:Ah|Ks/As:100|-100:deepstack|strongadaptive_rocks
STATE:441:cc/cr300c:Kh|Ah/As:-300|300:strongadaptive_rocks|deepstack
STATE:442:cc/cc:Ah|Kh/Qs:100|-100:deepstack|strongadaptive_rocks
STATE:443:cc/cr300f:Ah|Ks/Kh:-100|100:strongadaptive_rocks|deepstack
STATE:444:cc/cc:Kh|As/Qs:-100|100:deepstack|strongadaptive_rocks
STATE:445:cr300r1200f:Ah|Qh:300|-300:strongadaptive_rocks|deepstack
STATE:446:cc/r300f:Kh|Ah/Ks:100|-100:deepstack|strongadaptive_rocks
STATE:447:cc/cc:Ah|Qs/Ks:100|-100:strongadaptive_rocks|deepstack
STATE:448:cc/r300f:Ah|Ks/As:100|-100:deepstack|strongadaptive_rocks
STATE:449:cr300f:Qh|Ks:-100|100:strongadaptive_rocks|deepstack
STATE:450:cc/cc:Qs|As/Kh:-100|100:deepstack|strongadaptive_rocks
STATE:451:cc/cc:Qh|Qs/As:0|0:strongadaptive_rocks|deepstack
STATE:452:r300c/r900f:Kh|Qh/Ah:300|-300:deepstack|strongadaptive_rocks
STATE:453:cr300f:Kh|Ks:-100|100:strongadaptive_rocks|deepstack
STATE:454:cc/cc:Kh|Ah/Ks:100|-100:deepstack|strongadaptive_rocks
STATE:455:cr300f:Qs|Qh:-100|100:strongadaptive_rocks|deepstack
STATE:456:cc/cc:Ah|As/Ks:0|0:deepstack|strongadaptive_rocks
STATE:457:cc/cc:Qs|Kh/Qh:100|-100:strongadaptive_rocks|deepstack
STATE:458:cc/cc:Qs|As/Kh:-100|100:deepstack|strongadaptive_rocks
STATE:459:cr300f:Ks|Ah:-100|100:strongadaptive_rocks|deepstack
STATE:460:cc/r300r900r1200c:Kh|As/Ah:-1200|1200:deepstack|strongadaptive_rocks
STATE:461:cr300f:Qh|As:-100|100:strongadaptive_rocks|deepstack
STATE:462:cc/cc:As|Ah/Qs:0|0:deepstack|strongadaptive_rocks
STATE:463:cc/cc:Ah|Qh/Ks:100|-100:strongadaptive_rocks|deepstack
STATE:464:r1200f:As|Ks:100|-100:deepstack|strongadaptive_rocks
STATE:465:cr300f:Qh|Ks:-100|100:strongadaptive_rocks|deepstack
STATE:466:cc/cc:Ah|Kh/Qh:100|-100:deepstack|strongadaptive_rocks
STATE:467:cc/r1200f:As|Qs/Ah:100|-100:strongadaptive_rocks|deepstack
STATE:468:cc/cr300f:Ks|Qs/Qh:-100|100:deepstack|strongadaptive_rocks
STATE:469:cc/cr300f:Kh|Qs/Qh:-100|100:strongadaptive_rocks|deepstack
STATE:470:cc/cc:Ks|Qs/Kh:100|-100:deepstack|strongadaptive_rocks
STATE:471:cc/cc:Kh|Qs/As:100|-100:strongadaptive_rocks|deepstack
STATE:472:cc/cc:Ks|As/Qs:-100|100:deepstack|strongadaptive_rocks
STATE:473:cc/cr300f:Kh|Qh/Qs:-100|100:strongadaptive_rocks|deepstack
STATE:474:r1200f:As|Kh:100|-100:deepstack|strongadaptive_rocks
STATE:475:cc/cc:Ah|Qs/Kh:100|-100:strongadaptive_rocks|deepstack
STATE:476:cc/cc:Ah|Ks/Qh:100|-100:deepstack|strongadaptive_rocks
STATE:477:cc/cc:Kh|Qs/Ks:100|-100:strongadaptive_rocks|deepstack
STATE:478:cc/cc:Qh|Kh/Qs:100|-100:deepstack|strongadaptive_rocks
STATE:479:cc/cr300r900f:Qh|Ks/Qs:300|-300:strongadaptive_rocks|deepstack
STATE:480:r1200f:As|Ks:100|-100:deepstack|strongadaptive_rocks
STATE:481:cr300f:Kh|Ah:-100|100:strongadaptive_rocks|deepstack
STATE:482:cc/r300f:Qs|As/Ks:100|-100:deepstack|strongadaptive_rocks
STATE:483:cc/cr300f:As|Kh/Ks:-100|100:strongadaptive_rocks|deepstack
STATE:484:cc/cc:Ks|Ah/Qs:-100|100:deepstack|strongadaptive_rocks
STATE:485:cr300f:Qh|Kh:-100|100:strongadaptive_rocks|deepstack
STATE:486:cc/cr300f:Qs|Ks/Kh:-100|100:deepstack|strongadaptive_rocks
STATE:487:cr300r1200c/:As|Ah/Qh:0|0:strongadaptive_rocks|deepstack
STATE:488:cc/cc:Ks|Ah/Qh:-100|100:deepstack|strongadaptive_rocks
STATE:489:cc/cr300f:Ah|Kh/Ks:-100|100:strongadaptive_rocks|deepstack
STATE:490:cc/cr300f:Ks|As/Ah:-100|100:deepstack|strongadaptive_rocks
STATE:491:cc/r300c:Ah|Ks/As:300|-300:strongadaptive_rocks|deepstack
STATE:492:cc/cc:Ks|Ah/Qh:-100|100:deepstack|strongadaptive_rocks
STATE:493:cc/cc:Qs|Kh/Ah:-100|100:strongadaptive_rocks|deepstack
STATE:494:cc/cc:Ks|As/Qs:-100|100:deepstack|strongadaptive_rocks
STATE:495:cc/cc:As|Ks/Qs:100|-100:strongadaptive_rocks|deepstack
STATE:496:cc/cc:Qh|As/Kh:-100|100:deepstack|strongadaptive_rocks
STATE:497:cc/r300c:Ah|Kh/As:300|-300:strongadaptive_rocks|deepstack
STATE:498:cc/cc:Ah|Kh/Qs:100|-100:deepstack|strongadaptive_rocks
STATE:499:cc/cc:As|Ah/Qh:0|0:strongadaptive_rocks|deepstack
STATE:500:cc/r300r900f:Ks|Ah/As:-300|300:deepstack|strongadaptive_rocks
STATE:501:cr300r1200f:Ah|Qs:300|-300:strongadaptive_rocks|deepstack
STATE:502:cc/cc:Ah|Qs/Kh:100|-100:deepstack|strongadaptive_rocks
STATE:503:cr300f:Ks|Ah:-100|100:strongadaptive_rocks|deepstack
STATE:504:cc/cc:Ah|Qs/Ks:100|-100:deepstack|strongadaptive_rocks
STATE:505:cr300f:Qh|Ah:-100|100:strongadaptive_rocks|deepstack
STATE:506:cc/cc:Ah|Kh/Qs:100|-100:deepstack|strongadaptive_rocks
STATE:507:cc/cr300r1200f:Qs|Ks/Qh:300|-300:strongadaptive_rocks|deepstack
STATE:508:cc/cc:Kh|Ah/Qs:-100|100:deepstack|strongadaptive_rocks
STATE:509:cc/cr300f:Ah|Qh/Kh:-100|100:strongadaptive_rocks|deepstack
STATE:510:cc/cc:Qs|Ah/Kh:-100|100:deepstack|strongadaptive_rocks
STATE:511:cr300f:Qs|Ah:-100|100:strongadaptive_rocks|deepstack
STATE:512:cc/r300f:Kh|Ks/As:100|-100:deepstack|strongadaptive_rocks
STATE:513:cc/cc:Ks|Qh/As:100|-100:strongadaptive_rocks|deepstack
STATE:514:cc/cc:Ks|Qh/Kh:100|-100:deepstack|strongadaptive_rocks
STATE:515:cc/r300c:Ah|Ks/As:300|-300:strongadaptive_rocks|deepstack
STATE:516:cc/cc:Ks|Kh/Qh:0|0:deepstack|strongadaptive_rocks
STATE:517:cr300f:Kh|Qh:-100|100:strongadaptive_rocks|deepstack
STATE:518:cc/cc:Kh|Ah/Qs:-100|100:deepstack|strongadaptive_rocks
STATE:519:cc/cc:Qs|Kh/Ah:-100|100:strongadaptive_rocks|deepstack
STATE:520:cc/r1200f:Ah|Kh/As:100|-100:deepstack|strongadaptive_rocks
STATE:521:cr300r1200f:As|Kh:300|-300:strongadaptive_rocks|deepstack
STATE:522:cc/cc:Qh|As/Kh:-100|100:deepstack|strongadaptive_rocks
STATE:523:cc/cc:Ks|Kh/As:0|0:strongadaptive_rocks|deepstack
STATE:524:cc/cc:Ks|Qh/Ah:100|-100:deepstack|strongadaptive_rocks
STATE:525:cr300f:Qs|As:-100|100:strongadaptive_rocks|deepstack
STATE:526:cc/cc:Ks|Ah/Qh:-100|100:deepstack|strongadaptive_rocks
STATE:527:cr300f:Kh|As:-100|100:strongadaptive_rocks|deepstack
STATE:528:cc/cc:Ks|Qh/Ah:100|-100:deepstack|strongadaptive_rocks
STATE:529:cr300f:Kh|As:-100|100:strongadaptive_rocks|deepstack
STATE:530:r1200f:Ah|Ks:100|-100:deepstack|strongadaptive_rocks
STATE:531:cr300f:Qh|Ah:-100|100:strongadaptive_rocks|deepstack
STATE:532:r1200c/:As|Ah/Qh:0|0:deepstack|strongadaptive_rocks
STATE:533:cr300f:Qs|Ah:-100|100:strongadaptive_rocks|deepstack
STATE:534:cc/cc:Ah|Ks/Qs:100|-100:deepstack|strongadaptive_rocks
STATE:535:cr300f:Ks|Ah:-100|100:strongadaptive_rocks|deepstack
STATE:536:r1200f:As|Qh:100|-100:deepstack|strongadaptive_rocks
STATE:537:cr300f:Kh|As:-100|100:strongadaptive_rocks|deepstack
STATE:538:cc/r300r900c:Ks|Ah/As:-900|900:deepstack|strongadaptive_rocks
STATE:539:cr300f:Kh|As:-100|100:strongadaptive_rocks|deepstack
STATE:540:cc/cc:Ks|Kh/Ah:0|0:deepstack|strongadaptive_rocks
STATE:541:cr300f:Ks|As:-100|100:strongadaptive_rocks|deepstack
STATE:542:cc/cc:Qh|Ah/Kh:-100|100:deepstack|strongadaptive_rocks
STATE:543:cc/cc:Qs|Ks/As:-100|100:strongadaptive_rocks|deepstack
STATE:544:r1200f:As|Qh:100|-100:deepstack|strongadaptive_rocks
STATE:545:cr300r1200f:Ah|Qh:300|-300:strongadaptive_rocks|deepstack
STATE:546:r300c/r1200f:Ks|Qs/Ah:300|-300:deepstack|strongadaptive_rocks
STATE:547:cc/r300c:Ah|Kh/As:300|-300:strongadaptive_rocks|deepstack
STATE:548:cc/cc:Ks|Kh/Qh:0|0:deepstack|strongadaptive_rocks
STATE:549:cr300f:Qs|Qh:-100|100:strongadaptive_rocks|deepstack
STATE:550:cc/cc:Qs|Kh/Qh:100|-100:deepstack|strongadaptive_rocks
STATE:551:cc/r1200f:As|Kh/Ah:100|-100:strongadaptive_rocks|deepstack
STATE:552:cc/cc:Qh|Qs/Ah:0|0:deepstack|strongadaptive_rocks
STATE:553:cc/cc:Qs|Qh/Ks:0|0:strongadaptive_rocks|deepstack
STATE:554:cc/cc:Kh|Ah/Qh:-100|100:deepstack|strongadaptive_rocks
STATE:555:cc/cc:Kh|Ks/Qs:0|0:strongadaptive_rocks|deepstack
STATE:556:r1200f:As|Kh:100|-100:deepstack|strongadaptive_rocks
STATE:557:cc/cc:As|Qh/Ks:100|-100:strongadaptive_rocks|deepstack
STATE:558:cc/r300r900f:Ks|Ah/As:-300|300:deepstack|strongadaptive_rocks
STATE:559:cr300f:Kh|Ah:-100|100:strongadaptive_rocks|deepstack
STATE:560:r300c/r1200f:Ah|Qh/As:300|-300:deepstack|strongadaptive_rocks
STATE:561:cc/cc:Qh|Ks/Ah:-100|100:strongadaptive_rocks|deepstack
STATE:562:cc/r300f:Kh|Qs/As:100|-100:deepstack|strongadaptive_rocks
STATE:563:cr300f:Qs|Ah:-100|100:strongadaptive_rocks|deepstack
STATE:564:cc/cc:Ks|Ah/Qs:-100|100:deepstack|strongadaptive_rocks
STATE:565:cr300r1200f:Ah|Ks:300|-300:strongadaptive_rocks|deepstack
STATE:566:cc/r300r900f:Kh|Ah/As:-300|300:deepstack|strongadaptive_rocks
STATE:567:cc/cc:Ah|Ks/Qs:100|-100:strongadaptive_rocks|deepstack
STATE:568:cc/r300f:Ah|Ks/As:100|-100:deepstack|strongadaptive_rocks
STATE:569:cc/cc:Qs|Qh/Ks:0|0:strongadaptive_rocks|deepstack
STATE:570:cc/cc:Qh|Ah/Ks:-100|100:deepstack|strongadaptive_rocks
STATE:571:cr300f:Ks|Ah:-100|100:strongadaptive_rocks|deepstack
STATE:572:cc/cc:Kh|Qs/Ks:100|-100:deepstack|strongadaptive_rocks
STATE:573:cc/cc:As|Ah/Ks:0|0:strongadaptive_rocks|deepstack
STATE:574:r1200f:As|Qs:100|-100:deepstack|strongadaptive_rocks
STATE:575:cr300f:Kh|Ah:-100|100:strongadaptive_rocks|deepstack
STATE:576:cc/r1200f:As|Ks/Ah:100|-100:deepstack|strongadaptive_rocks
STATE:577:cc/cr300f:Ah|Ks/Kh:-100|100:strongadaptive_rocks|deepstack
STATE:578:cc/cc:Qs|Ah/Ks:-100|100:deepstack|strongadaptive_rocks
STATE:579:cr300f:Qh|Ah:-100|100:strongadaptive_rocks|deepstack
STATE:580:cc/cc:Ah|Qs/Ks:100|-100:deepstack|strongadaptive_rocks
STATE:581:cc/cc:Kh|Ks/Ah:0|0:strongadaptive_rocks|deepstack
STATE:582:cc/cc:Qs|As/Ks:-100|100:deepstack|strongadaptive_rocks
STATE:583:cc/cr1200f:Kh|Ah/As:-100|100:strongadaptive_rocks|deepstack
STATE:584:cc/cr300f:Qs|As/Ah:-100|100:deepstack|strongadaptive_rocks
STATE:585:cc/cc:Kh|Ah/Qs:-100|100:strongadaptive_rocks|deepstack
STATE:586:cc/cc:Qs|Kh/Qh:100|-100:deepstack|strongadaptive_rocks
STATE:587:cr300r1200c/:Ah|As/Qh:0|0:strongadaptive_rocks|deepstack
STATE:588:cc/cc:Ah|As/Qs:0|0:deepstack|strongadaptive_rocks
STATE:589:cr300r1200c/:Ah|As/Qs:0|0:strongadaptive_rocks|deepstack
STATE:590:cc/cc:Kh|Ks/Ah:0|0:deepstack|strongadaptive_rocks
STATE:591:cc/cc:Qs|Ks/As:-100|100:strongadaptive_rocks|deepstack
STATE:592:cc/cc:Ah|As/Kh:0|0:deepstack|strongadaptive_rocks
STATE:593:cr300r1200f:Ah|Qs:300|-300:strongadaptive_rocks|deepstack
STATE:594:r1200c/:As|Ah/Qs:0|0:deepstack|strongadaptive_rocks
STATE:595:cc/cc:Qs|Qh/As:0|0:strongadaptive_rocks|deepstack
STATE:596:cc/r300f:Kh|Qh/As:100|-100:deepstack|strongadaptive_rocks
STATE:597:cc/cc:Qh|As/Qs:100|-100:strongadaptive_rocks|deepstack
STATE:598:cc/cc:Ah|Kh/Qs:100|-100:deepstack|strongadaptive_rocks
STATE:599:cr300r1200f:As|Ks:300|-300:strongadaptive_rocks|deepstack
STATE:600:cc/cc:Ah|Ks/Qs:100|-100:deepstack|strongadaptive_rocks
STATE:601:cc/cc:Ah|Qh/Kh:100|-100:strongadaptive_rocks|deepstack
STATE:602:cc/r300f:Ks|Ah/Kh:100|-100:deepstack|strongadaptive_rocks
STATE:603:cr300r1200c/:Ah|As/Ks:0|0:strongadaptive_rocks|deepstack
STATE:604:cc/cc:Qh|Ah/Qs:100|-100:deepstack|strongadaptive_rocks
STATE:605:cr300f:Qs|Qh:-100|100:strongadaptive_rocks|deepstack
STATE:606:r1200f:Ah|Qh:100|-100:deepstack|strongadaptive_rocks
STATE:607:cr300f:Ks|Ah:-100|100:strongadaptive_rocks|deepstack
STATE:608:cc/cc:Ah|As/Ks:0|0:deepstack|strongadaptive_rocks
STATE:609:cc/r1200f:As|Qh/Ah:100|-100:strongadaptive_rocks|deepstack
STATE:610:cc/cc:Qs|Ah/Qh:100|-100:deepstack|strongadaptive_rocks
STATE:611:cc/cr300f:As|Qs/Qh:-100|100:strongadaptive_rocks|deepstack
STATE:612:cc/cc:Kh|Ks/Qs:0|0:deepstack|strongadaptive_rocks
STATE:613:cr300r1200f:Ah|Ks:300|-300:strongadaptive_rocks|deepstack
STATE:614:cc/cc:Ah|As/Ks:0|0:deepstack|strongadaptive_rocks
STATE:615:cr300f:Ks|Qs:-100|100:strongadaptive_rocks|deepstack
STATE:616:r1200c/:As|Ah/Qh:0|0:deepstack|strongadaptive_rocks
STATE:617:cc/cr300f:Kh|Qs/Qh:-100|100:strongadaptive_rocks|deepstack
STATE:618:r1200c/:As|Ah/Qs:0|0:deepstack|strongadaptive_rocks
STATE:619:cr300r1200c/:Ah|As/Ks:0|0:strongadaptive_rocks|deepstack
STATE:620:cc/cc:Qs|As/Ks:-100|100:deepstack|strongadaptive_rocks
STATE:621:cr300f:Qh|As:-100|100:strongadaptive_rocks|deepstack
STATE:622:cc/r1200f:Ah|Kh/As:100|-100:deepstack|strongadaptive_rocks
STATE:623:cc/cc:Qh|Ks/Ah:-100|100:strongadaptive_rocks|deepstack
STATE:624:r300r1200f:Kh|Ah:-300|300:deepstack|strongadaptive_rocks
STATE:625:cc/cc:Ks|As/Kh:100|-100:strongadaptive_rocks|deepstack
STATE:626:cc/cc:Qh|Kh/Qs:100|-100:deepstack|strongadaptive_rocks
STATE:627:cr300f:Ks|As:-100|100:strongadaptive_rocks|deepstack
STATE:628:cc/cc:Ks|Qs/Ah:100|-100:deepstack|strongadaptive_rocks
STATE:629:cc/cc:Qh|Ks/Ah:-100|100:strongadaptive_rocks|deepstack
STATE:630:cc/cc:Kh|As/Ks:100|-100:deepstack|strongadaptive_rocks
STATE:631:cc/cc:Ah|Qh/Ks:100|-100:strongadaptive_rocks|deepstack
STATE:632:cc/cc:Kh|As/Qs:-100|100:deepstack|strongadaptive_rocks
STATE:633:cc/cc:Qs|Kh/As:-100|100:strongadaptive_rocks|deepstack
STATE:634:cc/cr300f:Ks|Qs/Qh:-100|100:deepstack|strongadaptive_rocks
STATE:635:cc/cc:Qh|Ah/Qs:100|-100:strongadaptive_rocks|deepstack
STATE:636:cc/cc:Qh|Ah/Qs:100|-100:deepstack|strongadaptive_rocks
STATE:637:cc/cr300f:Ks|Qh/Qs:-100|100:strongadaptive_rocks|deepstack
STATE:638:cc/cr300f:Kh|Qs/Qh:-100|100:deepstack|strongadaptive_rocks
STATE:639:cr300r1200c/:Ah|As/Qh:0|0:strongadaptive_rocks|deepstack
STATE:640:r1200f:As|Qs:100|-100:deepstack|strongadaptive_rocks
STATE:641:cc/cr300f:As|Qs/Qh:-100|100:strongadaptive_rocks|deepstack
STATE:642:cc/cc:Qs|Kh/Ah:-100|100:deepstack|strongadaptive_rocks
STATE:643:cc/cc:Ks|As/Qh:-100|100:strongadaptive_rocks|deepstack
STATE:644:cc/r300f:Qs|Qh/Kh:100|-100:deepstack|strongadaptive_rocks
STATE:645:cr300f:Qh|Kh:-100|100:strongadaptive_rocks|deepstack
STATE:646:cc/cr300f:Ks|Qs/Qh:-100|100:deepstack|strongadaptive_rocks
STATE:647:cc/r1200f:As|Qh/Ah:100|-100:strongadaptive_rocks|deepstack
STATE:648:cc/r1200f:Ks|Qs/As:100|-100:deepstack|strongadaptive_rocks
STATE:649:cr300f:Kh|Qh:-100|100:strongadaptive_rocks|deepstack
STATE:650:cc/cc:Qs|Qh/Ks:0|0:deepstack|strongadaptive_rocks
STATE:651:cr300f:Qs|Ah:-100|100:strongadaptive_rocks|deepstack
STATE:652:cc/r300f:Qh|Ks/Qs:100|-100:deepstack|strongadaptive_rocks
STATE:653:cr300f:Kh|Qs:-100|100:strongadaptive_rocks|deepstack
STATE:654:cc/r300r1200f:Qh|Ks/Kh:-300|300:deepstack|strongadaptive_rocks
STATE:655:cc/cr300f:Qs|Kh/Ks:-100|100:strongadaptive_rocks|deepstack
STATE:656:cc/r300f:Ks|Qs/As:100|-100:deepstack|strongadaptive_rocks
STATE:657:cc/cc:Qh|Kh/Ah:-100|100:strongadaptive_rocks|deepstack
STATE:658:cc/cr300f:Qh|Ks/Kh:-100|100:deepstack|strongadaptive_rocks
STATE:659:cc/cr1200f:Ks|Qs/Ah:-100|100:strongadaptive_rocks|deepstack
STATE:660:cc/cc:As|Kh/Qs:100|-100:deepstack|strongadaptive_rocks
STATE:661:cc/cc:Qs|As/Qh:100|-100:strongadaptive_rocks|deepstack
STATE:662:cc/r300f:Ah|Qh/As:100|-100:deepstack|strongadaptive_rocks
STATE:663:cr300f:Qs|Ah:-100|100:strongadaptive_rocks|deepstack
STATE:664:cc/cr300f:Qs|As/Ah:-100|100:deepstack|strongadaptive_rocks
STATE:665:cr300f:Qs|Ah:-100|100:strongadaptive_rocks|deepstack
STATE:666:cc/cc:As|Qs/Ks:100|-100:deepstack|strongadaptive_rocks
STATE:667:cc/cc:Qs|As/Kh:-100|100:strongadaptive_rocks|deepstack
STATE:668:cc/cr300f:Qs|Kh/Ks:-100|100:deepstack|strongadaptive_rocks
STATE:669:cc/cc:Kh|Qh/As:100|-100:strongadaptive_rocks|deepstack
STATE:670:cc/r300f:Qs|Ah/Qh:100|-100:deepstack|strongadaptive_rocks
STATE:671:cr300r1200f:Ah|Kh:300|-300:strongadaptive_rocks|deepstack
STATE:672:cc/r300r900f:Ks|Ah/As:-300|300:deepstack|strongadaptive_rocks
STATE:673:cc/cc:Qh|Qs/Ah:0|0:strongadaptive_rocks|deepstack
STATE:674:cc/cc:Ks|As/Qs:-100|100:deepstack|strongadaptive_rocks
STATE:675:cr300f:Qh|Ah:-100|100:strongadaptive_rocks|deepstack
STATE:676:cc/cc:Kh|As/Ks:100|-100:deepstack|strongadaptive_rocks
STATE:677:cr300r1200c/:As|Ah/Kh:0|0:strongadaptive_rocks|deepstack
STATE:678:cc/cr300c:Ah|Kh/Ks:-300|300:deepstack|strongadaptive_rocks
STATE:679:cc/cr300f:Ah|Kh/Ks:-100|100:strongadaptive_rocks|deepstack
STATE:680:r1200f:As|Ks:100|-100:deepstack|strongadaptive_rocks
STATE:681:cr300r1200c/:Ah|As/Ks:0|0:strongadaptive_rocks|deepstack
STATE:682:r1200f:As|Qs:100|-100:deepstack|strongadaptive_rocks
STATE:683:cc/cc:Qh|Qs/Kh:0|0:strongadaptive_rocks|deepstack
STATE:684:r1200c/:As|Ah/Qs:0|0:deepstack|strongadaptive_rocks
STATE:685:cr300f:Kh|As:-100|100:strongadaptive_rocks|deepstack
STATE:686:r1200f:As|Qs:100|-100:deepstack|strongadaptive_rocks
STATE:687:cc/cr300f:Ah|Ks/Kh:-100|100:strongadaptive_rocks|deepstack
STATE:688:cc/cc:Qs|Ah/Kh:-100|100:deepstack|strongadaptive_rocks
STATE:689:cr300f:Ks|Kh:-100|100:strongadaptive_rocks|deepstack
STATE:690:cc/cc:Ks|Qh/Ah:100|-100:deepstack|strongadaptive_rocks
STATE:691:cc/cc:Ah|As/Qh:0|0:strongadaptive_rocks|deepstack
STATE:692:cc/cr300f:Qh|Ks/Kh:-100|100:deepstack|strongadaptive_rocks
STATE:693:cc/cc:Kh|Ah/Ks:100|-100:strongadaptive_rocks|deepstack
STATE:694:r1200f:Ah|Qh:100|-100:deepstack|strongadaptive_rocks
STATE:695:cc/cc:Ks|As/Kh:100|-100:strongadaptive_rocks|deepstack
STATE:696:cc/cc:Qh|Qs/Ks:0|0:deepstack|strongadaptive_rocks
STATE:697:cc/cc:Qh|Ks/Ah:-100|100:strongadaptive_rocks|deepstack
STATE:698:r1200f:As|Qs:100|-100:deepstack|strongadaptive_rocks
STATE:699:cc/cr300f:Qs|Ks/Kh:-100|100:strongadaptive_rocks|deepstack
STATE:700:cc/cc:Kh|Ks/Ah:0|0:deepstack|strongadaptive_rocks
STATE:701:cr300f:Qh|As:-100|100:strongadaptive_rocks|deepstack
STATE:702:r1200f:As|Kh:100|-100:deepstack|strongadaptive_rocks
STATE:703:cr300f:Kh|As:-100|100:strongadaptive_rocks|deepstack
STATE:704:cc/r300f:Kh|Qh/Ks:100|-100:deepstack|strongadaptive_rocks
STATE:705:cr300r1200c/:Ah|As/Qs:0|0:strongadaptive_rocks|deepstack
STATE:706:cc/cc:Kh|As/Qh:-100|100:deepstack|strongadaptive_rocks
STATE:707:cr300r1200c/:Ah|As/Qh:0|0:strongadaptive_rocks|deepstack
STATE:708:cc/r300f:Kh|Ah/Ks:100|-100:deepstack|strongadaptive_rocks
STATE:709:cc/cr1200f:Qh|As/Ah:-100|100:strongadaptive_rocks|deepstack
STATE:710:cc/r1200f:Qs|Qh/Ah:100|-100:deepstack|strongadaptive_rocks
STATE:711:cc/cr300f:Qh|Kh/As:-100|100:strongadaptive_rocks|deepstack
STATE:712:cc/cr300c:As|Qh/Qs:-300|300:deepstack|strongadaptive_rocks
STATE:713:cc/cr300f:Ah|Qh/Qs:-100|100:strongadaptive_rocks|deepstack
STATE:714:cc/cc:Qh|As/Kh:-100|100:deepstack|strongadaptive_rocks
STATE:715:cr300f:Kh|As:-100|100:strongadaptive_rocks|deepstack
STATE:716:cc/cc:Qs|Qh/Ah:0|0:deepstack|strongadaptive_rocks
STATE:717:cc/cr300f:Qs|Qh/Ks:-100|100:strongadaptive_rocks|deepstack
STATE:718:r1200f:As|Kh:100|-100:deepstack|strongadaptive_rocks
STATE:719:cc/cr300f:Ah|Kh/Ks:-100|100:strongadaptive_rocks|deepstack
STATE:720:cc/cc:Qs|Ks/As:-100|100:deepstack|strongadaptive_rocks
STATE:721:cr300f:Qs|Ks:-100|100:strongadaptive_rocks|deepstack
STATE:722:cc/cr300c:Ah|Kh/Ks:-300|300:deepstack|strongadaptive_rocks
STATE:723:cr300f:Qh|As:-100|100:strongadaptive_rocks|deepstack
STATE:724:cc/r300r900f:Ks|Ah/As:-300|300:deepstack|strongadaptive_rocks
STATE:725:cc/cc:Qh|Kh/Ah:-100|100:strongadaptive_rocks|deepstack
STATE:726:cc/cc:Ks|Ah/Kh:100|-100:deepstack|strongadaptive_rocks
STATE:727:cc/cr300f:Qs|Ks/Kh:-100|100:strongadaptive_rocks|deepstack
STATE:728:cc/cc:Ks|Kh/Qs:0|0:deepstack|strongadaptive_rocks
STATE:729:cr300f:Ks|Kh:-100|100:strongadaptive_rocks|deepstack
STATE:730:cc/cr300f:Qh|As/Ah:-100|100:deepstack|strongadaptive_rocks
STATE:731:cr300f:Ks|As:-100|100:strongadaptive_rocks|deepstack
STATE:732:cc/cc:Qh|Kh/Qs:100|-100:deepstack|strongadaptive_rocks
STATE:733:cr300f:Kh|As:-100|100:strongadaptive_rocks|deepstack
STATE:734:cc/cc:Qh|Ks/Qs:100|-100:deepstack|strongadaptive_rocks
STATE:735:cr300f:Qs|Ah:-100|100:strongadaptive_rocks|deepstack
STATE:736:cc/cc:Kh|Ah/Qs:-100|100:deepstack|strongadaptive_rocks
STATE:737:cc/cr300f:Ks|Qs/Qh:-100|100:strongadaptive_rocks|deepstack
STATE:738:r1200f:As|Ks:100|-100:deepstack|strongadaptive_rocks
STATE:739:cr300f:Qh|Ah:-100|100:strongadaptive_rocks|deepstack
STATE:740:r1200f:As|Qs:100|-100:deepstack|strongadaptive_rocks
STATE:741:cc/cr300f:Qs|Ks/Ah:-100|100:strongadaptive_rocks|deepstack
STATE:742:r1200f:Ah|Kh:100|-100:deepstack|strongadaptive_rocks
STATE:743:cr300r1200f:As|Qs:300|-300:strongadaptive_rocks|deepstack
STATE:744:cc/r300f:Ah|Qh/As:100|-100:deepstack|strongadaptive_rocks
STATE:745:cr300f:Kh|As:-100|100:strongadaptive_rocks|deepstack
STATE:746:cc/cc:Qs|Ah/Qh:100|-100:deepstack|strongadaptive_rocks
STATE:747:cc/cr300f:Ah|Kh/Ks:-100|100:strongadaptive_rocks|deepstack
STATE:748:cc/cr300f:Qs|Kh/Ks:-100|100:deepstack|strongadaptive_rocks
STATE:749:cc/cr300f:Ah|Qs/Kh:-100|100:strongadaptive_rocks|deepstack
STATE:750:r1200f:As|Qs:100|-100:deepstack|strongadaptive_rocks
STATE:751:cr300f:Ks|Ah:-100|100:strongadaptive_rocks|deepstack
STATE:752:cc/cc:Qh|Ks/Qs:100|-100:deepstack|strongadaptive_rocks
STATE:753:cc/cc:Qh|Qs/Ah:0|0:strongadaptive_rocks|deepstack
STATE:754:r1200c/:As|Ah/Qh:0|0:deepstack|strongadaptive_rocks
STATE:755:cc/cr300f:Ah|Qs/Kh:-100|100:strongadaptive_rocks|deepstack
STATE:756:r1200f:As|Qs:100|-100:deepstack|strongadaptive_rocks
STATE:757:cc/r300f:Ah|Ks/As:100|-100:strongadaptive_rocks|deepstack
STATE:758:r1200f:Ah|Kh:100|-100:deepstack|strongadaptive_rocks
STATE:759:cc/cc:Qs|Kh/As:-100|100:strongadaptive_rocks|deepstack
STATE:760:r300r1200f:Kh|Ah:-300|300:deepstack|strongadaptive_rocks
STATE:761:cc/cc:Ah|As/Qh:0|0:strongadaptive_rocks|deepstack
STATE:762:cc/cr300f:Qh|Ks/Kh:-100|100:deepstack|strongadaptive_rocks
STATE:763:cc/cc:Qs|Ah/Kh:-100|100:strongadaptive_rocks|deepstack
STATE:764:cc/r300f:Kh|Qs/Ks:100|-100:deepstack|strongadaptive_rocks
STATE:765:cr300f:Kh|Ks:-100|100:strongadaptive_rocks|deepstack
STATE:766:cc/cc:Qh|Ks/Ah:-100|100:deepstack|strongadaptive_rocks
STATE:767:cr300f:Kh|As:-100|100:strongadaptive_rocks|deepstack
STATE:768:cc/cc:Kh|Qh/As:100|-100:deepstack|strongadaptive_rocks
STATE:769:cc/cc:Ks|Kh/Qh:0|0:strongadaptive_rocks|deepstack
STATE:770:cc/cc:Ks|Ah/Kh:100|-100:deepstack|strongadaptive_rocks
STATE:771:cc/cc:Qs|Ks/As:-100|100:strongadaptive_rocks|deepstack
STATE:772:cc/r1200f:Qs|Kh/As:100|-100:deepstack|strongadaptive_rocks
STATE:773:cr300f:Kh|As:-100|100:strongadaptive_rocks|deepstack
STATE:774:cc/cc:Qh|Qs/Ks:0|0:deepstack|strongadaptive_rocks
STATE:775:cr300r1200f:As|Kh:300|-300:strongadaptive_rocks|deepstack
STATE:776:cc/cc:Qh|Qs/Ks:0|0:deepstack|strongadaptive_rocks
STATE:777:cr300f:Ks|Ah:-100|100:strongadaptive_rocks|deepstack
STATE:778:cc/cr300f:Kh|Qs/Qh:-100|100:deepstack|strongadaptive_rocks
STATE:779:cr300r1200f:As|Qs:300|-300:strongadaptive_rocks|deepstack
STATE:780:cc/r300r900f:Kh|Ah/As:-300|300:deepstack|strongadaptive_rocks
STATE:781:cr300f:Qs|As:-100|100:strongadaptive_rocks|deepstack
STATE:782:cc/cr300f:Kh|Qh/Qs:-100|100:deepstack|strongadaptive_rocks
STATE:783:cc/r1200f:As|Qh/Ah:100|-100:strongadaptive_rocks|deepstack
STATE:784:cc/cc:Kh|Ah/Qs:-100|100:deepstack|strongadaptive_rocks
STATE:785:cc/cr300f:Ah|Ks/Kh:-100|100:strongadaptive_rocks|deepstack
STATE:786:r1200f:As|Qh:100|-100:deepstack|strongadaptive_rocks
STATE:787:cr300r1200c/:As|Ah/Kh:0|0:strongadaptive_rocks|deepstack
STATE:788:r1200c/:As|Ah/Qh:0|0:deepstack|strongadaptive_rocks
STATE:789:cc/cr300f:As|Qs/Qh:-100|100:strongadaptive_rocks|deepstack
STATE:790:r1200f:As|Ks:100|-100:deepstack|strongadaptive_rocks
STATE:791:cc/cr300f:As|Ks/Kh:-100|100:strongadaptive_rocks|deepstack
STATE:792:cc/cc:Kh|Qs/Ah:100|-100:deepstack|strongadaptive_rocks
STATE:793:cr300f:Ks|As:-100|100:strongadaptive_rocks|deepstack
STATE:794:cc/cc:Ah|As/Ks:0|0:deepstack|strongadaptive_rocks
STATE:795:cc/cc:Ks|Qh/Kh:100|-100:strongadaptive_rocks|deepstack
STATE:796:cc/cc:Qh|Qs/Ks:0|0:deepstack|strongadaptive_rocks
STATE:797:cc/cr300f:Ah|Qh/Kh:-100|100:strongadaptive_rocks|deepstack
STATE:798:cc/cc:Kh|As/Ks:100|-100:deepstack|strongadaptive_rocks
STATE:799:cc/cr300f:As|Kh/Qs:-100|100:strongadaptive_rocks|deepstack
STATE:800:cc/cc:Qh|Ah/Kh:-100|100:deepstack|strongadaptive_rocks
STATE:801:cr300r1200f:Ah|Ks:300|-300:strongadaptive_rocks|deepstack
STATE:802:cc/r300f:Kh|Ah/Ks:100|-100:deepstack|strongadaptive_rocks
STATE:803:cc/cc:Qh|Qs/Ah:0|0:strongadaptive_rocks|deepstack
STATE:804:cc/cc:Ah|Qh/Kh:100|-100:deepstack|strongadaptive_rocks
STATE:805:cc/cr300f:Ah|Kh/Qs:-100|100:strongadaptive_rocks|deepstack
STATE:806:cc/r1200f:As|Qs/Ah:100|-100:deepstack|strongadaptive_rocks
STATE:807:cr300f:Kh|As:-100|100:strongadaptive_rocks|deepstack
STATE:808:cc/cc:Qh|Ks/Ah:-100|100:deepstack|strongadaptive_rocks
STATE:809:cr300f:Ks|Ah:-100|100:strongadaptive_rocks|deepstack
STATE:810:cc/cr300f:Qs|Ks/Kh:-100|100:deepstack|strongadaptive_rocks
STATE:811:cc/cc:Qh|Qs/Kh:0|0:strongadaptive_rocks|deepstack
STATE:812:cc/cc:Ah|Ks/Qs:100|-100:deepstack|strongadaptive_rocks
STATE:813:cc/cc:Ah|Qs/Ks:100|-100:strongadaptive_rocks|deepstack
STATE:814:cc/cc:Qh|Ah/Qs:100|-100:deepstack|strongadaptive_rocks
STATE:815:cc/cc:Qh|Qs/Kh:0|0:strongadaptive_rocks|deepstack
STATE:816:r1200f:As|Qs:100|-100:deepstack|strongadaptive_rocks
STATE:817:cc/cr1200f:Ks|As/Ah:-100|100:strongadaptive_rocks|deepstack
STATE:818:r1200f:As|Qs:100|-100:deepstack|strongadaptive_rocks
STATE:819:cc/cc:Kh|Ks/Ah:0|0:strongadaptive_rocks|deepstack
STATE:820:cc/cc:Kh|As/Ks:100|-100:deepstack|strongadaptive_rocks
STATE:821:cc/cr300f:Kh|Ks/Qh:-100|100:strongadaptive_rocks|deepstack
STATE:822:cc/cc:Ks|Qs/Kh:100|-100:deepstack|strongadaptive_rocks
STATE:823:cc/cc:Qs|Ah/Ks:-100|100:strongadaptive_rocks|deepstack
STATE:824:cc/cc:Qs|As/Kh:-100|100:deepstack|strongadaptive_rocks
STATE:825:cr300f:Qs|Ah:-100|100:strongadaptive_rocks|deepstack
STATE:826:cc/cc:As|Qh/Ks:100|-100:deepstack|strongadaptive_rocks
STATE:827:cc/r300f:Ah|Qh/As:100|-100:strongadaptive_rocks|deepstack
STATE:828:cc/cr300f:Qs|Ks/Kh:-100|100:deepstack|strongadaptive_rocks
STATE:829:cc/cc:As|Qs/Kh:100|-100:strongadaptive_rocks|deepstack
STATE:830:cc/cc:Kh|As/Qs:-100|100:deepstack|strongadaptive_rocks
STATE:831:cc/r1200f:As|Ks/Ah:100|-100:strongadaptive_rocks|deepstack
STATE:832:r1200f:Ah|Qh:100|-100:deepstack|strongadaptive_rocks
STATE:833:cc/cc:Ah|Qh/Kh:100|-100:strongadaptive_rocks|deepstack
STATE:834:cc/cc:Kh|As/Qs:-100|100:deepstack|strongadaptive_rocks
STATE:835:cc/cc:Kh|Ks/As:0|0:strongadaptive_rocks|deepstack
STATE:836:cc/r1200f:Ah|Ks/As:100|-100:deepstack|strongadaptive_rocks
STATE:837:cr300r1200c/:As|Ah/Qs:0|0:strongadaptive_rocks|deepstack
STATE:838:cc/cc:Qh|Kh/Qs:100|-100:deepstack|strongadaptive_rocks
STATE:839:cr300f:Ks|Kh:-100|100:strongadaptive_rocks|deepstack
STATE:840:cc/cc:Qh|Ah/Qs:100|-100:deepstack|strongadaptive_rocks
STATE:841:cc/cc:Qs|Kh/Qh:100|-100:strongadaptive_rocks|deepstack
STATE:842:cc/cc:As|Kh/Qs:100|-100:deepstack|strongadaptive_rocks
STATE:843:cr300f:Qh|Ah:-100|100:strongadaptive_rocks|deepstack
STATE:844:cc/cc:Qs|As/Kh:-100|100:deepstack|strongadaptive_rocks
STATE:845:cc/cr300f:Qs|Qh/Kh:-100|100:strongadaptive_rocks|deepstack
STATE:846:r1200f:As|Ks:100|-100:deepstack|strongadaptive_rocks
STATE:847:cr300r1200f:As|Qs:300|-300:strongadaptive_rocks|deepstack
STATE:848:cc/cr300f:Qs|Ks/Kh:-100|100:deepstack|strongadaptive_rocks
STATE:849:cc/cc:Kh|Ks/Qs:0|0:strongadaptive_rocks|deepstack
STATE:850:cc/cc:Kh|Qs/Ah:100|-100:deepstack|strongadaptive_rocks
STATE:851:cc/cc:Qs|Qh/Kh:0|0:strongadaptive_rocks|deepstack
STATE:852:cc/cc:As|Qh/Ah:100|-100:deepstack|strongadaptive_rocks
STATE:853:cr300f:Qs|Qh:-100|100:strongadaptive_rocks|deepstack
STATE:854:cc/cc:Ah|Kh/Qs:100|-100:deepstack|strongadaptive_rocks
STATE:855:cc/cc:As|Ks/Qh:100|-100:strongadaptive_rocks|deepstack
STATE:856:cc/cc:Qs|As/Ks:-100|100:deepstack|strongadaptive_rocks
STATE:857:cr300f:Qs|Qh:-100|100:strongadaptive_rocks|deepstack
STATE:858:r1200f:As|Qh:100|-100:deepstack|strongadaptive_rocks
STATE:859:cr300r1200c/:Ah|As/Ks:0|0:strongadaptive_rocks|deepstack
STATE:860:cc/cc:Qs|Kh/Qh:100|-100:deepstack|strongadaptive_rocks
STATE:861:cr300f:Qh|Ah:-100|100:strongadaptive_rocks|deepstack
STATE:862:cc/cc:Kh|As/Qs:-100|100:deepstack|strongadaptive_rocks
STATE:863:cc/cr1200f:Qh|As/Ah:-100|100:strongadaptive_rocks|deepstack
STATE:864:cc/r300f:Qh|Qs/Ah:100|-100:deepstack|strongadaptive_rocks
STATE:865:cc/cc:Ks|Kh/As:0|0:strongadaptive_rocks|deepstack
STATE:866:cc/cc:Kh|As/Qh:-100|100:deepstack|strongadaptive_rocks
STATE:867:cr300r1200c/:As|Ah/Kh:0|0:strongadaptive_rocks|deepstack
STATE:868:cc/r300r1200f:Qs|Ks/Kh:-300|300:deepstack|strongadaptive_rocks
STATE:869:cc/cc:Kh|Qs/As:100|-100:strongadaptive_rocks|deepstack
STATE:870:cc/cc:Qh|As/Kh:-100|100:deepstack|strongadaptive_rocks
STATE:871:cr300f:Qs|Ks:-100|100:strongadaptive_rocks|deepstack
STATE:872:cc/cc:Qh|Ah/Ks:-100|100:deepstack|strongadaptive_rocks
STATE:873:cr300f:Ks|As:-100|100:strongadaptive_rocks|deepstack
STATE:874:cc/cc:Ks|Ah/Qs:-100|100:deepstack|strongadaptive_rocks
STATE:875:cc/cr300f:Ks|Qs/Qh:-100|100:strongadaptive_rocks|deepstack
STATE:876:cc/cc:Ks|Kh/Ah:0|0:deepstack|strongadaptive_rocks
STATE:877:cc/cc:Qs|Qh/As:0|0:strongadaptive_rocks|deepstack
STATE:878:cc/cc:Kh|Ks/Qh:0|0:deepstack|strongadaptive_rocks
STATE:879:cc/cr300f:Qh|Ks/Kh:-100|100:strongadaptive_rocks|deepstack
STATE:880:cc/cr300f:Qh|Ah/As:-100|100:deepstack|strongadaptive_rocks
STATE:881:cc/cc:Ks|As/Qs:-100|100:strongadaptive_rocks|deepstack
STATE:882:cc/r300r900c:Kh|Ah/As:-900|900:deepstack|strongadaptive_rocks
STATE:883:cr300f:Qh|Kh:-100|100:strongadaptive_rocks|deepstack
STATE:884:r300c/r900f:Qh|Kh/As:300|-300:deepstack|strongadaptive_rocks
STATE:885:cr300f:Qs|Ah:-100|100:strongadaptive_rocks|deepstack
STATE:886:cc/cr300f:Qs|As/Ah:-100|100:deepstack|strongadaptive_rocks
STATE:887:cr300f:Qh|Qs:-100|100:strongadaptive_rocks|deepstack
STATE:888:cc/cc:Qs|Qh/Ah:0|0:deepstack|strongadaptive_rocks
STATE:889:cc/cc:Qh|Ah/Qs:100|-100:strongadaptive_rocks|deepstack
STATE:890:r300c/r1200f:Ah|Kh/As:300|-300:deepstack|strongadaptive_rocks
STATE:891:cc/cr300f:As|Ks/Qs:-100|100:strongadaptive_rocks|deepstack
STATE:892:cc/cc:Ah|Kh/Qh:100|-100:deepstack|strongadaptive_rocks
STATE:893:cc/cr300f:Ah|Qs/Qh:-100|100:strongadaptive_rocks|deepstack
STATE:894:r1200c/:Ah|As/Qh:0|0:deepstack|strongadaptive_rocks
STATE:895:cc/cr300f:Ah|Kh/Ks:-100|100:strongadaptive_rocks|deepstack
STATE:896:cc/cc:Ks|Ah/Qh:-100|100:deepstack|strongadaptive_rocks
STATE:897:cr300f:Qh|Ah:-100|100:strongadaptive_rocks|deepstack
STATE:898:cc/cc:Ks|Qh/As:100|-100:deepstack|strongadaptive_rocks
STATE:899:cc/cc:Kh|Qh/Ks:100|-100:strongadaptive_rocks|deepstack
STATE:900:cc/cr300f:Qs|Ks/Kh:-100|100:deepstack|strongadaptive_rocks
STATE:901:cc/cc:Ks|Qs/As:100|-100:strongadaptive_rocks|deepstack
STATE:902:cc/r1200f:Qs|Ks/Ah:100|-100:deepstack|strongadaptive_rocks
STATE:903:cc/cr300f:Ah|Qh/Qs:-100|100:strongadaptive_rocks|deepstack
STATE:904:cc/r300f:Ks|Qs/As:100|-100:deepstack|strongadaptive_rocks
STATE:905:cc/r300f:Ah|Qh/As:100|-100:strongadaptive_rocks|deepstack
STATE:906:cc/cr300f:Qh|Ah/As:-100|100:deepstack|strongadaptive_rocks
STATE:907:cc/cc:Qh|As/Ks:-100|100:strongadaptive_rocks|deepstack
STATE:908:cc/r300r900r1200c:Kh|Ah/As:-1200|1200:deepstack|strongadaptive_rocks
STATE:909:cr300f:Qs|Qh:-100|100:strongadaptive_rocks|deepstack
STATE:910:cc/cc:Qh|Ah/Qs:100|-100:deepstack|strongadaptive_rocks
STATE:911:cr300f:Qh|Kh:-100|100:strongadaptive_rocks|deepstack
STATE:912:cc/cc:Kh|Ah/Qs:-100|100:deepstack|strongadaptive_rocks
STATE:913:cc/cc:Ks|Qh/Ah:100|-100:strongadaptive_rocks|deepstack
STATE:914:cc/cc:Qs|Ah/Qh:100|-100:deepstack|strongadaptive_rocks
STATE:915:cr300f:Qs|As:-100|100:strongadaptive_rocks|deepstack
STATE:916:cc/cc:Ks|Qs/Kh:100|-100:deepstack|strongadaptive_rocks
STATE:917:cc/cr300c:Ks|Ah/As:-300|300:strongadaptive_rocks|deepstack
STATE:918:cc/cc:Ah|As/Ks:0|0:deepstack|strongadaptive_rocks
STATE:919:cc/r1200f:As|Ks/Ah:100|-100:strongadaptive_rocks|deepstack
STATE:920:cc/cc:Qh|Ah/Kh:-100|100:deepstack|strongadaptive_rocks
STATE:921:cr300f:Qs|As:-100|100:strongadaptive_rocks|deepstack
STATE:922:cc/cr300c:Ks|As/Ah:-300|300:deepstack|strongadaptive_rocks
STATE:923:cc/cr300f:Ah|Qh/Qs:-100|100:strongadaptive_rocks|deepstack
STATE:924:r1200f:As|Kh:100|-100:deepstack|strongadaptive_rocks
STATE:925:cc/cr300f:Ah|Qs/Kh:-100|100:strongadaptive_rocks|deepstack
STATE:926:cc/cc:Ks|Ah/Qh:-100|100:deepstack|strongadaptive_rocks
STATE:927:cc/cc:Ks|Kh/Qs:0|0:strongadaptive_rocks|deepstack
STATE:928:cc/cc:Qs|Kh/As:-100|100:deepstack|strongadaptive_rocks
STATE:929:cc/cc:Qh|Ks/As:-100|100:strongadaptive_rocks|deepstack
STATE:930:cc/cc:Ks|As/Qh:-100|100:deepstack|strongadaptive_rocks
STATE:931:cc/cc:Ks|Qh/Ah:100|-100:strongadaptive_rocks|deepstack
STATE:932:cc/cr300f:Qh|As/Ah:-100|100:deepstack|strongadaptive_rocks
STATE:933:cr300f:Ks|Ah:-100|100:strongadaptive_rocks|deepstack
STATE:934:cc/r300r900f:Ks|Ah/As:-300|300:deepstack|strongadaptive_rocks
STATE:935:cc/cc:As|Qh/Ks:100|-100:strongadaptive_rocks|deepstack
STATE:936:cc/cc:Qs|As/Qh:100|-100:deepstack|strongadaptive_rocks
STATE:937:cc/cc:Qh|Qs/Ah:0|0:strongadaptive_rocks|deepstack
STATE:938:cc/cc:Ks|As/Qs:-100|100:deepstack|strongadaptive_rocks
STATE:939:cr300f:Ks|Ah:-100|100:strongadaptive_rocks|deepstack
STATE:940:cc/cc:Kh|Qh/Ks:100|-100:deepstack|strongadaptive_rocks
STATE:941:cr300r1200f:Ah|Qs:300|-300:strongadaptive_rocks|deepstack
STATE:942:cc/cc:Qh|As/Qs:100|-100:deepstack|strongadaptive_rocks
STATE:943:cc/cc:Qh|Qs/Ah:0|0:strongadaptive_rocks|deepstack
STATE:944:r1200f:As|Qs:100|-100:deepstack|strongadaptive_rocks
STATE:945:cr300f:Ks|As:-100|100:strongadaptive_rocks|deepstack
STATE:946:cc/cc:Ks|Qs/Ah:100|-100:deepstack|strongadaptive_rocks
STATE:947:cc/cc:Qs|Qh/Ah:0|0:strongadaptive_rocks|deepstack
STATE:948:cc/cc:Kh|Ks/Ah:0|0:deepstack|strongadaptive_rocks
STATE:949:cc/cc:Ah|Kh/Qh:100|-100:strongadaptive_rocks|deepstack
STATE:950:r1200f:As|Qh:100|-100:deepstack|strongadaptive_rocks
STATE:951:cr300f:Kh|Ah:-100|100:strongadaptive_rocks|deepstack
STATE:952:cc/cc:Qs|Ks/Ah:-100|100:deepstack|strongadaptive_rocks
STATE:953:cc/cr1200f:Kh|Qs/Qh:-100|100:strongadaptive_rocks|deepstack
STATE:954:cc/cr300f:Qs|As/Ah:-100|100:deepstack|strongadaptive_rocks
STATE:955:cc/r300f:Ah|Kh/As:100|-100:strongadaptive_rocks|deepstack
STATE:956:cc/cc:Qs|As/Ks:-100|100:deepstack|strongadaptive_rocks
STATE:957:cc/r300c:Ah|Kh/As:300|-300:strongadaptive_rocks|deepstack
STATE:958:cc/cr300c:As|Qh/Qs:-300|300:deepstack|strongadaptive_rocks
STATE:959:cr300f:Qh|Ks:-100|100:strongadaptive_rocks|deepstack
STATE:960:cc/cr300f:Ks|Qh/Qs:-100|100:deepstack|strongadaptive_rocks
STATE:961:cc/r1200f:As|Qh/Ah:100|-100:strongadaptive_rocks|deepstack
STATE:962:cc/r300f:Kh|As/Qh:100|-100:deepstack|strongadaptive_rocks
STATE:963:cr300r1200f:As|Qh:300|-300:strongadaptive_rocks|deepstack
STATE:964:cc/cc:Qh|As/Qs:100|-100:deepstack|strongadaptive_rocks
STATE:965:cc/cc:Qs|Ks/As:-100|100:strongadaptive_rocks|deepstack
STATE:966:cc/cc:Qh|Kh/Ah:-100|100:deepstack|strongadaptive_rocks
STATE:967:cc/cc:As|Ks/Qs:100|-100:strongadaptive_rocks|deepstack
STATE:968:cc/cc:Ks|Kh/Ah:0|0:deepstack|strongadaptive_rocks
STATE:969:cr300f:Ks|As:-100|100:strongadaptive_rocks|deepstack
STATE:970:cc/cc:Qh|As/Qs:100|-100:deepstack|strongadaptive_rocks
STATE:971:cc/cr300f:Qs|Kh/Ks:-100|100:strongadaptive_rocks|deepstack
STATE:972:cc/cc:Qs|Ks/Qh:100|-100:deepstack|strongadaptive_rocks
STATE:973:cc/cc:As|Qs/Ks:100|-100:strongadaptive_rocks|deepstack
STATE:974:r1200f:As|Kh:100|-100:deepstack|strongadaptive_rocks
STATE:975:cr300r1200f:Ah|Qs:300|-300:strongadaptive_rocks|deepstack
STATE:976:cc/cr300f:Qs|Kh/Ks:-100|100:deepstack|strongadaptive_rocks
STATE:977:cc/cr300f:As|Kh/Qs:-100|100:strongadaptive_rocks|deepstack
STATE:978:cc/cc:Kh|Ks/Qh:0|0:deepstack|strongadaptive_rocks
STATE:979:cc/cc:Ks|Qs/As:100|-100:strongadaptive_rocks|deepstack
STATE:980:cc/cc:Qh|Ks/Qs:100|-100:deepstack|strongadaptive_rocks
STATE:981:cr300f:Qs|As:-100|100:strongadaptive_rocks|deepstack
STATE:982:cc/r300f:Kh|Qs/As:100|-100:deepstack|strongadaptive_rocks
STATE:983:cr300f:Ks|Qh:-100|100:strongadaptive_rocks|deepstack
STATE:984:cc/cc:Ks|Kh/Qs:0|0:deepstack|strongadaptive_rocks
STATE:985:cc/cc:As|Ah/Qh:0|0:strongadaptive_rocks|deepstack
STATE:986:cc/cc:Ks|Ah/Qh:-100|100:deepstack|strongadaptive_rocks
STATE:987:cc/cc:Qh|Qs/Ks:0|0:strongadaptive_rocks|deepstack
STATE:988:cc/cc:Ks|Ah/Qs:-100|100:deepstack|strongadaptive_rocks
STATE:989:cc/cr300f:As|Qh/Qs:-100|100:strongadaptive_rocks|deepstack
STATE:990:cc/cc:Qh|As/Qs:100|-100:deepstack|strongadaptive_rocks
STATE:991:cc/cc:Qs|Qh/Kh:0|0:strongadaptive_rocks|deepstack
STATE:992:cc/cc:Qs|Qh/Ks:0|0:deepstack|strongadaptive_rocks
STATE:993:cr300f:Qs|Ah:-100|100:strongadaptive_rocks|deepstack
STATE:994:cc/cr300f:Qs|Ah/As:-100|100:deepstack|strongadaptive_rocks
STATE:995:cc/cr300f:Ks|Kh/Qs:-100|100:strongadaptive_rocks|deepstack
STATE:996:cc/cc:Qs|Qh/As:0|0:deepstack|strongadaptive_rocks
STATE:997:cc/cc:Ks|Qh/Kh:100|-100:strongadaptive_rocks|deepstack
STATE:998:cc/cc:Qs|Ah/Kh:-100|100:deepstack|strongadaptive_rocks
STATE:999:cc/cc:Ks|Qh/Ah:100|-100:strongadaptive_rocks|deepstack
SCORE:3700|-3700:deepstack|strongadaptive_rocks
